[2024-08-22T17:07:45.113+0000] {taskinstance.py:1083} INFO - Dependencies all met for <TaskInstance: sarima_forecast_dag.run_sarima_forecast manual__2024-08-22T17:07:20.331576+00:00 [queued]>
[2024-08-22T17:07:45.120+0000] {taskinstance.py:1083} INFO - Dependencies all met for <TaskInstance: sarima_forecast_dag.run_sarima_forecast manual__2024-08-22T17:07:20.331576+00:00 [queued]>
[2024-08-22T17:07:45.121+0000] {taskinstance.py:1279} INFO - 
--------------------------------------------------------------------------------
[2024-08-22T17:07:45.121+0000] {taskinstance.py:1280} INFO - Starting attempt 1 of 1
[2024-08-22T17:07:45.121+0000] {taskinstance.py:1281} INFO - 
--------------------------------------------------------------------------------
[2024-08-22T17:07:45.131+0000] {taskinstance.py:1300} INFO - Executing <Task(PythonOperator): run_sarima_forecast> on 2024-08-22 17:07:20.331576+00:00
[2024-08-22T17:07:45.136+0000] {standard_task_runner.py:55} INFO - Started process 531 to run task
[2024-08-22T17:07:45.138+0000] {standard_task_runner.py:82} INFO - Running: ['***', 'tasks', 'run', 'sarima_forecast_dag', 'run_sarima_forecast', 'manual__2024-08-22T17:07:20.331576+00:00', '--job-id', '11082', '--raw', '--subdir', 'DAGS_FOLDER/dag_forecast_ts_rainfall.py', '--cfg-path', '/tmp/tmpwjw_98oh']
[2024-08-22T17:07:45.139+0000] {standard_task_runner.py:83} INFO - Job 11082: Subtask run_sarima_forecast
[2024-08-22T17:07:45.183+0000] {task_command.py:388} INFO - Running <TaskInstance: sarima_forecast_dag.run_sarima_forecast manual__2024-08-22T17:07:20.331576+00:00 [running]> on host 6b05fb056582
[2024-08-22T17:07:45.240+0000] {taskinstance.py:1509} INFO - Exporting the following env vars:
AIRFLOW_CTX_DAG_OWNER=***
AIRFLOW_CTX_DAG_ID=sarima_forecast_dag
AIRFLOW_CTX_TASK_ID=run_sarima_forecast
AIRFLOW_CTX_EXECUTION_DATE=2024-08-22T17:07:20.331576+00:00
AIRFLOW_CTX_TRY_NUMBER=1
AIRFLOW_CTX_DAG_RUN_ID=manual__2024-08-22T17:07:20.331576+00:00
[2024-08-22T17:07:45.470+0000] {warnings.py:110} WARNING - /home/***/.local/lib/python3.7/site-packages/statsmodels/tsa/statespace/sarimax.py:868: UserWarning: Too few observations to estimate starting parameters for seasonal ARMA. All parameters except for variances will be set to zeros.
  ' zeros.' % warning_description)

[2024-08-22T17:07:45.519+0000] {python.py:177} INFO - Done. Returned value was: None
[2024-08-22T17:07:45.535+0000] {taskinstance.py:1323} INFO - Marking task as SUCCESS. dag_id=sarima_forecast_dag, task_id=run_sarima_forecast, execution_date=20240822T170720, start_date=20240822T170745, end_date=20240822T170745
[2024-08-22T17:07:45.590+0000] {local_task_job.py:208} INFO - Task exited with return code 0
[2024-08-22T17:07:45.606+0000] {taskinstance.py:2578} INFO - 0 downstream tasks scheduled from follow-on schedule check
