[2024-06-26T14:22:30.723+0000] {taskinstance.py:1083} INFO - Dependencies all met for <TaskInstance: segunda_dag.tsk1 manual__2024-06-26T14:22:29.820453+00:00 [queued]>
[2024-06-26T14:22:30.733+0000] {taskinstance.py:1083} INFO - Dependencies all met for <TaskInstance: segunda_dag.tsk1 manual__2024-06-26T14:22:29.820453+00:00 [queued]>
[2024-06-26T14:22:30.733+0000] {taskinstance.py:1279} INFO - 
--------------------------------------------------------------------------------
[2024-06-26T14:22:30.733+0000] {taskinstance.py:1280} INFO - Starting attempt 1 of 1
[2024-06-26T14:22:30.733+0000] {taskinstance.py:1281} INFO - 
--------------------------------------------------------------------------------
[2024-06-26T14:22:30.744+0000] {taskinstance.py:1300} INFO - Executing <Task(BashOperator): tsk1> on 2024-06-26 14:22:29.820453+00:00
[2024-06-26T14:22:30.749+0000] {standard_task_runner.py:55} INFO - Started process 161 to run task
[2024-06-26T14:22:30.751+0000] {standard_task_runner.py:82} INFO - Running: ['***', 'tasks', 'run', 'segunda_dag', 'tsk1', 'manual__2024-06-26T14:22:29.820453+00:00', '--job-id', '49', '--raw', '--subdir', 'DAGS_FOLDER/segundadag.py', '--cfg-path', '/tmp/tmp4sue703j']
[2024-06-26T14:22:30.751+0000] {standard_task_runner.py:83} INFO - Job 49: Subtask tsk1
[2024-06-26T14:22:30.793+0000] {task_command.py:388} INFO - Running <TaskInstance: segunda_dag.tsk1 manual__2024-06-26T14:22:29.820453+00:00 [running]> on host 333e6313459a
[2024-06-26T14:22:30.846+0000] {taskinstance.py:1509} INFO - Exporting the following env vars:
AIRFLOW_CTX_DAG_OWNER=***
AIRFLOW_CTX_DAG_ID=segunda_dag
AIRFLOW_CTX_TASK_ID=tsk1
AIRFLOW_CTX_EXECUTION_DATE=2024-06-26T14:22:29.820453+00:00
AIRFLOW_CTX_TRY_NUMBER=1
AIRFLOW_CTX_DAG_RUN_ID=manual__2024-06-26T14:22:29.820453+00:00
[2024-06-26T14:22:30.847+0000] {subprocess.py:63} INFO - Tmp dir root location: 
 /tmp
[2024-06-26T14:22:30.847+0000] {subprocess.py:75} INFO - Running command: ['/bin/bash', '-c', 'sleep 5']
[2024-06-26T14:22:30.857+0000] {subprocess.py:86} INFO - Output:
[2024-06-26T14:22:35.859+0000] {subprocess.py:97} INFO - Command exited with return code 0
[2024-06-26T14:22:35.939+0000] {taskinstance.py:1323} INFO - Marking task as SUCCESS. dag_id=segunda_dag, task_id=tsk1, execution_date=20240626T142229, start_date=20240626T142230, end_date=20240626T142235
[2024-06-26T14:22:35.972+0000] {local_task_job.py:208} INFO - Task exited with return code 0
[2024-06-26T14:22:35.988+0000] {taskinstance.py:2578} INFO - 1 downstream tasks scheduled from follow-on schedule check
