[2024-07-10T15:23:09.595+0000] {taskinstance.py:1083} INFO - Dependencies all met for <TaskInstance: windturbine.group_check_tempo.check_temp_branc manual__2024-07-10T15:22:55.520756+00:00 [queued]>
[2024-07-10T15:23:09.605+0000] {taskinstance.py:1083} INFO - Dependencies all met for <TaskInstance: windturbine.group_check_tempo.check_temp_branc manual__2024-07-10T15:22:55.520756+00:00 [queued]>
[2024-07-10T15:23:09.605+0000] {taskinstance.py:1279} INFO - 
--------------------------------------------------------------------------------
[2024-07-10T15:23:09.605+0000] {taskinstance.py:1280} INFO - Starting attempt 2 of 2
[2024-07-10T15:23:09.605+0000] {taskinstance.py:1281} INFO - 
--------------------------------------------------------------------------------
[2024-07-10T15:23:09.616+0000] {taskinstance.py:1300} INFO - Executing <Task(BranchPythonOperator): group_check_tempo.check_temp_branc> on 2024-07-10 15:22:55.520756+00:00
[2024-07-10T15:23:09.622+0000] {standard_task_runner.py:55} INFO - Started process 1691 to run task
[2024-07-10T15:23:09.624+0000] {standard_task_runner.py:82} INFO - Running: ['***', 'tasks', 'run', 'windturbine', 'group_check_tempo.check_temp_branc', 'manual__2024-07-10T15:22:55.520756+00:00', '--job-id', '818', '--raw', '--subdir', 'DAGS_FOLDER/windturbine.py', '--cfg-path', '/tmp/tmpd6tffu2o']
[2024-07-10T15:23:09.625+0000] {standard_task_runner.py:83} INFO - Job 818: Subtask group_check_tempo.check_temp_branc
[2024-07-10T15:23:09.668+0000] {task_command.py:388} INFO - Running <TaskInstance: windturbine.group_check_tempo.check_temp_branc manual__2024-07-10T15:22:55.520756+00:00 [running]> on host 2051c12a5a3c
[2024-07-10T15:23:09.723+0000] {taskinstance.py:1509} INFO - Exporting the following env vars:
AIRFLOW_CTX_DAG_EMAIL=testeskleuber@gmail.com
AIRFLOW_CTX_DAG_OWNER=***
AIRFLOW_CTX_DAG_ID=windturbine
AIRFLOW_CTX_TASK_ID=group_check_tempo.check_temp_branc
AIRFLOW_CTX_EXECUTION_DATE=2024-07-10T15:22:55.520756+00:00
AIRFLOW_CTX_TRY_NUMBER=2
AIRFLOW_CTX_DAG_RUN_ID=manual__2024-07-10T15:22:55.520756+00:00
[2024-07-10T15:23:09.731+0000] {python.py:177} INFO - Done. Returned value was: group_check_temp.send_email_normal
[2024-07-10T15:23:09.732+0000] {python.py:211} INFO - Branch callable return group_check_temp.send_email_normal
[2024-07-10T15:23:09.732+0000] {skipmixin.py:155} INFO - Following branch group_check_temp.send_email_normal
[2024-07-10T15:23:09.739+0000] {taskinstance.py:1768} ERROR - Task failed with exception
Traceback (most recent call last):
  File "/home/airflow/.local/lib/python3.7/site-packages/airflow/operators/python.py", line 212, in execute
    self.skip_all_except(context["ti"], branch)
  File "/home/airflow/.local/lib/python3.7/site-packages/airflow/models/skipmixin.py", line 186, in skip_all_except
    "'branch_task_ids' must contain only valid task_ids. "
airflow.exceptions.AirflowException: 'branch_task_ids' must contain only valid task_ids. Invalid tasks found: {'group_check_temp.send_email_normal'}.
[2024-07-10T15:23:09.742+0000] {taskinstance.py:1323} INFO - Marking task as FAILED. dag_id=windturbine, task_id=group_check_tempo.check_temp_branc, execution_date=20240710T152255, start_date=20240710T152309, end_date=20240710T152309
[2024-07-10T15:23:09.754+0000] {warnings.py:110} WARNING - /home/***/.local/lib/python3.7/site-packages/***/utils/email.py:152: RemovedInAirflow3Warning: Fetching SMTP credentials from configuration variables will be deprecated in a future release. Please set credentials using a connection instead.
  send_mime_email(e_from=mail_from, e_to=recipients, mime_msg=msg, conn_id=conn_id, dryrun=dryrun)

[2024-07-10T15:23:09.754+0000] {email.py:268} INFO - Email alerting: attempt 1
[2024-07-10T15:23:11.881+0000] {email.py:280} INFO - Sent an alert email to ['testeskleuber@gmail.com']
[2024-07-10T15:23:14.092+0000] {standard_task_runner.py:105} ERROR - Failed to execute job 818 for task group_check_tempo.check_temp_branc ('branch_task_ids' must contain only valid task_ids. Invalid tasks found: {'group_check_temp.send_email_normal'}.; 1691)
[2024-07-10T15:23:14.127+0000] {local_task_job.py:208} INFO - Task exited with return code 1
[2024-07-10T15:23:14.164+0000] {taskinstance.py:2578} INFO - 0 downstream tasks scheduled from follow-on schedule check
