[2024-09-03T14:52:28.451+0000] {taskinstance.py:1083} INFO - Dependencies all met for <TaskInstance: dag_inmet.download_data manual__2024-09-03T14:51:38.303983+00:00 [queued]>
[2024-09-03T14:52:28.459+0000] {taskinstance.py:1083} INFO - Dependencies all met for <TaskInstance: dag_inmet.download_data manual__2024-09-03T14:51:38.303983+00:00 [queued]>
[2024-09-03T14:52:28.459+0000] {taskinstance.py:1279} INFO - 
--------------------------------------------------------------------------------
[2024-09-03T14:52:28.459+0000] {taskinstance.py:1280} INFO - Starting attempt 1 of 1
[2024-09-03T14:52:28.459+0000] {taskinstance.py:1281} INFO - 
--------------------------------------------------------------------------------
[2024-09-03T14:52:28.471+0000] {taskinstance.py:1300} INFO - Executing <Task(PythonOperator): download_data> on 2024-09-03 14:51:38.303983+00:00
[2024-09-03T14:52:28.479+0000] {standard_task_runner.py:55} INFO - Started process 383 to run task
[2024-09-03T14:52:28.481+0000] {standard_task_runner.py:82} INFO - Running: ['***', 'tasks', 'run', 'dag_inmet', 'download_data', 'manual__2024-09-03T14:51:38.303983+00:00', '--job-id', '14104', '--raw', '--subdir', 'DAGS_FOLDER/dag_inmet.py', '--cfg-path', '/tmp/tmppxy174lt']
[2024-09-03T14:52:28.482+0000] {standard_task_runner.py:83} INFO - Job 14104: Subtask download_data
[2024-09-03T14:52:28.524+0000] {task_command.py:388} INFO - Running <TaskInstance: dag_inmet.download_data manual__2024-09-03T14:51:38.303983+00:00 [running]> on host 681665a98081
[2024-09-03T14:52:28.577+0000] {taskinstance.py:1509} INFO - Exporting the following env vars:
AIRFLOW_CTX_DAG_OWNER=***
AIRFLOW_CTX_DAG_ID=dag_inmet
AIRFLOW_CTX_TASK_ID=download_data
AIRFLOW_CTX_EXECUTION_DATE=2024-09-03T14:51:38.303983+00:00
AIRFLOW_CTX_TRY_NUMBER=1
AIRFLOW_CTX_DAG_RUN_ID=manual__2024-09-03T14:51:38.303983+00:00
[2024-09-03T14:52:29.765+0000] {logging_mixin.py:137} INFO - Tempo de execução de download_data: 1.1877 segundos
[2024-09-03T14:52:40.351+0000] {logging_mixin.py:137} INFO - Arquivo salvo como /opt/***/data/bronze/inmet/2024.zip
[2024-09-03T14:52:40.354+0000] {logging_mixin.py:137} INFO - Tempo de execução de download_and_save_file: 10.5882 segundos
[2024-09-03T14:52:40.370+0000] {python.py:177} INFO - Done. Returned value was: /opt/***/data/bronze/inmet/2024.zip
[2024-09-03T14:52:40.384+0000] {taskinstance.py:1323} INFO - Marking task as SUCCESS. dag_id=dag_inmet, task_id=download_data, execution_date=20240903T145138, start_date=20240903T145228, end_date=20240903T145240
[2024-09-03T14:52:40.425+0000] {local_task_job.py:208} INFO - Task exited with return code 0
[2024-09-03T14:52:40.448+0000] {taskinstance.py:2578} INFO - 1 downstream tasks scheduled from follow-on schedule check
