[2024-08-11T20:48:43.333+0000] {taskinstance.py:1083} INFO - Dependencies all met for <TaskInstance: dag_inmet.download_data manual__2024-08-11T20:48:02.834159+00:00 [queued]>
[2024-08-11T20:48:43.341+0000] {taskinstance.py:1083} INFO - Dependencies all met for <TaskInstance: dag_inmet.download_data manual__2024-08-11T20:48:02.834159+00:00 [queued]>
[2024-08-11T20:48:43.341+0000] {taskinstance.py:1279} INFO - 
--------------------------------------------------------------------------------
[2024-08-11T20:48:43.341+0000] {taskinstance.py:1280} INFO - Starting attempt 1 of 1
[2024-08-11T20:48:43.341+0000] {taskinstance.py:1281} INFO - 
--------------------------------------------------------------------------------
[2024-08-11T20:48:43.351+0000] {taskinstance.py:1300} INFO - Executing <Task(PythonOperator): download_data> on 2024-08-11 20:48:02.834159+00:00
[2024-08-11T20:48:43.358+0000] {standard_task_runner.py:55} INFO - Started process 186494 to run task
[2024-08-11T20:48:43.359+0000] {standard_task_runner.py:82} INFO - Running: ['***', 'tasks', 'run', 'dag_inmet', 'download_data', 'manual__2024-08-11T20:48:02.834159+00:00', '--job-id', '7071', '--raw', '--subdir', 'DAGS_FOLDER/dag_inmet.py', '--cfg-path', '/tmp/tmpkdq407mw']
[2024-08-11T20:48:43.361+0000] {standard_task_runner.py:83} INFO - Job 7071: Subtask download_data
[2024-08-11T20:48:43.401+0000] {task_command.py:388} INFO - Running <TaskInstance: dag_inmet.download_data manual__2024-08-11T20:48:02.834159+00:00 [running]> on host 4d826fde42d2
[2024-08-11T20:48:43.451+0000] {taskinstance.py:1509} INFO - Exporting the following env vars:
AIRFLOW_CTX_DAG_OWNER=***
AIRFLOW_CTX_DAG_ID=dag_inmet
AIRFLOW_CTX_TASK_ID=download_data
AIRFLOW_CTX_EXECUTION_DATE=2024-08-11T20:48:02.834159+00:00
AIRFLOW_CTX_TRY_NUMBER=1
AIRFLOW_CTX_DAG_RUN_ID=manual__2024-08-11T20:48:02.834159+00:00
[2024-08-11T20:48:44.634+0000] {logging_mixin.py:137} INFO - Tempo de execução de download_data: 1.1826 segundos
[2024-08-11T20:49:00.074+0000] {logging_mixin.py:137} INFO - Arquivo salvo como /opt/***/data/bronze/2020.zip
[2024-08-11T20:49:00.079+0000] {logging_mixin.py:137} INFO - Tempo de execução de download_and_save_file: 15.4447 segundos
[2024-08-11T20:49:00.101+0000] {python.py:177} INFO - Done. Returned value was: /opt/***/data/bronze/2020.zip
[2024-08-11T20:49:00.114+0000] {taskinstance.py:1323} INFO - Marking task as SUCCESS. dag_id=dag_inmet, task_id=download_data, execution_date=20240811T204802, start_date=20240811T204843, end_date=20240811T204900
[2024-08-11T20:49:00.140+0000] {local_task_job.py:208} INFO - Task exited with return code 0
[2024-08-11T20:49:00.159+0000] {taskinstance.py:2578} INFO - 1 downstream tasks scheduled from follow-on schedule check
