[2024-08-21T16:37:33.083+0000] {taskinstance.py:1083} INFO - Dependencies all met for <TaskInstance: dag_gold_ts.process_gold_ts manual__2024-08-21T16:36:57.109729+00:00 [queued]>
[2024-08-21T16:37:33.090+0000] {taskinstance.py:1083} INFO - Dependencies all met for <TaskInstance: dag_gold_ts.process_gold_ts manual__2024-08-21T16:36:57.109729+00:00 [queued]>
[2024-08-21T16:37:33.090+0000] {taskinstance.py:1279} INFO - 
--------------------------------------------------------------------------------
[2024-08-21T16:37:33.090+0000] {taskinstance.py:1280} INFO - Starting attempt 1 of 1
[2024-08-21T16:37:33.090+0000] {taskinstance.py:1281} INFO - 
--------------------------------------------------------------------------------
[2024-08-21T16:37:33.114+0000] {taskinstance.py:1300} INFO - Executing <Task(PythonOperator): process_gold_ts> on 2024-08-21 16:36:57.109729+00:00
[2024-08-21T16:37:33.119+0000] {standard_task_runner.py:55} INFO - Started process 1211 to run task
[2024-08-21T16:37:33.121+0000] {standard_task_runner.py:82} INFO - Running: ['***', 'tasks', 'run', 'dag_gold_ts', 'process_gold_ts', 'manual__2024-08-21T16:36:57.109729+00:00', '--job-id', '9957', '--raw', '--subdir', 'DAGS_FOLDER/dag_ts_inmet.py', '--cfg-path', '/tmp/tmpi2144lqk']
[2024-08-21T16:37:33.123+0000] {standard_task_runner.py:83} INFO - Job 9957: Subtask process_gold_ts
[2024-08-21T16:37:33.161+0000] {task_command.py:388} INFO - Running <TaskInstance: dag_gold_ts.process_gold_ts manual__2024-08-21T16:36:57.109729+00:00 [running]> on host c39bb15bd38c
[2024-08-21T16:37:33.210+0000] {taskinstance.py:1509} INFO - Exporting the following env vars:
AIRFLOW_CTX_DAG_OWNER=***
AIRFLOW_CTX_DAG_ID=dag_gold_ts
AIRFLOW_CTX_TASK_ID=process_gold_ts
AIRFLOW_CTX_EXECUTION_DATE=2024-08-21T16:36:57.109729+00:00
AIRFLOW_CTX_TRY_NUMBER=1
AIRFLOW_CTX_DAG_RUN_ID=manual__2024-08-21T16:36:57.109729+00:00
[2024-08-21T16:37:35.843+0000] {warnings.py:110} WARNING - /home/***/.local/lib/python3.7/site-packages/pyspark/context.py:317: FutureWarning: Python 3.7 support is deprecated in Spark 3.4.
  warnings.warn("Python 3.7 support is deprecated in Spark 3.4.", FutureWarning)

[2024-08-21T16:37:41.049+0000] {taskinstance.py:1768} ERROR - Task failed with exception
Traceback (most recent call last):
  File "/home/airflow/.local/lib/python3.7/site-packages/airflow/operators/python.py", line 175, in execute
    return_value = self.execute_callable()
  File "/home/airflow/.local/lib/python3.7/site-packages/airflow/operators/python.py", line 192, in execute_callable
    return self.python_callable(*self.op_args, **self.op_kwargs)
  File "/opt/airflow/dags/dag_ts_inmet.py", line 44, in run_gold_ts
    gold_ts.ts_gold(spark)
  File "/opt/airflow/plugins/gold_ts_plugin.py", line 12, in wrapper
    resultado = metodo(*args, **kwargs)
  File "/opt/airflow/plugins/gold_ts_plugin.py", line 73, in ts_gold
    pdf.set_index('DATA', inplace=True)
  File "/home/airflow/.local/lib/python3.7/site-packages/pandas/util/_decorators.py", line 311, in wrapper
    return func(*args, **kwargs)
  File "/home/airflow/.local/lib/python3.7/site-packages/pandas/core/frame.py", line 5451, in set_index
    raise KeyError(f"None of {missing} are in the columns")
KeyError: "None of ['DATA'] are in the columns"
[2024-08-21T16:37:41.057+0000] {taskinstance.py:1323} INFO - Marking task as FAILED. dag_id=dag_gold_ts, task_id=process_gold_ts, execution_date=20240821T163657, start_date=20240821T163733, end_date=20240821T163741
[2024-08-21T16:37:41.078+0000] {standard_task_runner.py:105} ERROR - Failed to execute job 9957 for task process_gold_ts ("None of ['DATA'] are in the columns"; 1211)
[2024-08-21T16:37:41.113+0000] {local_task_job.py:208} INFO - Task exited with return code 1
[2024-08-21T16:37:41.126+0000] {taskinstance.py:2578} INFO - 0 downstream tasks scheduled from follow-on schedule check
