[2024-07-23T13:01:16.469+0000] {taskinstance.py:1083} INFO - Dependencies all met for <TaskInstance: dag_inmet.download_data manual__2024-07-23T13:01:12.174268+00:00 [queued]>
[2024-07-23T13:01:16.478+0000] {taskinstance.py:1083} INFO - Dependencies all met for <TaskInstance: dag_inmet.download_data manual__2024-07-23T13:01:12.174268+00:00 [queued]>
[2024-07-23T13:01:16.478+0000] {taskinstance.py:1279} INFO - 
--------------------------------------------------------------------------------
[2024-07-23T13:01:16.478+0000] {taskinstance.py:1280} INFO - Starting attempt 1 of 2
[2024-07-23T13:01:16.478+0000] {taskinstance.py:1281} INFO - 
--------------------------------------------------------------------------------
[2024-07-23T13:01:16.491+0000] {taskinstance.py:1300} INFO - Executing <Task(PythonOperator): download_data> on 2024-07-23 13:01:12.174268+00:00
[2024-07-23T13:01:16.497+0000] {standard_task_runner.py:55} INFO - Started process 152 to run task
[2024-07-23T13:01:16.499+0000] {standard_task_runner.py:82} INFO - Running: ['***', 'tasks', 'run', 'dag_inmet', 'download_data', 'manual__2024-07-23T13:01:12.174268+00:00', '--job-id', '678', '--raw', '--subdir', 'DAGS_FOLDER/dag_inmet.py', '--cfg-path', '/tmp/tmps8bp1u2r']
[2024-07-23T13:01:16.500+0000] {standard_task_runner.py:83} INFO - Job 678: Subtask download_data
[2024-07-23T13:01:16.547+0000] {task_command.py:388} INFO - Running <TaskInstance: dag_inmet.download_data manual__2024-07-23T13:01:12.174268+00:00 [running]> on host 5e3042c0575c
[2024-07-23T13:01:16.627+0000] {taskinstance.py:1509} INFO - Exporting the following env vars:
AIRFLOW_CTX_DAG_OWNER=***
AIRFLOW_CTX_DAG_ID=dag_inmet
AIRFLOW_CTX_TASK_ID=download_data
AIRFLOW_CTX_EXECUTION_DATE=2024-07-23T13:01:12.174268+00:00
AIRFLOW_CTX_TRY_NUMBER=1
AIRFLOW_CTX_DAG_RUN_ID=manual__2024-07-23T13:01:12.174268+00:00
[2024-07-23T13:01:17.894+0000] {logging_mixin.py:137} INFO - Tempo de execução de download_data: 1.2662 segundos
[2024-07-23T13:01:32.367+0000] {logging_mixin.py:137} INFO - Arquivo salvo como bronze/2024.zip
[2024-07-23T13:01:32.369+0000] {logging_mixin.py:137} INFO - Tempo de execução de download_and_save_file: 14.4745 segundos
[2024-07-23T13:01:32.369+0000] {python.py:177} INFO - Done. Returned value was: bronze/2024.zip
[2024-07-23T13:01:32.386+0000] {taskinstance.py:1323} INFO - Marking task as SUCCESS. dag_id=dag_inmet, task_id=download_data, execution_date=20240723T130112, start_date=20240723T130116, end_date=20240723T130132
[2024-07-23T13:01:32.410+0000] {local_task_job.py:208} INFO - Task exited with return code 0
[2024-07-23T13:01:32.425+0000] {taskinstance.py:2578} INFO - 1 downstream tasks scheduled from follow-on schedule check
