[2024-07-02T17:54:41.440+0000] {taskinstance.py:1083} INFO - Dependencies all met for <TaskInstance: pool.tsk1 manual__2024-07-02T17:54:40.112047+00:00 [queued]>
[2024-07-02T17:54:41.457+0000] {taskinstance.py:1083} INFO - Dependencies all met for <TaskInstance: pool.tsk1 manual__2024-07-02T17:54:40.112047+00:00 [queued]>
[2024-07-02T17:54:41.458+0000] {taskinstance.py:1279} INFO - 
--------------------------------------------------------------------------------
[2024-07-02T17:54:41.458+0000] {taskinstance.py:1280} INFO - Starting attempt 1 of 1
[2024-07-02T17:54:41.458+0000] {taskinstance.py:1281} INFO - 
--------------------------------------------------------------------------------
[2024-07-02T17:54:41.478+0000] {taskinstance.py:1300} INFO - Executing <Task(BashOperator): tsk1> on 2024-07-02 17:54:40.112047+00:00
[2024-07-02T17:54:41.487+0000] {standard_task_runner.py:55} INFO - Started process 120 to run task
[2024-07-02T17:54:41.490+0000] {standard_task_runner.py:82} INFO - Running: ['***', 'tasks', 'run', 'pool', 'tsk1', 'manual__2024-07-02T17:54:40.112047+00:00', '--job-id', '471', '--raw', '--subdir', 'DAGS_FOLDER/poools.py', '--cfg-path', '/tmp/tmpnn6kj6gn']
[2024-07-02T17:54:41.490+0000] {standard_task_runner.py:83} INFO - Job 471: Subtask tsk1
[2024-07-02T17:54:41.573+0000] {task_command.py:388} INFO - Running <TaskInstance: pool.tsk1 manual__2024-07-02T17:54:40.112047+00:00 [running]> on host 5b516da91440
[2024-07-02T17:54:41.673+0000] {taskinstance.py:1509} INFO - Exporting the following env vars:
AIRFLOW_CTX_DAG_OWNER=***
AIRFLOW_CTX_DAG_ID=pool
AIRFLOW_CTX_TASK_ID=tsk1
AIRFLOW_CTX_EXECUTION_DATE=2024-07-02T17:54:40.112047+00:00
AIRFLOW_CTX_TRY_NUMBER=1
AIRFLOW_CTX_DAG_RUN_ID=manual__2024-07-02T17:54:40.112047+00:00
[2024-07-02T17:54:41.674+0000] {subprocess.py:63} INFO - Tmp dir root location: 
 /tmp
[2024-07-02T17:54:41.674+0000] {subprocess.py:75} INFO - Running command: ['/bin/bash', '-c', 'sleep 1']
[2024-07-02T17:54:41.687+0000] {subprocess.py:86} INFO - Output:
[2024-07-02T17:54:42.691+0000] {subprocess.py:97} INFO - Command exited with return code 0
[2024-07-02T17:54:42.712+0000] {taskinstance.py:1323} INFO - Marking task as SUCCESS. dag_id=pool, task_id=tsk1, execution_date=20240702T175440, start_date=20240702T175441, end_date=20240702T175442
[2024-07-02T17:54:42.744+0000] {local_task_job.py:208} INFO - Task exited with return code 0
[2024-07-02T17:54:42.759+0000] {taskinstance.py:2578} INFO - 0 downstream tasks scheduled from follow-on schedule check
