[2024-07-23T13:27:53.042+0000] {taskinstance.py:1083} INFO - Dependencies all met for <TaskInstance: dag_inmet.process_data manual__2024-07-23T13:21:21.315970+00:00 [queued]>
[2024-07-23T13:27:53.050+0000] {taskinstance.py:1083} INFO - Dependencies all met for <TaskInstance: dag_inmet.process_data manual__2024-07-23T13:21:21.315970+00:00 [queued]>
[2024-07-23T13:27:53.050+0000] {taskinstance.py:1279} INFO - 
--------------------------------------------------------------------------------
[2024-07-23T13:27:53.051+0000] {taskinstance.py:1280} INFO - Starting attempt 2 of 2
[2024-07-23T13:27:53.051+0000] {taskinstance.py:1281} INFO - 
--------------------------------------------------------------------------------
[2024-07-23T13:27:53.061+0000] {taskinstance.py:1300} INFO - Executing <Task(PythonOperator): process_data> on 2024-07-23 13:21:21.315970+00:00
[2024-07-23T13:27:53.067+0000] {standard_task_runner.py:55} INFO - Started process 827 to run task
[2024-07-23T13:27:53.069+0000] {standard_task_runner.py:82} INFO - Running: ['***', 'tasks', 'run', 'dag_inmet', 'process_data', 'manual__2024-07-23T13:21:21.315970+00:00', '--job-id', '793', '--raw', '--subdir', 'DAGS_FOLDER/dag_inmet.py', '--cfg-path', '/tmp/tmp41gjq9a_']
[2024-07-23T13:27:53.070+0000] {standard_task_runner.py:83} INFO - Job 793: Subtask process_data
[2024-07-23T13:27:53.220+0000] {task_command.py:388} INFO - Running <TaskInstance: dag_inmet.process_data manual__2024-07-23T13:21:21.315970+00:00 [running]> on host bbe78fe20046
[2024-07-23T13:27:53.267+0000] {taskinstance.py:1509} INFO - Exporting the following env vars:
AIRFLOW_CTX_DAG_OWNER=***
AIRFLOW_CTX_DAG_ID=dag_inmet
AIRFLOW_CTX_TASK_ID=process_data
AIRFLOW_CTX_EXECUTION_DATE=2024-07-23T13:21:21.315970+00:00
AIRFLOW_CTX_TRY_NUMBER=2
AIRFLOW_CTX_DAG_RUN_ID=manual__2024-07-23T13:21:21.315970+00:00
[2024-07-23T13:27:53.275+0000] {taskinstance.py:1768} ERROR - Task failed with exception
Traceback (most recent call last):
  File "/home/airflow/.local/lib/python3.7/site-packages/airflow/operators/python.py", line 175, in execute
    return_value = self.execute_callable()
  File "/home/airflow/.local/lib/python3.7/site-packages/airflow/operators/python.py", line 192, in execute_callable
    return self.python_callable(*self.op_args, **self.op_kwargs)
  File "/opt/airflow/dags/dag_inmet.py", line 35, in task_process_data
    spark = kwargs['spark']  # Supondo que você passe um contexto Spark aqui
KeyError: 'spark'
[2024-07-23T13:27:53.280+0000] {taskinstance.py:1323} INFO - Marking task as FAILED. dag_id=dag_inmet, task_id=process_data, execution_date=20240723T132121, start_date=20240723T132753, end_date=20240723T132753
[2024-07-23T13:27:53.287+0000] {standard_task_runner.py:105} ERROR - Failed to execute job 793 for task process_data ('spark'; 827)
[2024-07-23T13:27:53.320+0000] {local_task_job.py:208} INFO - Task exited with return code 1
[2024-07-23T13:27:53.333+0000] {taskinstance.py:2578} INFO - 0 downstream tasks scheduled from follow-on schedule check
