[2024-07-23T14:00:33.163+0000] {taskinstance.py:1083} INFO - Dependencies all met for <TaskInstance: dag_inmet.download_data manual__2024-07-23T14:00:30.536763+00:00 [queued]>
[2024-07-23T14:00:33.170+0000] {taskinstance.py:1083} INFO - Dependencies all met for <TaskInstance: dag_inmet.download_data manual__2024-07-23T14:00:30.536763+00:00 [queued]>
[2024-07-23T14:00:33.171+0000] {taskinstance.py:1279} INFO - 
--------------------------------------------------------------------------------
[2024-07-23T14:00:33.171+0000] {taskinstance.py:1280} INFO - Starting attempt 1 of 2
[2024-07-23T14:00:33.171+0000] {taskinstance.py:1281} INFO - 
--------------------------------------------------------------------------------
[2024-07-23T14:00:33.180+0000] {taskinstance.py:1300} INFO - Executing <Task(PythonOperator): download_data> on 2024-07-23 14:00:30.536763+00:00
[2024-07-23T14:00:33.186+0000] {standard_task_runner.py:55} INFO - Started process 101 to run task
[2024-07-23T14:00:33.188+0000] {standard_task_runner.py:82} INFO - Running: ['***', 'tasks', 'run', 'dag_inmet', 'download_data', 'manual__2024-07-23T14:00:30.536763+00:00', '--job-id', '1003', '--raw', '--subdir', 'DAGS_FOLDER/dag_inmet.py', '--cfg-path', '/tmp/tmpld9ljqzp']
[2024-07-23T14:00:33.189+0000] {standard_task_runner.py:83} INFO - Job 1003: Subtask download_data
[2024-07-23T14:00:33.229+0000] {task_command.py:388} INFO - Running <TaskInstance: dag_inmet.download_data manual__2024-07-23T14:00:30.536763+00:00 [running]> on host 85f6fb860b7b
[2024-07-23T14:00:33.281+0000] {taskinstance.py:1509} INFO - Exporting the following env vars:
AIRFLOW_CTX_DAG_OWNER=***
AIRFLOW_CTX_DAG_ID=dag_inmet
AIRFLOW_CTX_TASK_ID=download_data
AIRFLOW_CTX_EXECUTION_DATE=2024-07-23T14:00:30.536763+00:00
AIRFLOW_CTX_TRY_NUMBER=1
AIRFLOW_CTX_DAG_RUN_ID=manual__2024-07-23T14:00:30.536763+00:00
[2024-07-23T14:00:36.745+0000] {logging_mixin.py:137} INFO - Tempo de execução de download_data: 3.4644 segundos
[2024-07-23T14:00:46.397+0000] {logging_mixin.py:137} INFO - Arquivo salvo como /opt/***/data/bronze/2024.zip
[2024-07-23T14:00:46.400+0000] {logging_mixin.py:137} INFO - Tempo de execução de download_and_save_file: 9.6541 segundos
[2024-07-23T14:00:46.400+0000] {python.py:177} INFO - Done. Returned value was: /opt/***/data/bronze/2024.zip
[2024-07-23T14:00:46.416+0000] {taskinstance.py:1323} INFO - Marking task as SUCCESS. dag_id=dag_inmet, task_id=download_data, execution_date=20240723T140030, start_date=20240723T140033, end_date=20240723T140046
[2024-07-23T14:00:46.449+0000] {local_task_job.py:208} INFO - Task exited with return code 0
[2024-07-23T14:00:46.463+0000] {taskinstance.py:2578} INFO - 1 downstream tasks scheduled from follow-on schedule check
