[2024-08-22T19:33:27.666+0000] {taskinstance.py:1083} INFO - Dependencies all met for <TaskInstance: dag_inmet.download_data manual__2024-08-22T19:33:20.139466+00:00 [queued]>
[2024-08-22T19:33:27.673+0000] {taskinstance.py:1083} INFO - Dependencies all met for <TaskInstance: dag_inmet.download_data manual__2024-08-22T19:33:20.139466+00:00 [queued]>
[2024-08-22T19:33:27.673+0000] {taskinstance.py:1279} INFO - 
--------------------------------------------------------------------------------
[2024-08-22T19:33:27.673+0000] {taskinstance.py:1280} INFO - Starting attempt 1 of 1
[2024-08-22T19:33:27.673+0000] {taskinstance.py:1281} INFO - 
--------------------------------------------------------------------------------
[2024-08-22T19:33:27.685+0000] {taskinstance.py:1300} INFO - Executing <Task(PythonOperator): download_data> on 2024-08-22 19:33:20.139466+00:00
[2024-08-22T19:33:27.690+0000] {standard_task_runner.py:55} INFO - Started process 123 to run task
[2024-08-22T19:33:27.692+0000] {standard_task_runner.py:82} INFO - Running: ['***', 'tasks', 'run', 'dag_inmet', 'download_data', 'manual__2024-08-22T19:33:20.139466+00:00', '--job-id', '11379', '--raw', '--subdir', 'DAGS_FOLDER/dag_inmet.py', '--cfg-path', '/tmp/tmp9zck350n']
[2024-08-22T19:33:27.694+0000] {standard_task_runner.py:83} INFO - Job 11379: Subtask download_data
[2024-08-22T19:33:27.740+0000] {task_command.py:388} INFO - Running <TaskInstance: dag_inmet.download_data manual__2024-08-22T19:33:20.139466+00:00 [running]> on host 03e66233d7fb
[2024-08-22T19:33:27.796+0000] {taskinstance.py:1509} INFO - Exporting the following env vars:
AIRFLOW_CTX_DAG_OWNER=***
AIRFLOW_CTX_DAG_ID=dag_inmet
AIRFLOW_CTX_TASK_ID=download_data
AIRFLOW_CTX_EXECUTION_DATE=2024-08-22T19:33:20.139466+00:00
AIRFLOW_CTX_TRY_NUMBER=1
AIRFLOW_CTX_DAG_RUN_ID=manual__2024-08-22T19:33:20.139466+00:00
[2024-08-22T19:33:28.878+0000] {logging_mixin.py:137} INFO - Tempo de execução de download_data: 1.0821 segundos
[2024-08-22T19:34:19.118+0000] {logging_mixin.py:137} INFO - Arquivo salvo como /opt/***/data/bronze/inmet/2024.zip
[2024-08-22T19:34:19.121+0000] {logging_mixin.py:137} INFO - Tempo de execução de download_and_save_file: 50.2427 segundos
[2024-08-22T19:34:19.144+0000] {python.py:177} INFO - Done. Returned value was: /opt/***/data/bronze/inmet/2024.zip
[2024-08-22T19:34:19.158+0000] {taskinstance.py:1323} INFO - Marking task as SUCCESS. dag_id=dag_inmet, task_id=download_data, execution_date=20240822T193320, start_date=20240822T193327, end_date=20240822T193419
[2024-08-22T19:34:19.211+0000] {local_task_job.py:208} INFO - Task exited with return code 0
[2024-08-22T19:34:19.232+0000] {taskinstance.py:2578} INFO - 1 downstream tasks scheduled from follow-on schedule check
