[2024-08-16T13:13:07.213+0000] {processor.py:153} INFO - Started process (PID=42) to work on /opt/airflow/dags/dag_inmet.py
[2024-08-16T13:13:07.214+0000] {processor.py:743} INFO - Processing file /opt/airflow/dags/dag_inmet.py for tasks to queue
[2024-08-16T13:13:07.215+0000] {logging_mixin.py:137} INFO - [2024-08-16T13:13:07.214+0000] {dagbag.py:538} INFO - Filling up the DagBag from /opt/airflow/dags/dag_inmet.py
[2024-08-16T13:13:07.271+0000] {processor.py:753} INFO - DAG(s) dict_keys(['dag_inmet']) retrieved from /opt/airflow/dags/dag_inmet.py
[2024-08-16T13:13:07.300+0000] {logging_mixin.py:137} INFO - [2024-08-16T13:13:07.300+0000] {dag.py:2690} INFO - Sync 1 DAGs
[2024-08-16T13:13:07.323+0000] {logging_mixin.py:137} INFO - [2024-08-16T13:13:07.323+0000] {dag.py:3441} INFO - Setting next_dagrun for dag_inmet to 2024-08-05T09:00:00+00:00, run_after=2024-09-05T09:00:00+00:00
[2024-08-16T13:13:07.340+0000] {processor.py:175} INFO - Processing /opt/airflow/dags/dag_inmet.py took 0.130 seconds
[2024-08-16T13:14:15.889+0000] {processor.py:153} INFO - Started process (PID=42) to work on /opt/airflow/dags/dag_inmet.py
[2024-08-16T13:14:15.890+0000] {processor.py:743} INFO - Processing file /opt/airflow/dags/dag_inmet.py for tasks to queue
[2024-08-16T13:14:15.890+0000] {logging_mixin.py:137} INFO - [2024-08-16T13:14:15.890+0000] {dagbag.py:538} INFO - Filling up the DagBag from /opt/airflow/dags/dag_inmet.py
[2024-08-16T13:14:15.943+0000] {processor.py:753} INFO - DAG(s) dict_keys(['dag_inmet']) retrieved from /opt/airflow/dags/dag_inmet.py
[2024-08-16T13:14:15.982+0000] {logging_mixin.py:137} INFO - [2024-08-16T13:14:15.982+0000] {dag.py:2690} INFO - Sync 1 DAGs
[2024-08-16T13:14:16.020+0000] {logging_mixin.py:137} INFO - [2024-08-16T13:14:16.020+0000] {dag.py:3441} INFO - Setting next_dagrun for dag_inmet to 2024-08-05T09:00:00+00:00, run_after=2024-09-05T09:00:00+00:00
[2024-08-16T13:14:16.038+0000] {processor.py:175} INFO - Processing /opt/airflow/dags/dag_inmet.py took 0.151 seconds
[2024-08-16T13:15:24.066+0000] {processor.py:153} INFO - Started process (PID=42) to work on /opt/airflow/dags/dag_inmet.py
[2024-08-16T13:15:24.066+0000] {processor.py:743} INFO - Processing file /opt/airflow/dags/dag_inmet.py for tasks to queue
[2024-08-16T13:15:24.067+0000] {logging_mixin.py:137} INFO - [2024-08-16T13:15:24.067+0000] {dagbag.py:538} INFO - Filling up the DagBag from /opt/airflow/dags/dag_inmet.py
[2024-08-16T13:15:24.125+0000] {processor.py:753} INFO - DAG(s) dict_keys(['dag_inmet']) retrieved from /opt/airflow/dags/dag_inmet.py
[2024-08-16T13:15:24.161+0000] {logging_mixin.py:137} INFO - [2024-08-16T13:15:24.161+0000] {dag.py:2690} INFO - Sync 1 DAGs
[2024-08-16T13:15:24.189+0000] {logging_mixin.py:137} INFO - [2024-08-16T13:15:24.189+0000] {dag.py:3441} INFO - Setting next_dagrun for dag_inmet to 2024-08-05T09:00:00+00:00, run_after=2024-09-05T09:00:00+00:00
[2024-08-16T13:15:24.208+0000] {processor.py:175} INFO - Processing /opt/airflow/dags/dag_inmet.py took 0.144 seconds
[2024-08-16T13:16:32.828+0000] {processor.py:153} INFO - Started process (PID=42) to work on /opt/airflow/dags/dag_inmet.py
[2024-08-16T13:16:32.828+0000] {processor.py:743} INFO - Processing file /opt/airflow/dags/dag_inmet.py for tasks to queue
[2024-08-16T13:16:32.829+0000] {logging_mixin.py:137} INFO - [2024-08-16T13:16:32.829+0000] {dagbag.py:538} INFO - Filling up the DagBag from /opt/airflow/dags/dag_inmet.py
[2024-08-16T13:16:32.882+0000] {processor.py:753} INFO - DAG(s) dict_keys(['dag_inmet']) retrieved from /opt/airflow/dags/dag_inmet.py
[2024-08-16T13:16:32.915+0000] {logging_mixin.py:137} INFO - [2024-08-16T13:16:32.915+0000] {dag.py:2690} INFO - Sync 1 DAGs
[2024-08-16T13:16:32.946+0000] {logging_mixin.py:137} INFO - [2024-08-16T13:16:32.945+0000] {dag.py:3441} INFO - Setting next_dagrun for dag_inmet to 2024-08-05T09:00:00+00:00, run_after=2024-09-05T09:00:00+00:00
[2024-08-16T13:16:32.965+0000] {processor.py:175} INFO - Processing /opt/airflow/dags/dag_inmet.py took 0.139 seconds
[2024-08-16T13:17:41.864+0000] {processor.py:153} INFO - Started process (PID=42) to work on /opt/airflow/dags/dag_inmet.py
[2024-08-16T13:17:41.864+0000] {processor.py:743} INFO - Processing file /opt/airflow/dags/dag_inmet.py for tasks to queue
[2024-08-16T13:17:41.865+0000] {logging_mixin.py:137} INFO - [2024-08-16T13:17:41.865+0000] {dagbag.py:538} INFO - Filling up the DagBag from /opt/airflow/dags/dag_inmet.py
[2024-08-16T13:17:41.912+0000] {processor.py:753} INFO - DAG(s) dict_keys(['dag_inmet']) retrieved from /opt/airflow/dags/dag_inmet.py
[2024-08-16T13:17:41.939+0000] {logging_mixin.py:137} INFO - [2024-08-16T13:17:41.939+0000] {dag.py:2690} INFO - Sync 1 DAGs
[2024-08-16T13:17:41.969+0000] {logging_mixin.py:137} INFO - [2024-08-16T13:17:41.969+0000] {dag.py:3441} INFO - Setting next_dagrun for dag_inmet to 2024-08-05T09:00:00+00:00, run_after=2024-09-05T09:00:00+00:00
[2024-08-16T13:17:41.990+0000] {processor.py:175} INFO - Processing /opt/airflow/dags/dag_inmet.py took 0.128 seconds
[2024-08-16T13:18:49.873+0000] {processor.py:153} INFO - Started process (PID=42) to work on /opt/airflow/dags/dag_inmet.py
[2024-08-16T13:18:49.874+0000] {processor.py:743} INFO - Processing file /opt/airflow/dags/dag_inmet.py for tasks to queue
[2024-08-16T13:18:49.874+0000] {logging_mixin.py:137} INFO - [2024-08-16T13:18:49.874+0000] {dagbag.py:538} INFO - Filling up the DagBag from /opt/airflow/dags/dag_inmet.py
[2024-08-16T13:18:49.925+0000] {processor.py:753} INFO - DAG(s) dict_keys(['dag_inmet']) retrieved from /opt/airflow/dags/dag_inmet.py
[2024-08-16T13:18:49.953+0000] {logging_mixin.py:137} INFO - [2024-08-16T13:18:49.953+0000] {dag.py:2690} INFO - Sync 1 DAGs
[2024-08-16T13:18:49.975+0000] {logging_mixin.py:137} INFO - [2024-08-16T13:18:49.975+0000] {dag.py:3441} INFO - Setting next_dagrun for dag_inmet to 2024-08-05T09:00:00+00:00, run_after=2024-09-05T09:00:00+00:00
[2024-08-16T13:18:49.990+0000] {processor.py:175} INFO - Processing /opt/airflow/dags/dag_inmet.py took 0.119 seconds
[2024-08-16T13:19:58.087+0000] {processor.py:153} INFO - Started process (PID=42) to work on /opt/airflow/dags/dag_inmet.py
[2024-08-16T13:19:58.088+0000] {processor.py:743} INFO - Processing file /opt/airflow/dags/dag_inmet.py for tasks to queue
[2024-08-16T13:19:58.088+0000] {logging_mixin.py:137} INFO - [2024-08-16T13:19:58.088+0000] {dagbag.py:538} INFO - Filling up the DagBag from /opt/airflow/dags/dag_inmet.py
[2024-08-16T13:19:58.133+0000] {processor.py:753} INFO - DAG(s) dict_keys(['dag_inmet']) retrieved from /opt/airflow/dags/dag_inmet.py
[2024-08-16T13:19:58.160+0000] {logging_mixin.py:137} INFO - [2024-08-16T13:19:58.160+0000] {dag.py:2690} INFO - Sync 1 DAGs
[2024-08-16T13:19:58.180+0000] {logging_mixin.py:137} INFO - [2024-08-16T13:19:58.180+0000] {dag.py:3441} INFO - Setting next_dagrun for dag_inmet to 2024-08-05T09:00:00+00:00, run_after=2024-09-05T09:00:00+00:00
[2024-08-16T13:19:58.193+0000] {processor.py:175} INFO - Processing /opt/airflow/dags/dag_inmet.py took 0.108 seconds
[2024-08-16T13:21:06.224+0000] {processor.py:153} INFO - Started process (PID=42) to work on /opt/airflow/dags/dag_inmet.py
[2024-08-16T13:21:06.225+0000] {processor.py:743} INFO - Processing file /opt/airflow/dags/dag_inmet.py for tasks to queue
[2024-08-16T13:21:06.226+0000] {logging_mixin.py:137} INFO - [2024-08-16T13:21:06.226+0000] {dagbag.py:538} INFO - Filling up the DagBag from /opt/airflow/dags/dag_inmet.py
[2024-08-16T13:21:06.276+0000] {processor.py:753} INFO - DAG(s) dict_keys(['dag_inmet']) retrieved from /opt/airflow/dags/dag_inmet.py
[2024-08-16T13:21:06.305+0000] {logging_mixin.py:137} INFO - [2024-08-16T13:21:06.305+0000] {dag.py:2690} INFO - Sync 1 DAGs
[2024-08-16T13:21:06.327+0000] {logging_mixin.py:137} INFO - [2024-08-16T13:21:06.326+0000] {dag.py:3441} INFO - Setting next_dagrun for dag_inmet to 2024-08-05T09:00:00+00:00, run_after=2024-09-05T09:00:00+00:00
[2024-08-16T13:21:06.343+0000] {processor.py:175} INFO - Processing /opt/airflow/dags/dag_inmet.py took 0.120 seconds
[2024-08-16T13:22:14.465+0000] {processor.py:153} INFO - Started process (PID=42) to work on /opt/airflow/dags/dag_inmet.py
[2024-08-16T13:22:14.466+0000] {processor.py:743} INFO - Processing file /opt/airflow/dags/dag_inmet.py for tasks to queue
[2024-08-16T13:22:14.467+0000] {logging_mixin.py:137} INFO - [2024-08-16T13:22:14.466+0000] {dagbag.py:538} INFO - Filling up the DagBag from /opt/airflow/dags/dag_inmet.py
[2024-08-16T13:22:14.520+0000] {processor.py:753} INFO - DAG(s) dict_keys(['dag_inmet']) retrieved from /opt/airflow/dags/dag_inmet.py
[2024-08-16T13:22:14.549+0000] {logging_mixin.py:137} INFO - [2024-08-16T13:22:14.549+0000] {dag.py:2690} INFO - Sync 1 DAGs
[2024-08-16T13:22:14.572+0000] {logging_mixin.py:137} INFO - [2024-08-16T13:22:14.572+0000] {dag.py:3441} INFO - Setting next_dagrun for dag_inmet to 2024-08-05T09:00:00+00:00, run_after=2024-09-05T09:00:00+00:00
[2024-08-16T13:22:14.589+0000] {processor.py:175} INFO - Processing /opt/airflow/dags/dag_inmet.py took 0.126 seconds
[2024-08-16T13:23:23.269+0000] {processor.py:153} INFO - Started process (PID=42) to work on /opt/airflow/dags/dag_inmet.py
[2024-08-16T13:23:23.270+0000] {processor.py:743} INFO - Processing file /opt/airflow/dags/dag_inmet.py for tasks to queue
[2024-08-16T13:23:23.271+0000] {logging_mixin.py:137} INFO - [2024-08-16T13:23:23.270+0000] {dagbag.py:538} INFO - Filling up the DagBag from /opt/airflow/dags/dag_inmet.py
[2024-08-16T13:23:23.325+0000] {processor.py:753} INFO - DAG(s) dict_keys(['dag_inmet']) retrieved from /opt/airflow/dags/dag_inmet.py
[2024-08-16T13:23:23.355+0000] {logging_mixin.py:137} INFO - [2024-08-16T13:23:23.354+0000] {dag.py:2690} INFO - Sync 1 DAGs
[2024-08-16T13:23:23.378+0000] {logging_mixin.py:137} INFO - [2024-08-16T13:23:23.378+0000] {dag.py:3441} INFO - Setting next_dagrun for dag_inmet to 2024-08-05T09:00:00+00:00, run_after=2024-09-05T09:00:00+00:00
[2024-08-16T13:23:23.394+0000] {processor.py:175} INFO - Processing /opt/airflow/dags/dag_inmet.py took 0.127 seconds
[2024-08-16T13:24:31.023+0000] {processor.py:153} INFO - Started process (PID=42) to work on /opt/airflow/dags/dag_inmet.py
[2024-08-16T13:24:31.023+0000] {processor.py:743} INFO - Processing file /opt/airflow/dags/dag_inmet.py for tasks to queue
[2024-08-16T13:24:31.024+0000] {logging_mixin.py:137} INFO - [2024-08-16T13:24:31.024+0000] {dagbag.py:538} INFO - Filling up the DagBag from /opt/airflow/dags/dag_inmet.py
[2024-08-16T13:24:31.069+0000] {processor.py:753} INFO - DAG(s) dict_keys(['dag_inmet']) retrieved from /opt/airflow/dags/dag_inmet.py
[2024-08-16T13:24:31.094+0000] {logging_mixin.py:137} INFO - [2024-08-16T13:24:31.094+0000] {dag.py:2690} INFO - Sync 1 DAGs
[2024-08-16T13:24:31.113+0000] {logging_mixin.py:137} INFO - [2024-08-16T13:24:31.113+0000] {dag.py:3441} INFO - Setting next_dagrun for dag_inmet to 2024-08-05T09:00:00+00:00, run_after=2024-09-05T09:00:00+00:00
[2024-08-16T13:24:31.128+0000] {processor.py:175} INFO - Processing /opt/airflow/dags/dag_inmet.py took 0.107 seconds
[2024-08-16T13:25:39.854+0000] {processor.py:153} INFO - Started process (PID=42) to work on /opt/airflow/dags/dag_inmet.py
[2024-08-16T13:25:39.855+0000] {processor.py:743} INFO - Processing file /opt/airflow/dags/dag_inmet.py for tasks to queue
[2024-08-16T13:25:39.856+0000] {logging_mixin.py:137} INFO - [2024-08-16T13:25:39.855+0000] {dagbag.py:538} INFO - Filling up the DagBag from /opt/airflow/dags/dag_inmet.py
[2024-08-16T13:25:39.919+0000] {processor.py:753} INFO - DAG(s) dict_keys(['dag_inmet']) retrieved from /opt/airflow/dags/dag_inmet.py
[2024-08-16T13:25:40.022+0000] {logging_mixin.py:137} INFO - [2024-08-16T13:25:40.021+0000] {dag.py:2690} INFO - Sync 1 DAGs
[2024-08-16T13:25:40.068+0000] {logging_mixin.py:137} INFO - [2024-08-16T13:25:40.068+0000] {dag.py:3441} INFO - Setting next_dagrun for dag_inmet to 2024-08-05T09:00:00+00:00, run_after=2024-09-05T09:00:00+00:00
[2024-08-16T13:25:40.093+0000] {processor.py:175} INFO - Processing /opt/airflow/dags/dag_inmet.py took 0.240 seconds
[2024-08-16T13:26:48.095+0000] {processor.py:153} INFO - Started process (PID=42) to work on /opt/airflow/dags/dag_inmet.py
[2024-08-16T13:26:48.095+0000] {processor.py:743} INFO - Processing file /opt/airflow/dags/dag_inmet.py for tasks to queue
[2024-08-16T13:26:48.096+0000] {logging_mixin.py:137} INFO - [2024-08-16T13:26:48.096+0000] {dagbag.py:538} INFO - Filling up the DagBag from /opt/airflow/dags/dag_inmet.py
[2024-08-16T13:26:48.144+0000] {processor.py:753} INFO - DAG(s) dict_keys(['dag_inmet']) retrieved from /opt/airflow/dags/dag_inmet.py
[2024-08-16T13:26:48.173+0000] {logging_mixin.py:137} INFO - [2024-08-16T13:26:48.172+0000] {dag.py:2690} INFO - Sync 1 DAGs
[2024-08-16T13:26:48.194+0000] {logging_mixin.py:137} INFO - [2024-08-16T13:26:48.194+0000] {dag.py:3441} INFO - Setting next_dagrun for dag_inmet to 2024-08-05T09:00:00+00:00, run_after=2024-09-05T09:00:00+00:00
[2024-08-16T13:26:48.209+0000] {processor.py:175} INFO - Processing /opt/airflow/dags/dag_inmet.py took 0.116 seconds
[2024-08-16T13:27:56.195+0000] {processor.py:153} INFO - Started process (PID=42) to work on /opt/airflow/dags/dag_inmet.py
[2024-08-16T13:27:56.195+0000] {processor.py:743} INFO - Processing file /opt/airflow/dags/dag_inmet.py for tasks to queue
[2024-08-16T13:27:56.196+0000] {logging_mixin.py:137} INFO - [2024-08-16T13:27:56.196+0000] {dagbag.py:538} INFO - Filling up the DagBag from /opt/airflow/dags/dag_inmet.py
[2024-08-16T13:27:56.246+0000] {processor.py:753} INFO - DAG(s) dict_keys(['dag_inmet']) retrieved from /opt/airflow/dags/dag_inmet.py
[2024-08-16T13:27:56.275+0000] {logging_mixin.py:137} INFO - [2024-08-16T13:27:56.275+0000] {dag.py:2690} INFO - Sync 1 DAGs
[2024-08-16T13:27:56.296+0000] {logging_mixin.py:137} INFO - [2024-08-16T13:27:56.296+0000] {dag.py:3441} INFO - Setting next_dagrun for dag_inmet to 2024-08-05T09:00:00+00:00, run_after=2024-09-05T09:00:00+00:00
[2024-08-16T13:27:56.311+0000] {processor.py:175} INFO - Processing /opt/airflow/dags/dag_inmet.py took 0.119 seconds
[2024-08-16T13:29:16.948+0000] {processor.py:153} INFO - Started process (PID=42) to work on /opt/airflow/dags/dag_inmet.py
[2024-08-16T13:29:16.949+0000] {processor.py:743} INFO - Processing file /opt/airflow/dags/dag_inmet.py for tasks to queue
[2024-08-16T13:29:16.949+0000] {logging_mixin.py:137} INFO - [2024-08-16T13:29:16.949+0000] {dagbag.py:538} INFO - Filling up the DagBag from /opt/airflow/dags/dag_inmet.py
[2024-08-16T13:29:16.999+0000] {processor.py:753} INFO - DAG(s) dict_keys(['dag_inmet']) retrieved from /opt/airflow/dags/dag_inmet.py
[2024-08-16T13:29:17.026+0000] {logging_mixin.py:137} INFO - [2024-08-16T13:29:17.026+0000] {dag.py:2690} INFO - Sync 1 DAGs
[2024-08-16T13:29:17.047+0000] {logging_mixin.py:137} INFO - [2024-08-16T13:29:17.047+0000] {dag.py:3441} INFO - Setting next_dagrun for dag_inmet to 2024-08-05T09:00:00+00:00, run_after=2024-09-05T09:00:00+00:00
[2024-08-16T13:29:17.061+0000] {processor.py:175} INFO - Processing /opt/airflow/dags/dag_inmet.py took 0.115 seconds
[2024-08-16T13:30:25.940+0000] {processor.py:153} INFO - Started process (PID=42) to work on /opt/airflow/dags/dag_inmet.py
[2024-08-16T13:30:25.940+0000] {processor.py:743} INFO - Processing file /opt/airflow/dags/dag_inmet.py for tasks to queue
[2024-08-16T13:30:25.941+0000] {logging_mixin.py:137} INFO - [2024-08-16T13:30:25.941+0000] {dagbag.py:538} INFO - Filling up the DagBag from /opt/airflow/dags/dag_inmet.py
[2024-08-16T13:30:25.986+0000] {processor.py:753} INFO - DAG(s) dict_keys(['dag_inmet']) retrieved from /opt/airflow/dags/dag_inmet.py
[2024-08-16T13:30:26.011+0000] {logging_mixin.py:137} INFO - [2024-08-16T13:30:26.011+0000] {dag.py:2690} INFO - Sync 1 DAGs
[2024-08-16T13:30:26.030+0000] {logging_mixin.py:137} INFO - [2024-08-16T13:30:26.030+0000] {dag.py:3441} INFO - Setting next_dagrun for dag_inmet to 2024-08-05T09:00:00+00:00, run_after=2024-09-05T09:00:00+00:00
[2024-08-16T13:30:26.043+0000] {processor.py:175} INFO - Processing /opt/airflow/dags/dag_inmet.py took 0.105 seconds
[2024-08-16T13:31:46.760+0000] {processor.py:153} INFO - Started process (PID=42) to work on /opt/airflow/dags/dag_inmet.py
[2024-08-16T13:31:46.760+0000] {processor.py:743} INFO - Processing file /opt/airflow/dags/dag_inmet.py for tasks to queue
[2024-08-16T13:31:46.761+0000] {logging_mixin.py:137} INFO - [2024-08-16T13:31:46.761+0000] {dagbag.py:538} INFO - Filling up the DagBag from /opt/airflow/dags/dag_inmet.py
[2024-08-16T13:31:46.813+0000] {processor.py:753} INFO - DAG(s) dict_keys(['dag_inmet']) retrieved from /opt/airflow/dags/dag_inmet.py
[2024-08-16T13:31:46.842+0000] {logging_mixin.py:137} INFO - [2024-08-16T13:31:46.841+0000] {dag.py:2690} INFO - Sync 1 DAGs
[2024-08-16T13:31:46.863+0000] {logging_mixin.py:137} INFO - [2024-08-16T13:31:46.863+0000] {dag.py:3441} INFO - Setting next_dagrun for dag_inmet to 2024-08-05T09:00:00+00:00, run_after=2024-09-05T09:00:00+00:00
[2024-08-16T13:31:46.878+0000] {processor.py:175} INFO - Processing /opt/airflow/dags/dag_inmet.py took 0.121 seconds
