[2024-07-02T13:06:57.309+0000] {taskinstance.py:1083} INFO - Dependencies all met for <TaskInstance: default_args.tsk3 manual__2024-07-02T13:06:43.916833+00:00 [queued]>
[2024-07-02T13:06:57.320+0000] {taskinstance.py:1083} INFO - Dependencies all met for <TaskInstance: default_args.tsk3 manual__2024-07-02T13:06:43.916833+00:00 [queued]>
[2024-07-02T13:06:57.320+0000] {taskinstance.py:1279} INFO - 
--------------------------------------------------------------------------------
[2024-07-02T13:06:57.320+0000] {taskinstance.py:1280} INFO - Starting attempt 1 of 2
[2024-07-02T13:06:57.320+0000] {taskinstance.py:1281} INFO - 
--------------------------------------------------------------------------------
[2024-07-02T13:06:57.332+0000] {taskinstance.py:1300} INFO - Executing <Task(BashOperator): tsk3> on 2024-07-02 13:06:43.916833+00:00
[2024-07-02T13:06:57.338+0000] {standard_task_runner.py:55} INFO - Started process 233 to run task
[2024-07-02T13:06:57.340+0000] {standard_task_runner.py:82} INFO - Running: ['***', 'tasks', 'run', 'default_args', 'tsk3', 'manual__2024-07-02T13:06:43.916833+00:00', '--job-id', '268', '--raw', '--subdir', 'DAGS_FOLDER/default_args.py', '--cfg-path', '/tmp/tmp5x1r6744']
[2024-07-02T13:06:57.340+0000] {standard_task_runner.py:83} INFO - Job 268: Subtask tsk3
[2024-07-02T13:06:57.386+0000] {task_command.py:388} INFO - Running <TaskInstance: default_args.tsk3 manual__2024-07-02T13:06:43.916833+00:00 [running]> on host 1a103833ad34
[2024-07-02T13:06:57.445+0000] {taskinstance.py:1509} INFO - Exporting the following env vars:
AIRFLOW_CTX_DAG_EMAIL=testeskleuber@gmail.com
AIRFLOW_CTX_DAG_OWNER=***
AIRFLOW_CTX_DAG_ID=default_args
AIRFLOW_CTX_TASK_ID=tsk3
AIRFLOW_CTX_EXECUTION_DATE=2024-07-02T13:06:43.916833+00:00
AIRFLOW_CTX_TRY_NUMBER=1
AIRFLOW_CTX_DAG_RUN_ID=manual__2024-07-02T13:06:43.916833+00:00
[2024-07-02T13:06:57.446+0000] {subprocess.py:63} INFO - Tmp dir root location: 
 /tmp
[2024-07-02T13:06:57.446+0000] {subprocess.py:75} INFO - Running command: ['/bin/bash', '-c', 'sleep 5']
[2024-07-02T13:06:57.458+0000] {subprocess.py:86} INFO - Output:
[2024-07-02T13:07:02.461+0000] {subprocess.py:97} INFO - Command exited with return code 0
[2024-07-02T13:07:02.480+0000] {taskinstance.py:1323} INFO - Marking task as SUCCESS. dag_id=default_args, task_id=tsk3, execution_date=20240702T130643, start_date=20240702T130657, end_date=20240702T130702
[2024-07-02T13:07:02.520+0000] {local_task_job.py:208} INFO - Task exited with return code 0
[2024-07-02T13:07:02.532+0000] {taskinstance.py:2578} INFO - 0 downstream tasks scheduled from follow-on schedule check
