[2024-07-10T15:21:09.141+0000] {taskinstance.py:1083} INFO - Dependencies all met for <TaskInstance: windturbine.group_database.insert_data manual__2024-07-10T15:21:04.761230+00:00 [queued]>
[2024-07-10T15:21:09.151+0000] {taskinstance.py:1083} INFO - Dependencies all met for <TaskInstance: windturbine.group_database.insert_data manual__2024-07-10T15:21:04.761230+00:00 [queued]>
[2024-07-10T15:21:09.151+0000] {taskinstance.py:1279} INFO - 
--------------------------------------------------------------------------------
[2024-07-10T15:21:09.151+0000] {taskinstance.py:1280} INFO - Starting attempt 1 of 2
[2024-07-10T15:21:09.151+0000] {taskinstance.py:1281} INFO - 
--------------------------------------------------------------------------------
[2024-07-10T15:21:09.163+0000] {taskinstance.py:1300} INFO - Executing <Task(PostgresOperator): group_database.insert_data> on 2024-07-10 15:21:04.761230+00:00
[2024-07-10T15:21:09.169+0000] {standard_task_runner.py:55} INFO - Started process 1470 to run task
[2024-07-10T15:21:09.171+0000] {standard_task_runner.py:82} INFO - Running: ['***', 'tasks', 'run', 'windturbine', 'group_database.insert_data', 'manual__2024-07-10T15:21:04.761230+00:00', '--job-id', '811', '--raw', '--subdir', 'DAGS_FOLDER/windturbine.py', '--cfg-path', '/tmp/tmp402at_qd']
[2024-07-10T15:21:09.173+0000] {standard_task_runner.py:83} INFO - Job 811: Subtask group_database.insert_data
[2024-07-10T15:21:09.222+0000] {task_command.py:388} INFO - Running <TaskInstance: windturbine.group_database.insert_data manual__2024-07-10T15:21:04.761230+00:00 [running]> on host 2051c12a5a3c
[2024-07-10T15:21:09.297+0000] {taskinstance.py:1509} INFO - Exporting the following env vars:
AIRFLOW_CTX_DAG_EMAIL=testeskleuber@gmail.com
AIRFLOW_CTX_DAG_OWNER=***
AIRFLOW_CTX_DAG_ID=windturbine
AIRFLOW_CTX_TASK_ID=group_database.insert_data
AIRFLOW_CTX_EXECUTION_DATE=2024-07-10T15:21:04.761230+00:00
AIRFLOW_CTX_TRY_NUMBER=1
AIRFLOW_CTX_DAG_RUN_ID=manual__2024-07-10T15:21:04.761230+00:00
[2024-07-10T15:21:09.297+0000] {sql.py:254} INFO - Executing: 
                                INSERT INTO sensors (idtemp, powerfactor, hydraulicpressure, temperature, timestamp)
                                VALUES (%s, %s, %s, %s, %s);
                                
[2024-07-10T15:21:09.304+0000] {base.py:73} INFO - Using connection ID 'postgres' for task execution.
[2024-07-10T15:21:09.531+0000] {base.py:73} INFO - Using connection ID 'postgres' for task execution.
[2024-07-10T15:21:09.534+0000] {sql.py:375} INFO - Running statement: 
                                INSERT INTO sensors (idtemp, powerfactor, hydraulicpressure, temperature, timestamp)
                                VALUES (%s, %s, %s, %s, %s);
                                , parameters: ('{{ ti.xcom_pull(task_ids="get_data", key="idtemp) }}', '{{ ti.xcom_pull(task_ids="get_data", key="powerfactor) }}', '{{ ti.xcom_pull(task_ids="get_data", key="hydraulicpressure) }}', '{{ ti.xcom_pull(task_ids="get_data", key="temperature) }}', '{{ ti.xcom_pull(task_ids="get_data", key="timestamp) }}')
[2024-07-10T15:21:09.534+0000] {sql.py:384} INFO - Rows affected: 1
[2024-07-10T15:21:09.542+0000] {taskinstance.py:1323} INFO - Marking task as SUCCESS. dag_id=windturbine, task_id=group_database.insert_data, execution_date=20240710T152104, start_date=20240710T152109, end_date=20240710T152109
[2024-07-10T15:21:09.583+0000] {local_task_job.py:208} INFO - Task exited with return code 0
[2024-07-10T15:21:09.598+0000] {taskinstance.py:2578} INFO - 0 downstream tasks scheduled from follow-on schedule check
