[2024-06-28T13:26:55.348+0000] {taskinstance.py:1083} INFO - Dependencies all met for <TaskInstance: triggerdag1.tsk1 manual__2024-06-28T13:26:54.350646+00:00 [queued]>
[2024-06-28T13:26:55.356+0000] {taskinstance.py:1083} INFO - Dependencies all met for <TaskInstance: triggerdag1.tsk1 manual__2024-06-28T13:26:54.350646+00:00 [queued]>
[2024-06-28T13:26:55.356+0000] {taskinstance.py:1279} INFO - 
--------------------------------------------------------------------------------
[2024-06-28T13:26:55.356+0000] {taskinstance.py:1280} INFO - Starting attempt 1 of 1
[2024-06-28T13:26:55.356+0000] {taskinstance.py:1281} INFO - 
--------------------------------------------------------------------------------
[2024-06-28T13:26:55.367+0000] {taskinstance.py:1300} INFO - Executing <Task(BashOperator): tsk1> on 2024-06-28 13:26:54.350646+00:00
[2024-06-28T13:26:55.373+0000] {standard_task_runner.py:55} INFO - Started process 141 to run task
[2024-06-28T13:26:55.374+0000] {standard_task_runner.py:82} INFO - Running: ['***', 'tasks', 'run', 'triggerdag1', 'tsk1', 'manual__2024-06-28T13:26:54.350646+00:00', '--job-id', '97', '--raw', '--subdir', 'DAGS_FOLDER/triggerdag1.py', '--cfg-path', '/tmp/tmpu35vs6qp']
[2024-06-28T13:26:55.374+0000] {standard_task_runner.py:83} INFO - Job 97: Subtask tsk1
[2024-06-28T13:26:55.413+0000] {task_command.py:388} INFO - Running <TaskInstance: triggerdag1.tsk1 manual__2024-06-28T13:26:54.350646+00:00 [running]> on host 4e50127945bc
[2024-06-28T13:26:55.463+0000] {taskinstance.py:1509} INFO - Exporting the following env vars:
AIRFLOW_CTX_DAG_OWNER=***
AIRFLOW_CTX_DAG_ID=triggerdag1
AIRFLOW_CTX_TASK_ID=tsk1
AIRFLOW_CTX_EXECUTION_DATE=2024-06-28T13:26:54.350646+00:00
AIRFLOW_CTX_TRY_NUMBER=1
AIRFLOW_CTX_DAG_RUN_ID=manual__2024-06-28T13:26:54.350646+00:00
[2024-06-28T13:26:55.464+0000] {subprocess.py:63} INFO - Tmp dir root location: 
 /tmp
[2024-06-28T13:26:55.464+0000] {subprocess.py:75} INFO - Running command: ['/bin/bash', '-c', 'sleep 5']
[2024-06-28T13:26:55.475+0000] {subprocess.py:86} INFO - Output:
[2024-06-28T13:27:00.478+0000] {subprocess.py:97} INFO - Command exited with return code 0
[2024-06-28T13:27:00.503+0000] {taskinstance.py:1323} INFO - Marking task as SUCCESS. dag_id=triggerdag1, task_id=tsk1, execution_date=20240628T132654, start_date=20240628T132655, end_date=20240628T132700
[2024-06-28T13:27:00.558+0000] {local_task_job.py:208} INFO - Task exited with return code 0
[2024-06-28T13:27:00.573+0000] {taskinstance.py:2578} INFO - 0 downstream tasks scheduled from follow-on schedule check
