[2024-07-30T14:48:05.773+0000] {taskinstance.py:1083} INFO - Dependencies all met for <TaskInstance: dag_inmet.download_data manual__2024-07-30T14:47:52.890971+00:00 [queued]>
[2024-07-30T14:48:05.779+0000] {taskinstance.py:1083} INFO - Dependencies all met for <TaskInstance: dag_inmet.download_data manual__2024-07-30T14:47:52.890971+00:00 [queued]>
[2024-07-30T14:48:05.779+0000] {taskinstance.py:1279} INFO - 
--------------------------------------------------------------------------------
[2024-07-30T14:48:05.780+0000] {taskinstance.py:1280} INFO - Starting attempt 1 of 1
[2024-07-30T14:48:05.780+0000] {taskinstance.py:1281} INFO - 
--------------------------------------------------------------------------------
[2024-07-30T14:48:05.789+0000] {taskinstance.py:1300} INFO - Executing <Task(PythonOperator): download_data> on 2024-07-30 14:47:52.890971+00:00
[2024-07-30T14:48:05.793+0000] {standard_task_runner.py:55} INFO - Started process 460 to run task
[2024-07-30T14:48:05.795+0000] {standard_task_runner.py:82} INFO - Running: ['***', 'tasks', 'run', 'dag_inmet', 'download_data', 'manual__2024-07-30T14:47:52.890971+00:00', '--job-id', '2594', '--raw', '--subdir', 'DAGS_FOLDER/dag_inmet.py', '--cfg-path', '/tmp/tmp24dflzcl']
[2024-07-30T14:48:05.796+0000] {standard_task_runner.py:83} INFO - Job 2594: Subtask download_data
[2024-07-30T14:48:05.836+0000] {task_command.py:388} INFO - Running <TaskInstance: dag_inmet.download_data manual__2024-07-30T14:47:52.890971+00:00 [running]> on host de721ab37e41
[2024-07-30T14:48:05.879+0000] {taskinstance.py:1509} INFO - Exporting the following env vars:
AIRFLOW_CTX_DAG_OWNER=***
AIRFLOW_CTX_DAG_ID=dag_inmet
AIRFLOW_CTX_TASK_ID=download_data
AIRFLOW_CTX_EXECUTION_DATE=2024-07-30T14:47:52.890971+00:00
AIRFLOW_CTX_TRY_NUMBER=1
AIRFLOW_CTX_DAG_RUN_ID=manual__2024-07-30T14:47:52.890971+00:00
[2024-07-30T14:48:06.858+0000] {logging_mixin.py:137} INFO - Tempo de execução de download_data: 0.9785 segundos
[2024-07-30T14:48:16.749+0000] {logging_mixin.py:137} INFO - Arquivo salvo como /opt/***/data/bronze/2024.zip
[2024-07-30T14:48:16.751+0000] {logging_mixin.py:137} INFO - Tempo de execução de download_and_save_file: 9.8930 segundos
[2024-07-30T14:48:16.751+0000] {python.py:177} INFO - Done. Returned value was: /opt/***/data/bronze/2024.zip
[2024-07-30T14:48:16.767+0000] {taskinstance.py:1323} INFO - Marking task as SUCCESS. dag_id=dag_inmet, task_id=download_data, execution_date=20240730T144752, start_date=20240730T144805, end_date=20240730T144816
[2024-07-30T14:48:16.782+0000] {local_task_job.py:208} INFO - Task exited with return code 0
[2024-07-30T14:48:16.797+0000] {taskinstance.py:2578} INFO - 1 downstream tasks scheduled from follow-on schedule check
