[2024-08-22T18:10:43.508+0000] {taskinstance.py:1083} INFO - Dependencies all met for <TaskInstance: dag_inmet.download_data manual__2024-08-22T18:10:27.851803+00:00 [queued]>
[2024-08-22T18:10:43.516+0000] {taskinstance.py:1083} INFO - Dependencies all met for <TaskInstance: dag_inmet.download_data manual__2024-08-22T18:10:27.851803+00:00 [queued]>
[2024-08-22T18:10:43.516+0000] {taskinstance.py:1279} INFO - 
--------------------------------------------------------------------------------
[2024-08-22T18:10:43.516+0000] {taskinstance.py:1280} INFO - Starting attempt 1 of 1
[2024-08-22T18:10:43.516+0000] {taskinstance.py:1281} INFO - 
--------------------------------------------------------------------------------
[2024-08-22T18:10:43.526+0000] {taskinstance.py:1300} INFO - Executing <Task(PythonOperator): download_data> on 2024-08-22 18:10:27.851803+00:00
[2024-08-22T18:10:43.532+0000] {standard_task_runner.py:55} INFO - Started process 3212 to run task
[2024-08-22T18:10:43.534+0000] {standard_task_runner.py:82} INFO - Running: ['***', 'tasks', 'run', 'dag_inmet', 'download_data', 'manual__2024-08-22T18:10:27.851803+00:00', '--job-id', '11228', '--raw', '--subdir', 'DAGS_FOLDER/dag_inmet.py', '--cfg-path', '/tmp/tmpl5z80rjn']
[2024-08-22T18:10:43.535+0000] {standard_task_runner.py:83} INFO - Job 11228: Subtask download_data
[2024-08-22T18:10:43.577+0000] {task_command.py:388} INFO - Running <TaskInstance: dag_inmet.download_data manual__2024-08-22T18:10:27.851803+00:00 [running]> on host 8f16cc1bd84f
[2024-08-22T18:10:43.630+0000] {taskinstance.py:1509} INFO - Exporting the following env vars:
AIRFLOW_CTX_DAG_OWNER=***
AIRFLOW_CTX_DAG_ID=dag_inmet
AIRFLOW_CTX_TASK_ID=download_data
AIRFLOW_CTX_EXECUTION_DATE=2024-08-22T18:10:27.851803+00:00
AIRFLOW_CTX_TRY_NUMBER=1
AIRFLOW_CTX_DAG_RUN_ID=manual__2024-08-22T18:10:27.851803+00:00
[2024-08-22T18:10:44.769+0000] {logging_mixin.py:137} INFO - Tempo de execução de download_data: 1.1377 segundos
[2024-08-22T18:10:53.975+0000] {logging_mixin.py:137} INFO - Arquivo salvo como /opt/***/data/bronze/inmet/2024.zip
[2024-08-22T18:10:53.978+0000] {logging_mixin.py:137} INFO - Tempo de execução de download_and_save_file: 9.2087 segundos
[2024-08-22T18:10:53.995+0000] {python.py:177} INFO - Done. Returned value was: /opt/***/data/bronze/inmet/2024.zip
[2024-08-22T18:10:54.010+0000] {taskinstance.py:1323} INFO - Marking task as SUCCESS. dag_id=dag_inmet, task_id=download_data, execution_date=20240822T181027, start_date=20240822T181043, end_date=20240822T181054
[2024-08-22T18:10:54.045+0000] {local_task_job.py:208} INFO - Task exited with return code 0
[2024-08-22T18:10:54.068+0000] {taskinstance.py:2578} INFO - 1 downstream tasks scheduled from follow-on schedule check
