[2024-07-02T13:21:05.779+0000] {taskinstance.py:1083} INFO - Dependencies all met for <TaskInstance: xcom.tsk2 manual__2024-07-02T13:21:04.009565+00:00 [queued]>
[2024-07-02T13:21:05.787+0000] {taskinstance.py:1083} INFO - Dependencies all met for <TaskInstance: xcom.tsk2 manual__2024-07-02T13:21:04.009565+00:00 [queued]>
[2024-07-02T13:21:05.787+0000] {taskinstance.py:1279} INFO - 
--------------------------------------------------------------------------------
[2024-07-02T13:21:05.787+0000] {taskinstance.py:1280} INFO - Starting attempt 1 of 1
[2024-07-02T13:21:05.787+0000] {taskinstance.py:1281} INFO - 
--------------------------------------------------------------------------------
[2024-07-02T13:21:05.797+0000] {taskinstance.py:1300} INFO - Executing <Task(PythonOperator): tsk2> on 2024-07-02 13:21:04.009565+00:00
[2024-07-02T13:21:05.802+0000] {standard_task_runner.py:55} INFO - Started process 102 to run task
[2024-07-02T13:21:05.804+0000] {standard_task_runner.py:82} INFO - Running: ['***', 'tasks', 'run', 'xcom', 'tsk2', 'manual__2024-07-02T13:21:04.009565+00:00', '--job-id', '306', '--raw', '--subdir', 'DAGS_FOLDER/xcom.py', '--cfg-path', '/tmp/tmph7tjm_9a']
[2024-07-02T13:21:05.804+0000] {standard_task_runner.py:83} INFO - Job 306: Subtask tsk2
[2024-07-02T13:21:05.842+0000] {task_command.py:388} INFO - Running <TaskInstance: xcom.tsk2 manual__2024-07-02T13:21:04.009565+00:00 [running]> on host 8cec0a9636e0
[2024-07-02T13:21:05.890+0000] {taskinstance.py:1509} INFO - Exporting the following env vars:
AIRFLOW_CTX_DAG_OWNER=***
AIRFLOW_CTX_DAG_ID=xcom
AIRFLOW_CTX_TASK_ID=tsk2
AIRFLOW_CTX_EXECUTION_DATE=2024-07-02T13:21:04.009565+00:00
AIRFLOW_CTX_TRY_NUMBER=1
AIRFLOW_CTX_DAG_RUN_ID=manual__2024-07-02T13:21:04.009565+00:00
[2024-07-02T13:21:05.899+0000] {logging_mixin.py:137} INFO - valor recuperado: 10200
[2024-07-02T13:21:05.899+0000] {python.py:177} INFO - Done. Returned value was: None
[2024-07-02T13:21:05.906+0000] {taskinstance.py:1323} INFO - Marking task as SUCCESS. dag_id=xcom, task_id=tsk2, execution_date=20240702T132104, start_date=20240702T132105, end_date=20240702T132105
[2024-07-02T13:21:05.935+0000] {local_task_job.py:208} INFO - Task exited with return code 0
[2024-07-02T13:21:05.947+0000] {taskinstance.py:2578} INFO - 0 downstream tasks scheduled from follow-on schedule check
