[2024-08-22T20:16:39.944+0000] {taskinstance.py:1083} INFO - Dependencies all met for <TaskInstance: dag_inmet.process_data manual__2024-08-22T20:14:39.686103+00:00 [queued]>
[2024-08-22T20:16:39.957+0000] {taskinstance.py:1083} INFO - Dependencies all met for <TaskInstance: dag_inmet.process_data manual__2024-08-22T20:14:39.686103+00:00 [queued]>
[2024-08-22T20:16:39.958+0000] {taskinstance.py:1279} INFO - 
--------------------------------------------------------------------------------
[2024-08-22T20:16:39.958+0000] {taskinstance.py:1280} INFO - Starting attempt 1 of 1
[2024-08-22T20:16:39.958+0000] {taskinstance.py:1281} INFO - 
--------------------------------------------------------------------------------
[2024-08-22T20:16:39.973+0000] {taskinstance.py:1300} INFO - Executing <Task(PythonOperator): process_data> on 2024-08-22 20:14:39.686103+00:00
[2024-08-22T20:16:39.979+0000] {standard_task_runner.py:55} INFO - Started process 849 to run task
[2024-08-22T20:16:39.981+0000] {standard_task_runner.py:82} INFO - Running: ['***', 'tasks', 'run', 'dag_inmet', 'process_data', 'manual__2024-08-22T20:14:39.686103+00:00', '--job-id', '11502', '--raw', '--subdir', 'DAGS_FOLDER/dag_inmet.py', '--cfg-path', '/tmp/tmpp8kki81h']
[2024-08-22T20:16:39.983+0000] {standard_task_runner.py:83} INFO - Job 11502: Subtask process_data
[2024-08-22T20:16:40.028+0000] {task_command.py:388} INFO - Running <TaskInstance: dag_inmet.process_data manual__2024-08-22T20:14:39.686103+00:00 [running]> on host 66c986cf6cba
[2024-08-22T20:16:40.088+0000] {taskinstance.py:1509} INFO - Exporting the following env vars:
AIRFLOW_CTX_DAG_OWNER=***
AIRFLOW_CTX_DAG_ID=dag_inmet
AIRFLOW_CTX_TASK_ID=process_data
AIRFLOW_CTX_EXECUTION_DATE=2024-08-22T20:14:39.686103+00:00
AIRFLOW_CTX_TRY_NUMBER=1
AIRFLOW_CTX_DAG_RUN_ID=manual__2024-08-22T20:14:39.686103+00:00
[2024-08-22T20:16:43.144+0000] {warnings.py:110} WARNING - /home/***/.local/lib/python3.7/site-packages/pyspark/context.py:317: FutureWarning: Python 3.7 support is deprecated in Spark 3.4.
  warnings.warn("Python 3.7 support is deprecated in Spark 3.4.", FutureWarning)

[2024-08-22T20:16:43.257+0000] {dag_inmet.py:100} INFO - SparkSession criado com sucesso.
[2024-08-22T20:16:43.266+0000] {logging_mixin.py:137} INFO - Arquivo CSV encontrado: INMET_CO_DF_A001_BRASILIA_01-01-2024_A_31-07-2024.CSV
[2024-08-22T20:16:49.807+0000] {logging_mixin.py:137} INFO - Escrevendo Safra 2024-07
[2024-08-22T20:16:51.345+0000] {logging_mixin.py:137} INFO - Arquivo CSV encontrado: INMET_CO_DF_A042_BRAZLANDIA_01-01-2024_A_31-07-2024.CSV
[2024-08-22T20:16:54.046+0000] {logging_mixin.py:137} INFO - Escrevendo Safra 2024-07
[2024-08-22T20:16:54.517+0000] {logging_mixin.py:137} INFO - Arquivo CSV encontrado: INMET_CO_DF_A045_AGUAS EMENDADAS_01-01-2024_A_31-07-2024.CSV
[2024-08-22T20:16:56.789+0000] {logging_mixin.py:137} INFO - Escrevendo Safra 2024-07
[2024-08-22T20:16:57.183+0000] {logging_mixin.py:137} INFO - Arquivo CSV encontrado: INMET_CO_DF_A046_GAMA (PONTE ALTA)_01-01-2024_A_31-07-2024.CSV
[2024-08-22T20:16:59.440+0000] {logging_mixin.py:137} INFO - Escrevendo Safra 2024-07
[2024-08-22T20:16:59.786+0000] {logging_mixin.py:137} INFO - Arquivo CSV encontrado: INMET_CO_DF_A047_PARANOA (COOPA-DF)_01-01-2024_A_31-07-2024.CSV
[2024-08-22T20:17:01.891+0000] {logging_mixin.py:137} INFO - Escrevendo Safra 2024-07
[2024-08-22T20:17:02.167+0000] {logging_mixin.py:137} INFO - Arquivo CSV encontrado: INMET_CO_GO_A002_GOIANIA_01-01-2024_A_31-07-2024.CSV
[2024-08-22T20:17:04.433+0000] {logging_mixin.py:137} INFO - Escrevendo Safra 2024-07
[2024-08-22T20:17:04.745+0000] {logging_mixin.py:137} INFO - Arquivo CSV encontrado: INMET_CO_GO_A003_MORRINHOS_01-01-2024_A_31-07-2024.CSV
[2024-08-22T20:17:06.810+0000] {logging_mixin.py:137} INFO - Escrevendo Safra 2024-07
[2024-08-22T20:17:07.127+0000] {logging_mixin.py:137} INFO - Arquivo CSV encontrado: INMET_CO_GO_A005_PORANGATU_01-01-2024_A_31-07-2024.CSV
[2024-08-22T20:17:09.196+0000] {logging_mixin.py:137} INFO - Escrevendo Safra 2024-07
[2024-08-22T20:17:09.446+0000] {logging_mixin.py:137} INFO - Arquivo CSV encontrado: INMET_CO_GO_A011_SAO SIMAO_01-01-2024_A_31-07-2024.CSV
[2024-08-22T20:17:10.649+0000] {logging_mixin.py:137} INFO - Escrevendo Safra 2024-07
[2024-08-22T20:17:10.885+0000] {logging_mixin.py:137} INFO - Arquivo CSV encontrado: INMET_CO_GO_A012_LUZIANIA_01-01-2024_A_31-07-2024.CSV
[2024-08-22T20:17:12.923+0000] {logging_mixin.py:137} INFO - Escrevendo Safra 2024-07
[2024-08-22T20:17:13.194+0000] {logging_mixin.py:137} INFO - Arquivo CSV encontrado: INMET_CO_GO_A013_ARAGARCAS_01-01-2024_A_31-07-2024.CSV
[2024-08-22T20:17:14.455+0000] {logging_mixin.py:137} INFO - Escrevendo Safra 2024-07
[2024-08-22T20:17:14.689+0000] {logging_mixin.py:137} INFO - Arquivo CSV encontrado: INMET_CO_GO_A014_GOIAS_01-01-2024_A_31-07-2024.CSV
[2024-08-22T20:17:16.609+0000] {logging_mixin.py:137} INFO - Escrevendo Safra 2024-07
[2024-08-22T20:17:16.843+0000] {logging_mixin.py:137} INFO - Arquivo CSV encontrado: INMET_CO_GO_A015_ITAPACI_01-01-2024_A_31-07-2024.CSV
[2024-08-22T20:17:18.863+0000] {logging_mixin.py:137} INFO - Escrevendo Safra 2024-07
[2024-08-22T20:17:19.107+0000] {logging_mixin.py:137} INFO - Arquivo CSV encontrado: INMET_CO_GO_A016_JATAI_01-01-2024_A_31-07-2024.CSV
[2024-08-22T20:17:21.014+0000] {logging_mixin.py:137} INFO - Escrevendo Safra 2024-07
[2024-08-22T20:17:21.224+0000] {logging_mixin.py:137} INFO - Arquivo CSV encontrado: INMET_CO_GO_A017_POSSE_01-01-2024_A_31-07-2024.CSV
[2024-08-22T20:17:23.064+0000] {logging_mixin.py:137} INFO - Escrevendo Safra 2024-07
[2024-08-22T20:17:23.320+0000] {logging_mixin.py:137} INFO - Arquivo CSV encontrado: INMET_CO_GO_A022_GOIANESIA_01-01-2024_A_31-07-2024.CSV
[2024-08-22T20:17:25.197+0000] {logging_mixin.py:137} INFO - Escrevendo Safra 2024-07
[2024-08-22T20:17:25.382+0000] {logging_mixin.py:137} INFO - Arquivo CSV encontrado: INMET_CO_GO_A023_CAIAPONIA_01-01-2024_A_31-07-2024.CSV
[2024-08-22T20:17:27.343+0000] {logging_mixin.py:137} INFO - Escrevendo Safra 2024-07
[2024-08-22T20:17:27.582+0000] {logging_mixin.py:137} INFO - Arquivo CSV encontrado: INMET_CO_GO_A024_ALTO PARAISO DE GOIAS_01-01-2024_A_31-07-2024.CSV
[2024-08-22T20:17:29.525+0000] {logging_mixin.py:137} INFO - Escrevendo Safra 2024-07
[2024-08-22T20:17:29.723+0000] {logging_mixin.py:137} INFO - Arquivo CSV encontrado: INMET_CO_GO_A025_RIO VERDE_01-01-2024_A_31-07-2024.CSV
[2024-08-22T20:17:31.596+0000] {logging_mixin.py:137} INFO - Escrevendo Safra 2024-07
[2024-08-22T20:17:31.781+0000] {logging_mixin.py:137} INFO - Arquivo CSV encontrado: INMET_CO_GO_A026_MINEIROS_01-01-2024_A_31-07-2024.CSV
[2024-08-22T20:17:33.783+0000] {logging_mixin.py:137} INFO - Escrevendo Safra 2024-07
[2024-08-22T20:17:33.971+0000] {logging_mixin.py:137} INFO - Arquivo CSV encontrado: INMET_CO_GO_A027_PARAUNA_01-01-2024_A_31-07-2024.CSV
[2024-08-22T20:17:35.814+0000] {logging_mixin.py:137} INFO - Escrevendo Safra 2024-07
[2024-08-22T20:17:36.013+0000] {logging_mixin.py:137} INFO - Arquivo CSV encontrado: INMET_CO_GO_A028_IPORA_01-01-2024_A_31-07-2024.CSV
[2024-08-22T20:17:37.118+0000] {logging_mixin.py:137} INFO - Escrevendo Safra 2024-07
[2024-08-22T20:17:37.294+0000] {logging_mixin.py:137} INFO - Arquivo CSV encontrado: INMET_CO_GO_A029_EDEIA_01-01-2024_A_31-07-2024.CSV
[2024-08-22T20:17:39.191+0000] {logging_mixin.py:137} INFO - Escrevendo Safra 2024-07
[2024-08-22T20:17:39.402+0000] {logging_mixin.py:137} INFO - Arquivo CSV encontrado: INMET_CO_GO_A031_SAO MIGUEL DO ARAGUAIA_01-01-2024_A_31-07-2024.CSV
[2024-08-22T20:17:41.289+0000] {logging_mixin.py:137} INFO - Escrevendo Safra 2024-07
[2024-08-22T20:17:41.543+0000] {logging_mixin.py:137} INFO - Arquivo CSV encontrado: INMET_CO_GO_A032_MONTE ALEGRE DE GOIAS_01-01-2024_A_31-07-2024.CSV
[2024-08-22T20:17:43.492+0000] {logging_mixin.py:137} INFO - Escrevendo Safra 2024-07
[2024-08-22T20:17:43.741+0000] {logging_mixin.py:137} INFO - Arquivo CSV encontrado: INMET_CO_GO_A033_PIRES DO RIO_01-01-2024_A_31-07-2024.CSV
[2024-08-22T20:17:45.740+0000] {logging_mixin.py:137} INFO - Escrevendo Safra 2024-07
[2024-08-22T20:17:45.932+0000] {logging_mixin.py:137} INFO - Arquivo CSV encontrado: INMET_CO_GO_A034_CATALAO_01-01-2024_A_31-07-2024.CSV
[2024-08-22T20:17:47.985+0000] {logging_mixin.py:137} INFO - Escrevendo Safra 2024-07
[2024-08-22T20:17:48.173+0000] {logging_mixin.py:137} INFO - Arquivo CSV encontrado: INMET_CO_GO_A035_ITUMBIARA_01-01-2024_A_31-07-2024.CSV
[2024-08-22T20:17:49.968+0000] {logging_mixin.py:137} INFO - Escrevendo Safra 2024-07
[2024-08-22T20:17:50.161+0000] {logging_mixin.py:137} INFO - Arquivo CSV encontrado: INMET_CO_GO_A036_CRISTALINA_01-01-2024_A_31-07-2024.CSV
[2024-08-22T20:17:52.137+0000] {logging_mixin.py:137} INFO - Escrevendo Safra 2024-07
[2024-08-22T20:17:52.328+0000] {logging_mixin.py:137} INFO - Arquivo CSV encontrado: INMET_CO_GO_A037_SILVANIA_01-01-2024_A_31-07-2024.CSV
[2024-08-22T20:17:54.237+0000] {logging_mixin.py:137} INFO - Escrevendo Safra 2024-07
[2024-08-22T20:17:54.443+0000] {logging_mixin.py:137} INFO - Arquivo CSV encontrado: INMET_CO_GO_A056_CRISTALINA (FAZENDA SANTA MONICA)_01-01-2024_A_31-07-2024.CSV
[2024-08-22T20:17:56.354+0000] {logging_mixin.py:137} INFO - Escrevendo Safra 2024-07
[2024-08-22T20:17:56.517+0000] {logging_mixin.py:137} INFO - Arquivo CSV encontrado: INMET_CO_MS_A702_CAMPO GRANDE_01-01-2024_A_31-07-2024.CSV
[2024-08-22T20:17:58.486+0000] {logging_mixin.py:137} INFO - Escrevendo Safra 2024-07
[2024-08-22T20:17:58.673+0000] {logging_mixin.py:137} INFO - Arquivo CSV encontrado: INMET_CO_MS_A703_PONTA PORA_01-01-2024_A_31-07-2024.CSV
[2024-08-22T20:18:00.519+0000] {logging_mixin.py:137} INFO - Escrevendo Safra 2024-07
[2024-08-22T20:18:00.686+0000] {logging_mixin.py:137} INFO - Arquivo CSV encontrado: INMET_CO_MS_A704_TRES LAGOAS_01-01-2024_A_31-07-2024.CSV
[2024-08-22T20:18:02.652+0000] {logging_mixin.py:137} INFO - Escrevendo Safra 2024-07
[2024-08-22T20:18:02.839+0000] {logging_mixin.py:137} INFO - Arquivo CSV encontrado: INMET_CO_MS_A709_IVINHEMA_01-01-2024_A_31-07-2024.CSV
[2024-08-22T20:18:04.900+0000] {logging_mixin.py:137} INFO - Escrevendo Safra 2024-07
[2024-08-22T20:18:05.080+0000] {logging_mixin.py:137} INFO - Arquivo CSV encontrado: INMET_CO_MS_A710_PARANAIBA_01-01-2024_A_31-07-2024.CSV
[2024-08-22T20:18:07.041+0000] {logging_mixin.py:137} INFO - Escrevendo Safra 2024-07
[2024-08-22T20:18:07.217+0000] {logging_mixin.py:137} INFO - Arquivo CSV encontrado: INMET_CO_MS_A717_NHUMIRIM_01-01-2024_A_31-07-2024.CSV
[2024-08-22T20:18:09.171+0000] {logging_mixin.py:137} INFO - Escrevendo Safra 2024-07
[2024-08-22T20:18:09.348+0000] {logging_mixin.py:137} INFO - Arquivo CSV encontrado: INMET_CO_MS_A719_AQUIDAUANA_01-01-2024_A_31-07-2024.CSV
[2024-08-22T20:18:11.290+0000] {logging_mixin.py:137} INFO - Escrevendo Safra 2024-07
[2024-08-22T20:18:11.469+0000] {logging_mixin.py:137} INFO - Arquivo CSV encontrado: INMET_CO_MS_A720_COXIM_01-01-2024_A_31-07-2024.CSV
[2024-08-22T20:18:13.261+0000] {logging_mixin.py:137} INFO - Escrevendo Safra 2024-07
[2024-08-22T20:18:13.451+0000] {logging_mixin.py:137} INFO - Arquivo CSV encontrado: INMET_CO_MS_A721_DOURADOS_01-01-2024_A_31-07-2024.CSV
[2024-08-22T20:18:15.337+0000] {logging_mixin.py:137} INFO - Escrevendo Safra 2024-07
[2024-08-22T20:18:15.513+0000] {logging_mixin.py:137} INFO - Arquivo CSV encontrado: INMET_CO_MS_A722_MIRANDA_01-01-2024_A_31-07-2024.CSV
[2024-08-22T20:18:17.601+0000] {logging_mixin.py:137} INFO - Escrevendo Safra 2024-07
[2024-08-22T20:18:17.804+0000] {logging_mixin.py:137} INFO - Arquivo CSV encontrado: INMET_CO_MS_A723_PORTO MURTINHO_01-01-2024_A_31-07-2024.CSV
[2024-08-22T20:18:19.602+0000] {logging_mixin.py:137} INFO - Escrevendo Safra 2024-07
[2024-08-22T20:18:19.792+0000] {logging_mixin.py:137} INFO - Arquivo CSV encontrado: INMET_CO_MS_A724_CORUMBA_01-01-2024_A_31-07-2024.CSV
[2024-08-22T20:18:21.705+0000] {logging_mixin.py:137} INFO - Escrevendo Safra 2024-07
[2024-08-22T20:18:21.904+0000] {logging_mixin.py:137} INFO - Arquivo CSV encontrado: INMET_CO_MS_A730_CHAPADAO DO SUL_01-01-2024_A_31-07-2024.CSV
[2024-08-22T20:18:23.832+0000] {logging_mixin.py:137} INFO - Escrevendo Safra 2024-07
[2024-08-22T20:18:24.055+0000] {logging_mixin.py:137} INFO - Arquivo CSV encontrado: INMET_CO_MS_A731_MARACAJU_01-01-2024_A_31-07-2024.CSV
[2024-08-22T20:18:25.967+0000] {logging_mixin.py:137} INFO - Escrevendo Safra 2024-07
[2024-08-22T20:18:26.140+0000] {logging_mixin.py:137} INFO - Arquivo CSV encontrado: INMET_CO_MS_A732_SAO GABRIEL DO OESTE_01-01-2024_A_31-07-2024.CSV
[2024-08-22T20:18:28.085+0000] {logging_mixin.py:137} INFO - Escrevendo Safra 2024-07
[2024-08-22T20:18:28.261+0000] {logging_mixin.py:137} INFO - Arquivo CSV encontrado: INMET_CO_MS_A742_CASSILANDIA_01-01-2024_A_31-07-2024.CSV
[2024-08-22T20:18:30.296+0000] {logging_mixin.py:137} INFO - Escrevendo Safra 2024-07
[2024-08-22T20:18:30.473+0000] {logging_mixin.py:137} INFO - Arquivo CSV encontrado: INMET_CO_MS_A743_RIO BRILHANTE_01-01-2024_A_31-07-2024.CSV
[2024-08-22T20:18:32.374+0000] {logging_mixin.py:137} INFO - Escrevendo Safra 2024-07
[2024-08-22T20:18:32.540+0000] {logging_mixin.py:137} INFO - Arquivo CSV encontrado: INMET_CO_MS_A749_JUTI_01-01-2024_A_31-07-2024.CSV
[2024-08-22T20:18:34.478+0000] {logging_mixin.py:137} INFO - Escrevendo Safra 2024-07
[2024-08-22T20:18:34.646+0000] {logging_mixin.py:137} INFO - Arquivo CSV encontrado: INMET_CO_MS_A750_AMAMBAI_01-01-2024_A_31-07-2024.CSV
[2024-08-22T20:18:36.544+0000] {logging_mixin.py:137} INFO - Escrevendo Safra 2024-07
[2024-08-22T20:18:36.736+0000] {logging_mixin.py:137} INFO - Arquivo CSV encontrado: INMET_CO_MS_A751_SETE QUEDAS_01-01-2024_A_31-07-2024.CSV
[2024-08-22T20:18:38.638+0000] {logging_mixin.py:137} INFO - Escrevendo Safra 2024-07
[2024-08-22T20:18:38.823+0000] {logging_mixin.py:137} INFO - Arquivo CSV encontrado: INMET_CO_MS_A752_ITAQUIRAI_01-01-2024_A_31-07-2024.CSV
[2024-08-22T20:18:40.736+0000] {logging_mixin.py:137} INFO - Escrevendo Safra 2024-07
[2024-08-22T20:18:40.954+0000] {logging_mixin.py:137} INFO - Arquivo CSV encontrado: INMET_CO_MS_A754_SIDROLANDIA_01-01-2024_A_31-07-2024.CSV
[2024-08-22T20:18:43.199+0000] {logging_mixin.py:137} INFO - Escrevendo Safra 2024-07
[2024-08-22T20:18:43.402+0000] {logging_mixin.py:137} INFO - Arquivo CSV encontrado: INMET_CO_MS_A756_AGUA CLARA_01-01-2024_A_31-07-2024.CSV
[2024-08-22T20:18:45.284+0000] {logging_mixin.py:137} INFO - Escrevendo Safra 2024-07
[2024-08-22T20:18:45.456+0000] {logging_mixin.py:137} INFO - Arquivo CSV encontrado: INMET_CO_MS_A758_JARDIM_01-01-2024_A_31-07-2024.CSV
[2024-08-22T20:18:47.091+0000] {logging_mixin.py:137} INFO - Escrevendo Safra 2024-07
[2024-08-22T20:18:47.294+0000] {logging_mixin.py:137} INFO - Arquivo CSV encontrado: INMET_CO_MS_A759_BATAGUASSU_01-01-2024_A_31-07-2024.CSV
[2024-08-22T20:18:49.154+0000] {logging_mixin.py:137} INFO - Escrevendo Safra 2024-07
[2024-08-22T20:18:49.335+0000] {logging_mixin.py:137} INFO - Arquivo CSV encontrado: INMET_CO_MS_A760_COSTA RICA_01-01-2024_A_31-07-2024.CSV
[2024-08-22T20:18:51.330+0000] {logging_mixin.py:137} INFO - Escrevendo Safra 2024-07
[2024-08-22T20:18:51.525+0000] {logging_mixin.py:137} INFO - Arquivo CSV encontrado: INMET_CO_MS_A761_SONORA_01-01-2024_A_31-07-2024.CSV
[2024-08-22T20:18:53.511+0000] {logging_mixin.py:137} INFO - Escrevendo Safra 2024-07
[2024-08-22T20:18:53.809+0000] {logging_mixin.py:137} INFO - Arquivo CSV encontrado: INMET_CO_MT_A901_CUIABA_01-01-2024_A_31-07-2024.CSV
[2024-08-22T20:18:56.056+0000] {logging_mixin.py:137} INFO - Escrevendo Safra 2024-07
[2024-08-22T20:18:56.236+0000] {logging_mixin.py:137} INFO - Arquivo CSV encontrado: INMET_CO_MT_A902_TANGARA DA SERRA_01-01-2024_A_31-07-2024.CSV
[2024-08-22T20:18:58.321+0000] {logging_mixin.py:137} INFO - Escrevendo Safra 2024-07
[2024-08-22T20:18:58.493+0000] {logging_mixin.py:137} INFO - Arquivo CSV encontrado: INMET_CO_MT_A903_S.J. DO RIO CLARO_01-01-2024_A_31-07-2024.CSV
[2024-08-22T20:19:00.510+0000] {logging_mixin.py:137} INFO - Escrevendo Safra 2024-07
[2024-08-22T20:19:00.670+0000] {logging_mixin.py:137} INFO - Arquivo CSV encontrado: INMET_CO_MT_A904_SORRISO_01-01-2024_A_31-07-2024.CSV
[2024-08-22T20:19:02.617+0000] {logging_mixin.py:137} INFO - Escrevendo Safra 2024-07
[2024-08-22T20:19:02.786+0000] {logging_mixin.py:137} INFO - Arquivo CSV encontrado: INMET_CO_MT_A905_CAMPO NOVO DOS PARECIS_01-01-2024_A_31-07-2024.CSV
[2024-08-22T20:19:04.379+0000] {logging_mixin.py:137} INFO - Escrevendo Safra 2024-07
[2024-08-22T20:19:04.537+0000] {logging_mixin.py:137} INFO - Arquivo CSV encontrado: INMET_CO_MT_A906_GUARANTA DO NORTE_01-01-2024_A_31-07-2024.CSV
[2024-08-22T20:19:06.618+0000] {logging_mixin.py:137} INFO - Escrevendo Safra 2024-07
[2024-08-22T20:19:06.853+0000] {logging_mixin.py:137} INFO - Arquivo CSV encontrado: INMET_CO_MT_A907_RONDONOPOLIS_01-01-2024_A_31-07-2024.CSV
[2024-08-22T20:19:08.157+0000] {logging_mixin.py:137} INFO - Escrevendo Safra 2024-07
[2024-08-22T20:19:08.319+0000] {logging_mixin.py:137} INFO - Arquivo CSV encontrado: INMET_CO_MT_A908_AGUA BOA_01-01-2024_A_31-07-2024.CSV
[2024-08-22T20:19:10.286+0000] {logging_mixin.py:137} INFO - Escrevendo Safra 2024-07
[2024-08-22T20:19:10.445+0000] {logging_mixin.py:137} INFO - Arquivo CSV encontrado: INMET_CO_MT_A909_ALTO ARAGUAIA_01-01-2024_A_31-07-2024.CSV
[2024-08-22T20:19:12.249+0000] {logging_mixin.py:137} INFO - Escrevendo Safra 2024-07
[2024-08-22T20:19:12.411+0000] {logging_mixin.py:137} INFO - Arquivo CSV encontrado: INMET_CO_MT_A910_APIACAS_01-01-2024_A_31-07-2024.CSV
[2024-08-22T20:19:13.662+0000] {logging_mixin.py:137} INFO - Escrevendo Safra 2024-07
[2024-08-22T20:19:13.809+0000] {logging_mixin.py:137} INFO - Arquivo CSV encontrado: INMET_CO_MT_A911_SAPEZAL_01-01-2024_A_31-07-2024.CSV
[2024-08-22T20:19:15.784+0000] {logging_mixin.py:137} INFO - Escrevendo Safra 2024-07
[2024-08-22T20:19:15.954+0000] {logging_mixin.py:137} INFO - Arquivo CSV encontrado: INMET_CO_MT_A912_CAMPO VERDE_01-01-2024_A_31-07-2024.CSV
[2024-08-22T20:19:17.854+0000] {logging_mixin.py:137} INFO - Escrevendo Safra 2024-07
[2024-08-22T20:19:18.077+0000] {logging_mixin.py:137} INFO - Arquivo CSV encontrado: INMET_CO_MT_A913_COMODORO_01-01-2024_A_31-07-2024.CSV
[2024-08-22T20:19:20.324+0000] {logging_mixin.py:137} INFO - Escrevendo Safra 2024-07
[2024-08-22T20:19:20.502+0000] {logging_mixin.py:137} INFO - Arquivo CSV encontrado: INMET_CO_MT_A914_JUARA_01-01-2024_A_31-07-2024.CSV
[2024-08-22T20:19:21.399+0000] {logging_mixin.py:137} INFO - Escrevendo Safra 2024-07
[2024-08-22T20:19:21.520+0000] {logging_mixin.py:137} INFO - Arquivo CSV encontrado: INMET_CO_MT_A915_PARANATINGA_01-01-2024_A_31-07-2024.CSV
[2024-08-22T20:19:23.444+0000] {logging_mixin.py:137} INFO - Escrevendo Safra 2024-07
[2024-08-22T20:19:23.634+0000] {logging_mixin.py:137} INFO - Arquivo CSV encontrado: INMET_CO_MT_A916_QUERENCIA_01-01-2024_A_31-07-2024.CSV
[2024-08-22T20:19:25.532+0000] {logging_mixin.py:137} INFO - Escrevendo Safra 2024-07
[2024-08-22T20:19:25.662+0000] {logging_mixin.py:137} INFO - Arquivo CSV encontrado: INMET_CO_MT_A917_SINOP_01-01-2024_A_31-07-2024.CSV
[2024-08-22T20:19:27.614+0000] {logging_mixin.py:137} INFO - Escrevendo Safra 2024-07
[2024-08-22T20:19:27.807+0000] {logging_mixin.py:137} INFO - Arquivo CSV encontrado: INMET_CO_MT_A919_COTRIGUACU_01-01-2024_A_31-07-2024.CSV
[2024-08-22T20:19:29.637+0000] {logging_mixin.py:137} INFO - Escrevendo Safra 2024-07
[2024-08-22T20:19:29.808+0000] {logging_mixin.py:137} INFO - Arquivo CSV encontrado: INMET_CO_MT_A920_JUINA_01-01-2024_A_31-07-2024.CSV
[2024-08-22T20:19:31.980+0000] {logging_mixin.py:137} INFO - Escrevendo Safra 2024-07
[2024-08-22T20:19:32.182+0000] {logging_mixin.py:137} INFO - Arquivo CSV encontrado: INMET_CO_MT_A921_SAO FELIX  DO ARAGUAIA_01-01-2024_A_31-07-2024.CSV
[2024-08-22T20:19:33.123+0000] {logging_mixin.py:137} INFO - Escrevendo Safra 2024-07
[2024-08-22T20:19:33.278+0000] {logging_mixin.py:137} INFO - Arquivo CSV encontrado: INMET_CO_MT_A922_VILA BELA DA SANTISSIMA TRINDADE_01-01-2024_A_31-07-2024.CSV
[2024-08-22T20:19:35.144+0000] {logging_mixin.py:137} INFO - Escrevendo Safra 2024-07
[2024-08-22T20:19:35.316+0000] {logging_mixin.py:137} INFO - Arquivo CSV encontrado: INMET_CO_MT_A923_PRIMAVERA DO LESTE_01-01-2024_A_31-07-2024.CSV
[2024-08-22T20:19:36.760+0000] {logging_mixin.py:137} INFO - Escrevendo Safra 2024-07
[2024-08-22T20:19:36.931+0000] {logging_mixin.py:137} INFO - Arquivo CSV encontrado: INMET_CO_MT_A924_ALTA FLORESTA_01-01-2024_A_31-07-2024.CSV
[2024-08-22T20:19:38.694+0000] {logging_mixin.py:137} INFO - Escrevendo Safra 2024-07
[2024-08-22T20:19:38.830+0000] {logging_mixin.py:137} INFO - Arquivo CSV encontrado: INMET_CO_MT_A926_CARLINDA_01-01-2024_A_31-07-2024.CSV
[2024-08-22T20:19:40.673+0000] {logging_mixin.py:137} INFO - Escrevendo Safra 2024-07
[2024-08-22T20:19:40.822+0000] {logging_mixin.py:137} INFO - Arquivo CSV encontrado: INMET_CO_MT_A927_BRASNORTE (NOVO MUNDO)_01-01-2024_A_31-07-2024.CSV
[2024-08-22T20:19:42.302+0000] {logging_mixin.py:137} INFO - Escrevendo Safra 2024-07
[2024-08-22T20:19:42.482+0000] {logging_mixin.py:137} INFO - Arquivo CSV encontrado: INMET_CO_MT_A928_NOVA MARINGA_01-01-2024_A_31-07-2024.CSV
[2024-08-22T20:19:44.504+0000] {logging_mixin.py:137} INFO - Escrevendo Safra 2024-07
[2024-08-22T20:19:44.686+0000] {logging_mixin.py:137} INFO - Arquivo CSV encontrado: INMET_CO_MT_A929_NOVA UBIRATA_01-01-2024_A_31-07-2024.CSV
[2024-08-22T20:19:45.740+0000] {logging_mixin.py:137} INFO - Escrevendo Safra 2024-07
[2024-08-22T20:19:45.891+0000] {logging_mixin.py:137} INFO - Arquivo CSV encontrado: INMET_CO_MT_A930_GAUCHA DO NORTE_01-01-2024_A_31-07-2024.CSV
[2024-08-22T20:19:47.630+0000] {logging_mixin.py:137} INFO - Escrevendo Safra 2024-07
[2024-08-22T20:19:47.795+0000] {logging_mixin.py:137} INFO - Arquivo CSV encontrado: INMET_CO_MT_A931_SANTO ANTONIO DO LESTE_01-01-2024_A_31-07-2024.CSV
[2024-08-22T20:19:49.397+0000] {logging_mixin.py:137} INFO - Escrevendo Safra 2024-07
[2024-08-22T20:19:49.559+0000] {logging_mixin.py:137} INFO - Arquivo CSV encontrado: INMET_CO_MT_A932_GUIRATINGA_01-01-2024_A_31-07-2024.CSV
[2024-08-22T20:19:51.197+0000] {logging_mixin.py:137} INFO - Escrevendo Safra 2024-07
[2024-08-22T20:19:51.348+0000] {logging_mixin.py:137} INFO - Arquivo CSV encontrado: INMET_CO_MT_A933_ITIQUIRA_01-01-2024_A_31-07-2024.CSV
[2024-08-22T20:19:52.709+0000] {logging_mixin.py:137} INFO - Escrevendo Safra 2024-07
[2024-08-22T20:19:52.891+0000] {logging_mixin.py:137} INFO - Arquivo CSV encontrado: INMET_CO_MT_A934_ALTO TAQUARI_01-01-2024_A_31-07-2024.CSV
[2024-08-22T20:19:54.840+0000] {logging_mixin.py:137} INFO - Escrevendo Safra 2024-07
[2024-08-22T20:19:55.027+0000] {logging_mixin.py:137} INFO - Arquivo CSV encontrado: INMET_CO_MT_A935_PORTO ESTRELA_01-01-2024_A_31-07-2024.CSV
[2024-08-22T20:19:56.464+0000] {logging_mixin.py:137} INFO - Escrevendo Safra 2024-07
[2024-08-22T20:19:56.617+0000] {logging_mixin.py:137} INFO - Arquivo CSV encontrado: INMET_CO_MT_A936_SALTO DO CEU_01-01-2024_A_31-07-2024.CSV
[2024-08-22T20:19:58.519+0000] {logging_mixin.py:137} INFO - Escrevendo Safra 2024-07
[2024-08-22T20:19:58.649+0000] {logging_mixin.py:137} INFO - Arquivo CSV encontrado: INMET_CO_MT_A937_PONTES E LACERDA_01-01-2024_A_31-07-2024.CSV
[2024-08-22T20:20:00.420+0000] {logging_mixin.py:137} INFO - Escrevendo Safra 2024-07
[2024-08-22T20:20:00.594+0000] {logging_mixin.py:137} INFO - Arquivo CSV encontrado: INMET_CO_MT_A942_SAO JOSE DO XINGU_01-01-2024_A_31-07-2024.CSV
[2024-08-22T20:20:02.092+0000] {logging_mixin.py:137} INFO - Escrevendo Safra 2024-07
[2024-08-22T20:20:02.295+0000] {logging_mixin.py:137} INFO - Arquivo CSV encontrado: INMET_CO_MT_A943_SERRA NOVA DOURADA_01-01-2024_A_31-07-2024.CSV
[2024-08-22T20:20:03.406+0000] {logging_mixin.py:137} INFO - Escrevendo Safra 2024-07
[2024-08-22T20:20:03.578+0000] {logging_mixin.py:137} INFO - Arquivo CSV encontrado: INMET_CO_MT_A944_ROSARIO OESTE_01-01-2024_A_31-07-2024.CSV
[2024-08-22T20:20:05.666+0000] {logging_mixin.py:137} INFO - Escrevendo Safra 2024-07
[2024-08-22T20:20:05.864+0000] {logging_mixin.py:137} INFO - Arquivo CSV encontrado: INMET_N_AC_A102_PARQUE ESTADUAL CHANDLESS_01-01-2024_A_31-07-2024.CSV
[2024-08-22T20:20:06.839+0000] {logging_mixin.py:137} INFO - Escrevendo Safra 2024-07
[2024-08-22T20:20:07.007+0000] {logging_mixin.py:137} INFO - Arquivo CSV encontrado: INMET_N_AC_A104_RIO BRANCO_01-01-2024_A_31-07-2024.CSV
[2024-08-22T20:20:09.281+0000] {logging_mixin.py:137} INFO - Escrevendo Safra 2024-07
[2024-08-22T20:20:09.465+0000] {logging_mixin.py:137} INFO - Arquivo CSV encontrado: INMET_N_AC_A108_CRUZEIRO DO SUL_01-01-2024_A_31-07-2024.CSV
[2024-08-22T20:20:11.081+0000] {logging_mixin.py:137} INFO - Escrevendo Safra 2024-07
[2024-08-22T20:20:11.249+0000] {logging_mixin.py:137} INFO - Arquivo CSV encontrado: INMET_N_AC_A136_PORTO WALTER_01-01-2024_A_31-07-2024.CSV
[2024-08-22T20:20:12.166+0000] {logging_mixin.py:137} INFO - Escrevendo Safra 2024-07
[2024-08-22T20:20:12.305+0000] {logging_mixin.py:137} INFO - Arquivo CSV encontrado: INMET_N_AC_A137_MARECHAL THAUMATURGO_01-01-2024_A_31-07-2024.CSV
[2024-08-22T20:20:13.229+0000] {logging_mixin.py:137} INFO - Escrevendo Safra 2024-07
[2024-08-22T20:20:13.375+0000] {logging_mixin.py:137} INFO - Arquivo CSV encontrado: INMET_N_AC_A138_FEIJO_01-01-2024_A_31-07-2024.CSV
[2024-08-22T20:20:15.325+0000] {logging_mixin.py:137} INFO - Escrevendo Safra 2024-07
[2024-08-22T20:20:15.481+0000] {logging_mixin.py:137} INFO - Arquivo CSV encontrado: INMET_N_AC_A140_EPITACIOLANDIA_01-01-2024_A_31-07-2024.CSV
[2024-08-22T20:20:17.074+0000] {logging_mixin.py:137} INFO - Escrevendo Safra 2024-07
[2024-08-22T20:20:17.247+0000] {logging_mixin.py:137} INFO - Arquivo CSV encontrado: INMET_N_AM_A101_MANAUS_01-01-2024_A_31-07-2024.CSV
[2024-08-22T20:20:19.341+0000] {logging_mixin.py:137} INFO - Escrevendo Safra 2024-07
[2024-08-22T20:20:19.615+0000] {logging_mixin.py:137} INFO - Arquivo CSV encontrado: INMET_N_AM_A109_EIRUNEPE_01-01-2024_A_31-07-2024.CSV
[2024-08-22T20:20:20.620+0000] {logging_mixin.py:137} INFO - Escrevendo Safra 2024-07
[2024-08-22T20:20:20.884+0000] {logging_mixin.py:137} INFO - Arquivo CSV encontrado: INMET_N_AM_A110_BOCA DO ACRE_01-01-2024_A_31-07-2024.CSV
[2024-08-22T20:20:22.937+0000] {logging_mixin.py:137} INFO - Escrevendo Safra 2024-07
[2024-08-22T20:20:23.106+0000] {logging_mixin.py:137} INFO - Arquivo CSV encontrado: INMET_N_AM_A111_LABREA_01-01-2024_A_31-07-2024.CSV
[2024-08-22T20:20:24.923+0000] {logging_mixin.py:137} INFO - Escrevendo Safra 2024-07
[2024-08-22T20:20:25.086+0000] {logging_mixin.py:137} INFO - Arquivo CSV encontrado: INMET_N_AM_A112_HUMAITA_01-01-2024_A_31-07-2024.CSV
[2024-08-22T20:20:27.031+0000] {logging_mixin.py:137} INFO - Escrevendo Safra 2024-07
[2024-08-22T20:20:27.204+0000] {logging_mixin.py:137} INFO - Arquivo CSV encontrado: INMET_N_AM_A113_APUI_01-01-2024_A_31-07-2024.CSV
[2024-08-22T20:20:28.298+0000] {logging_mixin.py:137} INFO - Escrevendo Safra 2024-07
[2024-08-22T20:20:28.460+0000] {logging_mixin.py:137} INFO - Arquivo CSV encontrado: INMET_N_AM_A117_COARI_01-01-2024_A_31-07-2024.CSV
[2024-08-22T20:20:29.912+0000] {logging_mixin.py:137} INFO - Escrevendo Safra 2024-07
[2024-08-22T20:20:30.065+0000] {logging_mixin.py:137} INFO - Arquivo CSV encontrado: INMET_N_AM_A119_MANACAPURU_01-01-2024_A_31-07-2024.CSV
[2024-08-22T20:20:31.708+0000] {logging_mixin.py:137} INFO - Escrevendo Safra 2024-07
[2024-08-22T20:20:31.889+0000] {logging_mixin.py:137} INFO - Arquivo CSV encontrado: INMET_N_AM_A120_AUTAZES_01-01-2024_A_31-07-2024.CSV
[2024-08-22T20:20:33.616+0000] {logging_mixin.py:137} INFO - Escrevendo Safra 2024-07
[2024-08-22T20:20:33.774+0000] {logging_mixin.py:137} INFO - Arquivo CSV encontrado: INMET_N_AM_A121_ITACOATIARA_01-01-2024_A_31-07-2024.CSV
[2024-08-22T20:20:35.395+0000] {logging_mixin.py:137} INFO - Escrevendo Safra 2024-07
[2024-08-22T20:20:35.520+0000] {logging_mixin.py:137} INFO - Arquivo CSV encontrado: INMET_N_AM_A122_MAUES_01-01-2024_A_31-07-2024.CSV
[2024-08-22T20:20:36.710+0000] {logging_mixin.py:137} INFO - Escrevendo Safra 2024-07
[2024-08-22T20:20:36.848+0000] {logging_mixin.py:137} INFO - Arquivo CSV encontrado: INMET_N_AM_A123_PARINTINS_01-01-2024_A_31-07-2024.CSV
[2024-08-22T20:20:38.888+0000] {logging_mixin.py:137} INFO - Escrevendo Safra 2024-07
[2024-08-22T20:20:39.044+0000] {logging_mixin.py:137} INFO - Arquivo CSV encontrado: INMET_N_AM_A124_URUCARA_01-01-2024_A_31-07-2024.CSV
[2024-08-22T20:20:40.862+0000] {logging_mixin.py:137} INFO - Escrevendo Safra 2024-07
[2024-08-22T20:20:41.000+0000] {logging_mixin.py:137} INFO - Arquivo CSV encontrado: INMET_N_AM_A125_RIO URUBU_01-01-2024_A_31-07-2024.CSV
[2024-08-22T20:20:42.894+0000] {logging_mixin.py:137} INFO - Escrevendo Safra 2024-07
[2024-08-22T20:20:43.037+0000] {logging_mixin.py:137} INFO - Arquivo CSV encontrado: INMET_N_AM_A126_PRESIDENTE FIGUEIREDO_01-01-2024_A_31-07-2024.CSV
[2024-08-22T20:20:44.017+0000] {logging_mixin.py:137} INFO - Escrevendo Safra 2024-07
[2024-08-22T20:20:44.177+0000] {logging_mixin.py:137} INFO - Arquivo CSV encontrado: INMET_N_AM_A128_BARCELOS_01-01-2024_A_31-07-2024.CSV
[2024-08-22T20:20:46.225+0000] {logging_mixin.py:137} INFO - Escrevendo Safra 2024-07
[2024-08-22T20:20:46.360+0000] {logging_mixin.py:137} INFO - Arquivo CSV encontrado: INMET_N_AM_A133_MANICORE_01-01-2024_A_31-07-2024.CSV
[2024-08-22T20:20:48.214+0000] {logging_mixin.py:137} INFO - Escrevendo Safra 2024-07
[2024-08-22T20:20:48.373+0000] {logging_mixin.py:137} INFO - Arquivo CSV encontrado: INMET_N_AM_A134_S. G. DA CACHOEIRA_01-01-2024_A_31-07-2024.CSV
[2024-08-22T20:20:50.183+0000] {logging_mixin.py:137} INFO - Escrevendo Safra 2024-07
[2024-08-22T20:20:50.349+0000] {logging_mixin.py:137} INFO - Arquivo CSV encontrado: INMET_N_AM_A144_NOVO ARIPUANA_01-01-2024_A_31-07-2024.CSV
[2024-08-22T20:20:52.038+0000] {logging_mixin.py:137} INFO - Escrevendo Safra 2024-07
[2024-08-22T20:20:52.192+0000] {logging_mixin.py:137} INFO - Arquivo CSV encontrado: INMET_N_AP_A242_OIAPOQUE_01-01-2024_A_31-07-2024.CSV
[2024-08-22T20:20:54.117+0000] {logging_mixin.py:137} INFO - Escrevendo Safra 2024-07
[2024-08-22T20:20:54.295+0000] {logging_mixin.py:137} INFO - Arquivo CSV encontrado: INMET_N_AP_A244_PORTO GRANDE_01-01-2024_A_31-07-2024.CSV
[2024-08-22T20:20:56.075+0000] {logging_mixin.py:137} INFO - Escrevendo Safra 2024-07
[2024-08-22T20:20:56.232+0000] {logging_mixin.py:137} INFO - Arquivo CSV encontrado: INMET_N_AP_A249_MACAPA_01-01-2024_A_31-07-2024.CSV
[2024-08-22T20:20:58.018+0000] {logging_mixin.py:137} INFO - Escrevendo Safra 2024-07
[2024-08-22T20:20:58.190+0000] {logging_mixin.py:137} INFO - Arquivo CSV encontrado: INMET_N_AP_A251_ITAUBAL_01-01-2024_A_31-07-2024.CSV
[2024-08-22T20:20:59.963+0000] {logging_mixin.py:137} INFO - Escrevendo Safra 2024-07
[2024-08-22T20:21:00.118+0000] {logging_mixin.py:137} INFO - Arquivo CSV encontrado: INMET_NE_AL_A303_MACEIO_01-01-2024_A_31-07-2024.CSV
[2024-08-22T20:21:01.965+0000] {logging_mixin.py:137} INFO - Escrevendo Safra 2024-07
[2024-08-22T20:21:02.091+0000] {logging_mixin.py:137} INFO - Arquivo CSV encontrado: INMET_NE_AL_A323_PAO DE ACUCAR_01-01-2024_A_31-07-2024.CSV
[2024-08-22T20:21:03.606+0000] {logging_mixin.py:137} INFO - Escrevendo Safra 2024-07
[2024-08-22T20:21:03.758+0000] {logging_mixin.py:137} INFO - Arquivo CSV encontrado: INMET_NE_AL_A327_PALMEIRA DOS INDIOS_01-01-2024_A_31-07-2024.CSV
[2024-08-22T20:21:05.547+0000] {logging_mixin.py:137} INFO - Escrevendo Safra 2024-07
[2024-08-22T20:21:05.714+0000] {logging_mixin.py:137} INFO - Arquivo CSV encontrado: INMET_NE_AL_A353_ARAPIRACA_01-01-2024_A_31-07-2024.CSV
[2024-08-22T20:21:07.420+0000] {logging_mixin.py:137} INFO - Escrevendo Safra 2024-07
[2024-08-22T20:21:07.587+0000] {logging_mixin.py:137} INFO - Arquivo CSV encontrado: INMET_NE_AL_A355_CORURIPE_01-01-2024_A_31-07-2024.CSV
[2024-08-22T20:21:09.777+0000] {logging_mixin.py:137} INFO - Escrevendo Safra 2024-07
[2024-08-22T20:21:09.955+0000] {logging_mixin.py:137} INFO - Arquivo CSV encontrado: INMET_NE_AL_A356_SAO LUIS DO QUITUNDE_01-01-2024_A_31-07-2024.CSV
[2024-08-22T20:21:11.983+0000] {logging_mixin.py:137} INFO - Escrevendo Safra 2024-07
[2024-08-22T20:21:12.164+0000] {logging_mixin.py:137} INFO - Arquivo CSV encontrado: INMET_NE_AL_A371_PIRANHAS_01-01-2024_A_31-07-2024.CSV
[2024-08-22T20:21:14.103+0000] {logging_mixin.py:137} INFO - Escrevendo Safra 2024-07
[2024-08-22T20:21:14.292+0000] {logging_mixin.py:137} INFO - Arquivo CSV encontrado: INMET_NE_BA_A401_SALVADOR_01-01-2024_A_31-07-2024.CSV
[2024-08-22T20:21:16.383+0000] {logging_mixin.py:137} INFO - Escrevendo Safra 2024-07
[2024-08-22T20:21:16.549+0000] {logging_mixin.py:137} INFO - Arquivo CSV encontrado: INMET_NE_BA_A402_BARREIRAS_01-01-2024_A_31-07-2024.CSV
[2024-08-22T20:21:18.336+0000] {logging_mixin.py:137} INFO - Escrevendo Safra 2024-07
[2024-08-22T20:21:18.523+0000] {logging_mixin.py:137} INFO - Arquivo CSV encontrado: INMET_NE_BA_A404_LUIZ EDUARDO MAGALHAES_01-01-2024_A_31-07-2024.CSV
[2024-08-22T20:21:20.223+0000] {logging_mixin.py:137} INFO - Escrevendo Safra 2024-07
[2024-08-22T20:21:20.387+0000] {logging_mixin.py:137} INFO - Arquivo CSV encontrado: INMET_NE_BA_A405_CARAVELAS_01-01-2024_A_31-07-2024.CSV
[2024-08-22T20:21:22.137+0000] {logging_mixin.py:137} INFO - Escrevendo Safra 2024-07
[2024-08-22T20:21:22.278+0000] {logging_mixin.py:137} INFO - Arquivo CSV encontrado: INMET_NE_BA_A406_CRUZ DAS ALMAS_01-01-2024_A_31-07-2024.CSV
[2024-08-22T20:21:23.660+0000] {logging_mixin.py:137} INFO - Escrevendo Safra 2024-07
[2024-08-22T20:21:23.833+0000] {logging_mixin.py:137} INFO - Arquivo CSV encontrado: INMET_NE_BA_A407_ITIRUCU_01-01-2024_A_31-07-2024.CSV
[2024-08-22T20:21:25.059+0000] {logging_mixin.py:137} INFO - Escrevendo Safra 2024-07
[2024-08-22T20:21:25.213+0000] {logging_mixin.py:137} INFO - Arquivo CSV encontrado: INMET_NE_BA_A408_ITABERABA_01-01-2024_A_31-07-2024.CSV
[2024-08-22T20:21:26.861+0000] {logging_mixin.py:137} INFO - Escrevendo Safra 2024-07
[2024-08-22T20:21:27.024+0000] {logging_mixin.py:137} INFO - Arquivo CSV encontrado: INMET_NE_BA_A410_ILHEUS_01-01-2024_A_31-07-2024.CSV
[2024-08-22T20:21:29.021+0000] {logging_mixin.py:137} INFO - Escrevendo Safra 2024-07
[2024-08-22T20:21:29.200+0000] {logging_mixin.py:137} INFO - Arquivo CSV encontrado: INMET_NE_BA_A412_MACAJUBA_01-01-2024_A_31-07-2024.CSV
[2024-08-22T20:21:30.417+0000] {logging_mixin.py:137} INFO - Escrevendo Safra 2024-07
[2024-08-22T20:21:30.573+0000] {logging_mixin.py:137} INFO - Arquivo CSV encontrado: INMET_NE_BA_A413_FEIRA DE SANTANA_01-01-2024_A_31-07-2024.CSV
[2024-08-22T20:21:32.589+0000] {logging_mixin.py:137} INFO - Escrevendo Safra 2024-07
[2024-08-22T20:21:32.749+0000] {logging_mixin.py:137} INFO - Arquivo CSV encontrado: INMET_NE_BA_A414_VITORIA DA CONQUISTA_01-01-2024_A_31-07-2024.CSV
[2024-08-22T20:21:34.604+0000] {logging_mixin.py:137} INFO - Escrevendo Safra 2024-07
[2024-08-22T20:21:34.789+0000] {logging_mixin.py:137} INFO - Arquivo CSV encontrado: INMET_NE_BA_A415_SANTA RITA DE CASSIA_01-01-2024_A_31-07-2024.CSV
[2024-08-22T20:21:35.968+0000] {logging_mixin.py:137} INFO - Escrevendo Safra 2024-07
[2024-08-22T20:21:36.117+0000] {logging_mixin.py:137} INFO - Arquivo CSV encontrado: INMET_NE_BA_A416_CORRENTINA_01-01-2024_A_31-07-2024.CSV
[2024-08-22T20:21:37.684+0000] {logging_mixin.py:137} INFO - Escrevendo Safra 2024-07
[2024-08-22T20:21:37.843+0000] {logging_mixin.py:137} INFO - Arquivo CSV encontrado: INMET_NE_BA_A418_BOM JESUS DA LAPA_01-01-2024_A_31-07-2024.CSV
[2024-08-22T20:21:39.205+0000] {logging_mixin.py:137} INFO - Escrevendo Safra 2024-07
[2024-08-22T20:21:39.357+0000] {logging_mixin.py:137} INFO - Arquivo CSV encontrado: INMET_NE_BA_A422_ABROLHOS_01-01-2024_A_31-07-2024.CSV
[2024-08-22T20:21:40.270+0000] {logging_mixin.py:137} INFO - Escrevendo Safra 2024-07
[2024-08-22T20:21:40.419+0000] {logging_mixin.py:137} INFO - Arquivo CSV encontrado: INMET_NE_BA_A423_REMANSO_01-01-2024_A_31-07-2024.CSV
[2024-08-22T20:21:42.181+0000] {logging_mixin.py:137} INFO - Escrevendo Safra 2024-07
[2024-08-22T20:21:42.347+0000] {logging_mixin.py:137} INFO - Arquivo CSV encontrado: INMET_NE_BA_A424_IRECE_01-01-2024_A_31-07-2024.CSV
[2024-08-22T20:21:44.020+0000] {logging_mixin.py:137} INFO - Escrevendo Safra 2024-07
[2024-08-22T20:21:44.178+0000] {logging_mixin.py:137} INFO - Arquivo CSV encontrado: INMET_NE_BA_A425_LENCOIS_01-01-2024_A_31-07-2024.CSV
[2024-08-22T20:21:46.071+0000] {logging_mixin.py:137} INFO - Escrevendo Safra 2024-07
[2024-08-22T20:21:46.275+0000] {logging_mixin.py:137} INFO - Arquivo CSV encontrado: INMET_NE_BA_A426_GUANAMBI_01-01-2024_A_31-07-2024.CSV
[2024-08-22T20:21:47.737+0000] {logging_mixin.py:137} INFO - Escrevendo Safra 2024-07
[2024-08-22T20:21:47.895+0000] {logging_mixin.py:137} INFO - Arquivo CSV encontrado: INMET_NE_BA_A427_PORTO SEGURO_01-01-2024_A_31-07-2024.CSV
[2024-08-22T20:21:48.966+0000] {logging_mixin.py:137} INFO - Escrevendo Safra 2024-07
[2024-08-22T20:21:49.141+0000] {logging_mixin.py:137} INFO - Arquivo CSV encontrado: INMET_NE_BA_A428_SENHOR DO BONFIM_01-01-2024_A_31-07-2024.CSV
[2024-08-22T20:21:51.022+0000] {logging_mixin.py:137} INFO - Escrevendo Safra 2024-07
[2024-08-22T20:21:51.199+0000] {logging_mixin.py:137} INFO - Arquivo CSV encontrado: INMET_NE_BA_A429_BARRA_01-01-2024_A_31-07-2024.CSV
[2024-08-22T20:21:52.727+0000] {logging_mixin.py:137} INFO - Escrevendo Safra 2024-07
[2024-08-22T20:21:52.885+0000] {logging_mixin.py:137} INFO - Arquivo CSV encontrado: INMET_NE_BA_A430_PIATA_01-01-2024_A_31-07-2024.CSV
[2024-08-22T20:21:54.855+0000] {logging_mixin.py:137} INFO - Escrevendo Safra 2024-07
[2024-08-22T20:21:55.066+0000] {logging_mixin.py:137} INFO - Arquivo CSV encontrado: INMET_NE_BA_A431_CONDE_01-01-2024_A_31-07-2024.CSV
[2024-08-22T20:21:56.885+0000] {logging_mixin.py:137} INFO - Escrevendo Safra 2024-07
[2024-08-22T20:21:57.041+0000] {logging_mixin.py:137} INFO - Arquivo CSV encontrado: INMET_NE_BA_A432_BURITIRAMA_01-01-2024_A_31-07-2024.CSV
[2024-08-22T20:21:58.726+0000] {logging_mixin.py:137} INFO - Escrevendo Safra 2024-07
[2024-08-22T20:21:58.922+0000] {logging_mixin.py:137} INFO - Arquivo CSV encontrado: INMET_NE_BA_A433_BRUMADO_01-01-2024_A_31-07-2024.CSV
[2024-08-22T20:22:00.947+0000] {logging_mixin.py:137} INFO - Escrevendo Safra 2024-07
[2024-08-22T20:22:01.101+0000] {logging_mixin.py:137} INFO - Arquivo CSV encontrado: INMET_NE_BA_A434_AMARGOSA_01-01-2024_A_31-07-2024.CSV
[2024-08-22T20:22:02.979+0000] {logging_mixin.py:137} INFO - Escrevendo Safra 2024-07
[2024-08-22T20:22:03.101+0000] {logging_mixin.py:137} INFO - Arquivo CSV encontrado: INMET_NE_BA_A436_QUEIMADAS_01-01-2024_A_31-07-2024.CSV
[2024-08-22T20:22:03.997+0000] {logging_mixin.py:137} INFO - Escrevendo Safra 2024-07
[2024-08-22T20:22:04.155+0000] {logging_mixin.py:137} INFO - Arquivo CSV encontrado: INMET_NE_BA_A437_UNA_01-01-2024_A_31-07-2024.CSV
[2024-08-22T20:22:06.154+0000] {logging_mixin.py:137} INFO - Escrevendo Safra 2024-07
[2024-08-22T20:22:06.328+0000] {logging_mixin.py:137} INFO - Arquivo CSV encontrado: INMET_NE_BA_A438_MARAU_01-01-2024_A_31-07-2024.CSV
[2024-08-22T20:22:07.666+0000] {logging_mixin.py:137} INFO - Escrevendo Safra 2024-07
[2024-08-22T20:22:07.816+0000] {logging_mixin.py:137} INFO - Arquivo CSV encontrado: INMET_NE_BA_A439_IBOTIRAMA_01-01-2024_A_31-07-2024.CSV
[2024-08-22T20:22:09.666+0000] {logging_mixin.py:137} INFO - Escrevendo Safra 2024-07
[2024-08-22T20:22:09.797+0000] {logging_mixin.py:137} INFO - Arquivo CSV encontrado: INMET_NE_BA_A440_JACOBINA_01-01-2024_A_31-07-2024.CSV
[2024-08-22T20:22:11.295+0000] {logging_mixin.py:137} INFO - Escrevendo Safra 2024-07
[2024-08-22T20:22:11.453+0000] {logging_mixin.py:137} INFO - Arquivo CSV encontrado: INMET_NE_BA_A441_SERRINHA_01-01-2024_A_31-07-2024.CSV
[2024-08-22T20:22:13.207+0000] {logging_mixin.py:137} INFO - Escrevendo Safra 2024-07
[2024-08-22T20:22:13.360+0000] {logging_mixin.py:137} INFO - Arquivo CSV encontrado: INMET_NE_BA_A442_EUCLIDES DA CUNHA_01-01-2024_A_31-07-2024.CSV
[2024-08-22T20:22:15.222+0000] {logging_mixin.py:137} INFO - Escrevendo Safra 2024-07
[2024-08-22T20:22:15.369+0000] {logging_mixin.py:137} INFO - Arquivo CSV encontrado: INMET_NE_BA_A443_DELFINO_01-01-2024_A_31-07-2024.CSV
[2024-08-22T20:22:16.927+0000] {logging_mixin.py:137} INFO - Escrevendo Safra 2024-07
[2024-08-22T20:22:17.060+0000] {logging_mixin.py:137} INFO - Arquivo CSV encontrado: INMET_NE_BA_A444_VALENCA_01-01-2024_A_31-07-2024.CSV
[2024-08-22T20:22:19.048+0000] {logging_mixin.py:137} INFO - Escrevendo Safra 2024-07
[2024-08-22T20:22:19.240+0000] {logging_mixin.py:137} INFO - Arquivo CSV encontrado: INMET_NE_BA_A445_IPIAU_01-01-2024_A_31-07-2024.CSV
[2024-08-22T20:22:21.173+0000] {logging_mixin.py:137} INFO - Escrevendo Safra 2024-07
[2024-08-22T20:22:21.350+0000] {logging_mixin.py:137} INFO - Arquivo CSV encontrado: INMET_NE_BA_A446_ITAPETINGA_01-01-2024_A_31-07-2024.CSV
[2024-08-22T20:22:23.452+0000] {logging_mixin.py:137} INFO - Escrevendo Safra 2024-07
[2024-08-22T20:22:23.653+0000] {logging_mixin.py:137} INFO - Arquivo CSV encontrado: INMET_NE_BA_A447_BELMONTE_01-01-2024_A_31-07-2024.CSV
[2024-08-22T20:22:25.637+0000] {logging_mixin.py:137} INFO - Escrevendo Safra 2024-07
[2024-08-22T20:22:25.814+0000] {logging_mixin.py:137} INFO - Arquivo CSV encontrado: INMET_NE_BA_A448_CURACA_01-01-2024_A_31-07-2024.CSV
[2024-08-22T20:22:27.416+0000] {logging_mixin.py:137} INFO - Escrevendo Safra 2024-07
[2024-08-22T20:22:27.577+0000] {logging_mixin.py:137} INFO - Arquivo CSV encontrado: INMET_NE_BA_A450_JEREMOABO_01-01-2024_A_31-07-2024.CSV
[2024-08-22T20:22:29.414+0000] {logging_mixin.py:137} INFO - Escrevendo Safra 2024-07
[2024-08-22T20:22:29.578+0000] {logging_mixin.py:137} INFO - Arquivo CSV encontrado: INMET_NE_BA_A452_FORMOSA DO RIO PRETO_01-01-2024_A_31-07-2024.CSV
[2024-08-22T20:22:30.764+0000] {logging_mixin.py:137} INFO - Escrevendo Safra 2024-07
[2024-08-22T20:22:30.943+0000] {logging_mixin.py:137} INFO - Arquivo CSV encontrado: INMET_NE_BA_A455_ITAMARAJU_01-01-2024_A_31-07-2024.CSV
[2024-08-22T20:22:32.547+0000] {logging_mixin.py:137} INFO - Escrevendo Safra 2024-07
[2024-08-22T20:22:32.701+0000] {logging_mixin.py:137} INFO - Arquivo CSV encontrado: INMET_NE_BA_A456_SALVADOR (RADIO FAROL)_01-01-2024_A_31-07-2024.CSV
[2024-08-22T20:22:34.540+0000] {logging_mixin.py:137} INFO - Escrevendo Safra 2024-07
[2024-08-22T20:22:34.739+0000] {logging_mixin.py:137} INFO - Arquivo CSV encontrado: INMET_NE_BA_A458_RIBEIRA DO AMPARO_01-01-2024_A_31-07-2024.CSV
[2024-08-22T20:22:36.713+0000] {logging_mixin.py:137} INFO - Escrevendo Safra 2024-07
[2024-08-22T20:22:36.869+0000] {logging_mixin.py:137} INFO - Arquivo CSV encontrado: INMET_NE_CE_A305_FORTALEZA_01-01-2024_A_31-07-2024.CSV
[2024-08-22T20:22:38.234+0000] {logging_mixin.py:137} INFO - Escrevendo Safra 2024-07
[2024-08-22T20:22:38.381+0000] {logging_mixin.py:137} INFO - Arquivo CSV encontrado: INMET_NE_CE_A306_SOBRAL_01-01-2024_A_31-07-2024.CSV
