[2024-07-02T15:00:56.218+0000] {taskinstance.py:1083} INFO - Dependencies all met for <TaskInstance: default_args.tsk2 scheduled__2024-07-02T14:00:00+00:00 [queued]>
[2024-07-02T15:00:56.227+0000] {taskinstance.py:1083} INFO - Dependencies all met for <TaskInstance: default_args.tsk2 scheduled__2024-07-02T14:00:00+00:00 [queued]>
[2024-07-02T15:00:56.227+0000] {taskinstance.py:1279} INFO - 
--------------------------------------------------------------------------------
[2024-07-02T15:00:56.228+0000] {taskinstance.py:1280} INFO - Starting attempt 1 of 2
[2024-07-02T15:00:56.228+0000] {taskinstance.py:1281} INFO - 
--------------------------------------------------------------------------------
[2024-07-02T15:00:56.239+0000] {taskinstance.py:1300} INFO - Executing <Task(BashOperator): tsk2> on 2024-07-02 14:00:00+00:00
[2024-07-02T15:00:56.244+0000] {standard_task_runner.py:55} INFO - Started process 83 to run task
[2024-07-02T15:00:56.246+0000] {standard_task_runner.py:82} INFO - Running: ['***', 'tasks', 'run', 'default_args', 'tsk2', 'scheduled__2024-07-02T14:00:00+00:00', '--job-id', '330', '--raw', '--subdir', 'DAGS_FOLDER/default_args.py', '--cfg-path', '/tmp/tmp1fwr210p']
[2024-07-02T15:00:56.247+0000] {standard_task_runner.py:83} INFO - Job 330: Subtask tsk2
[2024-07-02T15:00:56.293+0000] {task_command.py:388} INFO - Running <TaskInstance: default_args.tsk2 scheduled__2024-07-02T14:00:00+00:00 [running]> on host 42f09d7b73fb
[2024-07-02T15:00:56.352+0000] {taskinstance.py:1509} INFO - Exporting the following env vars:
AIRFLOW_CTX_DAG_EMAIL=testeskleuber@gmail.com
AIRFLOW_CTX_DAG_OWNER=***
AIRFLOW_CTX_DAG_ID=default_args
AIRFLOW_CTX_TASK_ID=tsk2
AIRFLOW_CTX_EXECUTION_DATE=2024-07-02T14:00:00+00:00
AIRFLOW_CTX_TRY_NUMBER=1
AIRFLOW_CTX_DAG_RUN_ID=scheduled__2024-07-02T14:00:00+00:00
[2024-07-02T15:00:56.353+0000] {subprocess.py:63} INFO - Tmp dir root location: 
 /tmp
[2024-07-02T15:00:56.353+0000] {subprocess.py:75} INFO - Running command: ['/bin/bash', '-c', 'sleep 5']
[2024-07-02T15:00:56.365+0000] {subprocess.py:86} INFO - Output:
[2024-07-02T15:01:01.367+0000] {subprocess.py:97} INFO - Command exited with return code 0
[2024-07-02T15:01:01.396+0000] {taskinstance.py:1323} INFO - Marking task as SUCCESS. dag_id=default_args, task_id=tsk2, execution_date=20240702T140000, start_date=20240702T150056, end_date=20240702T150101
[2024-07-02T15:01:01.428+0000] {local_task_job.py:208} INFO - Task exited with return code 0
[2024-07-02T15:01:01.452+0000] {taskinstance.py:2578} INFO - 1 downstream tasks scheduled from follow-on schedule check
