[2024-07-10T15:11:58.292+0000] {taskinstance.py:1083} INFO - Dependencies all met for <TaskInstance: windturbine.file_sensor_task manual__2024-07-10T15:11:56.827820+00:00 [queued]>
[2024-07-10T15:11:58.300+0000] {taskinstance.py:1083} INFO - Dependencies all met for <TaskInstance: windturbine.file_sensor_task manual__2024-07-10T15:11:56.827820+00:00 [queued]>
[2024-07-10T15:11:58.300+0000] {taskinstance.py:1279} INFO - 
--------------------------------------------------------------------------------
[2024-07-10T15:11:58.300+0000] {taskinstance.py:1280} INFO - Starting attempt 1 of 2
[2024-07-10T15:11:58.300+0000] {taskinstance.py:1281} INFO - 
--------------------------------------------------------------------------------
[2024-07-10T15:11:58.312+0000] {taskinstance.py:1300} INFO - Executing <Task(FileSensor): file_sensor_task> on 2024-07-10 15:11:56.827820+00:00
[2024-07-10T15:11:58.318+0000] {standard_task_runner.py:55} INFO - Started process 481 to run task
[2024-07-10T15:11:58.320+0000] {standard_task_runner.py:82} INFO - Running: ['***', 'tasks', 'run', 'windturbine', 'file_sensor_task', 'manual__2024-07-10T15:11:56.827820+00:00', '--job-id', '794', '--raw', '--subdir', 'DAGS_FOLDER/windturbine.py', '--cfg-path', '/tmp/tmpvbu1bu4c']
[2024-07-10T15:11:58.321+0000] {standard_task_runner.py:83} INFO - Job 794: Subtask file_sensor_task
[2024-07-10T15:11:58.364+0000] {task_command.py:388} INFO - Running <TaskInstance: windturbine.file_sensor_task manual__2024-07-10T15:11:56.827820+00:00 [running]> on host 2051c12a5a3c
[2024-07-10T15:11:58.420+0000] {taskinstance.py:1509} INFO - Exporting the following env vars:
AIRFLOW_CTX_DAG_EMAIL=testeskleuber@gmail.com
AIRFLOW_CTX_DAG_OWNER=***
AIRFLOW_CTX_DAG_ID=windturbine
AIRFLOW_CTX_TASK_ID=file_sensor_task
AIRFLOW_CTX_EXECUTION_DATE=2024-07-10T15:11:56.827820+00:00
AIRFLOW_CTX_TRY_NUMBER=1
AIRFLOW_CTX_DAG_RUN_ID=manual__2024-07-10T15:11:56.827820+00:00
[2024-07-10T15:11:58.426+0000] {base.py:73} INFO - Using connection ID 'fs_default' for task execution.
[2024-07-10T15:11:58.427+0000] {filesystem.py:64} INFO - Poking for file /opt/***/data/data.json
[2024-07-10T15:12:08.441+0000] {base.py:73} INFO - Using connection ID 'fs_default' for task execution.
[2024-07-10T15:12:08.441+0000] {filesystem.py:64} INFO - Poking for file /opt/***/data/data.json
[2024-07-10T15:12:18.456+0000] {base.py:73} INFO - Using connection ID 'fs_default' for task execution.
[2024-07-10T15:12:18.456+0000] {filesystem.py:64} INFO - Poking for file /opt/***/data/data.json
[2024-07-10T15:12:28.470+0000] {base.py:73} INFO - Using connection ID 'fs_default' for task execution.
[2024-07-10T15:12:28.471+0000] {filesystem.py:64} INFO - Poking for file /opt/***/data/data.json
[2024-07-10T15:12:38.485+0000] {base.py:73} INFO - Using connection ID 'fs_default' for task execution.
[2024-07-10T15:12:38.485+0000] {filesystem.py:64} INFO - Poking for file /opt/***/data/data.json
[2024-07-10T15:12:38.485+0000] {filesystem.py:69} INFO - Found File /opt/***/data/data.json last modified: 20230319224634
[2024-07-10T15:12:38.485+0000] {base.py:228} INFO - Success criteria met. Exiting.
[2024-07-10T15:12:38.494+0000] {taskinstance.py:1323} INFO - Marking task as SUCCESS. dag_id=windturbine, task_id=file_sensor_task, execution_date=20240710T151156, start_date=20240710T151158, end_date=20240710T151238
[2024-07-10T15:12:38.532+0000] {local_task_job.py:208} INFO - Task exited with return code 0
[2024-07-10T15:12:38.566+0000] {taskinstance.py:2578} INFO - 1 downstream tasks scheduled from follow-on schedule check
