[2024-08-06T19:17:43.499+0000] {taskinstance.py:1083} INFO - Dependencies all met for <TaskInstance: dag_inmet.download_data manual__2024-08-06T19:17:38.599522+00:00 [queued]>
[2024-08-06T19:17:43.509+0000] {taskinstance.py:1083} INFO - Dependencies all met for <TaskInstance: dag_inmet.download_data manual__2024-08-06T19:17:38.599522+00:00 [queued]>
[2024-08-06T19:17:43.509+0000] {taskinstance.py:1279} INFO - 
--------------------------------------------------------------------------------
[2024-08-06T19:17:43.509+0000] {taskinstance.py:1280} INFO - Starting attempt 1 of 1
[2024-08-06T19:17:43.509+0000] {taskinstance.py:1281} INFO - 
--------------------------------------------------------------------------------
[2024-08-06T19:17:43.519+0000] {taskinstance.py:1300} INFO - Executing <Task(PythonOperator): download_data> on 2024-08-06 19:17:38.599522+00:00
[2024-08-06T19:17:43.526+0000] {standard_task_runner.py:55} INFO - Started process 102 to run task
[2024-08-06T19:17:43.527+0000] {standard_task_runner.py:82} INFO - Running: ['***', 'tasks', 'run', 'dag_inmet', 'download_data', 'manual__2024-08-06T19:17:38.599522+00:00', '--job-id', '4659', '--raw', '--subdir', 'DAGS_FOLDER/dag_inmet.py', '--cfg-path', '/tmp/tmp0pc9wkxf']
[2024-08-06T19:17:43.529+0000] {standard_task_runner.py:83} INFO - Job 4659: Subtask download_data
[2024-08-06T19:17:43.571+0000] {task_command.py:388} INFO - Running <TaskInstance: dag_inmet.download_data manual__2024-08-06T19:17:38.599522+00:00 [running]> on host cead369387e0
[2024-08-06T19:17:43.622+0000] {taskinstance.py:1509} INFO - Exporting the following env vars:
AIRFLOW_CTX_DAG_OWNER=***
AIRFLOW_CTX_DAG_ID=dag_inmet
AIRFLOW_CTX_TASK_ID=download_data
AIRFLOW_CTX_EXECUTION_DATE=2024-08-06T19:17:38.599522+00:00
AIRFLOW_CTX_TRY_NUMBER=1
AIRFLOW_CTX_DAG_RUN_ID=manual__2024-08-06T19:17:38.599522+00:00
[2024-08-06T19:17:44.557+0000] {logging_mixin.py:137} INFO - Tempo de execução de download_data: 0.9335 segundos
[2024-08-06T19:18:03.319+0000] {logging_mixin.py:137} INFO - Arquivo salvo como /opt/***/data/bronze/2023.zip
[2024-08-06T19:18:03.329+0000] {logging_mixin.py:137} INFO - Tempo de execução de download_and_save_file: 18.7724 segundos
[2024-08-06T19:18:03.364+0000] {python.py:177} INFO - Done. Returned value was: /opt/***/data/bronze/2023.zip
[2024-08-06T19:18:03.384+0000] {taskinstance.py:1323} INFO - Marking task as SUCCESS. dag_id=dag_inmet, task_id=download_data, execution_date=20240806T191738, start_date=20240806T191743, end_date=20240806T191803
[2024-08-06T19:18:03.440+0000] {local_task_job.py:208} INFO - Task exited with return code 0
[2024-08-06T19:18:03.473+0000] {taskinstance.py:2578} INFO - 1 downstream tasks scheduled from follow-on schedule check
