[2024-08-28T21:20:38.871+0000] {taskinstance.py:1083} INFO - Dependencies all met for <TaskInstance: dag_inmet.download_data manual__2024-08-28T21:20:30.774642+00:00 [queued]>
[2024-08-28T21:20:38.885+0000] {taskinstance.py:1083} INFO - Dependencies all met for <TaskInstance: dag_inmet.download_data manual__2024-08-28T21:20:30.774642+00:00 [queued]>
[2024-08-28T21:20:38.885+0000] {taskinstance.py:1279} INFO - 
--------------------------------------------------------------------------------
[2024-08-28T21:20:38.885+0000] {taskinstance.py:1280} INFO - Starting attempt 1 of 1
[2024-08-28T21:20:38.885+0000] {taskinstance.py:1281} INFO - 
--------------------------------------------------------------------------------
[2024-08-28T21:20:38.901+0000] {taskinstance.py:1300} INFO - Executing <Task(PythonOperator): download_data> on 2024-08-28 21:20:30.774642+00:00
[2024-08-28T21:20:38.911+0000] {standard_task_runner.py:55} INFO - Started process 161 to run task
[2024-08-28T21:20:38.913+0000] {standard_task_runner.py:82} INFO - Running: ['***', 'tasks', 'run', 'dag_inmet', 'download_data', 'manual__2024-08-28T21:20:30.774642+00:00', '--job-id', '12644', '--raw', '--subdir', 'DAGS_FOLDER/dag_inmet.py', '--cfg-path', '/tmp/tmp5wkj179g']
[2024-08-28T21:20:38.915+0000] {standard_task_runner.py:83} INFO - Job 12644: Subtask download_data
[2024-08-28T21:20:38.965+0000] {task_command.py:388} INFO - Running <TaskInstance: dag_inmet.download_data manual__2024-08-28T21:20:30.774642+00:00 [running]> on host 50af263b1053
[2024-08-28T21:20:39.026+0000] {taskinstance.py:1509} INFO - Exporting the following env vars:
AIRFLOW_CTX_DAG_OWNER=***
AIRFLOW_CTX_DAG_ID=dag_inmet
AIRFLOW_CTX_TASK_ID=download_data
AIRFLOW_CTX_EXECUTION_DATE=2024-08-28T21:20:30.774642+00:00
AIRFLOW_CTX_TRY_NUMBER=1
AIRFLOW_CTX_DAG_RUN_ID=manual__2024-08-28T21:20:30.774642+00:00
[2024-08-28T21:20:40.336+0000] {logging_mixin.py:137} INFO - Tempo de execução de download_data: 1.3095 segundos
[2024-08-28T21:20:54.273+0000] {logging_mixin.py:137} INFO - Arquivo salvo como /opt/***/data/bronze/inmet/2024.zip
[2024-08-28T21:20:54.277+0000] {logging_mixin.py:137} INFO - Tempo de execução de download_and_save_file: 13.9402 segundos
[2024-08-28T21:20:54.294+0000] {python.py:177} INFO - Done. Returned value was: /opt/***/data/bronze/inmet/2024.zip
[2024-08-28T21:20:54.308+0000] {taskinstance.py:1323} INFO - Marking task as SUCCESS. dag_id=dag_inmet, task_id=download_data, execution_date=20240828T212030, start_date=20240828T212038, end_date=20240828T212054
[2024-08-28T21:20:54.362+0000] {local_task_job.py:208} INFO - Task exited with return code 0
[2024-08-28T21:20:54.395+0000] {taskinstance.py:2578} INFO - 1 downstream tasks scheduled from follow-on schedule check
