[2024-07-02T19:27:40.389+0000] {taskinstance.py:1083} INFO - Dependencies all met for <TaskInstance: consumer.t1 dataset_triggered__2024-07-02T19:27:38.982672+00:00 [queued]>
[2024-07-02T19:27:40.396+0000] {taskinstance.py:1083} INFO - Dependencies all met for <TaskInstance: consumer.t1 dataset_triggered__2024-07-02T19:27:38.982672+00:00 [queued]>
[2024-07-02T19:27:40.396+0000] {taskinstance.py:1279} INFO - 
--------------------------------------------------------------------------------
[2024-07-02T19:27:40.396+0000] {taskinstance.py:1280} INFO - Starting attempt 1 of 1
[2024-07-02T19:27:40.396+0000] {taskinstance.py:1281} INFO - 
--------------------------------------------------------------------------------
[2024-07-02T19:27:40.407+0000] {taskinstance.py:1300} INFO - Executing <Task(PythonOperator): t1> on 2024-07-02 19:27:38.982672+00:00
[2024-07-02T19:27:40.412+0000] {standard_task_runner.py:55} INFO - Started process 924 to run task
[2024-07-02T19:27:40.414+0000] {standard_task_runner.py:82} INFO - Running: ['***', 'tasks', 'run', 'consumer', 't1', 'dataset_triggered__2024-07-02T19:27:38.982672+00:00', '--job-id', '762', '--raw', '--subdir', 'DAGS_FOLDER/consumer.py', '--cfg-path', '/tmp/tmp2ixeerlu']
[2024-07-02T19:27:40.415+0000] {standard_task_runner.py:83} INFO - Job 762: Subtask t1
[2024-07-02T19:27:40.455+0000] {task_command.py:388} INFO - Running <TaskInstance: consumer.t1 dataset_triggered__2024-07-02T19:27:38.982672+00:00 [running]> on host 6932124ae65a
[2024-07-02T19:27:40.504+0000] {taskinstance.py:1509} INFO - Exporting the following env vars:
AIRFLOW_CTX_DAG_OWNER=***
AIRFLOW_CTX_DAG_ID=consumer
AIRFLOW_CTX_TASK_ID=t1
AIRFLOW_CTX_EXECUTION_DATE=2024-07-02T19:27:38.982672+00:00
AIRFLOW_CTX_TRY_NUMBER=1
AIRFLOW_CTX_DAG_RUN_ID=dataset_triggered__2024-07-02T19:27:38.982672+00:00
[2024-07-02T19:27:40.513+0000] {python.py:177} INFO - Done. Returned value was: None
[2024-07-02T19:27:40.521+0000] {taskinstance.py:1323} INFO - Marking task as SUCCESS. dag_id=consumer, task_id=t1, execution_date=20240702T192738, start_date=20240702T192740, end_date=20240702T192740
[2024-07-02T19:27:40.546+0000] {local_task_job.py:208} INFO - Task exited with return code 0
[2024-07-02T19:27:40.558+0000] {taskinstance.py:2578} INFO - 0 downstream tasks scheduled from follow-on schedule check
