[2024-07-30T13:21:02.745+0000] {taskinstance.py:1083} INFO - Dependencies all met for <TaskInstance: dag_inmet.process_data manual__2024-07-30T13:20:34.228278+00:00 [queued]>
[2024-07-30T13:21:02.753+0000] {taskinstance.py:1083} INFO - Dependencies all met for <TaskInstance: dag_inmet.process_data manual__2024-07-30T13:20:34.228278+00:00 [queued]>
[2024-07-30T13:21:02.753+0000] {taskinstance.py:1279} INFO - 
--------------------------------------------------------------------------------
[2024-07-30T13:21:02.753+0000] {taskinstance.py:1280} INFO - Starting attempt 1 of 1
[2024-07-30T13:21:02.753+0000] {taskinstance.py:1281} INFO - 
--------------------------------------------------------------------------------
[2024-07-30T13:21:02.763+0000] {taskinstance.py:1300} INFO - Executing <Task(PythonOperator): process_data> on 2024-07-30 13:20:34.228278+00:00
[2024-07-30T13:21:02.768+0000] {standard_task_runner.py:55} INFO - Started process 443 to run task
[2024-07-30T13:21:02.768+0000] {clientserver.py:543} INFO - Closing down clientserver connection
[2024-07-30T13:21:02.771+0000] {standard_task_runner.py:82} INFO - Running: ['***', 'tasks', 'run', 'dag_inmet', 'process_data', 'manual__2024-07-30T13:20:34.228278+00:00', '--job-id', '2299', '--raw', '--subdir', 'DAGS_FOLDER/dag_inmet.py', '--cfg-path', '/tmp/tmpswd8lvai']
[2024-07-30T13:21:02.773+0000] {standard_task_runner.py:83} INFO - Job 2299: Subtask process_data
[2024-07-30T13:21:02.814+0000] {task_command.py:388} INFO - Running <TaskInstance: dag_inmet.process_data manual__2024-07-30T13:20:34.228278+00:00 [running]> on host b19a2fac4a90
[2024-07-30T13:21:02.865+0000] {taskinstance.py:1509} INFO - Exporting the following env vars:
AIRFLOW_CTX_DAG_OWNER=***
AIRFLOW_CTX_DAG_ID=dag_inmet
AIRFLOW_CTX_TASK_ID=process_data
AIRFLOW_CTX_EXECUTION_DATE=2024-07-30T13:20:34.228278+00:00
AIRFLOW_CTX_TRY_NUMBER=1
AIRFLOW_CTX_DAG_RUN_ID=manual__2024-07-30T13:20:34.228278+00:00
[2024-07-30T13:21:03.437+0000] {dag_inmet.py:63} INFO - SparkSession criado com sucesso.
[2024-07-30T13:21:04.757+0000] {logging_mixin.py:137} WARNING - Traceback (most recent call last):
[2024-07-30T13:21:04.757+0000] {logging_mixin.py:137} WARNING -   File "/home/***/.local/lib/python3.7/site-packages/pyspark/serializers.py", line 459, in dumps
    return cloudpickle.dumps(obj, pickle_protocol)
[2024-07-30T13:21:04.757+0000] {logging_mixin.py:137} WARNING -   File "/home/***/.local/lib/python3.7/site-packages/pyspark/cloudpickle/cloudpickle_fast.py", line 102, in dumps
    cp.dump(obj)
[2024-07-30T13:21:04.757+0000] {logging_mixin.py:137} WARNING -   File "/home/***/.local/lib/python3.7/site-packages/pyspark/cloudpickle/cloudpickle_fast.py", line 632, in dump
    return Pickler.dump(self, obj)
[2024-07-30T13:21:04.758+0000] {logging_mixin.py:137} WARNING -   File "/usr/local/lib/python3.7/pickle.py", line 437, in dump
    self.save(obj)
[2024-07-30T13:21:04.758+0000] {logging_mixin.py:137} WARNING -   File "/usr/local/lib/python3.7/pickle.py", line 504, in save
    f(self, obj) # Call unbound method with explicit self
[2024-07-30T13:21:04.758+0000] {logging_mixin.py:137} WARNING -   File "/usr/local/lib/python3.7/pickle.py", line 789, in save_tuple
    save(element)
[2024-07-30T13:21:04.758+0000] {logging_mixin.py:137} WARNING -   File "/usr/local/lib/python3.7/pickle.py", line 504, in save
    f(self, obj) # Call unbound method with explicit self
[2024-07-30T13:21:04.758+0000] {logging_mixin.py:137} WARNING -   File "/home/***/.local/lib/python3.7/site-packages/pyspark/cloudpickle/cloudpickle_fast.py", line 819, in save_function
    *self._dynamic_function_reduce(obj), obj=obj
[2024-07-30T13:21:04.758+0000] {logging_mixin.py:137} WARNING -   File "/home/***/.local/lib/python3.7/site-packages/pyspark/cloudpickle/cloudpickle_fast.py", line 756, in _save_reduce_pickle5
    dictitems=dictitems, obj=obj
[2024-07-30T13:21:04.758+0000] {logging_mixin.py:137} WARNING -   File "/usr/local/lib/python3.7/pickle.py", line 638, in save_reduce
    save(args)
[2024-07-30T13:21:04.758+0000] {logging_mixin.py:137} WARNING -   File "/usr/local/lib/python3.7/pickle.py", line 504, in save
    f(self, obj) # Call unbound method with explicit self
[2024-07-30T13:21:04.758+0000] {logging_mixin.py:137} WARNING -   File "/usr/local/lib/python3.7/pickle.py", line 789, in save_tuple
    save(element)
[2024-07-30T13:21:04.758+0000] {logging_mixin.py:137} WARNING -   File "/usr/local/lib/python3.7/pickle.py", line 504, in save
    f(self, obj) # Call unbound method with explicit self
[2024-07-30T13:21:04.758+0000] {logging_mixin.py:137} WARNING -   File "/usr/local/lib/python3.7/pickle.py", line 774, in save_tuple
    save(element)
[2024-07-30T13:21:04.758+0000] {logging_mixin.py:137} WARNING -   File "/usr/local/lib/python3.7/pickle.py", line 504, in save
    f(self, obj) # Call unbound method with explicit self
[2024-07-30T13:21:04.758+0000] {logging_mixin.py:137} WARNING -   File "/home/***/.local/lib/python3.7/site-packages/dill/_dill.py", line 1146, in save_cell
    f = obj.cell_contents
[2024-07-30T13:21:04.758+0000] {logging_mixin.py:137} WARNING - ValueError: Cell is empty
[2024-07-30T13:21:04.759+0000] {dag_inmet.py:69} ERROR - Erro no processamento dos dados: Could not serialize object: ValueError: Cell is empty
