[2024-07-30T15:12:25.718+0000] {taskinstance.py:1083} INFO - Dependencies all met for <TaskInstance: dag_inmet.process_data manual__2024-07-30T15:10:54.275211+00:00 [queued]>
[2024-07-30T15:12:25.727+0000] {taskinstance.py:1083} INFO - Dependencies all met for <TaskInstance: dag_inmet.process_data manual__2024-07-30T15:10:54.275211+00:00 [queued]>
[2024-07-30T15:12:25.727+0000] {taskinstance.py:1279} INFO - 
--------------------------------------------------------------------------------
[2024-07-30T15:12:25.727+0000] {taskinstance.py:1280} INFO - Starting attempt 1 of 1
[2024-07-30T15:12:25.727+0000] {taskinstance.py:1281} INFO - 
--------------------------------------------------------------------------------
[2024-07-30T15:12:25.737+0000] {taskinstance.py:1300} INFO - Executing <Task(PythonOperator): process_data> on 2024-07-30 15:10:54.275211+00:00
[2024-07-30T15:12:25.743+0000] {standard_task_runner.py:55} INFO - Started process 3636 to run task
[2024-07-30T15:12:25.745+0000] {standard_task_runner.py:82} INFO - Running: ['***', 'tasks', 'run', 'dag_inmet', 'process_data', 'manual__2024-07-30T15:10:54.275211+00:00', '--job-id', '2625', '--raw', '--subdir', 'DAGS_FOLDER/dag_inmet.py', '--cfg-path', '/tmp/tmpgm2x9i_e']
[2024-07-30T15:12:25.746+0000] {standard_task_runner.py:83} INFO - Job 2625: Subtask process_data
[2024-07-30T15:12:25.788+0000] {task_command.py:388} INFO - Running <TaskInstance: dag_inmet.process_data manual__2024-07-30T15:10:54.275211+00:00 [running]> on host de721ab37e41
[2024-07-30T15:12:25.842+0000] {taskinstance.py:1509} INFO - Exporting the following env vars:
AIRFLOW_CTX_DAG_OWNER=***
AIRFLOW_CTX_DAG_ID=dag_inmet
AIRFLOW_CTX_TASK_ID=process_data
AIRFLOW_CTX_EXECUTION_DATE=2024-07-30T15:10:54.275211+00:00
AIRFLOW_CTX_TRY_NUMBER=1
AIRFLOW_CTX_DAG_RUN_ID=manual__2024-07-30T15:10:54.275211+00:00
[2024-07-30T15:12:28.195+0000] {warnings.py:110} WARNING - /home/***/.local/lib/python3.7/site-packages/pyspark/context.py:317: FutureWarning: Python 3.7 support is deprecated in Spark 3.4.
  warnings.warn("Python 3.7 support is deprecated in Spark 3.4.", FutureWarning)

[2024-07-30T15:12:28.293+0000] {dag_inmet.py:72} INFO - SparkSession criado com sucesso.
[2024-07-30T15:12:28.699+0000] {python.py:177} INFO - Done. Returned value was: None
[2024-07-30T15:12:28.732+0000] {taskinstance.py:1323} INFO - Marking task as SUCCESS. dag_id=dag_inmet, task_id=process_data, execution_date=20240730T151054, start_date=20240730T151225, end_date=20240730T151228
[2024-07-30T15:12:28.804+0000] {local_task_job.py:208} INFO - Task exited with return code 0
[2024-07-30T15:12:28.834+0000] {taskinstance.py:2578} INFO - 0 downstream tasks scheduled from follow-on schedule check
