[2024-06-28T14:13:03.064+0000] {taskinstance.py:1083} INFO - Dependencies all met for <TaskInstance: dagcomplexa.tsk3 manual__2024-06-28T14:13:01.960353+00:00 [queued]>
[2024-06-28T14:13:03.072+0000] {taskinstance.py:1083} INFO - Dependencies all met for <TaskInstance: dagcomplexa.tsk3 manual__2024-06-28T14:13:01.960353+00:00 [queued]>
[2024-06-28T14:13:03.072+0000] {taskinstance.py:1279} INFO - 
--------------------------------------------------------------------------------
[2024-06-28T14:13:03.072+0000] {taskinstance.py:1280} INFO - Starting attempt 1 of 1
[2024-06-28T14:13:03.072+0000] {taskinstance.py:1281} INFO - 
--------------------------------------------------------------------------------
[2024-06-28T14:13:03.086+0000] {taskinstance.py:1300} INFO - Executing <Task(BashOperator): tsk3> on 2024-06-28 14:13:01.960353+00:00
[2024-06-28T14:13:03.092+0000] {standard_task_runner.py:55} INFO - Started process 182 to run task
[2024-06-28T14:13:03.094+0000] {standard_task_runner.py:82} INFO - Running: ['***', 'tasks', 'run', 'dagcomplexa', 'tsk3', 'manual__2024-06-28T14:13:01.960353+00:00', '--job-id', '235', '--raw', '--subdir', 'DAGS_FOLDER/dagcomplexa.py', '--cfg-path', '/tmp/tmpsieenuwg']
[2024-06-28T14:13:03.095+0000] {standard_task_runner.py:83} INFO - Job 235: Subtask tsk3
[2024-06-28T14:13:03.146+0000] {task_command.py:388} INFO - Running <TaskInstance: dagcomplexa.tsk3 manual__2024-06-28T14:13:01.960353+00:00 [running]> on host af5a9109901a
[2024-06-28T14:13:03.210+0000] {taskinstance.py:1509} INFO - Exporting the following env vars:
AIRFLOW_CTX_DAG_OWNER=***
AIRFLOW_CTX_DAG_ID=dagcomplexa
AIRFLOW_CTX_TASK_ID=tsk3
AIRFLOW_CTX_EXECUTION_DATE=2024-06-28T14:13:01.960353+00:00
AIRFLOW_CTX_TRY_NUMBER=1
AIRFLOW_CTX_DAG_RUN_ID=manual__2024-06-28T14:13:01.960353+00:00
[2024-06-28T14:13:03.212+0000] {subprocess.py:63} INFO - Tmp dir root location: 
 /tmp
[2024-06-28T14:13:03.213+0000] {subprocess.py:75} INFO - Running command: ['/bin/bash', '-c', 'sleep 5']
[2024-06-28T14:13:03.225+0000] {subprocess.py:86} INFO - Output:
[2024-06-28T14:13:08.228+0000] {subprocess.py:97} INFO - Command exited with return code 0
[2024-06-28T14:13:08.248+0000] {taskinstance.py:1323} INFO - Marking task as SUCCESS. dag_id=dagcomplexa, task_id=tsk3, execution_date=20240628T141301, start_date=20240628T141303, end_date=20240628T141308
[2024-06-28T14:13:08.271+0000] {local_task_job.py:208} INFO - Task exited with return code 0
[2024-06-28T14:13:08.295+0000] {taskinstance.py:2578} INFO - 1 downstream tasks scheduled from follow-on schedule check
