[2024-08-28T15:31:30.433+0000] {taskinstance.py:1083} INFO - Dependencies all met for <TaskInstance: sarima_forecast_dag.run_sarima_forecast manual__2024-08-28T15:31:13.275118+00:00 [queued]>
[2024-08-28T15:31:30.450+0000] {taskinstance.py:1083} INFO - Dependencies all met for <TaskInstance: sarima_forecast_dag.run_sarima_forecast manual__2024-08-28T15:31:13.275118+00:00 [queued]>
[2024-08-28T15:31:30.450+0000] {taskinstance.py:1279} INFO - 
--------------------------------------------------------------------------------
[2024-08-28T15:31:30.450+0000] {taskinstance.py:1280} INFO - Starting attempt 1 of 1
[2024-08-28T15:31:30.450+0000] {taskinstance.py:1281} INFO - 
--------------------------------------------------------------------------------
[2024-08-28T15:31:30.467+0000] {taskinstance.py:1300} INFO - Executing <Task(PythonOperator): run_sarima_forecast> on 2024-08-28 15:31:13.275118+00:00
[2024-08-28T15:31:30.474+0000] {standard_task_runner.py:55} INFO - Started process 20976 to run task
[2024-08-28T15:31:30.476+0000] {standard_task_runner.py:82} INFO - Running: ['***', 'tasks', 'run', 'sarima_forecast_dag', 'run_sarima_forecast', 'manual__2024-08-28T15:31:13.275118+00:00', '--job-id', '12181', '--raw', '--subdir', 'DAGS_FOLDER/dag_forecast_ts_rainfall.py', '--cfg-path', '/tmp/tmp1_uzzarq']
[2024-08-28T15:31:30.478+0000] {standard_task_runner.py:83} INFO - Job 12181: Subtask run_sarima_forecast
[2024-08-28T15:31:30.529+0000] {task_command.py:388} INFO - Running <TaskInstance: sarima_forecast_dag.run_sarima_forecast manual__2024-08-28T15:31:13.275118+00:00 [running]> on host 4958d38180c6
[2024-08-28T15:31:30.584+0000] {taskinstance.py:1509} INFO - Exporting the following env vars:
AIRFLOW_CTX_DAG_OWNER=***
AIRFLOW_CTX_DAG_ID=sarima_forecast_dag
AIRFLOW_CTX_TASK_ID=run_sarima_forecast
AIRFLOW_CTX_EXECUTION_DATE=2024-08-28T15:31:13.275118+00:00
AIRFLOW_CTX_TRY_NUMBER=1
AIRFLOW_CTX_DAG_RUN_ID=manual__2024-08-28T15:31:13.275118+00:00
[2024-08-28T15:31:33.277+0000] {python.py:177} INFO - Done. Returned value was: None
[2024-08-28T15:31:33.289+0000] {taskinstance.py:1323} INFO - Marking task as SUCCESS. dag_id=sarima_forecast_dag, task_id=run_sarima_forecast, execution_date=20240828T153113, start_date=20240828T153130, end_date=20240828T153133
[2024-08-28T15:31:33.334+0000] {local_task_job.py:208} INFO - Task exited with return code 0
[2024-08-28T15:31:33.347+0000] {taskinstance.py:2578} INFO - 0 downstream tasks scheduled from follow-on schedule check
