[2024-08-07T21:30:05.221+0000] {taskinstance.py:1083} INFO - Dependencies all met for <TaskInstance: dag_inmet.download_data manual__2024-08-07T21:29:50.632761+00:00 [queued]>
[2024-08-07T21:30:05.229+0000] {taskinstance.py:1083} INFO - Dependencies all met for <TaskInstance: dag_inmet.download_data manual__2024-08-07T21:29:50.632761+00:00 [queued]>
[2024-08-07T21:30:05.229+0000] {taskinstance.py:1279} INFO - 
--------------------------------------------------------------------------------
[2024-08-07T21:30:05.229+0000] {taskinstance.py:1280} INFO - Starting attempt 1 of 1
[2024-08-07T21:30:05.229+0000] {taskinstance.py:1281} INFO - 
--------------------------------------------------------------------------------
[2024-08-07T21:30:05.241+0000] {taskinstance.py:1300} INFO - Executing <Task(PythonOperator): download_data> on 2024-08-07 21:29:50.632761+00:00
[2024-08-07T21:30:05.247+0000] {standard_task_runner.py:55} INFO - Started process 613 to run task
[2024-08-07T21:30:05.249+0000] {standard_task_runner.py:82} INFO - Running: ['***', 'tasks', 'run', 'dag_inmet', 'download_data', 'manual__2024-08-07T21:29:50.632761+00:00', '--job-id', '5581', '--raw', '--subdir', 'DAGS_FOLDER/dag_inmet.py', '--cfg-path', '/tmp/tmpcivxgpwa']
[2024-08-07T21:30:05.250+0000] {standard_task_runner.py:83} INFO - Job 5581: Subtask download_data
[2024-08-07T21:30:05.294+0000] {task_command.py:388} INFO - Running <TaskInstance: dag_inmet.download_data manual__2024-08-07T21:29:50.632761+00:00 [running]> on host da0057b0268c
[2024-08-07T21:30:05.348+0000] {taskinstance.py:1509} INFO - Exporting the following env vars:
AIRFLOW_CTX_DAG_OWNER=***
AIRFLOW_CTX_DAG_ID=dag_inmet
AIRFLOW_CTX_TASK_ID=download_data
AIRFLOW_CTX_EXECUTION_DATE=2024-08-07T21:29:50.632761+00:00
AIRFLOW_CTX_TRY_NUMBER=1
AIRFLOW_CTX_DAG_RUN_ID=manual__2024-08-07T21:29:50.632761+00:00
[2024-08-07T21:30:06.612+0000] {logging_mixin.py:137} INFO - Tempo de execução de download_data: 1.2635 segundos
[2024-08-07T21:30:40.064+0000] {logging_mixin.py:137} INFO - Arquivo salvo como /opt/***/data/bronze/2022.zip
[2024-08-07T21:30:40.068+0000] {logging_mixin.py:137} INFO - Tempo de execução de download_and_save_file: 33.4554 segundos
[2024-08-07T21:30:40.086+0000] {python.py:177} INFO - Done. Returned value was: /opt/***/data/bronze/2022.zip
[2024-08-07T21:30:40.101+0000] {taskinstance.py:1323} INFO - Marking task as SUCCESS. dag_id=dag_inmet, task_id=download_data, execution_date=20240807T212950, start_date=20240807T213005, end_date=20240807T213040
[2024-08-07T21:30:40.134+0000] {local_task_job.py:208} INFO - Task exited with return code 0
[2024-08-07T21:30:40.155+0000] {taskinstance.py:2578} INFO - 1 downstream tasks scheduled from follow-on schedule check
