[2024-07-24T00:02:00.939+0000] {processor.py:153} INFO - Started process (PID=42) to work on /opt/airflow/dags/dag_inmet.py
[2024-07-24T00:02:00.940+0000] {processor.py:743} INFO - Processing file /opt/airflow/dags/dag_inmet.py for tasks to queue
[2024-07-24T00:02:00.940+0000] {logging_mixin.py:137} INFO - [2024-07-24T00:02:00.940+0000] {dagbag.py:538} INFO - Filling up the DagBag from /opt/airflow/dags/dag_inmet.py
[2024-07-24T00:02:00.965+0000] {processor.py:753} INFO - DAG(s) dict_keys(['dag_inmet']) retrieved from /opt/airflow/dags/dag_inmet.py
[2024-07-24T00:02:00.992+0000] {logging_mixin.py:137} INFO - [2024-07-24T00:02:00.992+0000] {dag.py:2690} INFO - Sync 1 DAGs
[2024-07-24T00:02:01.014+0000] {logging_mixin.py:137} INFO - [2024-07-24T00:02:01.014+0000] {dag.py:3441} INFO - Setting next_dagrun for dag_inmet to 2024-07-23T13:01:05.460867+00:00, run_after=2024-07-24T13:01:05.460867+00:00
[2024-07-24T00:02:01.028+0000] {processor.py:175} INFO - Processing /opt/airflow/dags/dag_inmet.py took 0.091 seconds
[2024-07-24T00:03:08.996+0000] {processor.py:153} INFO - Started process (PID=42) to work on /opt/airflow/dags/dag_inmet.py
[2024-07-24T00:03:08.997+0000] {processor.py:743} INFO - Processing file /opt/airflow/dags/dag_inmet.py for tasks to queue
[2024-07-24T00:03:08.998+0000] {logging_mixin.py:137} INFO - [2024-07-24T00:03:08.997+0000] {dagbag.py:538} INFO - Filling up the DagBag from /opt/airflow/dags/dag_inmet.py
[2024-07-24T00:03:09.024+0000] {processor.py:753} INFO - DAG(s) dict_keys(['dag_inmet']) retrieved from /opt/airflow/dags/dag_inmet.py
[2024-07-24T00:03:09.055+0000] {logging_mixin.py:137} INFO - [2024-07-24T00:03:09.054+0000] {dag.py:2690} INFO - Sync 1 DAGs
[2024-07-24T00:03:09.080+0000] {logging_mixin.py:137} INFO - [2024-07-24T00:03:09.080+0000] {dag.py:3441} INFO - Setting next_dagrun for dag_inmet to 2024-07-23T13:01:05.460867+00:00, run_after=2024-07-24T13:01:05.460867+00:00
[2024-07-24T00:03:09.097+0000] {processor.py:175} INFO - Processing /opt/airflow/dags/dag_inmet.py took 0.104 seconds
[2024-07-24T00:04:16.319+0000] {processor.py:153} INFO - Started process (PID=42) to work on /opt/airflow/dags/dag_inmet.py
[2024-07-24T00:04:16.320+0000] {processor.py:743} INFO - Processing file /opt/airflow/dags/dag_inmet.py for tasks to queue
[2024-07-24T00:04:16.320+0000] {logging_mixin.py:137} INFO - [2024-07-24T00:04:16.320+0000] {dagbag.py:538} INFO - Filling up the DagBag from /opt/airflow/dags/dag_inmet.py
[2024-07-24T00:04:16.344+0000] {processor.py:753} INFO - DAG(s) dict_keys(['dag_inmet']) retrieved from /opt/airflow/dags/dag_inmet.py
[2024-07-24T00:04:16.373+0000] {logging_mixin.py:137} INFO - [2024-07-24T00:04:16.373+0000] {dag.py:2690} INFO - Sync 1 DAGs
[2024-07-24T00:04:16.399+0000] {logging_mixin.py:137} INFO - [2024-07-24T00:04:16.399+0000] {dag.py:3441} INFO - Setting next_dagrun for dag_inmet to 2024-07-23T13:01:05.460867+00:00, run_after=2024-07-24T13:01:05.460867+00:00
[2024-07-24T00:04:16.414+0000] {processor.py:175} INFO - Processing /opt/airflow/dags/dag_inmet.py took 0.097 seconds
[2024-07-24T00:05:24.161+0000] {processor.py:153} INFO - Started process (PID=42) to work on /opt/airflow/dags/dag_inmet.py
[2024-07-24T00:05:24.162+0000] {processor.py:743} INFO - Processing file /opt/airflow/dags/dag_inmet.py for tasks to queue
[2024-07-24T00:05:24.162+0000] {logging_mixin.py:137} INFO - [2024-07-24T00:05:24.162+0000] {dagbag.py:538} INFO - Filling up the DagBag from /opt/airflow/dags/dag_inmet.py
[2024-07-24T00:05:24.185+0000] {processor.py:753} INFO - DAG(s) dict_keys(['dag_inmet']) retrieved from /opt/airflow/dags/dag_inmet.py
[2024-07-24T00:05:24.213+0000] {logging_mixin.py:137} INFO - [2024-07-24T00:05:24.213+0000] {dag.py:2690} INFO - Sync 1 DAGs
[2024-07-24T00:05:24.234+0000] {logging_mixin.py:137} INFO - [2024-07-24T00:05:24.234+0000] {dag.py:3441} INFO - Setting next_dagrun for dag_inmet to 2024-07-23T13:01:05.460867+00:00, run_after=2024-07-24T13:01:05.460867+00:00
[2024-07-24T00:05:24.255+0000] {processor.py:175} INFO - Processing /opt/airflow/dags/dag_inmet.py took 0.096 seconds
[2024-07-24T00:06:31.340+0000] {processor.py:153} INFO - Started process (PID=42) to work on /opt/airflow/dags/dag_inmet.py
[2024-07-24T00:06:31.341+0000] {processor.py:743} INFO - Processing file /opt/airflow/dags/dag_inmet.py for tasks to queue
[2024-07-24T00:06:31.341+0000] {logging_mixin.py:137} INFO - [2024-07-24T00:06:31.341+0000] {dagbag.py:538} INFO - Filling up the DagBag from /opt/airflow/dags/dag_inmet.py
[2024-07-24T00:06:31.362+0000] {processor.py:753} INFO - DAG(s) dict_keys(['dag_inmet']) retrieved from /opt/airflow/dags/dag_inmet.py
[2024-07-24T00:06:31.388+0000] {logging_mixin.py:137} INFO - [2024-07-24T00:06:31.388+0000] {dag.py:2690} INFO - Sync 1 DAGs
[2024-07-24T00:06:31.409+0000] {logging_mixin.py:137} INFO - [2024-07-24T00:06:31.409+0000] {dag.py:3441} INFO - Setting next_dagrun for dag_inmet to 2024-07-23T13:01:05.460867+00:00, run_after=2024-07-24T13:01:05.460867+00:00
[2024-07-24T00:06:31.423+0000] {processor.py:175} INFO - Processing /opt/airflow/dags/dag_inmet.py took 0.085 seconds
[2024-07-24T00:07:38.481+0000] {processor.py:153} INFO - Started process (PID=42) to work on /opt/airflow/dags/dag_inmet.py
[2024-07-24T00:07:38.482+0000] {processor.py:743} INFO - Processing file /opt/airflow/dags/dag_inmet.py for tasks to queue
[2024-07-24T00:07:38.482+0000] {logging_mixin.py:137} INFO - [2024-07-24T00:07:38.482+0000] {dagbag.py:538} INFO - Filling up the DagBag from /opt/airflow/dags/dag_inmet.py
[2024-07-24T00:07:38.504+0000] {processor.py:753} INFO - DAG(s) dict_keys(['dag_inmet']) retrieved from /opt/airflow/dags/dag_inmet.py
[2024-07-24T00:07:38.532+0000] {logging_mixin.py:137} INFO - [2024-07-24T00:07:38.532+0000] {dag.py:2690} INFO - Sync 1 DAGs
[2024-07-24T00:07:38.553+0000] {logging_mixin.py:137} INFO - [2024-07-24T00:07:38.553+0000] {dag.py:3441} INFO - Setting next_dagrun for dag_inmet to 2024-07-23T13:01:05.460867+00:00, run_after=2024-07-24T13:01:05.460867+00:00
[2024-07-24T00:07:38.567+0000] {processor.py:175} INFO - Processing /opt/airflow/dags/dag_inmet.py took 0.087 seconds
[2024-07-24T00:08:45.886+0000] {processor.py:153} INFO - Started process (PID=42) to work on /opt/airflow/dags/dag_inmet.py
[2024-07-24T00:08:45.887+0000] {processor.py:743} INFO - Processing file /opt/airflow/dags/dag_inmet.py for tasks to queue
[2024-07-24T00:08:45.887+0000] {logging_mixin.py:137} INFO - [2024-07-24T00:08:45.887+0000] {dagbag.py:538} INFO - Filling up the DagBag from /opt/airflow/dags/dag_inmet.py
[2024-07-24T00:08:45.908+0000] {processor.py:753} INFO - DAG(s) dict_keys(['dag_inmet']) retrieved from /opt/airflow/dags/dag_inmet.py
[2024-07-24T00:08:45.935+0000] {logging_mixin.py:137} INFO - [2024-07-24T00:08:45.934+0000] {dag.py:2690} INFO - Sync 1 DAGs
[2024-07-24T00:08:45.955+0000] {logging_mixin.py:137} INFO - [2024-07-24T00:08:45.955+0000] {dag.py:3441} INFO - Setting next_dagrun for dag_inmet to 2024-07-23T13:01:05.460867+00:00, run_after=2024-07-24T13:01:05.460867+00:00
[2024-07-24T00:08:45.969+0000] {processor.py:175} INFO - Processing /opt/airflow/dags/dag_inmet.py took 0.085 seconds
[2024-07-24T00:09:53.016+0000] {processor.py:153} INFO - Started process (PID=42) to work on /opt/airflow/dags/dag_inmet.py
[2024-07-24T00:09:53.016+0000] {processor.py:743} INFO - Processing file /opt/airflow/dags/dag_inmet.py for tasks to queue
[2024-07-24T00:09:53.017+0000] {logging_mixin.py:137} INFO - [2024-07-24T00:09:53.017+0000] {dagbag.py:538} INFO - Filling up the DagBag from /opt/airflow/dags/dag_inmet.py
[2024-07-24T00:09:53.038+0000] {processor.py:753} INFO - DAG(s) dict_keys(['dag_inmet']) retrieved from /opt/airflow/dags/dag_inmet.py
[2024-07-24T00:09:53.064+0000] {logging_mixin.py:137} INFO - [2024-07-24T00:09:53.064+0000] {dag.py:2690} INFO - Sync 1 DAGs
[2024-07-24T00:09:53.085+0000] {logging_mixin.py:137} INFO - [2024-07-24T00:09:53.085+0000] {dag.py:3441} INFO - Setting next_dagrun for dag_inmet to 2024-07-23T13:01:05.460867+00:00, run_after=2024-07-24T13:01:05.460867+00:00
[2024-07-24T00:09:53.099+0000] {processor.py:175} INFO - Processing /opt/airflow/dags/dag_inmet.py took 0.085 seconds
[2024-07-24T00:11:00.321+0000] {processor.py:153} INFO - Started process (PID=42) to work on /opt/airflow/dags/dag_inmet.py
[2024-07-24T00:11:00.321+0000] {processor.py:743} INFO - Processing file /opt/airflow/dags/dag_inmet.py for tasks to queue
[2024-07-24T00:11:00.322+0000] {logging_mixin.py:137} INFO - [2024-07-24T00:11:00.322+0000] {dagbag.py:538} INFO - Filling up the DagBag from /opt/airflow/dags/dag_inmet.py
[2024-07-24T00:11:00.347+0000] {processor.py:753} INFO - DAG(s) dict_keys(['dag_inmet']) retrieved from /opt/airflow/dags/dag_inmet.py
[2024-07-24T00:11:00.392+0000] {logging_mixin.py:137} INFO - [2024-07-24T00:11:00.392+0000] {dag.py:2690} INFO - Sync 1 DAGs
[2024-07-24T00:11:00.431+0000] {logging_mixin.py:137} INFO - [2024-07-24T00:11:00.431+0000] {dag.py:3441} INFO - Setting next_dagrun for dag_inmet to 2024-07-23T13:01:05.460867+00:00, run_after=2024-07-24T13:01:05.460867+00:00
[2024-07-24T00:11:00.453+0000] {processor.py:175} INFO - Processing /opt/airflow/dags/dag_inmet.py took 0.134 seconds
[2024-07-24T00:12:07.752+0000] {processor.py:153} INFO - Started process (PID=42) to work on /opt/airflow/dags/dag_inmet.py
[2024-07-24T00:12:07.753+0000] {processor.py:743} INFO - Processing file /opt/airflow/dags/dag_inmet.py for tasks to queue
[2024-07-24T00:12:07.754+0000] {logging_mixin.py:137} INFO - [2024-07-24T00:12:07.754+0000] {dagbag.py:538} INFO - Filling up the DagBag from /opt/airflow/dags/dag_inmet.py
[2024-07-24T00:12:07.783+0000] {processor.py:753} INFO - DAG(s) dict_keys(['dag_inmet']) retrieved from /opt/airflow/dags/dag_inmet.py
[2024-07-24T00:12:07.816+0000] {logging_mixin.py:137} INFO - [2024-07-24T00:12:07.815+0000] {dag.py:2690} INFO - Sync 1 DAGs
[2024-07-24T00:12:07.845+0000] {logging_mixin.py:137} INFO - [2024-07-24T00:12:07.845+0000] {dag.py:3441} INFO - Setting next_dagrun for dag_inmet to 2024-07-23T13:01:05.460867+00:00, run_after=2024-07-24T13:01:05.460867+00:00
[2024-07-24T00:12:07.867+0000] {processor.py:175} INFO - Processing /opt/airflow/dags/dag_inmet.py took 0.117 seconds
[2024-07-24T00:13:15.166+0000] {processor.py:153} INFO - Started process (PID=42) to work on /opt/airflow/dags/dag_inmet.py
[2024-07-24T00:13:15.167+0000] {processor.py:743} INFO - Processing file /opt/airflow/dags/dag_inmet.py for tasks to queue
[2024-07-24T00:13:15.167+0000] {logging_mixin.py:137} INFO - [2024-07-24T00:13:15.167+0000] {dagbag.py:538} INFO - Filling up the DagBag from /opt/airflow/dags/dag_inmet.py
[2024-07-24T00:13:15.191+0000] {processor.py:753} INFO - DAG(s) dict_keys(['dag_inmet']) retrieved from /opt/airflow/dags/dag_inmet.py
[2024-07-24T00:13:15.220+0000] {logging_mixin.py:137} INFO - [2024-07-24T00:13:15.220+0000] {dag.py:2690} INFO - Sync 1 DAGs
[2024-07-24T00:13:15.244+0000] {logging_mixin.py:137} INFO - [2024-07-24T00:13:15.244+0000] {dag.py:3441} INFO - Setting next_dagrun for dag_inmet to 2024-07-23T13:01:05.460867+00:00, run_after=2024-07-24T13:01:05.460867+00:00
[2024-07-24T00:13:15.259+0000] {processor.py:175} INFO - Processing /opt/airflow/dags/dag_inmet.py took 0.095 seconds
[2024-07-24T00:14:23.300+0000] {processor.py:153} INFO - Started process (PID=42) to work on /opt/airflow/dags/dag_inmet.py
[2024-07-24T00:14:23.300+0000] {processor.py:743} INFO - Processing file /opt/airflow/dags/dag_inmet.py for tasks to queue
[2024-07-24T00:14:23.301+0000] {logging_mixin.py:137} INFO - [2024-07-24T00:14:23.301+0000] {dagbag.py:538} INFO - Filling up the DagBag from /opt/airflow/dags/dag_inmet.py
[2024-07-24T00:14:23.327+0000] {processor.py:753} INFO - DAG(s) dict_keys(['dag_inmet']) retrieved from /opt/airflow/dags/dag_inmet.py
[2024-07-24T00:14:23.357+0000] {logging_mixin.py:137} INFO - [2024-07-24T00:14:23.357+0000] {dag.py:2690} INFO - Sync 1 DAGs
[2024-07-24T00:14:23.382+0000] {logging_mixin.py:137} INFO - [2024-07-24T00:14:23.382+0000] {dag.py:3441} INFO - Setting next_dagrun for dag_inmet to 2024-07-23T13:01:05.460867+00:00, run_after=2024-07-24T13:01:05.460867+00:00
[2024-07-24T00:14:23.398+0000] {processor.py:175} INFO - Processing /opt/airflow/dags/dag_inmet.py took 0.100 seconds
[2024-07-24T00:15:31.681+0000] {processor.py:153} INFO - Started process (PID=42) to work on /opt/airflow/dags/dag_inmet.py
[2024-07-24T00:15:31.681+0000] {processor.py:743} INFO - Processing file /opt/airflow/dags/dag_inmet.py for tasks to queue
[2024-07-24T00:15:31.682+0000] {logging_mixin.py:137} INFO - [2024-07-24T00:15:31.682+0000] {dagbag.py:538} INFO - Filling up the DagBag from /opt/airflow/dags/dag_inmet.py
[2024-07-24T00:15:31.706+0000] {processor.py:753} INFO - DAG(s) dict_keys(['dag_inmet']) retrieved from /opt/airflow/dags/dag_inmet.py
[2024-07-24T00:15:31.744+0000] {logging_mixin.py:137} INFO - [2024-07-24T00:15:31.744+0000] {dag.py:2690} INFO - Sync 1 DAGs
[2024-07-24T00:15:31.775+0000] {logging_mixin.py:137} INFO - [2024-07-24T00:15:31.775+0000] {dag.py:3441} INFO - Setting next_dagrun for dag_inmet to 2024-07-23T13:01:05.460867+00:00, run_after=2024-07-24T13:01:05.460867+00:00
[2024-07-24T00:15:31.792+0000] {processor.py:175} INFO - Processing /opt/airflow/dags/dag_inmet.py took 0.114 seconds
[2024-07-24T00:16:39.430+0000] {processor.py:153} INFO - Started process (PID=42) to work on /opt/airflow/dags/dag_inmet.py
[2024-07-24T00:16:39.430+0000] {processor.py:743} INFO - Processing file /opt/airflow/dags/dag_inmet.py for tasks to queue
[2024-07-24T00:16:39.431+0000] {logging_mixin.py:137} INFO - [2024-07-24T00:16:39.431+0000] {dagbag.py:538} INFO - Filling up the DagBag from /opt/airflow/dags/dag_inmet.py
[2024-07-24T00:16:39.455+0000] {processor.py:753} INFO - DAG(s) dict_keys(['dag_inmet']) retrieved from /opt/airflow/dags/dag_inmet.py
[2024-07-24T00:16:39.486+0000] {logging_mixin.py:137} INFO - [2024-07-24T00:16:39.485+0000] {dag.py:2690} INFO - Sync 1 DAGs
[2024-07-24T00:16:39.511+0000] {logging_mixin.py:137} INFO - [2024-07-24T00:16:39.511+0000] {dag.py:3441} INFO - Setting next_dagrun for dag_inmet to 2024-07-23T13:01:05.460867+00:00, run_after=2024-07-24T13:01:05.460867+00:00
[2024-07-24T00:16:39.527+0000] {processor.py:175} INFO - Processing /opt/airflow/dags/dag_inmet.py took 0.100 seconds
[2024-07-24T00:17:47.193+0000] {processor.py:153} INFO - Started process (PID=42) to work on /opt/airflow/dags/dag_inmet.py
[2024-07-24T00:17:47.194+0000] {processor.py:743} INFO - Processing file /opt/airflow/dags/dag_inmet.py for tasks to queue
[2024-07-24T00:17:47.194+0000] {logging_mixin.py:137} INFO - [2024-07-24T00:17:47.194+0000] {dagbag.py:538} INFO - Filling up the DagBag from /opt/airflow/dags/dag_inmet.py
[2024-07-24T00:17:47.215+0000] {processor.py:753} INFO - DAG(s) dict_keys(['dag_inmet']) retrieved from /opt/airflow/dags/dag_inmet.py
[2024-07-24T00:17:47.242+0000] {logging_mixin.py:137} INFO - [2024-07-24T00:17:47.241+0000] {dag.py:2690} INFO - Sync 1 DAGs
[2024-07-24T00:17:47.262+0000] {logging_mixin.py:137} INFO - [2024-07-24T00:17:47.262+0000] {dag.py:3441} INFO - Setting next_dagrun for dag_inmet to 2024-07-23T13:01:05.460867+00:00, run_after=2024-07-24T13:01:05.460867+00:00
[2024-07-24T00:17:47.276+0000] {processor.py:175} INFO - Processing /opt/airflow/dags/dag_inmet.py took 0.085 seconds
[2024-07-24T00:18:54.847+0000] {processor.py:153} INFO - Started process (PID=42) to work on /opt/airflow/dags/dag_inmet.py
[2024-07-24T00:18:54.848+0000] {processor.py:743} INFO - Processing file /opt/airflow/dags/dag_inmet.py for tasks to queue
[2024-07-24T00:18:54.848+0000] {logging_mixin.py:137} INFO - [2024-07-24T00:18:54.848+0000] {dagbag.py:538} INFO - Filling up the DagBag from /opt/airflow/dags/dag_inmet.py
[2024-07-24T00:18:54.876+0000] {processor.py:753} INFO - DAG(s) dict_keys(['dag_inmet']) retrieved from /opt/airflow/dags/dag_inmet.py
[2024-07-24T00:18:54.905+0000] {logging_mixin.py:137} INFO - [2024-07-24T00:18:54.904+0000] {dag.py:2690} INFO - Sync 1 DAGs
[2024-07-24T00:18:54.930+0000] {logging_mixin.py:137} INFO - [2024-07-24T00:18:54.930+0000] {dag.py:3441} INFO - Setting next_dagrun for dag_inmet to 2024-07-23T13:01:05.460867+00:00, run_after=2024-07-24T13:01:05.460867+00:00
[2024-07-24T00:18:54.946+0000] {processor.py:175} INFO - Processing /opt/airflow/dags/dag_inmet.py took 0.103 seconds
[2024-07-24T00:20:02.090+0000] {processor.py:153} INFO - Started process (PID=42) to work on /opt/airflow/dags/dag_inmet.py
[2024-07-24T00:20:02.091+0000] {processor.py:743} INFO - Processing file /opt/airflow/dags/dag_inmet.py for tasks to queue
[2024-07-24T00:20:02.091+0000] {logging_mixin.py:137} INFO - [2024-07-24T00:20:02.091+0000] {dagbag.py:538} INFO - Filling up the DagBag from /opt/airflow/dags/dag_inmet.py
[2024-07-24T00:20:02.113+0000] {processor.py:753} INFO - DAG(s) dict_keys(['dag_inmet']) retrieved from /opt/airflow/dags/dag_inmet.py
[2024-07-24T00:20:02.140+0000] {logging_mixin.py:137} INFO - [2024-07-24T00:20:02.140+0000] {dag.py:2690} INFO - Sync 1 DAGs
[2024-07-24T00:20:02.163+0000] {logging_mixin.py:137} INFO - [2024-07-24T00:20:02.163+0000] {dag.py:3441} INFO - Setting next_dagrun for dag_inmet to 2024-07-23T13:01:05.460867+00:00, run_after=2024-07-24T13:01:05.460867+00:00
[2024-07-24T00:20:02.178+0000] {processor.py:175} INFO - Processing /opt/airflow/dags/dag_inmet.py took 0.089 seconds
[2024-07-24T00:21:09.440+0000] {processor.py:153} INFO - Started process (PID=42) to work on /opt/airflow/dags/dag_inmet.py
[2024-07-24T00:21:09.441+0000] {processor.py:743} INFO - Processing file /opt/airflow/dags/dag_inmet.py for tasks to queue
[2024-07-24T00:21:09.441+0000] {logging_mixin.py:137} INFO - [2024-07-24T00:21:09.441+0000] {dagbag.py:538} INFO - Filling up the DagBag from /opt/airflow/dags/dag_inmet.py
[2024-07-24T00:21:09.463+0000] {processor.py:753} INFO - DAG(s) dict_keys(['dag_inmet']) retrieved from /opt/airflow/dags/dag_inmet.py
[2024-07-24T00:21:09.489+0000] {logging_mixin.py:137} INFO - [2024-07-24T00:21:09.489+0000] {dag.py:2690} INFO - Sync 1 DAGs
[2024-07-24T00:21:09.510+0000] {logging_mixin.py:137} INFO - [2024-07-24T00:21:09.510+0000] {dag.py:3441} INFO - Setting next_dagrun for dag_inmet to 2024-07-23T13:01:05.460867+00:00, run_after=2024-07-24T13:01:05.460867+00:00
[2024-07-24T00:21:09.524+0000] {processor.py:175} INFO - Processing /opt/airflow/dags/dag_inmet.py took 0.086 seconds
[2024-07-24T00:22:16.456+0000] {processor.py:153} INFO - Started process (PID=42) to work on /opt/airflow/dags/dag_inmet.py
[2024-07-24T00:22:16.457+0000] {processor.py:743} INFO - Processing file /opt/airflow/dags/dag_inmet.py for tasks to queue
[2024-07-24T00:22:16.458+0000] {logging_mixin.py:137} INFO - [2024-07-24T00:22:16.457+0000] {dagbag.py:538} INFO - Filling up the DagBag from /opt/airflow/dags/dag_inmet.py
[2024-07-24T00:22:16.481+0000] {processor.py:753} INFO - DAG(s) dict_keys(['dag_inmet']) retrieved from /opt/airflow/dags/dag_inmet.py
[2024-07-24T00:22:16.510+0000] {logging_mixin.py:137} INFO - [2024-07-24T00:22:16.510+0000] {dag.py:2690} INFO - Sync 1 DAGs
[2024-07-24T00:22:16.534+0000] {logging_mixin.py:137} INFO - [2024-07-24T00:22:16.534+0000] {dag.py:3441} INFO - Setting next_dagrun for dag_inmet to 2024-07-23T13:01:05.460867+00:00, run_after=2024-07-24T13:01:05.460867+00:00
[2024-07-24T00:22:16.550+0000] {processor.py:175} INFO - Processing /opt/airflow/dags/dag_inmet.py took 0.096 seconds
[2024-07-24T00:23:24.115+0000] {processor.py:153} INFO - Started process (PID=42) to work on /opt/airflow/dags/dag_inmet.py
[2024-07-24T00:23:24.116+0000] {processor.py:743} INFO - Processing file /opt/airflow/dags/dag_inmet.py for tasks to queue
[2024-07-24T00:23:24.116+0000] {logging_mixin.py:137} INFO - [2024-07-24T00:23:24.116+0000] {dagbag.py:538} INFO - Filling up the DagBag from /opt/airflow/dags/dag_inmet.py
[2024-07-24T00:23:24.138+0000] {processor.py:753} INFO - DAG(s) dict_keys(['dag_inmet']) retrieved from /opt/airflow/dags/dag_inmet.py
[2024-07-24T00:23:24.164+0000] {logging_mixin.py:137} INFO - [2024-07-24T00:23:24.164+0000] {dag.py:2690} INFO - Sync 1 DAGs
[2024-07-24T00:23:24.185+0000] {logging_mixin.py:137} INFO - [2024-07-24T00:23:24.185+0000] {dag.py:3441} INFO - Setting next_dagrun for dag_inmet to 2024-07-23T13:01:05.460867+00:00, run_after=2024-07-24T13:01:05.460867+00:00
[2024-07-24T00:23:24.199+0000] {processor.py:175} INFO - Processing /opt/airflow/dags/dag_inmet.py took 0.085 seconds
[2024-07-24T00:24:31.668+0000] {processor.py:153} INFO - Started process (PID=42) to work on /opt/airflow/dags/dag_inmet.py
[2024-07-24T00:24:31.669+0000] {processor.py:743} INFO - Processing file /opt/airflow/dags/dag_inmet.py for tasks to queue
[2024-07-24T00:24:31.669+0000] {logging_mixin.py:137} INFO - [2024-07-24T00:24:31.669+0000] {dagbag.py:538} INFO - Filling up the DagBag from /opt/airflow/dags/dag_inmet.py
[2024-07-24T00:24:31.692+0000] {processor.py:753} INFO - DAG(s) dict_keys(['dag_inmet']) retrieved from /opt/airflow/dags/dag_inmet.py
[2024-07-24T00:24:31.719+0000] {logging_mixin.py:137} INFO - [2024-07-24T00:24:31.719+0000] {dag.py:2690} INFO - Sync 1 DAGs
[2024-07-24T00:24:31.742+0000] {logging_mixin.py:137} INFO - [2024-07-24T00:24:31.742+0000] {dag.py:3441} INFO - Setting next_dagrun for dag_inmet to 2024-07-23T13:01:05.460867+00:00, run_after=2024-07-24T13:01:05.460867+00:00
[2024-07-24T00:24:31.759+0000] {processor.py:175} INFO - Processing /opt/airflow/dags/dag_inmet.py took 0.094 seconds
[2024-07-24T00:25:38.938+0000] {processor.py:153} INFO - Started process (PID=42) to work on /opt/airflow/dags/dag_inmet.py
[2024-07-24T00:25:38.939+0000] {processor.py:743} INFO - Processing file /opt/airflow/dags/dag_inmet.py for tasks to queue
[2024-07-24T00:25:38.939+0000] {logging_mixin.py:137} INFO - [2024-07-24T00:25:38.939+0000] {dagbag.py:538} INFO - Filling up the DagBag from /opt/airflow/dags/dag_inmet.py
[2024-07-24T00:25:38.971+0000] {processor.py:753} INFO - DAG(s) dict_keys(['dag_inmet']) retrieved from /opt/airflow/dags/dag_inmet.py
[2024-07-24T00:25:39.008+0000] {logging_mixin.py:137} INFO - [2024-07-24T00:25:39.008+0000] {dag.py:2690} INFO - Sync 1 DAGs
[2024-07-24T00:25:39.033+0000] {logging_mixin.py:137} INFO - [2024-07-24T00:25:39.032+0000] {dag.py:3441} INFO - Setting next_dagrun for dag_inmet to 2024-07-23T13:01:05.460867+00:00, run_after=2024-07-24T13:01:05.460867+00:00
[2024-07-24T00:25:39.048+0000] {processor.py:175} INFO - Processing /opt/airflow/dags/dag_inmet.py took 0.111 seconds
[2024-07-24T00:26:46.208+0000] {processor.py:153} INFO - Started process (PID=42) to work on /opt/airflow/dags/dag_inmet.py
[2024-07-24T00:26:46.208+0000] {processor.py:743} INFO - Processing file /opt/airflow/dags/dag_inmet.py for tasks to queue
[2024-07-24T00:26:46.209+0000] {logging_mixin.py:137} INFO - [2024-07-24T00:26:46.209+0000] {dagbag.py:538} INFO - Filling up the DagBag from /opt/airflow/dags/dag_inmet.py
[2024-07-24T00:26:46.230+0000] {processor.py:753} INFO - DAG(s) dict_keys(['dag_inmet']) retrieved from /opt/airflow/dags/dag_inmet.py
[2024-07-24T00:26:46.256+0000] {logging_mixin.py:137} INFO - [2024-07-24T00:26:46.256+0000] {dag.py:2690} INFO - Sync 1 DAGs
[2024-07-24T00:26:46.277+0000] {logging_mixin.py:137} INFO - [2024-07-24T00:26:46.277+0000] {dag.py:3441} INFO - Setting next_dagrun for dag_inmet to 2024-07-23T13:01:05.460867+00:00, run_after=2024-07-24T13:01:05.460867+00:00
[2024-07-24T00:26:46.295+0000] {processor.py:175} INFO - Processing /opt/airflow/dags/dag_inmet.py took 0.089 seconds
[2024-07-24T00:27:53.746+0000] {processor.py:153} INFO - Started process (PID=42) to work on /opt/airflow/dags/dag_inmet.py
[2024-07-24T00:27:53.747+0000] {processor.py:743} INFO - Processing file /opt/airflow/dags/dag_inmet.py for tasks to queue
[2024-07-24T00:27:53.747+0000] {logging_mixin.py:137} INFO - [2024-07-24T00:27:53.747+0000] {dagbag.py:538} INFO - Filling up the DagBag from /opt/airflow/dags/dag_inmet.py
[2024-07-24T00:27:53.771+0000] {processor.py:753} INFO - DAG(s) dict_keys(['dag_inmet']) retrieved from /opt/airflow/dags/dag_inmet.py
[2024-07-24T00:27:53.801+0000] {logging_mixin.py:137} INFO - [2024-07-24T00:27:53.801+0000] {dag.py:2690} INFO - Sync 1 DAGs
[2024-07-24T00:27:53.824+0000] {logging_mixin.py:137} INFO - [2024-07-24T00:27:53.824+0000] {dag.py:3441} INFO - Setting next_dagrun for dag_inmet to 2024-07-23T13:01:05.460867+00:00, run_after=2024-07-24T13:01:05.460867+00:00
[2024-07-24T00:27:53.839+0000] {processor.py:175} INFO - Processing /opt/airflow/dags/dag_inmet.py took 0.095 seconds
[2024-07-24T00:29:01.271+0000] {processor.py:153} INFO - Started process (PID=42) to work on /opt/airflow/dags/dag_inmet.py
[2024-07-24T00:29:01.271+0000] {processor.py:743} INFO - Processing file /opt/airflow/dags/dag_inmet.py for tasks to queue
[2024-07-24T00:29:01.272+0000] {logging_mixin.py:137} INFO - [2024-07-24T00:29:01.272+0000] {dagbag.py:538} INFO - Filling up the DagBag from /opt/airflow/dags/dag_inmet.py
[2024-07-24T00:29:01.293+0000] {processor.py:753} INFO - DAG(s) dict_keys(['dag_inmet']) retrieved from /opt/airflow/dags/dag_inmet.py
[2024-07-24T00:29:01.319+0000] {logging_mixin.py:137} INFO - [2024-07-24T00:29:01.319+0000] {dag.py:2690} INFO - Sync 1 DAGs
[2024-07-24T00:29:01.341+0000] {logging_mixin.py:137} INFO - [2024-07-24T00:29:01.341+0000] {dag.py:3441} INFO - Setting next_dagrun for dag_inmet to 2024-07-23T13:01:05.460867+00:00, run_after=2024-07-24T13:01:05.460867+00:00
[2024-07-24T00:29:01.355+0000] {processor.py:175} INFO - Processing /opt/airflow/dags/dag_inmet.py took 0.086 seconds
[2024-07-24T00:30:08.397+0000] {processor.py:153} INFO - Started process (PID=42) to work on /opt/airflow/dags/dag_inmet.py
[2024-07-24T00:30:08.397+0000] {processor.py:743} INFO - Processing file /opt/airflow/dags/dag_inmet.py for tasks to queue
[2024-07-24T00:30:08.397+0000] {logging_mixin.py:137} INFO - [2024-07-24T00:30:08.397+0000] {dagbag.py:538} INFO - Filling up the DagBag from /opt/airflow/dags/dag_inmet.py
[2024-07-24T00:30:08.418+0000] {processor.py:753} INFO - DAG(s) dict_keys(['dag_inmet']) retrieved from /opt/airflow/dags/dag_inmet.py
[2024-07-24T00:30:08.450+0000] {logging_mixin.py:137} INFO - [2024-07-24T00:30:08.450+0000] {dag.py:2690} INFO - Sync 1 DAGs
[2024-07-24T00:30:08.474+0000] {logging_mixin.py:137} INFO - [2024-07-24T00:30:08.474+0000] {dag.py:3441} INFO - Setting next_dagrun for dag_inmet to 2024-07-23T13:01:05.460867+00:00, run_after=2024-07-24T13:01:05.460867+00:00
[2024-07-24T00:30:08.490+0000] {processor.py:175} INFO - Processing /opt/airflow/dags/dag_inmet.py took 0.095 seconds
[2024-07-24T00:31:15.633+0000] {processor.py:153} INFO - Started process (PID=42) to work on /opt/airflow/dags/dag_inmet.py
[2024-07-24T00:31:15.633+0000] {processor.py:743} INFO - Processing file /opt/airflow/dags/dag_inmet.py for tasks to queue
[2024-07-24T00:31:15.634+0000] {logging_mixin.py:137} INFO - [2024-07-24T00:31:15.634+0000] {dagbag.py:538} INFO - Filling up the DagBag from /opt/airflow/dags/dag_inmet.py
[2024-07-24T00:31:15.656+0000] {processor.py:753} INFO - DAG(s) dict_keys(['dag_inmet']) retrieved from /opt/airflow/dags/dag_inmet.py
[2024-07-24T00:31:15.692+0000] {logging_mixin.py:137} INFO - [2024-07-24T00:31:15.692+0000] {dag.py:2690} INFO - Sync 1 DAGs
[2024-07-24T00:31:15.734+0000] {logging_mixin.py:137} INFO - [2024-07-24T00:31:15.734+0000] {dag.py:3441} INFO - Setting next_dagrun for dag_inmet to 2024-07-23T13:01:05.460867+00:00, run_after=2024-07-24T13:01:05.460867+00:00
[2024-07-24T00:31:15.757+0000] {processor.py:175} INFO - Processing /opt/airflow/dags/dag_inmet.py took 0.126 seconds
[2024-07-24T00:32:23.701+0000] {processor.py:153} INFO - Started process (PID=42) to work on /opt/airflow/dags/dag_inmet.py
[2024-07-24T00:32:23.702+0000] {processor.py:743} INFO - Processing file /opt/airflow/dags/dag_inmet.py for tasks to queue
[2024-07-24T00:32:23.702+0000] {logging_mixin.py:137} INFO - [2024-07-24T00:32:23.702+0000] {dagbag.py:538} INFO - Filling up the DagBag from /opt/airflow/dags/dag_inmet.py
[2024-07-24T00:32:23.723+0000] {processor.py:753} INFO - DAG(s) dict_keys(['dag_inmet']) retrieved from /opt/airflow/dags/dag_inmet.py
[2024-07-24T00:32:23.750+0000] {logging_mixin.py:137} INFO - [2024-07-24T00:32:23.749+0000] {dag.py:2690} INFO - Sync 1 DAGs
[2024-07-24T00:32:23.771+0000] {logging_mixin.py:137} INFO - [2024-07-24T00:32:23.771+0000] {dag.py:3441} INFO - Setting next_dagrun for dag_inmet to 2024-07-23T13:01:05.460867+00:00, run_after=2024-07-24T13:01:05.460867+00:00
[2024-07-24T00:32:23.787+0000] {processor.py:175} INFO - Processing /opt/airflow/dags/dag_inmet.py took 0.088 seconds
[2024-07-24T00:33:31.506+0000] {processor.py:153} INFO - Started process (PID=42) to work on /opt/airflow/dags/dag_inmet.py
[2024-07-24T00:33:31.507+0000] {processor.py:743} INFO - Processing file /opt/airflow/dags/dag_inmet.py for tasks to queue
[2024-07-24T00:33:31.507+0000] {logging_mixin.py:137} INFO - [2024-07-24T00:33:31.507+0000] {dagbag.py:538} INFO - Filling up the DagBag from /opt/airflow/dags/dag_inmet.py
[2024-07-24T00:33:31.529+0000] {processor.py:753} INFO - DAG(s) dict_keys(['dag_inmet']) retrieved from /opt/airflow/dags/dag_inmet.py
[2024-07-24T00:33:31.555+0000] {logging_mixin.py:137} INFO - [2024-07-24T00:33:31.555+0000] {dag.py:2690} INFO - Sync 1 DAGs
[2024-07-24T00:33:31.576+0000] {logging_mixin.py:137} INFO - [2024-07-24T00:33:31.576+0000] {dag.py:3441} INFO - Setting next_dagrun for dag_inmet to 2024-07-23T13:01:05.460867+00:00, run_after=2024-07-24T13:01:05.460867+00:00
[2024-07-24T00:33:31.590+0000] {processor.py:175} INFO - Processing /opt/airflow/dags/dag_inmet.py took 0.085 seconds
[2024-07-24T00:34:39.237+0000] {processor.py:153} INFO - Started process (PID=42) to work on /opt/airflow/dags/dag_inmet.py
[2024-07-24T00:34:39.238+0000] {processor.py:743} INFO - Processing file /opt/airflow/dags/dag_inmet.py for tasks to queue
[2024-07-24T00:34:39.238+0000] {logging_mixin.py:137} INFO - [2024-07-24T00:34:39.238+0000] {dagbag.py:538} INFO - Filling up the DagBag from /opt/airflow/dags/dag_inmet.py
[2024-07-24T00:34:39.265+0000] {processor.py:753} INFO - DAG(s) dict_keys(['dag_inmet']) retrieved from /opt/airflow/dags/dag_inmet.py
[2024-07-24T00:34:39.294+0000] {logging_mixin.py:137} INFO - [2024-07-24T00:34:39.294+0000] {dag.py:2690} INFO - Sync 1 DAGs
[2024-07-24T00:34:39.317+0000] {logging_mixin.py:137} INFO - [2024-07-24T00:34:39.317+0000] {dag.py:3441} INFO - Setting next_dagrun for dag_inmet to 2024-07-23T13:01:05.460867+00:00, run_after=2024-07-24T13:01:05.460867+00:00
[2024-07-24T00:34:39.333+0000] {processor.py:175} INFO - Processing /opt/airflow/dags/dag_inmet.py took 0.098 seconds
[2024-07-24T00:35:46.610+0000] {processor.py:153} INFO - Started process (PID=42) to work on /opt/airflow/dags/dag_inmet.py
[2024-07-24T00:35:46.611+0000] {processor.py:743} INFO - Processing file /opt/airflow/dags/dag_inmet.py for tasks to queue
[2024-07-24T00:35:46.611+0000] {logging_mixin.py:137} INFO - [2024-07-24T00:35:46.611+0000] {dagbag.py:538} INFO - Filling up the DagBag from /opt/airflow/dags/dag_inmet.py
[2024-07-24T00:35:46.641+0000] {processor.py:753} INFO - DAG(s) dict_keys(['dag_inmet']) retrieved from /opt/airflow/dags/dag_inmet.py
[2024-07-24T00:35:46.671+0000] {logging_mixin.py:137} INFO - [2024-07-24T00:35:46.670+0000] {dag.py:2690} INFO - Sync 1 DAGs
[2024-07-24T00:35:46.692+0000] {logging_mixin.py:137} INFO - [2024-07-24T00:35:46.692+0000] {dag.py:3441} INFO - Setting next_dagrun for dag_inmet to 2024-07-23T13:01:05.460867+00:00, run_after=2024-07-24T13:01:05.460867+00:00
[2024-07-24T00:35:46.707+0000] {processor.py:175} INFO - Processing /opt/airflow/dags/dag_inmet.py took 0.100 seconds
[2024-07-24T00:36:55.544+0000] {processor.py:153} INFO - Started process (PID=42) to work on /opt/airflow/dags/dag_inmet.py
[2024-07-24T00:36:55.545+0000] {processor.py:743} INFO - Processing file /opt/airflow/dags/dag_inmet.py for tasks to queue
[2024-07-24T00:36:55.545+0000] {logging_mixin.py:137} INFO - [2024-07-24T00:36:55.545+0000] {dagbag.py:538} INFO - Filling up the DagBag from /opt/airflow/dags/dag_inmet.py
[2024-07-24T00:36:55.573+0000] {processor.py:753} INFO - DAG(s) dict_keys(['dag_inmet']) retrieved from /opt/airflow/dags/dag_inmet.py
[2024-07-24T00:36:55.606+0000] {logging_mixin.py:137} INFO - [2024-07-24T00:36:55.606+0000] {dag.py:2690} INFO - Sync 1 DAGs
[2024-07-24T00:36:55.636+0000] {logging_mixin.py:137} INFO - [2024-07-24T00:36:55.635+0000] {dag.py:3441} INFO - Setting next_dagrun for dag_inmet to 2024-07-23T13:01:05.460867+00:00, run_after=2024-07-24T13:01:05.460867+00:00
[2024-07-24T00:36:55.656+0000] {processor.py:175} INFO - Processing /opt/airflow/dags/dag_inmet.py took 0.114 seconds
[2024-07-24T00:38:03.313+0000] {processor.py:153} INFO - Started process (PID=42) to work on /opt/airflow/dags/dag_inmet.py
[2024-07-24T00:38:03.314+0000] {processor.py:743} INFO - Processing file /opt/airflow/dags/dag_inmet.py for tasks to queue
[2024-07-24T00:38:03.314+0000] {logging_mixin.py:137} INFO - [2024-07-24T00:38:03.314+0000] {dagbag.py:538} INFO - Filling up the DagBag from /opt/airflow/dags/dag_inmet.py
[2024-07-24T00:38:03.340+0000] {processor.py:753} INFO - DAG(s) dict_keys(['dag_inmet']) retrieved from /opt/airflow/dags/dag_inmet.py
[2024-07-24T00:38:03.369+0000] {logging_mixin.py:137} INFO - [2024-07-24T00:38:03.369+0000] {dag.py:2690} INFO - Sync 1 DAGs
[2024-07-24T00:38:03.394+0000] {logging_mixin.py:137} INFO - [2024-07-24T00:38:03.393+0000] {dag.py:3441} INFO - Setting next_dagrun for dag_inmet to 2024-07-23T13:01:05.460867+00:00, run_after=2024-07-24T13:01:05.460867+00:00
[2024-07-24T00:38:03.410+0000] {processor.py:175} INFO - Processing /opt/airflow/dags/dag_inmet.py took 0.099 seconds
[2024-07-24T00:39:10.737+0000] {processor.py:153} INFO - Started process (PID=42) to work on /opt/airflow/dags/dag_inmet.py
[2024-07-24T00:39:10.737+0000] {processor.py:743} INFO - Processing file /opt/airflow/dags/dag_inmet.py for tasks to queue
[2024-07-24T00:39:10.738+0000] {logging_mixin.py:137} INFO - [2024-07-24T00:39:10.738+0000] {dagbag.py:538} INFO - Filling up the DagBag from /opt/airflow/dags/dag_inmet.py
[2024-07-24T00:39:10.759+0000] {processor.py:753} INFO - DAG(s) dict_keys(['dag_inmet']) retrieved from /opt/airflow/dags/dag_inmet.py
[2024-07-24T00:39:10.786+0000] {logging_mixin.py:137} INFO - [2024-07-24T00:39:10.786+0000] {dag.py:2690} INFO - Sync 1 DAGs
[2024-07-24T00:39:10.806+0000] {logging_mixin.py:137} INFO - [2024-07-24T00:39:10.806+0000] {dag.py:3441} INFO - Setting next_dagrun for dag_inmet to 2024-07-23T13:01:05.460867+00:00, run_after=2024-07-24T13:01:05.460867+00:00
[2024-07-24T00:39:10.820+0000] {processor.py:175} INFO - Processing /opt/airflow/dags/dag_inmet.py took 0.085 seconds
[2024-07-24T00:40:18.265+0000] {processor.py:153} INFO - Started process (PID=42) to work on /opt/airflow/dags/dag_inmet.py
[2024-07-24T00:40:18.266+0000] {processor.py:743} INFO - Processing file /opt/airflow/dags/dag_inmet.py for tasks to queue
[2024-07-24T00:40:18.266+0000] {logging_mixin.py:137} INFO - [2024-07-24T00:40:18.266+0000] {dagbag.py:538} INFO - Filling up the DagBag from /opt/airflow/dags/dag_inmet.py
[2024-07-24T00:40:18.287+0000] {processor.py:753} INFO - DAG(s) dict_keys(['dag_inmet']) retrieved from /opt/airflow/dags/dag_inmet.py
[2024-07-24T00:40:18.315+0000] {logging_mixin.py:137} INFO - [2024-07-24T00:40:18.315+0000] {dag.py:2690} INFO - Sync 1 DAGs
[2024-07-24T00:40:18.337+0000] {logging_mixin.py:137} INFO - [2024-07-24T00:40:18.337+0000] {dag.py:3441} INFO - Setting next_dagrun for dag_inmet to 2024-07-23T13:01:05.460867+00:00, run_after=2024-07-24T13:01:05.460867+00:00
[2024-07-24T00:40:18.350+0000] {processor.py:175} INFO - Processing /opt/airflow/dags/dag_inmet.py took 0.088 seconds
[2024-07-24T00:41:26.004+0000] {processor.py:153} INFO - Started process (PID=42) to work on /opt/airflow/dags/dag_inmet.py
[2024-07-24T00:41:26.005+0000] {processor.py:743} INFO - Processing file /opt/airflow/dags/dag_inmet.py for tasks to queue
[2024-07-24T00:41:26.005+0000] {logging_mixin.py:137} INFO - [2024-07-24T00:41:26.005+0000] {dagbag.py:538} INFO - Filling up the DagBag from /opt/airflow/dags/dag_inmet.py
[2024-07-24T00:41:26.029+0000] {processor.py:753} INFO - DAG(s) dict_keys(['dag_inmet']) retrieved from /opt/airflow/dags/dag_inmet.py
[2024-07-24T00:41:26.059+0000] {logging_mixin.py:137} INFO - [2024-07-24T00:41:26.059+0000] {dag.py:2690} INFO - Sync 1 DAGs
[2024-07-24T00:41:26.083+0000] {logging_mixin.py:137} INFO - [2024-07-24T00:41:26.083+0000] {dag.py:3441} INFO - Setting next_dagrun for dag_inmet to 2024-07-23T13:01:05.460867+00:00, run_after=2024-07-24T13:01:05.460867+00:00
[2024-07-24T00:41:26.100+0000] {processor.py:175} INFO - Processing /opt/airflow/dags/dag_inmet.py took 0.099 seconds
[2024-07-24T00:42:33.455+0000] {processor.py:153} INFO - Started process (PID=42) to work on /opt/airflow/dags/dag_inmet.py
[2024-07-24T00:42:33.456+0000] {processor.py:743} INFO - Processing file /opt/airflow/dags/dag_inmet.py for tasks to queue
[2024-07-24T00:42:33.456+0000] {logging_mixin.py:137} INFO - [2024-07-24T00:42:33.456+0000] {dagbag.py:538} INFO - Filling up the DagBag from /opt/airflow/dags/dag_inmet.py
[2024-07-24T00:42:33.478+0000] {processor.py:753} INFO - DAG(s) dict_keys(['dag_inmet']) retrieved from /opt/airflow/dags/dag_inmet.py
[2024-07-24T00:42:33.505+0000] {logging_mixin.py:137} INFO - [2024-07-24T00:42:33.505+0000] {dag.py:2690} INFO - Sync 1 DAGs
[2024-07-24T00:42:33.527+0000] {logging_mixin.py:137} INFO - [2024-07-24T00:42:33.527+0000] {dag.py:3441} INFO - Setting next_dagrun for dag_inmet to 2024-07-23T13:01:05.460867+00:00, run_after=2024-07-24T13:01:05.460867+00:00
[2024-07-24T00:42:33.541+0000] {processor.py:175} INFO - Processing /opt/airflow/dags/dag_inmet.py took 0.089 seconds
[2024-07-24T00:43:41.216+0000] {processor.py:153} INFO - Started process (PID=42) to work on /opt/airflow/dags/dag_inmet.py
[2024-07-24T00:43:41.216+0000] {processor.py:743} INFO - Processing file /opt/airflow/dags/dag_inmet.py for tasks to queue
[2024-07-24T00:43:41.217+0000] {logging_mixin.py:137} INFO - [2024-07-24T00:43:41.217+0000] {dagbag.py:538} INFO - Filling up the DagBag from /opt/airflow/dags/dag_inmet.py
[2024-07-24T00:43:41.238+0000] {processor.py:753} INFO - DAG(s) dict_keys(['dag_inmet']) retrieved from /opt/airflow/dags/dag_inmet.py
[2024-07-24T00:43:41.264+0000] {logging_mixin.py:137} INFO - [2024-07-24T00:43:41.264+0000] {dag.py:2690} INFO - Sync 1 DAGs
[2024-07-24T00:43:41.285+0000] {logging_mixin.py:137} INFO - [2024-07-24T00:43:41.285+0000] {dag.py:3441} INFO - Setting next_dagrun for dag_inmet to 2024-07-23T13:01:05.460867+00:00, run_after=2024-07-24T13:01:05.460867+00:00
[2024-07-24T00:43:41.299+0000] {processor.py:175} INFO - Processing /opt/airflow/dags/dag_inmet.py took 0.085 seconds
[2024-07-24T00:44:50.037+0000] {processor.py:153} INFO - Started process (PID=42) to work on /opt/airflow/dags/dag_inmet.py
[2024-07-24T00:44:50.038+0000] {processor.py:743} INFO - Processing file /opt/airflow/dags/dag_inmet.py for tasks to queue
[2024-07-24T00:44:50.039+0000] {logging_mixin.py:137} INFO - [2024-07-24T00:44:50.038+0000] {dagbag.py:538} INFO - Filling up the DagBag from /opt/airflow/dags/dag_inmet.py
[2024-07-24T00:44:50.070+0000] {processor.py:753} INFO - DAG(s) dict_keys(['dag_inmet']) retrieved from /opt/airflow/dags/dag_inmet.py
[2024-07-24T00:44:50.105+0000] {logging_mixin.py:137} INFO - [2024-07-24T00:44:50.104+0000] {dag.py:2690} INFO - Sync 1 DAGs
[2024-07-24T00:44:50.135+0000] {logging_mixin.py:137} INFO - [2024-07-24T00:44:50.135+0000] {dag.py:3441} INFO - Setting next_dagrun for dag_inmet to 2024-07-23T13:01:05.460867+00:00, run_after=2024-07-24T13:01:05.460867+00:00
[2024-07-24T00:44:50.155+0000] {processor.py:175} INFO - Processing /opt/airflow/dags/dag_inmet.py took 0.123 seconds
[2024-07-24T00:45:58.456+0000] {processor.py:153} INFO - Started process (PID=42) to work on /opt/airflow/dags/dag_inmet.py
[2024-07-24T00:45:58.456+0000] {processor.py:743} INFO - Processing file /opt/airflow/dags/dag_inmet.py for tasks to queue
[2024-07-24T00:45:58.457+0000] {logging_mixin.py:137} INFO - [2024-07-24T00:45:58.457+0000] {dagbag.py:538} INFO - Filling up the DagBag from /opt/airflow/dags/dag_inmet.py
[2024-07-24T00:45:58.480+0000] {processor.py:753} INFO - DAG(s) dict_keys(['dag_inmet']) retrieved from /opt/airflow/dags/dag_inmet.py
[2024-07-24T00:45:58.514+0000] {logging_mixin.py:137} INFO - [2024-07-24T00:45:58.513+0000] {dag.py:2690} INFO - Sync 1 DAGs
[2024-07-24T00:45:58.542+0000] {logging_mixin.py:137} INFO - [2024-07-24T00:45:58.541+0000] {dag.py:3441} INFO - Setting next_dagrun for dag_inmet to 2024-07-23T13:01:05.460867+00:00, run_after=2024-07-24T13:01:05.460867+00:00
[2024-07-24T00:45:58.559+0000] {processor.py:175} INFO - Processing /opt/airflow/dags/dag_inmet.py took 0.106 seconds
[2024-07-24T00:47:06.315+0000] {processor.py:153} INFO - Started process (PID=42) to work on /opt/airflow/dags/dag_inmet.py
[2024-07-24T00:47:06.315+0000] {processor.py:743} INFO - Processing file /opt/airflow/dags/dag_inmet.py for tasks to queue
[2024-07-24T00:47:06.316+0000] {logging_mixin.py:137} INFO - [2024-07-24T00:47:06.316+0000] {dagbag.py:538} INFO - Filling up the DagBag from /opt/airflow/dags/dag_inmet.py
[2024-07-24T00:47:06.337+0000] {processor.py:753} INFO - DAG(s) dict_keys(['dag_inmet']) retrieved from /opt/airflow/dags/dag_inmet.py
[2024-07-24T00:47:06.363+0000] {logging_mixin.py:137} INFO - [2024-07-24T00:47:06.363+0000] {dag.py:2690} INFO - Sync 1 DAGs
[2024-07-24T00:47:06.384+0000] {logging_mixin.py:137} INFO - [2024-07-24T00:47:06.384+0000] {dag.py:3441} INFO - Setting next_dagrun for dag_inmet to 2024-07-23T13:01:05.460867+00:00, run_after=2024-07-24T13:01:05.460867+00:00
[2024-07-24T00:47:06.398+0000] {processor.py:175} INFO - Processing /opt/airflow/dags/dag_inmet.py took 0.085 seconds
[2024-07-24T00:48:14.669+0000] {processor.py:153} INFO - Started process (PID=42) to work on /opt/airflow/dags/dag_inmet.py
[2024-07-24T00:48:14.669+0000] {processor.py:743} INFO - Processing file /opt/airflow/dags/dag_inmet.py for tasks to queue
[2024-07-24T00:48:14.670+0000] {logging_mixin.py:137} INFO - [2024-07-24T00:48:14.670+0000] {dagbag.py:538} INFO - Filling up the DagBag from /opt/airflow/dags/dag_inmet.py
[2024-07-24T00:48:14.691+0000] {processor.py:753} INFO - DAG(s) dict_keys(['dag_inmet']) retrieved from /opt/airflow/dags/dag_inmet.py
[2024-07-24T00:48:14.717+0000] {logging_mixin.py:137} INFO - [2024-07-24T00:48:14.717+0000] {dag.py:2690} INFO - Sync 1 DAGs
[2024-07-24T00:48:14.739+0000] {logging_mixin.py:137} INFO - [2024-07-24T00:48:14.739+0000] {dag.py:3441} INFO - Setting next_dagrun for dag_inmet to 2024-07-23T13:01:05.460867+00:00, run_after=2024-07-24T13:01:05.460867+00:00
[2024-07-24T00:48:14.753+0000] {processor.py:175} INFO - Processing /opt/airflow/dags/dag_inmet.py took 0.087 seconds
[2024-07-24T00:49:22.419+0000] {processor.py:153} INFO - Started process (PID=42) to work on /opt/airflow/dags/dag_inmet.py
[2024-07-24T00:49:22.420+0000] {processor.py:743} INFO - Processing file /opt/airflow/dags/dag_inmet.py for tasks to queue
[2024-07-24T00:49:22.420+0000] {logging_mixin.py:137} INFO - [2024-07-24T00:49:22.420+0000] {dagbag.py:538} INFO - Filling up the DagBag from /opt/airflow/dags/dag_inmet.py
[2024-07-24T00:49:22.442+0000] {processor.py:753} INFO - DAG(s) dict_keys(['dag_inmet']) retrieved from /opt/airflow/dags/dag_inmet.py
[2024-07-24T00:49:22.469+0000] {logging_mixin.py:137} INFO - [2024-07-24T00:49:22.469+0000] {dag.py:2690} INFO - Sync 1 DAGs
[2024-07-24T00:49:22.491+0000] {logging_mixin.py:137} INFO - [2024-07-24T00:49:22.491+0000] {dag.py:3441} INFO - Setting next_dagrun for dag_inmet to 2024-07-23T13:01:05.460867+00:00, run_after=2024-07-24T13:01:05.460867+00:00
[2024-07-24T00:49:22.505+0000] {processor.py:175} INFO - Processing /opt/airflow/dags/dag_inmet.py took 0.088 seconds
[2024-07-24T00:50:31.392+0000] {processor.py:153} INFO - Started process (PID=42) to work on /opt/airflow/dags/dag_inmet.py
[2024-07-24T00:50:31.394+0000] {processor.py:743} INFO - Processing file /opt/airflow/dags/dag_inmet.py for tasks to queue
[2024-07-24T00:50:31.394+0000] {logging_mixin.py:137} INFO - [2024-07-24T00:50:31.394+0000] {dagbag.py:538} INFO - Filling up the DagBag from /opt/airflow/dags/dag_inmet.py
[2024-07-24T00:50:31.423+0000] {processor.py:753} INFO - DAG(s) dict_keys(['dag_inmet']) retrieved from /opt/airflow/dags/dag_inmet.py
[2024-07-24T00:50:31.468+0000] {logging_mixin.py:137} INFO - [2024-07-24T00:50:31.467+0000] {dag.py:2690} INFO - Sync 1 DAGs
[2024-07-24T00:50:31.508+0000] {logging_mixin.py:137} INFO - [2024-07-24T00:50:31.508+0000] {dag.py:3441} INFO - Setting next_dagrun for dag_inmet to 2024-07-23T13:01:05.460867+00:00, run_after=2024-07-24T13:01:05.460867+00:00
[2024-07-24T00:50:31.531+0000] {processor.py:175} INFO - Processing /opt/airflow/dags/dag_inmet.py took 0.142 seconds
[2024-07-24T00:51:40.426+0000] {processor.py:153} INFO - Started process (PID=42) to work on /opt/airflow/dags/dag_inmet.py
[2024-07-24T00:51:40.427+0000] {processor.py:743} INFO - Processing file /opt/airflow/dags/dag_inmet.py for tasks to queue
[2024-07-24T00:51:40.428+0000] {logging_mixin.py:137} INFO - [2024-07-24T00:51:40.428+0000] {dagbag.py:538} INFO - Filling up the DagBag from /opt/airflow/dags/dag_inmet.py
[2024-07-24T00:51:40.458+0000] {processor.py:753} INFO - DAG(s) dict_keys(['dag_inmet']) retrieved from /opt/airflow/dags/dag_inmet.py
[2024-07-24T00:51:40.490+0000] {logging_mixin.py:137} INFO - [2024-07-24T00:51:40.490+0000] {dag.py:2690} INFO - Sync 1 DAGs
[2024-07-24T00:51:40.523+0000] {logging_mixin.py:137} INFO - [2024-07-24T00:51:40.522+0000] {dag.py:3441} INFO - Setting next_dagrun for dag_inmet to 2024-07-23T13:01:05.460867+00:00, run_after=2024-07-24T13:01:05.460867+00:00
[2024-07-24T00:51:40.542+0000] {processor.py:175} INFO - Processing /opt/airflow/dags/dag_inmet.py took 0.118 seconds
[2024-07-24T00:52:48.234+0000] {processor.py:153} INFO - Started process (PID=42) to work on /opt/airflow/dags/dag_inmet.py
[2024-07-24T00:52:48.235+0000] {processor.py:743} INFO - Processing file /opt/airflow/dags/dag_inmet.py for tasks to queue
[2024-07-24T00:52:48.235+0000] {logging_mixin.py:137} INFO - [2024-07-24T00:52:48.235+0000] {dagbag.py:538} INFO - Filling up the DagBag from /opt/airflow/dags/dag_inmet.py
[2024-07-24T00:52:48.257+0000] {processor.py:753} INFO - DAG(s) dict_keys(['dag_inmet']) retrieved from /opt/airflow/dags/dag_inmet.py
[2024-07-24T00:52:48.284+0000] {logging_mixin.py:137} INFO - [2024-07-24T00:52:48.283+0000] {dag.py:2690} INFO - Sync 1 DAGs
[2024-07-24T00:52:48.306+0000] {logging_mixin.py:137} INFO - [2024-07-24T00:52:48.306+0000] {dag.py:3441} INFO - Setting next_dagrun for dag_inmet to 2024-07-23T13:01:05.460867+00:00, run_after=2024-07-24T13:01:05.460867+00:00
[2024-07-24T00:52:48.328+0000] {processor.py:175} INFO - Processing /opt/airflow/dags/dag_inmet.py took 0.096 seconds
[2024-07-24T00:53:56.122+0000] {processor.py:153} INFO - Started process (PID=42) to work on /opt/airflow/dags/dag_inmet.py
[2024-07-24T00:53:56.123+0000] {processor.py:743} INFO - Processing file /opt/airflow/dags/dag_inmet.py for tasks to queue
[2024-07-24T00:53:56.124+0000] {logging_mixin.py:137} INFO - [2024-07-24T00:53:56.123+0000] {dagbag.py:538} INFO - Filling up the DagBag from /opt/airflow/dags/dag_inmet.py
[2024-07-24T00:53:56.147+0000] {processor.py:753} INFO - DAG(s) dict_keys(['dag_inmet']) retrieved from /opt/airflow/dags/dag_inmet.py
[2024-07-24T00:53:56.187+0000] {logging_mixin.py:137} INFO - [2024-07-24T00:53:56.187+0000] {dag.py:2690} INFO - Sync 1 DAGs
[2024-07-24T00:53:56.223+0000] {logging_mixin.py:137} INFO - [2024-07-24T00:53:56.223+0000] {dag.py:3441} INFO - Setting next_dagrun for dag_inmet to 2024-07-23T13:01:05.460867+00:00, run_after=2024-07-24T13:01:05.460867+00:00
[2024-07-24T00:53:56.243+0000] {processor.py:175} INFO - Processing /opt/airflow/dags/dag_inmet.py took 0.123 seconds
[2024-07-24T00:55:03.566+0000] {processor.py:153} INFO - Started process (PID=42) to work on /opt/airflow/dags/dag_inmet.py
[2024-07-24T00:55:03.566+0000] {processor.py:743} INFO - Processing file /opt/airflow/dags/dag_inmet.py for tasks to queue
[2024-07-24T00:55:03.567+0000] {logging_mixin.py:137} INFO - [2024-07-24T00:55:03.567+0000] {dagbag.py:538} INFO - Filling up the DagBag from /opt/airflow/dags/dag_inmet.py
[2024-07-24T00:55:03.594+0000] {processor.py:753} INFO - DAG(s) dict_keys(['dag_inmet']) retrieved from /opt/airflow/dags/dag_inmet.py
[2024-07-24T00:55:03.621+0000] {logging_mixin.py:137} INFO - [2024-07-24T00:55:03.621+0000] {dag.py:2690} INFO - Sync 1 DAGs
[2024-07-24T00:55:03.643+0000] {logging_mixin.py:137} INFO - [2024-07-24T00:55:03.642+0000] {dag.py:3441} INFO - Setting next_dagrun for dag_inmet to 2024-07-23T13:01:05.460867+00:00, run_after=2024-07-24T13:01:05.460867+00:00
[2024-07-24T00:55:03.656+0000] {processor.py:175} INFO - Processing /opt/airflow/dags/dag_inmet.py took 0.092 seconds
[2024-07-24T00:56:11.230+0000] {processor.py:153} INFO - Started process (PID=42) to work on /opt/airflow/dags/dag_inmet.py
[2024-07-24T00:56:11.230+0000] {processor.py:743} INFO - Processing file /opt/airflow/dags/dag_inmet.py for tasks to queue
[2024-07-24T00:56:11.231+0000] {logging_mixin.py:137} INFO - [2024-07-24T00:56:11.231+0000] {dagbag.py:538} INFO - Filling up the DagBag from /opt/airflow/dags/dag_inmet.py
[2024-07-24T00:56:11.253+0000] {processor.py:753} INFO - DAG(s) dict_keys(['dag_inmet']) retrieved from /opt/airflow/dags/dag_inmet.py
[2024-07-24T00:56:11.280+0000] {logging_mixin.py:137} INFO - [2024-07-24T00:56:11.280+0000] {dag.py:2690} INFO - Sync 1 DAGs
[2024-07-24T00:56:11.301+0000] {logging_mixin.py:137} INFO - [2024-07-24T00:56:11.300+0000] {dag.py:3441} INFO - Setting next_dagrun for dag_inmet to 2024-07-23T13:01:05.460867+00:00, run_after=2024-07-24T13:01:05.460867+00:00
[2024-07-24T00:56:11.314+0000] {processor.py:175} INFO - Processing /opt/airflow/dags/dag_inmet.py took 0.086 seconds
[2024-07-24T00:57:19.073+0000] {processor.py:153} INFO - Started process (PID=42) to work on /opt/airflow/dags/dag_inmet.py
[2024-07-24T00:57:19.074+0000] {processor.py:743} INFO - Processing file /opt/airflow/dags/dag_inmet.py for tasks to queue
[2024-07-24T00:57:19.074+0000] {logging_mixin.py:137} INFO - [2024-07-24T00:57:19.074+0000] {dagbag.py:538} INFO - Filling up the DagBag from /opt/airflow/dags/dag_inmet.py
[2024-07-24T00:57:19.098+0000] {processor.py:753} INFO - DAG(s) dict_keys(['dag_inmet']) retrieved from /opt/airflow/dags/dag_inmet.py
[2024-07-24T00:57:19.128+0000] {logging_mixin.py:137} INFO - [2024-07-24T00:57:19.127+0000] {dag.py:2690} INFO - Sync 1 DAGs
[2024-07-24T00:57:19.152+0000] {logging_mixin.py:137} INFO - [2024-07-24T00:57:19.151+0000] {dag.py:3441} INFO - Setting next_dagrun for dag_inmet to 2024-07-23T13:01:05.460867+00:00, run_after=2024-07-24T13:01:05.460867+00:00
[2024-07-24T00:57:19.168+0000] {processor.py:175} INFO - Processing /opt/airflow/dags/dag_inmet.py took 0.097 seconds
[2024-07-24T00:58:26.658+0000] {processor.py:153} INFO - Started process (PID=42) to work on /opt/airflow/dags/dag_inmet.py
[2024-07-24T00:58:26.659+0000] {processor.py:743} INFO - Processing file /opt/airflow/dags/dag_inmet.py for tasks to queue
[2024-07-24T00:58:26.659+0000] {logging_mixin.py:137} INFO - [2024-07-24T00:58:26.659+0000] {dagbag.py:538} INFO - Filling up the DagBag from /opt/airflow/dags/dag_inmet.py
[2024-07-24T00:58:26.680+0000] {processor.py:753} INFO - DAG(s) dict_keys(['dag_inmet']) retrieved from /opt/airflow/dags/dag_inmet.py
[2024-07-24T00:58:26.709+0000] {logging_mixin.py:137} INFO - [2024-07-24T00:58:26.709+0000] {dag.py:2690} INFO - Sync 1 DAGs
[2024-07-24T00:58:26.732+0000] {logging_mixin.py:137} INFO - [2024-07-24T00:58:26.732+0000] {dag.py:3441} INFO - Setting next_dagrun for dag_inmet to 2024-07-23T13:01:05.460867+00:00, run_after=2024-07-24T13:01:05.460867+00:00
[2024-07-24T00:58:26.746+0000] {processor.py:175} INFO - Processing /opt/airflow/dags/dag_inmet.py took 0.089 seconds
[2024-07-24T00:59:34.381+0000] {processor.py:153} INFO - Started process (PID=42) to work on /opt/airflow/dags/dag_inmet.py
[2024-07-24T00:59:34.381+0000] {processor.py:743} INFO - Processing file /opt/airflow/dags/dag_inmet.py for tasks to queue
[2024-07-24T00:59:34.382+0000] {logging_mixin.py:137} INFO - [2024-07-24T00:59:34.382+0000] {dagbag.py:538} INFO - Filling up the DagBag from /opt/airflow/dags/dag_inmet.py
[2024-07-24T00:59:34.405+0000] {processor.py:753} INFO - DAG(s) dict_keys(['dag_inmet']) retrieved from /opt/airflow/dags/dag_inmet.py
[2024-07-24T00:59:34.432+0000] {logging_mixin.py:137} INFO - [2024-07-24T00:59:34.432+0000] {dag.py:2690} INFO - Sync 1 DAGs
[2024-07-24T00:59:34.453+0000] {logging_mixin.py:137} INFO - [2024-07-24T00:59:34.453+0000] {dag.py:3441} INFO - Setting next_dagrun for dag_inmet to 2024-07-23T13:01:05.460867+00:00, run_after=2024-07-24T13:01:05.460867+00:00
[2024-07-24T00:59:34.467+0000] {processor.py:175} INFO - Processing /opt/airflow/dags/dag_inmet.py took 0.088 seconds
[2024-07-24T01:00:42.865+0000] {processor.py:153} INFO - Started process (PID=42) to work on /opt/airflow/dags/dag_inmet.py
[2024-07-24T01:00:42.866+0000] {processor.py:743} INFO - Processing file /opt/airflow/dags/dag_inmet.py for tasks to queue
[2024-07-24T01:00:42.866+0000] {logging_mixin.py:137} INFO - [2024-07-24T01:00:42.866+0000] {dagbag.py:538} INFO - Filling up the DagBag from /opt/airflow/dags/dag_inmet.py
[2024-07-24T01:00:42.888+0000] {processor.py:753} INFO - DAG(s) dict_keys(['dag_inmet']) retrieved from /opt/airflow/dags/dag_inmet.py
[2024-07-24T01:00:42.913+0000] {logging_mixin.py:137} INFO - [2024-07-24T01:00:42.913+0000] {dag.py:2690} INFO - Sync 1 DAGs
[2024-07-24T01:00:42.934+0000] {logging_mixin.py:137} INFO - [2024-07-24T01:00:42.934+0000] {dag.py:3441} INFO - Setting next_dagrun for dag_inmet to 2024-07-23T13:01:05.460867+00:00, run_after=2024-07-24T13:01:05.460867+00:00
[2024-07-24T01:00:42.948+0000] {processor.py:175} INFO - Processing /opt/airflow/dags/dag_inmet.py took 0.084 seconds
[2024-07-24T01:01:51.830+0000] {processor.py:153} INFO - Started process (PID=42) to work on /opt/airflow/dags/dag_inmet.py
[2024-07-24T01:01:51.831+0000] {processor.py:743} INFO - Processing file /opt/airflow/dags/dag_inmet.py for tasks to queue
[2024-07-24T01:01:51.831+0000] {logging_mixin.py:137} INFO - [2024-07-24T01:01:51.831+0000] {dagbag.py:538} INFO - Filling up the DagBag from /opt/airflow/dags/dag_inmet.py
[2024-07-24T01:01:51.853+0000] {processor.py:753} INFO - DAG(s) dict_keys(['dag_inmet']) retrieved from /opt/airflow/dags/dag_inmet.py
[2024-07-24T01:01:51.879+0000] {logging_mixin.py:137} INFO - [2024-07-24T01:01:51.878+0000] {dag.py:2690} INFO - Sync 1 DAGs
[2024-07-24T01:01:51.899+0000] {logging_mixin.py:137} INFO - [2024-07-24T01:01:51.899+0000] {dag.py:3441} INFO - Setting next_dagrun for dag_inmet to 2024-07-23T13:01:05.460867+00:00, run_after=2024-07-24T13:01:05.460867+00:00
[2024-07-24T01:01:51.913+0000] {processor.py:175} INFO - Processing /opt/airflow/dags/dag_inmet.py took 0.085 seconds
[2024-07-24T01:02:59.909+0000] {processor.py:153} INFO - Started process (PID=42) to work on /opt/airflow/dags/dag_inmet.py
[2024-07-24T01:02:59.910+0000] {processor.py:743} INFO - Processing file /opt/airflow/dags/dag_inmet.py for tasks to queue
[2024-07-24T01:02:59.910+0000] {logging_mixin.py:137} INFO - [2024-07-24T01:02:59.910+0000] {dagbag.py:538} INFO - Filling up the DagBag from /opt/airflow/dags/dag_inmet.py
[2024-07-24T01:02:59.934+0000] {processor.py:753} INFO - DAG(s) dict_keys(['dag_inmet']) retrieved from /opt/airflow/dags/dag_inmet.py
[2024-07-24T01:02:59.964+0000] {logging_mixin.py:137} INFO - [2024-07-24T01:02:59.964+0000] {dag.py:2690} INFO - Sync 1 DAGs
[2024-07-24T01:02:59.988+0000] {logging_mixin.py:137} INFO - [2024-07-24T01:02:59.988+0000] {dag.py:3441} INFO - Setting next_dagrun for dag_inmet to 2024-07-23T13:01:05.460867+00:00, run_after=2024-07-24T13:01:05.460867+00:00
[2024-07-24T01:03:00.025+0000] {processor.py:175} INFO - Processing /opt/airflow/dags/dag_inmet.py took 0.118 seconds
[2024-07-24T01:04:08.718+0000] {processor.py:153} INFO - Started process (PID=42) to work on /opt/airflow/dags/dag_inmet.py
[2024-07-24T01:04:08.718+0000] {processor.py:743} INFO - Processing file /opt/airflow/dags/dag_inmet.py for tasks to queue
[2024-07-24T01:04:08.719+0000] {logging_mixin.py:137} INFO - [2024-07-24T01:04:08.719+0000] {dagbag.py:538} INFO - Filling up the DagBag from /opt/airflow/dags/dag_inmet.py
[2024-07-24T01:04:08.767+0000] {processor.py:753} INFO - DAG(s) dict_keys(['dag_inmet']) retrieved from /opt/airflow/dags/dag_inmet.py
[2024-07-24T01:04:08.827+0000] {logging_mixin.py:137} INFO - [2024-07-24T01:04:08.826+0000] {dag.py:2690} INFO - Sync 1 DAGs
[2024-07-24T01:04:08.854+0000] {logging_mixin.py:137} INFO - [2024-07-24T01:04:08.854+0000] {dag.py:3441} INFO - Setting next_dagrun for dag_inmet to 2024-07-23T13:01:05.460867+00:00, run_after=2024-07-24T13:01:05.460867+00:00
[2024-07-24T01:04:08.881+0000] {processor.py:175} INFO - Processing /opt/airflow/dags/dag_inmet.py took 0.166 seconds
[2024-07-24T01:05:17.019+0000] {processor.py:153} INFO - Started process (PID=42) to work on /opt/airflow/dags/dag_inmet.py
[2024-07-24T01:05:17.020+0000] {processor.py:743} INFO - Processing file /opt/airflow/dags/dag_inmet.py for tasks to queue
[2024-07-24T01:05:17.020+0000] {logging_mixin.py:137} INFO - [2024-07-24T01:05:17.020+0000] {dagbag.py:538} INFO - Filling up the DagBag from /opt/airflow/dags/dag_inmet.py
[2024-07-24T01:05:17.060+0000] {processor.py:753} INFO - DAG(s) dict_keys(['dag_inmet']) retrieved from /opt/airflow/dags/dag_inmet.py
[2024-07-24T01:05:17.099+0000] {logging_mixin.py:137} INFO - [2024-07-24T01:05:17.099+0000] {dag.py:2690} INFO - Sync 1 DAGs
[2024-07-24T01:05:17.130+0000] {logging_mixin.py:137} INFO - [2024-07-24T01:05:17.130+0000] {dag.py:3441} INFO - Setting next_dagrun for dag_inmet to 2024-07-23T13:01:05.460867+00:00, run_after=2024-07-24T13:01:05.460867+00:00
[2024-07-24T01:05:17.149+0000] {processor.py:175} INFO - Processing /opt/airflow/dags/dag_inmet.py took 0.132 seconds
[2024-07-24T01:06:25.555+0000] {processor.py:153} INFO - Started process (PID=42) to work on /opt/airflow/dags/dag_inmet.py
[2024-07-24T01:06:25.556+0000] {processor.py:743} INFO - Processing file /opt/airflow/dags/dag_inmet.py for tasks to queue
[2024-07-24T01:06:25.556+0000] {logging_mixin.py:137} INFO - [2024-07-24T01:06:25.556+0000] {dagbag.py:538} INFO - Filling up the DagBag from /opt/airflow/dags/dag_inmet.py
[2024-07-24T01:06:25.578+0000] {processor.py:753} INFO - DAG(s) dict_keys(['dag_inmet']) retrieved from /opt/airflow/dags/dag_inmet.py
[2024-07-24T01:06:25.606+0000] {logging_mixin.py:137} INFO - [2024-07-24T01:06:25.606+0000] {dag.py:2690} INFO - Sync 1 DAGs
[2024-07-24T01:06:25.629+0000] {logging_mixin.py:137} INFO - [2024-07-24T01:06:25.629+0000] {dag.py:3441} INFO - Setting next_dagrun for dag_inmet to 2024-07-23T13:01:05.460867+00:00, run_after=2024-07-24T13:01:05.460867+00:00
[2024-07-24T01:06:25.644+0000] {processor.py:175} INFO - Processing /opt/airflow/dags/dag_inmet.py took 0.091 seconds
[2024-07-24T01:07:35.086+0000] {processor.py:153} INFO - Started process (PID=42) to work on /opt/airflow/dags/dag_inmet.py
[2024-07-24T01:07:35.088+0000] {processor.py:743} INFO - Processing file /opt/airflow/dags/dag_inmet.py for tasks to queue
[2024-07-24T01:07:35.089+0000] {logging_mixin.py:137} INFO - [2024-07-24T01:07:35.089+0000] {dagbag.py:538} INFO - Filling up the DagBag from /opt/airflow/dags/dag_inmet.py
[2024-07-24T01:07:35.124+0000] {processor.py:753} INFO - DAG(s) dict_keys(['dag_inmet']) retrieved from /opt/airflow/dags/dag_inmet.py
[2024-07-24T01:07:35.187+0000] {logging_mixin.py:137} INFO - [2024-07-24T01:07:35.186+0000] {dag.py:2690} INFO - Sync 1 DAGs
[2024-07-24T01:07:35.234+0000] {logging_mixin.py:137} INFO - [2024-07-24T01:07:35.234+0000] {dag.py:3441} INFO - Setting next_dagrun for dag_inmet to 2024-07-23T13:01:05.460867+00:00, run_after=2024-07-24T13:01:05.460867+00:00
[2024-07-24T01:07:35.255+0000] {processor.py:175} INFO - Processing /opt/airflow/dags/dag_inmet.py took 0.174 seconds
[2024-07-24T01:08:44.315+0000] {processor.py:153} INFO - Started process (PID=42) to work on /opt/airflow/dags/dag_inmet.py
[2024-07-24T01:08:44.316+0000] {processor.py:743} INFO - Processing file /opt/airflow/dags/dag_inmet.py for tasks to queue
[2024-07-24T01:08:44.316+0000] {logging_mixin.py:137} INFO - [2024-07-24T01:08:44.316+0000] {dagbag.py:538} INFO - Filling up the DagBag from /opt/airflow/dags/dag_inmet.py
[2024-07-24T01:08:44.339+0000] {processor.py:753} INFO - DAG(s) dict_keys(['dag_inmet']) retrieved from /opt/airflow/dags/dag_inmet.py
[2024-07-24T01:08:44.369+0000] {logging_mixin.py:137} INFO - [2024-07-24T01:08:44.369+0000] {dag.py:2690} INFO - Sync 1 DAGs
[2024-07-24T01:08:44.394+0000] {logging_mixin.py:137} INFO - [2024-07-24T01:08:44.394+0000] {dag.py:3441} INFO - Setting next_dagrun for dag_inmet to 2024-07-23T13:01:05.460867+00:00, run_after=2024-07-24T13:01:05.460867+00:00
[2024-07-24T01:08:44.410+0000] {processor.py:175} INFO - Processing /opt/airflow/dags/dag_inmet.py took 0.097 seconds
[2024-07-24T01:09:52.812+0000] {processor.py:153} INFO - Started process (PID=42) to work on /opt/airflow/dags/dag_inmet.py
[2024-07-24T01:09:52.812+0000] {processor.py:743} INFO - Processing file /opt/airflow/dags/dag_inmet.py for tasks to queue
[2024-07-24T01:09:52.813+0000] {logging_mixin.py:137} INFO - [2024-07-24T01:09:52.813+0000] {dagbag.py:538} INFO - Filling up the DagBag from /opt/airflow/dags/dag_inmet.py
[2024-07-24T01:09:52.837+0000] {processor.py:753} INFO - DAG(s) dict_keys(['dag_inmet']) retrieved from /opt/airflow/dags/dag_inmet.py
[2024-07-24T01:09:52.867+0000] {logging_mixin.py:137} INFO - [2024-07-24T01:09:52.867+0000] {dag.py:2690} INFO - Sync 1 DAGs
[2024-07-24T01:09:52.892+0000] {logging_mixin.py:137} INFO - [2024-07-24T01:09:52.892+0000] {dag.py:3441} INFO - Setting next_dagrun for dag_inmet to 2024-07-23T13:01:05.460867+00:00, run_after=2024-07-24T13:01:05.460867+00:00
[2024-07-24T01:09:52.909+0000] {processor.py:175} INFO - Processing /opt/airflow/dags/dag_inmet.py took 0.099 seconds
[2024-07-24T01:11:02.022+0000] {processor.py:153} INFO - Started process (PID=42) to work on /opt/airflow/dags/dag_inmet.py
[2024-07-24T01:11:02.023+0000] {processor.py:743} INFO - Processing file /opt/airflow/dags/dag_inmet.py for tasks to queue
[2024-07-24T01:11:02.025+0000] {logging_mixin.py:137} INFO - [2024-07-24T01:11:02.024+0000] {dagbag.py:538} INFO - Filling up the DagBag from /opt/airflow/dags/dag_inmet.py
[2024-07-24T01:11:02.091+0000] {processor.py:753} INFO - DAG(s) dict_keys(['dag_inmet']) retrieved from /opt/airflow/dags/dag_inmet.py
[2024-07-24T01:11:02.189+0000] {logging_mixin.py:137} INFO - [2024-07-24T01:11:02.188+0000] {dag.py:2690} INFO - Sync 1 DAGs
[2024-07-24T01:11:02.265+0000] {logging_mixin.py:137} INFO - [2024-07-24T01:11:02.265+0000] {dag.py:3441} INFO - Setting next_dagrun for dag_inmet to 2024-07-23T13:01:05.460867+00:00, run_after=2024-07-24T13:01:05.460867+00:00
[2024-07-24T01:11:02.317+0000] {processor.py:175} INFO - Processing /opt/airflow/dags/dag_inmet.py took 0.302 seconds
[2024-07-24T01:12:11.096+0000] {processor.py:153} INFO - Started process (PID=42) to work on /opt/airflow/dags/dag_inmet.py
[2024-07-24T01:12:11.097+0000] {processor.py:743} INFO - Processing file /opt/airflow/dags/dag_inmet.py for tasks to queue
[2024-07-24T01:12:11.097+0000] {logging_mixin.py:137} INFO - [2024-07-24T01:12:11.097+0000] {dagbag.py:538} INFO - Filling up the DagBag from /opt/airflow/dags/dag_inmet.py
[2024-07-24T01:12:11.121+0000] {processor.py:753} INFO - DAG(s) dict_keys(['dag_inmet']) retrieved from /opt/airflow/dags/dag_inmet.py
[2024-07-24T01:12:11.150+0000] {logging_mixin.py:137} INFO - [2024-07-24T01:12:11.150+0000] {dag.py:2690} INFO - Sync 1 DAGs
[2024-07-24T01:12:11.174+0000] {logging_mixin.py:137} INFO - [2024-07-24T01:12:11.174+0000] {dag.py:3441} INFO - Setting next_dagrun for dag_inmet to 2024-07-23T13:01:05.460867+00:00, run_after=2024-07-24T13:01:05.460867+00:00
[2024-07-24T01:12:11.190+0000] {processor.py:175} INFO - Processing /opt/airflow/dags/dag_inmet.py took 0.096 seconds
[2024-07-24T01:13:21.384+0000] {processor.py:153} INFO - Started process (PID=42) to work on /opt/airflow/dags/dag_inmet.py
[2024-07-24T01:13:21.385+0000] {processor.py:743} INFO - Processing file /opt/airflow/dags/dag_inmet.py for tasks to queue
[2024-07-24T01:13:21.386+0000] {logging_mixin.py:137} INFO - [2024-07-24T01:13:21.385+0000] {dagbag.py:538} INFO - Filling up the DagBag from /opt/airflow/dags/dag_inmet.py
[2024-07-24T01:13:21.410+0000] {processor.py:753} INFO - DAG(s) dict_keys(['dag_inmet']) retrieved from /opt/airflow/dags/dag_inmet.py
[2024-07-24T01:13:21.442+0000] {logging_mixin.py:137} INFO - [2024-07-24T01:13:21.441+0000] {dag.py:2690} INFO - Sync 1 DAGs
[2024-07-24T01:13:21.490+0000] {logging_mixin.py:137} INFO - [2024-07-24T01:13:21.490+0000] {dag.py:3441} INFO - Setting next_dagrun for dag_inmet to 2024-07-23T13:01:05.460867+00:00, run_after=2024-07-24T13:01:05.460867+00:00
[2024-07-24T01:13:21.517+0000] {processor.py:175} INFO - Processing /opt/airflow/dags/dag_inmet.py took 0.136 seconds
[2024-07-24T01:13:31.438+0000] {processor.py:153} INFO - Started process (PID=42) to work on /opt/airflow/dags/dag_inmet.py
[2024-07-24T01:13:31.439+0000] {processor.py:743} INFO - Processing file /opt/airflow/dags/dag_inmet.py for tasks to queue
[2024-07-24T01:13:31.440+0000] {logging_mixin.py:137} INFO - [2024-07-24T01:13:31.440+0000] {dagbag.py:538} INFO - Filling up the DagBag from /opt/airflow/dags/dag_inmet.py
[2024-07-24T01:13:31.504+0000] {processor.py:753} INFO - DAG(s) dict_keys(['dag_inmet']) retrieved from /opt/airflow/dags/dag_inmet.py
[2024-07-24T01:13:31.640+0000] {logging_mixin.py:137} INFO - [2024-07-24T01:13:31.640+0000] {dag.py:2690} INFO - Sync 1 DAGs
[2024-07-24T01:13:31.726+0000] {logging_mixin.py:137} INFO - [2024-07-24T01:13:31.725+0000] {dag.py:3441} INFO - Setting next_dagrun for dag_inmet to 2024-07-23T13:01:05.460867+00:00, run_after=2024-07-24T13:01:05.460867+00:00
[2024-07-24T01:13:31.782+0000] {processor.py:175} INFO - Processing /opt/airflow/dags/dag_inmet.py took 0.349 seconds
[2024-07-24T01:13:40.466+0000] {processor.py:153} INFO - Started process (PID=42) to work on /opt/airflow/dags/dag_inmet.py
[2024-07-24T01:13:40.468+0000] {processor.py:743} INFO - Processing file /opt/airflow/dags/dag_inmet.py for tasks to queue
[2024-07-24T01:13:40.470+0000] {logging_mixin.py:137} INFO - [2024-07-24T01:13:40.469+0000] {dagbag.py:538} INFO - Filling up the DagBag from /opt/airflow/dags/dag_inmet.py
[2024-07-24T01:13:40.540+0000] {processor.py:753} INFO - DAG(s) dict_keys(['dag_inmet']) retrieved from /opt/airflow/dags/dag_inmet.py
[2024-07-24T01:13:40.631+0000] {logging_mixin.py:137} INFO - [2024-07-24T01:13:40.631+0000] {dag.py:2690} INFO - Sync 1 DAGs
[2024-07-24T01:13:40.704+0000] {logging_mixin.py:137} INFO - [2024-07-24T01:13:40.704+0000] {dag.py:3441} INFO - Setting next_dagrun for dag_inmet to 2024-07-23T13:01:05.460867+00:00, run_after=2024-07-24T13:01:05.460867+00:00
[2024-07-24T01:13:40.756+0000] {processor.py:175} INFO - Processing /opt/airflow/dags/dag_inmet.py took 0.296 seconds
[2024-07-24T01:13:50.567+0000] {processor.py:153} INFO - Started process (PID=42) to work on /opt/airflow/dags/dag_inmet.py
[2024-07-24T01:13:50.567+0000] {processor.py:743} INFO - Processing file /opt/airflow/dags/dag_inmet.py for tasks to queue
[2024-07-24T01:13:50.568+0000] {logging_mixin.py:137} INFO - [2024-07-24T01:13:50.568+0000] {dagbag.py:538} INFO - Filling up the DagBag from /opt/airflow/dags/dag_inmet.py
[2024-07-24T01:13:50.600+0000] {processor.py:753} INFO - DAG(s) dict_keys(['dag_inmet']) retrieved from /opt/airflow/dags/dag_inmet.py
[2024-07-24T01:13:50.683+0000] {logging_mixin.py:137} INFO - [2024-07-24T01:13:50.683+0000] {dag.py:2690} INFO - Sync 1 DAGs
[2024-07-24T01:13:50.716+0000] {logging_mixin.py:137} INFO - [2024-07-24T01:13:50.716+0000] {dag.py:3441} INFO - Setting next_dagrun for dag_inmet to 2024-07-23T13:01:05.460867+00:00, run_after=2024-07-24T13:01:05.460867+00:00
[2024-07-24T01:13:50.737+0000] {processor.py:175} INFO - Processing /opt/airflow/dags/dag_inmet.py took 0.172 seconds
[2024-07-24T01:14:00.409+0000] {processor.py:153} INFO - Started process (PID=42) to work on /opt/airflow/dags/dag_inmet.py
[2024-07-24T01:14:00.409+0000] {processor.py:743} INFO - Processing file /opt/airflow/dags/dag_inmet.py for tasks to queue
[2024-07-24T01:14:00.410+0000] {logging_mixin.py:137} INFO - [2024-07-24T01:14:00.410+0000] {dagbag.py:538} INFO - Filling up the DagBag from /opt/airflow/dags/dag_inmet.py
[2024-07-24T01:14:00.432+0000] {processor.py:753} INFO - DAG(s) dict_keys(['dag_inmet']) retrieved from /opt/airflow/dags/dag_inmet.py
[2024-07-24T01:14:00.464+0000] {logging_mixin.py:137} INFO - [2024-07-24T01:14:00.464+0000] {dag.py:2690} INFO - Sync 1 DAGs
[2024-07-24T01:14:00.490+0000] {logging_mixin.py:137} INFO - [2024-07-24T01:14:00.490+0000] {dag.py:3441} INFO - Setting next_dagrun for dag_inmet to 2024-07-23T13:01:05.460867+00:00, run_after=2024-07-24T13:01:05.460867+00:00
[2024-07-24T01:14:00.507+0000] {processor.py:175} INFO - Processing /opt/airflow/dags/dag_inmet.py took 0.100 seconds
[2024-07-24T01:14:10.358+0000] {processor.py:153} INFO - Started process (PID=42) to work on /opt/airflow/dags/dag_inmet.py
[2024-07-24T01:14:10.359+0000] {processor.py:743} INFO - Processing file /opt/airflow/dags/dag_inmet.py for tasks to queue
[2024-07-24T01:14:10.359+0000] {logging_mixin.py:137} INFO - [2024-07-24T01:14:10.359+0000] {dagbag.py:538} INFO - Filling up the DagBag from /opt/airflow/dags/dag_inmet.py
[2024-07-24T01:14:10.383+0000] {processor.py:753} INFO - DAG(s) dict_keys(['dag_inmet']) retrieved from /opt/airflow/dags/dag_inmet.py
[2024-07-24T01:14:10.413+0000] {logging_mixin.py:137} INFO - [2024-07-24T01:14:10.413+0000] {dag.py:2690} INFO - Sync 1 DAGs
[2024-07-24T01:14:10.437+0000] {logging_mixin.py:137} INFO - [2024-07-24T01:14:10.437+0000] {dag.py:3441} INFO - Setting next_dagrun for dag_inmet to 2024-07-23T13:01:05.460867+00:00, run_after=2024-07-24T13:01:05.460867+00:00
[2024-07-24T01:14:10.452+0000] {processor.py:175} INFO - Processing /opt/airflow/dags/dag_inmet.py took 0.096 seconds
[2024-07-24T01:14:23.102+0000] {processor.py:153} INFO - Started process (PID=42) to work on /opt/airflow/dags/dag_inmet.py
[2024-07-24T01:14:23.103+0000] {processor.py:743} INFO - Processing file /opt/airflow/dags/dag_inmet.py for tasks to queue
[2024-07-24T01:14:23.103+0000] {logging_mixin.py:137} INFO - [2024-07-24T01:14:23.103+0000] {dagbag.py:538} INFO - Filling up the DagBag from /opt/airflow/dags/dag_inmet.py
[2024-07-24T01:14:23.124+0000] {processor.py:753} INFO - DAG(s) dict_keys(['dag_inmet']) retrieved from /opt/airflow/dags/dag_inmet.py
[2024-07-24T01:14:23.153+0000] {logging_mixin.py:137} INFO - [2024-07-24T01:14:23.153+0000] {dag.py:2690} INFO - Sync 1 DAGs
[2024-07-24T01:14:23.181+0000] {logging_mixin.py:137} INFO - [2024-07-24T01:14:23.181+0000] {dag.py:3441} INFO - Setting next_dagrun for dag_inmet to 2024-07-23T13:01:05.460867+00:00, run_after=2024-07-24T13:01:05.460867+00:00
[2024-07-24T01:14:23.199+0000] {processor.py:175} INFO - Processing /opt/airflow/dags/dag_inmet.py took 0.099 seconds
[2024-07-24T01:14:38.185+0000] {processor.py:153} INFO - Started process (PID=42) to work on /opt/airflow/dags/dag_inmet.py
[2024-07-24T01:14:38.186+0000] {processor.py:743} INFO - Processing file /opt/airflow/dags/dag_inmet.py for tasks to queue
[2024-07-24T01:14:38.186+0000] {logging_mixin.py:137} INFO - [2024-07-24T01:14:38.186+0000] {dagbag.py:538} INFO - Filling up the DagBag from /opt/airflow/dags/dag_inmet.py
[2024-07-24T01:14:38.210+0000] {processor.py:753} INFO - DAG(s) dict_keys(['dag_inmet']) retrieved from /opt/airflow/dags/dag_inmet.py
[2024-07-24T01:14:38.239+0000] {logging_mixin.py:137} INFO - [2024-07-24T01:14:38.239+0000] {dag.py:2690} INFO - Sync 1 DAGs
[2024-07-24T01:14:38.263+0000] {logging_mixin.py:137} INFO - [2024-07-24T01:14:38.263+0000] {dag.py:3441} INFO - Setting next_dagrun for dag_inmet to 2024-07-23T13:01:05.460867+00:00, run_after=2024-07-24T13:01:05.460867+00:00
[2024-07-24T01:14:38.278+0000] {processor.py:175} INFO - Processing /opt/airflow/dags/dag_inmet.py took 0.096 seconds
[2024-07-24T01:15:00.043+0000] {processor.py:153} INFO - Started process (PID=42) to work on /opt/airflow/dags/dag_inmet.py
[2024-07-24T01:15:00.044+0000] {processor.py:743} INFO - Processing file /opt/airflow/dags/dag_inmet.py for tasks to queue
[2024-07-24T01:15:00.044+0000] {logging_mixin.py:137} INFO - [2024-07-24T01:15:00.044+0000] {dagbag.py:538} INFO - Filling up the DagBag from /opt/airflow/dags/dag_inmet.py
[2024-07-24T01:15:00.066+0000] {processor.py:753} INFO - DAG(s) dict_keys(['dag_inmet']) retrieved from /opt/airflow/dags/dag_inmet.py
[2024-07-24T01:15:00.096+0000] {logging_mixin.py:137} INFO - [2024-07-24T01:15:00.096+0000] {dag.py:2690} INFO - Sync 1 DAGs
[2024-07-24T01:15:00.120+0000] {logging_mixin.py:137} INFO - [2024-07-24T01:15:00.120+0000] {dag.py:3441} INFO - Setting next_dagrun for dag_inmet to 2024-07-23T13:01:05.460867+00:00, run_after=2024-07-24T13:01:05.460867+00:00
[2024-07-24T01:15:00.136+0000] {processor.py:175} INFO - Processing /opt/airflow/dags/dag_inmet.py took 0.095 seconds
[2024-07-24T01:15:36.775+0000] {processor.py:153} INFO - Started process (PID=42) to work on /opt/airflow/dags/dag_inmet.py
[2024-07-24T01:15:36.776+0000] {processor.py:743} INFO - Processing file /opt/airflow/dags/dag_inmet.py for tasks to queue
[2024-07-24T01:15:36.776+0000] {logging_mixin.py:137} INFO - [2024-07-24T01:15:36.776+0000] {dagbag.py:538} INFO - Filling up the DagBag from /opt/airflow/dags/dag_inmet.py
[2024-07-24T01:15:36.824+0000] {processor.py:753} INFO - DAG(s) dict_keys(['dag_inmet']) retrieved from /opt/airflow/dags/dag_inmet.py
[2024-07-24T01:15:36.874+0000] {logging_mixin.py:137} INFO - [2024-07-24T01:15:36.873+0000] {dag.py:2690} INFO - Sync 1 DAGs
[2024-07-24T01:15:36.915+0000] {logging_mixin.py:137} INFO - [2024-07-24T01:15:36.915+0000] {dag.py:3441} INFO - Setting next_dagrun for dag_inmet to 2024-07-23T13:01:05.460867+00:00, run_after=2024-07-24T13:01:05.460867+00:00
[2024-07-24T01:15:36.941+0000] {processor.py:175} INFO - Processing /opt/airflow/dags/dag_inmet.py took 0.168 seconds
[2024-07-24T01:15:46.785+0000] {processor.py:153} INFO - Started process (PID=42) to work on /opt/airflow/dags/dag_inmet.py
[2024-07-24T01:15:46.786+0000] {processor.py:743} INFO - Processing file /opt/airflow/dags/dag_inmet.py for tasks to queue
[2024-07-24T01:15:46.786+0000] {logging_mixin.py:137} INFO - [2024-07-24T01:15:46.786+0000] {dagbag.py:538} INFO - Filling up the DagBag from /opt/airflow/dags/dag_inmet.py
[2024-07-24T01:15:46.810+0000] {processor.py:753} INFO - DAG(s) dict_keys(['dag_inmet']) retrieved from /opt/airflow/dags/dag_inmet.py
[2024-07-24T01:15:46.864+0000] {logging_mixin.py:137} INFO - [2024-07-24T01:15:46.863+0000] {dag.py:2690} INFO - Sync 1 DAGs
[2024-07-24T01:15:46.985+0000] {logging_mixin.py:137} INFO - [2024-07-24T01:15:46.984+0000] {dag.py:3441} INFO - Setting next_dagrun for dag_inmet to 2024-07-23T13:01:05.460867+00:00, run_after=2024-07-24T13:01:05.460867+00:00
[2024-07-24T01:15:47.042+0000] {processor.py:175} INFO - Processing /opt/airflow/dags/dag_inmet.py took 0.259 seconds
[2024-07-24T01:15:57.241+0000] {processor.py:153} INFO - Started process (PID=42) to work on /opt/airflow/dags/dag_inmet.py
[2024-07-24T01:15:57.241+0000] {processor.py:743} INFO - Processing file /opt/airflow/dags/dag_inmet.py for tasks to queue
[2024-07-24T01:15:57.242+0000] {logging_mixin.py:137} INFO - [2024-07-24T01:15:57.242+0000] {dagbag.py:538} INFO - Filling up the DagBag from /opt/airflow/dags/dag_inmet.py
[2024-07-24T01:15:57.317+0000] {processor.py:753} INFO - DAG(s) dict_keys(['dag_inmet']) retrieved from /opt/airflow/dags/dag_inmet.py
[2024-07-24T01:15:57.420+0000] {logging_mixin.py:137} INFO - [2024-07-24T01:15:57.419+0000] {dag.py:2690} INFO - Sync 1 DAGs
[2024-07-24T01:15:57.501+0000] {logging_mixin.py:137} INFO - [2024-07-24T01:15:57.501+0000] {dag.py:3441} INFO - Setting next_dagrun for dag_inmet to 2024-07-23T13:01:05.460867+00:00, run_after=2024-07-24T13:01:05.460867+00:00
[2024-07-24T01:15:57.558+0000] {processor.py:175} INFO - Processing /opt/airflow/dags/dag_inmet.py took 0.320 seconds
[2024-07-24T01:16:07.248+0000] {processor.py:153} INFO - Started process (PID=42) to work on /opt/airflow/dags/dag_inmet.py
[2024-07-24T01:16:07.248+0000] {processor.py:743} INFO - Processing file /opt/airflow/dags/dag_inmet.py for tasks to queue
[2024-07-24T01:16:07.249+0000] {logging_mixin.py:137} INFO - [2024-07-24T01:16:07.249+0000] {dagbag.py:538} INFO - Filling up the DagBag from /opt/airflow/dags/dag_inmet.py
[2024-07-24T01:16:07.288+0000] {processor.py:753} INFO - DAG(s) dict_keys(['dag_inmet']) retrieved from /opt/airflow/dags/dag_inmet.py
[2024-07-24T01:16:07.418+0000] {logging_mixin.py:137} INFO - [2024-07-24T01:16:07.417+0000] {dag.py:2690} INFO - Sync 1 DAGs
[2024-07-24T01:16:07.509+0000] {logging_mixin.py:137} INFO - [2024-07-24T01:16:07.509+0000] {dag.py:3441} INFO - Setting next_dagrun for dag_inmet to 2024-07-23T13:01:05.460867+00:00, run_after=2024-07-24T13:01:05.460867+00:00
[2024-07-24T01:16:07.565+0000] {processor.py:175} INFO - Processing /opt/airflow/dags/dag_inmet.py took 0.320 seconds
[2024-07-24T01:16:17.257+0000] {processor.py:153} INFO - Started process (PID=42) to work on /opt/airflow/dags/dag_inmet.py
[2024-07-24T01:16:17.258+0000] {processor.py:743} INFO - Processing file /opt/airflow/dags/dag_inmet.py for tasks to queue
[2024-07-24T01:16:17.260+0000] {logging_mixin.py:137} INFO - [2024-07-24T01:16:17.259+0000] {dagbag.py:538} INFO - Filling up the DagBag from /opt/airflow/dags/dag_inmet.py
[2024-07-24T01:16:17.323+0000] {processor.py:753} INFO - DAG(s) dict_keys(['dag_inmet']) retrieved from /opt/airflow/dags/dag_inmet.py
[2024-07-24T01:16:17.411+0000] {logging_mixin.py:137} INFO - [2024-07-24T01:16:17.410+0000] {dag.py:2690} INFO - Sync 1 DAGs
[2024-07-24T01:16:17.484+0000] {logging_mixin.py:137} INFO - [2024-07-24T01:16:17.483+0000] {dag.py:3441} INFO - Setting next_dagrun for dag_inmet to 2024-07-23T13:01:05.460867+00:00, run_after=2024-07-24T13:01:05.460867+00:00
[2024-07-24T01:16:17.534+0000] {processor.py:175} INFO - Processing /opt/airflow/dags/dag_inmet.py took 0.283 seconds
[2024-07-24T01:16:27.666+0000] {processor.py:153} INFO - Started process (PID=42) to work on /opt/airflow/dags/dag_inmet.py
[2024-07-24T01:16:27.667+0000] {processor.py:743} INFO - Processing file /opt/airflow/dags/dag_inmet.py for tasks to queue
[2024-07-24T01:16:27.667+0000] {logging_mixin.py:137} INFO - [2024-07-24T01:16:27.667+0000] {dagbag.py:538} INFO - Filling up the DagBag from /opt/airflow/dags/dag_inmet.py
[2024-07-24T01:16:27.692+0000] {processor.py:753} INFO - DAG(s) dict_keys(['dag_inmet']) retrieved from /opt/airflow/dags/dag_inmet.py
[2024-07-24T01:16:27.721+0000] {logging_mixin.py:137} INFO - [2024-07-24T01:16:27.721+0000] {dag.py:2690} INFO - Sync 1 DAGs
[2024-07-24T01:16:27.745+0000] {logging_mixin.py:137} INFO - [2024-07-24T01:16:27.745+0000] {dag.py:3441} INFO - Setting next_dagrun for dag_inmet to 2024-07-23T13:01:05.460867+00:00, run_after=2024-07-24T13:01:05.460867+00:00
[2024-07-24T01:16:27.761+0000] {processor.py:175} INFO - Processing /opt/airflow/dags/dag_inmet.py took 0.097 seconds
[2024-07-24T01:16:38.622+0000] {processor.py:153} INFO - Started process (PID=43) to work on /opt/airflow/dags/dag_inmet.py
[2024-07-24T01:16:38.623+0000] {processor.py:743} INFO - Processing file /opt/airflow/dags/dag_inmet.py for tasks to queue
[2024-07-24T01:16:38.624+0000] {logging_mixin.py:137} INFO - [2024-07-24T01:16:38.624+0000] {dagbag.py:538} INFO - Filling up the DagBag from /opt/airflow/dags/dag_inmet.py
[2024-07-24T01:16:38.666+0000] {processor.py:753} INFO - DAG(s) dict_keys(['dag_inmet']) retrieved from /opt/airflow/dags/dag_inmet.py
[2024-07-24T01:16:38.714+0000] {logging_mixin.py:137} INFO - [2024-07-24T01:16:38.713+0000] {dag.py:2690} INFO - Sync 1 DAGs
[2024-07-24T01:16:38.750+0000] {logging_mixin.py:137} INFO - [2024-07-24T01:16:38.749+0000] {dag.py:3441} INFO - Setting next_dagrun for dag_inmet to 2024-07-23T13:01:05.460867+00:00, run_after=2024-07-24T13:01:05.460867+00:00
[2024-07-24T01:16:38.767+0000] {processor.py:175} INFO - Processing /opt/airflow/dags/dag_inmet.py took 0.147 seconds
[2024-07-24T08:05:30.008+0000] {processor.py:153} INFO - Started process (PID=43) to work on /opt/airflow/dags/dag_inmet.py
[2024-07-24T08:05:30.009+0000] {processor.py:743} INFO - Processing file /opt/airflow/dags/dag_inmet.py for tasks to queue
[2024-07-24T08:05:30.010+0000] {logging_mixin.py:137} INFO - [2024-07-24T08:05:30.009+0000] {dagbag.py:538} INFO - Filling up the DagBag from /opt/airflow/dags/dag_inmet.py
[2024-07-24T08:05:30.051+0000] {processor.py:753} INFO - DAG(s) dict_keys(['dag_inmet']) retrieved from /opt/airflow/dags/dag_inmet.py
[2024-07-24T08:05:30.135+0000] {logging_mixin.py:137} INFO - [2024-07-24T08:05:30.135+0000] {dag.py:2690} INFO - Sync 1 DAGs
[2024-07-24T08:05:30.175+0000] {logging_mixin.py:137} INFO - [2024-07-24T08:05:30.174+0000] {dag.py:3441} INFO - Setting next_dagrun for dag_inmet to 2024-07-23T13:01:05.460867+00:00, run_after=2024-07-24T13:01:05.460867+00:00
[2024-07-24T08:05:30.196+0000] {processor.py:175} INFO - Processing /opt/airflow/dags/dag_inmet.py took 0.191 seconds
[2024-07-24T08:05:38.882+0000] {processor.py:153} INFO - Started process (PID=42) to work on /opt/airflow/dags/dag_inmet.py
[2024-07-24T08:05:38.883+0000] {processor.py:743} INFO - Processing file /opt/airflow/dags/dag_inmet.py for tasks to queue
[2024-07-24T08:05:38.883+0000] {logging_mixin.py:137} INFO - [2024-07-24T08:05:38.883+0000] {dagbag.py:538} INFO - Filling up the DagBag from /opt/airflow/dags/dag_inmet.py
[2024-07-24T08:05:38.907+0000] {processor.py:753} INFO - DAG(s) dict_keys(['dag_inmet']) retrieved from /opt/airflow/dags/dag_inmet.py
[2024-07-24T08:05:38.937+0000] {logging_mixin.py:137} INFO - [2024-07-24T08:05:38.937+0000] {dag.py:2690} INFO - Sync 1 DAGs
[2024-07-24T08:05:38.962+0000] {logging_mixin.py:137} INFO - [2024-07-24T08:05:38.962+0000] {dag.py:3441} INFO - Setting next_dagrun for dag_inmet to 2024-07-23T13:01:05.460867+00:00, run_after=2024-07-24T13:01:05.460867+00:00
[2024-07-24T08:05:38.978+0000] {processor.py:175} INFO - Processing /opt/airflow/dags/dag_inmet.py took 0.098 seconds
[2024-07-24T08:05:47.749+0000] {processor.py:153} INFO - Started process (PID=42) to work on /opt/airflow/dags/dag_inmet.py
[2024-07-24T08:05:47.749+0000] {processor.py:743} INFO - Processing file /opt/airflow/dags/dag_inmet.py for tasks to queue
[2024-07-24T08:05:47.750+0000] {logging_mixin.py:137} INFO - [2024-07-24T08:05:47.750+0000] {dagbag.py:538} INFO - Filling up the DagBag from /opt/airflow/dags/dag_inmet.py
[2024-07-24T08:05:47.774+0000] {processor.py:753} INFO - DAG(s) dict_keys(['dag_inmet']) retrieved from /opt/airflow/dags/dag_inmet.py
[2024-07-24T08:05:47.805+0000] {logging_mixin.py:137} INFO - [2024-07-24T08:05:47.805+0000] {dag.py:2690} INFO - Sync 1 DAGs
[2024-07-24T08:05:47.830+0000] {logging_mixin.py:137} INFO - [2024-07-24T08:05:47.830+0000] {dag.py:3441} INFO - Setting next_dagrun for dag_inmet to 2024-07-23T13:01:05.460867+00:00, run_after=2024-07-24T13:01:05.460867+00:00
[2024-07-24T08:05:47.846+0000] {processor.py:175} INFO - Processing /opt/airflow/dags/dag_inmet.py took 0.100 seconds
