[2024-08-08T19:54:39.695+0000] {taskinstance.py:1083} INFO - Dependencies all met for <TaskInstance: dag_inmet.download_data manual__2024-08-08T19:53:41.800273+00:00 [queued]>
[2024-08-08T19:54:39.705+0000] {taskinstance.py:1083} INFO - Dependencies all met for <TaskInstance: dag_inmet.download_data manual__2024-08-08T19:53:41.800273+00:00 [queued]>
[2024-08-08T19:54:39.705+0000] {taskinstance.py:1279} INFO - 
--------------------------------------------------------------------------------
[2024-08-08T19:54:39.705+0000] {taskinstance.py:1280} INFO - Starting attempt 1 of 1
[2024-08-08T19:54:39.705+0000] {taskinstance.py:1281} INFO - 
--------------------------------------------------------------------------------
[2024-08-08T19:54:39.716+0000] {taskinstance.py:1300} INFO - Executing <Task(PythonOperator): download_data> on 2024-08-08 19:53:41.800273+00:00
[2024-08-08T19:54:39.723+0000] {standard_task_runner.py:55} INFO - Started process 64705 to run task
[2024-08-08T19:54:39.725+0000] {standard_task_runner.py:82} INFO - Running: ['***', 'tasks', 'run', 'dag_inmet', 'download_data', 'manual__2024-08-08T19:53:41.800273+00:00', '--job-id', '6344', '--raw', '--subdir', 'DAGS_FOLDER/dag_inmet.py', '--cfg-path', '/tmp/tmp1re4mzyu']
[2024-08-08T19:54:39.726+0000] {standard_task_runner.py:83} INFO - Job 6344: Subtask download_data
[2024-08-08T19:54:39.769+0000] {task_command.py:388} INFO - Running <TaskInstance: dag_inmet.download_data manual__2024-08-08T19:53:41.800273+00:00 [running]> on host 4d826fde42d2
[2024-08-08T19:54:39.820+0000] {taskinstance.py:1509} INFO - Exporting the following env vars:
AIRFLOW_CTX_DAG_OWNER=***
AIRFLOW_CTX_DAG_ID=dag_inmet
AIRFLOW_CTX_TASK_ID=download_data
AIRFLOW_CTX_EXECUTION_DATE=2024-08-08T19:53:41.800273+00:00
AIRFLOW_CTX_TRY_NUMBER=1
AIRFLOW_CTX_DAG_RUN_ID=manual__2024-08-08T19:53:41.800273+00:00
[2024-08-08T19:54:40.867+0000] {logging_mixin.py:137} INFO - Tempo de execução de download_data: 1.0469 segundos
[2024-08-08T19:54:56.673+0000] {logging_mixin.py:137} INFO - Arquivo salvo como /opt/***/data/bronze/2021.zip
[2024-08-08T19:54:56.678+0000] {logging_mixin.py:137} INFO - Tempo de execução de download_and_save_file: 15.8108 segundos
[2024-08-08T19:54:56.695+0000] {python.py:177} INFO - Done. Returned value was: /opt/***/data/bronze/2021.zip
[2024-08-08T19:54:56.708+0000] {taskinstance.py:1323} INFO - Marking task as SUCCESS. dag_id=dag_inmet, task_id=download_data, execution_date=20240808T195341, start_date=20240808T195439, end_date=20240808T195456
[2024-08-08T19:54:56.760+0000] {local_task_job.py:208} INFO - Task exited with return code 0
[2024-08-08T19:54:56.789+0000] {taskinstance.py:2578} INFO - 1 downstream tasks scheduled from follow-on schedule check
