[2024-06-28T14:21:23.204+0000] {taskinstance.py:1083} INFO - Dependencies all met for <TaskInstance: daggroup.tsk6 manual__2024-06-28T14:21:03.968826+00:00 [queued]>
[2024-06-28T14:21:23.211+0000] {taskinstance.py:1083} INFO - Dependencies all met for <TaskInstance: daggroup.tsk6 manual__2024-06-28T14:21:03.968826+00:00 [queued]>
[2024-06-28T14:21:23.212+0000] {taskinstance.py:1279} INFO - 
--------------------------------------------------------------------------------
[2024-06-28T14:21:23.212+0000] {taskinstance.py:1280} INFO - Starting attempt 1 of 1
[2024-06-28T14:21:23.212+0000] {taskinstance.py:1281} INFO - 
--------------------------------------------------------------------------------
[2024-06-28T14:21:23.221+0000] {taskinstance.py:1300} INFO - Executing <Task(BashOperator): tsk6> on 2024-06-28 14:21:03.968826+00:00
[2024-06-28T14:21:23.226+0000] {standard_task_runner.py:55} INFO - Started process 195 to run task
[2024-06-28T14:21:23.227+0000] {standard_task_runner.py:82} INFO - Running: ['***', 'tasks', 'run', 'daggroup', 'tsk6', 'manual__2024-06-28T14:21:03.968826+00:00', '--job-id', '249', '--raw', '--subdir', 'DAGS_FOLDER/daggroup.py', '--cfg-path', '/tmp/tmphqyl9nvk']
[2024-06-28T14:21:23.228+0000] {standard_task_runner.py:83} INFO - Job 249: Subtask tsk6
[2024-06-28T14:21:23.264+0000] {task_command.py:388} INFO - Running <TaskInstance: daggroup.tsk6 manual__2024-06-28T14:21:03.968826+00:00 [running]> on host 81805745a6af
[2024-06-28T14:21:23.308+0000] {taskinstance.py:1509} INFO - Exporting the following env vars:
AIRFLOW_CTX_DAG_OWNER=***
AIRFLOW_CTX_DAG_ID=daggroup
AIRFLOW_CTX_TASK_ID=tsk6
AIRFLOW_CTX_EXECUTION_DATE=2024-06-28T14:21:03.968826+00:00
AIRFLOW_CTX_TRY_NUMBER=1
AIRFLOW_CTX_DAG_RUN_ID=manual__2024-06-28T14:21:03.968826+00:00
[2024-06-28T14:21:23.309+0000] {subprocess.py:63} INFO - Tmp dir root location: 
 /tmp
[2024-06-28T14:21:23.309+0000] {subprocess.py:75} INFO - Running command: ['/bin/bash', '-c', 'sleep 5']
[2024-06-28T14:21:23.318+0000] {subprocess.py:86} INFO - Output:
[2024-06-28T14:21:28.321+0000] {subprocess.py:97} INFO - Command exited with return code 0
[2024-06-28T14:21:28.394+0000] {taskinstance.py:1323} INFO - Marking task as SUCCESS. dag_id=daggroup, task_id=tsk6, execution_date=20240628T142103, start_date=20240628T142123, end_date=20240628T142128
[2024-06-28T14:21:28.457+0000] {local_task_job.py:208} INFO - Task exited with return code 0
[2024-06-28T14:21:28.488+0000] {taskinstance.py:2578} INFO - 2 downstream tasks scheduled from follow-on schedule check
