[2024-07-02T13:21:04.642+0000] {taskinstance.py:1083} INFO - Dependencies all met for <TaskInstance: xcom.tsk1 manual__2024-07-02T13:21:04.009565+00:00 [queued]>
[2024-07-02T13:21:04.650+0000] {taskinstance.py:1083} INFO - Dependencies all met for <TaskInstance: xcom.tsk1 manual__2024-07-02T13:21:04.009565+00:00 [queued]>
[2024-07-02T13:21:04.650+0000] {taskinstance.py:1279} INFO - 
--------------------------------------------------------------------------------
[2024-07-02T13:21:04.650+0000] {taskinstance.py:1280} INFO - Starting attempt 1 of 1
[2024-07-02T13:21:04.650+0000] {taskinstance.py:1281} INFO - 
--------------------------------------------------------------------------------
[2024-07-02T13:21:04.661+0000] {taskinstance.py:1300} INFO - Executing <Task(PythonOperator): tsk1> on 2024-07-02 13:21:04.009565+00:00
[2024-07-02T13:21:04.666+0000] {standard_task_runner.py:55} INFO - Started process 100 to run task
[2024-07-02T13:21:04.668+0000] {standard_task_runner.py:82} INFO - Running: ['***', 'tasks', 'run', 'xcom', 'tsk1', 'manual__2024-07-02T13:21:04.009565+00:00', '--job-id', '305', '--raw', '--subdir', 'DAGS_FOLDER/xcom.py', '--cfg-path', '/tmp/tmpr2z8n65h']
[2024-07-02T13:21:04.668+0000] {standard_task_runner.py:83} INFO - Job 305: Subtask tsk1
[2024-07-02T13:21:04.712+0000] {task_command.py:388} INFO - Running <TaskInstance: xcom.tsk1 manual__2024-07-02T13:21:04.009565+00:00 [running]> on host 8cec0a9636e0
[2024-07-02T13:21:04.766+0000] {taskinstance.py:1509} INFO - Exporting the following env vars:
AIRFLOW_CTX_DAG_OWNER=***
AIRFLOW_CTX_DAG_ID=xcom
AIRFLOW_CTX_TASK_ID=tsk1
AIRFLOW_CTX_EXECUTION_DATE=2024-07-02T13:21:04.009565+00:00
AIRFLOW_CTX_TRY_NUMBER=1
AIRFLOW_CTX_DAG_RUN_ID=manual__2024-07-02T13:21:04.009565+00:00
[2024-07-02T13:21:04.777+0000] {python.py:177} INFO - Done. Returned value was: None
[2024-07-02T13:21:04.785+0000] {taskinstance.py:1323} INFO - Marking task as SUCCESS. dag_id=xcom, task_id=tsk1, execution_date=20240702T132104, start_date=20240702T132104, end_date=20240702T132104
[2024-07-02T13:21:04.799+0000] {local_task_job.py:208} INFO - Task exited with return code 0
[2024-07-02T13:21:04.816+0000] {taskinstance.py:2578} INFO - 1 downstream tasks scheduled from follow-on schedule check
