[2024-07-02T17:05:41.222+0000] {taskinstance.py:1083} INFO - Dependencies all met for <TaskInstance: default_args.tsk3 scheduled__2024-07-02T16:00:00+00:00 [queued]>
[2024-07-02T17:05:41.230+0000] {taskinstance.py:1083} INFO - Dependencies all met for <TaskInstance: default_args.tsk3 scheduled__2024-07-02T16:00:00+00:00 [queued]>
[2024-07-02T17:05:41.230+0000] {taskinstance.py:1279} INFO - 
--------------------------------------------------------------------------------
[2024-07-02T17:05:41.230+0000] {taskinstance.py:1280} INFO - Starting attempt 1 of 2
[2024-07-02T17:05:41.231+0000] {taskinstance.py:1281} INFO - 
--------------------------------------------------------------------------------
[2024-07-02T17:05:41.242+0000] {taskinstance.py:1300} INFO - Executing <Task(BashOperator): tsk3> on 2024-07-02 16:00:00+00:00
[2024-07-02T17:05:41.247+0000] {standard_task_runner.py:55} INFO - Started process 331 to run task
[2024-07-02T17:05:41.249+0000] {standard_task_runner.py:82} INFO - Running: ['***', 'tasks', 'run', 'default_args', 'tsk3', 'scheduled__2024-07-02T16:00:00+00:00', '--job-id', '390', '--raw', '--subdir', 'DAGS_FOLDER/default_args.py', '--cfg-path', '/tmp/tmplmquss1p']
[2024-07-02T17:05:41.249+0000] {standard_task_runner.py:83} INFO - Job 390: Subtask tsk3
[2024-07-02T17:05:41.294+0000] {task_command.py:388} INFO - Running <TaskInstance: default_args.tsk3 scheduled__2024-07-02T16:00:00+00:00 [running]> on host 47ea7c264468
[2024-07-02T17:05:41.351+0000] {taskinstance.py:1509} INFO - Exporting the following env vars:
AIRFLOW_CTX_DAG_EMAIL=testeskleuber@gmail.com
AIRFLOW_CTX_DAG_OWNER=***
AIRFLOW_CTX_DAG_ID=default_args
AIRFLOW_CTX_TASK_ID=tsk3
AIRFLOW_CTX_EXECUTION_DATE=2024-07-02T16:00:00+00:00
AIRFLOW_CTX_TRY_NUMBER=1
AIRFLOW_CTX_DAG_RUN_ID=scheduled__2024-07-02T16:00:00+00:00
[2024-07-02T17:05:41.351+0000] {subprocess.py:63} INFO - Tmp dir root location: 
 /tmp
[2024-07-02T17:05:41.352+0000] {subprocess.py:75} INFO - Running command: ['/bin/bash', '-c', 'sleep 5']
[2024-07-02T17:05:41.365+0000] {subprocess.py:86} INFO - Output:
[2024-07-02T17:05:46.368+0000] {subprocess.py:97} INFO - Command exited with return code 0
[2024-07-02T17:05:46.413+0000] {taskinstance.py:1323} INFO - Marking task as SUCCESS. dag_id=default_args, task_id=tsk3, execution_date=20240702T160000, start_date=20240702T170541, end_date=20240702T170546
[2024-07-02T17:05:46.470+0000] {local_task_job.py:208} INFO - Task exited with return code 0
[2024-07-02T17:05:46.485+0000] {taskinstance.py:2578} INFO - 0 downstream tasks scheduled from follow-on schedule check
