[2024-08-29T20:56:27.142+0000] {taskinstance.py:1083} INFO - Dependencies all met for <TaskInstance: dag_inmet.download_data scheduled__2024-07-29T20:56:00+00:00 [queued]>
[2024-08-29T20:56:27.154+0000] {taskinstance.py:1083} INFO - Dependencies all met for <TaskInstance: dag_inmet.download_data scheduled__2024-07-29T20:56:00+00:00 [queued]>
[2024-08-29T20:56:27.155+0000] {taskinstance.py:1279} INFO - 
--------------------------------------------------------------------------------
[2024-08-29T20:56:27.155+0000] {taskinstance.py:1280} INFO - Starting attempt 1 of 1
[2024-08-29T20:56:27.155+0000] {taskinstance.py:1281} INFO - 
--------------------------------------------------------------------------------
[2024-08-29T20:56:27.169+0000] {taskinstance.py:1300} INFO - Executing <Task(PythonOperator): download_data> on 2024-07-29 20:56:00+00:00
[2024-08-29T20:56:27.178+0000] {standard_task_runner.py:55} INFO - Started process 14804 to run task
[2024-08-29T20:56:27.180+0000] {standard_task_runner.py:82} INFO - Running: ['***', 'tasks', 'run', 'dag_inmet', 'download_data', 'scheduled__2024-07-29T20:56:00+00:00', '--job-id', '13489', '--raw', '--subdir', 'DAGS_FOLDER/dag_inmet.py', '--cfg-path', '/tmp/tmp_eul0b_m']
[2024-08-29T20:56:27.182+0000] {standard_task_runner.py:83} INFO - Job 13489: Subtask download_data
[2024-08-29T20:56:27.232+0000] {task_command.py:388} INFO - Running <TaskInstance: dag_inmet.download_data scheduled__2024-07-29T20:56:00+00:00 [running]> on host 9245b3dbdda8
[2024-08-29T20:56:27.292+0000] {taskinstance.py:1509} INFO - Exporting the following env vars:
AIRFLOW_CTX_DAG_OWNER=***
AIRFLOW_CTX_DAG_ID=dag_inmet
AIRFLOW_CTX_TASK_ID=download_data
AIRFLOW_CTX_EXECUTION_DATE=2024-07-29T20:56:00+00:00
AIRFLOW_CTX_TRY_NUMBER=1
AIRFLOW_CTX_DAG_RUN_ID=scheduled__2024-07-29T20:56:00+00:00
[2024-08-29T20:56:28.475+0000] {logging_mixin.py:137} INFO - Tempo de execução de download_data: 1.1825 segundos
[2024-08-29T20:56:44.707+0000] {logging_mixin.py:137} INFO - Arquivo salvo como /opt/***/data/bronze/inmet/2024.zip
[2024-08-29T20:56:44.711+0000] {logging_mixin.py:137} INFO - Tempo de execução de download_and_save_file: 16.2354 segundos
[2024-08-29T20:56:44.728+0000] {python.py:177} INFO - Done. Returned value was: /opt/***/data/bronze/inmet/2024.zip
[2024-08-29T20:56:44.742+0000] {taskinstance.py:1323} INFO - Marking task as SUCCESS. dag_id=dag_inmet, task_id=download_data, execution_date=20240729T205600, start_date=20240829T205627, end_date=20240829T205644
[2024-08-29T20:56:44.762+0000] {local_task_job.py:208} INFO - Task exited with return code 0
[2024-08-29T20:56:44.783+0000] {taskinstance.py:2578} INFO - 1 downstream tasks scheduled from follow-on schedule check
