[2024-07-10T15:28:51.738+0000] {taskinstance.py:1083} INFO - Dependencies all met for <TaskInstance: windturbine.group_check_temp.send_email_alert manual__2024-07-10T15:28:47.291503+00:00 [queued]>
[2024-07-10T15:28:51.747+0000] {taskinstance.py:1083} INFO - Dependencies all met for <TaskInstance: windturbine.group_check_temp.send_email_alert manual__2024-07-10T15:28:47.291503+00:00 [queued]>
[2024-07-10T15:28:51.748+0000] {taskinstance.py:1279} INFO - 
--------------------------------------------------------------------------------
[2024-07-10T15:28:51.748+0000] {taskinstance.py:1280} INFO - Starting attempt 1 of 2
[2024-07-10T15:28:51.748+0000] {taskinstance.py:1281} INFO - 
--------------------------------------------------------------------------------
[2024-07-10T15:28:51.759+0000] {taskinstance.py:1300} INFO - Executing <Task(EmailOperator): group_check_temp.send_email_alert> on 2024-07-10 15:28:47.291503+00:00
[2024-07-10T15:28:51.765+0000] {standard_task_runner.py:55} INFO - Started process 2307 to run task
[2024-07-10T15:28:51.767+0000] {standard_task_runner.py:82} INFO - Running: ['***', 'tasks', 'run', 'windturbine', 'group_check_temp.send_email_alert', 'manual__2024-07-10T15:28:47.291503+00:00', '--job-id', '830', '--raw', '--subdir', 'DAGS_FOLDER/windturbine.py', '--cfg-path', '/tmp/tmpo_n9xz5n']
[2024-07-10T15:28:51.768+0000] {standard_task_runner.py:83} INFO - Job 830: Subtask group_check_temp.send_email_alert
[2024-07-10T15:28:51.813+0000] {task_command.py:388} INFO - Running <TaskInstance: windturbine.group_check_temp.send_email_alert manual__2024-07-10T15:28:47.291503+00:00 [running]> on host 2051c12a5a3c
[2024-07-10T15:28:51.869+0000] {taskinstance.py:1509} INFO - Exporting the following env vars:
AIRFLOW_CTX_DAG_EMAIL=testeskleuber@gmail.com
AIRFLOW_CTX_DAG_OWNER=***
AIRFLOW_CTX_DAG_ID=windturbine
AIRFLOW_CTX_TASK_ID=group_check_temp.send_email_alert
AIRFLOW_CTX_EXECUTION_DATE=2024-07-10T15:28:47.291503+00:00
AIRFLOW_CTX_TRY_NUMBER=1
AIRFLOW_CTX_DAG_RUN_ID=manual__2024-07-10T15:28:47.291503+00:00
[2024-07-10T15:28:51.876+0000] {warnings.py:110} WARNING - /home/***/.local/lib/python3.7/site-packages/***/utils/email.py:152: RemovedInAirflow3Warning: Fetching SMTP credentials from configuration variables will be deprecated in a future release. Please set credentials using a connection instead.
  send_mime_email(e_from=mail_from, e_to=recipients, mime_msg=msg, conn_id=conn_id, dryrun=dryrun)

[2024-07-10T15:28:51.876+0000] {email.py:268} INFO - Email alerting: attempt 1
[2024-07-10T15:28:53.988+0000] {email.py:280} INFO - Sent an alert email to ['kleuber94@gmail.com']
[2024-07-10T15:28:55.876+0000] {taskinstance.py:1323} INFO - Marking task as SUCCESS. dag_id=windturbine, task_id=group_check_temp.send_email_alert, execution_date=20240710T152847, start_date=20240710T152851, end_date=20240710T152855
[2024-07-10T15:28:55.919+0000] {local_task_job.py:208} INFO - Task exited with return code 0
[2024-07-10T15:28:55.931+0000] {taskinstance.py:2578} INFO - 0 downstream tasks scheduled from follow-on schedule check
