[2024-08-06T22:09:47.147+0000] {taskinstance.py:1083} INFO - Dependencies all met for <TaskInstance: dag_inmet.download_data manual__2024-08-06T22:09:40.066927+00:00 [queued]>
[2024-08-06T22:09:47.158+0000] {taskinstance.py:1083} INFO - Dependencies all met for <TaskInstance: dag_inmet.download_data manual__2024-08-06T22:09:40.066927+00:00 [queued]>
[2024-08-06T22:09:47.158+0000] {taskinstance.py:1279} INFO - 
--------------------------------------------------------------------------------
[2024-08-06T22:09:47.158+0000] {taskinstance.py:1280} INFO - Starting attempt 1 of 1
[2024-08-06T22:09:47.158+0000] {taskinstance.py:1281} INFO - 
--------------------------------------------------------------------------------
[2024-08-06T22:09:47.171+0000] {taskinstance.py:1300} INFO - Executing <Task(PythonOperator): download_data> on 2024-08-06 22:09:40.066927+00:00
[2024-08-06T22:09:47.178+0000] {standard_task_runner.py:55} INFO - Started process 52206 to run task
[2024-08-06T22:09:47.180+0000] {standard_task_runner.py:82} INFO - Running: ['***', 'tasks', 'run', 'dag_inmet', 'download_data', 'manual__2024-08-06T22:09:40.066927+00:00', '--job-id', '4872', '--raw', '--subdir', 'DAGS_FOLDER/dag_inmet.py', '--cfg-path', '/tmp/tmp_po9qn2k']
[2024-08-06T22:09:47.182+0000] {standard_task_runner.py:83} INFO - Job 4872: Subtask download_data
[2024-08-06T22:09:47.235+0000] {task_command.py:388} INFO - Running <TaskInstance: dag_inmet.download_data manual__2024-08-06T22:09:40.066927+00:00 [running]> on host 9064bbdb1ace
[2024-08-06T22:09:47.292+0000] {taskinstance.py:1509} INFO - Exporting the following env vars:
AIRFLOW_CTX_DAG_OWNER=***
AIRFLOW_CTX_DAG_ID=dag_inmet
AIRFLOW_CTX_TASK_ID=download_data
AIRFLOW_CTX_EXECUTION_DATE=2024-08-06T22:09:40.066927+00:00
AIRFLOW_CTX_TRY_NUMBER=1
AIRFLOW_CTX_DAG_RUN_ID=manual__2024-08-06T22:09:40.066927+00:00
[2024-08-06T22:09:48.586+0000] {logging_mixin.py:137} INFO - Tempo de execução de download_data: 1.2932 segundos
[2024-08-06T22:17:33.534+0000] {logging_mixin.py:137} INFO - Arquivo salvo como /opt/***/data/bronze/2023.zip
[2024-08-06T22:17:33.540+0000] {logging_mixin.py:137} INFO - Tempo de execução de download_and_save_file: 464.9532 segundos
[2024-08-06T22:17:33.571+0000] {python.py:177} INFO - Done. Returned value was: /opt/***/data/bronze/2023.zip
[2024-08-06T22:17:33.591+0000] {taskinstance.py:1323} INFO - Marking task as SUCCESS. dag_id=dag_inmet, task_id=download_data, execution_date=20240806T220940, start_date=20240806T220947, end_date=20240806T221733
[2024-08-06T22:17:33.654+0000] {local_task_job.py:208} INFO - Task exited with return code 0
[2024-08-06T22:17:33.683+0000] {taskinstance.py:2578} INFO - 1 downstream tasks scheduled from follow-on schedule check
