[2024-07-29T00:00:29.921+0000] {processor.py:153} INFO - Started process (PID=42) to work on /opt/airflow/dags/dag_inmet.py
[2024-07-29T00:00:29.921+0000] {processor.py:743} INFO - Processing file /opt/airflow/dags/dag_inmet.py for tasks to queue
[2024-07-29T00:00:29.922+0000] {logging_mixin.py:137} INFO - [2024-07-29T00:00:29.921+0000] {dagbag.py:538} INFO - Filling up the DagBag from /opt/airflow/dags/dag_inmet.py
[2024-07-29T00:00:29.942+0000] {processor.py:753} INFO - DAG(s) dict_keys(['dag_inmet']) retrieved from /opt/airflow/dags/dag_inmet.py
[2024-07-29T00:00:29.972+0000] {logging_mixin.py:137} INFO - [2024-07-29T00:00:29.972+0000] {dag.py:2690} INFO - Sync 1 DAGs
[2024-07-29T00:00:29.999+0000] {logging_mixin.py:137} INFO - [2024-07-29T00:00:29.999+0000] {dag.py:3441} INFO - Setting next_dagrun for dag_inmet to 2024-07-28T16:33:41.530962+00:00, run_after=2024-07-29T16:33:41.530962+00:00
[2024-07-29T00:00:30.016+0000] {processor.py:175} INFO - Processing /opt/airflow/dags/dag_inmet.py took 0.098 seconds
[2024-07-29T00:01:38.181+0000] {processor.py:153} INFO - Started process (PID=42) to work on /opt/airflow/dags/dag_inmet.py
[2024-07-29T00:01:38.182+0000] {processor.py:743} INFO - Processing file /opt/airflow/dags/dag_inmet.py for tasks to queue
[2024-07-29T00:01:38.182+0000] {logging_mixin.py:137} INFO - [2024-07-29T00:01:38.182+0000] {dagbag.py:538} INFO - Filling up the DagBag from /opt/airflow/dags/dag_inmet.py
[2024-07-29T00:01:38.206+0000] {processor.py:753} INFO - DAG(s) dict_keys(['dag_inmet']) retrieved from /opt/airflow/dags/dag_inmet.py
[2024-07-29T00:01:38.237+0000] {logging_mixin.py:137} INFO - [2024-07-29T00:01:38.237+0000] {dag.py:2690} INFO - Sync 1 DAGs
[2024-07-29T00:01:38.261+0000] {logging_mixin.py:137} INFO - [2024-07-29T00:01:38.261+0000] {dag.py:3441} INFO - Setting next_dagrun for dag_inmet to 2024-07-28T16:33:41.530962+00:00, run_after=2024-07-29T16:33:41.530962+00:00
[2024-07-29T00:01:38.278+0000] {processor.py:175} INFO - Processing /opt/airflow/dags/dag_inmet.py took 0.099 seconds
[2024-07-29T00:02:46.360+0000] {processor.py:153} INFO - Started process (PID=42) to work on /opt/airflow/dags/dag_inmet.py
[2024-07-29T00:02:46.360+0000] {processor.py:743} INFO - Processing file /opt/airflow/dags/dag_inmet.py for tasks to queue
[2024-07-29T00:02:46.361+0000] {logging_mixin.py:137} INFO - [2024-07-29T00:02:46.360+0000] {dagbag.py:538} INFO - Filling up the DagBag from /opt/airflow/dags/dag_inmet.py
[2024-07-29T00:02:46.383+0000] {processor.py:753} INFO - DAG(s) dict_keys(['dag_inmet']) retrieved from /opt/airflow/dags/dag_inmet.py
[2024-07-29T00:02:46.412+0000] {logging_mixin.py:137} INFO - [2024-07-29T00:02:46.411+0000] {dag.py:2690} INFO - Sync 1 DAGs
[2024-07-29T00:02:46.435+0000] {logging_mixin.py:137} INFO - [2024-07-29T00:02:46.434+0000] {dag.py:3441} INFO - Setting next_dagrun for dag_inmet to 2024-07-28T16:33:41.530962+00:00, run_after=2024-07-29T16:33:41.530962+00:00
[2024-07-29T00:02:46.449+0000] {processor.py:175} INFO - Processing /opt/airflow/dags/dag_inmet.py took 0.092 seconds
[2024-07-29T00:03:54.276+0000] {processor.py:153} INFO - Started process (PID=42) to work on /opt/airflow/dags/dag_inmet.py
[2024-07-29T00:03:54.277+0000] {processor.py:743} INFO - Processing file /opt/airflow/dags/dag_inmet.py for tasks to queue
[2024-07-29T00:03:54.277+0000] {logging_mixin.py:137} INFO - [2024-07-29T00:03:54.277+0000] {dagbag.py:538} INFO - Filling up the DagBag from /opt/airflow/dags/dag_inmet.py
[2024-07-29T00:03:54.303+0000] {processor.py:753} INFO - DAG(s) dict_keys(['dag_inmet']) retrieved from /opt/airflow/dags/dag_inmet.py
[2024-07-29T00:03:54.335+0000] {logging_mixin.py:137} INFO - [2024-07-29T00:03:54.334+0000] {dag.py:2690} INFO - Sync 1 DAGs
[2024-07-29T00:03:54.360+0000] {logging_mixin.py:137} INFO - [2024-07-29T00:03:54.360+0000] {dag.py:3441} INFO - Setting next_dagrun for dag_inmet to 2024-07-28T16:33:41.530962+00:00, run_after=2024-07-29T16:33:41.530962+00:00
[2024-07-29T00:03:54.377+0000] {processor.py:175} INFO - Processing /opt/airflow/dags/dag_inmet.py took 0.104 seconds
[2024-07-29T00:05:02.061+0000] {processor.py:153} INFO - Started process (PID=42) to work on /opt/airflow/dags/dag_inmet.py
[2024-07-29T00:05:02.061+0000] {processor.py:743} INFO - Processing file /opt/airflow/dags/dag_inmet.py for tasks to queue
[2024-07-29T00:05:02.062+0000] {logging_mixin.py:137} INFO - [2024-07-29T00:05:02.061+0000] {dagbag.py:538} INFO - Filling up the DagBag from /opt/airflow/dags/dag_inmet.py
[2024-07-29T00:05:02.082+0000] {processor.py:753} INFO - DAG(s) dict_keys(['dag_inmet']) retrieved from /opt/airflow/dags/dag_inmet.py
[2024-07-29T00:05:02.108+0000] {logging_mixin.py:137} INFO - [2024-07-29T00:05:02.108+0000] {dag.py:2690} INFO - Sync 1 DAGs
[2024-07-29T00:05:02.130+0000] {logging_mixin.py:137} INFO - [2024-07-29T00:05:02.129+0000] {dag.py:3441} INFO - Setting next_dagrun for dag_inmet to 2024-07-28T16:33:41.530962+00:00, run_after=2024-07-29T16:33:41.530962+00:00
[2024-07-29T00:05:02.143+0000] {processor.py:175} INFO - Processing /opt/airflow/dags/dag_inmet.py took 0.085 seconds
[2024-07-29T00:06:09.504+0000] {processor.py:153} INFO - Started process (PID=42) to work on /opt/airflow/dags/dag_inmet.py
[2024-07-29T00:06:09.505+0000] {processor.py:743} INFO - Processing file /opt/airflow/dags/dag_inmet.py for tasks to queue
[2024-07-29T00:06:09.505+0000] {logging_mixin.py:137} INFO - [2024-07-29T00:06:09.505+0000] {dagbag.py:538} INFO - Filling up the DagBag from /opt/airflow/dags/dag_inmet.py
[2024-07-29T00:06:09.529+0000] {processor.py:753} INFO - DAG(s) dict_keys(['dag_inmet']) retrieved from /opt/airflow/dags/dag_inmet.py
[2024-07-29T00:06:09.558+0000] {logging_mixin.py:137} INFO - [2024-07-29T00:06:09.558+0000] {dag.py:2690} INFO - Sync 1 DAGs
[2024-07-29T00:06:09.581+0000] {logging_mixin.py:137} INFO - [2024-07-29T00:06:09.581+0000] {dag.py:3441} INFO - Setting next_dagrun for dag_inmet to 2024-07-28T16:33:41.530962+00:00, run_after=2024-07-29T16:33:41.530962+00:00
[2024-07-29T00:06:09.597+0000] {processor.py:175} INFO - Processing /opt/airflow/dags/dag_inmet.py took 0.095 seconds
[2024-07-29T00:07:16.567+0000] {processor.py:153} INFO - Started process (PID=42) to work on /opt/airflow/dags/dag_inmet.py
[2024-07-29T00:07:16.567+0000] {processor.py:743} INFO - Processing file /opt/airflow/dags/dag_inmet.py for tasks to queue
[2024-07-29T00:07:16.568+0000] {logging_mixin.py:137} INFO - [2024-07-29T00:07:16.568+0000] {dagbag.py:538} INFO - Filling up the DagBag from /opt/airflow/dags/dag_inmet.py
[2024-07-29T00:07:16.589+0000] {processor.py:753} INFO - DAG(s) dict_keys(['dag_inmet']) retrieved from /opt/airflow/dags/dag_inmet.py
[2024-07-29T00:07:16.614+0000] {logging_mixin.py:137} INFO - [2024-07-29T00:07:16.614+0000] {dag.py:2690} INFO - Sync 1 DAGs
[2024-07-29T00:07:16.635+0000] {logging_mixin.py:137} INFO - [2024-07-29T00:07:16.635+0000] {dag.py:3441} INFO - Setting next_dagrun for dag_inmet to 2024-07-28T16:33:41.530962+00:00, run_after=2024-07-29T16:33:41.530962+00:00
[2024-07-29T00:07:16.649+0000] {processor.py:175} INFO - Processing /opt/airflow/dags/dag_inmet.py took 0.084 seconds
[2024-07-29T00:08:23.754+0000] {processor.py:153} INFO - Started process (PID=42) to work on /opt/airflow/dags/dag_inmet.py
[2024-07-29T00:08:23.754+0000] {processor.py:743} INFO - Processing file /opt/airflow/dags/dag_inmet.py for tasks to queue
[2024-07-29T00:08:23.755+0000] {logging_mixin.py:137} INFO - [2024-07-29T00:08:23.755+0000] {dagbag.py:538} INFO - Filling up the DagBag from /opt/airflow/dags/dag_inmet.py
[2024-07-29T00:08:23.774+0000] {processor.py:753} INFO - DAG(s) dict_keys(['dag_inmet']) retrieved from /opt/airflow/dags/dag_inmet.py
[2024-07-29T00:08:23.801+0000] {logging_mixin.py:137} INFO - [2024-07-29T00:08:23.801+0000] {dag.py:2690} INFO - Sync 1 DAGs
[2024-07-29T00:08:23.834+0000] {logging_mixin.py:137} INFO - [2024-07-29T00:08:23.834+0000] {dag.py:3441} INFO - Setting next_dagrun for dag_inmet to 2024-07-28T16:33:41.530962+00:00, run_after=2024-07-29T16:33:41.530962+00:00
[2024-07-29T00:08:23.851+0000] {processor.py:175} INFO - Processing /opt/airflow/dags/dag_inmet.py took 0.099 seconds
[2024-07-29T00:09:30.879+0000] {processor.py:153} INFO - Started process (PID=42) to work on /opt/airflow/dags/dag_inmet.py
[2024-07-29T00:09:30.880+0000] {processor.py:743} INFO - Processing file /opt/airflow/dags/dag_inmet.py for tasks to queue
[2024-07-29T00:09:30.880+0000] {logging_mixin.py:137} INFO - [2024-07-29T00:09:30.880+0000] {dagbag.py:538} INFO - Filling up the DagBag from /opt/airflow/dags/dag_inmet.py
[2024-07-29T00:09:30.901+0000] {processor.py:753} INFO - DAG(s) dict_keys(['dag_inmet']) retrieved from /opt/airflow/dags/dag_inmet.py
[2024-07-29T00:09:30.927+0000] {logging_mixin.py:137} INFO - [2024-07-29T00:09:30.926+0000] {dag.py:2690} INFO - Sync 1 DAGs
[2024-07-29T00:09:30.947+0000] {logging_mixin.py:137} INFO - [2024-07-29T00:09:30.947+0000] {dag.py:3441} INFO - Setting next_dagrun for dag_inmet to 2024-07-28T16:33:41.530962+00:00, run_after=2024-07-29T16:33:41.530962+00:00
[2024-07-29T00:09:30.961+0000] {processor.py:175} INFO - Processing /opt/airflow/dags/dag_inmet.py took 0.084 seconds
[2024-07-29T14:23:47.024+0000] {processor.py:153} INFO - Started process (PID=42) to work on /opt/airflow/dags/dag_inmet.py
[2024-07-29T14:23:47.024+0000] {processor.py:743} INFO - Processing file /opt/airflow/dags/dag_inmet.py for tasks to queue
[2024-07-29T14:23:47.025+0000] {logging_mixin.py:137} INFO - [2024-07-29T14:23:47.025+0000] {dagbag.py:538} INFO - Filling up the DagBag from /opt/airflow/dags/dag_inmet.py
[2024-07-29T14:23:47.049+0000] {processor.py:753} INFO - DAG(s) dict_keys(['dag_inmet']) retrieved from /opt/airflow/dags/dag_inmet.py
[2024-07-29T14:23:47.078+0000] {logging_mixin.py:137} INFO - [2024-07-29T14:23:47.078+0000] {dag.py:2690} INFO - Sync 1 DAGs
[2024-07-29T14:23:47.104+0000] {logging_mixin.py:137} INFO - [2024-07-29T14:23:47.103+0000] {dag.py:3441} INFO - Setting next_dagrun for dag_inmet to 2024-07-28T16:33:41.530962+00:00, run_after=2024-07-29T16:33:41.530962+00:00
[2024-07-29T14:23:47.119+0000] {processor.py:175} INFO - Processing /opt/airflow/dags/dag_inmet.py took 0.097 seconds
[2024-07-29T14:24:54.577+0000] {processor.py:153} INFO - Started process (PID=42) to work on /opt/airflow/dags/dag_inmet.py
[2024-07-29T14:24:54.577+0000] {processor.py:743} INFO - Processing file /opt/airflow/dags/dag_inmet.py for tasks to queue
[2024-07-29T14:24:54.578+0000] {logging_mixin.py:137} INFO - [2024-07-29T14:24:54.578+0000] {dagbag.py:538} INFO - Filling up the DagBag from /opt/airflow/dags/dag_inmet.py
[2024-07-29T14:24:54.601+0000] {processor.py:753} INFO - DAG(s) dict_keys(['dag_inmet']) retrieved from /opt/airflow/dags/dag_inmet.py
[2024-07-29T14:24:54.630+0000] {logging_mixin.py:137} INFO - [2024-07-29T14:24:54.630+0000] {dag.py:2690} INFO - Sync 1 DAGs
[2024-07-29T14:24:54.654+0000] {logging_mixin.py:137} INFO - [2024-07-29T14:24:54.654+0000] {dag.py:3441} INFO - Setting next_dagrun for dag_inmet to 2024-07-28T16:33:41.530962+00:00, run_after=2024-07-29T16:33:41.530962+00:00
[2024-07-29T14:24:54.675+0000] {processor.py:175} INFO - Processing /opt/airflow/dags/dag_inmet.py took 0.100 seconds
[2024-07-29T14:26:01.949+0000] {processor.py:153} INFO - Started process (PID=42) to work on /opt/airflow/dags/dag_inmet.py
[2024-07-29T14:26:01.950+0000] {processor.py:743} INFO - Processing file /opt/airflow/dags/dag_inmet.py for tasks to queue
[2024-07-29T14:26:01.950+0000] {logging_mixin.py:137} INFO - [2024-07-29T14:26:01.950+0000] {dagbag.py:538} INFO - Filling up the DagBag from /opt/airflow/dags/dag_inmet.py
[2024-07-29T14:26:01.972+0000] {processor.py:753} INFO - DAG(s) dict_keys(['dag_inmet']) retrieved from /opt/airflow/dags/dag_inmet.py
[2024-07-29T14:26:01.997+0000] {logging_mixin.py:137} INFO - [2024-07-29T14:26:01.997+0000] {dag.py:2690} INFO - Sync 1 DAGs
[2024-07-29T14:26:02.019+0000] {logging_mixin.py:137} INFO - [2024-07-29T14:26:02.019+0000] {dag.py:3441} INFO - Setting next_dagrun for dag_inmet to 2024-07-28T16:33:41.530962+00:00, run_after=2024-07-29T16:33:41.530962+00:00
[2024-07-29T14:26:02.032+0000] {processor.py:175} INFO - Processing /opt/airflow/dags/dag_inmet.py took 0.085 seconds
[2024-07-29T14:27:09.307+0000] {processor.py:153} INFO - Started process (PID=42) to work on /opt/airflow/dags/dag_inmet.py
[2024-07-29T14:27:09.307+0000] {processor.py:743} INFO - Processing file /opt/airflow/dags/dag_inmet.py for tasks to queue
[2024-07-29T14:27:09.308+0000] {logging_mixin.py:137} INFO - [2024-07-29T14:27:09.308+0000] {dagbag.py:538} INFO - Filling up the DagBag from /opt/airflow/dags/dag_inmet.py
[2024-07-29T14:27:09.329+0000] {processor.py:753} INFO - DAG(s) dict_keys(['dag_inmet']) retrieved from /opt/airflow/dags/dag_inmet.py
[2024-07-29T14:27:09.355+0000] {logging_mixin.py:137} INFO - [2024-07-29T14:27:09.355+0000] {dag.py:2690} INFO - Sync 1 DAGs
[2024-07-29T14:27:09.376+0000] {logging_mixin.py:137} INFO - [2024-07-29T14:27:09.376+0000] {dag.py:3441} INFO - Setting next_dagrun for dag_inmet to 2024-07-28T16:33:41.530962+00:00, run_after=2024-07-29T16:33:41.530962+00:00
[2024-07-29T14:27:09.389+0000] {processor.py:175} INFO - Processing /opt/airflow/dags/dag_inmet.py took 0.084 seconds
[2024-07-29T14:28:16.359+0000] {processor.py:153} INFO - Started process (PID=42) to work on /opt/airflow/dags/dag_inmet.py
[2024-07-29T14:28:16.359+0000] {processor.py:743} INFO - Processing file /opt/airflow/dags/dag_inmet.py for tasks to queue
[2024-07-29T14:28:16.360+0000] {logging_mixin.py:137} INFO - [2024-07-29T14:28:16.360+0000] {dagbag.py:538} INFO - Filling up the DagBag from /opt/airflow/dags/dag_inmet.py
[2024-07-29T14:28:16.383+0000] {processor.py:753} INFO - DAG(s) dict_keys(['dag_inmet']) retrieved from /opt/airflow/dags/dag_inmet.py
[2024-07-29T14:28:16.412+0000] {logging_mixin.py:137} INFO - [2024-07-29T14:28:16.412+0000] {dag.py:2690} INFO - Sync 1 DAGs
[2024-07-29T14:28:16.436+0000] {logging_mixin.py:137} INFO - [2024-07-29T14:28:16.435+0000] {dag.py:3441} INFO - Setting next_dagrun for dag_inmet to 2024-07-28T16:33:41.530962+00:00, run_after=2024-07-29T16:33:41.530962+00:00
[2024-07-29T14:28:16.451+0000] {processor.py:175} INFO - Processing /opt/airflow/dags/dag_inmet.py took 0.094 seconds
[2024-07-29T14:29:23.293+0000] {processor.py:153} INFO - Started process (PID=42) to work on /opt/airflow/dags/dag_inmet.py
[2024-07-29T14:29:23.293+0000] {processor.py:743} INFO - Processing file /opt/airflow/dags/dag_inmet.py for tasks to queue
[2024-07-29T14:29:23.294+0000] {logging_mixin.py:137} INFO - [2024-07-29T14:29:23.294+0000] {dagbag.py:538} INFO - Filling up the DagBag from /opt/airflow/dags/dag_inmet.py
[2024-07-29T14:29:23.314+0000] {processor.py:753} INFO - DAG(s) dict_keys(['dag_inmet']) retrieved from /opt/airflow/dags/dag_inmet.py
[2024-07-29T14:29:23.340+0000] {logging_mixin.py:137} INFO - [2024-07-29T14:29:23.340+0000] {dag.py:2690} INFO - Sync 1 DAGs
[2024-07-29T14:29:23.361+0000] {logging_mixin.py:137} INFO - [2024-07-29T14:29:23.361+0000] {dag.py:3441} INFO - Setting next_dagrun for dag_inmet to 2024-07-28T16:33:41.530962+00:00, run_after=2024-07-29T16:33:41.530962+00:00
[2024-07-29T14:29:23.376+0000] {processor.py:175} INFO - Processing /opt/airflow/dags/dag_inmet.py took 0.085 seconds
[2024-07-29T14:30:30.429+0000] {processor.py:153} INFO - Started process (PID=42) to work on /opt/airflow/dags/dag_inmet.py
[2024-07-29T14:30:30.430+0000] {processor.py:743} INFO - Processing file /opt/airflow/dags/dag_inmet.py for tasks to queue
[2024-07-29T14:30:30.430+0000] {logging_mixin.py:137} INFO - [2024-07-29T14:30:30.430+0000] {dagbag.py:538} INFO - Filling up the DagBag from /opt/airflow/dags/dag_inmet.py
[2024-07-29T14:30:30.450+0000] {processor.py:753} INFO - DAG(s) dict_keys(['dag_inmet']) retrieved from /opt/airflow/dags/dag_inmet.py
[2024-07-29T14:30:30.476+0000] {logging_mixin.py:137} INFO - [2024-07-29T14:30:30.476+0000] {dag.py:2690} INFO - Sync 1 DAGs
[2024-07-29T14:30:30.498+0000] {logging_mixin.py:137} INFO - [2024-07-29T14:30:30.498+0000] {dag.py:3441} INFO - Setting next_dagrun for dag_inmet to 2024-07-28T16:33:41.530962+00:00, run_after=2024-07-29T16:33:41.530962+00:00
[2024-07-29T14:30:30.512+0000] {processor.py:175} INFO - Processing /opt/airflow/dags/dag_inmet.py took 0.085 seconds
[2024-07-29T14:31:37.801+0000] {processor.py:153} INFO - Started process (PID=42) to work on /opt/airflow/dags/dag_inmet.py
[2024-07-29T14:31:37.801+0000] {processor.py:743} INFO - Processing file /opt/airflow/dags/dag_inmet.py for tasks to queue
[2024-07-29T14:31:37.802+0000] {logging_mixin.py:137} INFO - [2024-07-29T14:31:37.801+0000] {dagbag.py:538} INFO - Filling up the DagBag from /opt/airflow/dags/dag_inmet.py
[2024-07-29T14:31:37.823+0000] {processor.py:753} INFO - DAG(s) dict_keys(['dag_inmet']) retrieved from /opt/airflow/dags/dag_inmet.py
[2024-07-29T14:31:37.852+0000] {logging_mixin.py:137} INFO - [2024-07-29T14:31:37.852+0000] {dag.py:2690} INFO - Sync 1 DAGs
[2024-07-29T14:31:37.876+0000] {logging_mixin.py:137} INFO - [2024-07-29T14:31:37.876+0000] {dag.py:3441} INFO - Setting next_dagrun for dag_inmet to 2024-07-28T16:33:41.530962+00:00, run_after=2024-07-29T16:33:41.530962+00:00
[2024-07-29T14:31:37.891+0000] {processor.py:175} INFO - Processing /opt/airflow/dags/dag_inmet.py took 0.093 seconds
