[2024-07-10T15:12:42.105+0000] {taskinstance.py:1083} INFO - Dependencies all met for <TaskInstance: windturbine.group_database.insert_data manual__2024-07-10T15:11:56.827820+00:00 [queued]>
[2024-07-10T15:12:42.113+0000] {taskinstance.py:1083} INFO - Dependencies all met for <TaskInstance: windturbine.group_database.insert_data manual__2024-07-10T15:11:56.827820+00:00 [queued]>
[2024-07-10T15:12:42.113+0000] {taskinstance.py:1279} INFO - 
--------------------------------------------------------------------------------
[2024-07-10T15:12:42.113+0000] {taskinstance.py:1280} INFO - Starting attempt 1 of 2
[2024-07-10T15:12:42.113+0000] {taskinstance.py:1281} INFO - 
--------------------------------------------------------------------------------
[2024-07-10T15:12:42.124+0000] {taskinstance.py:1300} INFO - Executing <Task(PostgresOperator): group_database.insert_data> on 2024-07-10 15:11:56.827820+00:00
[2024-07-10T15:12:42.129+0000] {standard_task_runner.py:55} INFO - Started process 573 to run task
[2024-07-10T15:12:42.131+0000] {standard_task_runner.py:82} INFO - Running: ['***', 'tasks', 'run', 'windturbine', 'group_database.insert_data', 'manual__2024-07-10T15:11:56.827820+00:00', '--job-id', '798', '--raw', '--subdir', 'DAGS_FOLDER/windturbine.py', '--cfg-path', '/tmp/tmpm5ovyaxy']
[2024-07-10T15:12:42.133+0000] {standard_task_runner.py:83} INFO - Job 798: Subtask group_database.insert_data
[2024-07-10T15:12:42.174+0000] {task_command.py:388} INFO - Running <TaskInstance: windturbine.group_database.insert_data manual__2024-07-10T15:11:56.827820+00:00 [running]> on host 2051c12a5a3c
[2024-07-10T15:12:42.225+0000] {taskinstance.py:1509} INFO - Exporting the following env vars:
AIRFLOW_CTX_DAG_EMAIL=testeskleuber@gmail.com
AIRFLOW_CTX_DAG_OWNER=***
AIRFLOW_CTX_DAG_ID=windturbine
AIRFLOW_CTX_TASK_ID=group_database.insert_data
AIRFLOW_CTX_EXECUTION_DATE=2024-07-10T15:11:56.827820+00:00
AIRFLOW_CTX_TRY_NUMBER=1
AIRFLOW_CTX_DAG_RUN_ID=manual__2024-07-10T15:11:56.827820+00:00
[2024-07-10T15:12:42.226+0000] {sql.py:254} INFO - Executing: 
                                INSERT INTO sensors (id_temp, powerfactor, hydraulicpressure, temperature, timestamp)
                                VALUES (%s, %s, %s, %s, %s);
                                
[2024-07-10T15:12:42.232+0000] {base.py:73} INFO - Using connection ID 'postgres' for task execution.
[2024-07-10T15:12:42.399+0000] {base.py:73} INFO - Using connection ID 'postgres' for task execution.
[2024-07-10T15:12:42.402+0000] {sql.py:375} INFO - Running statement: 
                                INSERT INTO sensors (id_temp, powerfactor, hydraulicpressure, temperature, timestamp)
                                VALUES (%s, %s, %s, %s, %s);
                                , parameters: ('{{ ti.xcom_pull(task_ids="get_data", key="id_temp) }}', '{{ ti.xcom_pull(task_ids="get_data", key="powerfactor) }}', '{{ ti.xcom_pull(task_ids="get_data", key="hydraulicpressure) }}', '{{ ti.xcom_pull(task_ids="get_data", key="temperature) }}', '{{ ti.xcom_pull(task_ids="get_data", key="timestamp) }}')
[2024-07-10T15:12:42.403+0000] {taskinstance.py:1768} ERROR - Task failed with exception
Traceback (most recent call last):
  File "/home/airflow/.local/lib/python3.7/site-packages/airflow/providers/common/sql/operators/sql.py", line 266, in execute
    **extra_kwargs,
  File "/home/airflow/.local/lib/python3.7/site-packages/airflow/providers/common/sql/hooks/sql.py", line 349, in run
    self._run_command(cur, sql_statement, parameters)
  File "/home/airflow/.local/lib/python3.7/site-packages/airflow/providers/common/sql/hooks/sql.py", line 378, in _run_command
    cur.execute(sql_statement, parameters)
psycopg2.errors.UndefinedColumn: column "id_temp" of relation "sensors" does not exist
LINE 2: ...                             INSERT INTO sensors (id_temp, p...
                                                             ^

[2024-07-10T15:12:42.409+0000] {taskinstance.py:1323} INFO - Marking task as UP_FOR_RETRY. dag_id=windturbine, task_id=group_database.insert_data, execution_date=20240710T151156, start_date=20240710T151242, end_date=20240710T151242
[2024-07-10T15:12:42.422+0000] {standard_task_runner.py:105} ERROR - Failed to execute job 798 for task group_database.insert_data (column "id_temp" of relation "sensors" does not exist
LINE 2: ...                             INSERT INTO sensors (id_temp, p...
                                                             ^
; 573)
[2024-07-10T15:12:42.463+0000] {local_task_job.py:208} INFO - Task exited with return code 1
[2024-07-10T15:12:42.475+0000] {taskinstance.py:2578} INFO - 0 downstream tasks scheduled from follow-on schedule check
