[2024-07-10T15:27:23.366+0000] {taskinstance.py:1083} INFO - Dependencies all met for <TaskInstance: windturbine.group_check_temp.send_email_normal manual__2024-07-10T15:27:18.942624+00:00 [queued]>
[2024-07-10T15:27:23.388+0000] {taskinstance.py:1083} INFO - Dependencies all met for <TaskInstance: windturbine.group_check_temp.send_email_normal manual__2024-07-10T15:27:18.942624+00:00 [queued]>
[2024-07-10T15:27:23.388+0000] {taskinstance.py:1279} INFO - 
--------------------------------------------------------------------------------
[2024-07-10T15:27:23.388+0000] {taskinstance.py:1280} INFO - Starting attempt 1 of 2
[2024-07-10T15:27:23.388+0000] {taskinstance.py:1281} INFO - 
--------------------------------------------------------------------------------
[2024-07-10T15:27:23.402+0000] {taskinstance.py:1300} INFO - Executing <Task(EmailOperator): group_check_temp.send_email_normal> on 2024-07-10 15:27:18.942624+00:00
[2024-07-10T15:27:23.409+0000] {standard_task_runner.py:55} INFO - Started process 2149 to run task
[2024-07-10T15:27:23.411+0000] {standard_task_runner.py:82} INFO - Running: ['***', 'tasks', 'run', 'windturbine', 'group_check_temp.send_email_normal', 'manual__2024-07-10T15:27:18.942624+00:00', '--job-id', '824', '--raw', '--subdir', 'DAGS_FOLDER/windturbine.py', '--cfg-path', '/tmp/tmp9ihqwlq_']
[2024-07-10T15:27:23.413+0000] {standard_task_runner.py:83} INFO - Job 824: Subtask group_check_temp.send_email_normal
[2024-07-10T15:27:23.477+0000] {task_command.py:388} INFO - Running <TaskInstance: windturbine.group_check_temp.send_email_normal manual__2024-07-10T15:27:18.942624+00:00 [running]> on host 2051c12a5a3c
[2024-07-10T15:27:23.548+0000] {taskinstance.py:1509} INFO - Exporting the following env vars:
AIRFLOW_CTX_DAG_EMAIL=testeskleuber@gmail.com
AIRFLOW_CTX_DAG_OWNER=***
AIRFLOW_CTX_DAG_ID=windturbine
AIRFLOW_CTX_TASK_ID=group_check_temp.send_email_normal
AIRFLOW_CTX_EXECUTION_DATE=2024-07-10T15:27:18.942624+00:00
AIRFLOW_CTX_TRY_NUMBER=1
AIRFLOW_CTX_DAG_RUN_ID=manual__2024-07-10T15:27:18.942624+00:00
[2024-07-10T15:27:23.560+0000] {warnings.py:110} WARNING - /home/***/.local/lib/python3.7/site-packages/***/utils/email.py:152: RemovedInAirflow3Warning: Fetching SMTP credentials from configuration variables will be deprecated in a future release. Please set credentials using a connection instead.
  send_mime_email(e_from=mail_from, e_to=recipients, mime_msg=msg, conn_id=conn_id, dryrun=dryrun)

[2024-07-10T15:27:23.560+0000] {email.py:268} INFO - Email alerting: attempt 1
[2024-07-10T15:27:28.078+0000] {email.py:280} INFO - Sent an alert email to ['kleuber94@gmail.com']
[2024-07-10T15:27:30.192+0000] {taskinstance.py:1323} INFO - Marking task as SUCCESS. dag_id=windturbine, task_id=group_check_temp.send_email_normal, execution_date=20240710T152718, start_date=20240710T152723, end_date=20240710T152730
[2024-07-10T15:27:30.279+0000] {local_task_job.py:208} INFO - Task exited with return code 0
[2024-07-10T15:27:30.290+0000] {taskinstance.py:2578} INFO - 0 downstream tasks scheduled from follow-on schedule check
