[2024-07-23T14:05:22.550+0000] {taskinstance.py:1083} INFO - Dependencies all met for <TaskInstance: dag_inmet.download_data manual__2024-07-23T14:05:16.039840+00:00 [queued]>
[2024-07-23T14:05:22.559+0000] {taskinstance.py:1083} INFO - Dependencies all met for <TaskInstance: dag_inmet.download_data manual__2024-07-23T14:05:16.039840+00:00 [queued]>
[2024-07-23T14:05:22.560+0000] {taskinstance.py:1279} INFO - 
--------------------------------------------------------------------------------
[2024-07-23T14:05:22.560+0000] {taskinstance.py:1280} INFO - Starting attempt 1 of 2
[2024-07-23T14:05:22.560+0000] {taskinstance.py:1281} INFO - 
--------------------------------------------------------------------------------
[2024-07-23T14:05:22.571+0000] {taskinstance.py:1300} INFO - Executing <Task(PythonOperator): download_data> on 2024-07-23 14:05:16.039840+00:00
[2024-07-23T14:05:22.577+0000] {standard_task_runner.py:55} INFO - Started process 181 to run task
[2024-07-23T14:05:22.579+0000] {standard_task_runner.py:82} INFO - Running: ['***', 'tasks', 'run', 'dag_inmet', 'download_data', 'manual__2024-07-23T14:05:16.039840+00:00', '--job-id', '1047', '--raw', '--subdir', 'DAGS_FOLDER/dag_inmet.py', '--cfg-path', '/tmp/tmp6rhaihni']
[2024-07-23T14:05:22.580+0000] {standard_task_runner.py:83} INFO - Job 1047: Subtask download_data
[2024-07-23T14:05:22.622+0000] {task_command.py:388} INFO - Running <TaskInstance: dag_inmet.download_data manual__2024-07-23T14:05:16.039840+00:00 [running]> on host e4a0d8086f0e
[2024-07-23T14:05:22.679+0000] {taskinstance.py:1509} INFO - Exporting the following env vars:
AIRFLOW_CTX_DAG_OWNER=***
AIRFLOW_CTX_DAG_ID=dag_inmet
AIRFLOW_CTX_TASK_ID=download_data
AIRFLOW_CTX_EXECUTION_DATE=2024-07-23T14:05:16.039840+00:00
AIRFLOW_CTX_TRY_NUMBER=1
AIRFLOW_CTX_DAG_RUN_ID=manual__2024-07-23T14:05:16.039840+00:00
[2024-07-23T14:05:25.968+0000] {logging_mixin.py:137} INFO - Tempo de execução de download_data: 3.2875 segundos
[2024-07-23T14:05:42.780+0000] {logging_mixin.py:137} INFO - Arquivo salvo como /opt/***/data/bronze/2024.zip
[2024-07-23T14:05:42.784+0000] {logging_mixin.py:137} INFO - Tempo de execução de download_and_save_file: 16.8159 segundos
[2024-07-23T14:05:42.784+0000] {python.py:177} INFO - Done. Returned value was: /opt/***/data/bronze/2024.zip
[2024-07-23T14:05:42.803+0000] {taskinstance.py:1323} INFO - Marking task as SUCCESS. dag_id=dag_inmet, task_id=download_data, execution_date=20240723T140516, start_date=20240723T140522, end_date=20240723T140542
[2024-07-23T14:05:42.841+0000] {local_task_job.py:208} INFO - Task exited with return code 0
[2024-07-23T14:05:42.855+0000] {taskinstance.py:2578} INFO - 1 downstream tasks scheduled from follow-on schedule check
