[2024-06-28T13:30:58.180+0000] {taskinstance.py:1083} INFO - Dependencies all met for <TaskInstance: triggerdag2.tsk2 manual__2024-06-28T13:30:57.488933+00:00 [queued]>
[2024-06-28T13:30:58.189+0000] {taskinstance.py:1083} INFO - Dependencies all met for <TaskInstance: triggerdag2.tsk2 manual__2024-06-28T13:30:57.488933+00:00 [queued]>
[2024-06-28T13:30:58.189+0000] {taskinstance.py:1279} INFO - 
--------------------------------------------------------------------------------
[2024-06-28T13:30:58.190+0000] {taskinstance.py:1280} INFO - Starting attempt 1 of 1
[2024-06-28T13:30:58.190+0000] {taskinstance.py:1281} INFO - 
--------------------------------------------------------------------------------
[2024-06-28T13:30:58.201+0000] {taskinstance.py:1300} INFO - Executing <Task(BashOperator): tsk2> on 2024-06-28 13:30:57.488933+00:00
[2024-06-28T13:30:58.207+0000] {standard_task_runner.py:55} INFO - Started process 141 to run task
[2024-06-28T13:30:58.210+0000] {standard_task_runner.py:82} INFO - Running: ['***', 'tasks', 'run', 'triggerdag2', 'tsk2', 'manual__2024-06-28T13:30:57.488933+00:00', '--job-id', '131', '--raw', '--subdir', 'DAGS_FOLDER/triggerdag2.py', '--cfg-path', '/tmp/tmpvicrkj4o']
[2024-06-28T13:30:58.210+0000] {standard_task_runner.py:83} INFO - Job 131: Subtask tsk2
[2024-06-28T13:30:58.260+0000] {task_command.py:388} INFO - Running <TaskInstance: triggerdag2.tsk2 manual__2024-06-28T13:30:57.488933+00:00 [running]> on host e4023680e4ff
[2024-06-28T13:30:58.335+0000] {taskinstance.py:1509} INFO - Exporting the following env vars:
AIRFLOW_CTX_DAG_OWNER=***
AIRFLOW_CTX_DAG_ID=triggerdag2
AIRFLOW_CTX_TASK_ID=tsk2
AIRFLOW_CTX_EXECUTION_DATE=2024-06-28T13:30:57.488933+00:00
AIRFLOW_CTX_TRY_NUMBER=1
AIRFLOW_CTX_DAG_RUN_ID=manual__2024-06-28T13:30:57.488933+00:00
[2024-06-28T13:30:58.336+0000] {subprocess.py:63} INFO - Tmp dir root location: 
 /tmp
[2024-06-28T13:30:58.336+0000] {subprocess.py:75} INFO - Running command: ['/bin/bash', '-c', 'sleep 5']
[2024-06-28T13:30:58.351+0000] {subprocess.py:86} INFO - Output:
[2024-06-28T13:31:03.354+0000] {subprocess.py:97} INFO - Command exited with return code 0
[2024-06-28T13:31:03.372+0000] {taskinstance.py:1323} INFO - Marking task as SUCCESS. dag_id=triggerdag2, task_id=tsk2, execution_date=20240628T133057, start_date=20240628T133058, end_date=20240628T133103
[2024-06-28T13:31:03.398+0000] {local_task_job.py:208} INFO - Task exited with return code 0
[2024-06-28T13:31:03.409+0000] {taskinstance.py:2578} INFO - 0 downstream tasks scheduled from follow-on schedule check
