[2024-08-28T17:15:15.433+0000] {taskinstance.py:1083} INFO - Dependencies all met for <TaskInstance: sarima_forecast_dag.run_sarima_forecast manual__2024-08-28T17:14:54.976331+00:00 [queued]>
[2024-08-28T17:15:15.441+0000] {taskinstance.py:1083} INFO - Dependencies all met for <TaskInstance: sarima_forecast_dag.run_sarima_forecast manual__2024-08-28T17:14:54.976331+00:00 [queued]>
[2024-08-28T17:15:15.441+0000] {taskinstance.py:1279} INFO - 
--------------------------------------------------------------------------------
[2024-08-28T17:15:15.441+0000] {taskinstance.py:1280} INFO - Starting attempt 1 of 1
[2024-08-28T17:15:15.441+0000] {taskinstance.py:1281} INFO - 
--------------------------------------------------------------------------------
[2024-08-28T17:15:15.453+0000] {taskinstance.py:1300} INFO - Executing <Task(PythonOperator): run_sarima_forecast> on 2024-08-28 17:14:54.976331+00:00
[2024-08-28T17:15:15.462+0000] {standard_task_runner.py:55} INFO - Started process 30269 to run task
[2024-08-28T17:15:15.464+0000] {standard_task_runner.py:82} INFO - Running: ['***', 'tasks', 'run', 'sarima_forecast_dag', 'run_sarima_forecast', 'manual__2024-08-28T17:14:54.976331+00:00', '--job-id', '12275', '--raw', '--subdir', 'DAGS_FOLDER/dag_forecast_ts_rainfall.py', '--cfg-path', '/tmp/tmpgb1efc4g']
[2024-08-28T17:15:15.465+0000] {standard_task_runner.py:83} INFO - Job 12275: Subtask run_sarima_forecast
[2024-08-28T17:15:15.509+0000] {task_command.py:388} INFO - Running <TaskInstance: sarima_forecast_dag.run_sarima_forecast manual__2024-08-28T17:14:54.976331+00:00 [running]> on host 4958d38180c6
[2024-08-28T17:15:15.564+0000] {taskinstance.py:1509} INFO - Exporting the following env vars:
AIRFLOW_CTX_DAG_OWNER=***
AIRFLOW_CTX_DAG_ID=sarima_forecast_dag
AIRFLOW_CTX_TASK_ID=run_sarima_forecast
AIRFLOW_CTX_EXECUTION_DATE=2024-08-28T17:14:54.976331+00:00
AIRFLOW_CTX_TRY_NUMBER=1
AIRFLOW_CTX_DAG_RUN_ID=manual__2024-08-28T17:14:54.976331+00:00
[2024-08-28T17:15:15.564+0000] {taskinstance.py:1768} ERROR - Task failed with exception
Traceback (most recent call last):
  File "/home/airflow/.local/lib/python3.7/site-packages/airflow/operators/python.py", line 175, in execute
    return_value = self.execute_callable()
  File "/home/airflow/.local/lib/python3.7/site-packages/airflow/operators/python.py", line 192, in execute_callable
    return self.python_callable(*self.op_args, **self.op_kwargs)
  File "/opt/airflow/dags/dag_forecast_ts_rainfall.py", line 16, in run_sarima_forecast
    sarima_plugin.load_model()
AttributeError: 'SarimaForecastPlugin' object has no attribute 'load_model'
[2024-08-28T17:15:15.571+0000] {taskinstance.py:1323} INFO - Marking task as FAILED. dag_id=sarima_forecast_dag, task_id=run_sarima_forecast, execution_date=20240828T171454, start_date=20240828T171515, end_date=20240828T171515
[2024-08-28T17:15:15.581+0000] {standard_task_runner.py:105} ERROR - Failed to execute job 12275 for task run_sarima_forecast ('SarimaForecastPlugin' object has no attribute 'load_model'; 30269)
[2024-08-28T17:15:15.595+0000] {local_task_job.py:208} INFO - Task exited with return code 1
[2024-08-28T17:15:15.608+0000] {taskinstance.py:2578} INFO - 0 downstream tasks scheduled from follow-on schedule check
