[2024-08-07T17:03:33.528+0000] {taskinstance.py:1083} INFO - Dependencies all met for <TaskInstance: dag_inmet.download_data manual__2024-08-07T17:03:05.545163+00:00 [queued]>
[2024-08-07T17:03:33.536+0000] {taskinstance.py:1083} INFO - Dependencies all met for <TaskInstance: dag_inmet.download_data manual__2024-08-07T17:03:05.545163+00:00 [queued]>
[2024-08-07T17:03:33.536+0000] {taskinstance.py:1279} INFO - 
--------------------------------------------------------------------------------
[2024-08-07T17:03:33.537+0000] {taskinstance.py:1280} INFO - Starting attempt 1 of 1
[2024-08-07T17:03:33.537+0000] {taskinstance.py:1281} INFO - 
--------------------------------------------------------------------------------
[2024-08-07T17:03:33.547+0000] {taskinstance.py:1300} INFO - Executing <Task(PythonOperator): download_data> on 2024-08-07 17:03:05.545163+00:00
[2024-08-07T17:03:33.553+0000] {standard_task_runner.py:55} INFO - Started process 77657 to run task
[2024-08-07T17:03:33.555+0000] {standard_task_runner.py:82} INFO - Running: ['***', 'tasks', 'run', 'dag_inmet', 'download_data', 'manual__2024-08-07T17:03:05.545163+00:00', '--job-id', '5274', '--raw', '--subdir', 'DAGS_FOLDER/dag_inmet.py', '--cfg-path', '/tmp/tmpa0k2sle3']
[2024-08-07T17:03:33.556+0000] {standard_task_runner.py:83} INFO - Job 5274: Subtask download_data
[2024-08-07T17:03:33.599+0000] {task_command.py:388} INFO - Running <TaskInstance: dag_inmet.download_data manual__2024-08-07T17:03:05.545163+00:00 [running]> on host a5a662cb3589
[2024-08-07T17:03:33.651+0000] {taskinstance.py:1509} INFO - Exporting the following env vars:
AIRFLOW_CTX_DAG_OWNER=***
AIRFLOW_CTX_DAG_ID=dag_inmet
AIRFLOW_CTX_TASK_ID=download_data
AIRFLOW_CTX_EXECUTION_DATE=2024-08-07T17:03:05.545163+00:00
AIRFLOW_CTX_TRY_NUMBER=1
AIRFLOW_CTX_DAG_RUN_ID=manual__2024-08-07T17:03:05.545163+00:00
[2024-08-07T17:03:34.859+0000] {logging_mixin.py:137} INFO - Tempo de execução de download_data: 1.2071 segundos
[2024-08-07T17:04:01.310+0000] {logging_mixin.py:137} INFO - Arquivo salvo como /opt/***/data/bronze/2022.zip
[2024-08-07T17:04:01.315+0000] {logging_mixin.py:137} INFO - Tempo de execução de download_and_save_file: 26.4566 segundos
[2024-08-07T17:04:01.334+0000] {python.py:177} INFO - Done. Returned value was: /opt/***/data/bronze/2022.zip
[2024-08-07T17:04:01.348+0000] {taskinstance.py:1323} INFO - Marking task as SUCCESS. dag_id=dag_inmet, task_id=download_data, execution_date=20240807T170305, start_date=20240807T170333, end_date=20240807T170401
[2024-08-07T17:04:01.368+0000] {local_task_job.py:208} INFO - Task exited with return code 0
[2024-08-07T17:04:01.392+0000] {taskinstance.py:2578} INFO - 1 downstream tasks scheduled from follow-on schedule check
