[2024-07-02T13:06:44.947+0000] {taskinstance.py:1083} INFO - Dependencies all met for <TaskInstance: default_args.tsk1 manual__2024-07-02T13:06:43.916833+00:00 [queued]>
[2024-07-02T13:06:44.956+0000] {taskinstance.py:1083} INFO - Dependencies all met for <TaskInstance: default_args.tsk1 manual__2024-07-02T13:06:43.916833+00:00 [queued]>
[2024-07-02T13:06:44.956+0000] {taskinstance.py:1279} INFO - 
--------------------------------------------------------------------------------
[2024-07-02T13:06:44.956+0000] {taskinstance.py:1280} INFO - Starting attempt 1 of 4
[2024-07-02T13:06:44.956+0000] {taskinstance.py:1281} INFO - 
--------------------------------------------------------------------------------
[2024-07-02T13:06:44.971+0000] {taskinstance.py:1300} INFO - Executing <Task(BashOperator): tsk1> on 2024-07-02 13:06:43.916833+00:00
[2024-07-02T13:06:44.981+0000] {standard_task_runner.py:55} INFO - Started process 202 to run task
[2024-07-02T13:06:44.983+0000] {standard_task_runner.py:82} INFO - Running: ['***', 'tasks', 'run', 'default_args', 'tsk1', 'manual__2024-07-02T13:06:43.916833+00:00', '--job-id', '265', '--raw', '--subdir', 'DAGS_FOLDER/default_args.py', '--cfg-path', '/tmp/tmpkl1_02d4']
[2024-07-02T13:06:44.984+0000] {standard_task_runner.py:83} INFO - Job 265: Subtask tsk1
[2024-07-02T13:06:45.035+0000] {task_command.py:388} INFO - Running <TaskInstance: default_args.tsk1 manual__2024-07-02T13:06:43.916833+00:00 [running]> on host 1a103833ad34
[2024-07-02T13:06:45.119+0000] {taskinstance.py:1509} INFO - Exporting the following env vars:
AIRFLOW_CTX_DAG_EMAIL=testeskleuber@gmail.com
AIRFLOW_CTX_DAG_OWNER=***
AIRFLOW_CTX_DAG_ID=default_args
AIRFLOW_CTX_TASK_ID=tsk1
AIRFLOW_CTX_EXECUTION_DATE=2024-07-02T13:06:43.916833+00:00
AIRFLOW_CTX_TRY_NUMBER=1
AIRFLOW_CTX_DAG_RUN_ID=manual__2024-07-02T13:06:43.916833+00:00
[2024-07-02T13:06:45.120+0000] {subprocess.py:63} INFO - Tmp dir root location: 
 /tmp
[2024-07-02T13:06:45.121+0000] {subprocess.py:75} INFO - Running command: ['/bin/bash', '-c', 'sleep 5']
[2024-07-02T13:06:45.143+0000] {subprocess.py:86} INFO - Output:
[2024-07-02T13:06:50.145+0000] {subprocess.py:97} INFO - Command exited with return code 0
[2024-07-02T13:06:50.214+0000] {taskinstance.py:1323} INFO - Marking task as SUCCESS. dag_id=default_args, task_id=tsk1, execution_date=20240702T130643, start_date=20240702T130644, end_date=20240702T130650
[2024-07-02T13:06:50.238+0000] {local_task_job.py:208} INFO - Task exited with return code 0
[2024-07-02T13:06:50.259+0000] {taskinstance.py:2578} INFO - 1 downstream tasks scheduled from follow-on schedule check
