[2024-08-22T13:52:27.911+0000] {taskinstance.py:1083} INFO - Dependencies all met for <TaskInstance: sarima_forecast_dag.run_sarima_forecast manual__2024-08-22T13:52:23.013520+00:00 [queued]>
[2024-08-22T13:52:27.919+0000] {taskinstance.py:1083} INFO - Dependencies all met for <TaskInstance: sarima_forecast_dag.run_sarima_forecast manual__2024-08-22T13:52:23.013520+00:00 [queued]>
[2024-08-22T13:52:27.919+0000] {taskinstance.py:1279} INFO - 
--------------------------------------------------------------------------------
[2024-08-22T13:52:27.919+0000] {taskinstance.py:1280} INFO - Starting attempt 1 of 1
[2024-08-22T13:52:27.919+0000] {taskinstance.py:1281} INFO - 
--------------------------------------------------------------------------------
[2024-08-22T13:52:27.930+0000] {taskinstance.py:1300} INFO - Executing <Task(PythonOperator): run_sarima_forecast> on 2024-08-22 13:52:23.013520+00:00
[2024-08-22T13:52:27.936+0000] {standard_task_runner.py:55} INFO - Started process 103 to run task
[2024-08-22T13:52:27.938+0000] {standard_task_runner.py:82} INFO - Running: ['***', 'tasks', 'run', 'sarima_forecast_dag', 'run_sarima_forecast', 'manual__2024-08-22T13:52:23.013520+00:00', '--job-id', '10613', '--raw', '--subdir', 'DAGS_FOLDER/dag_forecast_ts_rainfall.py', '--cfg-path', '/tmp/tmpn4b79g2h']
[2024-08-22T13:52:27.940+0000] {standard_task_runner.py:83} INFO - Job 10613: Subtask run_sarima_forecast
[2024-08-22T13:52:27.980+0000] {task_command.py:388} INFO - Running <TaskInstance: sarima_forecast_dag.run_sarima_forecast manual__2024-08-22T13:52:23.013520+00:00 [running]> on host 755fb68ae198
[2024-08-22T13:52:28.029+0000] {taskinstance.py:1509} INFO - Exporting the following env vars:
AIRFLOW_CTX_DAG_OWNER=***
AIRFLOW_CTX_DAG_ID=sarima_forecast_dag
AIRFLOW_CTX_TASK_ID=run_sarima_forecast
AIRFLOW_CTX_EXECUTION_DATE=2024-08-22T13:52:23.013520+00:00
AIRFLOW_CTX_TRY_NUMBER=1
AIRFLOW_CTX_DAG_RUN_ID=manual__2024-08-22T13:52:23.013520+00:00
[2024-08-22T13:52:28.276+0000] {taskinstance.py:1768} ERROR - Task failed with exception
Traceback (most recent call last):
  File "/home/airflow/.local/lib/python3.7/site-packages/airflow/operators/python.py", line 175, in execute
    return_value = self.execute_callable()
  File "/home/airflow/.local/lib/python3.7/site-packages/airflow/operators/python.py", line 192, in execute_callable
    return self.python_callable(*self.op_args, **self.op_kwargs)
  File "/opt/airflow/dags/dag_forecast_ts_rainfall.py", line 14, in run_sarima_forecast
    sarima_plugin.load_model()
  File "/opt/airflow/plugins/forecast_ts_rainfall_plugin.py", line 15, in load_model
    self.sarima_model = pickle.load(file)
  File "pandas/_libs/tslibs/timestamps.pyx", line 132, in pandas._libs.tslibs.timestamps._unpickle_timestamp
TypeError: _unpickle_timestamp() takes exactly 3 positional arguments (4 given)
[2024-08-22T13:52:28.283+0000] {taskinstance.py:1323} INFO - Marking task as FAILED. dag_id=sarima_forecast_dag, task_id=run_sarima_forecast, execution_date=20240822T135223, start_date=20240822T135227, end_date=20240822T135228
[2024-08-22T13:52:28.293+0000] {standard_task_runner.py:105} ERROR - Failed to execute job 10613 for task run_sarima_forecast (_unpickle_timestamp() takes exactly 3 positional arguments (4 given); 103)
[2024-08-22T13:52:28.311+0000] {local_task_job.py:208} INFO - Task exited with return code 1
[2024-08-22T13:52:28.325+0000] {taskinstance.py:2578} INFO - 0 downstream tasks scheduled from follow-on schedule check
