[2024-08-22T20:41:42.695+0000] {taskinstance.py:1083} INFO - Dependencies all met for <TaskInstance: dag_inmet.download_data manual__2024-08-22T20:41:35.195655+00:00 [queued]>
[2024-08-22T20:41:42.703+0000] {taskinstance.py:1083} INFO - Dependencies all met for <TaskInstance: dag_inmet.download_data manual__2024-08-22T20:41:35.195655+00:00 [queued]>
[2024-08-22T20:41:42.703+0000] {taskinstance.py:1279} INFO - 
--------------------------------------------------------------------------------
[2024-08-22T20:41:42.703+0000] {taskinstance.py:1280} INFO - Starting attempt 1 of 1
[2024-08-22T20:41:42.703+0000] {taskinstance.py:1281} INFO - 
--------------------------------------------------------------------------------
[2024-08-22T20:41:42.715+0000] {taskinstance.py:1300} INFO - Executing <Task(PythonOperator): download_data> on 2024-08-22 20:41:35.195655+00:00
[2024-08-22T20:41:42.722+0000] {standard_task_runner.py:55} INFO - Started process 123 to run task
[2024-08-22T20:41:42.724+0000] {standard_task_runner.py:82} INFO - Running: ['***', 'tasks', 'run', 'dag_inmet', 'download_data', 'manual__2024-08-22T20:41:35.195655+00:00', '--job-id', '11625', '--raw', '--subdir', 'DAGS_FOLDER/dag_inmet.py', '--cfg-path', '/tmp/tmp2rh6lbns']
[2024-08-22T20:41:42.725+0000] {standard_task_runner.py:83} INFO - Job 11625: Subtask download_data
[2024-08-22T20:41:42.773+0000] {task_command.py:388} INFO - Running <TaskInstance: dag_inmet.download_data manual__2024-08-22T20:41:35.195655+00:00 [running]> on host 8670393ebbfb
[2024-08-22T20:41:42.827+0000] {taskinstance.py:1509} INFO - Exporting the following env vars:
AIRFLOW_CTX_DAG_OWNER=***
AIRFLOW_CTX_DAG_ID=dag_inmet
AIRFLOW_CTX_TASK_ID=download_data
AIRFLOW_CTX_EXECUTION_DATE=2024-08-22T20:41:35.195655+00:00
AIRFLOW_CTX_TRY_NUMBER=1
AIRFLOW_CTX_DAG_RUN_ID=manual__2024-08-22T20:41:35.195655+00:00
[2024-08-22T20:41:43.868+0000] {logging_mixin.py:137} INFO - Tempo de execução de download_data: 1.0405 segundos
[2024-08-22T20:41:56.414+0000] {logging_mixin.py:137} INFO - Arquivo salvo como /opt/***/data/bronze/inmet/2024.zip
[2024-08-22T20:41:56.417+0000] {logging_mixin.py:137} INFO - Tempo de execução de download_and_save_file: 12.5484 segundos
[2024-08-22T20:41:56.436+0000] {python.py:177} INFO - Done. Returned value was: /opt/***/data/bronze/inmet/2024.zip
[2024-08-22T20:41:56.450+0000] {taskinstance.py:1323} INFO - Marking task as SUCCESS. dag_id=dag_inmet, task_id=download_data, execution_date=20240822T204135, start_date=20240822T204142, end_date=20240822T204156
[2024-08-22T20:41:56.504+0000] {local_task_job.py:208} INFO - Task exited with return code 0
[2024-08-22T20:41:56.550+0000] {taskinstance.py:2578} INFO - 1 downstream tasks scheduled from follow-on schedule check
