[2024-08-29T21:14:36.294+0000] {taskinstance.py:1083} INFO - Dependencies all met for <TaskInstance: dag_inmet.send_email_results scheduled__2024-07-29T20:56:00+00:00 [queued]>
[2024-08-29T21:14:36.302+0000] {taskinstance.py:1083} INFO - Dependencies all met for <TaskInstance: dag_inmet.send_email_results scheduled__2024-07-29T20:56:00+00:00 [queued]>
[2024-08-29T21:14:36.303+0000] {taskinstance.py:1279} INFO - 
--------------------------------------------------------------------------------
[2024-08-29T21:14:36.303+0000] {taskinstance.py:1280} INFO - Starting attempt 1 of 1
[2024-08-29T21:14:36.303+0000] {taskinstance.py:1281} INFO - 
--------------------------------------------------------------------------------
[2024-08-29T21:14:36.314+0000] {taskinstance.py:1300} INFO - Executing <Task(EmailOperator): send_email_results> on 2024-07-29 20:56:00+00:00
[2024-08-29T21:14:36.323+0000] {standard_task_runner.py:55} INFO - Started process 28337 to run task
[2024-08-29T21:14:36.325+0000] {standard_task_runner.py:82} INFO - Running: ['***', 'tasks', 'run', 'dag_inmet', 'send_email_results', 'scheduled__2024-07-29T20:56:00+00:00', '--job-id', '13509', '--raw', '--subdir', 'DAGS_FOLDER/dag_inmet.py', '--cfg-path', '/tmp/tmp6d_8e9ps']
[2024-08-29T21:14:36.326+0000] {standard_task_runner.py:83} INFO - Job 13509: Subtask send_email_results
[2024-08-29T21:14:36.373+0000] {task_command.py:388} INFO - Running <TaskInstance: dag_inmet.send_email_results scheduled__2024-07-29T20:56:00+00:00 [running]> on host 9245b3dbdda8
[2024-08-29T21:14:36.500+0000] {taskinstance.py:1509} INFO - Exporting the following env vars:
AIRFLOW_CTX_DAG_OWNER=***
AIRFLOW_CTX_DAG_ID=dag_inmet
AIRFLOW_CTX_TASK_ID=send_email_results
AIRFLOW_CTX_EXECUTION_DATE=2024-07-29T20:56:00+00:00
AIRFLOW_CTX_TRY_NUMBER=1
AIRFLOW_CTX_DAG_RUN_ID=scheduled__2024-07-29T20:56:00+00:00
[2024-08-29T21:14:36.510+0000] {warnings.py:110} WARNING - /home/***/.local/lib/python3.7/site-packages/***/utils/email.py:152: RemovedInAirflow3Warning: Fetching SMTP credentials from configuration variables will be deprecated in a future release. Please set credentials using a connection instead.
  send_mime_email(e_from=mail_from, e_to=recipients, mime_msg=msg, conn_id=conn_id, dryrun=dryrun)

[2024-08-29T21:14:36.510+0000] {email.py:268} INFO - Email alerting: attempt 1
[2024-08-29T21:14:38.499+0000] {email.py:280} INFO - Sent an alert email to ['kleuber94@gmail.com', 'vferreiramesquita@gmail.com']
[2024-08-29T21:14:41.089+0000] {taskinstance.py:1323} INFO - Marking task as SUCCESS. dag_id=dag_inmet, task_id=send_email_results, execution_date=20240729T205600, start_date=20240829T211436, end_date=20240829T211441
[2024-08-29T21:14:41.149+0000] {local_task_job.py:208} INFO - Task exited with return code 0
[2024-08-29T21:14:41.167+0000] {taskinstance.py:2578} INFO - 0 downstream tasks scheduled from follow-on schedule check
