[2024-08-01T22:52:23.420+0000] {taskinstance.py:1083} INFO - Dependencies all met for <TaskInstance: dag_inmet.download_data manual__2024-08-01T22:52:21.162843+00:00 [queued]>
[2024-08-01T22:52:23.432+0000] {taskinstance.py:1083} INFO - Dependencies all met for <TaskInstance: dag_inmet.download_data manual__2024-08-01T22:52:21.162843+00:00 [queued]>
[2024-08-01T22:52:23.432+0000] {taskinstance.py:1279} INFO - 
--------------------------------------------------------------------------------
[2024-08-01T22:52:23.432+0000] {taskinstance.py:1280} INFO - Starting attempt 1 of 1
[2024-08-01T22:52:23.432+0000] {taskinstance.py:1281} INFO - 
--------------------------------------------------------------------------------
[2024-08-01T22:52:23.446+0000] {taskinstance.py:1300} INFO - Executing <Task(PythonOperator): download_data> on 2024-08-01 22:52:21.162843+00:00
[2024-08-01T22:52:23.452+0000] {standard_task_runner.py:55} INFO - Started process 103 to run task
[2024-08-01T22:52:23.455+0000] {standard_task_runner.py:82} INFO - Running: ['***', 'tasks', 'run', 'dag_inmet', 'download_data', 'manual__2024-08-01T22:52:21.162843+00:00', '--job-id', '3493', '--raw', '--subdir', 'DAGS_FOLDER/dag_inmet.py', '--cfg-path', '/tmp/tmpw1z6gngn']
[2024-08-01T22:52:23.456+0000] {standard_task_runner.py:83} INFO - Job 3493: Subtask download_data
[2024-08-01T22:52:23.505+0000] {task_command.py:388} INFO - Running <TaskInstance: dag_inmet.download_data manual__2024-08-01T22:52:21.162843+00:00 [running]> on host 87a8f1646fc1
[2024-08-01T22:52:23.557+0000] {taskinstance.py:1509} INFO - Exporting the following env vars:
AIRFLOW_CTX_DAG_OWNER=***
AIRFLOW_CTX_DAG_ID=dag_inmet
AIRFLOW_CTX_TASK_ID=download_data
AIRFLOW_CTX_EXECUTION_DATE=2024-08-01T22:52:21.162843+00:00
AIRFLOW_CTX_TRY_NUMBER=1
AIRFLOW_CTX_DAG_RUN_ID=manual__2024-08-01T22:52:21.162843+00:00
[2024-08-01T22:52:24.617+0000] {logging_mixin.py:137} INFO - Tempo de execução de download_data: 1.0592 segundos
[2024-08-01T22:52:31.956+0000] {logging_mixin.py:137} INFO - Arquivo salvo como /opt/***/data/bronze/2024.zip
[2024-08-01T22:52:31.958+0000] {logging_mixin.py:137} INFO - Tempo de execução de download_and_save_file: 7.3415 segundos
[2024-08-01T22:52:31.958+0000] {python.py:177} INFO - Done. Returned value was: /opt/***/data/bronze/2024.zip
[2024-08-01T22:52:31.975+0000] {taskinstance.py:1323} INFO - Marking task as SUCCESS. dag_id=dag_inmet, task_id=download_data, execution_date=20240801T225221, start_date=20240801T225223, end_date=20240801T225231
[2024-08-01T22:52:32.002+0000] {local_task_job.py:208} INFO - Task exited with return code 0
[2024-08-01T22:52:32.021+0000] {taskinstance.py:2578} INFO - 1 downstream tasks scheduled from follow-on schedule check
