[2024-07-02T17:49:04.656+0000] {taskinstance.py:1083} INFO - Dependencies all met for <TaskInstance: pool.tsk4 manual__2024-07-02T17:49:03.189918+00:00 [queued]>
[2024-07-02T17:49:04.666+0000] {taskinstance.py:1083} INFO - Dependencies all met for <TaskInstance: pool.tsk4 manual__2024-07-02T17:49:03.189918+00:00 [queued]>
[2024-07-02T17:49:04.666+0000] {taskinstance.py:1279} INFO - 
--------------------------------------------------------------------------------
[2024-07-02T17:49:04.666+0000] {taskinstance.py:1280} INFO - Starting attempt 1 of 1
[2024-07-02T17:49:04.666+0000] {taskinstance.py:1281} INFO - 
--------------------------------------------------------------------------------
[2024-07-02T17:49:04.678+0000] {taskinstance.py:1300} INFO - Executing <Task(BashOperator): tsk4> on 2024-07-02 17:49:03.189918+00:00
[2024-07-02T17:49:04.685+0000] {standard_task_runner.py:55} INFO - Started process 123 to run task
[2024-07-02T17:49:04.688+0000] {standard_task_runner.py:82} INFO - Running: ['***', 'tasks', 'run', 'pool', 'tsk4', 'manual__2024-07-02T17:49:03.189918+00:00', '--job-id', '405', '--raw', '--subdir', 'DAGS_FOLDER/poools.py', '--cfg-path', '/tmp/tmpzxtigu6s']
[2024-07-02T17:49:04.688+0000] {standard_task_runner.py:83} INFO - Job 405: Subtask tsk4
[2024-07-02T17:49:04.745+0000] {task_command.py:388} INFO - Running <TaskInstance: pool.tsk4 manual__2024-07-02T17:49:03.189918+00:00 [running]> on host a003326c10ff
[2024-07-02T17:49:04.818+0000] {taskinstance.py:1509} INFO - Exporting the following env vars:
AIRFLOW_CTX_DAG_OWNER=***
AIRFLOW_CTX_DAG_ID=pool
AIRFLOW_CTX_TASK_ID=tsk4
AIRFLOW_CTX_EXECUTION_DATE=2024-07-02T17:49:03.189918+00:00
AIRFLOW_CTX_TRY_NUMBER=1
AIRFLOW_CTX_DAG_RUN_ID=manual__2024-07-02T17:49:03.189918+00:00
[2024-07-02T17:49:04.819+0000] {subprocess.py:63} INFO - Tmp dir root location: 
 /tmp
[2024-07-02T17:49:04.819+0000] {subprocess.py:75} INFO - Running command: ['/bin/bash', '-c', 'exit 1']
[2024-07-02T17:49:04.834+0000] {subprocess.py:86} INFO - Output:
[2024-07-02T17:49:04.836+0000] {subprocess.py:97} INFO - Command exited with return code 1
[2024-07-02T17:49:04.848+0000] {taskinstance.py:1768} ERROR - Task failed with exception
Traceback (most recent call last):
  File "/home/airflow/.local/lib/python3.7/site-packages/airflow/operators/bash.py", line 197, in execute
    f"Bash command failed. The command returned a non-zero exit code {result.exit_code}."
airflow.exceptions.AirflowException: Bash command failed. The command returned a non-zero exit code 1.
[2024-07-02T17:49:04.852+0000] {taskinstance.py:1323} INFO - Marking task as FAILED. dag_id=pool, task_id=tsk4, execution_date=20240702T174903, start_date=20240702T174904, end_date=20240702T174904
[2024-07-02T17:49:04.863+0000] {standard_task_runner.py:105} ERROR - Failed to execute job 405 for task tsk4 (Bash command failed. The command returned a non-zero exit code 1.; 123)
[2024-07-02T17:49:04.899+0000] {local_task_job.py:208} INFO - Task exited with return code 1
[2024-07-02T17:49:04.919+0000] {taskinstance.py:2578} INFO - 0 downstream tasks scheduled from follow-on schedule check
