[2024-08-06T14:00:42.650+0000] {taskinstance.py:1083} INFO - Dependencies all met for <TaskInstance: dag_inmet.send_email_alert manual__2024-08-06T13:58:22.205365+00:00 [queued]>
[2024-08-06T14:00:42.662+0000] {taskinstance.py:1083} INFO - Dependencies all met for <TaskInstance: dag_inmet.send_email_alert manual__2024-08-06T13:58:22.205365+00:00 [queued]>
[2024-08-06T14:00:42.663+0000] {taskinstance.py:1279} INFO - 
--------------------------------------------------------------------------------
[2024-08-06T14:00:42.663+0000] {taskinstance.py:1280} INFO - Starting attempt 1 of 1
[2024-08-06T14:00:42.663+0000] {taskinstance.py:1281} INFO - 
--------------------------------------------------------------------------------
[2024-08-06T14:00:42.679+0000] {taskinstance.py:1300} INFO - Executing <Task(EmailOperator): send_email_alert> on 2024-08-06 13:58:22.205365+00:00
[2024-08-06T14:00:42.686+0000] {standard_task_runner.py:55} INFO - Started process 14918 to run task
[2024-08-06T14:00:42.688+0000] {standard_task_runner.py:82} INFO - Running: ['***', 'tasks', 'run', 'dag_inmet', 'send_email_alert', 'manual__2024-08-06T13:58:22.205365+00:00', '--job-id', '4333', '--raw', '--subdir', 'DAGS_FOLDER/dag_inmet.py', '--cfg-path', '/tmp/tmpaasx1cl_']
[2024-08-06T14:00:42.689+0000] {standard_task_runner.py:83} INFO - Job 4333: Subtask send_email_alert
[2024-08-06T14:00:42.733+0000] {task_command.py:388} INFO - Running <TaskInstance: dag_inmet.send_email_alert manual__2024-08-06T13:58:22.205365+00:00 [running]> on host 0165c32c74c8
[2024-08-06T14:00:42.785+0000] {taskinstance.py:1509} INFO - Exporting the following env vars:
AIRFLOW_CTX_DAG_OWNER=***
AIRFLOW_CTX_DAG_ID=dag_inmet
AIRFLOW_CTX_TASK_ID=send_email_alert
AIRFLOW_CTX_EXECUTION_DATE=2024-08-06T13:58:22.205365+00:00
AIRFLOW_CTX_TRY_NUMBER=1
AIRFLOW_CTX_DAG_RUN_ID=manual__2024-08-06T13:58:22.205365+00:00
[2024-08-06T14:00:42.792+0000] {warnings.py:110} WARNING - /home/***/.local/lib/python3.7/site-packages/***/utils/email.py:152: RemovedInAirflow3Warning: Fetching SMTP credentials from configuration variables will be deprecated in a future release. Please set credentials using a connection instead.
  send_mime_email(e_from=mail_from, e_to=recipients, mime_msg=msg, conn_id=conn_id, dryrun=dryrun)

[2024-08-06T14:00:42.792+0000] {email.py:268} INFO - Email alerting: attempt 1
[2024-08-06T14:00:44.986+0000] {email.py:280} INFO - Sent an alert email to ['kleuber94@gmail.com', 'vferreiramesquita@gmail.com']
[2024-08-06T14:00:47.656+0000] {taskinstance.py:1323} INFO - Marking task as SUCCESS. dag_id=dag_inmet, task_id=send_email_alert, execution_date=20240806T135822, start_date=20240806T140042, end_date=20240806T140047
[2024-08-06T14:00:47.678+0000] {local_task_job.py:208} INFO - Task exited with return code 0
[2024-08-06T14:00:47.691+0000] {taskinstance.py:2578} INFO - 0 downstream tasks scheduled from follow-on schedule check
