[2024-07-02T13:06:44.946+0000] {taskinstance.py:1083} INFO - Dependencies all met for <TaskInstance: default_args.tsk1 scheduled__2024-07-02T12:00:00+00:00 [queued]>
[2024-07-02T13:06:44.956+0000] {taskinstance.py:1083} INFO - Dependencies all met for <TaskInstance: default_args.tsk1 scheduled__2024-07-02T12:00:00+00:00 [queued]>
[2024-07-02T13:06:44.956+0000] {taskinstance.py:1279} INFO - 
--------------------------------------------------------------------------------
[2024-07-02T13:06:44.956+0000] {taskinstance.py:1280} INFO - Starting attempt 1 of 4
[2024-07-02T13:06:44.956+0000] {taskinstance.py:1281} INFO - 
--------------------------------------------------------------------------------
[2024-07-02T13:06:44.971+0000] {taskinstance.py:1300} INFO - Executing <Task(BashOperator): tsk1> on 2024-07-02 12:00:00+00:00
[2024-07-02T13:06:44.977+0000] {standard_task_runner.py:55} INFO - Started process 201 to run task
[2024-07-02T13:06:44.981+0000] {standard_task_runner.py:82} INFO - Running: ['***', 'tasks', 'run', 'default_args', 'tsk1', 'scheduled__2024-07-02T12:00:00+00:00', '--job-id', '264', '--raw', '--subdir', 'DAGS_FOLDER/default_args.py', '--cfg-path', '/tmp/tmpurplhq__']
[2024-07-02T13:06:44.981+0000] {standard_task_runner.py:83} INFO - Job 264: Subtask tsk1
[2024-07-02T13:06:45.036+0000] {task_command.py:388} INFO - Running <TaskInstance: default_args.tsk1 scheduled__2024-07-02T12:00:00+00:00 [running]> on host 1a103833ad34
[2024-07-02T13:06:45.135+0000] {taskinstance.py:1509} INFO - Exporting the following env vars:
AIRFLOW_CTX_DAG_EMAIL=testeskleuber@gmail.com
AIRFLOW_CTX_DAG_OWNER=***
AIRFLOW_CTX_DAG_ID=default_args
AIRFLOW_CTX_TASK_ID=tsk1
AIRFLOW_CTX_EXECUTION_DATE=2024-07-02T12:00:00+00:00
AIRFLOW_CTX_TRY_NUMBER=1
AIRFLOW_CTX_DAG_RUN_ID=scheduled__2024-07-02T12:00:00+00:00
[2024-07-02T13:06:45.136+0000] {subprocess.py:63} INFO - Tmp dir root location: 
 /tmp
[2024-07-02T13:06:45.137+0000] {subprocess.py:75} INFO - Running command: ['/bin/bash', '-c', 'sleep 5']
[2024-07-02T13:06:45.159+0000] {subprocess.py:86} INFO - Output:
[2024-07-02T13:06:50.165+0000] {subprocess.py:97} INFO - Command exited with return code 0
[2024-07-02T13:06:50.220+0000] {taskinstance.py:1323} INFO - Marking task as SUCCESS. dag_id=default_args, task_id=tsk1, execution_date=20240702T120000, start_date=20240702T130644, end_date=20240702T130650
[2024-07-02T13:06:50.278+0000] {local_task_job.py:208} INFO - Task exited with return code 0
[2024-07-02T13:06:50.299+0000] {taskinstance.py:2578} INFO - 1 downstream tasks scheduled from follow-on schedule check
