[2024-08-07T16:29:41.009+0000] {taskinstance.py:1083} INFO - Dependencies all met for <TaskInstance: dag_inmet.send_email_results manual__2024-08-07T16:22:03.275310+00:00 [queued]>
[2024-08-07T16:29:41.017+0000] {taskinstance.py:1083} INFO - Dependencies all met for <TaskInstance: dag_inmet.send_email_results manual__2024-08-07T16:22:03.275310+00:00 [queued]>
[2024-08-07T16:29:41.017+0000] {taskinstance.py:1279} INFO - 
--------------------------------------------------------------------------------
[2024-08-07T16:29:41.017+0000] {taskinstance.py:1280} INFO - Starting attempt 1 of 1
[2024-08-07T16:29:41.017+0000] {taskinstance.py:1281} INFO - 
--------------------------------------------------------------------------------
[2024-08-07T16:29:41.027+0000] {taskinstance.py:1300} INFO - Executing <Task(EmailOperator): send_email_results> on 2024-08-07 16:22:03.275310+00:00
[2024-08-07T16:29:41.033+0000] {standard_task_runner.py:55} INFO - Started process 61893 to run task
[2024-08-07T16:29:41.035+0000] {standard_task_runner.py:82} INFO - Running: ['***', 'tasks', 'run', 'dag_inmet', 'send_email_results', 'manual__2024-08-07T16:22:03.275310+00:00', '--job-id', '5239', '--raw', '--subdir', 'DAGS_FOLDER/dag_inmet.py', '--cfg-path', '/tmp/tmp7lzh2z7c']
[2024-08-07T16:29:41.037+0000] {standard_task_runner.py:83} INFO - Job 5239: Subtask send_email_results
[2024-08-07T16:29:41.078+0000] {task_command.py:388} INFO - Running <TaskInstance: dag_inmet.send_email_results manual__2024-08-07T16:22:03.275310+00:00 [running]> on host a5a662cb3589
[2024-08-07T16:29:41.179+0000] {taskinstance.py:1509} INFO - Exporting the following env vars:
AIRFLOW_CTX_DAG_OWNER=***
AIRFLOW_CTX_DAG_ID=dag_inmet
AIRFLOW_CTX_TASK_ID=send_email_results
AIRFLOW_CTX_EXECUTION_DATE=2024-08-07T16:22:03.275310+00:00
AIRFLOW_CTX_TRY_NUMBER=1
AIRFLOW_CTX_DAG_RUN_ID=manual__2024-08-07T16:22:03.275310+00:00
[2024-08-07T16:29:41.187+0000] {warnings.py:110} WARNING - /home/***/.local/lib/python3.7/site-packages/***/utils/email.py:152: RemovedInAirflow3Warning: Fetching SMTP credentials from configuration variables will be deprecated in a future release. Please set credentials using a connection instead.
  send_mime_email(e_from=mail_from, e_to=recipients, mime_msg=msg, conn_id=conn_id, dryrun=dryrun)

[2024-08-07T16:29:41.187+0000] {email.py:268} INFO - Email alerting: attempt 1
[2024-08-07T16:29:43.701+0000] {email.py:280} INFO - Sent an alert email to ['kleuber94@gmail.com', 'vferreiramesquita@gmail.com']
[2024-08-07T16:29:46.029+0000] {taskinstance.py:1323} INFO - Marking task as SUCCESS. dag_id=dag_inmet, task_id=send_email_results, execution_date=20240807T162203, start_date=20240807T162941, end_date=20240807T162946
[2024-08-07T16:29:46.065+0000] {local_task_job.py:208} INFO - Task exited with return code 0
[2024-08-07T16:29:46.078+0000] {taskinstance.py:2578} INFO - 0 downstream tasks scheduled from follow-on schedule check
