[2024-08-01T23:57:04.858+0000] {taskinstance.py:1083} INFO - Dependencies all met for <TaskInstance: dag_inmet.download_data manual__2024-08-01T23:56:00.960881+00:00 [queued]>
[2024-08-01T23:57:04.866+0000] {taskinstance.py:1083} INFO - Dependencies all met for <TaskInstance: dag_inmet.download_data manual__2024-08-01T23:56:00.960881+00:00 [queued]>
[2024-08-01T23:57:04.866+0000] {taskinstance.py:1279} INFO - 
--------------------------------------------------------------------------------
[2024-08-01T23:57:04.867+0000] {taskinstance.py:1280} INFO - Starting attempt 1 of 1
[2024-08-01T23:57:04.867+0000] {taskinstance.py:1281} INFO - 
--------------------------------------------------------------------------------
[2024-08-01T23:57:04.876+0000] {taskinstance.py:1300} INFO - Executing <Task(PythonOperator): download_data> on 2024-08-01 23:56:00.960881+00:00
[2024-08-01T23:57:04.883+0000] {standard_task_runner.py:55} INFO - Started process 14458 to run task
[2024-08-01T23:57:04.884+0000] {standard_task_runner.py:82} INFO - Running: ['***', 'tasks', 'run', 'dag_inmet', 'download_data', 'manual__2024-08-01T23:56:00.960881+00:00', '--job-id', '3568', '--raw', '--subdir', 'DAGS_FOLDER/dag_inmet.py', '--cfg-path', '/tmp/tmppt5cve55']
[2024-08-01T23:57:04.886+0000] {standard_task_runner.py:83} INFO - Job 3568: Subtask download_data
[2024-08-01T23:57:04.927+0000] {task_command.py:388} INFO - Running <TaskInstance: dag_inmet.download_data manual__2024-08-01T23:56:00.960881+00:00 [running]> on host 87a8f1646fc1
[2024-08-01T23:57:04.977+0000] {taskinstance.py:1509} INFO - Exporting the following env vars:
AIRFLOW_CTX_DAG_OWNER=***
AIRFLOW_CTX_DAG_ID=dag_inmet
AIRFLOW_CTX_TASK_ID=download_data
AIRFLOW_CTX_EXECUTION_DATE=2024-08-01T23:56:00.960881+00:00
AIRFLOW_CTX_TRY_NUMBER=1
AIRFLOW_CTX_DAG_RUN_ID=manual__2024-08-01T23:56:00.960881+00:00
[2024-08-01T23:57:06.167+0000] {logging_mixin.py:137} INFO - Tempo de execução de download_data: 1.1897 segundos
[2024-08-01T23:57:19.596+0000] {logging_mixin.py:137} INFO - Arquivo salvo como /opt/***/data/bronze/2024.zip
[2024-08-01T23:57:19.598+0000] {logging_mixin.py:137} INFO - Tempo de execução de download_and_save_file: 13.4313 segundos
[2024-08-01T23:57:19.598+0000] {python.py:177} INFO - Done. Returned value was: /opt/***/data/bronze/2024.zip
[2024-08-01T23:57:19.614+0000] {taskinstance.py:1323} INFO - Marking task as SUCCESS. dag_id=dag_inmet, task_id=download_data, execution_date=20240801T235600, start_date=20240801T235704, end_date=20240801T235719
[2024-08-01T23:57:19.654+0000] {local_task_job.py:208} INFO - Task exited with return code 0
[2024-08-01T23:57:19.676+0000] {taskinstance.py:2578} INFO - 1 downstream tasks scheduled from follow-on schedule check
