[2024-06-28T14:21:29.451+0000] {taskinstance.py:1083} INFO - Dependencies all met for <TaskInstance: daggroup.tsk_group.tsk8 manual__2024-06-28T14:21:03.968826+00:00 [queued]>
[2024-06-28T14:21:29.458+0000] {taskinstance.py:1083} INFO - Dependencies all met for <TaskInstance: daggroup.tsk_group.tsk8 manual__2024-06-28T14:21:03.968826+00:00 [queued]>
[2024-06-28T14:21:29.458+0000] {taskinstance.py:1279} INFO - 
--------------------------------------------------------------------------------
[2024-06-28T14:21:29.459+0000] {taskinstance.py:1280} INFO - Starting attempt 1 of 1
[2024-06-28T14:21:29.459+0000] {taskinstance.py:1281} INFO - 
--------------------------------------------------------------------------------
[2024-06-28T14:21:29.469+0000] {taskinstance.py:1300} INFO - Executing <Task(BashOperator): tsk_group.tsk8> on 2024-06-28 14:21:03.968826+00:00
[2024-06-28T14:21:29.474+0000] {standard_task_runner.py:55} INFO - Started process 200 to run task
[2024-06-28T14:21:29.476+0000] {standard_task_runner.py:82} INFO - Running: ['***', 'tasks', 'run', 'daggroup', 'tsk_group.tsk8', 'manual__2024-06-28T14:21:03.968826+00:00', '--job-id', '251', '--raw', '--subdir', 'DAGS_FOLDER/daggroup.py', '--cfg-path', '/tmp/tmp2x84m6f3']
[2024-06-28T14:21:29.476+0000] {standard_task_runner.py:83} INFO - Job 251: Subtask tsk_group.tsk8
[2024-06-28T14:21:29.517+0000] {task_command.py:388} INFO - Running <TaskInstance: daggroup.tsk_group.tsk8 manual__2024-06-28T14:21:03.968826+00:00 [running]> on host 81805745a6af
[2024-06-28T14:21:29.566+0000] {taskinstance.py:1509} INFO - Exporting the following env vars:
AIRFLOW_CTX_DAG_OWNER=***
AIRFLOW_CTX_DAG_ID=daggroup
AIRFLOW_CTX_TASK_ID=tsk_group.tsk8
AIRFLOW_CTX_EXECUTION_DATE=2024-06-28T14:21:03.968826+00:00
AIRFLOW_CTX_TRY_NUMBER=1
AIRFLOW_CTX_DAG_RUN_ID=manual__2024-06-28T14:21:03.968826+00:00
[2024-06-28T14:21:29.567+0000] {subprocess.py:63} INFO - Tmp dir root location: 
 /tmp
[2024-06-28T14:21:29.567+0000] {subprocess.py:75} INFO - Running command: ['/bin/bash', '-c', 'sleep 5']
[2024-06-28T14:21:29.577+0000] {subprocess.py:86} INFO - Output:
[2024-06-28T14:21:34.579+0000] {subprocess.py:97} INFO - Command exited with return code 0
[2024-06-28T14:21:34.603+0000] {taskinstance.py:1323} INFO - Marking task as SUCCESS. dag_id=daggroup, task_id=tsk_group.tsk8, execution_date=20240628T142103, start_date=20240628T142129, end_date=20240628T142134
[2024-06-28T14:21:34.654+0000] {local_task_job.py:208} INFO - Task exited with return code 0
[2024-06-28T14:21:34.671+0000] {taskinstance.py:2578} INFO - 0 downstream tasks scheduled from follow-on schedule check
