[2024-08-08T15:15:29.941+0000] {taskinstance.py:1083} INFO - Dependencies all met for <TaskInstance: dag_inmet.download_data manual__2024-08-08T15:15:10.685418+00:00 [queued]>
[2024-08-08T15:15:29.952+0000] {taskinstance.py:1083} INFO - Dependencies all met for <TaskInstance: dag_inmet.download_data manual__2024-08-08T15:15:10.685418+00:00 [queued]>
[2024-08-08T15:15:29.952+0000] {taskinstance.py:1279} INFO - 
--------------------------------------------------------------------------------
[2024-08-08T15:15:29.952+0000] {taskinstance.py:1280} INFO - Starting attempt 1 of 1
[2024-08-08T15:15:29.952+0000] {taskinstance.py:1281} INFO - 
--------------------------------------------------------------------------------
[2024-08-08T15:15:29.966+0000] {taskinstance.py:1300} INFO - Executing <Task(PythonOperator): download_data> on 2024-08-08 15:15:10.685418+00:00
[2024-08-08T15:15:29.974+0000] {standard_task_runner.py:55} INFO - Started process 107714 to run task
[2024-08-08T15:15:29.976+0000] {standard_task_runner.py:82} INFO - Running: ['***', 'tasks', 'run', 'dag_inmet', 'download_data', 'manual__2024-08-08T15:15:10.685418+00:00', '--job-id', '5885', '--raw', '--subdir', 'DAGS_FOLDER/dag_inmet.py', '--cfg-path', '/tmp/tmpba1ets_3']
[2024-08-08T15:15:29.978+0000] {standard_task_runner.py:83} INFO - Job 5885: Subtask download_data
[2024-08-08T15:15:30.029+0000] {task_command.py:388} INFO - Running <TaskInstance: dag_inmet.download_data manual__2024-08-08T15:15:10.685418+00:00 [running]> on host da0057b0268c
[2024-08-08T15:15:30.090+0000] {taskinstance.py:1509} INFO - Exporting the following env vars:
AIRFLOW_CTX_DAG_OWNER=***
AIRFLOW_CTX_DAG_ID=dag_inmet
AIRFLOW_CTX_TASK_ID=download_data
AIRFLOW_CTX_EXECUTION_DATE=2024-08-08T15:15:10.685418+00:00
AIRFLOW_CTX_TRY_NUMBER=1
AIRFLOW_CTX_DAG_RUN_ID=manual__2024-08-08T15:15:10.685418+00:00
[2024-08-08T15:15:31.304+0000] {logging_mixin.py:137} INFO - Tempo de execução de download_data: 1.2131 segundos
[2024-08-08T15:15:45.719+0000] {logging_mixin.py:137} INFO - Arquivo salvo como /opt/***/data/bronze/2021.zip
[2024-08-08T15:15:45.722+0000] {logging_mixin.py:137} INFO - Tempo de execução de download_and_save_file: 14.4172 segundos
[2024-08-08T15:15:45.742+0000] {python.py:177} INFO - Done. Returned value was: /opt/***/data/bronze/2021.zip
[2024-08-08T15:15:45.758+0000] {taskinstance.py:1323} INFO - Marking task as SUCCESS. dag_id=dag_inmet, task_id=download_data, execution_date=20240808T151510, start_date=20240808T151529, end_date=20240808T151545
[2024-08-08T15:15:45.810+0000] {local_task_job.py:208} INFO - Task exited with return code 0
[2024-08-08T15:15:45.865+0000] {taskinstance.py:2578} INFO - 1 downstream tasks scheduled from follow-on schedule check
