[2024-07-02T15:00:50.258+0000] {taskinstance.py:1083} INFO - Dependencies all met for <TaskInstance: default_args.tsk1 scheduled__2024-07-02T14:00:00+00:00 [queued]>
[2024-07-02T15:00:50.271+0000] {taskinstance.py:1083} INFO - Dependencies all met for <TaskInstance: default_args.tsk1 scheduled__2024-07-02T14:00:00+00:00 [queued]>
[2024-07-02T15:00:50.271+0000] {taskinstance.py:1279} INFO - 
--------------------------------------------------------------------------------
[2024-07-02T15:00:50.271+0000] {taskinstance.py:1280} INFO - Starting attempt 2 of 4
[2024-07-02T15:00:50.271+0000] {taskinstance.py:1281} INFO - 
--------------------------------------------------------------------------------
[2024-07-02T15:00:50.289+0000] {taskinstance.py:1300} INFO - Executing <Task(BashOperator): tsk1> on 2024-07-02 14:00:00+00:00
[2024-07-02T15:00:50.297+0000] {standard_task_runner.py:55} INFO - Started process 80 to run task
[2024-07-02T15:00:50.300+0000] {standard_task_runner.py:82} INFO - Running: ['***', 'tasks', 'run', 'default_args', 'tsk1', 'scheduled__2024-07-02T14:00:00+00:00', '--job-id', '329', '--raw', '--subdir', 'DAGS_FOLDER/default_args.py', '--cfg-path', '/tmp/tmp0_kdhga4']
[2024-07-02T15:00:50.300+0000] {standard_task_runner.py:83} INFO - Job 329: Subtask tsk1
[2024-07-02T15:00:50.359+0000] {task_command.py:388} INFO - Running <TaskInstance: default_args.tsk1 scheduled__2024-07-02T14:00:00+00:00 [running]> on host 42f09d7b73fb
[2024-07-02T15:00:50.439+0000] {taskinstance.py:1509} INFO - Exporting the following env vars:
AIRFLOW_CTX_DAG_EMAIL=testeskleuber@gmail.com
AIRFLOW_CTX_DAG_OWNER=***
AIRFLOW_CTX_DAG_ID=default_args
AIRFLOW_CTX_TASK_ID=tsk1
AIRFLOW_CTX_EXECUTION_DATE=2024-07-02T14:00:00+00:00
AIRFLOW_CTX_TRY_NUMBER=2
AIRFLOW_CTX_DAG_RUN_ID=scheduled__2024-07-02T14:00:00+00:00
[2024-07-02T15:00:50.440+0000] {subprocess.py:63} INFO - Tmp dir root location: 
 /tmp
[2024-07-02T15:00:50.440+0000] {subprocess.py:75} INFO - Running command: ['/bin/bash', '-c', 'sleep 5']
[2024-07-02T15:00:50.455+0000] {subprocess.py:86} INFO - Output:
[2024-07-02T15:00:55.458+0000] {subprocess.py:97} INFO - Command exited with return code 0
[2024-07-02T15:00:55.488+0000] {taskinstance.py:1323} INFO - Marking task as SUCCESS. dag_id=default_args, task_id=tsk1, execution_date=20240702T140000, start_date=20240702T150050, end_date=20240702T150055
[2024-07-02T15:00:55.518+0000] {local_task_job.py:208} INFO - Task exited with return code 0
[2024-07-02T15:00:55.537+0000] {taskinstance.py:2578} INFO - 1 downstream tasks scheduled from follow-on schedule check
