[2024-07-30T12:54:52.646+0000] {taskinstance.py:1083} INFO - Dependencies all met for <TaskInstance: dag_inmet.download_data scheduled__2024-07-29T12:54:43.347502+00:00 [queued]>
[2024-07-30T12:54:52.653+0000] {taskinstance.py:1083} INFO - Dependencies all met for <TaskInstance: dag_inmet.download_data scheduled__2024-07-29T12:54:43.347502+00:00 [queued]>
[2024-07-30T12:54:52.653+0000] {taskinstance.py:1279} INFO - 
--------------------------------------------------------------------------------
[2024-07-30T12:54:52.653+0000] {taskinstance.py:1280} INFO - Starting attempt 1 of 1
[2024-07-30T12:54:52.653+0000] {taskinstance.py:1281} INFO - 
--------------------------------------------------------------------------------
[2024-07-30T12:54:52.664+0000] {taskinstance.py:1300} INFO - Executing <Task(PythonOperator): download_data> on 2024-07-29 12:54:43.347502+00:00
[2024-07-30T12:54:52.670+0000] {standard_task_runner.py:55} INFO - Started process 110 to run task
[2024-07-30T12:54:52.672+0000] {standard_task_runner.py:82} INFO - Running: ['***', 'tasks', 'run', 'dag_inmet', 'download_data', 'scheduled__2024-07-29T12:54:43.347502+00:00', '--job-id', '2193', '--raw', '--subdir', 'DAGS_FOLDER/dag_inmet.py', '--cfg-path', '/tmp/tmpb8ifhpe2']
[2024-07-30T12:54:52.673+0000] {standard_task_runner.py:83} INFO - Job 2193: Subtask download_data
[2024-07-30T12:54:52.712+0000] {task_command.py:388} INFO - Running <TaskInstance: dag_inmet.download_data scheduled__2024-07-29T12:54:43.347502+00:00 [running]> on host e05870e8ec56
[2024-07-30T12:54:52.760+0000] {taskinstance.py:1509} INFO - Exporting the following env vars:
AIRFLOW_CTX_DAG_OWNER=***
AIRFLOW_CTX_DAG_ID=dag_inmet
AIRFLOW_CTX_TASK_ID=download_data
AIRFLOW_CTX_EXECUTION_DATE=2024-07-29T12:54:43.347502+00:00
AIRFLOW_CTX_TRY_NUMBER=1
AIRFLOW_CTX_DAG_RUN_ID=scheduled__2024-07-29T12:54:43.347502+00:00
[2024-07-30T12:54:53.876+0000] {logging_mixin.py:137} INFO - Tempo de execução de download_data: 1.1158 segundos
[2024-07-30T12:55:01.970+0000] {logging_mixin.py:137} INFO - Arquivo salvo como /opt/***/data/bronze/2024.zip
[2024-07-30T12:55:01.971+0000] {logging_mixin.py:137} INFO - Tempo de execução de download_and_save_file: 8.0950 segundos
[2024-07-30T12:55:01.971+0000] {python.py:177} INFO - Done. Returned value was: /opt/***/data/bronze/2024.zip
[2024-07-30T12:55:01.987+0000] {taskinstance.py:1323} INFO - Marking task as SUCCESS. dag_id=dag_inmet, task_id=download_data, execution_date=20240729T125443, start_date=20240730T125452, end_date=20240730T125501
[2024-07-30T12:55:02.017+0000] {local_task_job.py:208} INFO - Task exited with return code 0
[2024-07-30T12:55:02.031+0000] {taskinstance.py:2578} INFO - 1 downstream tasks scheduled from follow-on schedule check
