[2024-08-21T17:11:29.207+0000] {taskinstance.py:1083} INFO - Dependencies all met for <TaskInstance: dag_gold_ts.process_gold_ts manual__2024-08-21T17:11:05.129784+00:00 [queued]>
[2024-08-21T17:11:29.219+0000] {taskinstance.py:1083} INFO - Dependencies all met for <TaskInstance: dag_gold_ts.process_gold_ts manual__2024-08-21T17:11:05.129784+00:00 [queued]>
[2024-08-21T17:11:29.219+0000] {taskinstance.py:1279} INFO - 
--------------------------------------------------------------------------------
[2024-08-21T17:11:29.219+0000] {taskinstance.py:1280} INFO - Starting attempt 1 of 1
[2024-08-21T17:11:29.219+0000] {taskinstance.py:1281} INFO - 
--------------------------------------------------------------------------------
[2024-08-21T17:11:29.235+0000] {taskinstance.py:1300} INFO - Executing <Task(PythonOperator): process_gold_ts> on 2024-08-21 17:11:05.129784+00:00
[2024-08-21T17:11:29.241+0000] {standard_task_runner.py:55} INFO - Started process 569 to run task
[2024-08-21T17:11:29.243+0000] {standard_task_runner.py:82} INFO - Running: ['***', 'tasks', 'run', 'dag_gold_ts', 'process_gold_ts', 'manual__2024-08-21T17:11:05.129784+00:00', '--job-id', '10042', '--raw', '--subdir', 'DAGS_FOLDER/dag_ts_inmet.py', '--cfg-path', '/tmp/tmppf3a2hfh']
[2024-08-21T17:11:29.244+0000] {standard_task_runner.py:83} INFO - Job 10042: Subtask process_gold_ts
[2024-08-21T17:11:29.286+0000] {task_command.py:388} INFO - Running <TaskInstance: dag_gold_ts.process_gold_ts manual__2024-08-21T17:11:05.129784+00:00 [running]> on host 8117980d48bc
[2024-08-21T17:11:29.337+0000] {taskinstance.py:1509} INFO - Exporting the following env vars:
AIRFLOW_CTX_DAG_OWNER=***
AIRFLOW_CTX_DAG_ID=dag_gold_ts
AIRFLOW_CTX_TASK_ID=process_gold_ts
AIRFLOW_CTX_EXECUTION_DATE=2024-08-21T17:11:05.129784+00:00
AIRFLOW_CTX_TRY_NUMBER=1
AIRFLOW_CTX_DAG_RUN_ID=manual__2024-08-21T17:11:05.129784+00:00
[2024-08-21T17:11:31.550+0000] {warnings.py:110} WARNING - /home/***/.local/lib/python3.7/site-packages/pyspark/context.py:317: FutureWarning: Python 3.7 support is deprecated in Spark 3.4.
  warnings.warn("Python 3.7 support is deprecated in Spark 3.4.", FutureWarning)

[2024-08-21T17:11:36.508+0000] {taskinstance.py:1768} ERROR - Task failed with exception
Traceback (most recent call last):
  File "/home/airflow/.local/lib/python3.7/site-packages/airflow/operators/python.py", line 175, in execute
    return_value = self.execute_callable()
  File "/home/airflow/.local/lib/python3.7/site-packages/airflow/operators/python.py", line 192, in execute_callable
    return self.python_callable(*self.op_args, **self.op_kwargs)
  File "/opt/airflow/dags/dag_ts_inmet.py", line 44, in run_gold_ts
    gold_ts.ts_gold(spark)
  File "/opt/airflow/plugins/gold_ts_plugin.py", line 12, in wrapper
    resultado = metodo(*args, **kwargs)
  File "/opt/airflow/plugins/gold_ts_plugin.py", line 89, in ts_gold
    df3.to_csv(caminho, header=True)
  File "/home/airflow/.local/lib/python3.7/site-packages/pandas/core/generic.py", line 3482, in to_csv
    storage_options=storage_options,
  File "/home/airflow/.local/lib/python3.7/site-packages/pandas/io/formats/format.py", line 1105, in to_csv
    csv_formatter.save()
  File "/home/airflow/.local/lib/python3.7/site-packages/pandas/io/formats/csvs.py", line 243, in save
    storage_options=self.storage_options,
  File "/home/airflow/.local/lib/python3.7/site-packages/pandas/io/common.py", line 707, in get_handle
    newline="",
PermissionError: [Errno 13] Permission denied: '/opt/airflow/data/gold/gold_ts/serie_temporal.csv'
[2024-08-21T17:11:36.518+0000] {taskinstance.py:1323} INFO - Marking task as FAILED. dag_id=dag_gold_ts, task_id=process_gold_ts, execution_date=20240821T171105, start_date=20240821T171129, end_date=20240821T171136
[2024-08-21T17:11:36.537+0000] {standard_task_runner.py:105} ERROR - Failed to execute job 10042 for task process_gold_ts ([Errno 13] Permission denied: '/opt/airflow/data/gold/gold_ts/serie_temporal.csv'; 569)
[2024-08-21T17:11:36.552+0000] {local_task_job.py:208} INFO - Task exited with return code 1
[2024-08-21T17:11:36.570+0000] {taskinstance.py:2578} INFO - 0 downstream tasks scheduled from follow-on schedule check
