[2024-08-12T20:23:45.662+0000] {taskinstance.py:1083} INFO - Dependencies all met for <TaskInstance: dag_inmet.send_email_alert manual__2024-08-12T13:56:04.691032+00:00 [queued]>
[2024-08-12T20:23:45.669+0000] {taskinstance.py:1083} INFO - Dependencies all met for <TaskInstance: dag_inmet.send_email_alert manual__2024-08-12T13:56:04.691032+00:00 [queued]>
[2024-08-12T20:23:45.669+0000] {taskinstance.py:1279} INFO - 
--------------------------------------------------------------------------------
[2024-08-12T20:23:45.669+0000] {taskinstance.py:1280} INFO - Starting attempt 1 of 1
[2024-08-12T20:23:45.669+0000] {taskinstance.py:1281} INFO - 
--------------------------------------------------------------------------------
[2024-08-12T20:23:45.681+0000] {taskinstance.py:1300} INFO - Executing <Task(EmailOperator): send_email_alert> on 2024-08-12 13:56:04.691032+00:00
[2024-08-12T20:23:45.685+0000] {standard_task_runner.py:55} INFO - Started process 183 to run task
[2024-08-12T20:23:45.687+0000] {standard_task_runner.py:82} INFO - Running: ['***', 'tasks', 'run', 'dag_inmet', 'send_email_alert', 'manual__2024-08-12T13:56:04.691032+00:00', '--job-id', '7590', '--raw', '--subdir', 'DAGS_FOLDER/dag_inmet.py', '--cfg-path', '/tmp/tmpmvjjmqg7']
[2024-08-12T20:23:45.689+0000] {standard_task_runner.py:83} INFO - Job 7590: Subtask send_email_alert
[2024-08-12T20:23:45.732+0000] {task_command.py:388} INFO - Running <TaskInstance: dag_inmet.send_email_alert manual__2024-08-12T13:56:04.691032+00:00 [running]> on host baa468117f6c
[2024-08-12T20:23:45.788+0000] {taskinstance.py:1509} INFO - Exporting the following env vars:
AIRFLOW_CTX_DAG_OWNER=***
AIRFLOW_CTX_DAG_ID=dag_inmet
AIRFLOW_CTX_TASK_ID=send_email_alert
AIRFLOW_CTX_EXECUTION_DATE=2024-08-12T13:56:04.691032+00:00
AIRFLOW_CTX_TRY_NUMBER=1
AIRFLOW_CTX_DAG_RUN_ID=manual__2024-08-12T13:56:04.691032+00:00
[2024-08-12T20:23:45.796+0000] {warnings.py:110} WARNING - /home/***/.local/lib/python3.7/site-packages/***/utils/email.py:152: RemovedInAirflow3Warning: Fetching SMTP credentials from configuration variables will be deprecated in a future release. Please set credentials using a connection instead.
  send_mime_email(e_from=mail_from, e_to=recipients, mime_msg=msg, conn_id=conn_id, dryrun=dryrun)

[2024-08-12T20:23:45.796+0000] {email.py:268} INFO - Email alerting: attempt 1
[2024-08-12T20:23:47.906+0000] {email.py:280} INFO - Sent an alert email to ['kleuber94@gmail.com', 'vferreiramesquita@gmail.com']
[2024-08-12T20:23:50.286+0000] {taskinstance.py:1323} INFO - Marking task as SUCCESS. dag_id=dag_inmet, task_id=send_email_alert, execution_date=20240812T135604, start_date=20240812T202345, end_date=20240812T202350
[2024-08-12T20:23:50.314+0000] {local_task_job.py:208} INFO - Task exited with return code 0
[2024-08-12T20:23:50.330+0000] {taskinstance.py:2578} INFO - 0 downstream tasks scheduled from follow-on schedule check
