[2024-09-02T23:52:48.500+0000] {processor.py:153} INFO - Started process (PID=43) to work on /opt/airflow/dags/dag_inmet.py
[2024-09-02T23:52:48.500+0000] {processor.py:743} INFO - Processing file /opt/airflow/dags/dag_inmet.py for tasks to queue
[2024-09-02T23:52:48.501+0000] {logging_mixin.py:137} INFO - [2024-09-02T23:52:48.501+0000] {dagbag.py:538} INFO - Filling up the DagBag from /opt/airflow/dags/dag_inmet.py
[2024-09-02T23:52:48.567+0000] {processor.py:753} INFO - DAG(s) dict_keys(['dag_inmet']) retrieved from /opt/airflow/dags/dag_inmet.py
[2024-09-02T23:52:48.604+0000] {logging_mixin.py:137} INFO - [2024-09-02T23:52:48.604+0000] {dag.py:2690} INFO - Sync 1 DAGs
[2024-09-02T23:52:48.636+0000] {logging_mixin.py:137} INFO - [2024-09-02T23:52:48.636+0000] {dag.py:3441} INFO - Setting next_dagrun for dag_inmet to 2024-08-29T21:35:00+00:00, run_after=2024-09-29T21:35:00+00:00
[2024-09-02T23:52:48.652+0000] {processor.py:175} INFO - Processing /opt/airflow/dags/dag_inmet.py took 0.155 seconds
[2024-09-02T23:52:57.400+0000] {processor.py:153} INFO - Started process (PID=43) to work on /opt/airflow/dags/dag_inmet.py
[2024-09-02T23:52:57.401+0000] {processor.py:743} INFO - Processing file /opt/airflow/dags/dag_inmet.py for tasks to queue
[2024-09-02T23:52:57.402+0000] {logging_mixin.py:137} INFO - [2024-09-02T23:52:57.401+0000] {dagbag.py:538} INFO - Filling up the DagBag from /opt/airflow/dags/dag_inmet.py
[2024-09-02T23:52:57.464+0000] {processor.py:753} INFO - DAG(s) dict_keys(['dag_inmet']) retrieved from /opt/airflow/dags/dag_inmet.py
[2024-09-02T23:52:57.497+0000] {logging_mixin.py:137} INFO - [2024-09-02T23:52:57.497+0000] {dag.py:2690} INFO - Sync 1 DAGs
[2024-09-02T23:52:57.531+0000] {logging_mixin.py:137} INFO - [2024-09-02T23:52:57.531+0000] {dag.py:3441} INFO - Setting next_dagrun for dag_inmet to 2024-08-29T21:35:00+00:00, run_after=2024-09-29T21:35:00+00:00
[2024-09-02T23:52:57.547+0000] {processor.py:175} INFO - Processing /opt/airflow/dags/dag_inmet.py took 0.149 seconds
[2024-09-02T23:53:08.352+0000] {processor.py:153} INFO - Started process (PID=43) to work on /opt/airflow/dags/dag_inmet.py
[2024-09-02T23:53:08.353+0000] {processor.py:743} INFO - Processing file /opt/airflow/dags/dag_inmet.py for tasks to queue
[2024-09-02T23:53:08.353+0000] {logging_mixin.py:137} INFO - [2024-09-02T23:53:08.353+0000] {dagbag.py:538} INFO - Filling up the DagBag from /opt/airflow/dags/dag_inmet.py
[2024-09-02T23:53:08.418+0000] {processor.py:753} INFO - DAG(s) dict_keys(['dag_inmet']) retrieved from /opt/airflow/dags/dag_inmet.py
[2024-09-02T23:53:08.451+0000] {logging_mixin.py:137} INFO - [2024-09-02T23:53:08.451+0000] {dag.py:2690} INFO - Sync 1 DAGs
[2024-09-02T23:53:08.480+0000] {logging_mixin.py:137} INFO - [2024-09-02T23:53:08.480+0000] {dag.py:3441} INFO - Setting next_dagrun for dag_inmet to 2024-08-29T21:35:00+00:00, run_after=2024-09-29T21:35:00+00:00
[2024-09-02T23:53:08.499+0000] {processor.py:175} INFO - Processing /opt/airflow/dags/dag_inmet.py took 0.150 seconds
[2024-09-02T23:53:17.550+0000] {processor.py:153} INFO - Started process (PID=43) to work on /opt/airflow/dags/dag_inmet.py
[2024-09-02T23:53:17.551+0000] {processor.py:743} INFO - Processing file /opt/airflow/dags/dag_inmet.py for tasks to queue
[2024-09-02T23:53:17.551+0000] {logging_mixin.py:137} INFO - [2024-09-02T23:53:17.551+0000] {dagbag.py:538} INFO - Filling up the DagBag from /opt/airflow/dags/dag_inmet.py
[2024-09-02T23:53:17.611+0000] {processor.py:753} INFO - DAG(s) dict_keys(['dag_inmet']) retrieved from /opt/airflow/dags/dag_inmet.py
[2024-09-02T23:53:17.643+0000] {logging_mixin.py:137} INFO - [2024-09-02T23:53:17.643+0000] {dag.py:2690} INFO - Sync 1 DAGs
[2024-09-02T23:53:17.669+0000] {logging_mixin.py:137} INFO - [2024-09-02T23:53:17.669+0000] {dag.py:3441} INFO - Setting next_dagrun for dag_inmet to 2024-08-29T21:35:00+00:00, run_after=2024-09-29T21:35:00+00:00
[2024-09-02T23:53:17.683+0000] {processor.py:175} INFO - Processing /opt/airflow/dags/dag_inmet.py took 0.135 seconds
[2024-09-02T23:53:25.630+0000] {processor.py:153} INFO - Started process (PID=43) to work on /opt/airflow/dags/dag_inmet.py
[2024-09-02T23:53:25.631+0000] {processor.py:743} INFO - Processing file /opt/airflow/dags/dag_inmet.py for tasks to queue
[2024-09-02T23:53:25.632+0000] {logging_mixin.py:137} INFO - [2024-09-02T23:53:25.631+0000] {dagbag.py:538} INFO - Filling up the DagBag from /opt/airflow/dags/dag_inmet.py
[2024-09-02T23:53:25.746+0000] {processor.py:753} INFO - DAG(s) dict_keys(['dag_inmet']) retrieved from /opt/airflow/dags/dag_inmet.py
[2024-09-02T23:53:25.776+0000] {logging_mixin.py:137} INFO - [2024-09-02T23:53:25.776+0000] {dag.py:2690} INFO - Sync 1 DAGs
[2024-09-02T23:53:25.800+0000] {logging_mixin.py:137} INFO - [2024-09-02T23:53:25.800+0000] {dag.py:3441} INFO - Setting next_dagrun for dag_inmet to 2024-08-29T21:35:00+00:00, run_after=2024-09-29T21:35:00+00:00
[2024-09-02T23:53:25.813+0000] {processor.py:175} INFO - Processing /opt/airflow/dags/dag_inmet.py took 0.185 seconds
[2024-09-02T23:53:34.048+0000] {processor.py:153} INFO - Started process (PID=43) to work on /opt/airflow/dags/dag_inmet.py
[2024-09-02T23:53:34.048+0000] {processor.py:743} INFO - Processing file /opt/airflow/dags/dag_inmet.py for tasks to queue
[2024-09-02T23:53:34.049+0000] {logging_mixin.py:137} INFO - [2024-09-02T23:53:34.049+0000] {dagbag.py:538} INFO - Filling up the DagBag from /opt/airflow/dags/dag_inmet.py
[2024-09-02T23:53:34.110+0000] {processor.py:753} INFO - DAG(s) dict_keys(['dag_inmet']) retrieved from /opt/airflow/dags/dag_inmet.py
[2024-09-02T23:53:34.139+0000] {logging_mixin.py:137} INFO - [2024-09-02T23:53:34.139+0000] {dag.py:2690} INFO - Sync 1 DAGs
[2024-09-02T23:53:34.163+0000] {logging_mixin.py:137} INFO - [2024-09-02T23:53:34.163+0000] {dag.py:3441} INFO - Setting next_dagrun for dag_inmet to 2024-08-29T21:35:00+00:00, run_after=2024-09-29T21:35:00+00:00
[2024-09-02T23:53:34.176+0000] {processor.py:175} INFO - Processing /opt/airflow/dags/dag_inmet.py took 0.131 seconds
[2024-09-02T23:53:42.746+0000] {processor.py:153} INFO - Started process (PID=43) to work on /opt/airflow/dags/dag_inmet.py
[2024-09-02T23:53:42.747+0000] {processor.py:743} INFO - Processing file /opt/airflow/dags/dag_inmet.py for tasks to queue
[2024-09-02T23:53:42.747+0000] {logging_mixin.py:137} INFO - [2024-09-02T23:53:42.747+0000] {dagbag.py:538} INFO - Filling up the DagBag from /opt/airflow/dags/dag_inmet.py
[2024-09-02T23:53:42.800+0000] {processor.py:753} INFO - DAG(s) dict_keys(['dag_inmet']) retrieved from /opt/airflow/dags/dag_inmet.py
[2024-09-02T23:53:42.828+0000] {logging_mixin.py:137} INFO - [2024-09-02T23:53:42.827+0000] {dag.py:2690} INFO - Sync 1 DAGs
[2024-09-02T23:53:42.852+0000] {logging_mixin.py:137} INFO - [2024-09-02T23:53:42.852+0000] {dag.py:3441} INFO - Setting next_dagrun for dag_inmet to 2024-08-29T21:35:00+00:00, run_after=2024-09-29T21:35:00+00:00
[2024-09-02T23:53:42.865+0000] {processor.py:175} INFO - Processing /opt/airflow/dags/dag_inmet.py took 0.121 seconds
[2024-09-02T23:53:52.348+0000] {processor.py:153} INFO - Started process (PID=43) to work on /opt/airflow/dags/dag_inmet.py
[2024-09-02T23:53:52.349+0000] {processor.py:743} INFO - Processing file /opt/airflow/dags/dag_inmet.py for tasks to queue
[2024-09-02T23:53:52.349+0000] {logging_mixin.py:137} INFO - [2024-09-02T23:53:52.349+0000] {dagbag.py:538} INFO - Filling up the DagBag from /opt/airflow/dags/dag_inmet.py
[2024-09-02T23:53:52.401+0000] {processor.py:753} INFO - DAG(s) dict_keys(['dag_inmet']) retrieved from /opt/airflow/dags/dag_inmet.py
[2024-09-02T23:53:52.427+0000] {logging_mixin.py:137} INFO - [2024-09-02T23:53:52.427+0000] {dag.py:2690} INFO - Sync 1 DAGs
[2024-09-02T23:53:52.449+0000] {logging_mixin.py:137} INFO - [2024-09-02T23:53:52.449+0000] {dag.py:3441} INFO - Setting next_dagrun for dag_inmet to 2024-08-29T21:35:00+00:00, run_after=2024-09-29T21:35:00+00:00
[2024-09-02T23:53:52.462+0000] {processor.py:175} INFO - Processing /opt/airflow/dags/dag_inmet.py took 0.116 seconds
[2024-09-02T23:54:03.585+0000] {processor.py:153} INFO - Started process (PID=43) to work on /opt/airflow/dags/dag_inmet.py
[2024-09-02T23:54:03.586+0000] {processor.py:743} INFO - Processing file /opt/airflow/dags/dag_inmet.py for tasks to queue
[2024-09-02T23:54:03.587+0000] {logging_mixin.py:137} INFO - [2024-09-02T23:54:03.586+0000] {dagbag.py:538} INFO - Filling up the DagBag from /opt/airflow/dags/dag_inmet.py
[2024-09-02T23:54:03.645+0000] {processor.py:753} INFO - DAG(s) dict_keys(['dag_inmet']) retrieved from /opt/airflow/dags/dag_inmet.py
[2024-09-02T23:54:03.674+0000] {logging_mixin.py:137} INFO - [2024-09-02T23:54:03.674+0000] {dag.py:2690} INFO - Sync 1 DAGs
[2024-09-02T23:54:03.698+0000] {logging_mixin.py:137} INFO - [2024-09-02T23:54:03.698+0000] {dag.py:3441} INFO - Setting next_dagrun for dag_inmet to 2024-08-29T21:35:00+00:00, run_after=2024-09-29T21:35:00+00:00
[2024-09-02T23:54:03.711+0000] {processor.py:175} INFO - Processing /opt/airflow/dags/dag_inmet.py took 0.129 seconds
[2024-09-02T23:54:17.854+0000] {processor.py:153} INFO - Started process (PID=43) to work on /opt/airflow/dags/dag_inmet.py
[2024-09-02T23:54:17.854+0000] {processor.py:743} INFO - Processing file /opt/airflow/dags/dag_inmet.py for tasks to queue
[2024-09-02T23:54:17.855+0000] {logging_mixin.py:137} INFO - [2024-09-02T23:54:17.855+0000] {dagbag.py:538} INFO - Filling up the DagBag from /opt/airflow/dags/dag_inmet.py
[2024-09-02T23:54:17.907+0000] {processor.py:753} INFO - DAG(s) dict_keys(['dag_inmet']) retrieved from /opt/airflow/dags/dag_inmet.py
[2024-09-02T23:54:17.932+0000] {logging_mixin.py:137} INFO - [2024-09-02T23:54:17.932+0000] {dag.py:2690} INFO - Sync 1 DAGs
[2024-09-02T23:54:17.955+0000] {logging_mixin.py:137} INFO - [2024-09-02T23:54:17.955+0000] {dag.py:3441} INFO - Setting next_dagrun for dag_inmet to 2024-08-29T21:35:00+00:00, run_after=2024-09-29T21:35:00+00:00
[2024-09-02T23:54:17.968+0000] {processor.py:175} INFO - Processing /opt/airflow/dags/dag_inmet.py took 0.117 seconds
[2024-09-02T23:54:38.737+0000] {processor.py:153} INFO - Started process (PID=43) to work on /opt/airflow/dags/dag_inmet.py
[2024-09-02T23:54:38.738+0000] {processor.py:743} INFO - Processing file /opt/airflow/dags/dag_inmet.py for tasks to queue
[2024-09-02T23:54:38.738+0000] {logging_mixin.py:137} INFO - [2024-09-02T23:54:38.738+0000] {dagbag.py:538} INFO - Filling up the DagBag from /opt/airflow/dags/dag_inmet.py
[2024-09-02T23:54:38.790+0000] {processor.py:753} INFO - DAG(s) dict_keys(['dag_inmet']) retrieved from /opt/airflow/dags/dag_inmet.py
[2024-09-02T23:54:38.816+0000] {logging_mixin.py:137} INFO - [2024-09-02T23:54:38.816+0000] {dag.py:2690} INFO - Sync 1 DAGs
[2024-09-02T23:54:38.839+0000] {logging_mixin.py:137} INFO - [2024-09-02T23:54:38.838+0000] {dag.py:3441} INFO - Setting next_dagrun for dag_inmet to 2024-08-29T21:35:00+00:00, run_after=2024-09-29T21:35:00+00:00
[2024-09-02T23:54:38.851+0000] {processor.py:175} INFO - Processing /opt/airflow/dags/dag_inmet.py took 0.117 seconds
[2024-09-02T23:55:11.941+0000] {processor.py:153} INFO - Started process (PID=43) to work on /opt/airflow/dags/dag_inmet.py
[2024-09-02T23:55:11.941+0000] {processor.py:743} INFO - Processing file /opt/airflow/dags/dag_inmet.py for tasks to queue
[2024-09-02T23:55:11.942+0000] {logging_mixin.py:137} INFO - [2024-09-02T23:55:11.942+0000] {dagbag.py:538} INFO - Filling up the DagBag from /opt/airflow/dags/dag_inmet.py
[2024-09-02T23:55:12.000+0000] {processor.py:753} INFO - DAG(s) dict_keys(['dag_inmet']) retrieved from /opt/airflow/dags/dag_inmet.py
[2024-09-02T23:55:12.029+0000] {logging_mixin.py:137} INFO - [2024-09-02T23:55:12.029+0000] {dag.py:2690} INFO - Sync 1 DAGs
[2024-09-02T23:55:12.054+0000] {logging_mixin.py:137} INFO - [2024-09-02T23:55:12.053+0000] {dag.py:3441} INFO - Setting next_dagrun for dag_inmet to 2024-08-29T21:35:00+00:00, run_after=2024-09-29T21:35:00+00:00
[2024-09-02T23:55:12.067+0000] {processor.py:175} INFO - Processing /opt/airflow/dags/dag_inmet.py took 0.129 seconds
[2024-09-02T23:56:10.834+0000] {processor.py:153} INFO - Started process (PID=43) to work on /opt/airflow/dags/dag_inmet.py
[2024-09-02T23:56:10.834+0000] {processor.py:743} INFO - Processing file /opt/airflow/dags/dag_inmet.py for tasks to queue
[2024-09-02T23:56:10.835+0000] {logging_mixin.py:137} INFO - [2024-09-02T23:56:10.835+0000] {dagbag.py:538} INFO - Filling up the DagBag from /opt/airflow/dags/dag_inmet.py
[2024-09-02T23:56:10.888+0000] {processor.py:753} INFO - DAG(s) dict_keys(['dag_inmet']) retrieved from /opt/airflow/dags/dag_inmet.py
[2024-09-02T23:56:10.916+0000] {logging_mixin.py:137} INFO - [2024-09-02T23:56:10.916+0000] {dag.py:2690} INFO - Sync 1 DAGs
[2024-09-02T23:56:10.940+0000] {logging_mixin.py:137} INFO - [2024-09-02T23:56:10.940+0000] {dag.py:3441} INFO - Setting next_dagrun for dag_inmet to 2024-08-29T21:35:00+00:00, run_after=2024-09-29T21:35:00+00:00
[2024-09-02T23:56:10.954+0000] {processor.py:175} INFO - Processing /opt/airflow/dags/dag_inmet.py took 0.122 seconds
[2024-09-02T23:57:18.863+0000] {processor.py:153} INFO - Started process (PID=43) to work on /opt/airflow/dags/dag_inmet.py
[2024-09-02T23:57:18.864+0000] {processor.py:743} INFO - Processing file /opt/airflow/dags/dag_inmet.py for tasks to queue
[2024-09-02T23:57:18.864+0000] {logging_mixin.py:137} INFO - [2024-09-02T23:57:18.864+0000] {dagbag.py:538} INFO - Filling up the DagBag from /opt/airflow/dags/dag_inmet.py
[2024-09-02T23:57:18.917+0000] {processor.py:753} INFO - DAG(s) dict_keys(['dag_inmet']) retrieved from /opt/airflow/dags/dag_inmet.py
[2024-09-02T23:57:18.954+0000] {logging_mixin.py:137} INFO - [2024-09-02T23:57:18.954+0000] {dag.py:2690} INFO - Sync 1 DAGs
[2024-09-02T23:57:18.977+0000] {logging_mixin.py:137} INFO - [2024-09-02T23:57:18.977+0000] {dag.py:3441} INFO - Setting next_dagrun for dag_inmet to 2024-08-29T21:35:00+00:00, run_after=2024-09-29T21:35:00+00:00
[2024-09-02T23:57:18.988+0000] {processor.py:175} INFO - Processing /opt/airflow/dags/dag_inmet.py took 0.127 seconds
[2024-09-02T23:58:27.984+0000] {processor.py:153} INFO - Started process (PID=43) to work on /opt/airflow/dags/dag_inmet.py
[2024-09-02T23:58:27.985+0000] {processor.py:743} INFO - Processing file /opt/airflow/dags/dag_inmet.py for tasks to queue
[2024-09-02T23:58:27.985+0000] {logging_mixin.py:137} INFO - [2024-09-02T23:58:27.985+0000] {dagbag.py:538} INFO - Filling up the DagBag from /opt/airflow/dags/dag_inmet.py
[2024-09-02T23:58:28.047+0000] {processor.py:753} INFO - DAG(s) dict_keys(['dag_inmet']) retrieved from /opt/airflow/dags/dag_inmet.py
[2024-09-02T23:58:28.081+0000] {logging_mixin.py:137} INFO - [2024-09-02T23:58:28.081+0000] {dag.py:2690} INFO - Sync 1 DAGs
[2024-09-02T23:58:28.111+0000] {logging_mixin.py:137} INFO - [2024-09-02T23:58:28.111+0000] {dag.py:3441} INFO - Setting next_dagrun for dag_inmet to 2024-08-29T21:35:00+00:00, run_after=2024-09-29T21:35:00+00:00
[2024-09-02T23:58:28.129+0000] {processor.py:175} INFO - Processing /opt/airflow/dags/dag_inmet.py took 0.147 seconds
[2024-09-02T23:59:38.125+0000] {processor.py:153} INFO - Started process (PID=43) to work on /opt/airflow/dags/dag_inmet.py
[2024-09-02T23:59:38.125+0000] {processor.py:743} INFO - Processing file /opt/airflow/dags/dag_inmet.py for tasks to queue
[2024-09-02T23:59:38.126+0000] {logging_mixin.py:137} INFO - [2024-09-02T23:59:38.126+0000] {dagbag.py:538} INFO - Filling up the DagBag from /opt/airflow/dags/dag_inmet.py
[2024-09-02T23:59:38.199+0000] {processor.py:753} INFO - DAG(s) dict_keys(['dag_inmet']) retrieved from /opt/airflow/dags/dag_inmet.py
[2024-09-02T23:59:38.233+0000] {logging_mixin.py:137} INFO - [2024-09-02T23:59:38.233+0000] {dag.py:2690} INFO - Sync 1 DAGs
[2024-09-02T23:59:38.264+0000] {logging_mixin.py:137} INFO - [2024-09-02T23:59:38.263+0000] {dag.py:3441} INFO - Setting next_dagrun for dag_inmet to 2024-08-29T21:35:00+00:00, run_after=2024-09-29T21:35:00+00:00
[2024-09-02T23:59:38.280+0000] {processor.py:175} INFO - Processing /opt/airflow/dags/dag_inmet.py took 0.158 seconds
