[2024-07-02T12:33:59.660+0000] {taskinstance.py:1083} INFO - Dependencies all met for <TaskInstance: dagrundag2.tsk1 manual__2024-07-02T12:33:58.903429+00:00 [queued]>
[2024-07-02T12:33:59.667+0000] {taskinstance.py:1083} INFO - Dependencies all met for <TaskInstance: dagrundag2.tsk1 manual__2024-07-02T12:33:58.903429+00:00 [queued]>
[2024-07-02T12:33:59.667+0000] {taskinstance.py:1279} INFO - 
--------------------------------------------------------------------------------
[2024-07-02T12:33:59.667+0000] {taskinstance.py:1280} INFO - Starting attempt 1 of 1
[2024-07-02T12:33:59.667+0000] {taskinstance.py:1281} INFO - 
--------------------------------------------------------------------------------
[2024-07-02T12:33:59.677+0000] {taskinstance.py:1300} INFO - Executing <Task(BashOperator): tsk1> on 2024-07-02 12:33:58.903429+00:00
[2024-07-02T12:33:59.682+0000] {standard_task_runner.py:55} INFO - Started process 305 to run task
[2024-07-02T12:33:59.684+0000] {standard_task_runner.py:82} INFO - Running: ['***', 'tasks', 'run', 'dagrundag2', 'tsk1', 'manual__2024-07-02T12:33:58.903429+00:00', '--job-id', '256', '--raw', '--subdir', 'DAGS_FOLDER/dagdedag2.py', '--cfg-path', '/tmp/tmpw2iks6xe']
[2024-07-02T12:33:59.684+0000] {standard_task_runner.py:83} INFO - Job 256: Subtask tsk1
[2024-07-02T12:33:59.729+0000] {task_command.py:388} INFO - Running <TaskInstance: dagrundag2.tsk1 manual__2024-07-02T12:33:58.903429+00:00 [running]> on host 6f24abcd9b64
[2024-07-02T12:33:59.785+0000] {taskinstance.py:1509} INFO - Exporting the following env vars:
AIRFLOW_CTX_DAG_OWNER=***
AIRFLOW_CTX_DAG_ID=dagrundag2
AIRFLOW_CTX_TASK_ID=tsk1
AIRFLOW_CTX_EXECUTION_DATE=2024-07-02T12:33:58.903429+00:00
AIRFLOW_CTX_TRY_NUMBER=1
AIRFLOW_CTX_DAG_RUN_ID=manual__2024-07-02T12:33:58.903429+00:00
[2024-07-02T12:33:59.786+0000] {subprocess.py:63} INFO - Tmp dir root location: 
 /tmp
[2024-07-02T12:33:59.786+0000] {subprocess.py:75} INFO - Running command: ['/bin/bash', '-c', 'sleep 5']
[2024-07-02T12:33:59.798+0000] {subprocess.py:86} INFO - Output:
[2024-07-02T12:34:04.800+0000] {subprocess.py:97} INFO - Command exited with return code 0
[2024-07-02T12:34:04.823+0000] {taskinstance.py:1323} INFO - Marking task as SUCCESS. dag_id=dagrundag2, task_id=tsk1, execution_date=20240702T123358, start_date=20240702T123359, end_date=20240702T123404
[2024-07-02T12:34:04.864+0000] {local_task_job.py:208} INFO - Task exited with return code 0
[2024-07-02T12:34:04.886+0000] {taskinstance.py:2578} INFO - 1 downstream tasks scheduled from follow-on schedule check
