[2024-07-28T16:03:53.942+0000] {taskinstance.py:1083} INFO - Dependencies all met for <TaskInstance: dag_inmet.download_data scheduled__2024-07-26T14:04:19.573983+00:00 [queued]>
[2024-07-28T16:03:53.949+0000] {taskinstance.py:1083} INFO - Dependencies all met for <TaskInstance: dag_inmet.download_data scheduled__2024-07-26T14:04:19.573983+00:00 [queued]>
[2024-07-28T16:03:53.949+0000] {taskinstance.py:1279} INFO - 
--------------------------------------------------------------------------------
[2024-07-28T16:03:53.950+0000] {taskinstance.py:1280} INFO - Starting attempt 1 of 2
[2024-07-28T16:03:53.950+0000] {taskinstance.py:1281} INFO - 
--------------------------------------------------------------------------------
[2024-07-28T16:03:53.960+0000] {taskinstance.py:1300} INFO - Executing <Task(PythonOperator): download_data> on 2024-07-26 14:04:19.573983+00:00
[2024-07-28T16:03:53.965+0000] {standard_task_runner.py:55} INFO - Started process 65 to run task
[2024-07-28T16:03:53.967+0000] {standard_task_runner.py:82} INFO - Running: ['***', 'tasks', 'run', 'dag_inmet', 'download_data', 'scheduled__2024-07-26T14:04:19.573983+00:00', '--job-id', '2051', '--raw', '--subdir', 'DAGS_FOLDER/dag_inmet.py', '--cfg-path', '/tmp/tmpog7130cm']
[2024-07-28T16:03:53.968+0000] {standard_task_runner.py:83} INFO - Job 2051: Subtask download_data
[2024-07-28T16:03:54.127+0000] {task_command.py:388} INFO - Running <TaskInstance: dag_inmet.download_data scheduled__2024-07-26T14:04:19.573983+00:00 [running]> on host b2928957dd8b
[2024-07-28T16:03:54.177+0000] {taskinstance.py:1509} INFO - Exporting the following env vars:
AIRFLOW_CTX_DAG_OWNER=***
AIRFLOW_CTX_DAG_ID=dag_inmet
AIRFLOW_CTX_TASK_ID=download_data
AIRFLOW_CTX_EXECUTION_DATE=2024-07-26T14:04:19.573983+00:00
AIRFLOW_CTX_TRY_NUMBER=1
AIRFLOW_CTX_DAG_RUN_ID=scheduled__2024-07-26T14:04:19.573983+00:00
[2024-07-28T16:03:55.240+0000] {logging_mixin.py:137} INFO - Tempo de execução de download_data: 1.0622 segundos
[2024-07-28T16:04:25.306+0000] {logging_mixin.py:137} INFO - Arquivo salvo como /opt/***/data/bronze/2024.zip
[2024-07-28T16:04:25.308+0000] {logging_mixin.py:137} INFO - Tempo de execução de download_and_save_file: 30.0682 segundos
[2024-07-28T16:04:25.308+0000] {python.py:177} INFO - Done. Returned value was: /opt/***/data/bronze/2024.zip
[2024-07-28T16:04:25.325+0000] {taskinstance.py:1323} INFO - Marking task as SUCCESS. dag_id=dag_inmet, task_id=download_data, execution_date=20240726T140419, start_date=20240728T160353, end_date=20240728T160425
[2024-07-28T16:04:25.362+0000] {local_task_job.py:208} INFO - Task exited with return code 0
[2024-07-28T16:04:25.516+0000] {taskinstance.py:2578} INFO - 1 downstream tasks scheduled from follow-on schedule check
