[2024-07-10T15:27:21.954+0000] {taskinstance.py:1083} INFO - Dependencies all met for <TaskInstance: windturbine.group_check_temp.check_temp_branc manual__2024-07-10T15:27:18.942624+00:00 [queued]>
[2024-07-10T15:27:21.965+0000] {taskinstance.py:1083} INFO - Dependencies all met for <TaskInstance: windturbine.group_check_temp.check_temp_branc manual__2024-07-10T15:27:18.942624+00:00 [queued]>
[2024-07-10T15:27:21.966+0000] {taskinstance.py:1279} INFO - 
--------------------------------------------------------------------------------
[2024-07-10T15:27:21.966+0000] {taskinstance.py:1280} INFO - Starting attempt 1 of 2
[2024-07-10T15:27:21.966+0000] {taskinstance.py:1281} INFO - 
--------------------------------------------------------------------------------
[2024-07-10T15:27:21.978+0000] {taskinstance.py:1300} INFO - Executing <Task(BranchPythonOperator): group_check_temp.check_temp_branc> on 2024-07-10 15:27:18.942624+00:00
[2024-07-10T15:27:21.985+0000] {standard_task_runner.py:55} INFO - Started process 2142 to run task
[2024-07-10T15:27:21.988+0000] {standard_task_runner.py:82} INFO - Running: ['***', 'tasks', 'run', 'windturbine', 'group_check_temp.check_temp_branc', 'manual__2024-07-10T15:27:18.942624+00:00', '--job-id', '821', '--raw', '--subdir', 'DAGS_FOLDER/windturbine.py', '--cfg-path', '/tmp/tmpaeclkb13']
[2024-07-10T15:27:21.989+0000] {standard_task_runner.py:83} INFO - Job 821: Subtask group_check_temp.check_temp_branc
[2024-07-10T15:27:22.035+0000] {task_command.py:388} INFO - Running <TaskInstance: windturbine.group_check_temp.check_temp_branc manual__2024-07-10T15:27:18.942624+00:00 [running]> on host 2051c12a5a3c
[2024-07-10T15:27:22.092+0000] {taskinstance.py:1509} INFO - Exporting the following env vars:
AIRFLOW_CTX_DAG_EMAIL=testeskleuber@gmail.com
AIRFLOW_CTX_DAG_OWNER=***
AIRFLOW_CTX_DAG_ID=windturbine
AIRFLOW_CTX_TASK_ID=group_check_temp.check_temp_branc
AIRFLOW_CTX_EXECUTION_DATE=2024-07-10T15:27:18.942624+00:00
AIRFLOW_CTX_TRY_NUMBER=1
AIRFLOW_CTX_DAG_RUN_ID=manual__2024-07-10T15:27:18.942624+00:00
[2024-07-10T15:27:22.102+0000] {python.py:177} INFO - Done. Returned value was: group_check_temp.send_email_normal
[2024-07-10T15:27:22.102+0000] {python.py:211} INFO - Branch callable return group_check_temp.send_email_normal
[2024-07-10T15:27:22.102+0000] {skipmixin.py:155} INFO - Following branch group_check_temp.send_email_normal
[2024-07-10T15:27:22.102+0000] {skipmixin.py:211} INFO - Skipping tasks ['group_check_temp.send_email_alert']
[2024-07-10T15:27:22.137+0000] {taskinstance.py:1323} INFO - Marking task as SUCCESS. dag_id=windturbine, task_id=group_check_temp.check_temp_branc, execution_date=20240710T152718, start_date=20240710T152721, end_date=20240710T152722
[2024-07-10T15:27:22.159+0000] {local_task_job.py:208} INFO - Task exited with return code 0
[2024-07-10T15:27:22.184+0000] {taskinstance.py:2578} INFO - 1 downstream tasks scheduled from follow-on schedule check
