[2024-06-26T14:22:51.976+0000] {taskinstance.py:1083} INFO - Dependencies all met for <TaskInstance: segunda_dag.tsk2 manual__2024-06-26T14:22:51.224272+00:00 [queued]>
[2024-06-26T14:22:51.986+0000] {taskinstance.py:1083} INFO - Dependencies all met for <TaskInstance: segunda_dag.tsk2 manual__2024-06-26T14:22:51.224272+00:00 [queued]>
[2024-06-26T14:22:51.986+0000] {taskinstance.py:1279} INFO - 
--------------------------------------------------------------------------------
[2024-06-26T14:22:51.986+0000] {taskinstance.py:1280} INFO - Starting attempt 1 of 1
[2024-06-26T14:22:51.986+0000] {taskinstance.py:1281} INFO - 
--------------------------------------------------------------------------------
[2024-06-26T14:22:52.000+0000] {taskinstance.py:1300} INFO - Executing <Task(BashOperator): tsk2> on 2024-06-26 14:22:51.224272+00:00
[2024-06-26T14:22:52.006+0000] {standard_task_runner.py:55} INFO - Started process 211 to run task
[2024-06-26T14:22:52.008+0000] {standard_task_runner.py:82} INFO - Running: ['***', 'tasks', 'run', 'segunda_dag', 'tsk2', 'manual__2024-06-26T14:22:51.224272+00:00', '--job-id', '52', '--raw', '--subdir', 'DAGS_FOLDER/segundadag.py', '--cfg-path', '/tmp/tmpd55uzk8x']
[2024-06-26T14:22:52.009+0000] {standard_task_runner.py:83} INFO - Job 52: Subtask tsk2
[2024-06-26T14:22:52.070+0000] {task_command.py:388} INFO - Running <TaskInstance: segunda_dag.tsk2 manual__2024-06-26T14:22:51.224272+00:00 [running]> on host 333e6313459a
[2024-06-26T14:22:52.151+0000] {taskinstance.py:1509} INFO - Exporting the following env vars:
AIRFLOW_CTX_DAG_OWNER=***
AIRFLOW_CTX_DAG_ID=segunda_dag
AIRFLOW_CTX_TASK_ID=tsk2
AIRFLOW_CTX_EXECUTION_DATE=2024-06-26T14:22:51.224272+00:00
AIRFLOW_CTX_TRY_NUMBER=1
AIRFLOW_CTX_DAG_RUN_ID=manual__2024-06-26T14:22:51.224272+00:00
[2024-06-26T14:22:52.152+0000] {subprocess.py:63} INFO - Tmp dir root location: 
 /tmp
[2024-06-26T14:22:52.152+0000] {subprocess.py:75} INFO - Running command: ['/bin/bash', '-c', 'sleep 5']
[2024-06-26T14:22:52.161+0000] {subprocess.py:86} INFO - Output:
[2024-06-26T14:22:57.164+0000] {subprocess.py:97} INFO - Command exited with return code 0
[2024-06-26T14:22:57.199+0000] {taskinstance.py:1323} INFO - Marking task as SUCCESS. dag_id=segunda_dag, task_id=tsk2, execution_date=20240626T142251, start_date=20240626T142251, end_date=20240626T142257
[2024-06-26T14:22:57.233+0000] {local_task_job.py:208} INFO - Task exited with return code 0
[2024-06-26T14:22:57.249+0000] {taskinstance.py:2578} INFO - 1 downstream tasks scheduled from follow-on schedule check
