[2024-08-22T14:56:52.375+0000] {taskinstance.py:1083} INFO - Dependencies all met for <TaskInstance: sarima_forecast_dag.run_sarima_forecast manual__2024-08-22T14:55:50.198280+00:00 [queued]>
[2024-08-22T14:56:52.385+0000] {taskinstance.py:1083} INFO - Dependencies all met for <TaskInstance: sarima_forecast_dag.run_sarima_forecast manual__2024-08-22T14:55:50.198280+00:00 [queued]>
[2024-08-22T14:56:52.386+0000] {taskinstance.py:1279} INFO - 
--------------------------------------------------------------------------------
[2024-08-22T14:56:52.386+0000] {taskinstance.py:1280} INFO - Starting attempt 1 of 1
[2024-08-22T14:56:52.386+0000] {taskinstance.py:1281} INFO - 
--------------------------------------------------------------------------------
[2024-08-22T14:56:52.397+0000] {taskinstance.py:1300} INFO - Executing <Task(PythonOperator): run_sarima_forecast> on 2024-08-22 14:55:50.198280+00:00
[2024-08-22T14:56:52.402+0000] {standard_task_runner.py:55} INFO - Started process 1320 to run task
[2024-08-22T14:56:52.404+0000] {standard_task_runner.py:82} INFO - Running: ['***', 'tasks', 'run', 'sarima_forecast_dag', 'run_sarima_forecast', 'manual__2024-08-22T14:55:50.198280+00:00', '--job-id', '10782', '--raw', '--subdir', 'DAGS_FOLDER/dag_forecast_ts_rainfall.py', '--cfg-path', '/tmp/tmphsfqcu9r']
[2024-08-22T14:56:52.405+0000] {standard_task_runner.py:83} INFO - Job 10782: Subtask run_sarima_forecast
[2024-08-22T14:56:52.445+0000] {task_command.py:388} INFO - Running <TaskInstance: sarima_forecast_dag.run_sarima_forecast manual__2024-08-22T14:55:50.198280+00:00 [running]> on host f64a695c5a62
[2024-08-22T14:56:52.493+0000] {taskinstance.py:1509} INFO - Exporting the following env vars:
AIRFLOW_CTX_DAG_OWNER=***
AIRFLOW_CTX_DAG_ID=sarima_forecast_dag
AIRFLOW_CTX_TASK_ID=run_sarima_forecast
AIRFLOW_CTX_EXECUTION_DATE=2024-08-22T14:55:50.198280+00:00
AIRFLOW_CTX_TRY_NUMBER=1
AIRFLOW_CTX_DAG_RUN_ID=manual__2024-08-22T14:55:50.198280+00:00
[2024-08-22T14:56:52.725+0000] {warnings.py:110} WARNING - /home/***/.local/lib/python3.7/site-packages/statsmodels/tsa/statespace/sarimax.py:868: UserWarning: Too few observations to estimate starting parameters for seasonal ARMA. All parameters except for variances will be set to zeros.
  ' zeros.' % warning_description)

[2024-08-22T14:56:52.793+0000] {taskinstance.py:1768} ERROR - Task failed with exception
Traceback (most recent call last):
  File "/home/airflow/.local/lib/python3.7/site-packages/airflow/operators/python.py", line 175, in execute
    return_value = self.execute_callable()
  File "/home/airflow/.local/lib/python3.7/site-packages/airflow/operators/python.py", line 192, in execute_callable
    return self.python_callable(*self.op_args, **self.op_kwargs)
  File "/opt/airflow/dags/dag_forecast_ts_rainfall.py", line 22, in run_sarima_forecast
    previsoes_df = pd.DataFrame(previsoes, columns=['Forecast'])
NameError: name 'pd' is not defined
[2024-08-22T14:56:52.802+0000] {taskinstance.py:1323} INFO - Marking task as FAILED. dag_id=sarima_forecast_dag, task_id=run_sarima_forecast, execution_date=20240822T145550, start_date=20240822T145652, end_date=20240822T145652
[2024-08-22T14:56:52.815+0000] {standard_task_runner.py:105} ERROR - Failed to execute job 10782 for task run_sarima_forecast (name 'pd' is not defined; 1320)
[2024-08-22T14:56:52.856+0000] {local_task_job.py:208} INFO - Task exited with return code 1
[2024-08-22T14:56:52.869+0000] {taskinstance.py:2578} INFO - 0 downstream tasks scheduled from follow-on schedule check
