[2024-07-02T13:06:51.110+0000] {taskinstance.py:1083} INFO - Dependencies all met for <TaskInstance: default_args.tsk2 manual__2024-07-02T13:06:43.916833+00:00 [queued]>
[2024-07-02T13:06:51.118+0000] {taskinstance.py:1083} INFO - Dependencies all met for <TaskInstance: default_args.tsk2 manual__2024-07-02T13:06:43.916833+00:00 [queued]>
[2024-07-02T13:06:51.118+0000] {taskinstance.py:1279} INFO - 
--------------------------------------------------------------------------------
[2024-07-02T13:06:51.118+0000] {taskinstance.py:1280} INFO - Starting attempt 1 of 2
[2024-07-02T13:06:51.118+0000] {taskinstance.py:1281} INFO - 
--------------------------------------------------------------------------------
[2024-07-02T13:06:51.130+0000] {taskinstance.py:1300} INFO - Executing <Task(BashOperator): tsk2> on 2024-07-02 13:06:43.916833+00:00
[2024-07-02T13:06:51.135+0000] {standard_task_runner.py:55} INFO - Started process 207 to run task
[2024-07-02T13:06:51.137+0000] {standard_task_runner.py:82} INFO - Running: ['***', 'tasks', 'run', 'default_args', 'tsk2', 'manual__2024-07-02T13:06:43.916833+00:00', '--job-id', '266', '--raw', '--subdir', 'DAGS_FOLDER/default_args.py', '--cfg-path', '/tmp/tmpcph990do']
[2024-07-02T13:06:51.137+0000] {standard_task_runner.py:83} INFO - Job 266: Subtask tsk2
[2024-07-02T13:06:51.184+0000] {task_command.py:388} INFO - Running <TaskInstance: default_args.tsk2 manual__2024-07-02T13:06:43.916833+00:00 [running]> on host 1a103833ad34
[2024-07-02T13:06:51.235+0000] {taskinstance.py:1509} INFO - Exporting the following env vars:
AIRFLOW_CTX_DAG_EMAIL=testeskleuber@gmail.com
AIRFLOW_CTX_DAG_OWNER=***
AIRFLOW_CTX_DAG_ID=default_args
AIRFLOW_CTX_TASK_ID=tsk2
AIRFLOW_CTX_EXECUTION_DATE=2024-07-02T13:06:43.916833+00:00
AIRFLOW_CTX_TRY_NUMBER=1
AIRFLOW_CTX_DAG_RUN_ID=manual__2024-07-02T13:06:43.916833+00:00
[2024-07-02T13:06:51.236+0000] {subprocess.py:63} INFO - Tmp dir root location: 
 /tmp
[2024-07-02T13:06:51.237+0000] {subprocess.py:75} INFO - Running command: ['/bin/bash', '-c', 'sleep 5']
[2024-07-02T13:06:51.248+0000] {subprocess.py:86} INFO - Output:
[2024-07-02T13:06:56.250+0000] {subprocess.py:97} INFO - Command exited with return code 0
[2024-07-02T13:06:56.274+0000] {taskinstance.py:1323} INFO - Marking task as SUCCESS. dag_id=default_args, task_id=tsk2, execution_date=20240702T130643, start_date=20240702T130651, end_date=20240702T130656
[2024-07-02T13:06:56.314+0000] {local_task_job.py:208} INFO - Task exited with return code 0
[2024-07-02T13:06:56.332+0000] {taskinstance.py:2578} INFO - 1 downstream tasks scheduled from follow-on schedule check
