[2024-07-02T17:49:04.666+0000] {taskinstance.py:1083} INFO - Dependencies all met for <TaskInstance: pool.tsk3 manual__2024-07-02T17:49:03.189918+00:00 [queued]>
[2024-07-02T17:49:04.674+0000] {taskinstance.py:1083} INFO - Dependencies all met for <TaskInstance: pool.tsk3 manual__2024-07-02T17:49:03.189918+00:00 [queued]>
[2024-07-02T17:49:04.674+0000] {taskinstance.py:1279} INFO - 
--------------------------------------------------------------------------------
[2024-07-02T17:49:04.674+0000] {taskinstance.py:1280} INFO - Starting attempt 1 of 1
[2024-07-02T17:49:04.675+0000] {taskinstance.py:1281} INFO - 
--------------------------------------------------------------------------------
[2024-07-02T17:49:04.693+0000] {taskinstance.py:1300} INFO - Executing <Task(BashOperator): tsk3> on 2024-07-02 17:49:03.189918+00:00
[2024-07-02T17:49:04.700+0000] {standard_task_runner.py:55} INFO - Started process 126 to run task
[2024-07-02T17:49:04.703+0000] {standard_task_runner.py:82} INFO - Running: ['***', 'tasks', 'run', 'pool', 'tsk3', 'manual__2024-07-02T17:49:03.189918+00:00', '--job-id', '408', '--raw', '--subdir', 'DAGS_FOLDER/poools.py', '--cfg-path', '/tmp/tmp3vpzn80_']
[2024-07-02T17:49:04.703+0000] {standard_task_runner.py:83} INFO - Job 408: Subtask tsk3
[2024-07-02T17:49:04.762+0000] {task_command.py:388} INFO - Running <TaskInstance: pool.tsk3 manual__2024-07-02T17:49:03.189918+00:00 [running]> on host a003326c10ff
[2024-07-02T17:49:04.848+0000] {taskinstance.py:1509} INFO - Exporting the following env vars:
AIRFLOW_CTX_DAG_OWNER=***
AIRFLOW_CTX_DAG_ID=pool
AIRFLOW_CTX_TASK_ID=tsk3
AIRFLOW_CTX_EXECUTION_DATE=2024-07-02T17:49:03.189918+00:00
AIRFLOW_CTX_TRY_NUMBER=1
AIRFLOW_CTX_DAG_RUN_ID=manual__2024-07-02T17:49:03.189918+00:00
[2024-07-02T17:49:04.849+0000] {subprocess.py:63} INFO - Tmp dir root location: 
 /tmp
[2024-07-02T17:49:04.850+0000] {subprocess.py:75} INFO - Running command: ['/bin/bash', '-c', 'sleep 1']
[2024-07-02T17:49:04.862+0000] {subprocess.py:86} INFO - Output:
[2024-07-02T17:49:05.866+0000] {subprocess.py:97} INFO - Command exited with return code 0
[2024-07-02T17:49:05.904+0000] {taskinstance.py:1323} INFO - Marking task as SUCCESS. dag_id=pool, task_id=tsk3, execution_date=20240702T174903, start_date=20240702T174904, end_date=20240702T174905
[2024-07-02T17:49:05.957+0000] {local_task_job.py:208} INFO - Task exited with return code 0
[2024-07-02T17:49:06.015+0000] {taskinstance.py:2578} INFO - 0 downstream tasks scheduled from follow-on schedule check
