[2024-07-02T17:42:19.828+0000] {taskinstance.py:1083} INFO - Dependencies all met for <TaskInstance: Variáveis.tsk1 manual__2024-07-02T17:42:18.692275+00:00 [queued]>
[2024-07-02T17:42:19.837+0000] {taskinstance.py:1083} INFO - Dependencies all met for <TaskInstance: Variáveis.tsk1 manual__2024-07-02T17:42:18.692275+00:00 [queued]>
[2024-07-02T17:42:19.837+0000] {taskinstance.py:1279} INFO - 
--------------------------------------------------------------------------------
[2024-07-02T17:42:19.837+0000] {taskinstance.py:1280} INFO - Starting attempt 1 of 1
[2024-07-02T17:42:19.837+0000] {taskinstance.py:1281} INFO - 
--------------------------------------------------------------------------------
[2024-07-02T17:42:19.848+0000] {taskinstance.py:1300} INFO - Executing <Task(PythonOperator): tsk1> on 2024-07-02 17:42:18.692275+00:00
[2024-07-02T17:42:19.855+0000] {standard_task_runner.py:55} INFO - Started process 1780 to run task
[2024-07-02T17:42:19.857+0000] {standard_task_runner.py:82} INFO - Running: ['***', 'tasks', 'run', 'Variáveis', 'tsk1', 'manual__2024-07-02T17:42:18.692275+00:00', '--job-id', '402', '--raw', '--subdir', 'DAGS_FOLDER/variaveis.py', '--cfg-path', '/tmp/tmps6d_t2eb']
[2024-07-02T17:42:19.857+0000] {standard_task_runner.py:83} INFO - Job 402: Subtask tsk1
[2024-07-02T17:42:19.896+0000] {task_command.py:388} INFO - Running <TaskInstance: Variáveis.tsk1 manual__2024-07-02T17:42:18.692275+00:00 [running]> on host 147741b588fd
[2024-07-02T17:42:19.948+0000] {taskinstance.py:1509} INFO - Exporting the following env vars:
AIRFLOW_CTX_DAG_OWNER=***
AIRFLOW_CTX_DAG_ID=Variáveis
AIRFLOW_CTX_TASK_ID=tsk1
AIRFLOW_CTX_EXECUTION_DATE=2024-07-02T17:42:18.692275+00:00
AIRFLOW_CTX_TRY_NUMBER=1
AIRFLOW_CTX_DAG_RUN_ID=manual__2024-07-02T17:42:18.692275+00:00
[2024-07-02T17:42:19.954+0000] {logging_mixin.py:137} INFO - O valor da variável é : /home/kleuber/Área de trabalho/***
[2024-07-02T17:42:19.954+0000] {python.py:177} INFO - Done. Returned value was: None
[2024-07-02T17:42:19.962+0000] {taskinstance.py:1323} INFO - Marking task as SUCCESS. dag_id=Variáveis, task_id=tsk1, execution_date=20240702T174218, start_date=20240702T174219, end_date=20240702T174219
[2024-07-02T17:42:19.988+0000] {local_task_job.py:208} INFO - Task exited with return code 0
[2024-07-02T17:42:20.000+0000] {taskinstance.py:2578} INFO - 0 downstream tasks scheduled from follow-on schedule check
