[2024-06-26T14:30:12.250+0000] {taskinstance.py:1083} INFO - Dependencies all met for <TaskInstance: segunda_dag.tsk2 manual__2024-06-26T14:30:05.789505+00:00 [queued]>
[2024-06-26T14:30:12.260+0000] {taskinstance.py:1083} INFO - Dependencies all met for <TaskInstance: segunda_dag.tsk2 manual__2024-06-26T14:30:05.789505+00:00 [queued]>
[2024-06-26T14:30:12.260+0000] {taskinstance.py:1279} INFO - 
--------------------------------------------------------------------------------
[2024-06-26T14:30:12.260+0000] {taskinstance.py:1280} INFO - Starting attempt 1 of 1
[2024-06-26T14:30:12.261+0000] {taskinstance.py:1281} INFO - 
--------------------------------------------------------------------------------
[2024-06-26T14:30:12.275+0000] {taskinstance.py:1300} INFO - Executing <Task(BashOperator): tsk2> on 2024-06-26 14:30:05.789505+00:00
[2024-06-26T14:30:12.280+0000] {standard_task_runner.py:55} INFO - Started process 444 to run task
[2024-06-26T14:30:12.282+0000] {standard_task_runner.py:82} INFO - Running: ['***', 'tasks', 'run', 'segunda_dag', 'tsk2', 'manual__2024-06-26T14:30:05.789505+00:00', '--job-id', '83', '--raw', '--subdir', 'DAGS_FOLDER/segundadag.py', '--cfg-path', '/tmp/tmpou7w1_fx']
[2024-06-26T14:30:12.283+0000] {standard_task_runner.py:83} INFO - Job 83: Subtask tsk2
[2024-06-26T14:30:12.332+0000] {task_command.py:388} INFO - Running <TaskInstance: segunda_dag.tsk2 manual__2024-06-26T14:30:05.789505+00:00 [running]> on host 37d8198abdf3
[2024-06-26T14:30:12.394+0000] {taskinstance.py:1509} INFO - Exporting the following env vars:
AIRFLOW_CTX_DAG_OWNER=***
AIRFLOW_CTX_DAG_ID=segunda_dag
AIRFLOW_CTX_TASK_ID=tsk2
AIRFLOW_CTX_EXECUTION_DATE=2024-06-26T14:30:05.789505+00:00
AIRFLOW_CTX_TRY_NUMBER=1
AIRFLOW_CTX_DAG_RUN_ID=manual__2024-06-26T14:30:05.789505+00:00
[2024-06-26T14:30:12.395+0000] {subprocess.py:63} INFO - Tmp dir root location: 
 /tmp
[2024-06-26T14:30:12.395+0000] {subprocess.py:75} INFO - Running command: ['/bin/bash', '-c', 'sleep 5']
[2024-06-26T14:30:12.405+0000] {subprocess.py:86} INFO - Output:
[2024-06-26T14:30:17.408+0000] {subprocess.py:97} INFO - Command exited with return code 0
[2024-06-26T14:30:17.428+0000] {taskinstance.py:1323} INFO - Marking task as SUCCESS. dag_id=segunda_dag, task_id=tsk2, execution_date=20240626T143005, start_date=20240626T143012, end_date=20240626T143017
[2024-06-26T14:30:17.458+0000] {local_task_job.py:208} INFO - Task exited with return code 0
[2024-06-26T14:30:17.470+0000] {taskinstance.py:2578} INFO - 0 downstream tasks scheduled from follow-on schedule check
