[2024-08-11T14:46:44.895+0000] {taskinstance.py:1083} INFO - Dependencies all met for <TaskInstance: dag_inmet.download_data manual__2024-08-11T14:46:18.538241+00:00 [queued]>
[2024-08-11T14:46:44.907+0000] {taskinstance.py:1083} INFO - Dependencies all met for <TaskInstance: dag_inmet.download_data manual__2024-08-11T14:46:18.538241+00:00 [queued]>
[2024-08-11T14:46:44.907+0000] {taskinstance.py:1279} INFO - 
--------------------------------------------------------------------------------
[2024-08-11T14:46:44.908+0000] {taskinstance.py:1280} INFO - Starting attempt 1 of 1
[2024-08-11T14:46:44.908+0000] {taskinstance.py:1281} INFO - 
--------------------------------------------------------------------------------
[2024-08-11T14:46:44.924+0000] {taskinstance.py:1300} INFO - Executing <Task(PythonOperator): download_data> on 2024-08-11 14:46:18.538241+00:00
[2024-08-11T14:46:44.933+0000] {standard_task_runner.py:55} INFO - Started process 31512 to run task
[2024-08-11T14:46:44.934+0000] {standard_task_runner.py:82} INFO - Running: ['***', 'tasks', 'run', 'dag_inmet', 'download_data', 'manual__2024-08-11T14:46:18.538241+00:00', '--job-id', '6715', '--raw', '--subdir', 'DAGS_FOLDER/dag_inmet.py', '--cfg-path', '/tmp/tmpxmzjswjy']
[2024-08-11T14:46:44.936+0000] {standard_task_runner.py:83} INFO - Job 6715: Subtask download_data
[2024-08-11T14:46:44.979+0000] {task_command.py:388} INFO - Running <TaskInstance: dag_inmet.download_data manual__2024-08-11T14:46:18.538241+00:00 [running]> on host 4d826fde42d2
[2024-08-11T14:46:45.031+0000] {taskinstance.py:1509} INFO - Exporting the following env vars:
AIRFLOW_CTX_DAG_OWNER=***
AIRFLOW_CTX_DAG_ID=dag_inmet
AIRFLOW_CTX_TASK_ID=download_data
AIRFLOW_CTX_EXECUTION_DATE=2024-08-11T14:46:18.538241+00:00
AIRFLOW_CTX_TRY_NUMBER=1
AIRFLOW_CTX_DAG_RUN_ID=manual__2024-08-11T14:46:18.538241+00:00
[2024-08-11T14:46:46.252+0000] {logging_mixin.py:137} INFO - Tempo de execução de download_data: 1.2212 segundos
[2024-08-11T14:47:01.676+0000] {logging_mixin.py:137} INFO - Arquivo salvo como /opt/***/data/bronze/2021.zip
[2024-08-11T14:47:01.680+0000] {logging_mixin.py:137} INFO - Tempo de execução de download_and_save_file: 15.4275 segundos
[2024-08-11T14:47:01.697+0000] {python.py:177} INFO - Done. Returned value was: /opt/***/data/bronze/2021.zip
[2024-08-11T14:47:01.710+0000] {taskinstance.py:1323} INFO - Marking task as SUCCESS. dag_id=dag_inmet, task_id=download_data, execution_date=20240811T144618, start_date=20240811T144644, end_date=20240811T144701
[2024-08-11T14:47:01.739+0000] {local_task_job.py:208} INFO - Task exited with return code 0
[2024-08-11T14:47:01.796+0000] {taskinstance.py:2578} INFO - 1 downstream tasks scheduled from follow-on schedule check
