[2024-08-01T23:15:18.716+0000] {taskinstance.py:1083} INFO - Dependencies all met for <TaskInstance: dag_inmet.download_data manual__2024-08-01T23:14:57.958123+00:00 [queued]>
[2024-08-01T23:15:18.726+0000] {taskinstance.py:1083} INFO - Dependencies all met for <TaskInstance: dag_inmet.download_data manual__2024-08-01T23:14:57.958123+00:00 [queued]>
[2024-08-01T23:15:18.727+0000] {taskinstance.py:1279} INFO - 
--------------------------------------------------------------------------------
[2024-08-01T23:15:18.727+0000] {taskinstance.py:1280} INFO - Starting attempt 1 of 1
[2024-08-01T23:15:18.727+0000] {taskinstance.py:1281} INFO - 
--------------------------------------------------------------------------------
[2024-08-01T23:15:18.739+0000] {taskinstance.py:1300} INFO - Executing <Task(PythonOperator): download_data> on 2024-08-01 23:14:57.958123+00:00
[2024-08-01T23:15:18.746+0000] {standard_task_runner.py:55} INFO - Started process 5030 to run task
[2024-08-01T23:15:18.748+0000] {standard_task_runner.py:82} INFO - Running: ['***', 'tasks', 'run', 'dag_inmet', 'download_data', 'manual__2024-08-01T23:14:57.958123+00:00', '--job-id', '3523', '--raw', '--subdir', 'DAGS_FOLDER/dag_inmet.py', '--cfg-path', '/tmp/tmpamt0xu4k']
[2024-08-01T23:15:18.749+0000] {standard_task_runner.py:83} INFO - Job 3523: Subtask download_data
[2024-08-01T23:15:18.795+0000] {task_command.py:388} INFO - Running <TaskInstance: dag_inmet.download_data manual__2024-08-01T23:14:57.958123+00:00 [running]> on host 87a8f1646fc1
[2024-08-01T23:15:18.853+0000] {taskinstance.py:1509} INFO - Exporting the following env vars:
AIRFLOW_CTX_DAG_OWNER=***
AIRFLOW_CTX_DAG_ID=dag_inmet
AIRFLOW_CTX_TASK_ID=download_data
AIRFLOW_CTX_EXECUTION_DATE=2024-08-01T23:14:57.958123+00:00
AIRFLOW_CTX_TRY_NUMBER=1
AIRFLOW_CTX_DAG_RUN_ID=manual__2024-08-01T23:14:57.958123+00:00
[2024-08-01T23:15:19.830+0000] {logging_mixin.py:137} INFO - Tempo de execução de download_data: 0.9769 segundos
[2024-08-01T23:15:35.550+0000] {logging_mixin.py:137} INFO - Arquivo salvo como /opt/***/data/bronze/2024.zip
[2024-08-01T23:15:35.552+0000] {logging_mixin.py:137} INFO - Tempo de execução de download_and_save_file: 15.7219 segundos
[2024-08-01T23:15:35.552+0000] {python.py:177} INFO - Done. Returned value was: /opt/***/data/bronze/2024.zip
[2024-08-01T23:15:35.569+0000] {taskinstance.py:1323} INFO - Marking task as SUCCESS. dag_id=dag_inmet, task_id=download_data, execution_date=20240801T231457, start_date=20240801T231518, end_date=20240801T231535
[2024-08-01T23:15:35.607+0000] {local_task_job.py:208} INFO - Task exited with return code 0
[2024-08-01T23:15:35.630+0000] {taskinstance.py:2578} INFO - 1 downstream tasks scheduled from follow-on schedule check
