[2024-08-02T00:47:54.640+0000] {taskinstance.py:1083} INFO - Dependencies all met for <TaskInstance: dag_inmet.download_data manual__2024-08-02T00:47:41.094281+00:00 [queued]>
[2024-08-02T00:47:54.650+0000] {taskinstance.py:1083} INFO - Dependencies all met for <TaskInstance: dag_inmet.download_data manual__2024-08-02T00:47:41.094281+00:00 [queued]>
[2024-08-02T00:47:54.650+0000] {taskinstance.py:1279} INFO - 
--------------------------------------------------------------------------------
[2024-08-02T00:47:54.650+0000] {taskinstance.py:1280} INFO - Starting attempt 1 of 1
[2024-08-02T00:47:54.651+0000] {taskinstance.py:1281} INFO - 
--------------------------------------------------------------------------------
[2024-08-02T00:47:54.661+0000] {taskinstance.py:1300} INFO - Executing <Task(PythonOperator): download_data> on 2024-08-02 00:47:41.094281+00:00
[2024-08-02T00:47:54.667+0000] {standard_task_runner.py:55} INFO - Started process 183 to run task
[2024-08-02T00:47:54.669+0000] {standard_task_runner.py:82} INFO - Running: ['***', 'tasks', 'run', 'dag_inmet', 'download_data', 'manual__2024-08-02T00:47:41.094281+00:00', '--job-id', '3657', '--raw', '--subdir', 'DAGS_FOLDER/dag_inmet.py', '--cfg-path', '/tmp/tmp5lpynptp']
[2024-08-02T00:47:54.670+0000] {standard_task_runner.py:83} INFO - Job 3657: Subtask download_data
[2024-08-02T00:47:54.714+0000] {task_command.py:388} INFO - Running <TaskInstance: dag_inmet.download_data manual__2024-08-02T00:47:41.094281+00:00 [running]> on host f6bf7ea09fbf
[2024-08-02T00:47:54.766+0000] {taskinstance.py:1509} INFO - Exporting the following env vars:
AIRFLOW_CTX_DAG_OWNER=***
AIRFLOW_CTX_DAG_ID=dag_inmet
AIRFLOW_CTX_TASK_ID=download_data
AIRFLOW_CTX_EXECUTION_DATE=2024-08-02T00:47:41.094281+00:00
AIRFLOW_CTX_TRY_NUMBER=1
AIRFLOW_CTX_DAG_RUN_ID=manual__2024-08-02T00:47:41.094281+00:00
[2024-08-02T00:50:12.089+0000] {logging_mixin.py:137} INFO - Tempo de execução de download_data: 137.3223 segundos
[2024-08-02T00:50:26.523+0000] {logging_mixin.py:137} INFO - Arquivo salvo como /opt/***/data/bronze/2024.zip
[2024-08-02T00:50:26.526+0000] {logging_mixin.py:137} INFO - Tempo de execução de download_and_save_file: 14.4363 segundos
[2024-08-02T00:50:26.526+0000] {python.py:177} INFO - Done. Returned value was: /opt/***/data/bronze/2024.zip
[2024-08-02T00:50:26.544+0000] {taskinstance.py:1323} INFO - Marking task as SUCCESS. dag_id=dag_inmet, task_id=download_data, execution_date=20240802T004741, start_date=20240802T004754, end_date=20240802T005026
[2024-08-02T00:50:26.577+0000] {local_task_job.py:208} INFO - Task exited with return code 0
[2024-08-02T00:50:26.602+0000] {taskinstance.py:2578} INFO - 1 downstream tasks scheduled from follow-on schedule check
