[2024-06-28T13:30:58.742+0000] {taskinstance.py:1083} INFO - Dependencies all met for <TaskInstance: triggerdag2.tsk3 manual__2024-06-28T13:30:57.488933+00:00 [queued]>
[2024-06-28T13:30:58.750+0000] {taskinstance.py:1083} INFO - Dependencies all met for <TaskInstance: triggerdag2.tsk3 manual__2024-06-28T13:30:57.488933+00:00 [queued]>
[2024-06-28T13:30:58.750+0000] {taskinstance.py:1279} INFO - 
--------------------------------------------------------------------------------
[2024-06-28T13:30:58.750+0000] {taskinstance.py:1280} INFO - Starting attempt 1 of 1
[2024-06-28T13:30:58.750+0000] {taskinstance.py:1281} INFO - 
--------------------------------------------------------------------------------
[2024-06-28T13:30:58.760+0000] {taskinstance.py:1300} INFO - Executing <Task(BashOperator): tsk3> on 2024-06-28 13:30:57.488933+00:00
[2024-06-28T13:30:58.766+0000] {standard_task_runner.py:55} INFO - Started process 146 to run task
[2024-06-28T13:30:58.768+0000] {standard_task_runner.py:82} INFO - Running: ['***', 'tasks', 'run', 'triggerdag2', 'tsk3', 'manual__2024-06-28T13:30:57.488933+00:00', '--job-id', '132', '--raw', '--subdir', 'DAGS_FOLDER/triggerdag2.py', '--cfg-path', '/tmp/tmpc_xmx6ch']
[2024-06-28T13:30:58.768+0000] {standard_task_runner.py:83} INFO - Job 132: Subtask tsk3
[2024-06-28T13:30:58.807+0000] {task_command.py:388} INFO - Running <TaskInstance: triggerdag2.tsk3 manual__2024-06-28T13:30:57.488933+00:00 [running]> on host e4023680e4ff
[2024-06-28T13:30:58.859+0000] {taskinstance.py:1509} INFO - Exporting the following env vars:
AIRFLOW_CTX_DAG_OWNER=***
AIRFLOW_CTX_DAG_ID=triggerdag2
AIRFLOW_CTX_TASK_ID=tsk3
AIRFLOW_CTX_EXECUTION_DATE=2024-06-28T13:30:57.488933+00:00
AIRFLOW_CTX_TRY_NUMBER=1
AIRFLOW_CTX_DAG_RUN_ID=manual__2024-06-28T13:30:57.488933+00:00
[2024-06-28T13:30:58.860+0000] {subprocess.py:63} INFO - Tmp dir root location: 
 /tmp
[2024-06-28T13:30:58.860+0000] {subprocess.py:75} INFO - Running command: ['/bin/bash', '-c', 'sleep 5']
[2024-06-28T13:30:58.871+0000] {subprocess.py:86} INFO - Output:
[2024-06-28T13:31:03.874+0000] {subprocess.py:97} INFO - Command exited with return code 0
[2024-06-28T13:31:03.899+0000] {taskinstance.py:1323} INFO - Marking task as SUCCESS. dag_id=triggerdag2, task_id=tsk3, execution_date=20240628T133057, start_date=20240628T133058, end_date=20240628T133103
[2024-06-28T13:31:03.924+0000] {local_task_job.py:208} INFO - Task exited with return code 0
[2024-06-28T13:31:03.937+0000] {taskinstance.py:2578} INFO - 0 downstream tasks scheduled from follow-on schedule check
