[2024-08-07T16:08:19.354+0000] {taskinstance.py:1083} INFO - Dependencies all met for <TaskInstance: dag_inmet.process_data manual__2024-08-07T16:06:14.206265+00:00 [queued]>
[2024-08-07T16:08:19.363+0000] {taskinstance.py:1083} INFO - Dependencies all met for <TaskInstance: dag_inmet.process_data manual__2024-08-07T16:06:14.206265+00:00 [queued]>
[2024-08-07T16:08:19.364+0000] {taskinstance.py:1279} INFO - 
--------------------------------------------------------------------------------
[2024-08-07T16:08:19.364+0000] {taskinstance.py:1280} INFO - Starting attempt 1 of 1
[2024-08-07T16:08:19.364+0000] {taskinstance.py:1281} INFO - 
--------------------------------------------------------------------------------
[2024-08-07T16:08:19.374+0000] {taskinstance.py:1300} INFO - Executing <Task(PythonOperator): process_data> on 2024-08-07 16:06:14.206265+00:00
[2024-08-07T16:08:19.380+0000] {standard_task_runner.py:55} INFO - Started process 55678 to run task
[2024-08-07T16:08:19.382+0000] {standard_task_runner.py:82} INFO - Running: ['***', 'tasks', 'run', 'dag_inmet', 'process_data', 'manual__2024-08-07T16:06:14.206265+00:00', '--job-id', '5214', '--raw', '--subdir', 'DAGS_FOLDER/dag_inmet.py', '--cfg-path', '/tmp/tmpmtmm_85m']
[2024-08-07T16:08:19.383+0000] {standard_task_runner.py:83} INFO - Job 5214: Subtask process_data
[2024-08-07T16:08:19.426+0000] {task_command.py:388} INFO - Running <TaskInstance: dag_inmet.process_data manual__2024-08-07T16:06:14.206265+00:00 [running]> on host a5a662cb3589
[2024-08-07T16:08:19.477+0000] {taskinstance.py:1509} INFO - Exporting the following env vars:
AIRFLOW_CTX_DAG_OWNER=***
AIRFLOW_CTX_DAG_ID=dag_inmet
AIRFLOW_CTX_TASK_ID=process_data
AIRFLOW_CTX_EXECUTION_DATE=2024-08-07T16:06:14.206265+00:00
AIRFLOW_CTX_TRY_NUMBER=1
AIRFLOW_CTX_DAG_RUN_ID=manual__2024-08-07T16:06:14.206265+00:00
[2024-08-07T16:08:19.485+0000] {dag_inmet.py:83} INFO - Horário do início da Transformação: 16:08:19
[2024-08-07T16:08:21.703+0000] {warnings.py:110} WARNING - /home/***/.local/lib/python3.7/site-packages/pyspark/context.py:317: FutureWarning: Python 3.7 support is deprecated in Spark 3.4.
  warnings.warn("Python 3.7 support is deprecated in Spark 3.4.", FutureWarning)

[2024-08-07T16:08:21.801+0000] {dag_inmet.py:98} INFO - SparkSession criado com sucesso.
[2024-08-07T16:08:21.805+0000] {logging_mixin.py:137} INFO - O arquivo 2005/ não é um arquivo CSV válido para o período atual. Ignorando...
[2024-08-07T16:08:21.810+0000] {logging_mixin.py:137} INFO - Arquivo CSV encontrado: 2005/INMET_CO_DF_A001_BRASILIA_01-01-2005_A_31-12-2005.CSV
[2024-08-07T16:08:28.503+0000] {logging_mixin.py:137} INFO - Escrevendo Safra 2005-02
[2024-08-07T16:08:29.637+0000] {logging_mixin.py:137} INFO - Arquivo CSV encontrado: 2005/INMET_CO_GO_A002_GOIANIA_01-01-2005_A_31-12-2005.CSV
[2024-08-07T16:08:32.722+0000] {logging_mixin.py:137} INFO - Escrevendo Safra 2005-02
[2024-08-07T16:08:33.007+0000] {logging_mixin.py:137} INFO - Arquivo CSV encontrado: 2005/INMET_CO_GO_A003_MORRINHOS_01-01-2005_A_31-12-2005.CSV
[2024-08-07T16:08:36.281+0000] {logging_mixin.py:137} INFO - Escrevendo Safra 2005-02
[2024-08-07T16:08:36.552+0000] {logging_mixin.py:137} INFO - Arquivo CSV encontrado: 2005/INMET_CO_MS_A702_CAMPO GRANDE_01-01-2005_A_31-12-2005.CSV
[2024-08-07T16:08:39.450+0000] {logging_mixin.py:137} INFO - Escrevendo Safra 2005-02
[2024-08-07T16:08:39.718+0000] {logging_mixin.py:137} INFO - Arquivo CSV encontrado: 2005/INMET_CO_MS_A703_PONTA PORA_01-01-2005_A_31-12-2005.CSV
[2024-08-07T16:08:43.151+0000] {logging_mixin.py:137} INFO - Escrevendo Safra 2005-02
[2024-08-07T16:08:43.370+0000] {logging_mixin.py:137} INFO - Arquivo CSV encontrado: 2005/INMET_CO_MS_A704_TRES LAGOAS_01-01-2005_A_31-12-2005.CSV
[2024-08-07T16:08:46.137+0000] {logging_mixin.py:137} INFO - Escrevendo Safra 2005-02
[2024-08-07T16:08:46.312+0000] {logging_mixin.py:137} INFO - Arquivo CSV encontrado: 2005/INMET_CO_MS_A709_IVINHEMA_01-01-2005_A_31-12-2005.CSV
[2024-08-07T16:08:49.585+0000] {logging_mixin.py:137} INFO - Escrevendo Safra 2005-02
[2024-08-07T16:08:49.770+0000] {logging_mixin.py:137} INFO - Arquivo CSV encontrado: 2005/INMET_CO_MT_A901_CUIABA_01-01-2005_A_31-12-2005.CSV
[2024-08-07T16:08:52.712+0000] {logging_mixin.py:137} INFO - Escrevendo Safra 2005-02
[2024-08-07T16:08:52.945+0000] {logging_mixin.py:137} INFO - Arquivo CSV encontrado: 2005/INMET_CO_MT_A902_TANGARA DA SERRA_01-01-2005_A_31-12-2005.CSV
[2024-08-07T16:08:55.724+0000] {logging_mixin.py:137} INFO - Escrevendo Safra 2005-02
[2024-08-07T16:08:55.883+0000] {logging_mixin.py:137} INFO - Arquivo CSV encontrado: 2005/INMET_CO_MT_A903_S.J. DO RIO CLARO_01-01-2005_A_31-12-2005.CSV
[2024-08-07T16:08:58.693+0000] {logging_mixin.py:137} INFO - Escrevendo Safra 2005-02
[2024-08-07T16:08:58.855+0000] {logging_mixin.py:137} INFO - Arquivo CSV encontrado: 2005/INMET_CO_MT_A904_SORRISO_01-01-2005_A_31-12-2005.CSV
[2024-08-07T16:09:01.459+0000] {logging_mixin.py:137} INFO - Escrevendo Safra 2005-02
[2024-08-07T16:09:01.643+0000] {logging_mixin.py:137} INFO - Arquivo CSV encontrado: 2005/INMET_CO_MT_A905_CAMPO NOVO DOS PARECIS_01-01-2005_A_31-12-2005.CSV
[2024-08-07T16:09:05.105+0000] {logging_mixin.py:137} INFO - Escrevendo Safra 2005-02
[2024-08-07T16:09:05.266+0000] {logging_mixin.py:137} INFO - Arquivo CSV encontrado: 2005/INMET_CO_MT_A906_GUARANTA DO NORTE_01-01-2005_A_31-12-2005.CSV
[2024-08-07T16:09:08.518+0000] {logging_mixin.py:137} INFO - Escrevendo Safra 2005-02
[2024-08-07T16:09:08.691+0000] {logging_mixin.py:137} INFO - Arquivo CSV encontrado: 2005/INMET_CO_MT_A907_RONDONOPOLIS_01-01-2005_A_31-12-2005.CSV
[2024-08-07T16:09:11.454+0000] {logging_mixin.py:137} INFO - Escrevendo Safra 2005-02
[2024-08-07T16:09:11.613+0000] {logging_mixin.py:137} INFO - Arquivo CSV encontrado: 2005/INMET_NE_AL_A303_MACEIO_01-01-2005_A_31-12-2005.CSV
[2024-08-07T16:09:14.445+0000] {logging_mixin.py:137} INFO - Escrevendo Safra 2005-02
[2024-08-07T16:09:14.603+0000] {logging_mixin.py:137} INFO - Arquivo CSV encontrado: 2005/INMET_NE_BA_A401_SALVADOR_01-01-2005_A_31-12-2005.CSV
[2024-08-07T16:09:17.602+0000] {logging_mixin.py:137} INFO - Escrevendo Safra 2005-02
[2024-08-07T16:09:17.762+0000] {logging_mixin.py:137} INFO - Arquivo CSV encontrado: 2005/INMET_NE_BA_A402_BARREIRAS_01-01-2005_A_31-12-2005.CSV
[2024-08-07T16:09:21.012+0000] {logging_mixin.py:137} INFO - Escrevendo Safra 2005-02
[2024-08-07T16:09:21.159+0000] {logging_mixin.py:137} INFO - Arquivo CSV encontrado: 2005/INMET_NE_BA_A404_LUIZ EDUARDO MAGALHAES_01-01-2005_A_31-12-2005.CSV
[2024-08-07T16:09:24.449+0000] {logging_mixin.py:137} INFO - Escrevendo Safra 2005-02
[2024-08-07T16:09:24.597+0000] {logging_mixin.py:137} INFO - Arquivo CSV encontrado: 2005/INMET_NE_BA_A405_CARAVELAS_01-01-2005_A_31-12-2005.CSV
[2024-08-07T16:09:28.064+0000] {logging_mixin.py:137} INFO - Escrevendo Safra 2005-02
[2024-08-07T16:09:28.222+0000] {logging_mixin.py:137} INFO - Arquivo CSV encontrado: 2005/INMET_NE_BA_A406_CRUZ DAS ALMAS_01-01-2005_A_31-12-2005.CSV
[2024-08-07T16:09:31.306+0000] {logging_mixin.py:137} INFO - Escrevendo Safra 2005-02
[2024-08-07T16:09:31.451+0000] {logging_mixin.py:137} INFO - Arquivo CSV encontrado: 2005/INMET_NE_BA_A407_ITIRUCU_01-01-2005_A_31-12-2005.CSV
[2024-08-07T16:09:34.132+0000] {logging_mixin.py:137} INFO - Escrevendo Safra 2005-02
[2024-08-07T16:09:34.272+0000] {logging_mixin.py:137} INFO - Arquivo CSV encontrado: 2005/INMET_NE_BA_A408_ITABERABA_01-01-2005_A_31-12-2005.CSV
[2024-08-07T16:09:36.970+0000] {logging_mixin.py:137} INFO - Escrevendo Safra 2005-02
[2024-08-07T16:09:37.143+0000] {logging_mixin.py:137} INFO - Arquivo CSV encontrado: 2005/INMET_NE_BA_A410_ILHEUS_01-01-2005_A_31-12-2005.CSV
[2024-08-07T16:09:40.311+0000] {logging_mixin.py:137} INFO - Escrevendo Safra 2005-02
[2024-08-07T16:09:40.504+0000] {logging_mixin.py:137} INFO - Arquivo CSV encontrado: 2005/INMET_NE_BA_A412_MACAJUBA_01-01-2005_A_31-12-2005.CSV
[2024-08-07T16:09:43.332+0000] {logging_mixin.py:137} INFO - Escrevendo Safra 2005-02
[2024-08-07T16:09:43.497+0000] {logging_mixin.py:137} INFO - Arquivo CSV encontrado: 2005/INMET_NE_CE_A305_FORTALEZA_01-01-2005_A_31-12-2005.CSV
[2024-08-07T16:09:46.370+0000] {logging_mixin.py:137} INFO - Escrevendo Safra 2005-02
[2024-08-07T16:09:46.510+0000] {logging_mixin.py:137} INFO - Arquivo CSV encontrado: 2005/INMET_NE_CE_A306_SOBRAL_01-01-2005_A_31-12-2005.CSV
[2024-08-07T16:09:49.439+0000] {logging_mixin.py:137} INFO - Escrevendo Safra 2005-02
[2024-08-07T16:09:49.597+0000] {logging_mixin.py:137} INFO - Arquivo CSV encontrado: 2005/INMET_NE_MA_A203_SAO LUIS_01-01-2005_A_31-12-2005.CSV
[2024-08-07T16:09:52.704+0000] {logging_mixin.py:137} INFO - Escrevendo Safra 2005-02
[2024-08-07T16:09:52.838+0000] {logging_mixin.py:137} INFO - Arquivo CSV encontrado: 2005/INMET_NE_PB_A310_AREIA_01-01-2005_A_31-12-2005.CSV
[2024-08-07T16:09:55.478+0000] {logging_mixin.py:137} INFO - Escrevendo Safra 2005-02
[2024-08-07T16:09:55.616+0000] {logging_mixin.py:137} INFO - Arquivo CSV encontrado: 2005/INMET_NE_PE_A301_RECIFE_01-01-2005_A_31-12-2005.CSV
[2024-08-07T16:09:58.391+0000] {logging_mixin.py:137} INFO - Escrevendo Safra 2005-02
[2024-08-07T16:09:58.534+0000] {logging_mixin.py:137} INFO - Arquivo CSV encontrado: 2005/INMET_NE_PE_A307_PETROLINA_01-01-2005_A_31-12-2005.CSV
[2024-08-07T16:10:01.162+0000] {logging_mixin.py:137} INFO - Escrevendo Safra 2005-02
[2024-08-07T16:10:01.299+0000] {logging_mixin.py:137} INFO - Arquivo CSV encontrado: 2005/INMET_NE_PE_A309_ARCO VERDE_01-01-2005_A_31-12-2005.CSV
[2024-08-07T16:10:04.166+0000] {logging_mixin.py:137} INFO - Escrevendo Safra 2005-02
[2024-08-07T16:10:04.314+0000] {logging_mixin.py:137} INFO - Arquivo CSV encontrado: 2005/INMET_NE_PI_A308_PARNAIBA_01-01-2005_A_31-12-2005.CSV
[2024-08-07T16:10:07.067+0000] {logging_mixin.py:137} INFO - Escrevendo Safra 2005-02
[2024-08-07T16:10:07.210+0000] {logging_mixin.py:137} INFO - Arquivo CSV encontrado: 2005/INMET_NE_PI_A311_FLORIANO_01-01-2005_A_31-12-2005.CSV
[2024-08-07T16:10:10.019+0000] {logging_mixin.py:137} INFO - Escrevendo Safra 2005-02
[2024-08-07T16:10:10.168+0000] {logging_mixin.py:137} INFO - Arquivo CSV encontrado: 2005/INMET_NE_PI_A312_TERESINA_01-01-2005_A_31-12-2005.CSV
[2024-08-07T16:10:13.215+0000] {logging_mixin.py:137} INFO - Escrevendo Safra 2005-02
[2024-08-07T16:10:13.349+0000] {logging_mixin.py:137} INFO - Arquivo CSV encontrado: 2005/INMET_NE_RN_A302_ARQ.SAO PEDRO E SAO PAULO_01-01-2005_A_31-12-2005.CSV
[2024-08-07T16:10:16.884+0000] {logging_mixin.py:137} INFO - Escrevendo Safra 2005-02
[2024-08-07T16:10:17.016+0000] {logging_mixin.py:137} INFO - Arquivo CSV encontrado: 2005/INMET_NE_RN_A304_NATAL_01-01-2005_A_31-12-2005.CSV
[2024-08-07T16:10:19.987+0000] {logging_mixin.py:137} INFO - Escrevendo Safra 2005-02
[2024-08-07T16:10:20.118+0000] {logging_mixin.py:137} INFO - Arquivo CSV encontrado: 2005/INMET_NE_SE_A409_ARACAJU_01-01-2005_A_31-12-2005.CSV
[2024-08-07T16:10:22.862+0000] {logging_mixin.py:137} INFO - Escrevendo Safra 2005-02
[2024-08-07T16:10:22.994+0000] {logging_mixin.py:137} INFO - Arquivo CSV encontrado: 2005/INMET_N_AM_A101_MANAUS_01-01-2005_A_31-12-2005.CSV
[2024-08-07T16:10:25.999+0000] {logging_mixin.py:137} INFO - Escrevendo Safra 2005-02
[2024-08-07T16:10:26.138+0000] {logging_mixin.py:137} INFO - Arquivo CSV encontrado: 2005/INMET_N_PA_A201_BELEM_01-01-2005_A_31-12-2005.CSV
[2024-08-07T16:10:29.201+0000] {logging_mixin.py:137} INFO - Escrevendo Safra 2005-02
[2024-08-07T16:10:29.347+0000] {logging_mixin.py:137} INFO - Arquivo CSV encontrado: 2005/INMET_N_PA_A202_CASTANHAL_01-01-2005_A_31-12-2005.CSV
[2024-08-07T16:10:32.187+0000] {logging_mixin.py:137} INFO - Escrevendo Safra 2005-02
[2024-08-07T16:10:32.341+0000] {logging_mixin.py:137} INFO - Arquivo CSV encontrado: 2005/INMET_N_TO_A009_PALMAS_01-01-2005_A_31-12-2005.CSV
[2024-08-07T16:10:35.078+0000] {logging_mixin.py:137} INFO - Escrevendo Safra 2005-02
[2024-08-07T16:10:35.220+0000] {logging_mixin.py:137} INFO - Arquivo CSV encontrado: 2005/INMET_N_TO_A010_PARANA_04-03-2005_A_31-12-2005.CSV
[2024-08-07T16:10:37.555+0000] {logging_mixin.py:137} INFO - Arquivo CSV encontrado: 2005/INMET_SE_MG_A502_BARBACENA_01-01-2005_A_31-12-2005.CSV
[2024-08-07T16:10:40.400+0000] {logging_mixin.py:137} INFO - Escrevendo Safra 2005-02
[2024-08-07T16:10:40.567+0000] {logging_mixin.py:137} INFO - Arquivo CSV encontrado: 2005/INMET_SE_MG_A505_ARAXA_01-01-2005_A_31-12-2005.CSV
[2024-08-07T16:10:43.214+0000] {logging_mixin.py:137} INFO - Escrevendo Safra 2005-02
[2024-08-07T16:10:43.343+0000] {logging_mixin.py:137} INFO - Arquivo CSV encontrado: 2005/INMET_SE_MG_A506_MONTES CLAROS_01-01-2005_A_31-12-2005.CSV
[2024-08-07T16:10:46.003+0000] {logging_mixin.py:137} INFO - Escrevendo Safra 2005-02
[2024-08-07T16:10:46.138+0000] {logging_mixin.py:137} INFO - Arquivo CSV encontrado: 2005/INMET_SE_MG_A507_UBERLANDIA_01-01-2005_A_31-12-2005.CSV
[2024-08-07T16:10:48.945+0000] {logging_mixin.py:137} INFO - Escrevendo Safra 2005-02
[2024-08-07T16:10:49.074+0000] {logging_mixin.py:137} INFO - Arquivo CSV encontrado: 2005/INMET_SE_MG_A508_ALMENARA_01-01-2005_A_31-12-2005.CSV
[2024-08-07T16:10:51.983+0000] {logging_mixin.py:137} INFO - Escrevendo Safra 2005-02
[2024-08-07T16:10:52.122+0000] {logging_mixin.py:137} INFO - Arquivo CSV encontrado: 2005/INMET_SE_MG_A509_MONTE VERDE_01-01-2005_A_31-12-2005.CSV
[2024-08-07T16:10:54.803+0000] {logging_mixin.py:137} INFO - Escrevendo Safra 2005-02
[2024-08-07T16:10:54.956+0000] {logging_mixin.py:137} INFO - Arquivo CSV encontrado: 2005/INMET_SE_MG_A510_VICOSA_15-09-2005_A_31-12-2005.CSV
[2024-08-07T16:10:55.945+0000] {logging_mixin.py:137} INFO - Arquivo CSV encontrado: 2005/INMET_SE_RJ_A601_ECOLOGIA AGRICOLA_01-01-2005_A_31-12-2005.CSV
[2024-08-07T16:10:58.651+0000] {logging_mixin.py:137} INFO - Escrevendo Safra 2005-02
[2024-08-07T16:10:58.785+0000] {logging_mixin.py:137} INFO - Arquivo CSV encontrado: 2005/INMET_SE_RJ_A602_MARAMBAIA_01-01-2005_A_31-12-2005.CSV
[2024-08-07T16:11:01.622+0000] {logging_mixin.py:137} INFO - Escrevendo Safra 2005-02
[2024-08-07T16:11:01.791+0000] {logging_mixin.py:137} INFO - Arquivo CSV encontrado: 2005/INMET_SE_RJ_A603_XEREM_01-01-2005_A_31-12-2005.CSV
[2024-08-07T16:11:04.904+0000] {logging_mixin.py:137} INFO - Escrevendo Safra 2005-02
[2024-08-07T16:11:05.048+0000] {logging_mixin.py:137} INFO - Arquivo CSV encontrado: 2005/INMET_SE_RJ_A604_CAMBUCI_01-01-2005_A_31-12-2005.CSV
[2024-08-07T16:11:07.930+0000] {logging_mixin.py:137} INFO - Escrevendo Safra 2005-02
[2024-08-07T16:11:08.072+0000] {logging_mixin.py:137} INFO - Arquivo CSV encontrado: 2005/INMET_SE_SP_A705_BAURU_01-01-2005_A_31-12-2005.CSV
[2024-08-07T16:11:10.704+0000] {logging_mixin.py:137} INFO - Escrevendo Safra 2005-02
[2024-08-07T16:11:10.835+0000] {logging_mixin.py:137} INFO - Arquivo CSV encontrado: 2005/INMET_SE_SP_A706_CAMPOS DO JORDAO_01-01-2005_A_31-12-2005.CSV
[2024-08-07T16:11:14.357+0000] {logging_mixin.py:137} INFO - Escrevendo Safra 2005-02
[2024-08-07T16:11:14.495+0000] {logging_mixin.py:137} INFO - Arquivo CSV encontrado: 2005/INMET_SE_SP_A707_PRESIDENTE PRUDENTE_01-01-2005_A_31-12-2005.CSV
[2024-08-07T16:11:17.245+0000] {logging_mixin.py:137} INFO - Escrevendo Safra 2005-02
[2024-08-07T16:11:17.370+0000] {logging_mixin.py:137} INFO - Arquivo CSV encontrado: 2005/INMET_SE_SP_A708_FRANCA_01-01-2005_A_31-12-2005.CSV
[2024-08-07T16:11:19.965+0000] {logging_mixin.py:137} INFO - Escrevendo Safra 2005-02
[2024-08-07T16:11:20.132+0000] {logging_mixin.py:137} INFO - Arquivo CSV encontrado: 2005/INMET_S_PR_A807_CURITIBA_01-01-2005_A_31-12-2005.CSV
[2024-08-07T16:11:23.271+0000] {logging_mixin.py:137} INFO - Escrevendo Safra 2005-02
[2024-08-07T16:11:23.409+0000] {logging_mixin.py:137} INFO - Arquivo CSV encontrado: 2005/INMET_S_RS_A801_PORTO ALEGRE_01-01-2005_A_31-12-2005.CSV
[2024-08-07T16:11:26.319+0000] {logging_mixin.py:137} INFO - Escrevendo Safra 2005-02
[2024-08-07T16:11:26.451+0000] {logging_mixin.py:137} INFO - Arquivo CSV encontrado: 2005/INMET_S_RS_A802_RIO GRANDE_01-01-2005_A_31-12-2005.CSV
[2024-08-07T16:11:29.515+0000] {logging_mixin.py:137} INFO - Escrevendo Safra 2005-02
[2024-08-07T16:11:29.661+0000] {logging_mixin.py:137} INFO - Arquivo CSV encontrado: 2005/INMET_S_RS_A803_SANTA MARIA_01-01-2005_A_31-12-2005.CSV
[2024-08-07T16:11:32.534+0000] {logging_mixin.py:137} INFO - Escrevendo Safra 2005-02
[2024-08-07T16:11:32.666+0000] {logging_mixin.py:137} INFO - Arquivo CSV encontrado: 2005/INMET_S_RS_A804_SANTANA DO LIVRAMENTO_01-01-2005_A_31-12-2005.CSV
[2024-08-07T16:11:35.293+0000] {logging_mixin.py:137} INFO - Escrevendo Safra 2005-02
[2024-08-07T16:11:35.457+0000] {logging_mixin.py:137} INFO - Arquivo CSV encontrado: 2005/INMET_S_RS_A805_SANTO AUGUSTO_01-01-2005_A_31-12-2005.CSV
[2024-08-07T16:11:38.676+0000] {logging_mixin.py:137} INFO - Escrevendo Safra 2005-02
[2024-08-07T16:11:38.818+0000] {logging_mixin.py:137} INFO - Arquivo CSV encontrado: 2005/INMET_S_SC_A806_FLORIANOPOLIS_01-01-2005_A_31-12-2005.CSV
[2024-08-07T16:11:41.950+0000] {logging_mixin.py:137} INFO - Escrevendo Safra 2005-02
[2024-08-07T16:11:42.096+0000] {logging_mixin.py:137} INFO - Tempo de execução de process_csv_files: 200.2941 segundos
[2024-08-07T16:11:42.096+0000] {dag_inmet.py:102} INFO - Processamento concluído com sucesso.
[2024-08-07T16:11:42.096+0000] {dag_inmet.py:106} INFO - Horário do insert na camada silver: 16:11:42
[2024-08-07T16:11:42.556+0000] {python.py:177} INFO - Done. Returned value was: None
[2024-08-07T16:11:42.574+0000] {taskinstance.py:1323} INFO - Marking task as SUCCESS. dag_id=dag_inmet, task_id=process_data, execution_date=20240807T160614, start_date=20240807T160819, end_date=20240807T161142
[2024-08-07T16:11:42.628+0000] {local_task_job.py:208} INFO - Task exited with return code 0
[2024-08-07T16:11:42.648+0000] {taskinstance.py:2578} INFO - 1 downstream tasks scheduled from follow-on schedule check
