[2024-08-07T15:45:50.825+0000] {taskinstance.py:1083} INFO - Dependencies all met for <TaskInstance: dag_inmet.send_email_results manual__2024-08-07T15:37:59.980535+00:00 [queued]>
[2024-08-07T15:45:50.834+0000] {taskinstance.py:1083} INFO - Dependencies all met for <TaskInstance: dag_inmet.send_email_results manual__2024-08-07T15:37:59.980535+00:00 [queued]>
[2024-08-07T15:45:50.834+0000] {taskinstance.py:1279} INFO - 
--------------------------------------------------------------------------------
[2024-08-07T15:45:50.834+0000] {taskinstance.py:1280} INFO - Starting attempt 1 of 1
[2024-08-07T15:45:50.834+0000] {taskinstance.py:1281} INFO - 
--------------------------------------------------------------------------------
[2024-08-07T15:45:50.844+0000] {taskinstance.py:1300} INFO - Executing <Task(EmailOperator): send_email_results> on 2024-08-07 15:37:59.980535+00:00
[2024-08-07T15:45:50.851+0000] {standard_task_runner.py:55} INFO - Started process 53332 to run task
[2024-08-07T15:45:50.853+0000] {standard_task_runner.py:82} INFO - Running: ['***', 'tasks', 'run', 'dag_inmet', 'send_email_results', 'manual__2024-08-07T15:37:59.980535+00:00', '--job-id', '5192', '--raw', '--subdir', 'DAGS_FOLDER/dag_inmet.py', '--cfg-path', '/tmp/tmps6uz58h9']
[2024-08-07T15:45:50.854+0000] {standard_task_runner.py:83} INFO - Job 5192: Subtask send_email_results
[2024-08-07T15:45:50.895+0000] {task_command.py:388} INFO - Running <TaskInstance: dag_inmet.send_email_results manual__2024-08-07T15:37:59.980535+00:00 [running]> on host a5a662cb3589
[2024-08-07T15:45:50.998+0000] {taskinstance.py:1509} INFO - Exporting the following env vars:
AIRFLOW_CTX_DAG_OWNER=***
AIRFLOW_CTX_DAG_ID=dag_inmet
AIRFLOW_CTX_TASK_ID=send_email_results
AIRFLOW_CTX_EXECUTION_DATE=2024-08-07T15:37:59.980535+00:00
AIRFLOW_CTX_TRY_NUMBER=1
AIRFLOW_CTX_DAG_RUN_ID=manual__2024-08-07T15:37:59.980535+00:00
[2024-08-07T15:45:51.007+0000] {warnings.py:110} WARNING - /home/***/.local/lib/python3.7/site-packages/***/utils/email.py:152: RemovedInAirflow3Warning: Fetching SMTP credentials from configuration variables will be deprecated in a future release. Please set credentials using a connection instead.
  send_mime_email(e_from=mail_from, e_to=recipients, mime_msg=msg, conn_id=conn_id, dryrun=dryrun)

[2024-08-07T15:45:51.007+0000] {email.py:268} INFO - Email alerting: attempt 1
[2024-08-07T15:45:53.427+0000] {email.py:280} INFO - Sent an alert email to ['kleuber94@gmail.com', 'vferreiramesquita@gmail.com']
[2024-08-07T15:45:55.892+0000] {taskinstance.py:1323} INFO - Marking task as SUCCESS. dag_id=dag_inmet, task_id=send_email_results, execution_date=20240807T153759, start_date=20240807T154550, end_date=20240807T154555
[2024-08-07T15:45:55.908+0000] {local_task_job.py:208} INFO - Task exited with return code 0
[2024-08-07T15:45:55.920+0000] {taskinstance.py:2578} INFO - 0 downstream tasks scheduled from follow-on schedule check
