[2024-08-29T14:06:46.613+0000] {taskinstance.py:1083} INFO - Dependencies all met for <TaskInstance: dag_inmet.download_data manual__2024-08-29T14:06:24.667972+00:00 [queued]>
[2024-08-29T14:06:46.619+0000] {taskinstance.py:1083} INFO - Dependencies all met for <TaskInstance: dag_inmet.download_data manual__2024-08-29T14:06:24.667972+00:00 [queued]>
[2024-08-29T14:06:46.619+0000] {taskinstance.py:1279} INFO - 
--------------------------------------------------------------------------------
[2024-08-29T14:06:46.620+0000] {taskinstance.py:1280} INFO - Starting attempt 1 of 1
[2024-08-29T14:06:46.620+0000] {taskinstance.py:1281} INFO - 
--------------------------------------------------------------------------------
[2024-08-29T14:06:46.630+0000] {taskinstance.py:1300} INFO - Executing <Task(PythonOperator): download_data> on 2024-08-29 14:06:24.667972+00:00
[2024-08-29T14:06:46.637+0000] {standard_task_runner.py:55} INFO - Started process 283 to run task
[2024-08-29T14:06:46.640+0000] {standard_task_runner.py:82} INFO - Running: ['***', 'tasks', 'run', 'dag_inmet', 'download_data', 'manual__2024-08-29T14:06:24.667972+00:00', '--job-id', '12992', '--raw', '--subdir', 'DAGS_FOLDER/dag_inmet.py', '--cfg-path', '/tmp/tmp__wwi54i']
[2024-08-29T14:06:46.641+0000] {standard_task_runner.py:83} INFO - Job 12992: Subtask download_data
[2024-08-29T14:06:46.681+0000] {task_command.py:388} INFO - Running <TaskInstance: dag_inmet.download_data manual__2024-08-29T14:06:24.667972+00:00 [running]> on host 495d425f6ed3
[2024-08-29T14:06:46.731+0000] {taskinstance.py:1509} INFO - Exporting the following env vars:
AIRFLOW_CTX_DAG_OWNER=***
AIRFLOW_CTX_DAG_ID=dag_inmet
AIRFLOW_CTX_TASK_ID=download_data
AIRFLOW_CTX_EXECUTION_DATE=2024-08-29T14:06:24.667972+00:00
AIRFLOW_CTX_TRY_NUMBER=1
AIRFLOW_CTX_DAG_RUN_ID=manual__2024-08-29T14:06:24.667972+00:00
[2024-08-29T14:06:48.027+0000] {logging_mixin.py:137} INFO - Tempo de execução de download_data: 1.2956 segundos
[2024-08-29T14:07:05.764+0000] {logging_mixin.py:137} INFO - Arquivo salvo como /opt/***/data/bronze/inmet/2024.zip
[2024-08-29T14:07:05.767+0000] {logging_mixin.py:137} INFO - Tempo de execução de download_and_save_file: 17.7399 segundos
[2024-08-29T14:07:05.784+0000] {python.py:177} INFO - Done. Returned value was: /opt/***/data/bronze/inmet/2024.zip
[2024-08-29T14:07:05.798+0000] {taskinstance.py:1323} INFO - Marking task as SUCCESS. dag_id=dag_inmet, task_id=download_data, execution_date=20240829T140624, start_date=20240829T140646, end_date=20240829T140705
[2024-08-29T14:07:05.845+0000] {local_task_job.py:208} INFO - Task exited with return code 0
[2024-08-29T14:07:05.867+0000] {taskinstance.py:2578} INFO - 1 downstream tasks scheduled from follow-on schedule check
