[2024-08-22T14:46:04.100+0000] {taskinstance.py:1083} INFO - Dependencies all met for <TaskInstance: sarima_forecast_dag.run_sarima_forecast manual__2024-08-22T14:45:54.455950+00:00 [queued]>
[2024-08-22T14:46:04.107+0000] {taskinstance.py:1083} INFO - Dependencies all met for <TaskInstance: sarima_forecast_dag.run_sarima_forecast manual__2024-08-22T14:45:54.455950+00:00 [queued]>
[2024-08-22T14:46:04.107+0000] {taskinstance.py:1279} INFO - 
--------------------------------------------------------------------------------
[2024-08-22T14:46:04.107+0000] {taskinstance.py:1280} INFO - Starting attempt 1 of 1
[2024-08-22T14:46:04.107+0000] {taskinstance.py:1281} INFO - 
--------------------------------------------------------------------------------
[2024-08-22T14:46:04.117+0000] {taskinstance.py:1300} INFO - Executing <Task(PythonOperator): run_sarima_forecast> on 2024-08-22 14:45:54.455950+00:00
[2024-08-22T14:46:04.122+0000] {standard_task_runner.py:55} INFO - Started process 183 to run task
[2024-08-22T14:46:04.125+0000] {standard_task_runner.py:82} INFO - Running: ['***', 'tasks', 'run', 'sarima_forecast_dag', 'run_sarima_forecast', 'manual__2024-08-22T14:45:54.455950+00:00', '--job-id', '10769', '--raw', '--subdir', 'DAGS_FOLDER/dag_forecast_ts_rainfall.py', '--cfg-path', '/tmp/tmplwe8pcw8']
[2024-08-22T14:46:04.126+0000] {standard_task_runner.py:83} INFO - Job 10769: Subtask run_sarima_forecast
[2024-08-22T14:46:04.167+0000] {task_command.py:388} INFO - Running <TaskInstance: sarima_forecast_dag.run_sarima_forecast manual__2024-08-22T14:45:54.455950+00:00 [running]> on host f64a695c5a62
[2024-08-22T14:46:04.220+0000] {taskinstance.py:1509} INFO - Exporting the following env vars:
AIRFLOW_CTX_DAG_OWNER=***
AIRFLOW_CTX_DAG_ID=sarima_forecast_dag
AIRFLOW_CTX_TASK_ID=run_sarima_forecast
AIRFLOW_CTX_EXECUTION_DATE=2024-08-22T14:45:54.455950+00:00
AIRFLOW_CTX_TRY_NUMBER=1
AIRFLOW_CTX_DAG_RUN_ID=manual__2024-08-22T14:45:54.455950+00:00
[2024-08-22T14:46:04.474+0000] {taskinstance.py:1768} ERROR - Task failed with exception
Traceback (most recent call last):
  File "/home/airflow/.local/lib/python3.7/site-packages/airflow/operators/python.py", line 175, in execute
    return_value = self.execute_callable()
  File "/home/airflow/.local/lib/python3.7/site-packages/airflow/operators/python.py", line 192, in execute_callable
    return self.python_callable(*self.op_args, **self.op_kwargs)
  File "/opt/airflow/dags/dag_forecast_ts_rainfall.py", line 15, in run_sarima_forecast
    sarima_plugin.load_series()
  File "/opt/airflow/plugins/forecast_ts_rainfall_plugin.py", line 18, in load_series
    self.serie_temporal = pd.read_csv(self.series_path, parse_dates=True, index_col='data')
  File "/home/airflow/.local/lib/python3.7/site-packages/pandas/util/_decorators.py", line 311, in wrapper
    return func(*args, **kwargs)
  File "/home/airflow/.local/lib/python3.7/site-packages/pandas/io/parsers/readers.py", line 586, in read_csv
    return _read(filepath_or_buffer, kwds)
  File "/home/airflow/.local/lib/python3.7/site-packages/pandas/io/parsers/readers.py", line 482, in _read
    parser = TextFileReader(filepath_or_buffer, **kwds)
  File "/home/airflow/.local/lib/python3.7/site-packages/pandas/io/parsers/readers.py", line 811, in __init__
    self._engine = self._make_engine(self.engine)
  File "/home/airflow/.local/lib/python3.7/site-packages/pandas/io/parsers/readers.py", line 1040, in _make_engine
    return mapping[engine](self.f, **self.options)  # type: ignore[call-arg]
  File "/home/airflow/.local/lib/python3.7/site-packages/pandas/io/parsers/c_parser_wrapper.py", line 157, in __init__
    self._set_noconvert_columns()
  File "/home/airflow/.local/lib/python3.7/site-packages/pandas/io/parsers/c_parser_wrapper.py", line 216, in _set_noconvert_columns
    self.names,  # type: ignore[has-type]
  File "/home/airflow/.local/lib/python3.7/site-packages/pandas/io/parsers/base_parser.py", line 668, in _set_noconvert_dtype_columns
    noconvert_columns.add(_set(k))
  File "/home/airflow/.local/lib/python3.7/site-packages/pandas/io/parsers/base_parser.py", line 645, in _set
    x = col_indices[names.index(x)]
ValueError: 'data' is not in list
[2024-08-22T14:46:04.480+0000] {taskinstance.py:1323} INFO - Marking task as FAILED. dag_id=sarima_forecast_dag, task_id=run_sarima_forecast, execution_date=20240822T144554, start_date=20240822T144604, end_date=20240822T144604
[2024-08-22T14:46:04.489+0000] {standard_task_runner.py:105} ERROR - Failed to execute job 10769 for task run_sarima_forecast ('data' is not in list; 183)
[2024-08-22T14:46:04.537+0000] {local_task_job.py:208} INFO - Task exited with return code 1
[2024-08-22T14:46:04.550+0000] {taskinstance.py:2578} INFO - 0 downstream tasks scheduled from follow-on schedule check
