[2024-07-02T12:36:11.015+0000] {taskinstance.py:1083} INFO - Dependencies all met for <TaskInstance: dagrundag1.tsk2 manual__2024-07-02T12:36:04.562017+00:00 [queued]>
[2024-07-02T12:36:11.024+0000] {taskinstance.py:1083} INFO - Dependencies all met for <TaskInstance: dagrundag1.tsk2 manual__2024-07-02T12:36:04.562017+00:00 [queued]>
[2024-07-02T12:36:11.024+0000] {taskinstance.py:1279} INFO - 
--------------------------------------------------------------------------------
[2024-07-02T12:36:11.024+0000] {taskinstance.py:1280} INFO - Starting attempt 1 of 1
[2024-07-02T12:36:11.024+0000] {taskinstance.py:1281} INFO - 
--------------------------------------------------------------------------------
[2024-07-02T12:36:11.034+0000] {taskinstance.py:1300} INFO - Executing <Task(TriggerDagRunOperator): tsk2> on 2024-07-02 12:36:04.562017+00:00
[2024-07-02T12:36:11.040+0000] {standard_task_runner.py:55} INFO - Started process 554 to run task
[2024-07-02T12:36:11.042+0000] {standard_task_runner.py:82} INFO - Running: ['***', 'tasks', 'run', 'dagrundag1', 'tsk2', 'manual__2024-07-02T12:36:04.562017+00:00', '--job-id', '259', '--raw', '--subdir', 'DAGS_FOLDER/dagdedag1.py', '--cfg-path', '/tmp/tmp7ucdrlgz']
[2024-07-02T12:36:11.042+0000] {standard_task_runner.py:83} INFO - Job 259: Subtask tsk2
[2024-07-02T12:36:11.084+0000] {task_command.py:388} INFO - Running <TaskInstance: dagrundag1.tsk2 manual__2024-07-02T12:36:04.562017+00:00 [running]> on host 6f24abcd9b64
[2024-07-02T12:36:11.137+0000] {taskinstance.py:1509} INFO - Exporting the following env vars:
AIRFLOW_CTX_DAG_OWNER=***
AIRFLOW_CTX_DAG_ID=dagrundag1
AIRFLOW_CTX_TASK_ID=tsk2
AIRFLOW_CTX_EXECUTION_DATE=2024-07-02T12:36:04.562017+00:00
AIRFLOW_CTX_TRY_NUMBER=1
AIRFLOW_CTX_DAG_RUN_ID=manual__2024-07-02T12:36:04.562017+00:00
[2024-07-02T12:36:11.193+0000] {taskinstance.py:1323} INFO - Marking task as SUCCESS. dag_id=dagrundag1, task_id=tsk2, execution_date=20240702T123604, start_date=20240702T123611, end_date=20240702T123611
[2024-07-02T12:36:11.213+0000] {local_task_job.py:208} INFO - Task exited with return code 0
[2024-07-02T12:36:11.226+0000] {taskinstance.py:2578} INFO - 0 downstream tasks scheduled from follow-on schedule check
