[2024-06-28T14:20:18.850+0000] {processor.py:153} INFO - Started process (PID=41) to work on /opt/airflow/dags/daggroup.py
[2024-06-28T14:20:18.850+0000] {processor.py:743} INFO - Processing file /opt/airflow/dags/daggroup.py for tasks to queue
[2024-06-28T14:20:18.851+0000] {logging_mixin.py:137} INFO - [2024-06-28T14:20:18.851+0000] {dagbag.py:538} INFO - Filling up the DagBag from /opt/airflow/dags/daggroup.py
[2024-06-28T14:20:18.880+0000] {processor.py:753} INFO - DAG(s) dict_keys(['daggroup']) retrieved from /opt/airflow/dags/daggroup.py
[2024-06-28T14:20:19.048+0000] {logging_mixin.py:137} INFO - [2024-06-28T14:20:19.048+0000] {manager.py:504} INFO - Created Permission View: can edit on DAG:daggroup
[2024-06-28T14:20:19.055+0000] {logging_mixin.py:137} INFO - [2024-06-28T14:20:19.055+0000] {manager.py:504} INFO - Created Permission View: can delete on DAG:daggroup
[2024-06-28T14:20:19.061+0000] {logging_mixin.py:137} INFO - [2024-06-28T14:20:19.061+0000] {manager.py:504} INFO - Created Permission View: can read on DAG:daggroup
[2024-06-28T14:20:19.061+0000] {logging_mixin.py:137} INFO - [2024-06-28T14:20:19.061+0000] {dag.py:2690} INFO - Sync 1 DAGs
[2024-06-28T14:20:19.073+0000] {logging_mixin.py:137} INFO - [2024-06-28T14:20:19.073+0000] {dag.py:2711} INFO - Creating ORM DAG for daggroup
[2024-06-28T14:20:19.085+0000] {logging_mixin.py:137} INFO - [2024-06-28T14:20:19.084+0000] {dag.py:3441} INFO - Setting next_dagrun for daggroup to None, run_after=None
[2024-06-28T14:20:19.102+0000] {processor.py:175} INFO - Processing /opt/airflow/dags/daggroup.py took 0.255 seconds
[2024-06-28T14:20:24.526+0000] {processor.py:153} INFO - Started process (PID=70) to work on /opt/airflow/dags/daggroup.py
[2024-06-28T14:20:24.526+0000] {processor.py:743} INFO - Processing file /opt/airflow/dags/daggroup.py for tasks to queue
[2024-06-28T14:20:24.527+0000] {logging_mixin.py:137} INFO - [2024-06-28T14:20:24.527+0000] {dagbag.py:538} INFO - Filling up the DagBag from /opt/airflow/dags/daggroup.py
[2024-06-28T14:20:24.539+0000] {processor.py:753} INFO - DAG(s) dict_keys(['daggroup']) retrieved from /opt/airflow/dags/daggroup.py
[2024-06-28T14:20:24.549+0000] {logging_mixin.py:137} INFO - [2024-06-28T14:20:24.549+0000] {dag.py:2690} INFO - Sync 1 DAGs
[2024-06-28T14:20:24.570+0000] {logging_mixin.py:137} INFO - [2024-06-28T14:20:24.570+0000] {dag.py:3441} INFO - Setting next_dagrun for daggroup to None, run_after=None
[2024-06-28T14:20:24.584+0000] {processor.py:175} INFO - Processing /opt/airflow/dags/daggroup.py took 0.060 seconds
[2024-06-28T14:20:29.935+0000] {processor.py:153} INFO - Started process (PID=79) to work on /opt/airflow/dags/daggroup.py
[2024-06-28T14:20:29.936+0000] {processor.py:743} INFO - Processing file /opt/airflow/dags/daggroup.py for tasks to queue
[2024-06-28T14:20:29.937+0000] {logging_mixin.py:137} INFO - [2024-06-28T14:20:29.937+0000] {dagbag.py:538} INFO - Filling up the DagBag from /opt/airflow/dags/daggroup.py
[2024-06-28T14:20:29.951+0000] {processor.py:753} INFO - DAG(s) dict_keys(['daggroup']) retrieved from /opt/airflow/dags/daggroup.py
[2024-06-28T14:20:29.960+0000] {logging_mixin.py:137} INFO - [2024-06-28T14:20:29.960+0000] {dag.py:2690} INFO - Sync 1 DAGs
[2024-06-28T14:20:29.980+0000] {logging_mixin.py:137} INFO - [2024-06-28T14:20:29.979+0000] {dag.py:3441} INFO - Setting next_dagrun for daggroup to None, run_after=None
[2024-06-28T14:20:29.993+0000] {processor.py:175} INFO - Processing /opt/airflow/dags/daggroup.py took 0.066 seconds
[2024-06-28T14:20:35.324+0000] {processor.py:153} INFO - Started process (PID=108) to work on /opt/airflow/dags/daggroup.py
[2024-06-28T14:20:35.325+0000] {processor.py:743} INFO - Processing file /opt/airflow/dags/daggroup.py for tasks to queue
[2024-06-28T14:20:35.325+0000] {logging_mixin.py:137} INFO - [2024-06-28T14:20:35.325+0000] {dagbag.py:538} INFO - Filling up the DagBag from /opt/airflow/dags/daggroup.py
[2024-06-28T14:20:35.337+0000] {processor.py:753} INFO - DAG(s) dict_keys(['daggroup']) retrieved from /opt/airflow/dags/daggroup.py
[2024-06-28T14:20:35.345+0000] {logging_mixin.py:137} INFO - [2024-06-28T14:20:35.345+0000] {dag.py:2690} INFO - Sync 1 DAGs
[2024-06-28T14:20:35.365+0000] {logging_mixin.py:137} INFO - [2024-06-28T14:20:35.365+0000] {dag.py:3441} INFO - Setting next_dagrun for daggroup to None, run_after=None
[2024-06-28T14:20:35.377+0000] {processor.py:175} INFO - Processing /opt/airflow/dags/daggroup.py took 0.055 seconds
[2024-06-28T14:20:40.742+0000] {processor.py:153} INFO - Started process (PID=117) to work on /opt/airflow/dags/daggroup.py
[2024-06-28T14:20:40.743+0000] {processor.py:743} INFO - Processing file /opt/airflow/dags/daggroup.py for tasks to queue
[2024-06-28T14:20:40.743+0000] {logging_mixin.py:137} INFO - [2024-06-28T14:20:40.743+0000] {dagbag.py:538} INFO - Filling up the DagBag from /opt/airflow/dags/daggroup.py
[2024-06-28T14:20:40.755+0000] {processor.py:753} INFO - DAG(s) dict_keys(['daggroup']) retrieved from /opt/airflow/dags/daggroup.py
[2024-06-28T14:20:40.763+0000] {logging_mixin.py:137} INFO - [2024-06-28T14:20:40.763+0000] {dag.py:2690} INFO - Sync 1 DAGs
[2024-06-28T14:20:40.782+0000] {logging_mixin.py:137} INFO - [2024-06-28T14:20:40.782+0000] {dag.py:3441} INFO - Setting next_dagrun for daggroup to None, run_after=None
[2024-06-28T14:20:40.795+0000] {processor.py:175} INFO - Processing /opt/airflow/dags/daggroup.py took 0.054 seconds
[2024-06-28T14:20:46.125+0000] {processor.py:153} INFO - Started process (PID=146) to work on /opt/airflow/dags/daggroup.py
[2024-06-28T14:20:46.131+0000] {processor.py:743} INFO - Processing file /opt/airflow/dags/daggroup.py for tasks to queue
[2024-06-28T14:20:46.132+0000] {logging_mixin.py:137} INFO - [2024-06-28T14:20:46.131+0000] {dagbag.py:538} INFO - Filling up the DagBag from /opt/airflow/dags/daggroup.py
[2024-06-28T14:20:46.149+0000] {processor.py:753} INFO - DAG(s) dict_keys(['daggroup']) retrieved from /opt/airflow/dags/daggroup.py
[2024-06-28T14:20:46.162+0000] {logging_mixin.py:137} INFO - [2024-06-28T14:20:46.162+0000] {dag.py:2690} INFO - Sync 1 DAGs
[2024-06-28T14:20:46.193+0000] {logging_mixin.py:137} INFO - [2024-06-28T14:20:46.193+0000] {dag.py:3441} INFO - Setting next_dagrun for daggroup to None, run_after=None
[2024-06-28T14:20:46.215+0000] {processor.py:175} INFO - Processing /opt/airflow/dags/daggroup.py took 0.092 seconds
[2024-06-28T14:20:51.617+0000] {processor.py:153} INFO - Started process (PID=155) to work on /opt/airflow/dags/daggroup.py
[2024-06-28T14:20:51.617+0000] {processor.py:743} INFO - Processing file /opt/airflow/dags/daggroup.py for tasks to queue
[2024-06-28T14:20:51.618+0000] {logging_mixin.py:137} INFO - [2024-06-28T14:20:51.617+0000] {dagbag.py:538} INFO - Filling up the DagBag from /opt/airflow/dags/daggroup.py
[2024-06-28T14:20:51.629+0000] {processor.py:753} INFO - DAG(s) dict_keys(['daggroup']) retrieved from /opt/airflow/dags/daggroup.py
[2024-06-28T14:20:51.647+0000] {logging_mixin.py:137} INFO - [2024-06-28T14:20:51.647+0000] {dag.py:2690} INFO - Sync 1 DAGs
[2024-06-28T14:20:51.676+0000] {logging_mixin.py:137} INFO - [2024-06-28T14:20:51.676+0000] {dag.py:3441} INFO - Setting next_dagrun for daggroup to None, run_after=None
[2024-06-28T14:20:51.692+0000] {processor.py:175} INFO - Processing /opt/airflow/dags/daggroup.py took 0.077 seconds
[2024-06-28T14:20:57.048+0000] {processor.py:153} INFO - Started process (PID=171) to work on /opt/airflow/dags/daggroup.py
[2024-06-28T14:20:57.049+0000] {processor.py:743} INFO - Processing file /opt/airflow/dags/daggroup.py for tasks to queue
[2024-06-28T14:20:57.049+0000] {logging_mixin.py:137} INFO - [2024-06-28T14:20:57.049+0000] {dagbag.py:538} INFO - Filling up the DagBag from /opt/airflow/dags/daggroup.py
[2024-06-28T14:20:57.063+0000] {processor.py:753} INFO - DAG(s) dict_keys(['daggroup']) retrieved from /opt/airflow/dags/daggroup.py
[2024-06-28T14:20:57.086+0000] {logging_mixin.py:137} INFO - [2024-06-28T14:20:57.085+0000] {dag.py:2690} INFO - Sync 1 DAGs
[2024-06-28T14:20:57.110+0000] {logging_mixin.py:137} INFO - [2024-06-28T14:20:57.110+0000] {dag.py:3441} INFO - Setting next_dagrun for daggroup to None, run_after=None
[2024-06-28T14:20:57.127+0000] {processor.py:175} INFO - Processing /opt/airflow/dags/daggroup.py took 0.081 seconds
[2024-06-28T14:21:02.675+0000] {processor.py:153} INFO - Started process (PID=193) to work on /opt/airflow/dags/daggroup.py
[2024-06-28T14:21:02.675+0000] {processor.py:743} INFO - Processing file /opt/airflow/dags/daggroup.py for tasks to queue
[2024-06-28T14:21:02.676+0000] {logging_mixin.py:137} INFO - [2024-06-28T14:21:02.676+0000] {dagbag.py:538} INFO - Filling up the DagBag from /opt/airflow/dags/daggroup.py
[2024-06-28T14:21:02.692+0000] {processor.py:753} INFO - DAG(s) dict_keys(['daggroup']) retrieved from /opt/airflow/dags/daggroup.py
[2024-06-28T14:21:02.711+0000] {logging_mixin.py:137} INFO - [2024-06-28T14:21:02.710+0000] {dag.py:2690} INFO - Sync 1 DAGs
[2024-06-28T14:21:02.729+0000] {logging_mixin.py:137} INFO - [2024-06-28T14:21:02.729+0000] {dag.py:3441} INFO - Setting next_dagrun for daggroup to None, run_after=None
[2024-06-28T14:21:02.742+0000] {processor.py:175} INFO - Processing /opt/airflow/dags/daggroup.py took 0.072 seconds
[2024-06-28T14:21:08.087+0000] {processor.py:153} INFO - Started process (PID=206) to work on /opt/airflow/dags/daggroup.py
[2024-06-28T14:21:08.088+0000] {processor.py:743} INFO - Processing file /opt/airflow/dags/daggroup.py for tasks to queue
[2024-06-28T14:21:08.088+0000] {logging_mixin.py:137} INFO - [2024-06-28T14:21:08.088+0000] {dagbag.py:538} INFO - Filling up the DagBag from /opt/airflow/dags/daggroup.py
[2024-06-28T14:21:08.099+0000] {processor.py:753} INFO - DAG(s) dict_keys(['daggroup']) retrieved from /opt/airflow/dags/daggroup.py
[2024-06-28T14:21:08.116+0000] {logging_mixin.py:137} INFO - [2024-06-28T14:21:08.116+0000] {dag.py:2690} INFO - Sync 1 DAGs
[2024-06-28T14:21:08.136+0000] {logging_mixin.py:137} INFO - [2024-06-28T14:21:08.136+0000] {dag.py:3441} INFO - Setting next_dagrun for daggroup to None, run_after=None
[2024-06-28T14:21:08.148+0000] {processor.py:175} INFO - Processing /opt/airflow/dags/daggroup.py took 0.063 seconds
[2024-06-28T14:21:13.445+0000] {processor.py:153} INFO - Started process (PID=239) to work on /opt/airflow/dags/daggroup.py
[2024-06-28T14:21:13.451+0000] {processor.py:743} INFO - Processing file /opt/airflow/dags/daggroup.py for tasks to queue
[2024-06-28T14:21:13.453+0000] {logging_mixin.py:137} INFO - [2024-06-28T14:21:13.452+0000] {dagbag.py:538} INFO - Filling up the DagBag from /opt/airflow/dags/daggroup.py
[2024-06-28T14:21:13.465+0000] {processor.py:753} INFO - DAG(s) dict_keys(['daggroup']) retrieved from /opt/airflow/dags/daggroup.py
[2024-06-28T14:21:13.482+0000] {logging_mixin.py:137} INFO - [2024-06-28T14:21:13.481+0000] {dag.py:2690} INFO - Sync 1 DAGs
[2024-06-28T14:21:13.500+0000] {logging_mixin.py:137} INFO - [2024-06-28T14:21:13.500+0000] {dag.py:3441} INFO - Setting next_dagrun for daggroup to None, run_after=None
[2024-06-28T14:21:13.512+0000] {processor.py:175} INFO - Processing /opt/airflow/dags/daggroup.py took 0.069 seconds
[2024-06-28T14:21:18.895+0000] {processor.py:153} INFO - Started process (PID=248) to work on /opt/airflow/dags/daggroup.py
[2024-06-28T14:21:18.900+0000] {processor.py:743} INFO - Processing file /opt/airflow/dags/daggroup.py for tasks to queue
[2024-06-28T14:21:18.901+0000] {logging_mixin.py:137} INFO - [2024-06-28T14:21:18.900+0000] {dagbag.py:538} INFO - Filling up the DagBag from /opt/airflow/dags/daggroup.py
[2024-06-28T14:21:18.912+0000] {processor.py:753} INFO - DAG(s) dict_keys(['daggroup']) retrieved from /opt/airflow/dags/daggroup.py
[2024-06-28T14:21:18.928+0000] {logging_mixin.py:137} INFO - [2024-06-28T14:21:18.928+0000] {dag.py:2690} INFO - Sync 1 DAGs
[2024-06-28T14:21:18.947+0000] {logging_mixin.py:137} INFO - [2024-06-28T14:21:18.946+0000] {dag.py:3441} INFO - Setting next_dagrun for daggroup to None, run_after=None
[2024-06-28T14:21:18.960+0000] {processor.py:175} INFO - Processing /opt/airflow/dags/daggroup.py took 0.067 seconds
[2024-06-28T14:21:24.305+0000] {processor.py:153} INFO - Started process (PID=277) to work on /opt/airflow/dags/daggroup.py
[2024-06-28T14:21:24.311+0000] {processor.py:743} INFO - Processing file /opt/airflow/dags/daggroup.py for tasks to queue
[2024-06-28T14:21:24.311+0000] {logging_mixin.py:137} INFO - [2024-06-28T14:21:24.311+0000] {dagbag.py:538} INFO - Filling up the DagBag from /opt/airflow/dags/daggroup.py
[2024-06-28T14:21:24.322+0000] {processor.py:753} INFO - DAG(s) dict_keys(['daggroup']) retrieved from /opt/airflow/dags/daggroup.py
[2024-06-28T14:21:24.339+0000] {logging_mixin.py:137} INFO - [2024-06-28T14:21:24.338+0000] {dag.py:2690} INFO - Sync 1 DAGs
[2024-06-28T14:21:24.357+0000] {logging_mixin.py:137} INFO - [2024-06-28T14:21:24.357+0000] {dag.py:3441} INFO - Setting next_dagrun for daggroup to None, run_after=None
[2024-06-28T14:21:24.370+0000] {processor.py:175} INFO - Processing /opt/airflow/dags/daggroup.py took 0.066 seconds
[2024-06-28T14:21:29.719+0000] {processor.py:153} INFO - Started process (PID=290) to work on /opt/airflow/dags/daggroup.py
[2024-06-28T14:21:29.720+0000] {processor.py:743} INFO - Processing file /opt/airflow/dags/daggroup.py for tasks to queue
[2024-06-28T14:21:29.721+0000] {logging_mixin.py:137} INFO - [2024-06-28T14:21:29.721+0000] {dagbag.py:538} INFO - Filling up the DagBag from /opt/airflow/dags/daggroup.py
[2024-06-28T14:21:29.746+0000] {processor.py:753} INFO - DAG(s) dict_keys(['daggroup']) retrieved from /opt/airflow/dags/daggroup.py
[2024-06-28T14:21:29.767+0000] {logging_mixin.py:137} INFO - [2024-06-28T14:21:29.767+0000] {dag.py:2690} INFO - Sync 1 DAGs
[2024-06-28T14:21:29.785+0000] {logging_mixin.py:137} INFO - [2024-06-28T14:21:29.785+0000] {dag.py:3441} INFO - Setting next_dagrun for daggroup to None, run_after=None
[2024-06-28T14:21:29.797+0000] {processor.py:175} INFO - Processing /opt/airflow/dags/daggroup.py took 0.086 seconds
[2024-06-28T14:21:35.140+0000] {processor.py:153} INFO - Started process (PID=319) to work on /opt/airflow/dags/daggroup.py
[2024-06-28T14:21:35.141+0000] {processor.py:743} INFO - Processing file /opt/airflow/dags/daggroup.py for tasks to queue
[2024-06-28T14:21:35.142+0000] {logging_mixin.py:137} INFO - [2024-06-28T14:21:35.142+0000] {dagbag.py:538} INFO - Filling up the DagBag from /opt/airflow/dags/daggroup.py
[2024-06-28T14:21:35.162+0000] {processor.py:753} INFO - DAG(s) dict_keys(['daggroup']) retrieved from /opt/airflow/dags/daggroup.py
[2024-06-28T14:21:35.183+0000] {logging_mixin.py:137} INFO - [2024-06-28T14:21:35.183+0000] {dag.py:2690} INFO - Sync 1 DAGs
[2024-06-28T14:21:35.203+0000] {logging_mixin.py:137} INFO - [2024-06-28T14:21:35.203+0000] {dag.py:3441} INFO - Setting next_dagrun for daggroup to None, run_after=None
[2024-06-28T14:21:35.216+0000] {processor.py:175} INFO - Processing /opt/airflow/dags/daggroup.py took 0.082 seconds
[2024-06-28T14:21:40.555+0000] {processor.py:153} INFO - Started process (PID=328) to work on /opt/airflow/dags/daggroup.py
[2024-06-28T14:21:40.561+0000] {processor.py:743} INFO - Processing file /opt/airflow/dags/daggroup.py for tasks to queue
[2024-06-28T14:21:40.561+0000] {logging_mixin.py:137} INFO - [2024-06-28T14:21:40.561+0000] {dagbag.py:538} INFO - Filling up the DagBag from /opt/airflow/dags/daggroup.py
[2024-06-28T14:21:40.570+0000] {processor.py:753} INFO - DAG(s) dict_keys(['daggroup']) retrieved from /opt/airflow/dags/daggroup.py
[2024-06-28T14:21:40.587+0000] {logging_mixin.py:137} INFO - [2024-06-28T14:21:40.587+0000] {dag.py:2690} INFO - Sync 1 DAGs
[2024-06-28T14:21:40.605+0000] {logging_mixin.py:137} INFO - [2024-06-28T14:21:40.605+0000] {dag.py:3441} INFO - Setting next_dagrun for daggroup to None, run_after=None
[2024-06-28T14:21:40.618+0000] {processor.py:175} INFO - Processing /opt/airflow/dags/daggroup.py took 0.064 seconds
[2024-06-28T14:21:46.031+0000] {processor.py:153} INFO - Started process (PID=357) to work on /opt/airflow/dags/daggroup.py
[2024-06-28T14:21:46.031+0000] {processor.py:743} INFO - Processing file /opt/airflow/dags/daggroup.py for tasks to queue
[2024-06-28T14:21:46.032+0000] {logging_mixin.py:137} INFO - [2024-06-28T14:21:46.032+0000] {dagbag.py:538} INFO - Filling up the DagBag from /opt/airflow/dags/daggroup.py
[2024-06-28T14:21:46.045+0000] {processor.py:753} INFO - DAG(s) dict_keys(['daggroup']) retrieved from /opt/airflow/dags/daggroup.py
[2024-06-28T14:21:46.072+0000] {logging_mixin.py:137} INFO - [2024-06-28T14:21:46.072+0000] {dag.py:2690} INFO - Sync 1 DAGs
[2024-06-28T14:21:46.100+0000] {logging_mixin.py:137} INFO - [2024-06-28T14:21:46.100+0000] {dag.py:3441} INFO - Setting next_dagrun for daggroup to None, run_after=None
[2024-06-28T14:21:46.121+0000] {processor.py:175} INFO - Processing /opt/airflow/dags/daggroup.py took 0.092 seconds
[2024-06-28T14:21:51.636+0000] {processor.py:153} INFO - Started process (PID=366) to work on /opt/airflow/dags/daggroup.py
[2024-06-28T14:21:51.641+0000] {processor.py:743} INFO - Processing file /opt/airflow/dags/daggroup.py for tasks to queue
[2024-06-28T14:21:51.642+0000] {logging_mixin.py:137} INFO - [2024-06-28T14:21:51.642+0000] {dagbag.py:538} INFO - Filling up the DagBag from /opt/airflow/dags/daggroup.py
[2024-06-28T14:21:51.654+0000] {processor.py:753} INFO - DAG(s) dict_keys(['daggroup']) retrieved from /opt/airflow/dags/daggroup.py
[2024-06-28T14:21:51.675+0000] {logging_mixin.py:137} INFO - [2024-06-28T14:21:51.675+0000] {dag.py:2690} INFO - Sync 1 DAGs
[2024-06-28T14:21:51.698+0000] {logging_mixin.py:137} INFO - [2024-06-28T14:21:51.698+0000] {dag.py:3441} INFO - Setting next_dagrun for daggroup to None, run_after=None
[2024-06-28T14:21:51.713+0000] {processor.py:175} INFO - Processing /opt/airflow/dags/daggroup.py took 0.083 seconds
[2024-06-28T14:21:57.138+0000] {processor.py:153} INFO - Started process (PID=375) to work on /opt/airflow/dags/daggroup.py
[2024-06-28T14:21:57.144+0000] {processor.py:743} INFO - Processing file /opt/airflow/dags/daggroup.py for tasks to queue
[2024-06-28T14:21:57.144+0000] {logging_mixin.py:137} INFO - [2024-06-28T14:21:57.144+0000] {dagbag.py:538} INFO - Filling up the DagBag from /opt/airflow/dags/daggroup.py
[2024-06-28T14:21:57.157+0000] {processor.py:753} INFO - DAG(s) dict_keys(['daggroup']) retrieved from /opt/airflow/dags/daggroup.py
[2024-06-28T14:21:57.180+0000] {logging_mixin.py:137} INFO - [2024-06-28T14:21:57.180+0000] {dag.py:2690} INFO - Sync 1 DAGs
[2024-06-28T14:21:57.205+0000] {logging_mixin.py:137} INFO - [2024-06-28T14:21:57.204+0000] {dag.py:3441} INFO - Setting next_dagrun for daggroup to None, run_after=None
[2024-06-28T14:21:57.224+0000] {processor.py:175} INFO - Processing /opt/airflow/dags/daggroup.py took 0.088 seconds
[2024-06-28T14:22:02.762+0000] {processor.py:153} INFO - Started process (PID=404) to work on /opt/airflow/dags/daggroup.py
[2024-06-28T14:22:02.763+0000] {processor.py:743} INFO - Processing file /opt/airflow/dags/daggroup.py for tasks to queue
[2024-06-28T14:22:02.763+0000] {logging_mixin.py:137} INFO - [2024-06-28T14:22:02.763+0000] {dagbag.py:538} INFO - Filling up the DagBag from /opt/airflow/dags/daggroup.py
[2024-06-28T14:22:02.777+0000] {processor.py:753} INFO - DAG(s) dict_keys(['daggroup']) retrieved from /opt/airflow/dags/daggroup.py
[2024-06-28T14:22:02.802+0000] {logging_mixin.py:137} INFO - [2024-06-28T14:22:02.801+0000] {dag.py:2690} INFO - Sync 1 DAGs
[2024-06-28T14:22:02.824+0000] {logging_mixin.py:137} INFO - [2024-06-28T14:22:02.824+0000] {dag.py:3441} INFO - Setting next_dagrun for daggroup to None, run_after=None
[2024-06-28T14:22:02.841+0000] {processor.py:175} INFO - Processing /opt/airflow/dags/daggroup.py took 0.081 seconds
[2024-06-28T14:22:08.246+0000] {processor.py:153} INFO - Started process (PID=413) to work on /opt/airflow/dags/daggroup.py
[2024-06-28T14:22:08.252+0000] {processor.py:743} INFO - Processing file /opt/airflow/dags/daggroup.py for tasks to queue
[2024-06-28T14:22:08.252+0000] {logging_mixin.py:137} INFO - [2024-06-28T14:22:08.252+0000] {dagbag.py:538} INFO - Filling up the DagBag from /opt/airflow/dags/daggroup.py
[2024-06-28T14:22:08.264+0000] {processor.py:753} INFO - DAG(s) dict_keys(['daggroup']) retrieved from /opt/airflow/dags/daggroup.py
[2024-06-28T14:22:08.284+0000] {logging_mixin.py:137} INFO - [2024-06-28T14:22:08.284+0000] {dag.py:2690} INFO - Sync 1 DAGs
[2024-06-28T14:22:08.308+0000] {logging_mixin.py:137} INFO - [2024-06-28T14:22:08.308+0000] {dag.py:3441} INFO - Setting next_dagrun for daggroup to None, run_after=None
[2024-06-28T14:22:08.322+0000] {processor.py:175} INFO - Processing /opt/airflow/dags/daggroup.py took 0.079 seconds
[2024-06-28T14:22:13.753+0000] {processor.py:153} INFO - Started process (PID=442) to work on /opt/airflow/dags/daggroup.py
[2024-06-28T14:22:13.753+0000] {processor.py:743} INFO - Processing file /opt/airflow/dags/daggroup.py for tasks to queue
[2024-06-28T14:22:13.754+0000] {logging_mixin.py:137} INFO - [2024-06-28T14:22:13.754+0000] {dagbag.py:538} INFO - Filling up the DagBag from /opt/airflow/dags/daggroup.py
[2024-06-28T14:22:13.766+0000] {processor.py:753} INFO - DAG(s) dict_keys(['daggroup']) retrieved from /opt/airflow/dags/daggroup.py
[2024-06-28T14:22:13.788+0000] {logging_mixin.py:137} INFO - [2024-06-28T14:22:13.787+0000] {dag.py:2690} INFO - Sync 1 DAGs
[2024-06-28T14:22:13.810+0000] {logging_mixin.py:137} INFO - [2024-06-28T14:22:13.810+0000] {dag.py:3441} INFO - Setting next_dagrun for daggroup to None, run_after=None
[2024-06-28T14:22:13.826+0000] {processor.py:175} INFO - Processing /opt/airflow/dags/daggroup.py took 0.076 seconds
[2024-06-28T14:22:19.231+0000] {processor.py:153} INFO - Started process (PID=451) to work on /opt/airflow/dags/daggroup.py
[2024-06-28T14:22:19.231+0000] {processor.py:743} INFO - Processing file /opt/airflow/dags/daggroup.py for tasks to queue
[2024-06-28T14:22:19.232+0000] {logging_mixin.py:137} INFO - [2024-06-28T14:22:19.232+0000] {dagbag.py:538} INFO - Filling up the DagBag from /opt/airflow/dags/daggroup.py
[2024-06-28T14:22:19.244+0000] {processor.py:753} INFO - DAG(s) dict_keys(['daggroup']) retrieved from /opt/airflow/dags/daggroup.py
[2024-06-28T14:22:19.263+0000] {logging_mixin.py:137} INFO - [2024-06-28T14:22:19.263+0000] {dag.py:2690} INFO - Sync 1 DAGs
[2024-06-28T14:22:19.286+0000] {logging_mixin.py:137} INFO - [2024-06-28T14:22:19.286+0000] {dag.py:3441} INFO - Setting next_dagrun for daggroup to None, run_after=None
[2024-06-28T14:22:19.303+0000] {processor.py:175} INFO - Processing /opt/airflow/dags/daggroup.py took 0.075 seconds
[2024-06-28T14:22:24.675+0000] {processor.py:153} INFO - Started process (PID=480) to work on /opt/airflow/dags/daggroup.py
[2024-06-28T14:22:24.676+0000] {processor.py:743} INFO - Processing file /opt/airflow/dags/daggroup.py for tasks to queue
[2024-06-28T14:22:24.677+0000] {logging_mixin.py:137} INFO - [2024-06-28T14:22:24.677+0000] {dagbag.py:538} INFO - Filling up the DagBag from /opt/airflow/dags/daggroup.py
[2024-06-28T14:22:24.689+0000] {processor.py:753} INFO - DAG(s) dict_keys(['daggroup']) retrieved from /opt/airflow/dags/daggroup.py
[2024-06-28T14:22:24.709+0000] {logging_mixin.py:137} INFO - [2024-06-28T14:22:24.709+0000] {dag.py:2690} INFO - Sync 1 DAGs
[2024-06-28T14:22:24.732+0000] {logging_mixin.py:137} INFO - [2024-06-28T14:22:24.731+0000] {dag.py:3441} INFO - Setting next_dagrun for daggroup to None, run_after=None
[2024-06-28T14:22:24.746+0000] {processor.py:175} INFO - Processing /opt/airflow/dags/daggroup.py took 0.074 seconds
[2024-06-28T14:22:30.127+0000] {processor.py:153} INFO - Started process (PID=489) to work on /opt/airflow/dags/daggroup.py
[2024-06-28T14:22:30.128+0000] {processor.py:743} INFO - Processing file /opt/airflow/dags/daggroup.py for tasks to queue
[2024-06-28T14:22:30.128+0000] {logging_mixin.py:137} INFO - [2024-06-28T14:22:30.128+0000] {dagbag.py:538} INFO - Filling up the DagBag from /opt/airflow/dags/daggroup.py
[2024-06-28T14:22:30.140+0000] {processor.py:753} INFO - DAG(s) dict_keys(['daggroup']) retrieved from /opt/airflow/dags/daggroup.py
[2024-06-28T14:22:30.160+0000] {logging_mixin.py:137} INFO - [2024-06-28T14:22:30.159+0000] {dag.py:2690} INFO - Sync 1 DAGs
[2024-06-28T14:22:30.184+0000] {logging_mixin.py:137} INFO - [2024-06-28T14:22:30.183+0000] {dag.py:3441} INFO - Setting next_dagrun for daggroup to None, run_after=None
[2024-06-28T14:22:30.199+0000] {processor.py:175} INFO - Processing /opt/airflow/dags/daggroup.py took 0.074 seconds
[2024-06-28T14:22:35.621+0000] {processor.py:153} INFO - Started process (PID=518) to work on /opt/airflow/dags/daggroup.py
[2024-06-28T14:22:35.621+0000] {processor.py:743} INFO - Processing file /opt/airflow/dags/daggroup.py for tasks to queue
[2024-06-28T14:22:35.622+0000] {logging_mixin.py:137} INFO - [2024-06-28T14:22:35.622+0000] {dagbag.py:538} INFO - Filling up the DagBag from /opt/airflow/dags/daggroup.py
[2024-06-28T14:22:35.634+0000] {processor.py:753} INFO - DAG(s) dict_keys(['daggroup']) retrieved from /opt/airflow/dags/daggroup.py
[2024-06-28T14:22:35.654+0000] {logging_mixin.py:137} INFO - [2024-06-28T14:22:35.654+0000] {dag.py:2690} INFO - Sync 1 DAGs
[2024-06-28T14:22:35.679+0000] {logging_mixin.py:137} INFO - [2024-06-28T14:22:35.679+0000] {dag.py:3441} INFO - Setting next_dagrun for daggroup to None, run_after=None
[2024-06-28T14:22:35.694+0000] {processor.py:175} INFO - Processing /opt/airflow/dags/daggroup.py took 0.076 seconds
[2024-06-28T14:22:41.158+0000] {processor.py:153} INFO - Started process (PID=527) to work on /opt/airflow/dags/daggroup.py
[2024-06-28T14:22:41.164+0000] {processor.py:743} INFO - Processing file /opt/airflow/dags/daggroup.py for tasks to queue
[2024-06-28T14:22:41.165+0000] {logging_mixin.py:137} INFO - [2024-06-28T14:22:41.165+0000] {dagbag.py:538} INFO - Filling up the DagBag from /opt/airflow/dags/daggroup.py
[2024-06-28T14:22:41.182+0000] {processor.py:753} INFO - DAG(s) dict_keys(['daggroup']) retrieved from /opt/airflow/dags/daggroup.py
[2024-06-28T14:22:41.200+0000] {logging_mixin.py:137} INFO - [2024-06-28T14:22:41.200+0000] {dag.py:2690} INFO - Sync 1 DAGs
[2024-06-28T14:22:41.223+0000] {logging_mixin.py:137} INFO - [2024-06-28T14:22:41.223+0000] {dag.py:3441} INFO - Setting next_dagrun for daggroup to None, run_after=None
[2024-06-28T14:22:41.238+0000] {processor.py:175} INFO - Processing /opt/airflow/dags/daggroup.py took 0.088 seconds
[2024-06-28T14:22:46.686+0000] {processor.py:153} INFO - Started process (PID=545) to work on /opt/airflow/dags/daggroup.py
[2024-06-28T14:22:46.692+0000] {processor.py:743} INFO - Processing file /opt/airflow/dags/daggroup.py for tasks to queue
[2024-06-28T14:22:46.692+0000] {logging_mixin.py:137} INFO - [2024-06-28T14:22:46.692+0000] {dagbag.py:538} INFO - Filling up the DagBag from /opt/airflow/dags/daggroup.py
[2024-06-28T14:22:46.702+0000] {processor.py:753} INFO - DAG(s) dict_keys(['daggroup']) retrieved from /opt/airflow/dags/daggroup.py
[2024-06-28T14:22:46.723+0000] {logging_mixin.py:137} INFO - [2024-06-28T14:22:46.723+0000] {dag.py:2690} INFO - Sync 1 DAGs
[2024-06-28T14:22:46.750+0000] {logging_mixin.py:137} INFO - [2024-06-28T14:22:46.750+0000] {dag.py:3441} INFO - Setting next_dagrun for daggroup to None, run_after=None
[2024-06-28T14:22:46.768+0000] {processor.py:175} INFO - Processing /opt/airflow/dags/daggroup.py took 0.084 seconds
[2024-06-28T14:22:52.297+0000] {processor.py:153} INFO - Started process (PID=565) to work on /opt/airflow/dags/daggroup.py
[2024-06-28T14:22:52.302+0000] {processor.py:743} INFO - Processing file /opt/airflow/dags/daggroup.py for tasks to queue
[2024-06-28T14:22:52.303+0000] {logging_mixin.py:137} INFO - [2024-06-28T14:22:52.303+0000] {dagbag.py:538} INFO - Filling up the DagBag from /opt/airflow/dags/daggroup.py
[2024-06-28T14:22:52.314+0000] {processor.py:753} INFO - DAG(s) dict_keys(['daggroup']) retrieved from /opt/airflow/dags/daggroup.py
[2024-06-28T14:22:52.333+0000] {logging_mixin.py:137} INFO - [2024-06-28T14:22:52.333+0000] {dag.py:2690} INFO - Sync 1 DAGs
[2024-06-28T14:22:52.353+0000] {logging_mixin.py:137} INFO - [2024-06-28T14:22:52.353+0000] {dag.py:3441} INFO - Setting next_dagrun for daggroup to None, run_after=None
[2024-06-28T14:22:52.368+0000] {processor.py:175} INFO - Processing /opt/airflow/dags/daggroup.py took 0.074 seconds
[2024-06-28T14:22:57.748+0000] {processor.py:153} INFO - Started process (PID=574) to work on /opt/airflow/dags/daggroup.py
[2024-06-28T14:22:57.749+0000] {processor.py:743} INFO - Processing file /opt/airflow/dags/daggroup.py for tasks to queue
[2024-06-28T14:22:57.749+0000] {logging_mixin.py:137} INFO - [2024-06-28T14:22:57.749+0000] {dagbag.py:538} INFO - Filling up the DagBag from /opt/airflow/dags/daggroup.py
[2024-06-28T14:22:57.761+0000] {processor.py:753} INFO - DAG(s) dict_keys(['daggroup']) retrieved from /opt/airflow/dags/daggroup.py
[2024-06-28T14:22:57.781+0000] {logging_mixin.py:137} INFO - [2024-06-28T14:22:57.781+0000] {dag.py:2690} INFO - Sync 1 DAGs
[2024-06-28T14:22:57.801+0000] {logging_mixin.py:137} INFO - [2024-06-28T14:22:57.801+0000] {dag.py:3441} INFO - Setting next_dagrun for daggroup to None, run_after=None
[2024-06-28T14:22:57.816+0000] {processor.py:175} INFO - Processing /opt/airflow/dags/daggroup.py took 0.070 seconds
[2024-06-28T14:23:03.185+0000] {processor.py:153} INFO - Started process (PID=603) to work on /opt/airflow/dags/daggroup.py
[2024-06-28T14:23:03.190+0000] {processor.py:743} INFO - Processing file /opt/airflow/dags/daggroup.py for tasks to queue
[2024-06-28T14:23:03.191+0000] {logging_mixin.py:137} INFO - [2024-06-28T14:23:03.191+0000] {dagbag.py:538} INFO - Filling up the DagBag from /opt/airflow/dags/daggroup.py
[2024-06-28T14:23:03.202+0000] {processor.py:753} INFO - DAG(s) dict_keys(['daggroup']) retrieved from /opt/airflow/dags/daggroup.py
[2024-06-28T14:23:03.220+0000] {logging_mixin.py:137} INFO - [2024-06-28T14:23:03.220+0000] {dag.py:2690} INFO - Sync 1 DAGs
[2024-06-28T14:23:03.239+0000] {logging_mixin.py:137} INFO - [2024-06-28T14:23:03.239+0000] {dag.py:3441} INFO - Setting next_dagrun for daggroup to None, run_after=None
[2024-06-28T14:23:03.253+0000] {processor.py:175} INFO - Processing /opt/airflow/dags/daggroup.py took 0.071 seconds
[2024-06-28T14:23:08.620+0000] {processor.py:153} INFO - Started process (PID=612) to work on /opt/airflow/dags/daggroup.py
[2024-06-28T14:23:08.621+0000] {processor.py:743} INFO - Processing file /opt/airflow/dags/daggroup.py for tasks to queue
[2024-06-28T14:23:08.621+0000] {logging_mixin.py:137} INFO - [2024-06-28T14:23:08.621+0000] {dagbag.py:538} INFO - Filling up the DagBag from /opt/airflow/dags/daggroup.py
[2024-06-28T14:23:08.633+0000] {processor.py:753} INFO - DAG(s) dict_keys(['daggroup']) retrieved from /opt/airflow/dags/daggroup.py
[2024-06-28T14:23:08.651+0000] {logging_mixin.py:137} INFO - [2024-06-28T14:23:08.651+0000] {dag.py:2690} INFO - Sync 1 DAGs
[2024-06-28T14:23:08.671+0000] {logging_mixin.py:137} INFO - [2024-06-28T14:23:08.671+0000] {dag.py:3441} INFO - Setting next_dagrun for daggroup to None, run_after=None
[2024-06-28T14:23:08.685+0000] {processor.py:175} INFO - Processing /opt/airflow/dags/daggroup.py took 0.066 seconds
[2024-06-28T14:23:14.066+0000] {processor.py:153} INFO - Started process (PID=641) to work on /opt/airflow/dags/daggroup.py
[2024-06-28T14:23:14.067+0000] {processor.py:743} INFO - Processing file /opt/airflow/dags/daggroup.py for tasks to queue
[2024-06-28T14:23:14.068+0000] {logging_mixin.py:137} INFO - [2024-06-28T14:23:14.068+0000] {dagbag.py:538} INFO - Filling up the DagBag from /opt/airflow/dags/daggroup.py
[2024-06-28T14:23:14.085+0000] {processor.py:753} INFO - DAG(s) dict_keys(['daggroup']) retrieved from /opt/airflow/dags/daggroup.py
[2024-06-28T14:23:14.104+0000] {logging_mixin.py:137} INFO - [2024-06-28T14:23:14.104+0000] {dag.py:2690} INFO - Sync 1 DAGs
[2024-06-28T14:23:14.124+0000] {logging_mixin.py:137} INFO - [2024-06-28T14:23:14.124+0000] {dag.py:3441} INFO - Setting next_dagrun for daggroup to None, run_after=None
[2024-06-28T14:23:14.137+0000] {processor.py:175} INFO - Processing /opt/airflow/dags/daggroup.py took 0.078 seconds
[2024-06-28T14:23:19.484+0000] {processor.py:153} INFO - Started process (PID=650) to work on /opt/airflow/dags/daggroup.py
[2024-06-28T14:23:19.485+0000] {processor.py:743} INFO - Processing file /opt/airflow/dags/daggroup.py for tasks to queue
[2024-06-28T14:23:19.485+0000] {logging_mixin.py:137} INFO - [2024-06-28T14:23:19.485+0000] {dagbag.py:538} INFO - Filling up the DagBag from /opt/airflow/dags/daggroup.py
[2024-06-28T14:23:19.497+0000] {processor.py:753} INFO - DAG(s) dict_keys(['daggroup']) retrieved from /opt/airflow/dags/daggroup.py
[2024-06-28T14:23:19.515+0000] {logging_mixin.py:137} INFO - [2024-06-28T14:23:19.514+0000] {dag.py:2690} INFO - Sync 1 DAGs
[2024-06-28T14:23:19.533+0000] {logging_mixin.py:137} INFO - [2024-06-28T14:23:19.533+0000] {dag.py:3441} INFO - Setting next_dagrun for daggroup to None, run_after=None
[2024-06-28T14:23:19.546+0000] {processor.py:175} INFO - Processing /opt/airflow/dags/daggroup.py took 0.065 seconds
[2024-06-28T14:23:24.918+0000] {processor.py:153} INFO - Started process (PID=679) to work on /opt/airflow/dags/daggroup.py
[2024-06-28T14:23:24.919+0000] {processor.py:743} INFO - Processing file /opt/airflow/dags/daggroup.py for tasks to queue
[2024-06-28T14:23:24.920+0000] {logging_mixin.py:137} INFO - [2024-06-28T14:23:24.919+0000] {dagbag.py:538} INFO - Filling up the DagBag from /opt/airflow/dags/daggroup.py
[2024-06-28T14:23:24.937+0000] {processor.py:753} INFO - DAG(s) dict_keys(['daggroup']) retrieved from /opt/airflow/dags/daggroup.py
[2024-06-28T14:23:24.957+0000] {logging_mixin.py:137} INFO - [2024-06-28T14:23:24.956+0000] {dag.py:2690} INFO - Sync 1 DAGs
[2024-06-28T14:23:24.975+0000] {logging_mixin.py:137} INFO - [2024-06-28T14:23:24.975+0000] {dag.py:3441} INFO - Setting next_dagrun for daggroup to None, run_after=None
[2024-06-28T14:23:24.988+0000] {processor.py:175} INFO - Processing /opt/airflow/dags/daggroup.py took 0.076 seconds
[2024-06-28T14:23:30.334+0000] {processor.py:153} INFO - Started process (PID=688) to work on /opt/airflow/dags/daggroup.py
[2024-06-28T14:23:30.340+0000] {processor.py:743} INFO - Processing file /opt/airflow/dags/daggroup.py for tasks to queue
[2024-06-28T14:23:30.340+0000] {logging_mixin.py:137} INFO - [2024-06-28T14:23:30.340+0000] {dagbag.py:538} INFO - Filling up the DagBag from /opt/airflow/dags/daggroup.py
[2024-06-28T14:23:30.351+0000] {processor.py:753} INFO - DAG(s) dict_keys(['daggroup']) retrieved from /opt/airflow/dags/daggroup.py
[2024-06-28T14:23:30.368+0000] {logging_mixin.py:137} INFO - [2024-06-28T14:23:30.368+0000] {dag.py:2690} INFO - Sync 1 DAGs
[2024-06-28T14:23:30.387+0000] {logging_mixin.py:137} INFO - [2024-06-28T14:23:30.387+0000] {dag.py:3441} INFO - Setting next_dagrun for daggroup to None, run_after=None
[2024-06-28T14:23:30.402+0000] {processor.py:175} INFO - Processing /opt/airflow/dags/daggroup.py took 0.070 seconds
[2024-06-28T14:23:35.761+0000] {processor.py:153} INFO - Started process (PID=717) to work on /opt/airflow/dags/daggroup.py
[2024-06-28T14:23:35.762+0000] {processor.py:743} INFO - Processing file /opt/airflow/dags/daggroup.py for tasks to queue
[2024-06-28T14:23:35.762+0000] {logging_mixin.py:137} INFO - [2024-06-28T14:23:35.762+0000] {dagbag.py:538} INFO - Filling up the DagBag from /opt/airflow/dags/daggroup.py
[2024-06-28T14:23:35.773+0000] {processor.py:753} INFO - DAG(s) dict_keys(['daggroup']) retrieved from /opt/airflow/dags/daggroup.py
[2024-06-28T14:23:35.791+0000] {logging_mixin.py:137} INFO - [2024-06-28T14:23:35.791+0000] {dag.py:2690} INFO - Sync 1 DAGs
[2024-06-28T14:23:35.811+0000] {logging_mixin.py:137} INFO - [2024-06-28T14:23:35.810+0000] {dag.py:3441} INFO - Setting next_dagrun for daggroup to None, run_after=None
[2024-06-28T14:23:35.823+0000] {processor.py:175} INFO - Processing /opt/airflow/dags/daggroup.py took 0.064 seconds
[2024-06-28T14:23:41.188+0000] {processor.py:153} INFO - Started process (PID=726) to work on /opt/airflow/dags/daggroup.py
[2024-06-28T14:23:41.189+0000] {processor.py:743} INFO - Processing file /opt/airflow/dags/daggroup.py for tasks to queue
[2024-06-28T14:23:41.189+0000] {logging_mixin.py:137} INFO - [2024-06-28T14:23:41.189+0000] {dagbag.py:538} INFO - Filling up the DagBag from /opt/airflow/dags/daggroup.py
[2024-06-28T14:23:41.200+0000] {processor.py:753} INFO - DAG(s) dict_keys(['daggroup']) retrieved from /opt/airflow/dags/daggroup.py
[2024-06-28T14:23:41.218+0000] {logging_mixin.py:137} INFO - [2024-06-28T14:23:41.218+0000] {dag.py:2690} INFO - Sync 1 DAGs
[2024-06-28T14:23:41.238+0000] {logging_mixin.py:137} INFO - [2024-06-28T14:23:41.237+0000] {dag.py:3441} INFO - Setting next_dagrun for daggroup to None, run_after=None
[2024-06-28T14:23:41.252+0000] {processor.py:175} INFO - Processing /opt/airflow/dags/daggroup.py took 0.066 seconds
[2024-06-28T14:23:46.676+0000] {processor.py:153} INFO - Started process (PID=755) to work on /opt/airflow/dags/daggroup.py
[2024-06-28T14:23:46.682+0000] {processor.py:743} INFO - Processing file /opt/airflow/dags/daggroup.py for tasks to queue
[2024-06-28T14:23:46.682+0000] {logging_mixin.py:137} INFO - [2024-06-28T14:23:46.682+0000] {dagbag.py:538} INFO - Filling up the DagBag from /opt/airflow/dags/daggroup.py
[2024-06-28T14:23:46.695+0000] {processor.py:753} INFO - DAG(s) dict_keys(['daggroup']) retrieved from /opt/airflow/dags/daggroup.py
[2024-06-28T14:23:46.714+0000] {logging_mixin.py:137} INFO - [2024-06-28T14:23:46.714+0000] {dag.py:2690} INFO - Sync 1 DAGs
[2024-06-28T14:23:46.736+0000] {logging_mixin.py:137} INFO - [2024-06-28T14:23:46.735+0000] {dag.py:3441} INFO - Setting next_dagrun for daggroup to None, run_after=None
[2024-06-28T14:23:46.749+0000] {processor.py:175} INFO - Processing /opt/airflow/dags/daggroup.py took 0.075 seconds
[2024-06-28T14:23:52.114+0000] {processor.py:153} INFO - Started process (PID=764) to work on /opt/airflow/dags/daggroup.py
[2024-06-28T14:23:52.115+0000] {processor.py:743} INFO - Processing file /opt/airflow/dags/daggroup.py for tasks to queue
[2024-06-28T14:23:52.115+0000] {logging_mixin.py:137} INFO - [2024-06-28T14:23:52.115+0000] {dagbag.py:538} INFO - Filling up the DagBag from /opt/airflow/dags/daggroup.py
[2024-06-28T14:23:52.127+0000] {processor.py:753} INFO - DAG(s) dict_keys(['daggroup']) retrieved from /opt/airflow/dags/daggroup.py
[2024-06-28T14:23:52.145+0000] {logging_mixin.py:137} INFO - [2024-06-28T14:23:52.145+0000] {dag.py:2690} INFO - Sync 1 DAGs
[2024-06-28T14:23:52.166+0000] {logging_mixin.py:137} INFO - [2024-06-28T14:23:52.166+0000] {dag.py:3441} INFO - Setting next_dagrun for daggroup to None, run_after=None
[2024-06-28T14:23:52.179+0000] {processor.py:175} INFO - Processing /opt/airflow/dags/daggroup.py took 0.067 seconds
[2024-06-28T14:23:57.556+0000] {processor.py:153} INFO - Started process (PID=773) to work on /opt/airflow/dags/daggroup.py
[2024-06-28T14:23:57.557+0000] {processor.py:743} INFO - Processing file /opt/airflow/dags/daggroup.py for tasks to queue
[2024-06-28T14:23:57.557+0000] {logging_mixin.py:137} INFO - [2024-06-28T14:23:57.557+0000] {dagbag.py:538} INFO - Filling up the DagBag from /opt/airflow/dags/daggroup.py
[2024-06-28T14:23:57.567+0000] {processor.py:753} INFO - DAG(s) dict_keys(['daggroup']) retrieved from /opt/airflow/dags/daggroup.py
[2024-06-28T14:23:57.585+0000] {logging_mixin.py:137} INFO - [2024-06-28T14:23:57.584+0000] {dag.py:2690} INFO - Sync 1 DAGs
[2024-06-28T14:23:57.605+0000] {logging_mixin.py:137} INFO - [2024-06-28T14:23:57.605+0000] {dag.py:3441} INFO - Setting next_dagrun for daggroup to None, run_after=None
[2024-06-28T14:23:57.618+0000] {processor.py:175} INFO - Processing /opt/airflow/dags/daggroup.py took 0.064 seconds
[2024-06-28T14:24:03.010+0000] {processor.py:153} INFO - Started process (PID=802) to work on /opt/airflow/dags/daggroup.py
[2024-06-28T14:24:03.015+0000] {processor.py:743} INFO - Processing file /opt/airflow/dags/daggroup.py for tasks to queue
[2024-06-28T14:24:03.016+0000] {logging_mixin.py:137} INFO - [2024-06-28T14:24:03.016+0000] {dagbag.py:538} INFO - Filling up the DagBag from /opt/airflow/dags/daggroup.py
[2024-06-28T14:24:03.029+0000] {processor.py:753} INFO - DAG(s) dict_keys(['daggroup']) retrieved from /opt/airflow/dags/daggroup.py
[2024-06-28T14:24:03.048+0000] {logging_mixin.py:137} INFO - [2024-06-28T14:24:03.048+0000] {dag.py:2690} INFO - Sync 1 DAGs
[2024-06-28T14:24:03.068+0000] {logging_mixin.py:137} INFO - [2024-06-28T14:24:03.068+0000] {dag.py:3441} INFO - Setting next_dagrun for daggroup to None, run_after=None
[2024-06-28T14:24:03.081+0000] {processor.py:175} INFO - Processing /opt/airflow/dags/daggroup.py took 0.074 seconds
[2024-06-28T14:24:08.511+0000] {processor.py:153} INFO - Started process (PID=811) to work on /opt/airflow/dags/daggroup.py
[2024-06-28T14:24:08.512+0000] {processor.py:743} INFO - Processing file /opt/airflow/dags/daggroup.py for tasks to queue
[2024-06-28T14:24:08.513+0000] {logging_mixin.py:137} INFO - [2024-06-28T14:24:08.512+0000] {dagbag.py:538} INFO - Filling up the DagBag from /opt/airflow/dags/daggroup.py
[2024-06-28T14:24:08.531+0000] {processor.py:753} INFO - DAG(s) dict_keys(['daggroup']) retrieved from /opt/airflow/dags/daggroup.py
[2024-06-28T14:24:08.550+0000] {logging_mixin.py:137} INFO - [2024-06-28T14:24:08.550+0000] {dag.py:2690} INFO - Sync 1 DAGs
[2024-06-28T14:24:08.570+0000] {logging_mixin.py:137} INFO - [2024-06-28T14:24:08.570+0000] {dag.py:3441} INFO - Setting next_dagrun for daggroup to None, run_after=None
[2024-06-28T14:24:08.583+0000] {processor.py:175} INFO - Processing /opt/airflow/dags/daggroup.py took 0.078 seconds
[2024-06-28T14:24:13.968+0000] {processor.py:153} INFO - Started process (PID=840) to work on /opt/airflow/dags/daggroup.py
[2024-06-28T14:24:13.975+0000] {processor.py:743} INFO - Processing file /opt/airflow/dags/daggroup.py for tasks to queue
[2024-06-28T14:24:13.976+0000] {logging_mixin.py:137} INFO - [2024-06-28T14:24:13.975+0000] {dagbag.py:538} INFO - Filling up the DagBag from /opt/airflow/dags/daggroup.py
[2024-06-28T14:24:13.996+0000] {processor.py:753} INFO - DAG(s) dict_keys(['daggroup']) retrieved from /opt/airflow/dags/daggroup.py
[2024-06-28T14:24:14.017+0000] {logging_mixin.py:137} INFO - [2024-06-28T14:24:14.017+0000] {dag.py:2690} INFO - Sync 1 DAGs
[2024-06-28T14:24:14.036+0000] {logging_mixin.py:137} INFO - [2024-06-28T14:24:14.036+0000] {dag.py:3441} INFO - Setting next_dagrun for daggroup to None, run_after=None
[2024-06-28T14:24:14.049+0000] {processor.py:175} INFO - Processing /opt/airflow/dags/daggroup.py took 0.090 seconds
[2024-06-28T14:24:19.427+0000] {processor.py:153} INFO - Started process (PID=849) to work on /opt/airflow/dags/daggroup.py
[2024-06-28T14:24:19.433+0000] {processor.py:743} INFO - Processing file /opt/airflow/dags/daggroup.py for tasks to queue
[2024-06-28T14:24:19.434+0000] {logging_mixin.py:137} INFO - [2024-06-28T14:24:19.434+0000] {dagbag.py:538} INFO - Filling up the DagBag from /opt/airflow/dags/daggroup.py
[2024-06-28T14:24:19.457+0000] {processor.py:753} INFO - DAG(s) dict_keys(['daggroup']) retrieved from /opt/airflow/dags/daggroup.py
[2024-06-28T14:24:19.479+0000] {logging_mixin.py:137} INFO - [2024-06-28T14:24:19.479+0000] {dag.py:2690} INFO - Sync 1 DAGs
[2024-06-28T14:24:19.500+0000] {logging_mixin.py:137} INFO - [2024-06-28T14:24:19.500+0000] {dag.py:3441} INFO - Setting next_dagrun for daggroup to None, run_after=None
[2024-06-28T14:24:19.514+0000] {processor.py:175} INFO - Processing /opt/airflow/dags/daggroup.py took 0.095 seconds
[2024-06-28T14:24:24.889+0000] {processor.py:153} INFO - Started process (PID=878) to work on /opt/airflow/dags/daggroup.py
[2024-06-28T14:24:24.890+0000] {processor.py:743} INFO - Processing file /opt/airflow/dags/daggroup.py for tasks to queue
[2024-06-28T14:24:24.891+0000] {logging_mixin.py:137} INFO - [2024-06-28T14:24:24.891+0000] {dagbag.py:538} INFO - Filling up the DagBag from /opt/airflow/dags/daggroup.py
[2024-06-28T14:24:24.911+0000] {processor.py:753} INFO - DAG(s) dict_keys(['daggroup']) retrieved from /opt/airflow/dags/daggroup.py
[2024-06-28T14:24:24.933+0000] {logging_mixin.py:137} INFO - [2024-06-28T14:24:24.932+0000] {dag.py:2690} INFO - Sync 1 DAGs
[2024-06-28T14:24:24.952+0000] {logging_mixin.py:137} INFO - [2024-06-28T14:24:24.952+0000] {dag.py:3441} INFO - Setting next_dagrun for daggroup to None, run_after=None
[2024-06-28T14:24:24.965+0000] {processor.py:175} INFO - Processing /opt/airflow/dags/daggroup.py took 0.083 seconds
[2024-06-28T14:24:30.320+0000] {processor.py:153} INFO - Started process (PID=887) to work on /opt/airflow/dags/daggroup.py
[2024-06-28T14:24:30.321+0000] {processor.py:743} INFO - Processing file /opt/airflow/dags/daggroup.py for tasks to queue
[2024-06-28T14:24:30.321+0000] {logging_mixin.py:137} INFO - [2024-06-28T14:24:30.321+0000] {dagbag.py:538} INFO - Filling up the DagBag from /opt/airflow/dags/daggroup.py
[2024-06-28T14:24:30.332+0000] {processor.py:753} INFO - DAG(s) dict_keys(['daggroup']) retrieved from /opt/airflow/dags/daggroup.py
[2024-06-28T14:24:30.350+0000] {logging_mixin.py:137} INFO - [2024-06-28T14:24:30.350+0000] {dag.py:2690} INFO - Sync 1 DAGs
[2024-06-28T14:24:30.372+0000] {logging_mixin.py:137} INFO - [2024-06-28T14:24:30.371+0000] {dag.py:3441} INFO - Setting next_dagrun for daggroup to None, run_after=None
[2024-06-28T14:24:30.384+0000] {processor.py:175} INFO - Processing /opt/airflow/dags/daggroup.py took 0.065 seconds
[2024-06-28T14:24:35.773+0000] {processor.py:153} INFO - Started process (PID=916) to work on /opt/airflow/dags/daggroup.py
[2024-06-28T14:24:35.779+0000] {processor.py:743} INFO - Processing file /opt/airflow/dags/daggroup.py for tasks to queue
[2024-06-28T14:24:35.779+0000] {logging_mixin.py:137} INFO - [2024-06-28T14:24:35.779+0000] {dagbag.py:538} INFO - Filling up the DagBag from /opt/airflow/dags/daggroup.py
[2024-06-28T14:24:35.793+0000] {processor.py:753} INFO - DAG(s) dict_keys(['daggroup']) retrieved from /opt/airflow/dags/daggroup.py
[2024-06-28T14:24:35.812+0000] {logging_mixin.py:137} INFO - [2024-06-28T14:24:35.811+0000] {dag.py:2690} INFO - Sync 1 DAGs
[2024-06-28T14:24:35.831+0000] {logging_mixin.py:137} INFO - [2024-06-28T14:24:35.831+0000] {dag.py:3441} INFO - Setting next_dagrun for daggroup to None, run_after=None
[2024-06-28T14:24:35.844+0000] {processor.py:175} INFO - Processing /opt/airflow/dags/daggroup.py took 0.079 seconds
[2024-06-28T14:24:41.219+0000] {processor.py:153} INFO - Started process (PID=925) to work on /opt/airflow/dags/daggroup.py
[2024-06-28T14:24:41.221+0000] {processor.py:743} INFO - Processing file /opt/airflow/dags/daggroup.py for tasks to queue
[2024-06-28T14:24:41.222+0000] {logging_mixin.py:137} INFO - [2024-06-28T14:24:41.222+0000] {dagbag.py:538} INFO - Filling up the DagBag from /opt/airflow/dags/daggroup.py
[2024-06-28T14:24:41.244+0000] {processor.py:753} INFO - DAG(s) dict_keys(['daggroup']) retrieved from /opt/airflow/dags/daggroup.py
[2024-06-28T14:24:41.269+0000] {logging_mixin.py:137} INFO - [2024-06-28T14:24:41.269+0000] {dag.py:2690} INFO - Sync 1 DAGs
[2024-06-28T14:24:41.297+0000] {logging_mixin.py:137} INFO - [2024-06-28T14:24:41.297+0000] {dag.py:3441} INFO - Setting next_dagrun for daggroup to None, run_after=None
[2024-06-28T14:24:41.311+0000] {processor.py:175} INFO - Processing /opt/airflow/dags/daggroup.py took 0.098 seconds
[2024-06-28T14:24:46.689+0000] {processor.py:153} INFO - Started process (PID=954) to work on /opt/airflow/dags/daggroup.py
[2024-06-28T14:24:46.694+0000] {processor.py:743} INFO - Processing file /opt/airflow/dags/daggroup.py for tasks to queue
[2024-06-28T14:24:46.694+0000] {logging_mixin.py:137} INFO - [2024-06-28T14:24:46.694+0000] {dagbag.py:538} INFO - Filling up the DagBag from /opt/airflow/dags/daggroup.py
[2024-06-28T14:24:46.705+0000] {processor.py:753} INFO - DAG(s) dict_keys(['daggroup']) retrieved from /opt/airflow/dags/daggroup.py
[2024-06-28T14:24:46.724+0000] {logging_mixin.py:137} INFO - [2024-06-28T14:24:46.724+0000] {dag.py:2690} INFO - Sync 1 DAGs
[2024-06-28T14:24:46.746+0000] {logging_mixin.py:137} INFO - [2024-06-28T14:24:46.746+0000] {dag.py:3441} INFO - Setting next_dagrun for daggroup to None, run_after=None
[2024-06-28T14:24:46.760+0000] {processor.py:175} INFO - Processing /opt/airflow/dags/daggroup.py took 0.074 seconds
[2024-06-28T14:24:52.155+0000] {processor.py:153} INFO - Started process (PID=963) to work on /opt/airflow/dags/daggroup.py
[2024-06-28T14:24:52.156+0000] {processor.py:743} INFO - Processing file /opt/airflow/dags/daggroup.py for tasks to queue
[2024-06-28T14:24:52.156+0000] {logging_mixin.py:137} INFO - [2024-06-28T14:24:52.156+0000] {dagbag.py:538} INFO - Filling up the DagBag from /opt/airflow/dags/daggroup.py
[2024-06-28T14:24:52.168+0000] {processor.py:753} INFO - DAG(s) dict_keys(['daggroup']) retrieved from /opt/airflow/dags/daggroup.py
[2024-06-28T14:24:52.186+0000] {logging_mixin.py:137} INFO - [2024-06-28T14:24:52.186+0000] {dag.py:2690} INFO - Sync 1 DAGs
[2024-06-28T14:24:52.206+0000] {logging_mixin.py:137} INFO - [2024-06-28T14:24:52.206+0000] {dag.py:3441} INFO - Setting next_dagrun for daggroup to None, run_after=None
[2024-06-28T14:24:52.219+0000] {processor.py:175} INFO - Processing /opt/airflow/dags/daggroup.py took 0.066 seconds
[2024-06-28T14:24:57.588+0000] {processor.py:153} INFO - Started process (PID=981) to work on /opt/airflow/dags/daggroup.py
[2024-06-28T14:24:57.588+0000] {processor.py:743} INFO - Processing file /opt/airflow/dags/daggroup.py for tasks to queue
[2024-06-28T14:24:57.589+0000] {logging_mixin.py:137} INFO - [2024-06-28T14:24:57.589+0000] {dagbag.py:538} INFO - Filling up the DagBag from /opt/airflow/dags/daggroup.py
[2024-06-28T14:24:57.600+0000] {processor.py:753} INFO - DAG(s) dict_keys(['daggroup']) retrieved from /opt/airflow/dags/daggroup.py
[2024-06-28T14:24:57.620+0000] {logging_mixin.py:137} INFO - [2024-06-28T14:24:57.620+0000] {dag.py:2690} INFO - Sync 1 DAGs
[2024-06-28T14:24:57.641+0000] {logging_mixin.py:137} INFO - [2024-06-28T14:24:57.641+0000] {dag.py:3441} INFO - Setting next_dagrun for daggroup to None, run_after=None
[2024-06-28T14:24:57.657+0000] {processor.py:175} INFO - Processing /opt/airflow/dags/daggroup.py took 0.071 seconds
[2024-06-28T14:25:03.106+0000] {processor.py:153} INFO - Started process (PID=1001) to work on /opt/airflow/dags/daggroup.py
[2024-06-28T14:25:03.112+0000] {processor.py:743} INFO - Processing file /opt/airflow/dags/daggroup.py for tasks to queue
[2024-06-28T14:25:03.112+0000] {logging_mixin.py:137} INFO - [2024-06-28T14:25:03.112+0000] {dagbag.py:538} INFO - Filling up the DagBag from /opt/airflow/dags/daggroup.py
[2024-06-28T14:25:03.123+0000] {processor.py:753} INFO - DAG(s) dict_keys(['daggroup']) retrieved from /opt/airflow/dags/daggroup.py
[2024-06-28T14:25:03.140+0000] {logging_mixin.py:137} INFO - [2024-06-28T14:25:03.140+0000] {dag.py:2690} INFO - Sync 1 DAGs
[2024-06-28T14:25:03.160+0000] {logging_mixin.py:137} INFO - [2024-06-28T14:25:03.160+0000] {dag.py:3441} INFO - Setting next_dagrun for daggroup to None, run_after=None
[2024-06-28T14:25:03.172+0000] {processor.py:175} INFO - Processing /opt/airflow/dags/daggroup.py took 0.068 seconds
[2024-06-28T14:25:08.558+0000] {processor.py:153} INFO - Started process (PID=1010) to work on /opt/airflow/dags/daggroup.py
[2024-06-28T14:25:08.564+0000] {processor.py:743} INFO - Processing file /opt/airflow/dags/daggroup.py for tasks to queue
[2024-06-28T14:25:08.565+0000] {logging_mixin.py:137} INFO - [2024-06-28T14:25:08.564+0000] {dagbag.py:538} INFO - Filling up the DagBag from /opt/airflow/dags/daggroup.py
[2024-06-28T14:25:08.584+0000] {processor.py:753} INFO - DAG(s) dict_keys(['daggroup']) retrieved from /opt/airflow/dags/daggroup.py
[2024-06-28T14:25:08.602+0000] {logging_mixin.py:137} INFO - [2024-06-28T14:25:08.602+0000] {dag.py:2690} INFO - Sync 1 DAGs
[2024-06-28T14:25:08.622+0000] {logging_mixin.py:137} INFO - [2024-06-28T14:25:08.622+0000] {dag.py:3441} INFO - Setting next_dagrun for daggroup to None, run_after=None
[2024-06-28T14:25:08.634+0000] {processor.py:175} INFO - Processing /opt/airflow/dags/daggroup.py took 0.083 seconds
[2024-06-28T14:25:13.924+0000] {processor.py:153} INFO - Started process (PID=1039) to work on /opt/airflow/dags/daggroup.py
[2024-06-28T14:25:13.924+0000] {processor.py:743} INFO - Processing file /opt/airflow/dags/daggroup.py for tasks to queue
[2024-06-28T14:25:13.924+0000] {logging_mixin.py:137} INFO - [2024-06-28T14:25:13.924+0000] {dagbag.py:538} INFO - Filling up the DagBag from /opt/airflow/dags/daggroup.py
[2024-06-28T14:25:13.936+0000] {processor.py:753} INFO - DAG(s) dict_keys(['daggroup']) retrieved from /opt/airflow/dags/daggroup.py
[2024-06-28T14:25:13.954+0000] {logging_mixin.py:137} INFO - [2024-06-28T14:25:13.954+0000] {dag.py:2690} INFO - Sync 1 DAGs
[2024-06-28T14:25:13.974+0000] {logging_mixin.py:137} INFO - [2024-06-28T14:25:13.974+0000] {dag.py:3441} INFO - Setting next_dagrun for daggroup to None, run_after=None
[2024-06-28T14:25:13.988+0000] {processor.py:175} INFO - Processing /opt/airflow/dags/daggroup.py took 0.066 seconds
[2024-06-28T14:25:19.295+0000] {processor.py:153} INFO - Started process (PID=1048) to work on /opt/airflow/dags/daggroup.py
[2024-06-28T14:25:19.302+0000] {processor.py:743} INFO - Processing file /opt/airflow/dags/daggroup.py for tasks to queue
[2024-06-28T14:25:19.304+0000] {logging_mixin.py:137} INFO - [2024-06-28T14:25:19.303+0000] {dagbag.py:538} INFO - Filling up the DagBag from /opt/airflow/dags/daggroup.py
[2024-06-28T14:25:19.335+0000] {processor.py:753} INFO - DAG(s) dict_keys(['daggroup']) retrieved from /opt/airflow/dags/daggroup.py
[2024-06-28T14:25:19.353+0000] {logging_mixin.py:137} INFO - [2024-06-28T14:25:19.353+0000] {dag.py:2690} INFO - Sync 1 DAGs
[2024-06-28T14:25:19.374+0000] {logging_mixin.py:137} INFO - [2024-06-28T14:25:19.374+0000] {dag.py:3441} INFO - Setting next_dagrun for daggroup to None, run_after=None
[2024-06-28T14:25:19.387+0000] {processor.py:175} INFO - Processing /opt/airflow/dags/daggroup.py took 0.101 seconds
[2024-06-28T14:25:24.732+0000] {processor.py:153} INFO - Started process (PID=1077) to work on /opt/airflow/dags/daggroup.py
[2024-06-28T14:25:24.733+0000] {processor.py:743} INFO - Processing file /opt/airflow/dags/daggroup.py for tasks to queue
[2024-06-28T14:25:24.734+0000] {logging_mixin.py:137} INFO - [2024-06-28T14:25:24.733+0000] {dagbag.py:538} INFO - Filling up the DagBag from /opt/airflow/dags/daggroup.py
[2024-06-28T14:25:24.744+0000] {processor.py:753} INFO - DAG(s) dict_keys(['daggroup']) retrieved from /opt/airflow/dags/daggroup.py
[2024-06-28T14:25:24.767+0000] {logging_mixin.py:137} INFO - [2024-06-28T14:25:24.767+0000] {dag.py:2690} INFO - Sync 1 DAGs
[2024-06-28T14:25:24.798+0000] {logging_mixin.py:137} INFO - [2024-06-28T14:25:24.798+0000] {dag.py:3441} INFO - Setting next_dagrun for daggroup to None, run_after=None
[2024-06-28T14:25:24.813+0000] {processor.py:175} INFO - Processing /opt/airflow/dags/daggroup.py took 0.083 seconds
[2024-06-28T14:25:30.219+0000] {processor.py:153} INFO - Started process (PID=1086) to work on /opt/airflow/dags/daggroup.py
[2024-06-28T14:25:30.225+0000] {processor.py:743} INFO - Processing file /opt/airflow/dags/daggroup.py for tasks to queue
[2024-06-28T14:25:30.225+0000] {logging_mixin.py:137} INFO - [2024-06-28T14:25:30.225+0000] {dagbag.py:538} INFO - Filling up the DagBag from /opt/airflow/dags/daggroup.py
[2024-06-28T14:25:30.234+0000] {processor.py:753} INFO - DAG(s) dict_keys(['daggroup']) retrieved from /opt/airflow/dags/daggroup.py
[2024-06-28T14:25:30.251+0000] {logging_mixin.py:137} INFO - [2024-06-28T14:25:30.250+0000] {dag.py:2690} INFO - Sync 1 DAGs
[2024-06-28T14:25:30.269+0000] {logging_mixin.py:137} INFO - [2024-06-28T14:25:30.269+0000] {dag.py:3441} INFO - Setting next_dagrun for daggroup to None, run_after=None
[2024-06-28T14:25:30.281+0000] {processor.py:175} INFO - Processing /opt/airflow/dags/daggroup.py took 0.063 seconds
[2024-06-28T14:25:35.635+0000] {processor.py:153} INFO - Started process (PID=1115) to work on /opt/airflow/dags/daggroup.py
[2024-06-28T14:25:35.640+0000] {processor.py:743} INFO - Processing file /opt/airflow/dags/daggroup.py for tasks to queue
[2024-06-28T14:25:35.641+0000] {logging_mixin.py:137} INFO - [2024-06-28T14:25:35.641+0000] {dagbag.py:538} INFO - Filling up the DagBag from /opt/airflow/dags/daggroup.py
[2024-06-28T14:25:35.651+0000] {processor.py:753} INFO - DAG(s) dict_keys(['daggroup']) retrieved from /opt/airflow/dags/daggroup.py
[2024-06-28T14:25:35.668+0000] {logging_mixin.py:137} INFO - [2024-06-28T14:25:35.668+0000] {dag.py:2690} INFO - Sync 1 DAGs
[2024-06-28T14:25:35.687+0000] {logging_mixin.py:137} INFO - [2024-06-28T14:25:35.687+0000] {dag.py:3441} INFO - Setting next_dagrun for daggroup to None, run_after=None
[2024-06-28T14:25:35.700+0000] {processor.py:175} INFO - Processing /opt/airflow/dags/daggroup.py took 0.067 seconds
[2024-06-28T14:25:41.043+0000] {processor.py:153} INFO - Started process (PID=1124) to work on /opt/airflow/dags/daggroup.py
[2024-06-28T14:25:41.044+0000] {processor.py:743} INFO - Processing file /opt/airflow/dags/daggroup.py for tasks to queue
[2024-06-28T14:25:41.044+0000] {logging_mixin.py:137} INFO - [2024-06-28T14:25:41.044+0000] {dagbag.py:538} INFO - Filling up the DagBag from /opt/airflow/dags/daggroup.py
[2024-06-28T14:25:41.056+0000] {processor.py:753} INFO - DAG(s) dict_keys(['daggroup']) retrieved from /opt/airflow/dags/daggroup.py
[2024-06-28T14:25:41.076+0000] {logging_mixin.py:137} INFO - [2024-06-28T14:25:41.076+0000] {dag.py:2690} INFO - Sync 1 DAGs
[2024-06-28T14:25:41.098+0000] {logging_mixin.py:137} INFO - [2024-06-28T14:25:41.097+0000] {dag.py:3441} INFO - Setting next_dagrun for daggroup to None, run_after=None
[2024-06-28T14:25:41.112+0000] {processor.py:175} INFO - Processing /opt/airflow/dags/daggroup.py took 0.070 seconds
[2024-06-28T14:25:46.479+0000] {processor.py:153} INFO - Started process (PID=1153) to work on /opt/airflow/dags/daggroup.py
[2024-06-28T14:25:46.480+0000] {processor.py:743} INFO - Processing file /opt/airflow/dags/daggroup.py for tasks to queue
[2024-06-28T14:25:46.480+0000] {logging_mixin.py:137} INFO - [2024-06-28T14:25:46.480+0000] {dagbag.py:538} INFO - Filling up the DagBag from /opt/airflow/dags/daggroup.py
[2024-06-28T14:25:46.491+0000] {processor.py:753} INFO - DAG(s) dict_keys(['daggroup']) retrieved from /opt/airflow/dags/daggroup.py
[2024-06-28T14:25:46.510+0000] {logging_mixin.py:137} INFO - [2024-06-28T14:25:46.509+0000] {dag.py:2690} INFO - Sync 1 DAGs
[2024-06-28T14:25:46.529+0000] {logging_mixin.py:137} INFO - [2024-06-28T14:25:46.529+0000] {dag.py:3441} INFO - Setting next_dagrun for daggroup to None, run_after=None
[2024-06-28T14:25:46.542+0000] {processor.py:175} INFO - Processing /opt/airflow/dags/daggroup.py took 0.065 seconds
