[2024-08-08T15:47:29.706+0000] {taskinstance.py:1083} INFO - Dependencies all met for <TaskInstance: dag_inmet.download_data manual__2024-08-08T15:47:22.693584+00:00 [queued]>
[2024-08-08T15:47:29.717+0000] {taskinstance.py:1083} INFO - Dependencies all met for <TaskInstance: dag_inmet.download_data manual__2024-08-08T15:47:22.693584+00:00 [queued]>
[2024-08-08T15:47:29.717+0000] {taskinstance.py:1279} INFO - 
--------------------------------------------------------------------------------
[2024-08-08T15:47:29.718+0000] {taskinstance.py:1280} INFO - Starting attempt 1 of 1
[2024-08-08T15:47:29.718+0000] {taskinstance.py:1281} INFO - 
--------------------------------------------------------------------------------
[2024-08-08T15:47:29.730+0000] {taskinstance.py:1300} INFO - Executing <Task(PythonOperator): download_data> on 2024-08-08 15:47:22.693584+00:00
[2024-08-08T15:47:29.737+0000] {standard_task_runner.py:55} INFO - Started process 124099 to run task
[2024-08-08T15:47:29.740+0000] {standard_task_runner.py:82} INFO - Running: ['***', 'tasks', 'run', 'dag_inmet', 'download_data', 'manual__2024-08-08T15:47:22.693584+00:00', '--job-id', '5937', '--raw', '--subdir', 'DAGS_FOLDER/dag_inmet.py', '--cfg-path', '/tmp/tmpu0jmmsp9']
[2024-08-08T15:47:29.741+0000] {standard_task_runner.py:83} INFO - Job 5937: Subtask download_data
[2024-08-08T15:47:29.797+0000] {task_command.py:388} INFO - Running <TaskInstance: dag_inmet.download_data manual__2024-08-08T15:47:22.693584+00:00 [running]> on host da0057b0268c
[2024-08-08T15:47:29.901+0000] {taskinstance.py:1509} INFO - Exporting the following env vars:
AIRFLOW_CTX_DAG_OWNER=***
AIRFLOW_CTX_DAG_ID=dag_inmet
AIRFLOW_CTX_TASK_ID=download_data
AIRFLOW_CTX_EXECUTION_DATE=2024-08-08T15:47:22.693584+00:00
AIRFLOW_CTX_TRY_NUMBER=1
AIRFLOW_CTX_DAG_RUN_ID=manual__2024-08-08T15:47:22.693584+00:00
[2024-08-08T15:47:31.180+0000] {logging_mixin.py:137} INFO - Tempo de execução de download_data: 1.2773 segundos
[2024-08-08T15:47:49.056+0000] {logging_mixin.py:137} INFO - Arquivo salvo como /opt/***/data/bronze/2021.zip
[2024-08-08T15:47:49.060+0000] {logging_mixin.py:137} INFO - Tempo de execução de download_and_save_file: 17.8793 segundos
[2024-08-08T15:47:49.081+0000] {python.py:177} INFO - Done. Returned value was: /opt/***/data/bronze/2021.zip
[2024-08-08T15:47:49.099+0000] {taskinstance.py:1323} INFO - Marking task as SUCCESS. dag_id=dag_inmet, task_id=download_data, execution_date=20240808T154722, start_date=20240808T154729, end_date=20240808T154749
[2024-08-08T15:47:49.148+0000] {local_task_job.py:208} INFO - Task exited with return code 0
[2024-08-08T15:47:49.218+0000] {taskinstance.py:2578} INFO - 1 downstream tasks scheduled from follow-on schedule check
