[2024-07-10T15:27:20.764+0000] {taskinstance.py:1083} INFO - Dependencies all met for <TaskInstance: windturbine.get_data manual__2024-07-10T15:27:18.942624+00:00 [queued]>
[2024-07-10T15:27:20.773+0000] {taskinstance.py:1083} INFO - Dependencies all met for <TaskInstance: windturbine.get_data manual__2024-07-10T15:27:18.942624+00:00 [queued]>
[2024-07-10T15:27:20.773+0000] {taskinstance.py:1279} INFO - 
--------------------------------------------------------------------------------
[2024-07-10T15:27:20.774+0000] {taskinstance.py:1280} INFO - Starting attempt 1 of 2
[2024-07-10T15:27:20.774+0000] {taskinstance.py:1281} INFO - 
--------------------------------------------------------------------------------
[2024-07-10T15:27:20.784+0000] {taskinstance.py:1300} INFO - Executing <Task(PythonOperator): get_data> on 2024-07-10 15:27:18.942624+00:00
[2024-07-10T15:27:20.790+0000] {standard_task_runner.py:55} INFO - Started process 2126 to run task
[2024-07-10T15:27:20.792+0000] {standard_task_runner.py:82} INFO - Running: ['***', 'tasks', 'run', 'windturbine', 'get_data', 'manual__2024-07-10T15:27:18.942624+00:00', '--job-id', '820', '--raw', '--subdir', 'DAGS_FOLDER/windturbine.py', '--cfg-path', '/tmp/tmpwuemvlie']
[2024-07-10T15:27:20.793+0000] {standard_task_runner.py:83} INFO - Job 820: Subtask get_data
[2024-07-10T15:27:20.834+0000] {task_command.py:388} INFO - Running <TaskInstance: windturbine.get_data manual__2024-07-10T15:27:18.942624+00:00 [running]> on host 2051c12a5a3c
[2024-07-10T15:27:20.884+0000] {taskinstance.py:1509} INFO - Exporting the following env vars:
AIRFLOW_CTX_DAG_EMAIL=testeskleuber@gmail.com
AIRFLOW_CTX_DAG_OWNER=***
AIRFLOW_CTX_DAG_ID=windturbine
AIRFLOW_CTX_TASK_ID=get_data
AIRFLOW_CTX_EXECUTION_DATE=2024-07-10T15:27:18.942624+00:00
AIRFLOW_CTX_TRY_NUMBER=1
AIRFLOW_CTX_DAG_RUN_ID=manual__2024-07-10T15:27:18.942624+00:00
[2024-07-10T15:27:20.935+0000] {python.py:177} INFO - Done. Returned value was: None
[2024-07-10T15:27:20.952+0000] {taskinstance.py:1323} INFO - Marking task as SUCCESS. dag_id=windturbine, task_id=get_data, execution_date=20240710T152718, start_date=20240710T152720, end_date=20240710T152720
[2024-07-10T15:27:21.003+0000] {local_task_job.py:208} INFO - Task exited with return code 0
[2024-07-10T15:27:21.055+0000] {taskinstance.py:2578} INFO - 2 downstream tasks scheduled from follow-on schedule check
