[2024-06-28T14:13:21.159+0000] {taskinstance.py:1083} INFO - Dependencies all met for <TaskInstance: dagcomplexa.tsk6 manual__2024-06-28T14:13:01.960353+00:00 [queued]>
[2024-06-28T14:13:21.168+0000] {taskinstance.py:1083} INFO - Dependencies all met for <TaskInstance: dagcomplexa.tsk6 manual__2024-06-28T14:13:01.960353+00:00 [queued]>
[2024-06-28T14:13:21.168+0000] {taskinstance.py:1279} INFO - 
--------------------------------------------------------------------------------
[2024-06-28T14:13:21.168+0000] {taskinstance.py:1280} INFO - Starting attempt 1 of 1
[2024-06-28T14:13:21.168+0000] {taskinstance.py:1281} INFO - 
--------------------------------------------------------------------------------
[2024-06-28T14:13:21.179+0000] {taskinstance.py:1300} INFO - Executing <Task(BashOperator): tsk6> on 2024-06-28 14:13:01.960353+00:00
[2024-06-28T14:13:21.185+0000] {standard_task_runner.py:55} INFO - Started process 235 to run task
[2024-06-28T14:13:21.187+0000] {standard_task_runner.py:82} INFO - Running: ['***', 'tasks', 'run', 'dagcomplexa', 'tsk6', 'manual__2024-06-28T14:13:01.960353+00:00', '--job-id', '239', '--raw', '--subdir', 'DAGS_FOLDER/dagcomplexa.py', '--cfg-path', '/tmp/tmp6z643bxo']
[2024-06-28T14:13:21.187+0000] {standard_task_runner.py:83} INFO - Job 239: Subtask tsk6
[2024-06-28T14:13:21.231+0000] {task_command.py:388} INFO - Running <TaskInstance: dagcomplexa.tsk6 manual__2024-06-28T14:13:01.960353+00:00 [running]> on host af5a9109901a
[2024-06-28T14:13:21.287+0000] {taskinstance.py:1509} INFO - Exporting the following env vars:
AIRFLOW_CTX_DAG_OWNER=***
AIRFLOW_CTX_DAG_ID=dagcomplexa
AIRFLOW_CTX_TASK_ID=tsk6
AIRFLOW_CTX_EXECUTION_DATE=2024-06-28T14:13:01.960353+00:00
AIRFLOW_CTX_TRY_NUMBER=1
AIRFLOW_CTX_DAG_RUN_ID=manual__2024-06-28T14:13:01.960353+00:00
[2024-06-28T14:13:21.288+0000] {subprocess.py:63} INFO - Tmp dir root location: 
 /tmp
[2024-06-28T14:13:21.288+0000] {subprocess.py:75} INFO - Running command: ['/bin/bash', '-c', 'sleep 5']
[2024-06-28T14:13:21.300+0000] {subprocess.py:86} INFO - Output:
[2024-06-28T14:13:26.302+0000] {subprocess.py:97} INFO - Command exited with return code 0
[2024-06-28T14:13:26.322+0000] {taskinstance.py:1323} INFO - Marking task as SUCCESS. dag_id=dagcomplexa, task_id=tsk6, execution_date=20240628T141301, start_date=20240628T141321, end_date=20240628T141326
[2024-06-28T14:13:26.366+0000] {local_task_job.py:208} INFO - Task exited with return code 0
[2024-06-28T14:13:26.396+0000] {taskinstance.py:2578} INFO - 2 downstream tasks scheduled from follow-on schedule check
