[2024-08-07T18:41:17.138+0000] {taskinstance.py:1083} INFO - Dependencies all met for <TaskInstance: dag_inmet.download_data manual__2024-08-07T18:40:52.922274+00:00 [queued]>
[2024-08-07T18:41:17.149+0000] {taskinstance.py:1083} INFO - Dependencies all met for <TaskInstance: dag_inmet.download_data manual__2024-08-07T18:40:52.922274+00:00 [queued]>
[2024-08-07T18:41:17.149+0000] {taskinstance.py:1279} INFO - 
--------------------------------------------------------------------------------
[2024-08-07T18:41:17.149+0000] {taskinstance.py:1280} INFO - Starting attempt 1 of 1
[2024-08-07T18:41:17.149+0000] {taskinstance.py:1281} INFO - 
--------------------------------------------------------------------------------
[2024-08-07T18:41:17.159+0000] {taskinstance.py:1300} INFO - Executing <Task(PythonOperator): download_data> on 2024-08-07 18:40:52.922274+00:00
[2024-08-07T18:41:17.165+0000] {standard_task_runner.py:55} INFO - Started process 100440 to run task
[2024-08-07T18:41:17.166+0000] {standard_task_runner.py:82} INFO - Running: ['***', 'tasks', 'run', 'dag_inmet', 'download_data', 'manual__2024-08-07T18:40:52.922274+00:00', '--job-id', '5378', '--raw', '--subdir', 'DAGS_FOLDER/dag_inmet.py', '--cfg-path', '/tmp/tmp2yh23d69']
[2024-08-07T18:41:17.168+0000] {standard_task_runner.py:83} INFO - Job 5378: Subtask download_data
[2024-08-07T18:41:17.224+0000] {task_command.py:388} INFO - Running <TaskInstance: dag_inmet.download_data manual__2024-08-07T18:40:52.922274+00:00 [running]> on host a5a662cb3589
[2024-08-07T18:41:17.280+0000] {taskinstance.py:1509} INFO - Exporting the following env vars:
AIRFLOW_CTX_DAG_OWNER=***
AIRFLOW_CTX_DAG_ID=dag_inmet
AIRFLOW_CTX_TASK_ID=download_data
AIRFLOW_CTX_EXECUTION_DATE=2024-08-07T18:40:52.922274+00:00
AIRFLOW_CTX_TRY_NUMBER=1
AIRFLOW_CTX_DAG_RUN_ID=manual__2024-08-07T18:40:52.922274+00:00
[2024-08-07T18:41:18.849+0000] {logging_mixin.py:137} INFO - Tempo de execução de download_data: 1.5685 segundos
[2024-08-07T18:42:04.018+0000] {logging_mixin.py:137} INFO - Arquivo salvo como /opt/***/data/bronze/2022.zip
[2024-08-07T18:42:04.022+0000] {logging_mixin.py:137} INFO - Tempo de execução de download_and_save_file: 45.1722 segundos
[2024-08-07T18:42:04.040+0000] {python.py:177} INFO - Done. Returned value was: /opt/***/data/bronze/2022.zip
[2024-08-07T18:42:04.059+0000] {taskinstance.py:1323} INFO - Marking task as SUCCESS. dag_id=dag_inmet, task_id=download_data, execution_date=20240807T184052, start_date=20240807T184117, end_date=20240807T184204
[2024-08-07T18:42:04.081+0000] {local_task_job.py:208} INFO - Task exited with return code 0
[2024-08-07T18:42:04.104+0000] {taskinstance.py:2578} INFO - 1 downstream tasks scheduled from follow-on schedule check
