[2024-08-07T16:07:11.926+0000] {taskinstance.py:1083} INFO - Dependencies all met for <TaskInstance: dag_inmet.download_data manual__2024-08-07T16:06:14.206265+00:00 [queued]>
[2024-08-07T16:07:11.934+0000] {taskinstance.py:1083} INFO - Dependencies all met for <TaskInstance: dag_inmet.download_data manual__2024-08-07T16:06:14.206265+00:00 [queued]>
[2024-08-07T16:07:11.934+0000] {taskinstance.py:1279} INFO - 
--------------------------------------------------------------------------------
[2024-08-07T16:07:11.934+0000] {taskinstance.py:1280} INFO - Starting attempt 1 of 1
[2024-08-07T16:07:11.934+0000] {taskinstance.py:1281} INFO - 
--------------------------------------------------------------------------------
[2024-08-07T16:07:11.945+0000] {taskinstance.py:1300} INFO - Executing <Task(PythonOperator): download_data> on 2024-08-07 16:06:14.206265+00:00
[2024-08-07T16:07:11.951+0000] {standard_task_runner.py:55} INFO - Started process 55555 to run task
[2024-08-07T16:07:11.953+0000] {standard_task_runner.py:82} INFO - Running: ['***', 'tasks', 'run', 'dag_inmet', 'download_data', 'manual__2024-08-07T16:06:14.206265+00:00', '--job-id', '5212', '--raw', '--subdir', 'DAGS_FOLDER/dag_inmet.py', '--cfg-path', '/tmp/tmpv7063osb']
[2024-08-07T16:07:11.954+0000] {standard_task_runner.py:83} INFO - Job 5212: Subtask download_data
[2024-08-07T16:07:11.996+0000] {task_command.py:388} INFO - Running <TaskInstance: dag_inmet.download_data manual__2024-08-07T16:06:14.206265+00:00 [running]> on host a5a662cb3589
[2024-08-07T16:07:12.046+0000] {taskinstance.py:1509} INFO - Exporting the following env vars:
AIRFLOW_CTX_DAG_OWNER=***
AIRFLOW_CTX_DAG_ID=dag_inmet
AIRFLOW_CTX_TASK_ID=download_data
AIRFLOW_CTX_EXECUTION_DATE=2024-08-07T16:06:14.206265+00:00
AIRFLOW_CTX_TRY_NUMBER=1
AIRFLOW_CTX_DAG_RUN_ID=manual__2024-08-07T16:06:14.206265+00:00
[2024-08-07T16:07:12.046+0000] {dag_inmet.py:55} INFO - Horário do início da Extração: 16:07:12
[2024-08-07T16:07:13.182+0000] {logging_mixin.py:137} INFO - Tempo de execução de download_data: 1.1356 segundos
[2024-08-07T16:07:16.646+0000] {logging_mixin.py:137} INFO - Arquivo salvo como /opt/***/data/bronze/2005.zip
[2024-08-07T16:07:16.646+0000] {logging_mixin.py:137} INFO - Tempo de execução de download_and_save_file: 3.4636 segundos
[2024-08-07T16:07:16.646+0000] {dag_inmet.py:63} INFO - Horário do insert na camada bronze: 16:07:12
[2024-08-07T16:07:16.665+0000] {python.py:177} INFO - Done. Returned value was: /opt/***/data/bronze/2005.zip
[2024-08-07T16:07:16.678+0000] {taskinstance.py:1323} INFO - Marking task as SUCCESS. dag_id=dag_inmet, task_id=download_data, execution_date=20240807T160614, start_date=20240807T160711, end_date=20240807T160716
[2024-08-07T16:07:16.698+0000] {local_task_job.py:208} INFO - Task exited with return code 0
[2024-08-07T16:07:16.731+0000] {taskinstance.py:2578} INFO - 1 downstream tasks scheduled from follow-on schedule check
