[2024-06-28T14:13:14.970+0000] {taskinstance.py:1083} INFO - Dependencies all met for <TaskInstance: dagcomplexa.tsk5 manual__2024-06-28T14:13:01.960353+00:00 [queued]>
[2024-06-28T14:13:14.978+0000] {taskinstance.py:1083} INFO - Dependencies all met for <TaskInstance: dagcomplexa.tsk5 manual__2024-06-28T14:13:01.960353+00:00 [queued]>
[2024-06-28T14:13:14.978+0000] {taskinstance.py:1279} INFO - 
--------------------------------------------------------------------------------
[2024-06-28T14:13:14.978+0000] {taskinstance.py:1280} INFO - Starting attempt 1 of 1
[2024-06-28T14:13:14.978+0000] {taskinstance.py:1281} INFO - 
--------------------------------------------------------------------------------
[2024-06-28T14:13:14.988+0000] {taskinstance.py:1300} INFO - Executing <Task(BashOperator): tsk5> on 2024-06-28 14:13:01.960353+00:00
[2024-06-28T14:13:14.993+0000] {standard_task_runner.py:55} INFO - Started process 212 to run task
[2024-06-28T14:13:14.995+0000] {standard_task_runner.py:82} INFO - Running: ['***', 'tasks', 'run', 'dagcomplexa', 'tsk5', 'manual__2024-06-28T14:13:01.960353+00:00', '--job-id', '238', '--raw', '--subdir', 'DAGS_FOLDER/dagcomplexa.py', '--cfg-path', '/tmp/tmplzeoyxb3']
[2024-06-28T14:13:14.995+0000] {standard_task_runner.py:83} INFO - Job 238: Subtask tsk5
[2024-06-28T14:13:15.035+0000] {task_command.py:388} INFO - Running <TaskInstance: dagcomplexa.tsk5 manual__2024-06-28T14:13:01.960353+00:00 [running]> on host af5a9109901a
[2024-06-28T14:13:15.084+0000] {taskinstance.py:1509} INFO - Exporting the following env vars:
AIRFLOW_CTX_DAG_OWNER=***
AIRFLOW_CTX_DAG_ID=dagcomplexa
AIRFLOW_CTX_TASK_ID=tsk5
AIRFLOW_CTX_EXECUTION_DATE=2024-06-28T14:13:01.960353+00:00
AIRFLOW_CTX_TRY_NUMBER=1
AIRFLOW_CTX_DAG_RUN_ID=manual__2024-06-28T14:13:01.960353+00:00
[2024-06-28T14:13:15.084+0000] {subprocess.py:63} INFO - Tmp dir root location: 
 /tmp
[2024-06-28T14:13:15.085+0000] {subprocess.py:75} INFO - Running command: ['/bin/bash', '-c', 'sleep 5']
[2024-06-28T14:13:15.095+0000] {subprocess.py:86} INFO - Output:
[2024-06-28T14:13:20.098+0000] {subprocess.py:97} INFO - Command exited with return code 0
[2024-06-28T14:13:20.150+0000] {taskinstance.py:1323} INFO - Marking task as SUCCESS. dag_id=dagcomplexa, task_id=tsk5, execution_date=20240628T141301, start_date=20240628T141314, end_date=20240628T141320
[2024-06-28T14:13:20.182+0000] {local_task_job.py:208} INFO - Task exited with return code 0
[2024-06-28T14:13:20.202+0000] {taskinstance.py:2578} INFO - 1 downstream tasks scheduled from follow-on schedule check
