[2024-08-22T20:14:24.627+0000] {taskinstance.py:1083} INFO - Dependencies all met for <TaskInstance: dag_inmet.send_email_alert manual__2024-08-22T19:33:20.139466+00:00 [queued]>
[2024-08-22T20:14:24.636+0000] {taskinstance.py:1083} INFO - Dependencies all met for <TaskInstance: dag_inmet.send_email_alert manual__2024-08-22T19:33:20.139466+00:00 [queued]>
[2024-08-22T20:14:24.636+0000] {taskinstance.py:1279} INFO - 
--------------------------------------------------------------------------------
[2024-08-22T20:14:24.636+0000] {taskinstance.py:1280} INFO - Starting attempt 1 of 1
[2024-08-22T20:14:24.637+0000] {taskinstance.py:1281} INFO - 
--------------------------------------------------------------------------------
[2024-08-22T20:14:24.655+0000] {taskinstance.py:1300} INFO - Executing <Task(EmailOperator): send_email_alert> on 2024-08-22 19:33:20.139466+00:00
[2024-08-22T20:14:24.661+0000] {standard_task_runner.py:55} INFO - Started process 623 to run task
[2024-08-22T20:14:24.663+0000] {standard_task_runner.py:82} INFO - Running: ['***', 'tasks', 'run', 'dag_inmet', 'send_email_alert', 'manual__2024-08-22T19:33:20.139466+00:00', '--job-id', '11498', '--raw', '--subdir', 'DAGS_FOLDER/dag_inmet.py', '--cfg-path', '/tmp/tmpfavrtqu_']
[2024-08-22T20:14:24.664+0000] {standard_task_runner.py:83} INFO - Job 11498: Subtask send_email_alert
[2024-08-22T20:14:24.709+0000] {task_command.py:388} INFO - Running <TaskInstance: dag_inmet.send_email_alert manual__2024-08-22T19:33:20.139466+00:00 [running]> on host 66c986cf6cba
[2024-08-22T20:14:24.772+0000] {taskinstance.py:1509} INFO - Exporting the following env vars:
AIRFLOW_CTX_DAG_OWNER=***
AIRFLOW_CTX_DAG_ID=dag_inmet
AIRFLOW_CTX_TASK_ID=send_email_alert
AIRFLOW_CTX_EXECUTION_DATE=2024-08-22T19:33:20.139466+00:00
AIRFLOW_CTX_TRY_NUMBER=1
AIRFLOW_CTX_DAG_RUN_ID=manual__2024-08-22T19:33:20.139466+00:00
[2024-08-22T20:14:24.780+0000] {warnings.py:110} WARNING - /home/***/.local/lib/python3.7/site-packages/***/utils/email.py:152: RemovedInAirflow3Warning: Fetching SMTP credentials from configuration variables will be deprecated in a future release. Please set credentials using a connection instead.
  send_mime_email(e_from=mail_from, e_to=recipients, mime_msg=msg, conn_id=conn_id, dryrun=dryrun)

[2024-08-22T20:14:24.780+0000] {email.py:268} INFO - Email alerting: attempt 1
[2024-08-22T20:14:26.446+0000] {email.py:280} INFO - Sent an alert email to ['kleuber94@gmail.com', 'vferreiramesquita@gmail.com']
[2024-08-22T20:14:28.746+0000] {taskinstance.py:1323} INFO - Marking task as SUCCESS. dag_id=dag_inmet, task_id=send_email_alert, execution_date=20240822T193320, start_date=20240822T201424, end_date=20240822T201428
[2024-08-22T20:14:28.805+0000] {local_task_job.py:208} INFO - Task exited with return code 0
[2024-08-22T20:14:28.824+0000] {taskinstance.py:2578} INFO - 0 downstream tasks scheduled from follow-on schedule check
