[2024-07-03T14:10:39.901+0000] {taskinstance.py:1083} INFO - Dependencies all met for <TaskInstance: hook.select_data_task manual__2024-07-03T14:10:36.946176+00:00 [queued]>
[2024-07-03T14:10:39.910+0000] {taskinstance.py:1083} INFO - Dependencies all met for <TaskInstance: hook.select_data_task manual__2024-07-03T14:10:36.946176+00:00 [queued]>
[2024-07-03T14:10:39.910+0000] {taskinstance.py:1279} INFO - 
--------------------------------------------------------------------------------
[2024-07-03T14:10:39.910+0000] {taskinstance.py:1280} INFO - Starting attempt 1 of 1
[2024-07-03T14:10:39.910+0000] {taskinstance.py:1281} INFO - 
--------------------------------------------------------------------------------
[2024-07-03T14:10:39.922+0000] {taskinstance.py:1300} INFO - Executing <Task(PythonOperator): select_data_task> on 2024-07-03 14:10:36.946176+00:00
[2024-07-03T14:10:39.926+0000] {standard_task_runner.py:55} INFO - Started process 8018 to run task
[2024-07-03T14:10:39.928+0000] {standard_task_runner.py:82} INFO - Running: ['***', 'tasks', 'run', 'hook', 'select_data_task', 'manual__2024-07-03T14:10:36.946176+00:00', '--job-id', '780', '--raw', '--subdir', 'DAGS_FOLDER/hooks.py', '--cfg-path', '/tmp/tmpmsuu006j']
[2024-07-03T14:10:39.929+0000] {standard_task_runner.py:83} INFO - Job 780: Subtask select_data_task
[2024-07-03T14:10:39.970+0000] {task_command.py:388} INFO - Running <TaskInstance: hook.select_data_task manual__2024-07-03T14:10:36.946176+00:00 [running]> on host 6932124ae65a
[2024-07-03T14:10:40.027+0000] {taskinstance.py:1509} INFO - Exporting the following env vars:
AIRFLOW_CTX_DAG_OWNER=***
AIRFLOW_CTX_DAG_ID=hook
AIRFLOW_CTX_TASK_ID=select_data_task
AIRFLOW_CTX_EXECUTION_DATE=2024-07-03T14:10:36.946176+00:00
AIRFLOW_CTX_TRY_NUMBER=1
AIRFLOW_CTX_DAG_RUN_ID=manual__2024-07-03T14:10:36.946176+00:00
[2024-07-03T14:10:40.036+0000] {base.py:73} INFO - Using connection ID 'postgres' for task execution.
[2024-07-03T14:10:40.039+0000] {sql.py:375} INFO - Running statement: select * from teste2, parameters: None
[2024-07-03T14:10:40.040+0000] {sql.py:384} INFO - Rows affected: 3
[2024-07-03T14:10:40.051+0000] {python.py:177} INFO - Done. Returned value was: None
[2024-07-03T14:10:40.060+0000] {taskinstance.py:1323} INFO - Marking task as SUCCESS. dag_id=hook, task_id=select_data_task, execution_date=20240703T141036, start_date=20240703T141039, end_date=20240703T141040
[2024-07-03T14:10:40.100+0000] {local_task_job.py:208} INFO - Task exited with return code 0
[2024-07-03T14:10:40.116+0000] {taskinstance.py:2578} INFO - 1 downstream tasks scheduled from follow-on schedule check
