[2024-07-30T19:00:02.083+0000] {taskinstance.py:1083} INFO - Dependencies all met for <TaskInstance: dag_inmet.download_data manual__2024-07-30T18:59:43.998094+00:00 [queued]>
[2024-07-30T19:00:02.091+0000] {taskinstance.py:1083} INFO - Dependencies all met for <TaskInstance: dag_inmet.download_data manual__2024-07-30T18:59:43.998094+00:00 [queued]>
[2024-07-30T19:00:02.091+0000] {taskinstance.py:1279} INFO - 
--------------------------------------------------------------------------------
[2024-07-30T19:00:02.091+0000] {taskinstance.py:1280} INFO - Starting attempt 1 of 1
[2024-07-30T19:00:02.091+0000] {taskinstance.py:1281} INFO - 
--------------------------------------------------------------------------------
[2024-07-30T19:00:02.102+0000] {taskinstance.py:1300} INFO - Executing <Task(PythonOperator): download_data> on 2024-07-30 18:59:43.998094+00:00
[2024-07-30T19:00:02.109+0000] {standard_task_runner.py:55} INFO - Started process 13875 to run task
[2024-07-30T19:00:02.111+0000] {standard_task_runner.py:82} INFO - Running: ['***', 'tasks', 'run', 'dag_inmet', 'download_data', 'manual__2024-07-30T18:59:43.998094+00:00', '--job-id', '2888', '--raw', '--subdir', 'DAGS_FOLDER/dag_inmet.py', '--cfg-path', '/tmp/tmpffxctib1']
[2024-07-30T19:00:02.112+0000] {standard_task_runner.py:83} INFO - Job 2888: Subtask download_data
[2024-07-30T19:00:02.155+0000] {task_command.py:388} INFO - Running <TaskInstance: dag_inmet.download_data manual__2024-07-30T18:59:43.998094+00:00 [running]> on host 85c1c905ac53
[2024-07-30T19:00:02.206+0000] {taskinstance.py:1509} INFO - Exporting the following env vars:
AIRFLOW_CTX_DAG_OWNER=***
AIRFLOW_CTX_DAG_ID=dag_inmet
AIRFLOW_CTX_TASK_ID=download_data
AIRFLOW_CTX_EXECUTION_DATE=2024-07-30T18:59:43.998094+00:00
AIRFLOW_CTX_TRY_NUMBER=1
AIRFLOW_CTX_DAG_RUN_ID=manual__2024-07-30T18:59:43.998094+00:00
[2024-07-30T19:00:05.259+0000] {logging_mixin.py:137} INFO - Tempo de execução de download_data: 3.0519 segundos
[2024-07-30T19:00:19.340+0000] {logging_mixin.py:137} INFO - Arquivo salvo como /opt/***/data/bronze/2024.zip
[2024-07-30T19:00:19.343+0000] {logging_mixin.py:137} INFO - Tempo de execução de download_and_save_file: 14.0838 segundos
[2024-07-30T19:00:19.343+0000] {python.py:177} INFO - Done. Returned value was: /opt/***/data/bronze/2024.zip
[2024-07-30T19:00:19.361+0000] {taskinstance.py:1323} INFO - Marking task as SUCCESS. dag_id=dag_inmet, task_id=download_data, execution_date=20240730T185943, start_date=20240730T190002, end_date=20240730T190019
[2024-07-30T19:00:19.395+0000] {local_task_job.py:208} INFO - Task exited with return code 0
[2024-07-30T19:00:19.427+0000] {taskinstance.py:2578} INFO - 1 downstream tasks scheduled from follow-on schedule check
