[2024-08-28T14:35:22.360+0000] {taskinstance.py:1083} INFO - Dependencies all met for <TaskInstance: dag_gold_ts.extract_precipitation manual__2024-08-28T14:34:03.324231+00:00 [queued]>
[2024-08-28T14:35:22.368+0000] {taskinstance.py:1083} INFO - Dependencies all met for <TaskInstance: dag_gold_ts.extract_precipitation manual__2024-08-28T14:34:03.324231+00:00 [queued]>
[2024-08-28T14:35:22.368+0000] {taskinstance.py:1279} INFO - 
--------------------------------------------------------------------------------
[2024-08-28T14:35:22.368+0000] {taskinstance.py:1280} INFO - Starting attempt 1 of 1
[2024-08-28T14:35:22.368+0000] {taskinstance.py:1281} INFO - 
--------------------------------------------------------------------------------
[2024-08-28T14:35:22.378+0000] {taskinstance.py:1300} INFO - Executing <Task(PythonOperator): extract_precipitation> on 2024-08-28 14:34:03.324231+00:00
[2024-08-28T14:35:22.385+0000] {standard_task_runner.py:55} INFO - Started process 14986 to run task
[2024-08-28T14:35:22.387+0000] {standard_task_runner.py:82} INFO - Running: ['***', 'tasks', 'run', 'dag_gold_ts', 'extract_precipitation', 'manual__2024-08-28T14:34:03.324231+00:00', '--job-id', '12111', '--raw', '--subdir', 'DAGS_FOLDER/dag_ts_inmet.py', '--cfg-path', '/tmp/tmp8gfc779a']
[2024-08-28T14:35:22.388+0000] {standard_task_runner.py:83} INFO - Job 12111: Subtask extract_precipitation
[2024-08-28T14:35:22.430+0000] {task_command.py:388} INFO - Running <TaskInstance: dag_gold_ts.extract_precipitation manual__2024-08-28T14:34:03.324231+00:00 [running]> on host 4958d38180c6
[2024-08-28T14:35:22.481+0000] {taskinstance.py:1509} INFO - Exporting the following env vars:
AIRFLOW_CTX_DAG_OWNER=***
AIRFLOW_CTX_DAG_ID=dag_gold_ts
AIRFLOW_CTX_TASK_ID=extract_precipitation
AIRFLOW_CTX_EXECUTION_DATE=2024-08-28T14:34:03.324231+00:00
AIRFLOW_CTX_TRY_NUMBER=1
AIRFLOW_CTX_DAG_RUN_ID=manual__2024-08-28T14:34:03.324231+00:00
[2024-08-28T14:35:22.495+0000] {python.py:177} INFO - Done. Returned value was: None
[2024-08-28T14:35:22.503+0000] {taskinstance.py:1323} INFO - Marking task as SUCCESS. dag_id=dag_gold_ts, task_id=extract_precipitation, execution_date=20240828T143403, start_date=20240828T143522, end_date=20240828T143522
[2024-08-28T14:35:22.518+0000] {local_task_job.py:208} INFO - Task exited with return code 0
[2024-08-28T14:35:22.542+0000] {taskinstance.py:2578} INFO - 1 downstream tasks scheduled from follow-on schedule check
