[2024-08-28T15:13:33.534+0000] {taskinstance.py:1083} INFO - Dependencies all met for <TaskInstance: sarima_forecast_dag.run_sarima_forecast manual__2024-08-28T15:12:36.090441+00:00 [queued]>
[2024-08-28T15:13:33.541+0000] {taskinstance.py:1083} INFO - Dependencies all met for <TaskInstance: sarima_forecast_dag.run_sarima_forecast manual__2024-08-28T15:12:36.090441+00:00 [queued]>
[2024-08-28T15:13:33.541+0000] {taskinstance.py:1279} INFO - 
--------------------------------------------------------------------------------
[2024-08-28T15:13:33.541+0000] {taskinstance.py:1280} INFO - Starting attempt 1 of 1
[2024-08-28T15:13:33.541+0000] {taskinstance.py:1281} INFO - 
--------------------------------------------------------------------------------
[2024-08-28T15:13:33.551+0000] {taskinstance.py:1300} INFO - Executing <Task(PythonOperator): run_sarima_forecast> on 2024-08-28 15:12:36.090441+00:00
[2024-08-28T15:13:33.558+0000] {standard_task_runner.py:55} INFO - Started process 19067 to run task
[2024-08-28T15:13:33.560+0000] {standard_task_runner.py:82} INFO - Running: ['***', 'tasks', 'run', 'sarima_forecast_dag', 'run_sarima_forecast', 'manual__2024-08-28T15:12:36.090441+00:00', '--job-id', '12159', '--raw', '--subdir', 'DAGS_FOLDER/dag_forecast_ts_rainfall.py', '--cfg-path', '/tmp/tmpclk060_k']
[2024-08-28T15:13:33.561+0000] {standard_task_runner.py:83} INFO - Job 12159: Subtask run_sarima_forecast
[2024-08-28T15:13:33.603+0000] {task_command.py:388} INFO - Running <TaskInstance: sarima_forecast_dag.run_sarima_forecast manual__2024-08-28T15:12:36.090441+00:00 [running]> on host 4958d38180c6
[2024-08-28T15:13:33.653+0000] {taskinstance.py:1509} INFO - Exporting the following env vars:
AIRFLOW_CTX_DAG_OWNER=***
AIRFLOW_CTX_DAG_ID=sarima_forecast_dag
AIRFLOW_CTX_TASK_ID=run_sarima_forecast
AIRFLOW_CTX_EXECUTION_DATE=2024-08-28T15:12:36.090441+00:00
AIRFLOW_CTX_TRY_NUMBER=1
AIRFLOW_CTX_DAG_RUN_ID=manual__2024-08-28T15:12:36.090441+00:00
[2024-08-28T15:13:33.881+0000] {warnings.py:110} WARNING - /home/***/.local/lib/python3.7/site-packages/statsmodels/tsa/statespace/sarimax.py:868: UserWarning: Too few observations to estimate starting parameters for seasonal ARMA. All parameters except for variances will be set to zeros.
  ' zeros.' % warning_description)

[2024-08-28T15:13:33.935+0000] {python.py:177} INFO - Done. Returned value was: None
[2024-08-28T15:13:33.951+0000] {taskinstance.py:1323} INFO - Marking task as SUCCESS. dag_id=sarima_forecast_dag, task_id=run_sarima_forecast, execution_date=20240828T151236, start_date=20240828T151333, end_date=20240828T151333
[2024-08-28T15:13:34.012+0000] {local_task_job.py:208} INFO - Task exited with return code 0
[2024-08-28T15:13:34.026+0000] {taskinstance.py:2578} INFO - 0 downstream tasks scheduled from follow-on schedule check
