[2024-08-29T21:13:28.840+0000] {taskinstance.py:1083} INFO - Dependencies all met for <TaskInstance: dag_inmet.monitoramento_task scheduled__2024-07-29T20:56:00+00:00 [queued]>
[2024-08-29T21:13:28.847+0000] {taskinstance.py:1083} INFO - Dependencies all met for <TaskInstance: dag_inmet.monitoramento_task scheduled__2024-07-29T20:56:00+00:00 [queued]>
[2024-08-29T21:13:28.847+0000] {taskinstance.py:1279} INFO - 
--------------------------------------------------------------------------------
[2024-08-29T21:13:28.847+0000] {taskinstance.py:1280} INFO - Starting attempt 1 of 1
[2024-08-29T21:13:28.847+0000] {taskinstance.py:1281} INFO - 
--------------------------------------------------------------------------------
[2024-08-29T21:13:28.859+0000] {taskinstance.py:1300} INFO - Executing <Task(PythonOperator): monitoramento_task> on 2024-07-29 20:56:00+00:00
[2024-08-29T21:13:28.867+0000] {standard_task_runner.py:55} INFO - Started process 27982 to run task
[2024-08-29T21:13:28.869+0000] {standard_task_runner.py:82} INFO - Running: ['***', 'tasks', 'run', 'dag_inmet', 'monitoramento_task', 'scheduled__2024-07-29T20:56:00+00:00', '--job-id', '13507', '--raw', '--subdir', 'DAGS_FOLDER/dag_inmet.py', '--cfg-path', '/tmp/tmpar_pl7uc']
[2024-08-29T21:13:28.871+0000] {standard_task_runner.py:83} INFO - Job 13507: Subtask monitoramento_task
[2024-08-29T21:13:28.923+0000] {task_command.py:388} INFO - Running <TaskInstance: dag_inmet.monitoramento_task scheduled__2024-07-29T20:56:00+00:00 [running]> on host 9245b3dbdda8
[2024-08-29T21:13:28.979+0000] {taskinstance.py:1509} INFO - Exporting the following env vars:
AIRFLOW_CTX_DAG_OWNER=***
AIRFLOW_CTX_DAG_ID=dag_inmet
AIRFLOW_CTX_TASK_ID=monitoramento_task
AIRFLOW_CTX_EXECUTION_DATE=2024-07-29T20:56:00+00:00
AIRFLOW_CTX_TRY_NUMBER=1
AIRFLOW_CTX_DAG_RUN_ID=scheduled__2024-07-29T20:56:00+00:00
[2024-08-29T21:13:31.255+0000] {warnings.py:110} WARNING - /home/***/.local/lib/python3.7/site-packages/pyspark/context.py:317: FutureWarning: Python 3.7 support is deprecated in Spark 3.4.
  warnings.warn("Python 3.7 support is deprecated in Spark 3.4.", FutureWarning)

[2024-08-29T21:13:31.369+0000] {dag_inmet.py:142} INFO - SparkSession criado com sucesso.
[2024-08-29T21:13:39.110+0000] {monitoramento_plugin.py:174} INFO - Volumetria da Safra Atual: 842208
[2024-08-29T21:13:39.111+0000] {monitoramento_plugin.py:175} INFO - Volumetria Esperada da Safra Atual: 421104
[2024-08-29T21:13:39.111+0000] {monitoramento_plugin.py:176} INFO - Quantidade de Estações Monitoradas da Safra Atual: 566
[2024-08-29T21:13:39.111+0000] {monitoramento_plugin.py:178} INFO - Quantidade de Regiões Monitoradas da Safra Atual: 5
[2024-08-29T21:13:39.111+0000] {monitoramento_plugin.py:179} INFO - Quantidade de UF Monitoradas da Safra Atual: 27
[2024-08-29T21:13:39.261+0000] {python.py:177} INFO - Done. Returned value was: {'vol_safra': 842208, 'vol_esperada': 421104, 'qtd_estacao': 566, 'qtd_regiao': 5, 'qtd_uf': 27}
[2024-08-29T21:13:39.281+0000] {taskinstance.py:1323} INFO - Marking task as SUCCESS. dag_id=dag_inmet, task_id=monitoramento_task, execution_date=20240729T205600, start_date=20240829T211328, end_date=20240829T211339
[2024-08-29T21:13:39.324+0000] {local_task_job.py:208} INFO - Task exited with return code 0
[2024-08-29T21:13:39.356+0000] {taskinstance.py:2578} INFO - 1 downstream tasks scheduled from follow-on schedule check
