[2024-08-21T16:35:18.663+0000] {taskinstance.py:1083} INFO - Dependencies all met for <TaskInstance: dag_gold_ts.process_gold_ts manual__2024-08-21T16:34:24.256502+00:00 [queued]>
[2024-08-21T16:35:18.670+0000] {taskinstance.py:1083} INFO - Dependencies all met for <TaskInstance: dag_gold_ts.process_gold_ts manual__2024-08-21T16:34:24.256502+00:00 [queued]>
[2024-08-21T16:35:18.670+0000] {taskinstance.py:1279} INFO - 
--------------------------------------------------------------------------------
[2024-08-21T16:35:18.670+0000] {taskinstance.py:1280} INFO - Starting attempt 1 of 1
[2024-08-21T16:35:18.670+0000] {taskinstance.py:1281} INFO - 
--------------------------------------------------------------------------------
[2024-08-21T16:35:18.687+0000] {taskinstance.py:1300} INFO - Executing <Task(PythonOperator): process_gold_ts> on 2024-08-21 16:34:24.256502+00:00
[2024-08-21T16:35:18.693+0000] {standard_task_runner.py:55} INFO - Started process 794 to run task
[2024-08-21T16:35:18.695+0000] {standard_task_runner.py:82} INFO - Running: ['***', 'tasks', 'run', 'dag_gold_ts', 'process_gold_ts', 'manual__2024-08-21T16:34:24.256502+00:00', '--job-id', '9954', '--raw', '--subdir', 'DAGS_FOLDER/dag_ts_inmet.py', '--cfg-path', '/tmp/tmpvlhu3g6e']
[2024-08-21T16:35:18.696+0000] {standard_task_runner.py:83} INFO - Job 9954: Subtask process_gold_ts
[2024-08-21T16:35:18.737+0000] {task_command.py:388} INFO - Running <TaskInstance: dag_gold_ts.process_gold_ts manual__2024-08-21T16:34:24.256502+00:00 [running]> on host c39bb15bd38c
[2024-08-21T16:35:18.787+0000] {taskinstance.py:1509} INFO - Exporting the following env vars:
AIRFLOW_CTX_DAG_OWNER=***
AIRFLOW_CTX_DAG_ID=dag_gold_ts
AIRFLOW_CTX_TASK_ID=process_gold_ts
AIRFLOW_CTX_EXECUTION_DATE=2024-08-21T16:34:24.256502+00:00
AIRFLOW_CTX_TRY_NUMBER=1
AIRFLOW_CTX_DAG_RUN_ID=manual__2024-08-21T16:34:24.256502+00:00
[2024-08-21T16:35:21.096+0000] {warnings.py:110} WARNING - /home/***/.local/lib/python3.7/site-packages/pyspark/context.py:317: FutureWarning: Python 3.7 support is deprecated in Spark 3.4.
  warnings.warn("Python 3.7 support is deprecated in Spark 3.4.", FutureWarning)

[2024-08-21T16:35:25.931+0000] {taskinstance.py:1768} ERROR - Task failed with exception
Traceback (most recent call last):
  File "/home/airflow/.local/lib/python3.7/site-packages/airflow/operators/python.py", line 175, in execute
    return_value = self.execute_callable()
  File "/home/airflow/.local/lib/python3.7/site-packages/airflow/operators/python.py", line 192, in execute_callable
    return self.python_callable(*self.op_args, **self.op_kwargs)
  File "/opt/airflow/dags/dag_ts_inmet.py", line 44, in run_gold_ts
    gold_ts.ts_gold(spark)
  File "/opt/airflow/plugins/gold_ts_plugin.py", line 12, in wrapper
    resultado = metodo(*args, **kwargs)
  File "/opt/airflow/plugins/gold_ts_plugin.py", line 73, in ts_gold
    pdf.set_index('data', inplace=True)
  File "/home/airflow/.local/lib/python3.7/site-packages/pandas/util/_decorators.py", line 311, in wrapper
    return func(*args, **kwargs)
  File "/home/airflow/.local/lib/python3.7/site-packages/pandas/core/frame.py", line 5451, in set_index
    raise KeyError(f"None of {missing} are in the columns")
KeyError: "None of ['data'] are in the columns"
[2024-08-21T16:35:25.942+0000] {taskinstance.py:1323} INFO - Marking task as FAILED. dag_id=dag_gold_ts, task_id=process_gold_ts, execution_date=20240821T163424, start_date=20240821T163518, end_date=20240821T163525
[2024-08-21T16:35:25.956+0000] {standard_task_runner.py:105} ERROR - Failed to execute job 9954 for task process_gold_ts ("None of ['data'] are in the columns"; 794)
[2024-08-21T16:35:25.975+0000] {local_task_job.py:208} INFO - Task exited with return code 1
[2024-08-21T16:35:25.991+0000] {taskinstance.py:2578} INFO - 0 downstream tasks scheduled from follow-on schedule check
