[2024-08-07T16:22:55.460+0000] {taskinstance.py:1083} INFO - Dependencies all met for <TaskInstance: dag_inmet.download_data manual__2024-08-07T16:22:03.275310+00:00 [queued]>
[2024-08-07T16:22:55.467+0000] {taskinstance.py:1083} INFO - Dependencies all met for <TaskInstance: dag_inmet.download_data manual__2024-08-07T16:22:03.275310+00:00 [queued]>
[2024-08-07T16:22:55.467+0000] {taskinstance.py:1279} INFO - 
--------------------------------------------------------------------------------
[2024-08-07T16:22:55.468+0000] {taskinstance.py:1280} INFO - Starting attempt 1 of 1
[2024-08-07T16:22:55.468+0000] {taskinstance.py:1281} INFO - 
--------------------------------------------------------------------------------
[2024-08-07T16:22:55.477+0000] {taskinstance.py:1300} INFO - Executing <Task(PythonOperator): download_data> on 2024-08-07 16:22:03.275310+00:00
[2024-08-07T16:22:55.484+0000] {standard_task_runner.py:55} INFO - Started process 59163 to run task
[2024-08-07T16:22:55.486+0000] {standard_task_runner.py:82} INFO - Running: ['***', 'tasks', 'run', 'dag_inmet', 'download_data', 'manual__2024-08-07T16:22:03.275310+00:00', '--job-id', '5230', '--raw', '--subdir', 'DAGS_FOLDER/dag_inmet.py', '--cfg-path', '/tmp/tmpa3xky77i']
[2024-08-07T16:22:55.487+0000] {standard_task_runner.py:83} INFO - Job 5230: Subtask download_data
[2024-08-07T16:22:55.530+0000] {task_command.py:388} INFO - Running <TaskInstance: dag_inmet.download_data manual__2024-08-07T16:22:03.275310+00:00 [running]> on host a5a662cb3589
[2024-08-07T16:22:55.583+0000] {taskinstance.py:1509} INFO - Exporting the following env vars:
AIRFLOW_CTX_DAG_OWNER=***
AIRFLOW_CTX_DAG_ID=dag_inmet
AIRFLOW_CTX_TASK_ID=download_data
AIRFLOW_CTX_EXECUTION_DATE=2024-08-07T16:22:03.275310+00:00
AIRFLOW_CTX_TRY_NUMBER=1
AIRFLOW_CTX_DAG_RUN_ID=manual__2024-08-07T16:22:03.275310+00:00
[2024-08-07T16:22:56.699+0000] {logging_mixin.py:137} INFO - Tempo de execução de download_data: 1.1153 segundos
[2024-08-07T16:22:59.209+0000] {logging_mixin.py:137} INFO - Arquivo salvo como /opt/***/data/bronze/2005.zip
[2024-08-07T16:22:59.209+0000] {logging_mixin.py:137} INFO - Tempo de execução de download_and_save_file: 2.5100 segundos
[2024-08-07T16:22:59.226+0000] {python.py:177} INFO - Done. Returned value was: /opt/***/data/bronze/2005.zip
[2024-08-07T16:22:59.239+0000] {taskinstance.py:1323} INFO - Marking task as SUCCESS. dag_id=dag_inmet, task_id=download_data, execution_date=20240807T162203, start_date=20240807T162255, end_date=20240807T162259
[2024-08-07T16:22:59.269+0000] {local_task_job.py:208} INFO - Task exited with return code 0
[2024-08-07T16:22:59.292+0000] {taskinstance.py:2578} INFO - 1 downstream tasks scheduled from follow-on schedule check
