[2024-07-23T13:13:15.359+0000] {taskinstance.py:1083} INFO - Dependencies all met for <TaskInstance: dag_inmet.download_data manual__2024-07-23T13:13:11.962118+00:00 [queued]>
[2024-07-23T13:13:15.366+0000] {taskinstance.py:1083} INFO - Dependencies all met for <TaskInstance: dag_inmet.download_data manual__2024-07-23T13:13:11.962118+00:00 [queued]>
[2024-07-23T13:13:15.366+0000] {taskinstance.py:1279} INFO - 
--------------------------------------------------------------------------------
[2024-07-23T13:13:15.366+0000] {taskinstance.py:1280} INFO - Starting attempt 1 of 2
[2024-07-23T13:13:15.366+0000] {taskinstance.py:1281} INFO - 
--------------------------------------------------------------------------------
[2024-07-23T13:13:15.377+0000] {taskinstance.py:1300} INFO - Executing <Task(PythonOperator): download_data> on 2024-07-23 13:13:11.962118+00:00
[2024-07-23T13:13:15.382+0000] {standard_task_runner.py:55} INFO - Started process 121 to run task
[2024-07-23T13:13:15.384+0000] {standard_task_runner.py:82} INFO - Running: ['***', 'tasks', 'run', 'dag_inmet', 'download_data', 'manual__2024-07-23T13:13:11.962118+00:00', '--job-id', '733', '--raw', '--subdir', 'DAGS_FOLDER/dag_inmet.py', '--cfg-path', '/tmp/tmp04lllym3']
[2024-07-23T13:13:15.385+0000] {standard_task_runner.py:83} INFO - Job 733: Subtask download_data
[2024-07-23T13:13:15.423+0000] {task_command.py:388} INFO - Running <TaskInstance: dag_inmet.download_data manual__2024-07-23T13:13:11.962118+00:00 [running]> on host 6793e0b99493
[2024-07-23T13:13:15.471+0000] {taskinstance.py:1509} INFO - Exporting the following env vars:
AIRFLOW_CTX_DAG_OWNER=***
AIRFLOW_CTX_DAG_ID=dag_inmet
AIRFLOW_CTX_TASK_ID=download_data
AIRFLOW_CTX_EXECUTION_DATE=2024-07-23T13:13:11.962118+00:00
AIRFLOW_CTX_TRY_NUMBER=1
AIRFLOW_CTX_DAG_RUN_ID=manual__2024-07-23T13:13:11.962118+00:00
[2024-07-23T13:13:16.599+0000] {logging_mixin.py:137} INFO - Tempo de execução de download_data: 1.1273 segundos
[2024-07-23T13:13:31.045+0000] {logging_mixin.py:137} INFO - Arquivo salvo como /opt/***/data/bronze/2024.zip
[2024-07-23T13:13:31.047+0000] {logging_mixin.py:137} INFO - Tempo de execução de download_and_save_file: 14.4476 segundos
[2024-07-23T13:13:31.047+0000] {python.py:177} INFO - Done. Returned value was: /opt/***/data/bronze/2024.zip
[2024-07-23T13:13:31.068+0000] {taskinstance.py:1323} INFO - Marking task as SUCCESS. dag_id=dag_inmet, task_id=download_data, execution_date=20240723T131311, start_date=20240723T131315, end_date=20240723T131331
[2024-07-23T13:13:31.087+0000] {local_task_job.py:208} INFO - Task exited with return code 0
[2024-07-23T13:13:31.103+0000] {taskinstance.py:2578} INFO - 1 downstream tasks scheduled from follow-on schedule check
