[2024-08-29T15:11:12.060+0000] {taskinstance.py:1083} INFO - Dependencies all met for <TaskInstance: dag_inmet.download_data scheduled__2024-08-28T15:09:00+00:00 [queued]>
[2024-08-29T15:11:12.066+0000] {taskinstance.py:1083} INFO - Dependencies all met for <TaskInstance: dag_inmet.download_data scheduled__2024-08-28T15:09:00+00:00 [queued]>
[2024-08-29T15:11:12.066+0000] {taskinstance.py:1279} INFO - 
--------------------------------------------------------------------------------
[2024-08-29T15:11:12.066+0000] {taskinstance.py:1280} INFO - Starting attempt 1 of 1
[2024-08-29T15:11:12.067+0000] {taskinstance.py:1281} INFO - 
--------------------------------------------------------------------------------
[2024-08-29T15:11:12.077+0000] {taskinstance.py:1300} INFO - Executing <Task(PythonOperator): download_data> on 2024-08-28 15:09:00+00:00
[2024-08-29T15:11:12.084+0000] {standard_task_runner.py:55} INFO - Started process 2424 to run task
[2024-08-29T15:11:12.086+0000] {standard_task_runner.py:82} INFO - Running: ['***', 'tasks', 'run', 'dag_inmet', 'download_data', 'scheduled__2024-08-28T15:09:00+00:00', '--job-id', '13202', '--raw', '--subdir', 'DAGS_FOLDER/dag_inmet.py', '--cfg-path', '/tmp/tmpgcq36aha']
[2024-08-29T15:11:12.087+0000] {standard_task_runner.py:83} INFO - Job 13202: Subtask download_data
[2024-08-29T15:11:12.129+0000] {task_command.py:388} INFO - Running <TaskInstance: dag_inmet.download_data scheduled__2024-08-28T15:09:00+00:00 [running]> on host 91ec5aca95ea
[2024-08-29T15:11:12.184+0000] {taskinstance.py:1509} INFO - Exporting the following env vars:
AIRFLOW_CTX_DAG_OWNER=***
AIRFLOW_CTX_DAG_ID=dag_inmet
AIRFLOW_CTX_TASK_ID=download_data
AIRFLOW_CTX_EXECUTION_DATE=2024-08-28T15:09:00+00:00
AIRFLOW_CTX_TRY_NUMBER=1
AIRFLOW_CTX_DAG_RUN_ID=scheduled__2024-08-28T15:09:00+00:00
[2024-08-29T15:11:13.541+0000] {logging_mixin.py:137} INFO - Tempo de execução de download_data: 1.3563 segundos
[2024-08-29T15:11:40.069+0000] {logging_mixin.py:137} INFO - Arquivo salvo como /opt/***/data/bronze/inmet/2024.zip
[2024-08-29T15:11:40.072+0000] {logging_mixin.py:137} INFO - Tempo de execução de download_and_save_file: 26.5306 segundos
[2024-08-29T15:11:40.090+0000] {python.py:177} INFO - Done. Returned value was: /opt/***/data/bronze/inmet/2024.zip
[2024-08-29T15:11:40.104+0000] {taskinstance.py:1323} INFO - Marking task as SUCCESS. dag_id=dag_inmet, task_id=download_data, execution_date=20240828T150900, start_date=20240829T151112, end_date=20240829T151140
[2024-08-29T15:11:40.138+0000] {local_task_job.py:208} INFO - Task exited with return code 0
[2024-08-29T15:11:40.158+0000] {taskinstance.py:2578} INFO - 1 downstream tasks scheduled from follow-on schedule check
