[2024-07-30T15:09:06.385+0000] {taskinstance.py:1083} INFO - Dependencies all met for <TaskInstance: dag_inmet.process_data manual__2024-07-30T15:07:03.336296+00:00 [queued]>
[2024-07-30T15:09:06.395+0000] {taskinstance.py:1083} INFO - Dependencies all met for <TaskInstance: dag_inmet.process_data manual__2024-07-30T15:07:03.336296+00:00 [queued]>
[2024-07-30T15:09:06.395+0000] {taskinstance.py:1279} INFO - 
--------------------------------------------------------------------------------
[2024-07-30T15:09:06.395+0000] {taskinstance.py:1280} INFO - Starting attempt 1 of 1
[2024-07-30T15:09:06.395+0000] {taskinstance.py:1281} INFO - 
--------------------------------------------------------------------------------
[2024-07-30T15:09:06.406+0000] {taskinstance.py:1300} INFO - Executing <Task(PythonOperator): process_data> on 2024-07-30 15:07:03.336296+00:00
[2024-07-30T15:09:06.412+0000] {standard_task_runner.py:55} INFO - Started process 3142 to run task
[2024-07-30T15:09:06.414+0000] {standard_task_runner.py:82} INFO - Running: ['***', 'tasks', 'run', 'dag_inmet', 'process_data', 'manual__2024-07-30T15:07:03.336296+00:00', '--job-id', '2620', '--raw', '--subdir', 'DAGS_FOLDER/dag_inmet.py', '--cfg-path', '/tmp/tmp_qjef6_n']
[2024-07-30T15:09:06.416+0000] {standard_task_runner.py:83} INFO - Job 2620: Subtask process_data
[2024-07-30T15:09:06.459+0000] {task_command.py:388} INFO - Running <TaskInstance: dag_inmet.process_data manual__2024-07-30T15:07:03.336296+00:00 [running]> on host de721ab37e41
[2024-07-30T15:09:06.515+0000] {taskinstance.py:1509} INFO - Exporting the following env vars:
AIRFLOW_CTX_DAG_OWNER=***
AIRFLOW_CTX_DAG_ID=dag_inmet
AIRFLOW_CTX_TASK_ID=process_data
AIRFLOW_CTX_EXECUTION_DATE=2024-07-30T15:07:03.336296+00:00
AIRFLOW_CTX_TRY_NUMBER=1
AIRFLOW_CTX_DAG_RUN_ID=manual__2024-07-30T15:07:03.336296+00:00
[2024-07-30T15:09:08.762+0000] {warnings.py:110} WARNING - /home/***/.local/lib/python3.7/site-packages/pyspark/context.py:317: FutureWarning: Python 3.7 support is deprecated in Spark 3.4.
  warnings.warn("Python 3.7 support is deprecated in Spark 3.4.", FutureWarning)

[2024-07-30T15:09:08.870+0000] {dag_inmet.py:72} INFO - SparkSession criado com sucesso.
[2024-07-30T15:09:08.870+0000] {dag_inmet.py:78} ERROR - Erro no processamento dos dados: 'Silver' object has no attribute 'process_csv_files'
[2024-07-30T15:09:09.265+0000] {taskinstance.py:1768} ERROR - Task failed with exception
Traceback (most recent call last):
  File "/home/airflow/.local/lib/python3.7/site-packages/airflow/operators/python.py", line 175, in execute
    return_value = self.execute_callable()
  File "/home/airflow/.local/lib/python3.7/site-packages/airflow/operators/python.py", line 192, in execute_callable
    return self.python_callable(*self.op_args, **self.op_kwargs)
  File "/opt/airflow/dags/dag_inmet.py", line 75, in task_process_data
    df_filtered = silver.process_csv_files(filename, spark)
AttributeError: 'Silver' object has no attribute 'process_csv_files'
[2024-07-30T15:09:09.290+0000] {taskinstance.py:1323} INFO - Marking task as FAILED. dag_id=dag_inmet, task_id=process_data, execution_date=20240730T150703, start_date=20240730T150906, end_date=20240730T150909
[2024-07-30T15:09:09.330+0000] {standard_task_runner.py:105} ERROR - Failed to execute job 2620 for task process_data ('Silver' object has no attribute 'process_csv_files'; 3142)
[2024-07-30T15:09:09.353+0000] {local_task_job.py:208} INFO - Task exited with return code 1
[2024-07-30T15:09:09.401+0000] {taskinstance.py:2578} INFO - 0 downstream tasks scheduled from follow-on schedule check
