[2024-07-03T14:10:37.472+0000] {taskinstance.py:1083} INFO - Dependencies all met for <TaskInstance: hook.create_table_task manual__2024-07-03T14:10:36.946176+00:00 [queued]>
[2024-07-03T14:10:37.484+0000] {taskinstance.py:1083} INFO - Dependencies all met for <TaskInstance: hook.create_table_task manual__2024-07-03T14:10:36.946176+00:00 [queued]>
[2024-07-03T14:10:37.485+0000] {taskinstance.py:1279} INFO - 
--------------------------------------------------------------------------------
[2024-07-03T14:10:37.485+0000] {taskinstance.py:1280} INFO - Starting attempt 1 of 1
[2024-07-03T14:10:37.485+0000] {taskinstance.py:1281} INFO - 
--------------------------------------------------------------------------------
[2024-07-03T14:10:37.499+0000] {taskinstance.py:1300} INFO - Executing <Task(PythonOperator): create_table_task> on 2024-07-03 14:10:36.946176+00:00
[2024-07-03T14:10:37.504+0000] {standard_task_runner.py:55} INFO - Started process 8014 to run task
[2024-07-03T14:10:37.506+0000] {standard_task_runner.py:82} INFO - Running: ['***', 'tasks', 'run', 'hook', 'create_table_task', 'manual__2024-07-03T14:10:36.946176+00:00', '--job-id', '778', '--raw', '--subdir', 'DAGS_FOLDER/hooks.py', '--cfg-path', '/tmp/tmp9gevb9ou']
[2024-07-03T14:10:37.507+0000] {standard_task_runner.py:83} INFO - Job 778: Subtask create_table_task
[2024-07-03T14:10:37.561+0000] {task_command.py:388} INFO - Running <TaskInstance: hook.create_table_task manual__2024-07-03T14:10:36.946176+00:00 [running]> on host 6932124ae65a
[2024-07-03T14:10:37.634+0000] {taskinstance.py:1509} INFO - Exporting the following env vars:
AIRFLOW_CTX_DAG_OWNER=***
AIRFLOW_CTX_DAG_ID=hook
AIRFLOW_CTX_TASK_ID=create_table_task
AIRFLOW_CTX_EXECUTION_DATE=2024-07-03T14:10:36.946176+00:00
AIRFLOW_CTX_TRY_NUMBER=1
AIRFLOW_CTX_DAG_RUN_ID=manual__2024-07-03T14:10:36.946176+00:00
[2024-07-03T14:10:37.641+0000] {base.py:73} INFO - Using connection ID 'postgres' for task execution.
[2024-07-03T14:10:37.645+0000] {sql.py:375} INFO - Running statement: create table if not exists teste2(id int), parameters: None
[2024-07-03T14:10:37.645+0000] {python.py:177} INFO - Done. Returned value was: None
[2024-07-03T14:10:37.655+0000] {taskinstance.py:1323} INFO - Marking task as SUCCESS. dag_id=hook, task_id=create_table_task, execution_date=20240703T141036, start_date=20240703T141037, end_date=20240703T141037
[2024-07-03T14:10:37.678+0000] {local_task_job.py:208} INFO - Task exited with return code 0
[2024-07-03T14:10:37.706+0000] {taskinstance.py:2578} INFO - 1 downstream tasks scheduled from follow-on schedule check
