[2024-08-21T19:23:29.410+0000] {taskinstance.py:1083} INFO - Dependencies all met for <TaskInstance: dag_gold_ts.process_gold_ts manual__2024-08-21T19:22:52.366244+00:00 [queued]>
[2024-08-21T19:23:29.416+0000] {taskinstance.py:1083} INFO - Dependencies all met for <TaskInstance: dag_gold_ts.process_gold_ts manual__2024-08-21T19:22:52.366244+00:00 [queued]>
[2024-08-21T19:23:29.416+0000] {taskinstance.py:1279} INFO - 
--------------------------------------------------------------------------------
[2024-08-21T19:23:29.417+0000] {taskinstance.py:1280} INFO - Starting attempt 1 of 1
[2024-08-21T19:23:29.417+0000] {taskinstance.py:1281} INFO - 
--------------------------------------------------------------------------------
[2024-08-21T19:23:29.428+0000] {taskinstance.py:1300} INFO - Executing <Task(PythonOperator): process_gold_ts> on 2024-08-21 19:22:52.366244+00:00
[2024-08-21T19:23:29.434+0000] {standard_task_runner.py:55} INFO - Started process 7321 to run task
[2024-08-21T19:23:29.436+0000] {standard_task_runner.py:82} INFO - Running: ['***', 'tasks', 'run', 'dag_gold_ts', 'process_gold_ts', 'manual__2024-08-21T19:22:52.366244+00:00', '--job-id', '10416', '--raw', '--subdir', 'DAGS_FOLDER/dag_ts_inmet.py', '--cfg-path', '/tmp/tmpzi1jgo8j']
[2024-08-21T19:23:29.437+0000] {standard_task_runner.py:83} INFO - Job 10416: Subtask process_gold_ts
[2024-08-21T19:23:29.481+0000] {task_command.py:388} INFO - Running <TaskInstance: dag_gold_ts.process_gold_ts manual__2024-08-21T19:22:52.366244+00:00 [running]> on host 2ffd484bc8a9
[2024-08-21T19:23:29.532+0000] {taskinstance.py:1509} INFO - Exporting the following env vars:
AIRFLOW_CTX_DAG_OWNER=***
AIRFLOW_CTX_DAG_ID=dag_gold_ts
AIRFLOW_CTX_TASK_ID=process_gold_ts
AIRFLOW_CTX_EXECUTION_DATE=2024-08-21T19:22:52.366244+00:00
AIRFLOW_CTX_TRY_NUMBER=1
AIRFLOW_CTX_DAG_RUN_ID=manual__2024-08-21T19:22:52.366244+00:00
[2024-08-21T19:23:31.728+0000] {warnings.py:110} WARNING - /home/***/.local/lib/python3.7/site-packages/pyspark/context.py:317: FutureWarning: Python 3.7 support is deprecated in Spark 3.4.
  warnings.warn("Python 3.7 support is deprecated in Spark 3.4.", FutureWarning)

[2024-08-21T19:23:36.675+0000] {logging_mixin.py:137} INFO - Tempo de execução de ts_gold: 4.8560 segundos
[2024-08-21T19:23:36.735+0000] {python.py:177} INFO - Done. Returned value was: None
[2024-08-21T19:23:36.743+0000] {taskinstance.py:1323} INFO - Marking task as SUCCESS. dag_id=dag_gold_ts, task_id=process_gold_ts, execution_date=20240821T192252, start_date=20240821T192329, end_date=20240821T192336
[2024-08-21T19:23:36.764+0000] {local_task_job.py:208} INFO - Task exited with return code 0
[2024-08-21T19:23:36.788+0000] {taskinstance.py:2578} INFO - 1 downstream tasks scheduled from follow-on schedule check
