[2024-08-02T01:15:43.224+0000] {taskinstance.py:1083} INFO - Dependencies all met for <TaskInstance: dag_inmet.download_data manual__2024-08-02T01:15:35.301859+00:00 [queued]>
[2024-08-02T01:15:43.233+0000] {taskinstance.py:1083} INFO - Dependencies all met for <TaskInstance: dag_inmet.download_data manual__2024-08-02T01:15:35.301859+00:00 [queued]>
[2024-08-02T01:15:43.234+0000] {taskinstance.py:1279} INFO - 
--------------------------------------------------------------------------------
[2024-08-02T01:15:43.234+0000] {taskinstance.py:1280} INFO - Starting attempt 1 of 1
[2024-08-02T01:15:43.234+0000] {taskinstance.py:1281} INFO - 
--------------------------------------------------------------------------------
[2024-08-02T01:15:43.243+0000] {taskinstance.py:1300} INFO - Executing <Task(PythonOperator): download_data> on 2024-08-02 01:15:35.301859+00:00
[2024-08-02T01:15:43.250+0000] {standard_task_runner.py:55} INFO - Started process 162 to run task
[2024-08-02T01:15:43.252+0000] {standard_task_runner.py:82} INFO - Running: ['***', 'tasks', 'run', 'dag_inmet', 'download_data', 'manual__2024-08-02T01:15:35.301859+00:00', '--job-id', '3724', '--raw', '--subdir', 'DAGS_FOLDER/dag_inmet.py', '--cfg-path', '/tmp/tmpiwz9_zpy']
[2024-08-02T01:15:43.254+0000] {standard_task_runner.py:83} INFO - Job 3724: Subtask download_data
[2024-08-02T01:15:43.295+0000] {task_command.py:388} INFO - Running <TaskInstance: dag_inmet.download_data manual__2024-08-02T01:15:35.301859+00:00 [running]> on host 340b192d5d68
[2024-08-02T01:15:43.348+0000] {taskinstance.py:1509} INFO - Exporting the following env vars:
AIRFLOW_CTX_DAG_OWNER=***
AIRFLOW_CTX_DAG_ID=dag_inmet
AIRFLOW_CTX_TASK_ID=download_data
AIRFLOW_CTX_EXECUTION_DATE=2024-08-02T01:15:35.301859+00:00
AIRFLOW_CTX_TRY_NUMBER=1
AIRFLOW_CTX_DAG_RUN_ID=manual__2024-08-02T01:15:35.301859+00:00
[2024-08-02T01:15:44.473+0000] {logging_mixin.py:137} INFO - Tempo de execução de download_data: 1.1243 segundos
[2024-08-02T01:15:55.864+0000] {logging_mixin.py:137} INFO - Arquivo salvo como /opt/***/data/bronze/2024.zip
[2024-08-02T01:15:55.866+0000] {logging_mixin.py:137} INFO - Tempo de execução de download_and_save_file: 11.3927 segundos
[2024-08-02T01:15:55.866+0000] {python.py:177} INFO - Done. Returned value was: /opt/***/data/bronze/2024.zip
[2024-08-02T01:15:55.883+0000] {taskinstance.py:1323} INFO - Marking task as SUCCESS. dag_id=dag_inmet, task_id=download_data, execution_date=20240802T011535, start_date=20240802T011543, end_date=20240802T011555
[2024-08-02T01:15:55.911+0000] {local_task_job.py:208} INFO - Task exited with return code 0
[2024-08-02T01:15:55.933+0000] {taskinstance.py:2578} INFO - 1 downstream tasks scheduled from follow-on schedule check
