[2024-08-28T13:35:20.579+0000] {taskinstance.py:1083} INFO - Dependencies all met for <TaskInstance: dag_inmet.download_data manual__2024-08-28T13:34:57.722638+00:00 [queued]>
[2024-08-28T13:35:20.593+0000] {taskinstance.py:1083} INFO - Dependencies all met for <TaskInstance: dag_inmet.download_data manual__2024-08-28T13:34:57.722638+00:00 [queued]>
[2024-08-28T13:35:20.593+0000] {taskinstance.py:1279} INFO - 
--------------------------------------------------------------------------------
[2024-08-28T13:35:20.593+0000] {taskinstance.py:1280} INFO - Starting attempt 1 of 1
[2024-08-28T13:35:20.593+0000] {taskinstance.py:1281} INFO - 
--------------------------------------------------------------------------------
[2024-08-28T13:35:20.613+0000] {taskinstance.py:1300} INFO - Executing <Task(PythonOperator): download_data> on 2024-08-28 13:34:57.722638+00:00
[2024-08-28T13:35:20.619+0000] {standard_task_runner.py:55} INFO - Started process 241 to run task
[2024-08-28T13:35:20.622+0000] {standard_task_runner.py:82} INFO - Running: ['***', 'tasks', 'run', 'dag_inmet', 'download_data', 'manual__2024-08-28T13:34:57.722638+00:00', '--job-id', '11924', '--raw', '--subdir', 'DAGS_FOLDER/dag_inmet.py', '--cfg-path', '/tmp/tmp3pc69co9']
[2024-08-28T13:35:20.623+0000] {standard_task_runner.py:83} INFO - Job 11924: Subtask download_data
[2024-08-28T13:35:20.680+0000] {task_command.py:388} INFO - Running <TaskInstance: dag_inmet.download_data manual__2024-08-28T13:34:57.722638+00:00 [running]> on host 77b15fcdcbd5
[2024-08-28T13:35:20.777+0000] {taskinstance.py:1509} INFO - Exporting the following env vars:
AIRFLOW_CTX_DAG_OWNER=***
AIRFLOW_CTX_DAG_ID=dag_inmet
AIRFLOW_CTX_TASK_ID=download_data
AIRFLOW_CTX_EXECUTION_DATE=2024-08-28T13:34:57.722638+00:00
AIRFLOW_CTX_TRY_NUMBER=1
AIRFLOW_CTX_DAG_RUN_ID=manual__2024-08-28T13:34:57.722638+00:00
[2024-08-28T13:35:22.211+0000] {logging_mixin.py:137} INFO - Tempo de execução de download_data: 1.4323 segundos
[2024-08-28T13:35:32.574+0000] {logging_mixin.py:137} INFO - Arquivo salvo como /opt/***/data/bronze/inmet/2024.zip
[2024-08-28T13:35:32.577+0000] {logging_mixin.py:137} INFO - Tempo de execução de download_and_save_file: 10.3654 segundos
[2024-08-28T13:35:32.598+0000] {python.py:177} INFO - Done. Returned value was: /opt/***/data/bronze/inmet/2024.zip
[2024-08-28T13:35:32.619+0000] {taskinstance.py:1323} INFO - Marking task as SUCCESS. dag_id=dag_inmet, task_id=download_data, execution_date=20240828T133457, start_date=20240828T133520, end_date=20240828T133532
[2024-08-28T13:35:32.647+0000] {local_task_job.py:208} INFO - Task exited with return code 0
[2024-08-28T13:35:32.686+0000] {taskinstance.py:2578} INFO - 1 downstream tasks scheduled from follow-on schedule check
