[2024-06-28T13:42:34.146+0000] {taskinstance.py:1083} INFO - Dependencies all met for <TaskInstance: triggerdag3.tsk2 manual__2024-06-28T13:42:33.398498+00:00 [queued]>
[2024-06-28T13:42:34.154+0000] {taskinstance.py:1083} INFO - Dependencies all met for <TaskInstance: triggerdag3.tsk2 manual__2024-06-28T13:42:33.398498+00:00 [queued]>
[2024-06-28T13:42:34.154+0000] {taskinstance.py:1279} INFO - 
--------------------------------------------------------------------------------
[2024-06-28T13:42:34.155+0000] {taskinstance.py:1280} INFO - Starting attempt 1 of 1
[2024-06-28T13:42:34.155+0000] {taskinstance.py:1281} INFO - 
--------------------------------------------------------------------------------
[2024-06-28T13:42:34.167+0000] {taskinstance.py:1300} INFO - Executing <Task(BashOperator): tsk2> on 2024-06-28 13:42:33.398498+00:00
[2024-06-28T13:42:34.173+0000] {standard_task_runner.py:55} INFO - Started process 162 to run task
[2024-06-28T13:42:34.175+0000] {standard_task_runner.py:82} INFO - Running: ['***', 'tasks', 'run', 'triggerdag3', 'tsk2', 'manual__2024-06-28T13:42:33.398498+00:00', '--job-id', '230', '--raw', '--subdir', 'DAGS_FOLDER/triggerdag3.py', '--cfg-path', '/tmp/tmpzr3tw5o7']
[2024-06-28T13:42:34.176+0000] {standard_task_runner.py:83} INFO - Job 230: Subtask tsk2
[2024-06-28T13:42:34.230+0000] {task_command.py:388} INFO - Running <TaskInstance: triggerdag3.tsk2 manual__2024-06-28T13:42:33.398498+00:00 [running]> on host 72ef4cc59fa0
[2024-06-28T13:42:34.297+0000] {taskinstance.py:1509} INFO - Exporting the following env vars:
AIRFLOW_CTX_DAG_OWNER=***
AIRFLOW_CTX_DAG_ID=triggerdag3
AIRFLOW_CTX_TASK_ID=tsk2
AIRFLOW_CTX_EXECUTION_DATE=2024-06-28T13:42:33.398498+00:00
AIRFLOW_CTX_TRY_NUMBER=1
AIRFLOW_CTX_DAG_RUN_ID=manual__2024-06-28T13:42:33.398498+00:00
[2024-06-28T13:42:34.298+0000] {subprocess.py:63} INFO - Tmp dir root location: 
 /tmp
[2024-06-28T13:42:34.298+0000] {subprocess.py:75} INFO - Running command: ['/bin/bash', '-c', 'exit 1']
[2024-06-28T13:42:34.311+0000] {subprocess.py:86} INFO - Output:
[2024-06-28T13:42:34.313+0000] {subprocess.py:97} INFO - Command exited with return code 1
[2024-06-28T13:42:34.322+0000] {taskinstance.py:1768} ERROR - Task failed with exception
Traceback (most recent call last):
  File "/home/airflow/.local/lib/python3.7/site-packages/airflow/operators/bash.py", line 197, in execute
    f"Bash command failed. The command returned a non-zero exit code {result.exit_code}."
airflow.exceptions.AirflowException: Bash command failed. The command returned a non-zero exit code 1.
[2024-06-28T13:42:34.326+0000] {taskinstance.py:1323} INFO - Marking task as FAILED. dag_id=triggerdag3, task_id=tsk2, execution_date=20240628T134233, start_date=20240628T134234, end_date=20240628T134234
[2024-06-28T13:42:34.350+0000] {standard_task_runner.py:105} ERROR - Failed to execute job 230 for task tsk2 (Bash command failed. The command returned a non-zero exit code 1.; 162)
[2024-06-28T13:42:34.387+0000] {local_task_job.py:208} INFO - Task exited with return code 1
[2024-06-28T13:42:34.410+0000] {taskinstance.py:2578} INFO - 1 downstream tasks scheduled from follow-on schedule check
