[2024-08-11T15:30:39.667+0000] {taskinstance.py:1083} INFO - Dependencies all met for <TaskInstance: dag_inmet.download_data manual__2024-08-11T15:29:58.056903+00:00 [queued]>
[2024-08-11T15:30:39.676+0000] {taskinstance.py:1083} INFO - Dependencies all met for <TaskInstance: dag_inmet.download_data manual__2024-08-11T15:29:58.056903+00:00 [queued]>
[2024-08-11T15:30:39.676+0000] {taskinstance.py:1279} INFO - 
--------------------------------------------------------------------------------
[2024-08-11T15:30:39.677+0000] {taskinstance.py:1280} INFO - Starting attempt 1 of 1
[2024-08-11T15:30:39.677+0000] {taskinstance.py:1281} INFO - 
--------------------------------------------------------------------------------
[2024-08-11T15:30:39.687+0000] {taskinstance.py:1300} INFO - Executing <Task(PythonOperator): download_data> on 2024-08-11 15:29:58.056903+00:00
[2024-08-11T15:30:39.693+0000] {standard_task_runner.py:55} INFO - Started process 48825 to run task
[2024-08-11T15:30:39.694+0000] {standard_task_runner.py:82} INFO - Running: ['***', 'tasks', 'run', 'dag_inmet', 'download_data', 'manual__2024-08-11T15:29:58.056903+00:00', '--job-id', '6758', '--raw', '--subdir', 'DAGS_FOLDER/dag_inmet.py', '--cfg-path', '/tmp/tmp52l3rhlh']
[2024-08-11T15:30:39.696+0000] {standard_task_runner.py:83} INFO - Job 6758: Subtask download_data
[2024-08-11T15:30:39.735+0000] {task_command.py:388} INFO - Running <TaskInstance: dag_inmet.download_data manual__2024-08-11T15:29:58.056903+00:00 [running]> on host 4d826fde42d2
[2024-08-11T15:30:39.783+0000] {taskinstance.py:1509} INFO - Exporting the following env vars:
AIRFLOW_CTX_DAG_OWNER=***
AIRFLOW_CTX_DAG_ID=dag_inmet
AIRFLOW_CTX_TASK_ID=download_data
AIRFLOW_CTX_EXECUTION_DATE=2024-08-11T15:29:58.056903+00:00
AIRFLOW_CTX_TRY_NUMBER=1
AIRFLOW_CTX_DAG_RUN_ID=manual__2024-08-11T15:29:58.056903+00:00
[2024-08-11T15:30:40.897+0000] {logging_mixin.py:137} INFO - Tempo de execução de download_data: 1.1137 segundos
[2024-08-11T15:30:55.897+0000] {logging_mixin.py:137} INFO - Arquivo salvo como /opt/***/data/bronze/2020.zip
[2024-08-11T15:30:55.904+0000] {logging_mixin.py:137} INFO - Tempo de execução de download_and_save_file: 15.0070 segundos
[2024-08-11T15:30:55.923+0000] {python.py:177} INFO - Done. Returned value was: /opt/***/data/bronze/2020.zip
[2024-08-11T15:30:55.938+0000] {taskinstance.py:1323} INFO - Marking task as SUCCESS. dag_id=dag_inmet, task_id=download_data, execution_date=20240811T152958, start_date=20240811T153039, end_date=20240811T153055
[2024-08-11T15:30:55.964+0000] {local_task_job.py:208} INFO - Task exited with return code 0
[2024-08-11T15:30:55.985+0000] {taskinstance.py:2578} INFO - 1 downstream tasks scheduled from follow-on schedule check
