[2024-07-30T19:17:04.913+0000] {taskinstance.py:1083} INFO - Dependencies all met for <TaskInstance: dag_inmet.monitoramento_task manual__2024-07-30T18:59:43.998094+00:00 [queued]>
[2024-07-30T19:17:04.921+0000] {taskinstance.py:1083} INFO - Dependencies all met for <TaskInstance: dag_inmet.monitoramento_task manual__2024-07-30T18:59:43.998094+00:00 [queued]>
[2024-07-30T19:17:04.922+0000] {taskinstance.py:1279} INFO - 
--------------------------------------------------------------------------------
[2024-07-30T19:17:04.922+0000] {taskinstance.py:1280} INFO - Starting attempt 1 of 1
[2024-07-30T19:17:04.922+0000] {taskinstance.py:1281} INFO - 
--------------------------------------------------------------------------------
[2024-07-30T19:17:04.936+0000] {taskinstance.py:1300} INFO - Executing <Task(PythonOperator): monitoramento_task> on 2024-07-30 18:59:43.998094+00:00
[2024-07-30T19:17:04.943+0000] {standard_task_runner.py:55} INFO - Started process 27018 to run task
[2024-07-30T19:17:04.945+0000] {standard_task_runner.py:82} INFO - Running: ['***', 'tasks', 'run', 'dag_inmet', 'monitoramento_task', 'manual__2024-07-30T18:59:43.998094+00:00', '--job-id', '2905', '--raw', '--subdir', 'DAGS_FOLDER/dag_inmet.py', '--cfg-path', '/tmp/tmp27npnt1t']
[2024-07-30T19:17:04.947+0000] {standard_task_runner.py:83} INFO - Job 2905: Subtask monitoramento_task
[2024-07-30T19:17:04.990+0000] {task_command.py:388} INFO - Running <TaskInstance: dag_inmet.monitoramento_task manual__2024-07-30T18:59:43.998094+00:00 [running]> on host 85c1c905ac53
[2024-07-30T19:17:05.042+0000] {taskinstance.py:1509} INFO - Exporting the following env vars:
AIRFLOW_CTX_DAG_OWNER=***
AIRFLOW_CTX_DAG_ID=dag_inmet
AIRFLOW_CTX_TASK_ID=monitoramento_task
AIRFLOW_CTX_EXECUTION_DATE=2024-07-30T18:59:43.998094+00:00
AIRFLOW_CTX_TRY_NUMBER=1
AIRFLOW_CTX_DAG_RUN_ID=manual__2024-07-30T18:59:43.998094+00:00
[2024-07-30T19:17:07.231+0000] {warnings.py:110} WARNING - /home/***/.local/lib/python3.7/site-packages/pyspark/context.py:317: FutureWarning: Python 3.7 support is deprecated in Spark 3.4.
  warnings.warn("Python 3.7 support is deprecated in Spark 3.4.", FutureWarning)

[2024-07-30T19:17:07.329+0000] {dag_inmet.py:102} INFO - SparkSession criado com sucesso.
[2024-07-30T19:17:08.298+0000] {monitoramento_plugin.py:24} ERROR - Erro ao executar consulta Spark: 
[PARSE_SYNTAX_ERROR] Syntax error at or near 'Ç'.(line 5, pos 15)

== SQL ==
SELECT
  REGIAO AS regiao,
  UF AS uf,
  COUNT(ESTACAO) AS quantidade_estacoes,
  SUM(PRECIPITAÇAO) AS volumetria_safra
---------------^^^
FROM gold_rainfall
WHERE DATA_FUNDACAO IS NOT NULL
GROUP BY REGIÃO, UF

[2024-07-30T19:17:08.301+0000] {dag_inmet.py:110} ERROR - Erro no monitoramento: 
[PARSE_SYNTAX_ERROR] Syntax error at or near 'Ç'.(line 5, pos 15)

== SQL ==
SELECT
  REGIAO AS regiao,
  UF AS uf,
  COUNT(ESTACAO) AS quantidade_estacoes,
  SUM(PRECIPITAÇAO) AS volumetria_safra
---------------^^^
FROM gold_rainfall
WHERE DATA_FUNDACAO IS NOT NULL
GROUP BY REGIÃO, UF

[2024-07-30T19:17:08.730+0000] {taskinstance.py:1768} ERROR - Task failed with exception
Traceback (most recent call last):
  File "/home/airflow/.local/lib/python3.7/site-packages/airflow/operators/python.py", line 175, in execute
    return_value = self.execute_callable()
  File "/home/airflow/.local/lib/python3.7/site-packages/airflow/operators/python.py", line 192, in execute_callable
    return self.python_callable(*self.op_args, **self.op_kwargs)
  File "/opt/airflow/dags/dag_inmet.py", line 105, in task_monitoramento
    results = monitoramento.execute_monitoramento(spark=spark)
  File "/opt/airflow/plugins/monitoramento_plugin.py", line 87, in execute_monitoramento
    df_result = self.executar_consulta_spark(spark, sql_query)
  File "/opt/airflow/plugins/monitoramento_plugin.py", line 21, in executar_consulta_spark
    df = spark.sql(query)
  File "/home/airflow/.local/lib/python3.7/site-packages/pyspark/sql/session.py", line 1440, in sql
    return DataFrame(self._jsparkSession.sql(sqlQuery, litArgs), self)
  File "/home/airflow/.local/lib/python3.7/site-packages/py4j/java_gateway.py", line 1323, in __call__
    answer, self.gateway_client, self.target_id, self.name)
  File "/home/airflow/.local/lib/python3.7/site-packages/pyspark/errors/exceptions/captured.py", line 175, in deco
    raise converted from None
pyspark.errors.exceptions.captured.ParseException: 
[PARSE_SYNTAX_ERROR] Syntax error at or near 'Ç'.(line 5, pos 15)

== SQL ==
SELECT
  REGIAO AS regiao,
  UF AS uf,
  COUNT(ESTACAO) AS quantidade_estacoes,
  SUM(PRECIPITAÇAO) AS volumetria_safra
---------------^^^
FROM gold_rainfall
WHERE DATA_FUNDACAO IS NOT NULL
GROUP BY REGIÃO, UF

[2024-07-30T19:17:08.740+0000] {taskinstance.py:1323} INFO - Marking task as FAILED. dag_id=dag_inmet, task_id=monitoramento_task, execution_date=20240730T185943, start_date=20240730T191704, end_date=20240730T191708
[2024-07-30T19:17:08.755+0000] {standard_task_runner.py:105} ERROR - Failed to execute job 2905 for task monitoramento_task (
[PARSE_SYNTAX_ERROR] Syntax error at or near 'Ç'.(line 5, pos 15)

== SQL ==
SELECT
  REGIAO AS regiao,
  UF AS uf,
  COUNT(ESTACAO) AS quantidade_estacoes,
  SUM(PRECIPITAÇAO) AS volumetria_safra
---------------^^^
FROM gold_rainfall
WHERE DATA_FUNDACAO IS NOT NULL
GROUP BY REGIÃO, UF
; 27018)
[2024-07-30T19:17:08.806+0000] {local_task_job.py:208} INFO - Task exited with return code 1
[2024-07-30T19:17:08.828+0000] {taskinstance.py:2578} INFO - 1 downstream tasks scheduled from follow-on schedule check
