[2024-07-10T15:17:20.544+0000] {taskinstance.py:1083} INFO - Dependencies all met for <TaskInstance: windturbine.group_check_tempo.check_temp_branc manual__2024-07-10T15:16:06.665413+00:00 [queued]>
[2024-07-10T15:17:20.554+0000] {taskinstance.py:1083} INFO - Dependencies all met for <TaskInstance: windturbine.group_check_tempo.check_temp_branc manual__2024-07-10T15:16:06.665413+00:00 [queued]>
[2024-07-10T15:17:20.554+0000] {taskinstance.py:1279} INFO - 
--------------------------------------------------------------------------------
[2024-07-10T15:17:20.554+0000] {taskinstance.py:1280} INFO - Starting attempt 2 of 2
[2024-07-10T15:17:20.554+0000] {taskinstance.py:1281} INFO - 
--------------------------------------------------------------------------------
[2024-07-10T15:17:20.564+0000] {taskinstance.py:1300} INFO - Executing <Task(BranchPythonOperator): group_check_tempo.check_temp_branc> on 2024-07-10 15:16:06.665413+00:00
[2024-07-10T15:17:20.570+0000] {standard_task_runner.py:55} INFO - Started process 1075 to run task
[2024-07-10T15:17:20.572+0000] {standard_task_runner.py:82} INFO - Running: ['***', 'tasks', 'run', 'windturbine', 'group_check_tempo.check_temp_branc', 'manual__2024-07-10T15:16:06.665413+00:00', '--job-id', '806', '--raw', '--subdir', 'DAGS_FOLDER/windturbine.py', '--cfg-path', '/tmp/tmpirvxtorv']
[2024-07-10T15:17:20.573+0000] {standard_task_runner.py:83} INFO - Job 806: Subtask group_check_tempo.check_temp_branc
[2024-07-10T15:17:20.615+0000] {task_command.py:388} INFO - Running <TaskInstance: windturbine.group_check_tempo.check_temp_branc manual__2024-07-10T15:16:06.665413+00:00 [running]> on host 2051c12a5a3c
[2024-07-10T15:17:20.666+0000] {taskinstance.py:1509} INFO - Exporting the following env vars:
AIRFLOW_CTX_DAG_EMAIL=testeskleuber@gmail.com
AIRFLOW_CTX_DAG_OWNER=***
AIRFLOW_CTX_DAG_ID=windturbine
AIRFLOW_CTX_TASK_ID=group_check_tempo.check_temp_branc
AIRFLOW_CTX_EXECUTION_DATE=2024-07-10T15:16:06.665413+00:00
AIRFLOW_CTX_TRY_NUMBER=2
AIRFLOW_CTX_DAG_RUN_ID=manual__2024-07-10T15:16:06.665413+00:00
[2024-07-10T15:17:20.674+0000] {taskinstance.py:1768} ERROR - Task failed with exception
Traceback (most recent call last):
  File "/home/airflow/.local/lib/python3.7/site-packages/airflow/operators/python.py", line 210, in execute
    branch = super().execute(context)
  File "/home/airflow/.local/lib/python3.7/site-packages/airflow/operators/python.py", line 175, in execute
    return_value = self.execute_callable()
  File "/home/airflow/.local/lib/python3.7/site-packages/airflow/operators/python.py", line 192, in execute_callable
    return self.python_callable(*self.op_args, **self.op_kwargs)
  File "/opt/airflow/dags/windturbine.py", line 111, in avalia_temp
    number = float(context['ti'].xcom_pull(task_ids='get_data', key='temperature', ))
TypeError: float() argument must be a string or a number, not 'NoneType'
[2024-07-10T15:17:20.679+0000] {taskinstance.py:1323} INFO - Marking task as FAILED. dag_id=windturbine, task_id=group_check_tempo.check_temp_branc, execution_date=20240710T151606, start_date=20240710T151720, end_date=20240710T151720
[2024-07-10T15:17:20.690+0000] {warnings.py:110} WARNING - /home/***/.local/lib/python3.7/site-packages/***/utils/email.py:152: RemovedInAirflow3Warning: Fetching SMTP credentials from configuration variables will be deprecated in a future release. Please set credentials using a connection instead.
  send_mime_email(e_from=mail_from, e_to=recipients, mime_msg=msg, conn_id=conn_id, dryrun=dryrun)

[2024-07-10T15:17:20.690+0000] {email.py:268} INFO - Email alerting: attempt 1
[2024-07-10T15:17:25.074+0000] {email.py:280} INFO - Sent an alert email to ['testeskleuber@gmail.com']
[2024-07-10T15:17:27.478+0000] {standard_task_runner.py:105} ERROR - Failed to execute job 806 for task group_check_tempo.check_temp_branc (float() argument must be a string or a number, not 'NoneType'; 1075)
[2024-07-10T15:17:27.513+0000] {local_task_job.py:208} INFO - Task exited with return code 1
[2024-07-10T15:17:27.538+0000] {taskinstance.py:2578} INFO - 0 downstream tasks scheduled from follow-on schedule check
