[2024-08-28T15:52:48.678+0000] {taskinstance.py:1083} INFO - Dependencies all met for <TaskInstance: sarima_forecast_dag.run_sarima_forecast manual__2024-08-28T15:52:26.694791+00:00 [queued]>
[2024-08-28T15:52:48.684+0000] {taskinstance.py:1083} INFO - Dependencies all met for <TaskInstance: sarima_forecast_dag.run_sarima_forecast manual__2024-08-28T15:52:26.694791+00:00 [queued]>
[2024-08-28T15:52:48.684+0000] {taskinstance.py:1279} INFO - 
--------------------------------------------------------------------------------
[2024-08-28T15:52:48.684+0000] {taskinstance.py:1280} INFO - Starting attempt 1 of 1
[2024-08-28T15:52:48.684+0000] {taskinstance.py:1281} INFO - 
--------------------------------------------------------------------------------
[2024-08-28T15:52:48.694+0000] {taskinstance.py:1300} INFO - Executing <Task(PythonOperator): run_sarima_forecast> on 2024-08-28 15:52:26.694791+00:00
[2024-08-28T15:52:48.701+0000] {standard_task_runner.py:55} INFO - Started process 23217 to run task
[2024-08-28T15:52:48.703+0000] {standard_task_runner.py:82} INFO - Running: ['***', 'tasks', 'run', 'sarima_forecast_dag', 'run_sarima_forecast', 'manual__2024-08-28T15:52:26.694791+00:00', '--job-id', '12203', '--raw', '--subdir', 'DAGS_FOLDER/dag_forecast_ts_rainfall.py', '--cfg-path', '/tmp/tmps54aetti']
[2024-08-28T15:52:48.704+0000] {standard_task_runner.py:83} INFO - Job 12203: Subtask run_sarima_forecast
[2024-08-28T15:52:48.745+0000] {task_command.py:388} INFO - Running <TaskInstance: sarima_forecast_dag.run_sarima_forecast manual__2024-08-28T15:52:26.694791+00:00 [running]> on host 4958d38180c6
[2024-08-28T15:52:48.795+0000] {taskinstance.py:1509} INFO - Exporting the following env vars:
AIRFLOW_CTX_DAG_OWNER=***
AIRFLOW_CTX_DAG_ID=sarima_forecast_dag
AIRFLOW_CTX_TASK_ID=run_sarima_forecast
AIRFLOW_CTX_EXECUTION_DATE=2024-08-28T15:52:26.694791+00:00
AIRFLOW_CTX_TRY_NUMBER=1
AIRFLOW_CTX_DAG_RUN_ID=manual__2024-08-28T15:52:26.694791+00:00
[2024-08-28T15:52:49.405+0000] {python.py:177} INFO - Done. Returned value was: None
[2024-08-28T15:52:49.418+0000] {taskinstance.py:1323} INFO - Marking task as SUCCESS. dag_id=sarima_forecast_dag, task_id=run_sarima_forecast, execution_date=20240828T155226, start_date=20240828T155248, end_date=20240828T155249
[2024-08-28T15:52:49.475+0000] {local_task_job.py:208} INFO - Task exited with return code 0
[2024-08-28T15:52:49.488+0000] {taskinstance.py:2578} INFO - 0 downstream tasks scheduled from follow-on schedule check
