[2024-08-06T13:58:27.607+0000] {taskinstance.py:1083} INFO - Dependencies all met for <TaskInstance: dag_inmet.download_data manual__2024-08-06T13:58:22.205365+00:00 [queued]>
[2024-08-06T13:58:27.618+0000] {taskinstance.py:1083} INFO - Dependencies all met for <TaskInstance: dag_inmet.download_data manual__2024-08-06T13:58:22.205365+00:00 [queued]>
[2024-08-06T13:58:27.619+0000] {taskinstance.py:1279} INFO - 
--------------------------------------------------------------------------------
[2024-08-06T13:58:27.619+0000] {taskinstance.py:1280} INFO - Starting attempt 1 of 1
[2024-08-06T13:58:27.619+0000] {taskinstance.py:1281} INFO - 
--------------------------------------------------------------------------------
[2024-08-06T13:58:27.631+0000] {taskinstance.py:1300} INFO - Executing <Task(PythonOperator): download_data> on 2024-08-06 13:58:22.205365+00:00
[2024-08-06T13:58:27.637+0000] {standard_task_runner.py:55} INFO - Started process 14522 to run task
[2024-08-06T13:58:27.639+0000] {standard_task_runner.py:82} INFO - Running: ['***', 'tasks', 'run', 'dag_inmet', 'download_data', 'manual__2024-08-06T13:58:22.205365+00:00', '--job-id', '4329', '--raw', '--subdir', 'DAGS_FOLDER/dag_inmet.py', '--cfg-path', '/tmp/tmpn95p067f']
[2024-08-06T13:58:27.641+0000] {standard_task_runner.py:83} INFO - Job 4329: Subtask download_data
[2024-08-06T13:58:27.698+0000] {task_command.py:388} INFO - Running <TaskInstance: dag_inmet.download_data manual__2024-08-06T13:58:22.205365+00:00 [running]> on host 0165c32c74c8
[2024-08-06T13:58:27.755+0000] {taskinstance.py:1509} INFO - Exporting the following env vars:
AIRFLOW_CTX_DAG_OWNER=***
AIRFLOW_CTX_DAG_ID=dag_inmet
AIRFLOW_CTX_TASK_ID=download_data
AIRFLOW_CTX_EXECUTION_DATE=2024-08-06T13:58:22.205365+00:00
AIRFLOW_CTX_TRY_NUMBER=1
AIRFLOW_CTX_DAG_RUN_ID=manual__2024-08-06T13:58:22.205365+00:00
[2024-08-06T13:58:28.736+0000] {logging_mixin.py:137} INFO - Tempo de execução de download_data: 0.9806 segundos
[2024-08-06T13:58:40.175+0000] {logging_mixin.py:137} INFO - Arquivo salvo como /opt/***/data/bronze/2024.zip
[2024-08-06T13:58:40.177+0000] {logging_mixin.py:137} INFO - Tempo de execução de download_and_save_file: 11.4411 segundos
[2024-08-06T13:58:40.178+0000] {python.py:177} INFO - Done. Returned value was: /opt/***/data/bronze/2024.zip
[2024-08-06T13:58:40.201+0000] {taskinstance.py:1323} INFO - Marking task as SUCCESS. dag_id=dag_inmet, task_id=download_data, execution_date=20240806T135822, start_date=20240806T135827, end_date=20240806T135840
[2024-08-06T13:58:40.252+0000] {local_task_job.py:208} INFO - Task exited with return code 0
[2024-08-06T13:58:40.276+0000] {taskinstance.py:2578} INFO - 1 downstream tasks scheduled from follow-on schedule check
