[2024-08-11T21:20:24.365+0000] {taskinstance.py:1083} INFO - Dependencies all met for <TaskInstance: dag_inmet.download_data manual__2024-08-11T21:19:19.923015+00:00 [queued]>
[2024-08-11T21:20:24.375+0000] {taskinstance.py:1083} INFO - Dependencies all met for <TaskInstance: dag_inmet.download_data manual__2024-08-11T21:19:19.923015+00:00 [queued]>
[2024-08-11T21:20:24.375+0000] {taskinstance.py:1279} INFO - 
--------------------------------------------------------------------------------
[2024-08-11T21:20:24.375+0000] {taskinstance.py:1280} INFO - Starting attempt 1 of 1
[2024-08-11T21:20:24.375+0000] {taskinstance.py:1281} INFO - 
--------------------------------------------------------------------------------
[2024-08-11T21:20:24.387+0000] {taskinstance.py:1300} INFO - Executing <Task(PythonOperator): download_data> on 2024-08-11 21:19:19.923015+00:00
[2024-08-11T21:20:24.395+0000] {standard_task_runner.py:55} INFO - Started process 202914 to run task
[2024-08-11T21:20:24.397+0000] {standard_task_runner.py:82} INFO - Running: ['***', 'tasks', 'run', 'dag_inmet', 'download_data', 'manual__2024-08-11T21:19:19.923015+00:00', '--job-id', '7103', '--raw', '--subdir', 'DAGS_FOLDER/dag_inmet.py', '--cfg-path', '/tmp/tmplq8haeuo']
[2024-08-11T21:20:24.398+0000] {standard_task_runner.py:83} INFO - Job 7103: Subtask download_data
[2024-08-11T21:20:24.450+0000] {task_command.py:388} INFO - Running <TaskInstance: dag_inmet.download_data manual__2024-08-11T21:19:19.923015+00:00 [running]> on host 4d826fde42d2
[2024-08-11T21:20:24.515+0000] {taskinstance.py:1509} INFO - Exporting the following env vars:
AIRFLOW_CTX_DAG_OWNER=***
AIRFLOW_CTX_DAG_ID=dag_inmet
AIRFLOW_CTX_TASK_ID=download_data
AIRFLOW_CTX_EXECUTION_DATE=2024-08-11T21:19:19.923015+00:00
AIRFLOW_CTX_TRY_NUMBER=1
AIRFLOW_CTX_DAG_RUN_ID=manual__2024-08-11T21:19:19.923015+00:00
[2024-08-11T21:20:25.738+0000] {logging_mixin.py:137} INFO - Tempo de execução de download_data: 1.2217 segundos
[2024-08-11T21:20:38.921+0000] {logging_mixin.py:137} INFO - Arquivo salvo como /opt/***/data/bronze/2020.zip
[2024-08-11T21:20:38.926+0000] {logging_mixin.py:137} INFO - Tempo de execução de download_and_save_file: 13.1881 segundos
[2024-08-11T21:20:38.946+0000] {python.py:177} INFO - Done. Returned value was: /opt/***/data/bronze/2020.zip
[2024-08-11T21:20:38.960+0000] {taskinstance.py:1323} INFO - Marking task as SUCCESS. dag_id=dag_inmet, task_id=download_data, execution_date=20240811T211919, start_date=20240811T212024, end_date=20240811T212038
[2024-08-11T21:20:38.991+0000] {local_task_job.py:208} INFO - Task exited with return code 0
[2024-08-11T21:20:39.012+0000] {taskinstance.py:2578} INFO - 1 downstream tasks scheduled from follow-on schedule check
