[2024-08-01T13:02:29.421+0000] {taskinstance.py:1083} INFO - Dependencies all met for <TaskInstance: dag_inmet.download_data scheduled__2024-07-31T12:54:43.347502+00:00 [queued]>
[2024-08-01T13:02:29.429+0000] {taskinstance.py:1083} INFO - Dependencies all met for <TaskInstance: dag_inmet.download_data scheduled__2024-07-31T12:54:43.347502+00:00 [queued]>
[2024-08-01T13:02:29.429+0000] {taskinstance.py:1279} INFO - 
--------------------------------------------------------------------------------
[2024-08-01T13:02:29.429+0000] {taskinstance.py:1280} INFO - Starting attempt 1 of 1
[2024-08-01T13:02:29.429+0000] {taskinstance.py:1281} INFO - 
--------------------------------------------------------------------------------
[2024-08-01T13:02:29.441+0000] {taskinstance.py:1300} INFO - Executing <Task(PythonOperator): download_data> on 2024-07-31 12:54:43.347502+00:00
[2024-08-01T13:02:29.450+0000] {standard_task_runner.py:55} INFO - Started process 62094 to run task
[2024-08-01T13:02:29.452+0000] {standard_task_runner.py:82} INFO - Running: ['***', 'tasks', 'run', 'dag_inmet', 'download_data', 'scheduled__2024-07-31T12:54:43.347502+00:00', '--job-id', '3273', '--raw', '--subdir', 'DAGS_FOLDER/dag_inmet.py', '--cfg-path', '/tmp/tmpv4l2muep']
[2024-08-01T13:02:29.454+0000] {standard_task_runner.py:83} INFO - Job 3273: Subtask download_data
[2024-08-01T13:02:29.507+0000] {task_command.py:388} INFO - Running <TaskInstance: dag_inmet.download_data scheduled__2024-07-31T12:54:43.347502+00:00 [running]> on host 85c1c905ac53
[2024-08-01T13:02:29.569+0000] {taskinstance.py:1509} INFO - Exporting the following env vars:
AIRFLOW_CTX_DAG_OWNER=***
AIRFLOW_CTX_DAG_ID=dag_inmet
AIRFLOW_CTX_TASK_ID=download_data
AIRFLOW_CTX_EXECUTION_DATE=2024-07-31T12:54:43.347502+00:00
AIRFLOW_CTX_TRY_NUMBER=1
AIRFLOW_CTX_DAG_RUN_ID=scheduled__2024-07-31T12:54:43.347502+00:00
[2024-08-01T13:02:30.534+0000] {logging_mixin.py:137} INFO - Tempo de execução de download_data: 0.9639 segundos
[2024-08-01T13:02:39.657+0000] {logging_mixin.py:137} INFO - Arquivo salvo como /opt/***/data/bronze/2024.zip
[2024-08-01T13:02:39.666+0000] {logging_mixin.py:137} INFO - Tempo de execução de download_and_save_file: 9.1315 segundos
[2024-08-01T13:02:39.667+0000] {python.py:177} INFO - Done. Returned value was: /opt/***/data/bronze/2024.zip
[2024-08-01T13:02:39.729+0000] {taskinstance.py:1323} INFO - Marking task as SUCCESS. dag_id=dag_inmet, task_id=download_data, execution_date=20240731T125443, start_date=20240801T130229, end_date=20240801T130239
[2024-08-01T13:02:39.800+0000] {local_task_job.py:208} INFO - Task exited with return code 0
[2024-08-01T13:02:39.825+0000] {taskinstance.py:2578} INFO - 1 downstream tasks scheduled from follow-on schedule check
