[2024-08-06T19:56:31.996+0000] {taskinstance.py:1083} INFO - Dependencies all met for <TaskInstance: dag_inmet.download_data manual__2024-08-06T19:56:23.962703+00:00 [queued]>
[2024-08-06T19:56:32.005+0000] {taskinstance.py:1083} INFO - Dependencies all met for <TaskInstance: dag_inmet.download_data manual__2024-08-06T19:56:23.962703+00:00 [queued]>
[2024-08-06T19:56:32.005+0000] {taskinstance.py:1279} INFO - 
--------------------------------------------------------------------------------
[2024-08-06T19:56:32.005+0000] {taskinstance.py:1280} INFO - Starting attempt 1 of 1
[2024-08-06T19:56:32.005+0000] {taskinstance.py:1281} INFO - 
--------------------------------------------------------------------------------
[2024-08-06T19:56:32.017+0000] {taskinstance.py:1300} INFO - Executing <Task(PythonOperator): download_data> on 2024-08-06 19:56:23.962703+00:00
[2024-08-06T19:56:32.025+0000] {standard_task_runner.py:55} INFO - Started process 143 to run task
[2024-08-06T19:56:32.027+0000] {standard_task_runner.py:82} INFO - Running: ['***', 'tasks', 'run', 'dag_inmet', 'download_data', 'manual__2024-08-06T19:56:23.962703+00:00', '--job-id', '4737', '--raw', '--subdir', 'DAGS_FOLDER/dag_inmet.py', '--cfg-path', '/tmp/tmp2s3gp68x']
[2024-08-06T19:56:32.029+0000] {standard_task_runner.py:83} INFO - Job 4737: Subtask download_data
[2024-08-06T19:56:32.069+0000] {task_command.py:388} INFO - Running <TaskInstance: dag_inmet.download_data manual__2024-08-06T19:56:23.962703+00:00 [running]> on host 9064bbdb1ace
[2024-08-06T19:56:32.115+0000] {taskinstance.py:1509} INFO - Exporting the following env vars:
AIRFLOW_CTX_DAG_OWNER=***
AIRFLOW_CTX_DAG_ID=dag_inmet
AIRFLOW_CTX_TASK_ID=download_data
AIRFLOW_CTX_EXECUTION_DATE=2024-08-06T19:56:23.962703+00:00
AIRFLOW_CTX_TRY_NUMBER=1
AIRFLOW_CTX_DAG_RUN_ID=manual__2024-08-06T19:56:23.962703+00:00
[2024-08-06T19:56:33.201+0000] {logging_mixin.py:137} INFO - Tempo de execução de download_data: 1.0846 segundos
[2024-08-06T19:56:55.238+0000] {logging_mixin.py:137} INFO - Arquivo salvo como /opt/***/data/bronze/2023.zip
[2024-08-06T19:56:55.242+0000] {logging_mixin.py:137} INFO - Tempo de execução de download_and_save_file: 22.0410 segundos
[2024-08-06T19:56:55.263+0000] {python.py:177} INFO - Done. Returned value was: /opt/***/data/bronze/2023.zip
[2024-08-06T19:56:55.275+0000] {taskinstance.py:1323} INFO - Marking task as SUCCESS. dag_id=dag_inmet, task_id=download_data, execution_date=20240806T195623, start_date=20240806T195631, end_date=20240806T195655
[2024-08-06T19:56:55.289+0000] {local_task_job.py:208} INFO - Task exited with return code 0
[2024-08-06T19:56:55.308+0000] {taskinstance.py:2578} INFO - 1 downstream tasks scheduled from follow-on schedule check
