[2024-07-02T17:57:57.350+0000] {taskinstance.py:1083} INFO - Dependencies all met for <TaskInstance: pool.tsk3 manual__2024-07-02T17:57:50.465578+00:00 [queued]>
[2024-07-02T17:57:57.357+0000] {taskinstance.py:1083} INFO - Dependencies all met for <TaskInstance: pool.tsk3 manual__2024-07-02T17:57:50.465578+00:00 [queued]>
[2024-07-02T17:57:57.358+0000] {taskinstance.py:1279} INFO - 
--------------------------------------------------------------------------------
[2024-07-02T17:57:57.358+0000] {taskinstance.py:1280} INFO - Starting attempt 1 of 1
[2024-07-02T17:57:57.358+0000] {taskinstance.py:1281} INFO - 
--------------------------------------------------------------------------------
[2024-07-02T17:57:57.368+0000] {taskinstance.py:1300} INFO - Executing <Task(BashOperator): tsk3> on 2024-07-02 17:57:50.465578+00:00
[2024-07-02T17:57:57.373+0000] {standard_task_runner.py:55} INFO - Started process 109 to run task
[2024-07-02T17:57:57.374+0000] {standard_task_runner.py:82} INFO - Running: ['***', 'tasks', 'run', 'pool', 'tsk3', 'manual__2024-07-02T17:57:50.465578+00:00', '--job-id', '507', '--raw', '--subdir', 'DAGS_FOLDER/poools.py', '--cfg-path', '/tmp/tmps2_wro3_']
[2024-07-02T17:57:57.375+0000] {standard_task_runner.py:83} INFO - Job 507: Subtask tsk3
[2024-07-02T17:57:57.420+0000] {task_command.py:388} INFO - Running <TaskInstance: pool.tsk3 manual__2024-07-02T17:57:50.465578+00:00 [running]> on host bafdf3b8a070
[2024-07-02T17:57:57.475+0000] {taskinstance.py:1509} INFO - Exporting the following env vars:
AIRFLOW_CTX_DAG_OWNER=***
AIRFLOW_CTX_DAG_ID=pool
AIRFLOW_CTX_TASK_ID=tsk3
AIRFLOW_CTX_EXECUTION_DATE=2024-07-02T17:57:50.465578+00:00
AIRFLOW_CTX_TRY_NUMBER=1
AIRFLOW_CTX_DAG_RUN_ID=manual__2024-07-02T17:57:50.465578+00:00
[2024-07-02T17:57:57.475+0000] {subprocess.py:63} INFO - Tmp dir root location: 
 /tmp
[2024-07-02T17:57:57.476+0000] {subprocess.py:75} INFO - Running command: ['/bin/bash', '-c', 'sleep 1']
[2024-07-02T17:57:57.486+0000] {subprocess.py:86} INFO - Output:
[2024-07-02T17:57:58.489+0000] {subprocess.py:97} INFO - Command exited with return code 0
[2024-07-02T17:57:58.516+0000] {taskinstance.py:1323} INFO - Marking task as SUCCESS. dag_id=pool, task_id=tsk3, execution_date=20240702T175750, start_date=20240702T175757, end_date=20240702T175758
[2024-07-02T17:57:58.550+0000] {local_task_job.py:208} INFO - Task exited with return code 0
[2024-07-02T17:57:58.580+0000] {taskinstance.py:2578} INFO - 0 downstream tasks scheduled from follow-on schedule check
