[2024-07-23T13:01:16.473+0000] {taskinstance.py:1083} INFO - Dependencies all met for <TaskInstance: dag_inmet.download_data scheduled__2024-07-22T13:01:05.460867+00:00 [queued]>
[2024-07-23T13:01:16.484+0000] {taskinstance.py:1083} INFO - Dependencies all met for <TaskInstance: dag_inmet.download_data scheduled__2024-07-22T13:01:05.460867+00:00 [queued]>
[2024-07-23T13:01:16.484+0000] {taskinstance.py:1279} INFO - 
--------------------------------------------------------------------------------
[2024-07-23T13:01:16.484+0000] {taskinstance.py:1280} INFO - Starting attempt 1 of 2
[2024-07-23T13:01:16.484+0000] {taskinstance.py:1281} INFO - 
--------------------------------------------------------------------------------
[2024-07-23T13:01:16.502+0000] {taskinstance.py:1300} INFO - Executing <Task(PythonOperator): download_data> on 2024-07-22 13:01:05.460867+00:00
[2024-07-23T13:01:16.510+0000] {standard_task_runner.py:55} INFO - Started process 153 to run task
[2024-07-23T13:01:16.512+0000] {standard_task_runner.py:82} INFO - Running: ['***', 'tasks', 'run', 'dag_inmet', 'download_data', 'scheduled__2024-07-22T13:01:05.460867+00:00', '--job-id', '679', '--raw', '--subdir', 'DAGS_FOLDER/dag_inmet.py', '--cfg-path', '/tmp/tmpbbky4eag']
[2024-07-23T13:01:16.513+0000] {standard_task_runner.py:83} INFO - Job 679: Subtask download_data
[2024-07-23T13:01:16.567+0000] {task_command.py:388} INFO - Running <TaskInstance: dag_inmet.download_data scheduled__2024-07-22T13:01:05.460867+00:00 [running]> on host 5e3042c0575c
[2024-07-23T13:01:16.620+0000] {taskinstance.py:1509} INFO - Exporting the following env vars:
AIRFLOW_CTX_DAG_OWNER=***
AIRFLOW_CTX_DAG_ID=dag_inmet
AIRFLOW_CTX_TASK_ID=download_data
AIRFLOW_CTX_EXECUTION_DATE=2024-07-22T13:01:05.460867+00:00
AIRFLOW_CTX_TRY_NUMBER=1
AIRFLOW_CTX_DAG_RUN_ID=scheduled__2024-07-22T13:01:05.460867+00:00
[2024-07-23T13:01:17.894+0000] {logging_mixin.py:137} INFO - Tempo de execução de download_data: 1.2739 segundos
[2024-07-23T13:01:33.376+0000] {logging_mixin.py:137} INFO - Arquivo salvo como bronze/2024.zip
[2024-07-23T13:01:33.378+0000] {logging_mixin.py:137} INFO - Tempo de execução de download_and_save_file: 15.4840 segundos
[2024-07-23T13:01:33.378+0000] {python.py:177} INFO - Done. Returned value was: bronze/2024.zip
[2024-07-23T13:01:33.395+0000] {taskinstance.py:1323} INFO - Marking task as SUCCESS. dag_id=dag_inmet, task_id=download_data, execution_date=20240722T130105, start_date=20240723T130116, end_date=20240723T130133
[2024-07-23T13:01:33.413+0000] {local_task_job.py:208} INFO - Task exited with return code 0
[2024-07-23T13:01:33.429+0000] {taskinstance.py:2578} INFO - 1 downstream tasks scheduled from follow-on schedule check
