[2024-08-01T23:29:59.569+0000] {taskinstance.py:1083} INFO - Dependencies all met for <TaskInstance: dag_inmet.monitoramento_task manual__2024-08-01T23:14:57.958123+00:00 [queued]>
[2024-08-01T23:29:59.578+0000] {taskinstance.py:1083} INFO - Dependencies all met for <TaskInstance: dag_inmet.monitoramento_task manual__2024-08-01T23:14:57.958123+00:00 [queued]>
[2024-08-01T23:29:59.578+0000] {taskinstance.py:1279} INFO - 
--------------------------------------------------------------------------------
[2024-08-01T23:29:59.578+0000] {taskinstance.py:1280} INFO - Starting attempt 1 of 1
[2024-08-01T23:29:59.578+0000] {taskinstance.py:1281} INFO - 
--------------------------------------------------------------------------------
[2024-08-01T23:29:59.588+0000] {taskinstance.py:1300} INFO - Executing <Task(PythonOperator): monitoramento_task> on 2024-08-01 23:14:57.958123+00:00
[2024-08-01T23:29:59.594+0000] {standard_task_runner.py:55} INFO - Started process 8944 to run task
[2024-08-01T23:29:59.596+0000] {standard_task_runner.py:82} INFO - Running: ['***', 'tasks', 'run', 'dag_inmet', 'monitoramento_task', 'manual__2024-08-01T23:14:57.958123+00:00', '--job-id', '3538', '--raw', '--subdir', 'DAGS_FOLDER/dag_inmet.py', '--cfg-path', '/tmp/tmpbp76uee7']
[2024-08-01T23:29:59.598+0000] {standard_task_runner.py:83} INFO - Job 3538: Subtask monitoramento_task
[2024-08-01T23:29:59.638+0000] {task_command.py:388} INFO - Running <TaskInstance: dag_inmet.monitoramento_task manual__2024-08-01T23:14:57.958123+00:00 [running]> on host 87a8f1646fc1
[2024-08-01T23:29:59.687+0000] {taskinstance.py:1509} INFO - Exporting the following env vars:
AIRFLOW_CTX_DAG_OWNER=***
AIRFLOW_CTX_DAG_ID=dag_inmet
AIRFLOW_CTX_TASK_ID=monitoramento_task
AIRFLOW_CTX_EXECUTION_DATE=2024-08-01T23:14:57.958123+00:00
AIRFLOW_CTX_TRY_NUMBER=1
AIRFLOW_CTX_DAG_RUN_ID=manual__2024-08-01T23:14:57.958123+00:00
[2024-08-01T23:30:01.937+0000] {warnings.py:110} WARNING - /home/***/.local/lib/python3.7/site-packages/pyspark/context.py:317: FutureWarning: Python 3.7 support is deprecated in Spark 3.4.
  warnings.warn("Python 3.7 support is deprecated in Spark 3.4.", FutureWarning)

[2024-08-01T23:30:02.036+0000] {dag_inmet.py:102} INFO - SparkSession criado com sucesso.
[2024-08-01T23:30:02.037+0000] {dag_inmet.py:110} ERROR - Erro no monitoramento: execute_monitoramento() missing 3 required positional arguments: 'regiao', 'uf', and 'colunas'
[2024-08-01T23:30:02.439+0000] {taskinstance.py:1768} ERROR - Task failed with exception
Traceback (most recent call last):
  File "/home/airflow/.local/lib/python3.7/site-packages/airflow/operators/python.py", line 175, in execute
    return_value = self.execute_callable()
  File "/home/airflow/.local/lib/python3.7/site-packages/airflow/operators/python.py", line 192, in execute_callable
    return self.python_callable(*self.op_args, **self.op_kwargs)
  File "/opt/airflow/dags/dag_inmet.py", line 105, in task_monitoramento
    results = monitoramento.execute_monitoramento(spark=spark)
TypeError: execute_monitoramento() missing 3 required positional arguments: 'regiao', 'uf', and 'colunas'
[2024-08-01T23:30:02.465+0000] {taskinstance.py:1323} INFO - Marking task as FAILED. dag_id=dag_inmet, task_id=monitoramento_task, execution_date=20240801T231457, start_date=20240801T232959, end_date=20240801T233002
[2024-08-01T23:30:02.507+0000] {standard_task_runner.py:105} ERROR - Failed to execute job 3538 for task monitoramento_task (execute_monitoramento() missing 3 required positional arguments: 'regiao', 'uf', and 'colunas'; 8944)
[2024-08-01T23:30:02.576+0000] {local_task_job.py:208} INFO - Task exited with return code 1
[2024-08-01T23:30:02.621+0000] {taskinstance.py:2578} INFO - 1 downstream tasks scheduled from follow-on schedule check
