[2024-06-26T14:30:06.304+0000] {taskinstance.py:1083} INFO - Dependencies all met for <TaskInstance: segunda_dag.tsk1 manual__2024-06-26T14:30:05.789505+00:00 [queued]>
[2024-06-26T14:30:06.313+0000] {taskinstance.py:1083} INFO - Dependencies all met for <TaskInstance: segunda_dag.tsk1 manual__2024-06-26T14:30:05.789505+00:00 [queued]>
[2024-06-26T14:30:06.313+0000] {taskinstance.py:1279} INFO - 
--------------------------------------------------------------------------------
[2024-06-26T14:30:06.314+0000] {taskinstance.py:1280} INFO - Starting attempt 1 of 1
[2024-06-26T14:30:06.314+0000] {taskinstance.py:1281} INFO - 
--------------------------------------------------------------------------------
[2024-06-26T14:30:06.323+0000] {taskinstance.py:1300} INFO - Executing <Task(BashOperator): tsk1> on 2024-06-26 14:30:05.789505+00:00
[2024-06-26T14:30:06.329+0000] {standard_task_runner.py:55} INFO - Started process 440 to run task
[2024-06-26T14:30:06.331+0000] {standard_task_runner.py:82} INFO - Running: ['***', 'tasks', 'run', 'segunda_dag', 'tsk1', 'manual__2024-06-26T14:30:05.789505+00:00', '--job-id', '82', '--raw', '--subdir', 'DAGS_FOLDER/segundadag.py', '--cfg-path', '/tmp/tmp2fzvym2l']
[2024-06-26T14:30:06.331+0000] {standard_task_runner.py:83} INFO - Job 82: Subtask tsk1
[2024-06-26T14:30:06.375+0000] {task_command.py:388} INFO - Running <TaskInstance: segunda_dag.tsk1 manual__2024-06-26T14:30:05.789505+00:00 [running]> on host 37d8198abdf3
[2024-06-26T14:30:06.433+0000] {taskinstance.py:1509} INFO - Exporting the following env vars:
AIRFLOW_CTX_DAG_OWNER=***
AIRFLOW_CTX_DAG_ID=segunda_dag
AIRFLOW_CTX_TASK_ID=tsk1
AIRFLOW_CTX_EXECUTION_DATE=2024-06-26T14:30:05.789505+00:00
AIRFLOW_CTX_TRY_NUMBER=1
AIRFLOW_CTX_DAG_RUN_ID=manual__2024-06-26T14:30:05.789505+00:00
[2024-06-26T14:30:06.434+0000] {subprocess.py:63} INFO - Tmp dir root location: 
 /tmp
[2024-06-26T14:30:06.434+0000] {subprocess.py:75} INFO - Running command: ['/bin/bash', '-c', 'sleep 5']
[2024-06-26T14:30:06.445+0000] {subprocess.py:86} INFO - Output:
[2024-06-26T14:30:11.448+0000] {subprocess.py:97} INFO - Command exited with return code 0
[2024-06-26T14:30:11.472+0000] {taskinstance.py:1323} INFO - Marking task as SUCCESS. dag_id=segunda_dag, task_id=tsk1, execution_date=20240626T143005, start_date=20240626T143006, end_date=20240626T143011
[2024-06-26T14:30:11.506+0000] {local_task_job.py:208} INFO - Task exited with return code 0
[2024-06-26T14:30:11.522+0000] {taskinstance.py:2578} INFO - 2 downstream tasks scheduled from follow-on schedule check
