[2024-08-22T20:15:31.972+0000] {taskinstance.py:1083} INFO - Dependencies all met for <TaskInstance: dag_inmet.download_data manual__2024-08-22T20:14:39.686103+00:00 [queued]>
[2024-08-22T20:15:31.984+0000] {taskinstance.py:1083} INFO - Dependencies all met for <TaskInstance: dag_inmet.download_data manual__2024-08-22T20:14:39.686103+00:00 [queued]>
[2024-08-22T20:15:31.985+0000] {taskinstance.py:1279} INFO - 
--------------------------------------------------------------------------------
[2024-08-22T20:15:31.985+0000] {taskinstance.py:1280} INFO - Starting attempt 1 of 1
[2024-08-22T20:15:31.985+0000] {taskinstance.py:1281} INFO - 
--------------------------------------------------------------------------------
[2024-08-22T20:15:32.007+0000] {taskinstance.py:1300} INFO - Executing <Task(PythonOperator): download_data> on 2024-08-22 20:14:39.686103+00:00
[2024-08-22T20:15:32.027+0000] {standard_task_runner.py:55} INFO - Started process 746 to run task
[2024-08-22T20:15:32.050+0000] {standard_task_runner.py:82} INFO - Running: ['***', 'tasks', 'run', 'dag_inmet', 'download_data', 'manual__2024-08-22T20:14:39.686103+00:00', '--job-id', '11500', '--raw', '--subdir', 'DAGS_FOLDER/dag_inmet.py', '--cfg-path', '/tmp/tmpcqdeq3bn']
[2024-08-22T20:15:32.053+0000] {standard_task_runner.py:83} INFO - Job 11500: Subtask download_data
[2024-08-22T20:15:32.123+0000] {task_command.py:388} INFO - Running <TaskInstance: dag_inmet.download_data manual__2024-08-22T20:14:39.686103+00:00 [running]> on host 66c986cf6cba
[2024-08-22T20:15:32.211+0000] {taskinstance.py:1509} INFO - Exporting the following env vars:
AIRFLOW_CTX_DAG_OWNER=***
AIRFLOW_CTX_DAG_ID=dag_inmet
AIRFLOW_CTX_TASK_ID=download_data
AIRFLOW_CTX_EXECUTION_DATE=2024-08-22T20:14:39.686103+00:00
AIRFLOW_CTX_TRY_NUMBER=1
AIRFLOW_CTX_DAG_RUN_ID=manual__2024-08-22T20:14:39.686103+00:00
[2024-08-22T20:15:33.219+0000] {logging_mixin.py:137} INFO - Tempo de execução de download_data: 1.0077 segundos
[2024-08-22T20:15:42.688+0000] {logging_mixin.py:137} INFO - Arquivo salvo como /opt/***/data/bronze/inmet/2024.zip
[2024-08-22T20:15:42.692+0000] {logging_mixin.py:137} INFO - Tempo de execução de download_and_save_file: 9.4725 segundos
[2024-08-22T20:15:42.711+0000] {python.py:177} INFO - Done. Returned value was: /opt/***/data/bronze/inmet/2024.zip
[2024-08-22T20:15:42.727+0000] {taskinstance.py:1323} INFO - Marking task as SUCCESS. dag_id=dag_inmet, task_id=download_data, execution_date=20240822T201439, start_date=20240822T201531, end_date=20240822T201542
[2024-08-22T20:15:42.773+0000] {local_task_job.py:208} INFO - Task exited with return code 0
[2024-08-22T20:15:42.808+0000] {taskinstance.py:2578} INFO - 1 downstream tasks scheduled from follow-on schedule check
