[2024-08-07T20:14:42.915+0000] {taskinstance.py:1083} INFO - Dependencies all met for <TaskInstance: dag_inmet.send_email_results manual__2024-08-07T19:45:47.649054+00:00 [queued]>
[2024-08-07T20:14:42.926+0000] {taskinstance.py:1083} INFO - Dependencies all met for <TaskInstance: dag_inmet.send_email_results manual__2024-08-07T19:45:47.649054+00:00 [queued]>
[2024-08-07T20:14:42.927+0000] {taskinstance.py:1279} INFO - 
--------------------------------------------------------------------------------
[2024-08-07T20:14:42.927+0000] {taskinstance.py:1280} INFO - Starting attempt 1 of 1
[2024-08-07T20:14:42.927+0000] {taskinstance.py:1281} INFO - 
--------------------------------------------------------------------------------
[2024-08-07T20:14:42.938+0000] {taskinstance.py:1300} INFO - Executing <Task(EmailOperator): send_email_results> on 2024-08-07 19:45:47.649054+00:00
[2024-08-07T20:14:42.946+0000] {standard_task_runner.py:55} INFO - Started process 147978 to run task
[2024-08-07T20:14:42.948+0000] {standard_task_runner.py:82} INFO - Running: ['***', 'tasks', 'run', 'dag_inmet', 'send_email_results', 'manual__2024-08-07T19:45:47.649054+00:00', '--job-id', '5471', '--raw', '--subdir', 'DAGS_FOLDER/dag_inmet.py', '--cfg-path', '/tmp/tmpx2h7nunj']
[2024-08-07T20:14:42.949+0000] {standard_task_runner.py:83} INFO - Job 5471: Subtask send_email_results
[2024-08-07T20:14:42.995+0000] {task_command.py:388} INFO - Running <TaskInstance: dag_inmet.send_email_results manual__2024-08-07T19:45:47.649054+00:00 [running]> on host a5a662cb3589
[2024-08-07T20:14:43.126+0000] {taskinstance.py:1509} INFO - Exporting the following env vars:
AIRFLOW_CTX_DAG_OWNER=***
AIRFLOW_CTX_DAG_ID=dag_inmet
AIRFLOW_CTX_TASK_ID=send_email_results
AIRFLOW_CTX_EXECUTION_DATE=2024-08-07T19:45:47.649054+00:00
AIRFLOW_CTX_TRY_NUMBER=1
AIRFLOW_CTX_DAG_RUN_ID=manual__2024-08-07T19:45:47.649054+00:00
[2024-08-07T20:14:43.137+0000] {warnings.py:110} WARNING - /home/***/.local/lib/python3.7/site-packages/***/utils/email.py:152: RemovedInAirflow3Warning: Fetching SMTP credentials from configuration variables will be deprecated in a future release. Please set credentials using a connection instead.
  send_mime_email(e_from=mail_from, e_to=recipients, mime_msg=msg, conn_id=conn_id, dryrun=dryrun)

[2024-08-07T20:14:43.137+0000] {email.py:268} INFO - Email alerting: attempt 1
[2024-08-07T20:14:45.308+0000] {email.py:280} INFO - Sent an alert email to ['kleuber94@gmail.com', 'vferreiramesquita@gmail.com']
[2024-08-07T20:14:47.646+0000] {taskinstance.py:1323} INFO - Marking task as SUCCESS. dag_id=dag_inmet, task_id=send_email_results, execution_date=20240807T194547, start_date=20240807T201442, end_date=20240807T201447
[2024-08-07T20:14:47.692+0000] {local_task_job.py:208} INFO - Task exited with return code 0
[2024-08-07T20:14:47.706+0000] {taskinstance.py:2578} INFO - 0 downstream tasks scheduled from follow-on schedule check
