[2024-07-30T17:33:57.302+0000] {taskinstance.py:1083} INFO - Dependencies all met for <TaskInstance: dag_inmet.download_data manual__2024-07-30T17:33:27.067177+00:00 [queued]>
[2024-07-30T17:33:57.310+0000] {taskinstance.py:1083} INFO - Dependencies all met for <TaskInstance: dag_inmet.download_data manual__2024-07-30T17:33:27.067177+00:00 [queued]>
[2024-07-30T17:33:57.310+0000] {taskinstance.py:1279} INFO - 
--------------------------------------------------------------------------------
[2024-07-30T17:33:57.310+0000] {taskinstance.py:1280} INFO - Starting attempt 1 of 1
[2024-07-30T17:33:57.310+0000] {taskinstance.py:1281} INFO - 
--------------------------------------------------------------------------------
[2024-07-30T17:33:57.320+0000] {taskinstance.py:1300} INFO - Executing <Task(PythonOperator): download_data> on 2024-07-30 17:33:27.067177+00:00
[2024-07-30T17:33:57.325+0000] {standard_task_runner.py:55} INFO - Started process 21162 to run task
[2024-07-30T17:33:57.327+0000] {standard_task_runner.py:82} INFO - Running: ['***', 'tasks', 'run', 'dag_inmet', 'download_data', 'manual__2024-07-30T17:33:27.067177+00:00', '--job-id', '2677', '--raw', '--subdir', 'DAGS_FOLDER/dag_inmet.py', '--cfg-path', '/tmp/tmp7l6iqmf8']
[2024-07-30T17:33:57.328+0000] {standard_task_runner.py:83} INFO - Job 2677: Subtask download_data
[2024-07-30T17:33:57.368+0000] {task_command.py:388} INFO - Running <TaskInstance: dag_inmet.download_data manual__2024-07-30T17:33:27.067177+00:00 [running]> on host de721ab37e41
[2024-07-30T17:33:57.422+0000] {taskinstance.py:1509} INFO - Exporting the following env vars:
AIRFLOW_CTX_DAG_OWNER=***
AIRFLOW_CTX_DAG_ID=dag_inmet
AIRFLOW_CTX_TASK_ID=download_data
AIRFLOW_CTX_EXECUTION_DATE=2024-07-30T17:33:27.067177+00:00
AIRFLOW_CTX_TRY_NUMBER=1
AIRFLOW_CTX_DAG_RUN_ID=manual__2024-07-30T17:33:27.067177+00:00
[2024-07-30T17:34:00.427+0000] {logging_mixin.py:137} INFO - Tempo de execução de download_data: 3.0047 segundos
[2024-07-30T17:34:06.779+0000] {logging_mixin.py:137} INFO - Arquivo salvo como /opt/***/data/bronze/2024.zip
[2024-07-30T17:34:06.781+0000] {logging_mixin.py:137} INFO - Tempo de execução de download_and_save_file: 6.3536 segundos
[2024-07-30T17:34:06.781+0000] {python.py:177} INFO - Done. Returned value was: /opt/***/data/bronze/2024.zip
[2024-07-30T17:34:06.798+0000] {taskinstance.py:1323} INFO - Marking task as SUCCESS. dag_id=dag_inmet, task_id=download_data, execution_date=20240730T173327, start_date=20240730T173357, end_date=20240730T173406
[2024-07-30T17:34:06.852+0000] {local_task_job.py:208} INFO - Task exited with return code 0
[2024-07-30T17:34:06.897+0000] {taskinstance.py:2578} INFO - 0 downstream tasks scheduled from follow-on schedule check
