[2024-08-29T15:10:04.813+0000] {taskinstance.py:1083} INFO - Dependencies all met for <TaskInstance: dag_inmet.download_data scheduled__2024-08-27T15:09:00+00:00 [queued]>
[2024-08-29T15:10:04.820+0000] {taskinstance.py:1083} INFO - Dependencies all met for <TaskInstance: dag_inmet.download_data scheduled__2024-08-27T15:09:00+00:00 [queued]>
[2024-08-29T15:10:04.820+0000] {taskinstance.py:1279} INFO - 
--------------------------------------------------------------------------------
[2024-08-29T15:10:04.820+0000] {taskinstance.py:1280} INFO - Starting attempt 1 of 1
[2024-08-29T15:10:04.820+0000] {taskinstance.py:1281} INFO - 
--------------------------------------------------------------------------------
[2024-08-29T15:10:04.830+0000] {taskinstance.py:1300} INFO - Executing <Task(PythonOperator): download_data> on 2024-08-27 15:09:00+00:00
[2024-08-29T15:10:04.838+0000] {standard_task_runner.py:55} INFO - Started process 2301 to run task
[2024-08-29T15:10:04.840+0000] {standard_task_runner.py:82} INFO - Running: ['***', 'tasks', 'run', 'dag_inmet', 'download_data', 'scheduled__2024-08-27T15:09:00+00:00', '--job-id', '13200', '--raw', '--subdir', 'DAGS_FOLDER/dag_inmet.py', '--cfg-path', '/tmp/tmpbwtu0832']
[2024-08-29T15:10:04.842+0000] {standard_task_runner.py:83} INFO - Job 13200: Subtask download_data
[2024-08-29T15:10:04.883+0000] {task_command.py:388} INFO - Running <TaskInstance: dag_inmet.download_data scheduled__2024-08-27T15:09:00+00:00 [running]> on host 91ec5aca95ea
[2024-08-29T15:10:04.944+0000] {taskinstance.py:1509} INFO - Exporting the following env vars:
AIRFLOW_CTX_DAG_OWNER=***
AIRFLOW_CTX_DAG_ID=dag_inmet
AIRFLOW_CTX_TASK_ID=download_data
AIRFLOW_CTX_EXECUTION_DATE=2024-08-27T15:09:00+00:00
AIRFLOW_CTX_TRY_NUMBER=1
AIRFLOW_CTX_DAG_RUN_ID=scheduled__2024-08-27T15:09:00+00:00
[2024-08-29T15:10:06.273+0000] {logging_mixin.py:137} INFO - Tempo de execução de download_data: 1.3275 segundos
[2024-08-29T15:10:21.064+0000] {logging_mixin.py:137} INFO - Arquivo salvo como /opt/***/data/bronze/inmet/2024.zip
[2024-08-29T15:10:21.067+0000] {logging_mixin.py:137} INFO - Tempo de execução de download_and_save_file: 14.7937 segundos
[2024-08-29T15:10:21.085+0000] {python.py:177} INFO - Done. Returned value was: /opt/***/data/bronze/inmet/2024.zip
[2024-08-29T15:10:21.099+0000] {taskinstance.py:1323} INFO - Marking task as SUCCESS. dag_id=dag_inmet, task_id=download_data, execution_date=20240827T150900, start_date=20240829T151004, end_date=20240829T151021
[2024-08-29T15:10:21.134+0000] {local_task_job.py:208} INFO - Task exited with return code 0
[2024-08-29T15:10:21.157+0000] {taskinstance.py:2578} INFO - 1 downstream tasks scheduled from follow-on schedule check
