[2024-07-25T14:04:22.892+0000] {taskinstance.py:1083} INFO - Dependencies all met for <TaskInstance: dag_inmet.download_data scheduled__2024-07-23T13:01:05.460867+00:00 [queued]>
[2024-07-25T14:04:22.899+0000] {taskinstance.py:1083} INFO - Dependencies all met for <TaskInstance: dag_inmet.download_data scheduled__2024-07-23T13:01:05.460867+00:00 [queued]>
[2024-07-25T14:04:22.899+0000] {taskinstance.py:1279} INFO - 
--------------------------------------------------------------------------------
[2024-07-25T14:04:22.899+0000] {taskinstance.py:1280} INFO - Starting attempt 1 of 2
[2024-07-25T14:04:22.899+0000] {taskinstance.py:1281} INFO - 
--------------------------------------------------------------------------------
[2024-07-25T14:04:22.911+0000] {taskinstance.py:1300} INFO - Executing <Task(PythonOperator): download_data> on 2024-07-23 13:01:05.460867+00:00
[2024-07-25T14:04:22.916+0000] {standard_task_runner.py:55} INFO - Started process 61 to run task
[2024-07-25T14:04:22.918+0000] {standard_task_runner.py:82} INFO - Running: ['***', 'tasks', 'run', 'dag_inmet', 'download_data', 'scheduled__2024-07-23T13:01:05.460867+00:00', '--job-id', '1629', '--raw', '--subdir', 'DAGS_FOLDER/dag_inmet.py', '--cfg-path', '/tmp/tmp2z9kp0w_']
[2024-07-25T14:04:22.919+0000] {standard_task_runner.py:83} INFO - Job 1629: Subtask download_data
[2024-07-25T14:04:22.956+0000] {task_command.py:388} INFO - Running <TaskInstance: dag_inmet.download_data scheduled__2024-07-23T13:01:05.460867+00:00 [running]> on host b2928957dd8b
[2024-07-25T14:04:23.006+0000] {taskinstance.py:1509} INFO - Exporting the following env vars:
AIRFLOW_CTX_DAG_OWNER=***
AIRFLOW_CTX_DAG_ID=dag_inmet
AIRFLOW_CTX_TASK_ID=download_data
AIRFLOW_CTX_EXECUTION_DATE=2024-07-23T13:01:05.460867+00:00
AIRFLOW_CTX_TRY_NUMBER=1
AIRFLOW_CTX_DAG_RUN_ID=scheduled__2024-07-23T13:01:05.460867+00:00
[2024-07-25T14:04:24.202+0000] {logging_mixin.py:137} INFO - Tempo de execução de download_data: 1.1958 segundos
[2024-07-25T14:04:44.215+0000] {logging_mixin.py:137} INFO - Arquivo salvo como /opt/***/data/bronze/2024.zip
[2024-07-25T14:04:44.217+0000] {logging_mixin.py:137} INFO - Tempo de execução de download_and_save_file: 20.0150 segundos
[2024-07-25T14:04:44.217+0000] {python.py:177} INFO - Done. Returned value was: /opt/***/data/bronze/2024.zip
[2024-07-25T14:04:44.234+0000] {taskinstance.py:1323} INFO - Marking task as SUCCESS. dag_id=dag_inmet, task_id=download_data, execution_date=20240723T130105, start_date=20240725T140422, end_date=20240725T140444
[2024-07-25T14:04:44.278+0000] {local_task_job.py:208} INFO - Task exited with return code 0
[2024-07-25T14:04:44.292+0000] {taskinstance.py:2578} INFO - 1 downstream tasks scheduled from follow-on schedule check
