[2024-06-28T13:42:35.716+0000] {taskinstance.py:1083} INFO - Dependencies all met for <TaskInstance: triggerdag3.tsk3 manual__2024-06-28T13:42:33.398498+00:00 [queued]>
[2024-06-28T13:42:35.724+0000] {taskinstance.py:1083} INFO - Dependencies all met for <TaskInstance: triggerdag3.tsk3 manual__2024-06-28T13:42:33.398498+00:00 [queued]>
[2024-06-28T13:42:35.725+0000] {taskinstance.py:1279} INFO - 
--------------------------------------------------------------------------------
[2024-06-28T13:42:35.725+0000] {taskinstance.py:1280} INFO - Starting attempt 1 of 1
[2024-06-28T13:42:35.725+0000] {taskinstance.py:1281} INFO - 
--------------------------------------------------------------------------------
[2024-06-28T13:42:35.736+0000] {taskinstance.py:1300} INFO - Executing <Task(BashOperator): tsk3> on 2024-06-28 13:42:33.398498+00:00
[2024-06-28T13:42:35.742+0000] {standard_task_runner.py:55} INFO - Started process 166 to run task
[2024-06-28T13:42:35.744+0000] {standard_task_runner.py:82} INFO - Running: ['***', 'tasks', 'run', 'triggerdag3', 'tsk3', 'manual__2024-06-28T13:42:33.398498+00:00', '--job-id', '231', '--raw', '--subdir', 'DAGS_FOLDER/triggerdag3.py', '--cfg-path', '/tmp/tmp0gytgti7']
[2024-06-28T13:42:35.744+0000] {standard_task_runner.py:83} INFO - Job 231: Subtask tsk3
[2024-06-28T13:42:35.788+0000] {task_command.py:388} INFO - Running <TaskInstance: triggerdag3.tsk3 manual__2024-06-28T13:42:33.398498+00:00 [running]> on host 72ef4cc59fa0
[2024-06-28T13:42:35.846+0000] {taskinstance.py:1509} INFO - Exporting the following env vars:
AIRFLOW_CTX_DAG_OWNER=***
AIRFLOW_CTX_DAG_ID=triggerdag3
AIRFLOW_CTX_TASK_ID=tsk3
AIRFLOW_CTX_EXECUTION_DATE=2024-06-28T13:42:33.398498+00:00
AIRFLOW_CTX_TRY_NUMBER=1
AIRFLOW_CTX_DAG_RUN_ID=manual__2024-06-28T13:42:33.398498+00:00
[2024-06-28T13:42:35.846+0000] {subprocess.py:63} INFO - Tmp dir root location: 
 /tmp
[2024-06-28T13:42:35.847+0000] {subprocess.py:75} INFO - Running command: ['/bin/bash', '-c', 'sleep 5']
[2024-06-28T13:42:35.858+0000] {subprocess.py:86} INFO - Output:
[2024-06-28T13:42:40.862+0000] {subprocess.py:97} INFO - Command exited with return code 0
[2024-06-28T13:42:40.908+0000] {taskinstance.py:1323} INFO - Marking task as SUCCESS. dag_id=triggerdag3, task_id=tsk3, execution_date=20240628T134233, start_date=20240628T134235, end_date=20240628T134240
[2024-06-28T13:42:40.965+0000] {local_task_job.py:208} INFO - Task exited with return code 0
[2024-06-28T13:42:40.980+0000] {taskinstance.py:2578} INFO - 0 downstream tasks scheduled from follow-on schedule check
