[2024-08-11T21:18:09.306+0000] {taskinstance.py:1083} INFO - Dependencies all met for <TaskInstance: dag_inmet.send_email_results manual__2024-08-11T20:48:02.834159+00:00 [queued]>
[2024-08-11T21:18:09.315+0000] {taskinstance.py:1083} INFO - Dependencies all met for <TaskInstance: dag_inmet.send_email_results manual__2024-08-11T20:48:02.834159+00:00 [queued]>
[2024-08-11T21:18:09.315+0000] {taskinstance.py:1279} INFO - 
--------------------------------------------------------------------------------
[2024-08-11T21:18:09.315+0000] {taskinstance.py:1280} INFO - Starting attempt 1 of 1
[2024-08-11T21:18:09.315+0000] {taskinstance.py:1281} INFO - 
--------------------------------------------------------------------------------
[2024-08-11T21:18:09.325+0000] {taskinstance.py:1300} INFO - Executing <Task(EmailOperator): send_email_results> on 2024-08-11 20:48:02.834159+00:00
[2024-08-11T21:18:09.332+0000] {standard_task_runner.py:55} INFO - Started process 202682 to run task
[2024-08-11T21:18:09.334+0000] {standard_task_runner.py:82} INFO - Running: ['***', 'tasks', 'run', 'dag_inmet', 'send_email_results', 'manual__2024-08-11T20:48:02.834159+00:00', '--job-id', '7100', '--raw', '--subdir', 'DAGS_FOLDER/dag_inmet.py', '--cfg-path', '/tmp/tmppjim836o']
[2024-08-11T21:18:09.336+0000] {standard_task_runner.py:83} INFO - Job 7100: Subtask send_email_results
[2024-08-11T21:18:09.379+0000] {task_command.py:388} INFO - Running <TaskInstance: dag_inmet.send_email_results manual__2024-08-11T20:48:02.834159+00:00 [running]> on host 4d826fde42d2
[2024-08-11T21:18:09.478+0000] {taskinstance.py:1509} INFO - Exporting the following env vars:
AIRFLOW_CTX_DAG_OWNER=***
AIRFLOW_CTX_DAG_ID=dag_inmet
AIRFLOW_CTX_TASK_ID=send_email_results
AIRFLOW_CTX_EXECUTION_DATE=2024-08-11T20:48:02.834159+00:00
AIRFLOW_CTX_TRY_NUMBER=1
AIRFLOW_CTX_DAG_RUN_ID=manual__2024-08-11T20:48:02.834159+00:00
[2024-08-11T21:18:09.486+0000] {warnings.py:110} WARNING - /home/***/.local/lib/python3.7/site-packages/***/utils/email.py:152: RemovedInAirflow3Warning: Fetching SMTP credentials from configuration variables will be deprecated in a future release. Please set credentials using a connection instead.
  send_mime_email(e_from=mail_from, e_to=recipients, mime_msg=msg, conn_id=conn_id, dryrun=dryrun)

[2024-08-11T21:18:09.486+0000] {email.py:268} INFO - Email alerting: attempt 1
[2024-08-11T21:18:12.049+0000] {email.py:280} INFO - Sent an alert email to ['kleuber94@gmail.com', 'vferreiramesquita@gmail.com']
[2024-08-11T21:18:14.516+0000] {taskinstance.py:1323} INFO - Marking task as SUCCESS. dag_id=dag_inmet, task_id=send_email_results, execution_date=20240811T204802, start_date=20240811T211809, end_date=20240811T211814
[2024-08-11T21:18:14.553+0000] {local_task_job.py:208} INFO - Task exited with return code 0
[2024-08-11T21:18:14.566+0000] {taskinstance.py:2578} INFO - 0 downstream tasks scheduled from follow-on schedule check
