[2024-08-29T20:28:23.013+0000] {taskinstance.py:1083} INFO - Dependencies all met for <TaskInstance: dag_inmet.download_data scheduled__2024-07-29T20:28:00+00:00 [queued]>
[2024-08-29T20:28:23.020+0000] {taskinstance.py:1083} INFO - Dependencies all met for <TaskInstance: dag_inmet.download_data scheduled__2024-07-29T20:28:00+00:00 [queued]>
[2024-08-29T20:28:23.020+0000] {taskinstance.py:1279} INFO - 
--------------------------------------------------------------------------------
[2024-08-29T20:28:23.020+0000] {taskinstance.py:1280} INFO - Starting attempt 1 of 1
[2024-08-29T20:28:23.020+0000] {taskinstance.py:1281} INFO - 
--------------------------------------------------------------------------------
[2024-08-29T20:28:23.031+0000] {taskinstance.py:1300} INFO - Executing <Task(PythonOperator): download_data> on 2024-07-29 20:28:00+00:00
[2024-08-29T20:28:23.037+0000] {standard_task_runner.py:55} INFO - Started process 283 to run task
[2024-08-29T20:28:23.040+0000] {standard_task_runner.py:82} INFO - Running: ['***', 'tasks', 'run', 'dag_inmet', 'download_data', 'scheduled__2024-07-29T20:28:00+00:00', '--job-id', '13459', '--raw', '--subdir', 'DAGS_FOLDER/dag_inmet.py', '--cfg-path', '/tmp/tmpbq_cy8hw']
[2024-08-29T20:28:23.041+0000] {standard_task_runner.py:83} INFO - Job 13459: Subtask download_data
[2024-08-29T20:28:23.084+0000] {task_command.py:388} INFO - Running <TaskInstance: dag_inmet.download_data scheduled__2024-07-29T20:28:00+00:00 [running]> on host 9245b3dbdda8
[2024-08-29T20:28:23.138+0000] {taskinstance.py:1509} INFO - Exporting the following env vars:
AIRFLOW_CTX_DAG_OWNER=***
AIRFLOW_CTX_DAG_ID=dag_inmet
AIRFLOW_CTX_TASK_ID=download_data
AIRFLOW_CTX_EXECUTION_DATE=2024-07-29T20:28:00+00:00
AIRFLOW_CTX_TRY_NUMBER=1
AIRFLOW_CTX_DAG_RUN_ID=scheduled__2024-07-29T20:28:00+00:00
[2024-08-29T20:28:24.438+0000] {logging_mixin.py:137} INFO - Tempo de execução de download_data: 1.2992 segundos
[2024-08-29T20:28:40.758+0000] {logging_mixin.py:137} INFO - Arquivo salvo como /opt/***/data/bronze/inmet/2024.zip
[2024-08-29T20:28:40.760+0000] {logging_mixin.py:137} INFO - Tempo de execução de download_and_save_file: 16.3217 segundos
[2024-08-29T20:28:40.778+0000] {python.py:177} INFO - Done. Returned value was: /opt/***/data/bronze/inmet/2024.zip
[2024-08-29T20:28:40.791+0000] {taskinstance.py:1323} INFO - Marking task as SUCCESS. dag_id=dag_inmet, task_id=download_data, execution_date=20240729T202800, start_date=20240829T202823, end_date=20240829T202840
[2024-08-29T20:28:40.838+0000] {local_task_job.py:208} INFO - Task exited with return code 0
[2024-08-29T20:28:40.864+0000] {taskinstance.py:2578} INFO - 1 downstream tasks scheduled from follow-on schedule check
