[2024-06-26T14:22:51.965+0000] {taskinstance.py:1083} INFO - Dependencies all met for <TaskInstance: segunda_dag.tsk1 manual__2024-06-26T14:22:51.224272+00:00 [queued]>
[2024-06-26T14:22:51.973+0000] {taskinstance.py:1083} INFO - Dependencies all met for <TaskInstance: segunda_dag.tsk1 manual__2024-06-26T14:22:51.224272+00:00 [queued]>
[2024-06-26T14:22:51.974+0000] {taskinstance.py:1279} INFO - 
--------------------------------------------------------------------------------
[2024-06-26T14:22:51.974+0000] {taskinstance.py:1280} INFO - Starting attempt 1 of 1
[2024-06-26T14:22:51.974+0000] {taskinstance.py:1281} INFO - 
--------------------------------------------------------------------------------
[2024-06-26T14:22:51.985+0000] {taskinstance.py:1300} INFO - Executing <Task(BashOperator): tsk1> on 2024-06-26 14:22:51.224272+00:00
[2024-06-26T14:22:51.991+0000] {standard_task_runner.py:55} INFO - Started process 210 to run task
[2024-06-26T14:22:51.992+0000] {standard_task_runner.py:82} INFO - Running: ['***', 'tasks', 'run', 'segunda_dag', 'tsk1', 'manual__2024-06-26T14:22:51.224272+00:00', '--job-id', '53', '--raw', '--subdir', 'DAGS_FOLDER/segundadag.py', '--cfg-path', '/tmp/tmp_zaev7dr']
[2024-06-26T14:22:51.993+0000] {standard_task_runner.py:83} INFO - Job 53: Subtask tsk1
[2024-06-26T14:22:52.040+0000] {task_command.py:388} INFO - Running <TaskInstance: segunda_dag.tsk1 manual__2024-06-26T14:22:51.224272+00:00 [running]> on host 333e6313459a
[2024-06-26T14:22:52.106+0000] {taskinstance.py:1509} INFO - Exporting the following env vars:
AIRFLOW_CTX_DAG_OWNER=***
AIRFLOW_CTX_DAG_ID=segunda_dag
AIRFLOW_CTX_TASK_ID=tsk1
AIRFLOW_CTX_EXECUTION_DATE=2024-06-26T14:22:51.224272+00:00
AIRFLOW_CTX_TRY_NUMBER=1
AIRFLOW_CTX_DAG_RUN_ID=manual__2024-06-26T14:22:51.224272+00:00
[2024-06-26T14:22:52.107+0000] {subprocess.py:63} INFO - Tmp dir root location: 
 /tmp
[2024-06-26T14:22:52.108+0000] {subprocess.py:75} INFO - Running command: ['/bin/bash', '-c', 'sleep 5']
[2024-06-26T14:22:52.118+0000] {subprocess.py:86} INFO - Output:
[2024-06-26T14:22:57.121+0000] {subprocess.py:97} INFO - Command exited with return code 0
[2024-06-26T14:22:57.154+0000] {taskinstance.py:1323} INFO - Marking task as SUCCESS. dag_id=segunda_dag, task_id=tsk1, execution_date=20240626T142251, start_date=20240626T142251, end_date=20240626T142257
[2024-06-26T14:22:57.187+0000] {local_task_job.py:208} INFO - Task exited with return code 0
[2024-06-26T14:22:57.218+0000] {taskinstance.py:2578} INFO - 0 downstream tasks scheduled from follow-on schedule check
