[2024-07-30T13:02:36.838+0000] {taskinstance.py:1083} INFO - Dependencies all met for <TaskInstance: dag_inmet.download_data manual__2024-07-30T13:02:31.484647+00:00 [queued]>
[2024-07-30T13:02:36.845+0000] {taskinstance.py:1083} INFO - Dependencies all met for <TaskInstance: dag_inmet.download_data manual__2024-07-30T13:02:31.484647+00:00 [queued]>
[2024-07-30T13:02:36.846+0000] {taskinstance.py:1279} INFO - 
--------------------------------------------------------------------------------
[2024-07-30T13:02:36.846+0000] {taskinstance.py:1280} INFO - Starting attempt 1 of 1
[2024-07-30T13:02:36.846+0000] {taskinstance.py:1281} INFO - 
--------------------------------------------------------------------------------
[2024-07-30T13:02:36.855+0000] {taskinstance.py:1300} INFO - Executing <Task(PythonOperator): download_data> on 2024-07-30 13:02:31.484647+00:00
[2024-07-30T13:02:36.860+0000] {standard_task_runner.py:55} INFO - Started process 1238 to run task
[2024-07-30T13:02:36.862+0000] {standard_task_runner.py:82} INFO - Running: ['***', 'tasks', 'run', 'dag_inmet', 'download_data', 'manual__2024-07-30T13:02:31.484647+00:00', '--job-id', '2208', '--raw', '--subdir', 'DAGS_FOLDER/dag_inmet.py', '--cfg-path', '/tmp/tmp5jv30i1_']
[2024-07-30T13:02:36.863+0000] {standard_task_runner.py:83} INFO - Job 2208: Subtask download_data
[2024-07-30T13:02:37.012+0000] {task_command.py:388} INFO - Running <TaskInstance: dag_inmet.download_data manual__2024-07-30T13:02:31.484647+00:00 [running]> on host e05870e8ec56
[2024-07-30T13:02:37.059+0000] {taskinstance.py:1509} INFO - Exporting the following env vars:
AIRFLOW_CTX_DAG_OWNER=***
AIRFLOW_CTX_DAG_ID=dag_inmet
AIRFLOW_CTX_TASK_ID=download_data
AIRFLOW_CTX_EXECUTION_DATE=2024-07-30T13:02:31.484647+00:00
AIRFLOW_CTX_TRY_NUMBER=1
AIRFLOW_CTX_DAG_RUN_ID=manual__2024-07-30T13:02:31.484647+00:00
[2024-07-30T13:02:38.122+0000] {logging_mixin.py:137} INFO - Tempo de execução de download_data: 1.0625 segundos
[2024-07-30T13:02:45.219+0000] {dag_inmet.py:39} ERROR - Erro ao baixar e salvar o arquivo: [Errno 13] Permission denied: '/opt/***/data/bronze/2024.zip'
[2024-07-30T13:02:45.219+0000] {taskinstance.py:1768} ERROR - Task failed with exception
Traceback (most recent call last):
  File "/home/airflow/.local/lib/python3.7/site-packages/airflow/operators/python.py", line 175, in execute
    return_value = self.execute_callable()
  File "/home/airflow/.local/lib/python3.7/site-packages/airflow/operators/python.py", line 192, in execute_callable
    return self.python_callable(*self.op_args, **self.op_kwargs)
  File "/opt/airflow/dags/dag_inmet.py", line 36, in task_download_data
    filename = bronze.download_and_save_file(url)
  File "/opt/airflow/plugins/bronze_plugin.py", line 12, in wrapper
    resultado = metodo(*args, **kwargs)
  File "/opt/airflow/plugins/bronze_plugin.py", line 63, in download_and_save_file
    with open(filename, 'wb') as file:
PermissionError: [Errno 13] Permission denied: '/opt/airflow/data/bronze/2024.zip'
[2024-07-30T13:02:45.225+0000] {taskinstance.py:1323} INFO - Marking task as FAILED. dag_id=dag_inmet, task_id=download_data, execution_date=20240730T130231, start_date=20240730T130236, end_date=20240730T130245
[2024-07-30T13:02:45.232+0000] {standard_task_runner.py:105} ERROR - Failed to execute job 2208 for task download_data ([Errno 13] Permission denied: '/opt/airflow/data/bronze/2024.zip'; 1238)
[2024-07-30T13:02:45.253+0000] {local_task_job.py:208} INFO - Task exited with return code 1
[2024-07-30T13:02:45.379+0000] {taskinstance.py:2578} INFO - 0 downstream tasks scheduled from follow-on schedule check
