[2024-07-02T12:37:13.745+0000] {taskinstance.py:1083} INFO - Dependencies all met for <TaskInstance: dagrundag2.tsk2 manual__2024-07-02T12:36:11.138168+00:00 [queued]>
[2024-07-02T12:37:13.753+0000] {taskinstance.py:1083} INFO - Dependencies all met for <TaskInstance: dagrundag2.tsk2 manual__2024-07-02T12:36:11.138168+00:00 [queued]>
[2024-07-02T12:37:13.753+0000] {taskinstance.py:1279} INFO - 
--------------------------------------------------------------------------------
[2024-07-02T12:37:13.753+0000] {taskinstance.py:1280} INFO - Starting attempt 1 of 1
[2024-07-02T12:37:13.753+0000] {taskinstance.py:1281} INFO - 
--------------------------------------------------------------------------------
[2024-07-02T12:37:13.764+0000] {taskinstance.py:1300} INFO - Executing <Task(BashOperator): tsk2> on 2024-07-02 12:36:11.138168+00:00
[2024-07-02T12:37:13.769+0000] {standard_task_runner.py:55} INFO - Started process 659 to run task
[2024-07-02T12:37:13.771+0000] {standard_task_runner.py:82} INFO - Running: ['***', 'tasks', 'run', 'dagrundag2', 'tsk2', 'manual__2024-07-02T12:36:11.138168+00:00', '--job-id', '261', '--raw', '--subdir', 'DAGS_FOLDER/dagdedag2.py', '--cfg-path', '/tmp/tmpe_3r71px']
[2024-07-02T12:37:13.772+0000] {standard_task_runner.py:83} INFO - Job 261: Subtask tsk2
[2024-07-02T12:37:13.814+0000] {task_command.py:388} INFO - Running <TaskInstance: dagrundag2.tsk2 manual__2024-07-02T12:36:11.138168+00:00 [running]> on host 6f24abcd9b64
[2024-07-02T12:37:13.869+0000] {taskinstance.py:1509} INFO - Exporting the following env vars:
AIRFLOW_CTX_DAG_OWNER=***
AIRFLOW_CTX_DAG_ID=dagrundag2
AIRFLOW_CTX_TASK_ID=tsk2
AIRFLOW_CTX_EXECUTION_DATE=2024-07-02T12:36:11.138168+00:00
AIRFLOW_CTX_TRY_NUMBER=1
AIRFLOW_CTX_DAG_RUN_ID=manual__2024-07-02T12:36:11.138168+00:00
[2024-07-02T12:37:13.870+0000] {subprocess.py:63} INFO - Tmp dir root location: 
 /tmp
[2024-07-02T12:37:13.871+0000] {subprocess.py:75} INFO - Running command: ['/bin/bash', '-c', 'sleep 5']
[2024-07-02T12:37:13.885+0000] {subprocess.py:86} INFO - Output:
[2024-07-02T12:37:18.888+0000] {subprocess.py:97} INFO - Command exited with return code 0
[2024-07-02T12:37:18.907+0000] {taskinstance.py:1323} INFO - Marking task as SUCCESS. dag_id=dagrundag2, task_id=tsk2, execution_date=20240702T123611, start_date=20240702T123713, end_date=20240702T123718
[2024-07-02T12:37:18.949+0000] {local_task_job.py:208} INFO - Task exited with return code 0
[2024-07-02T12:37:18.961+0000] {taskinstance.py:2578} INFO - 0 downstream tasks scheduled from follow-on schedule check
