[2024-07-30T15:02:28.068+0000] {taskinstance.py:1083} INFO - Dependencies all met for <TaskInstance: dag_inmet.process_data manual__2024-07-30T15:00:27.373263+00:00 [queued]>
[2024-07-30T15:02:28.076+0000] {taskinstance.py:1083} INFO - Dependencies all met for <TaskInstance: dag_inmet.process_data manual__2024-07-30T15:00:27.373263+00:00 [queued]>
[2024-07-30T15:02:28.076+0000] {taskinstance.py:1279} INFO - 
--------------------------------------------------------------------------------
[2024-07-30T15:02:28.077+0000] {taskinstance.py:1280} INFO - Starting attempt 1 of 1
[2024-07-30T15:02:28.077+0000] {taskinstance.py:1281} INFO - 
--------------------------------------------------------------------------------
[2024-07-30T15:02:28.086+0000] {taskinstance.py:1300} INFO - Executing <Task(PythonOperator): process_data> on 2024-07-30 15:00:27.373263+00:00
[2024-07-30T15:02:28.092+0000] {standard_task_runner.py:55} INFO - Started process 2280 to run task
[2024-07-30T15:02:28.094+0000] {standard_task_runner.py:82} INFO - Running: ['***', 'tasks', 'run', 'dag_inmet', 'process_data', 'manual__2024-07-30T15:00:27.373263+00:00', '--job-id', '2612', '--raw', '--subdir', 'DAGS_FOLDER/dag_inmet.py', '--cfg-path', '/tmp/tmpkt89a0ju']
[2024-07-30T15:02:28.095+0000] {standard_task_runner.py:83} INFO - Job 2612: Subtask process_data
[2024-07-30T15:02:28.134+0000] {task_command.py:388} INFO - Running <TaskInstance: dag_inmet.process_data manual__2024-07-30T15:00:27.373263+00:00 [running]> on host de721ab37e41
[2024-07-30T15:02:28.183+0000] {taskinstance.py:1509} INFO - Exporting the following env vars:
AIRFLOW_CTX_DAG_OWNER=***
AIRFLOW_CTX_DAG_ID=dag_inmet
AIRFLOW_CTX_TASK_ID=process_data
AIRFLOW_CTX_EXECUTION_DATE=2024-07-30T15:00:27.373263+00:00
AIRFLOW_CTX_TRY_NUMBER=1
AIRFLOW_CTX_DAG_RUN_ID=manual__2024-07-30T15:00:27.373263+00:00
[2024-07-30T15:02:30.403+0000] {warnings.py:110} WARNING - /home/***/.local/lib/python3.7/site-packages/pyspark/context.py:317: FutureWarning: Python 3.7 support is deprecated in Spark 3.4.
  warnings.warn("Python 3.7 support is deprecated in Spark 3.4.", FutureWarning)

[2024-07-30T15:02:30.501+0000] {dag_inmet.py:72} INFO - SparkSession criado com sucesso.
[2024-07-30T15:02:30.510+0000] {logging_mixin.py:137} INFO - Arquivo CSV encontrado: INMET_CO_DF_A001_BRASILIA_01-01-2024_A_30-06-2024.CSV
[2024-07-30T15:02:35.391+0000] {dag_inmet.py:78} ERROR - Erro no processamento dos dados: 
[PARSE_SYNTAX_ERROR] Syntax error at or near '"DATA (YYYY-MM-DD)"'.(line 3, pos 115)

== SQL ==

SELECT
  CASE WHEN "DATA (YYYY-MM-DD)" IS NULL OR "DATA (YYYY-MM-DD)" = '-9999' THEN NULL ELSE "DATA (YYYY-MM-DD)" END AS "DATA (YYYY-MM-DD)",
-------------------------------------------------------------------------------------------------------------------^^^
  CASE WHEN "HORA (UTC)" IS NULL OR "HORA (UTC)" = '-9999' THEN NULL ELSE "HORA (UTC)" END AS "HORA (UTC)",
  CASE WHEN "PRECIPITAÇAO TOTAL, HORÁRIO (mm)" IS NULL OR "PRECIPITAÇAO TOTAL, HORÁRIO (mm)" = '-9999' THEN NULL ELSE "PRECIPITAÇAO TOTAL, HORÁRIO (mm)" END AS "PRECIPITAÇAO TOTAL, HORÁRIO (mm)",
  CASE WHEN "PRESSAO ATMOSFERICA AO NIVEL DA ESTACAO, HORARIA (mB)" IS NULL OR "PRESSAO ATMOSFERICA AO NIVEL DA ESTACAO, HORARIA (mB)" = '-9999' THEN NULL ELSE "PRESSAO ATMOSFERICA AO NIVEL DA ESTACAO, HORARIA (mB)" END AS "PRESSAO ATMOSFERICA AO NIVEL DA ESTACAO, HORARIA (mB)",
  CASE WHEN "PRESSAO ATMOSFERICA MAX NA HORA ANT (AUT) (mB)" IS NULL OR "PRESSAO ATMOSFERICA MAX NA HORA ANT (AUT) (mB)" = '-9999' THEN NULL ELSE "PRESSAO ATMOSFERICA MAX NA HORA ANT (AUT) (mB)" END AS "PRESSAO ATMOSFERICA MAX NA HORA ANT (AUT) (mB)",
  CASE WHEN "PRESSAO ATMOSFERICA MINNA HORA ANT (AUT) (mB)" IS NULL OR "PRESSAO ATMOSFERICA MINNA HORA ANT (AUT) (mB)" = '-9999' THEN NULL ELSE "PRESSAO ATMOSFERICA MINNA HORA ANT (AUT) (mB)" END AS "PRESSAO ATMOSFERICA MINNA HORA ANT (AUT) (mB)",
  CASE WHEN "RADIACAO GLOBAL (KJ/m²)" IS NULL OR "RADIACAO GLOBAL (KJ/m²)" = '-9999' THEN NULL ELSE "RADIACAO GLOBAL (KJ/m²)" END AS "RADIACAO GLOBAL (KJ/m²)",
  CASE WHEN "TEMPERATURA DO AR - BULBO SECO, HORARIA (°C)" IS NULL OR "TEMPERATURA DO AR - BULBO SECO, HORARIA (°C)" = '-9999' THEN NULL ELSE "TEMPERATURA DO AR - BULBO SECO, HORARIA (°C)" END AS "TEMPERATURA DO AR - BULBO SECO, HORARIA (°C)",
  CASE WHEN "TEMPERATURA DO PONTO DE ORVALHO (°C)" IS NULL OR "TEMPERATURA DO PONTO DE ORVALHO (°C)" = '-9999' THEN NULL ELSE "TEMPERATURA DO PONTO DE ORVALHO (°C)" END AS "TEMPERATURA DO PONTO DE ORVALHO (°C)",
  CASE WHEN "TEMPERATURA MÁXIMA NA HORA ANT (AUT) (°C)" IS NULL OR "TEMPERATURA MÁXIMA NA HORA ANT (AUT) (°C)" = '-9999' THEN NULL ELSE "TEMPERATURA MÁXIMA NA HORA ANT (AUT) (°C)" END AS "TEMPERATURA MÁXIMA NA HORA ANT (AUT) (°C)",
  CASE WHEN "TEMPERATURA MÍNIMA NA HORA ANT (AUT) (°C)" IS NULL OR "TEMPERATURA MÍNIMA NA HORA ANT (AUT) (°C)" = '-9999' THEN NULL ELSE "TEMPERATURA MÍNIMA NA HORA ANT (AUT) (°C)" END AS "TEMPERATURA MÍNIMA NA HORA ANT (AUT) (°C)",
  CASE WHEN "TEMPERATURA ORVALHO MAX NA HORA ANT (AUT) (°C)" IS NULL OR "TEMPERATURA ORVALHO MAX NA HORA ANT (AUT) (°C)" = '-9999' THEN NULL ELSE "TEMPERATURA ORVALHO MAX NA HORA ANT (AUT) (°C)" END AS "TEMPERATURA ORVALHO MAX NA HORA ANT (AUT) (°C)",
  CASE WHEN "TEMPERATURA ORVALHO MINNA HORA ANT (AUT) (°C)" IS NULL OR "TEMPERATURA ORVALHO MINNA HORA ANT (AUT) (°C)" = '-9999' THEN NULL ELSE "TEMPERATURA ORVALHO MINNA HORA ANT (AUT) (°C)" END AS "TEMPERATURA ORVALHO MINNA HORA ANT (AUT) (°C)",
  CASE WHEN "UMIDADE REL MAX NA HORA ANT (AUT) (%)" IS NULL OR "UMIDADE REL MAX NA HORA ANT (AUT) (%)" = '-9999' THEN NULL ELSE "UMIDADE REL MAX NA HORA ANT (AUT) (%)" END AS "UMIDADE REL MAX NA HORA ANT (AUT) (%)",
  CASE WHEN "UMIDADE REL MINNA HORA ANT (AUT) (%)" IS NULL OR "UMIDADE REL MINNA HORA ANT (AUT) (%)" = '-9999' THEN NULL ELSE "UMIDADE REL MINNA HORA ANT (AUT) (%)" END AS "UMIDADE REL MINNA HORA ANT (AUT) (%)",
  CASE WHEN "UMIDADE RELATIVA DO AR, HORARIA (%)" IS NULL OR "UMIDADE RELATIVA DO AR, HORARIA (%)" = '-9999' THEN NULL ELSE "UMIDADE RELATIVA DO AR, HORARIA (%)" END AS "UMIDADE RELATIVA DO AR, HORARIA (%)",
  CASE WHEN "VENTO, DIREÇAO HORARIA (gr) (° (gr))" IS NULL OR "VENTO, DIREÇAO HORARIA (gr) (° (gr))" = '-9999' THEN NULL ELSE "VENTO, DIREÇAO HORARIA (gr) (° (gr))" END AS "VENTO, DIREÇAO HORARIA (gr) (° (gr))",
  CASE WHEN "VENTO, RAJADA MAXIMA (m/s)" IS NULL OR "VENTO, RAJADA MAXIMA (m/s)" = '-9999' THEN NULL ELSE "VENTO, RAJADA MAXIMA (m/s)" END AS "VENTO, RAJADA MAXIMA (m/s)",
  CASE WHEN "VENTO, VELOCIDADE HORARIA (m/s)" IS NULL OR "VENTO, VELOCIDADE HORARIA (m/s)" = '-9999' THEN NULL ELSE "VENTO, VELOCIDADE HORARIA (m/s)" END AS "VENTO, VELOCIDADE HORARIA (m/s)",
  CASE WHEN "REGIÃO" IS NULL OR "REGIÃO" = '-9999' THEN NULL ELSE "REGIÃO" END AS "REGIÃO",
  CASE WHEN "UF" IS NULL OR "UF" = '-9999' THEN NULL ELSE "UF" END AS "UF",
  CASE WHEN "ESTACAO" IS NULL OR "ESTACAO" = '-9999' THEN NULL ELSE "ESTACAO" END AS "ESTACAO",
  CASE WHEN "CODIGO" IS NULL OR "CODIGO" = '-9999' THEN NULL ELSE "CODIGO" END AS "CODIGO",
  CASE WHEN "LATITUDE" IS NULL OR "LATITUDE" = '-9999' THEN NULL ELSE "LATITUDE" END AS "LATITUDE",
  CASE WHEN "LONGITUDE" IS NULL OR "LONGITUDE" = '-9999' THEN NULL ELSE "LONGITUDE" END AS "LONGITUDE",
  CASE WHEN "ALTITUDE" IS NULL OR "ALTITUDE" = '-9999' THEN NULL ELSE "ALTITUDE" END AS "ALTITUDE",
  CASE WHEN "DATA_FUNDACAO" IS NULL OR "DATA_FUNDACAO" = '-9999' THEN NULL ELSE "DATA_FUNDACAO" END AS "DATA_FUNDACAO",
  CASE WHEN "AAAAMM" IS NULL OR "AAAAMM" = '-9999' THEN NULL ELSE "AAAAMM" END AS "AAAAMM",
  CASE WHEN "year_month" IS NULL OR "year_month" = '-9999' THEN NULL ELSE "year_month" END AS "year_month"
FROM df

[2024-07-30T15:02:35.917+0000] {taskinstance.py:1768} ERROR - Task failed with exception
Traceback (most recent call last):
  File "/home/airflow/.local/lib/python3.7/site-packages/airflow/operators/python.py", line 175, in execute
    return_value = self.execute_callable()
  File "/home/airflow/.local/lib/python3.7/site-packages/airflow/operators/python.py", line 192, in execute_callable
    return self.python_callable(*self.op_args, **self.op_kwargs)
  File "/opt/airflow/dags/dag_inmet.py", line 75, in task_process_data
    df_filtered = silver.process_csv_files(filename, spark)
  File "/opt/airflow/plugins/silver_plugin.py", line 14, in wrapper
    resultado = metodo(*args, **kwargs)
  File "/opt/airflow/plugins/silver_plugin.py", line 133, in process_csv_files
    df2 = spark.sql(clean_data_query)
  File "/home/airflow/.local/lib/python3.7/site-packages/pyspark/sql/session.py", line 1440, in sql
    return DataFrame(self._jsparkSession.sql(sqlQuery, litArgs), self)
  File "/home/airflow/.local/lib/python3.7/site-packages/py4j/java_gateway.py", line 1323, in __call__
    answer, self.gateway_client, self.target_id, self.name)
  File "/home/airflow/.local/lib/python3.7/site-packages/pyspark/errors/exceptions/captured.py", line 175, in deco
    raise converted from None
pyspark.errors.exceptions.captured.ParseException: 
[PARSE_SYNTAX_ERROR] Syntax error at or near '"DATA (YYYY-MM-DD)"'.(line 3, pos 115)

== SQL ==

SELECT
  CASE WHEN "DATA (YYYY-MM-DD)" IS NULL OR "DATA (YYYY-MM-DD)" = '-9999' THEN NULL ELSE "DATA (YYYY-MM-DD)" END AS "DATA (YYYY-MM-DD)",
-------------------------------------------------------------------------------------------------------------------^^^
  CASE WHEN "HORA (UTC)" IS NULL OR "HORA (UTC)" = '-9999' THEN NULL ELSE "HORA (UTC)" END AS "HORA (UTC)",
  CASE WHEN "PRECIPITAÇAO TOTAL, HORÁRIO (mm)" IS NULL OR "PRECIPITAÇAO TOTAL, HORÁRIO (mm)" = '-9999' THEN NULL ELSE "PRECIPITAÇAO TOTAL, HORÁRIO (mm)" END AS "PRECIPITAÇAO TOTAL, HORÁRIO (mm)",
  CASE WHEN "PRESSAO ATMOSFERICA AO NIVEL DA ESTACAO, HORARIA (mB)" IS NULL OR "PRESSAO ATMOSFERICA AO NIVEL DA ESTACAO, HORARIA (mB)" = '-9999' THEN NULL ELSE "PRESSAO ATMOSFERICA AO NIVEL DA ESTACAO, HORARIA (mB)" END AS "PRESSAO ATMOSFERICA AO NIVEL DA ESTACAO, HORARIA (mB)",
  CASE WHEN "PRESSAO ATMOSFERICA MAX NA HORA ANT (AUT) (mB)" IS NULL OR "PRESSAO ATMOSFERICA MAX NA HORA ANT (AUT) (mB)" = '-9999' THEN NULL ELSE "PRESSAO ATMOSFERICA MAX NA HORA ANT (AUT) (mB)" END AS "PRESSAO ATMOSFERICA MAX NA HORA ANT (AUT) (mB)",
  CASE WHEN "PRESSAO ATMOSFERICA MINNA HORA ANT (AUT) (mB)" IS NULL OR "PRESSAO ATMOSFERICA MINNA HORA ANT (AUT) (mB)" = '-9999' THEN NULL ELSE "PRESSAO ATMOSFERICA MINNA HORA ANT (AUT) (mB)" END AS "PRESSAO ATMOSFERICA MINNA HORA ANT (AUT) (mB)",
  CASE WHEN "RADIACAO GLOBAL (KJ/m²)" IS NULL OR "RADIACAO GLOBAL (KJ/m²)" = '-9999' THEN NULL ELSE "RADIACAO GLOBAL (KJ/m²)" END AS "RADIACAO GLOBAL (KJ/m²)",
  CASE WHEN "TEMPERATURA DO AR - BULBO SECO, HORARIA (°C)" IS NULL OR "TEMPERATURA DO AR - BULBO SECO, HORARIA (°C)" = '-9999' THEN NULL ELSE "TEMPERATURA DO AR - BULBO SECO, HORARIA (°C)" END AS "TEMPERATURA DO AR - BULBO SECO, HORARIA (°C)",
  CASE WHEN "TEMPERATURA DO PONTO DE ORVALHO (°C)" IS NULL OR "TEMPERATURA DO PONTO DE ORVALHO (°C)" = '-9999' THEN NULL ELSE "TEMPERATURA DO PONTO DE ORVALHO (°C)" END AS "TEMPERATURA DO PONTO DE ORVALHO (°C)",
  CASE WHEN "TEMPERATURA MÁXIMA NA HORA ANT (AUT) (°C)" IS NULL OR "TEMPERATURA MÁXIMA NA HORA ANT (AUT) (°C)" = '-9999' THEN NULL ELSE "TEMPERATURA MÁXIMA NA HORA ANT (AUT) (°C)" END AS "TEMPERATURA MÁXIMA NA HORA ANT (AUT) (°C)",
  CASE WHEN "TEMPERATURA MÍNIMA NA HORA ANT (AUT) (°C)" IS NULL OR "TEMPERATURA MÍNIMA NA HORA ANT (AUT) (°C)" = '-9999' THEN NULL ELSE "TEMPERATURA MÍNIMA NA HORA ANT (AUT) (°C)" END AS "TEMPERATURA MÍNIMA NA HORA ANT (AUT) (°C)",
  CASE WHEN "TEMPERATURA ORVALHO MAX NA HORA ANT (AUT) (°C)" IS NULL OR "TEMPERATURA ORVALHO MAX NA HORA ANT (AUT) (°C)" = '-9999' THEN NULL ELSE "TEMPERATURA ORVALHO MAX NA HORA ANT (AUT) (°C)" END AS "TEMPERATURA ORVALHO MAX NA HORA ANT (AUT) (°C)",
  CASE WHEN "TEMPERATURA ORVALHO MINNA HORA ANT (AUT) (°C)" IS NULL OR "TEMPERATURA ORVALHO MINNA HORA ANT (AUT) (°C)" = '-9999' THEN NULL ELSE "TEMPERATURA ORVALHO MINNA HORA ANT (AUT) (°C)" END AS "TEMPERATURA ORVALHO MINNA HORA ANT (AUT) (°C)",
  CASE WHEN "UMIDADE REL MAX NA HORA ANT (AUT) (%)" IS NULL OR "UMIDADE REL MAX NA HORA ANT (AUT) (%)" = '-9999' THEN NULL ELSE "UMIDADE REL MAX NA HORA ANT (AUT) (%)" END AS "UMIDADE REL MAX NA HORA ANT (AUT) (%)",
  CASE WHEN "UMIDADE REL MINNA HORA ANT (AUT) (%)" IS NULL OR "UMIDADE REL MINNA HORA ANT (AUT) (%)" = '-9999' THEN NULL ELSE "UMIDADE REL MINNA HORA ANT (AUT) (%)" END AS "UMIDADE REL MINNA HORA ANT (AUT) (%)",
  CASE WHEN "UMIDADE RELATIVA DO AR, HORARIA (%)" IS NULL OR "UMIDADE RELATIVA DO AR, HORARIA (%)" = '-9999' THEN NULL ELSE "UMIDADE RELATIVA DO AR, HORARIA (%)" END AS "UMIDADE RELATIVA DO AR, HORARIA (%)",
  CASE WHEN "VENTO, DIREÇAO HORARIA (gr) (° (gr))" IS NULL OR "VENTO, DIREÇAO HORARIA (gr) (° (gr))" = '-9999' THEN NULL ELSE "VENTO, DIREÇAO HORARIA (gr) (° (gr))" END AS "VENTO, DIREÇAO HORARIA (gr) (° (gr))",
  CASE WHEN "VENTO, RAJADA MAXIMA (m/s)" IS NULL OR "VENTO, RAJADA MAXIMA (m/s)" = '-9999' THEN NULL ELSE "VENTO, RAJADA MAXIMA (m/s)" END AS "VENTO, RAJADA MAXIMA (m/s)",
  CASE WHEN "VENTO, VELOCIDADE HORARIA (m/s)" IS NULL OR "VENTO, VELOCIDADE HORARIA (m/s)" = '-9999' THEN NULL ELSE "VENTO, VELOCIDADE HORARIA (m/s)" END AS "VENTO, VELOCIDADE HORARIA (m/s)",
  CASE WHEN "REGIÃO" IS NULL OR "REGIÃO" = '-9999' THEN NULL ELSE "REGIÃO" END AS "REGIÃO",
  CASE WHEN "UF" IS NULL OR "UF" = '-9999' THEN NULL ELSE "UF" END AS "UF",
  CASE WHEN "ESTACAO" IS NULL OR "ESTACAO" = '-9999' THEN NULL ELSE "ESTACAO" END AS "ESTACAO",
  CASE WHEN "CODIGO" IS NULL OR "CODIGO" = '-9999' THEN NULL ELSE "CODIGO" END AS "CODIGO",
  CASE WHEN "LATITUDE" IS NULL OR "LATITUDE" = '-9999' THEN NULL ELSE "LATITUDE" END AS "LATITUDE",
  CASE WHEN "LONGITUDE" IS NULL OR "LONGITUDE" = '-9999' THEN NULL ELSE "LONGITUDE" END AS "LONGITUDE",
  CASE WHEN "ALTITUDE" IS NULL OR "ALTITUDE" = '-9999' THEN NULL ELSE "ALTITUDE" END AS "ALTITUDE",
  CASE WHEN "DATA_FUNDACAO" IS NULL OR "DATA_FUNDACAO" = '-9999' THEN NULL ELSE "DATA_FUNDACAO" END AS "DATA_FUNDACAO",
  CASE WHEN "AAAAMM" IS NULL OR "AAAAMM" = '-9999' THEN NULL ELSE "AAAAMM" END AS "AAAAMM",
  CASE WHEN "year_month" IS NULL OR "year_month" = '-9999' THEN NULL ELSE "year_month" END AS "year_month"
FROM df

[2024-07-30T15:02:35.930+0000] {taskinstance.py:1323} INFO - Marking task as FAILED. dag_id=dag_inmet, task_id=process_data, execution_date=20240730T150027, start_date=20240730T150228, end_date=20240730T150235
[2024-07-30T15:02:35.951+0000] {standard_task_runner.py:105} ERROR - Failed to execute job 2612 for task process_data (
[PARSE_SYNTAX_ERROR] Syntax error at or near '"DATA (YYYY-MM-DD)"'.(line 3, pos 115)

== SQL ==

SELECT
  CASE WHEN "DATA (YYYY-MM-DD)" IS NULL OR "DATA (YYYY-MM-DD)" = '-9999' THEN NULL ELSE "DATA (YYYY-MM-DD)" END AS "DATA (YYYY-MM-DD)",
-------------------------------------------------------------------------------------------------------------------^^^
  CASE WHEN "HORA (UTC)" IS NULL OR "HORA (UTC)" = '-9999' THEN NULL ELSE "HORA (UTC)" END AS "HORA (UTC)",
  CASE WHEN "PRECIPITAÇAO TOTAL, HORÁRIO (mm)" IS NULL OR "PRECIPITAÇAO TOTAL, HORÁRIO (mm)" = '-9999' THEN NULL ELSE "PRECIPITAÇAO TOTAL, HORÁRIO (mm)" END AS "PRECIPITAÇAO TOTAL, HORÁRIO (mm)",
  CASE WHEN "PRESSAO ATMOSFERICA AO NIVEL DA ESTACAO, HORARIA (mB)" IS NULL OR "PRESSAO ATMOSFERICA AO NIVEL DA ESTACAO, HORARIA (mB)" = '-9999' THEN NULL ELSE "PRESSAO ATMOSFERICA AO NIVEL DA ESTACAO, HORARIA (mB)" END AS "PRESSAO ATMOSFERICA AO NIVEL DA ESTACAO, HORARIA (mB)",
  CASE WHEN "PRESSAO ATMOSFERICA MAX NA HORA ANT (AUT) (mB)" IS NULL OR "PRESSAO ATMOSFERICA MAX NA HORA ANT (AUT) (mB)" = '-9999' THEN NULL ELSE "PRESSAO ATMOSFERICA MAX NA HORA ANT (AUT) (mB)" END AS "PRESSAO ATMOSFERICA MAX NA HORA ANT (AUT) (mB)",
  CASE WHEN "PRESSAO ATMOSFERICA MINNA HORA ANT (AUT) (mB)" IS NULL OR "PRESSAO ATMOSFERICA MINNA HORA ANT (AUT) (mB)" = '-9999' THEN NULL ELSE "PRESSAO ATMOSFERICA MINNA HORA ANT (AUT) (mB)" END AS "PRESSAO ATMOSFERICA MINNA HORA ANT (AUT) (mB)",
  CASE WHEN "RADIACAO GLOBAL (KJ/m²)" IS NULL OR "RADIACAO GLOBAL (KJ/m²)" = '-9999' THEN NULL ELSE "RADIACAO GLOBAL (KJ/m²)" END AS "RADIACAO GLOBAL (KJ/m²)",
  CASE WHEN "TEMPERATURA DO AR - BULBO SECO, HORARIA (°C)" IS NULL OR "TEMPERATURA DO AR - BULBO SECO, HORARIA (°C)" = '-9999' THEN NULL ELSE "TEMPERATURA DO AR - BULBO SECO, HORARIA (°C)" END AS "TEMPERATURA DO AR - BULBO SECO, HORARIA (°C)",
  CASE WHEN "TEMPERATURA DO PONTO DE ORVALHO (°C)" IS NULL OR "TEMPERATURA DO PONTO DE ORVALHO (°C)" = '-9999' THEN NULL ELSE "TEMPERATURA DO PONTO DE ORVALHO (°C)" END AS "TEMPERATURA DO PONTO DE ORVALHO (°C)",
  CASE WHEN "TEMPERATURA MÁXIMA NA HORA ANT (AUT) (°C)" IS NULL OR "TEMPERATURA MÁXIMA NA HORA ANT (AUT) (°C)" = '-9999' THEN NULL ELSE "TEMPERATURA MÁXIMA NA HORA ANT (AUT) (°C)" END AS "TEMPERATURA MÁXIMA NA HORA ANT (AUT) (°C)",
  CASE WHEN "TEMPERATURA MÍNIMA NA HORA ANT (AUT) (°C)" IS NULL OR "TEMPERATURA MÍNIMA NA HORA ANT (AUT) (°C)" = '-9999' THEN NULL ELSE "TEMPERATURA MÍNIMA NA HORA ANT (AUT) (°C)" END AS "TEMPERATURA MÍNIMA NA HORA ANT (AUT) (°C)",
  CASE WHEN "TEMPERATURA ORVALHO MAX NA HORA ANT (AUT) (°C)" IS NULL OR "TEMPERATURA ORVALHO MAX NA HORA ANT (AUT) (°C)" = '-9999' THEN NULL ELSE "TEMPERATURA ORVALHO MAX NA HORA ANT (AUT) (°C)" END AS "TEMPERATURA ORVALHO MAX NA HORA ANT (AUT) (°C)",
  CASE WHEN "TEMPERATURA ORVALHO MINNA HORA ANT (AUT) (°C)" IS NULL OR "TEMPERATURA ORVALHO MINNA HORA ANT (AUT) (°C)" = '-9999' THEN NULL ELSE "TEMPERATURA ORVALHO MINNA HORA ANT (AUT) (°C)" END AS "TEMPERATURA ORVALHO MINNA HORA ANT (AUT) (°C)",
  CASE WHEN "UMIDADE REL MAX NA HORA ANT (AUT) (%)" IS NULL OR "UMIDADE REL MAX NA HORA ANT (AUT) (%)" = '-9999' THEN NULL ELSE "UMIDADE REL MAX NA HORA ANT (AUT) (%)" END AS "UMIDADE REL MAX NA HORA ANT (AUT) (%)",
  CASE WHEN "UMIDADE REL MINNA HORA ANT (AUT) (%)" IS NULL OR "UMIDADE REL MINNA HORA ANT (AUT) (%)" = '-9999' THEN NULL ELSE "UMIDADE REL MINNA HORA ANT (AUT) (%)" END AS "UMIDADE REL MINNA HORA ANT (AUT) (%)",
  CASE WHEN "UMIDADE RELATIVA DO AR, HORARIA (%)" IS NULL OR "UMIDADE RELATIVA DO AR, HORARIA (%)" = '-9999' THEN NULL ELSE "UMIDADE RELATIVA DO AR, HORARIA (%)" END AS "UMIDADE RELATIVA DO AR, HORARIA (%)",
  CASE WHEN "VENTO, DIREÇAO HORARIA (gr) (° (gr))" IS NULL OR "VENTO, DIREÇAO HORARIA (gr) (° (gr))" = '-9999' THEN NULL ELSE "VENTO, DIREÇAO HORARIA (gr) (° (gr))" END AS "VENTO, DIREÇAO HORARIA (gr) (° (gr))",
  CASE WHEN "VENTO, RAJADA MAXIMA (m/s)" IS NULL OR "VENTO, RAJADA MAXIMA (m/s)" = '-9999' THEN NULL ELSE "VENTO, RAJADA MAXIMA (m/s)" END AS "VENTO, RAJADA MAXIMA (m/s)",
  CASE WHEN "VENTO, VELOCIDADE HORARIA (m/s)" IS NULL OR "VENTO, VELOCIDADE HORARIA (m/s)" = '-9999' THEN NULL ELSE "VENTO, VELOCIDADE HORARIA (m/s)" END AS "VENTO, VELOCIDADE HORARIA (m/s)",
  CASE WHEN "REGIÃO" IS NULL OR "REGIÃO" = '-9999' THEN NULL ELSE "REGIÃO" END AS "REGIÃO",
  CASE WHEN "UF" IS NULL OR "UF" = '-9999' THEN NULL ELSE "UF" END AS "UF",
  CASE WHEN "ESTACAO" IS NULL OR "ESTACAO" = '-9999' THEN NULL ELSE "ESTACAO" END AS "ESTACAO",
  CASE WHEN "CODIGO" IS NULL OR "CODIGO" = '-9999' THEN NULL ELSE "CODIGO" END AS "CODIGO",
  CASE WHEN "LATITUDE" IS NULL OR "LATITUDE" = '-9999' THEN NULL ELSE "LATITUDE" END AS "LATITUDE",
  CASE WHEN "LONGITUDE" IS NULL OR "LONGITUDE" = '-9999' THEN NULL ELSE "LONGITUDE" END AS "LONGITUDE",
  CASE WHEN "ALTITUDE" IS NULL OR "ALTITUDE" = '-9999' THEN NULL ELSE "ALTITUDE" END AS "ALTITUDE",
  CASE WHEN "DATA_FUNDACAO" IS NULL OR "DATA_FUNDACAO" = '-9999' THEN NULL ELSE "DATA_FUNDACAO" END AS "DATA_FUNDACAO",
  CASE WHEN "AAAAMM" IS NULL OR "AAAAMM" = '-9999' THEN NULL ELSE "AAAAMM" END AS "AAAAMM",
  CASE WHEN "year_month" IS NULL OR "year_month" = '-9999' THEN NULL ELSE "year_month" END AS "year_month"
FROM df
; 2280)
[2024-07-30T15:02:36.002+0000] {local_task_job.py:208} INFO - Task exited with return code 1
[2024-07-30T15:02:36.041+0000] {taskinstance.py:2578} INFO - 0 downstream tasks scheduled from follow-on schedule check
