[2024-07-02T17:05:29.138+0000] {taskinstance.py:1083} INFO - Dependencies all met for <TaskInstance: default_args.tsk1 scheduled__2024-07-02T16:00:00+00:00 [queued]>
[2024-07-02T17:05:29.150+0000] {taskinstance.py:1083} INFO - Dependencies all met for <TaskInstance: default_args.tsk1 scheduled__2024-07-02T16:00:00+00:00 [queued]>
[2024-07-02T17:05:29.151+0000] {taskinstance.py:1279} INFO - 
--------------------------------------------------------------------------------
[2024-07-02T17:05:29.151+0000] {taskinstance.py:1280} INFO - Starting attempt 1 of 4
[2024-07-02T17:05:29.151+0000] {taskinstance.py:1281} INFO - 
--------------------------------------------------------------------------------
[2024-07-02T17:05:29.167+0000] {taskinstance.py:1300} INFO - Executing <Task(BashOperator): tsk1> on 2024-07-02 16:00:00+00:00
[2024-07-02T17:05:29.174+0000] {standard_task_runner.py:55} INFO - Started process 305 to run task
[2024-07-02T17:05:29.177+0000] {standard_task_runner.py:82} INFO - Running: ['***', 'tasks', 'run', 'default_args', 'tsk1', 'scheduled__2024-07-02T16:00:00+00:00', '--job-id', '388', '--raw', '--subdir', 'DAGS_FOLDER/default_args.py', '--cfg-path', '/tmp/tmpzp7mxxsj']
[2024-07-02T17:05:29.177+0000] {standard_task_runner.py:83} INFO - Job 388: Subtask tsk1
[2024-07-02T17:05:29.247+0000] {task_command.py:388} INFO - Running <TaskInstance: default_args.tsk1 scheduled__2024-07-02T16:00:00+00:00 [running]> on host 47ea7c264468
[2024-07-02T17:05:29.331+0000] {taskinstance.py:1509} INFO - Exporting the following env vars:
AIRFLOW_CTX_DAG_EMAIL=testeskleuber@gmail.com
AIRFLOW_CTX_DAG_OWNER=***
AIRFLOW_CTX_DAG_ID=default_args
AIRFLOW_CTX_TASK_ID=tsk1
AIRFLOW_CTX_EXECUTION_DATE=2024-07-02T16:00:00+00:00
AIRFLOW_CTX_TRY_NUMBER=1
AIRFLOW_CTX_DAG_RUN_ID=scheduled__2024-07-02T16:00:00+00:00
[2024-07-02T17:05:29.331+0000] {subprocess.py:63} INFO - Tmp dir root location: 
 /tmp
[2024-07-02T17:05:29.332+0000] {subprocess.py:75} INFO - Running command: ['/bin/bash', '-c', 'sleep 5']
[2024-07-02T17:05:29.344+0000] {subprocess.py:86} INFO - Output:
[2024-07-02T17:05:34.347+0000] {subprocess.py:97} INFO - Command exited with return code 0
[2024-07-02T17:05:34.369+0000] {taskinstance.py:1323} INFO - Marking task as SUCCESS. dag_id=default_args, task_id=tsk1, execution_date=20240702T160000, start_date=20240702T170529, end_date=20240702T170534
[2024-07-02T17:05:34.388+0000] {local_task_job.py:208} INFO - Task exited with return code 0
[2024-07-02T17:05:34.417+0000] {taskinstance.py:2578} INFO - 1 downstream tasks scheduled from follow-on schedule check
