[2024-08-28T19:42:30.954+0000] {taskinstance.py:1083} INFO - Dependencies all met for <TaskInstance: dag_gold_ts.process_gold_ts_and_metrics manual__2024-08-28T19:41:44.748816+00:00 [queued]>
[2024-08-28T19:42:30.961+0000] {taskinstance.py:1083} INFO - Dependencies all met for <TaskInstance: dag_gold_ts.process_gold_ts_and_metrics manual__2024-08-28T19:41:44.748816+00:00 [queued]>
[2024-08-28T19:42:30.961+0000] {taskinstance.py:1279} INFO - 
--------------------------------------------------------------------------------
[2024-08-28T19:42:30.962+0000] {taskinstance.py:1280} INFO - Starting attempt 1 of 1
[2024-08-28T19:42:30.962+0000] {taskinstance.py:1281} INFO - 
--------------------------------------------------------------------------------
[2024-08-28T19:42:30.972+0000] {taskinstance.py:1300} INFO - Executing <Task(PythonOperator): process_gold_ts_and_metrics> on 2024-08-28 19:41:44.748816+00:00
[2024-08-28T19:42:30.979+0000] {standard_task_runner.py:55} INFO - Started process 2930 to run task
[2024-08-28T19:42:30.981+0000] {standard_task_runner.py:82} INFO - Running: ['***', 'tasks', 'run', 'dag_gold_ts', 'process_gold_ts_and_metrics', 'manual__2024-08-28T19:41:44.748816+00:00', '--job-id', '12489', '--raw', '--subdir', 'DAGS_FOLDER/dag_ts_inmet.py', '--cfg-path', '/tmp/tmp1sd1ie4k']
[2024-08-28T19:42:30.982+0000] {standard_task_runner.py:83} INFO - Job 12489: Subtask process_gold_ts_and_metrics
[2024-08-28T19:42:31.033+0000] {task_command.py:388} INFO - Running <TaskInstance: dag_gold_ts.process_gold_ts_and_metrics manual__2024-08-28T19:41:44.748816+00:00 [running]> on host 50af263b1053
[2024-08-28T19:42:31.103+0000] {taskinstance.py:1509} INFO - Exporting the following env vars:
AIRFLOW_CTX_DAG_OWNER=***
AIRFLOW_CTX_DAG_ID=dag_gold_ts
AIRFLOW_CTX_TASK_ID=process_gold_ts_and_metrics
AIRFLOW_CTX_EXECUTION_DATE=2024-08-28T19:41:44.748816+00:00
AIRFLOW_CTX_TRY_NUMBER=1
AIRFLOW_CTX_DAG_RUN_ID=manual__2024-08-28T19:41:44.748816+00:00
[2024-08-28T19:42:33.328+0000] {warnings.py:110} WARNING - /home/***/.local/lib/python3.7/site-packages/pyspark/context.py:317: FutureWarning: Python 3.7 support is deprecated in Spark 3.4.
  warnings.warn("Python 3.7 support is deprecated in Spark 3.4.", FutureWarning)

[2024-08-28T19:42:38.488+0000] {taskinstance.py:1768} ERROR - Task failed with exception
Traceback (most recent call last):
  File "/home/airflow/.local/lib/python3.7/site-packages/airflow/operators/python.py", line 175, in execute
    return_value = self.execute_callable()
  File "/home/airflow/.local/lib/python3.7/site-packages/airflow/operators/python.py", line 192, in execute_callable
    return self.python_callable(*self.op_args, **self.op_kwargs)
  File "/opt/airflow/dags/dag_ts_inmet.py", line 36, in run_gold_ts_and_calculate_metrics
    pdf, predictions_df = gold_ts.ts_gold(spark)
  File "/opt/airflow/plugins/gold_ts_plugin.py", line 15, in wrapper
    resultado = metodo(*args, **kwargs)
  File "/opt/airflow/plugins/gold_ts_plugin.py", line 108, in ts_gold
    predictions_df = predictions_df[['Forecast']]
  File "/home/airflow/.local/lib/python3.7/site-packages/pandas/core/frame.py", line 3464, in __getitem__
    indexer = self.loc._get_listlike_indexer(key, axis=1)[1]
  File "/home/airflow/.local/lib/python3.7/site-packages/pandas/core/indexing.py", line 1314, in _get_listlike_indexer
    self._validate_read_indexer(keyarr, indexer, axis)
  File "/home/airflow/.local/lib/python3.7/site-packages/pandas/core/indexing.py", line 1374, in _validate_read_indexer
    raise KeyError(f"None of [{key}] are in the [{axis_name}]")
KeyError: "None of [Index(['Forecast'], dtype='object')] are in the [columns]"
[2024-08-28T19:42:38.496+0000] {taskinstance.py:1323} INFO - Marking task as FAILED. dag_id=dag_gold_ts, task_id=process_gold_ts_and_metrics, execution_date=20240828T194144, start_date=20240828T194230, end_date=20240828T194238
[2024-08-28T19:42:38.507+0000] {standard_task_runner.py:105} ERROR - Failed to execute job 12489 for task process_gold_ts_and_metrics ("None of [Index(['Forecast'], dtype='object')] are in the [columns]"; 2930)
[2024-08-28T19:42:38.532+0000] {local_task_job.py:208} INFO - Task exited with return code 1
[2024-08-28T19:42:38.567+0000] {taskinstance.py:2578} INFO - 1 downstream tasks scheduled from follow-on schedule check
