[2024-08-29T14:14:28.807+0000] {taskinstance.py:1083} INFO - Dependencies all met for <TaskInstance: dag_inmet.download_data manual__2024-08-29T14:14:02.037478+00:00 [queued]>
[2024-08-29T14:14:28.813+0000] {taskinstance.py:1083} INFO - Dependencies all met for <TaskInstance: dag_inmet.download_data manual__2024-08-29T14:14:02.037478+00:00 [queued]>
[2024-08-29T14:14:28.814+0000] {taskinstance.py:1279} INFO - 
--------------------------------------------------------------------------------
[2024-08-29T14:14:28.814+0000] {taskinstance.py:1280} INFO - Starting attempt 1 of 1
[2024-08-29T14:14:28.814+0000] {taskinstance.py:1281} INFO - 
--------------------------------------------------------------------------------
[2024-08-29T14:14:28.823+0000] {taskinstance.py:1300} INFO - Executing <Task(PythonOperator): download_data> on 2024-08-29 14:14:02.037478+00:00
[2024-08-29T14:14:28.832+0000] {standard_task_runner.py:55} INFO - Started process 1087 to run task
[2024-08-29T14:14:28.834+0000] {standard_task_runner.py:82} INFO - Running: ['***', 'tasks', 'run', 'dag_inmet', 'download_data', 'manual__2024-08-29T14:14:02.037478+00:00', '--job-id', '13000', '--raw', '--subdir', 'DAGS_FOLDER/dag_inmet.py', '--cfg-path', '/tmp/tmp_yfr7a5i']
[2024-08-29T14:14:28.835+0000] {standard_task_runner.py:83} INFO - Job 13000: Subtask download_data
[2024-08-29T14:14:28.877+0000] {task_command.py:388} INFO - Running <TaskInstance: dag_inmet.download_data manual__2024-08-29T14:14:02.037478+00:00 [running]> on host 495d425f6ed3
[2024-08-29T14:14:28.936+0000] {taskinstance.py:1509} INFO - Exporting the following env vars:
AIRFLOW_CTX_DAG_OWNER=***
AIRFLOW_CTX_DAG_ID=dag_inmet
AIRFLOW_CTX_TASK_ID=download_data
AIRFLOW_CTX_EXECUTION_DATE=2024-08-29T14:14:02.037478+00:00
AIRFLOW_CTX_TRY_NUMBER=1
AIRFLOW_CTX_DAG_RUN_ID=manual__2024-08-29T14:14:02.037478+00:00
[2024-08-29T14:14:30.009+0000] {logging_mixin.py:137} INFO - Tempo de execução de download_data: 1.0720 segundos
[2024-08-29T14:14:51.937+0000] {logging_mixin.py:137} INFO - Arquivo salvo como /opt/***/data/bronze/inmet/2024.zip
[2024-08-29T14:14:51.940+0000] {logging_mixin.py:137} INFO - Tempo de execução de download_and_save_file: 21.9309 segundos
[2024-08-29T14:14:51.956+0000] {python.py:177} INFO - Done. Returned value was: /opt/***/data/bronze/inmet/2024.zip
[2024-08-29T14:14:51.969+0000] {taskinstance.py:1323} INFO - Marking task as SUCCESS. dag_id=dag_inmet, task_id=download_data, execution_date=20240829T141402, start_date=20240829T141428, end_date=20240829T141451
[2024-08-29T14:14:52.002+0000] {local_task_job.py:208} INFO - Task exited with return code 0
[2024-08-29T14:14:52.025+0000] {taskinstance.py:2578} INFO - 1 downstream tasks scheduled from follow-on schedule check
