[2024-07-02T19:10:32.226+0000] {taskinstance.py:1083} INFO - Dependencies all met for <TaskInstance: pythonoperator.t1 manual__2024-07-02T19:10:30.348123+00:00 [queued]>
[2024-07-02T19:10:32.233+0000] {taskinstance.py:1083} INFO - Dependencies all met for <TaskInstance: pythonoperator.t1 manual__2024-07-02T19:10:30.348123+00:00 [queued]>
[2024-07-02T19:10:32.233+0000] {taskinstance.py:1279} INFO - 
--------------------------------------------------------------------------------
[2024-07-02T19:10:32.233+0000] {taskinstance.py:1280} INFO - Starting attempt 1 of 1
[2024-07-02T19:10:32.233+0000] {taskinstance.py:1281} INFO - 
--------------------------------------------------------------------------------
[2024-07-02T19:10:32.242+0000] {taskinstance.py:1300} INFO - Executing <Task(PythonOperator): t1> on 2024-07-02 19:10:30.348123+00:00
[2024-07-02T19:10:32.247+0000] {standard_task_runner.py:55} INFO - Started process 101 to run task
[2024-07-02T19:10:32.249+0000] {standard_task_runner.py:82} INFO - Running: ['***', 'tasks', 'run', 'pythonoperator', 't1', 'manual__2024-07-02T19:10:30.348123+00:00', '--job-id', '758', '--raw', '--subdir', 'DAGS_FOLDER/pythonoperator.py', '--cfg-path', '/tmp/tmpo2phkuv0']
[2024-07-02T19:10:32.250+0000] {standard_task_runner.py:83} INFO - Job 758: Subtask t1
[2024-07-02T19:10:32.287+0000] {task_command.py:388} INFO - Running <TaskInstance: pythonoperator.t1 manual__2024-07-02T19:10:30.348123+00:00 [running]> on host 75a6cdf06c17
[2024-07-02T19:10:32.331+0000] {taskinstance.py:1509} INFO - Exporting the following env vars:
AIRFLOW_CTX_DAG_OWNER=***
AIRFLOW_CTX_DAG_ID=pythonoperator
AIRFLOW_CTX_TASK_ID=t1
AIRFLOW_CTX_EXECUTION_DATE=2024-07-02T19:10:30.348123+00:00
AIRFLOW_CTX_TRY_NUMBER=1
AIRFLOW_CTX_DAG_RUN_ID=manual__2024-07-02T19:10:30.348123+00:00
[2024-07-02T19:10:32.345+0000] {python.py:177} INFO - Done. Returned value was: None
[2024-07-02T19:10:32.352+0000] {taskinstance.py:1323} INFO - Marking task as SUCCESS. dag_id=pythonoperator, task_id=t1, execution_date=20240702T191030, start_date=20240702T191032, end_date=20240702T191032
[2024-07-02T19:10:32.380+0000] {local_task_job.py:208} INFO - Task exited with return code 0
[2024-07-02T19:10:32.392+0000] {taskinstance.py:2578} INFO - 0 downstream tasks scheduled from follow-on schedule check
