[2024-08-28T14:08:05.743+0000] {taskinstance.py:1083} INFO - Dependencies all met for <TaskInstance: dag_inmet.download_data manual__2024-08-28T14:07:55.913187+00:00 [queued]>
[2024-08-28T14:08:05.749+0000] {taskinstance.py:1083} INFO - Dependencies all met for <TaskInstance: dag_inmet.download_data manual__2024-08-28T14:07:55.913187+00:00 [queued]>
[2024-08-28T14:08:05.750+0000] {taskinstance.py:1279} INFO - 
--------------------------------------------------------------------------------
[2024-08-28T14:08:05.750+0000] {taskinstance.py:1280} INFO - Starting attempt 1 of 1
[2024-08-28T14:08:05.750+0000] {taskinstance.py:1281} INFO - 
--------------------------------------------------------------------------------
[2024-08-28T14:08:05.761+0000] {taskinstance.py:1300} INFO - Executing <Task(PythonOperator): download_data> on 2024-08-28 14:07:55.913187+00:00
[2024-08-28T14:08:05.766+0000] {standard_task_runner.py:55} INFO - Started process 122 to run task
[2024-08-28T14:08:05.768+0000] {standard_task_runner.py:82} INFO - Running: ['***', 'tasks', 'run', 'dag_inmet', 'download_data', 'manual__2024-08-28T14:07:55.913187+00:00', '--job-id', '12075', '--raw', '--subdir', 'DAGS_FOLDER/dag_inmet.py', '--cfg-path', '/tmp/tmptf30358v']
[2024-08-28T14:08:05.770+0000] {standard_task_runner.py:83} INFO - Job 12075: Subtask download_data
[2024-08-28T14:08:05.815+0000] {task_command.py:388} INFO - Running <TaskInstance: dag_inmet.download_data manual__2024-08-28T14:07:55.913187+00:00 [running]> on host 4958d38180c6
[2024-08-28T14:08:05.870+0000] {taskinstance.py:1509} INFO - Exporting the following env vars:
AIRFLOW_CTX_DAG_OWNER=***
AIRFLOW_CTX_DAG_ID=dag_inmet
AIRFLOW_CTX_TASK_ID=download_data
AIRFLOW_CTX_EXECUTION_DATE=2024-08-28T14:07:55.913187+00:00
AIRFLOW_CTX_TRY_NUMBER=1
AIRFLOW_CTX_DAG_RUN_ID=manual__2024-08-28T14:07:55.913187+00:00
[2024-08-28T14:08:07.062+0000] {logging_mixin.py:137} INFO - Tempo de execução de download_data: 1.1920 segundos
[2024-08-28T14:08:18.233+0000] {logging_mixin.py:137} INFO - Arquivo salvo como /opt/***/data/bronze/inmet/2024.zip
[2024-08-28T14:08:18.236+0000] {logging_mixin.py:137} INFO - Tempo de execução de download_and_save_file: 11.1737 segundos
[2024-08-28T14:08:18.254+0000] {python.py:177} INFO - Done. Returned value was: /opt/***/data/bronze/inmet/2024.zip
[2024-08-28T14:08:18.273+0000] {taskinstance.py:1323} INFO - Marking task as SUCCESS. dag_id=dag_inmet, task_id=download_data, execution_date=20240828T140755, start_date=20240828T140805, end_date=20240828T140818
[2024-08-28T14:08:18.315+0000] {local_task_job.py:208} INFO - Task exited with return code 0
[2024-08-28T14:08:18.339+0000] {taskinstance.py:2578} INFO - 1 downstream tasks scheduled from follow-on schedule check
