[2024-08-22T18:45:56.958+0000] {taskinstance.py:1083} INFO - Dependencies all met for <TaskInstance: dag_inmet.download_data manual__2024-08-22T18:45:52.115654+00:00 [queued]>
[2024-08-22T18:45:56.966+0000] {taskinstance.py:1083} INFO - Dependencies all met for <TaskInstance: dag_inmet.download_data manual__2024-08-22T18:45:52.115654+00:00 [queued]>
[2024-08-22T18:45:56.966+0000] {taskinstance.py:1279} INFO - 
--------------------------------------------------------------------------------
[2024-08-22T18:45:56.966+0000] {taskinstance.py:1280} INFO - Starting attempt 1 of 1
[2024-08-22T18:45:56.966+0000] {taskinstance.py:1281} INFO - 
--------------------------------------------------------------------------------
[2024-08-22T18:45:56.989+0000] {taskinstance.py:1300} INFO - Executing <Task(PythonOperator): download_data> on 2024-08-22 18:45:52.115654+00:00
[2024-08-22T18:45:56.997+0000] {standard_task_runner.py:55} INFO - Started process 143 to run task
[2024-08-22T18:45:56.999+0000] {standard_task_runner.py:82} INFO - Running: ['***', 'tasks', 'run', 'dag_inmet', 'download_data', 'manual__2024-08-22T18:45:52.115654+00:00', '--job-id', '11296', '--raw', '--subdir', 'DAGS_FOLDER/dag_inmet.py', '--cfg-path', '/tmp/tmp6ju04pxc']
[2024-08-22T18:45:57.000+0000] {standard_task_runner.py:83} INFO - Job 11296: Subtask download_data
[2024-08-22T18:45:57.046+0000] {task_command.py:388} INFO - Running <TaskInstance: dag_inmet.download_data manual__2024-08-22T18:45:52.115654+00:00 [running]> on host 990c8473e03a
[2024-08-22T18:45:57.113+0000] {taskinstance.py:1509} INFO - Exporting the following env vars:
AIRFLOW_CTX_DAG_OWNER=***
AIRFLOW_CTX_DAG_ID=dag_inmet
AIRFLOW_CTX_TASK_ID=download_data
AIRFLOW_CTX_EXECUTION_DATE=2024-08-22T18:45:52.115654+00:00
AIRFLOW_CTX_TRY_NUMBER=1
AIRFLOW_CTX_DAG_RUN_ID=manual__2024-08-22T18:45:52.115654+00:00
[2024-08-22T18:45:58.768+0000] {logging_mixin.py:137} INFO - Tempo de execução de download_data: 1.6544 segundos
[2024-08-22T18:46:15.321+0000] {logging_mixin.py:137} INFO - Arquivo salvo como /opt/***/data/bronze/inmet/2024.zip
[2024-08-22T18:46:15.325+0000] {logging_mixin.py:137} INFO - Tempo de execução de download_and_save_file: 16.5568 segundos
[2024-08-22T18:46:15.350+0000] {python.py:177} INFO - Done. Returned value was: /opt/***/data/bronze/inmet/2024.zip
[2024-08-22T18:46:15.364+0000] {taskinstance.py:1323} INFO - Marking task as SUCCESS. dag_id=dag_inmet, task_id=download_data, execution_date=20240822T184552, start_date=20240822T184556, end_date=20240822T184615
[2024-08-22T18:46:15.393+0000] {local_task_job.py:208} INFO - Task exited with return code 0
[2024-08-22T18:46:15.417+0000] {taskinstance.py:2578} INFO - 1 downstream tasks scheduled from follow-on schedule check
