[2024-08-01T21:58:08.037+0000] {taskinstance.py:1083} INFO - Dependencies all met for <TaskInstance: dag_inmet.download_data manual__2024-08-01T21:58:01.565077+00:00 [queued]>
[2024-08-01T21:58:08.045+0000] {taskinstance.py:1083} INFO - Dependencies all met for <TaskInstance: dag_inmet.download_data manual__2024-08-01T21:58:01.565077+00:00 [queued]>
[2024-08-01T21:58:08.045+0000] {taskinstance.py:1279} INFO - 
--------------------------------------------------------------------------------
[2024-08-01T21:58:08.046+0000] {taskinstance.py:1280} INFO - Starting attempt 1 of 1
[2024-08-01T21:58:08.046+0000] {taskinstance.py:1281} INFO - 
--------------------------------------------------------------------------------
[2024-08-01T21:58:08.055+0000] {taskinstance.py:1300} INFO - Executing <Task(PythonOperator): download_data> on 2024-08-01 21:58:01.565077+00:00
[2024-08-01T21:58:08.061+0000] {standard_task_runner.py:55} INFO - Started process 123 to run task
[2024-08-01T21:58:08.063+0000] {standard_task_runner.py:82} INFO - Running: ['***', 'tasks', 'run', 'dag_inmet', 'download_data', 'manual__2024-08-01T21:58:01.565077+00:00', '--job-id', '3406', '--raw', '--subdir', 'DAGS_FOLDER/dag_inmet.py', '--cfg-path', '/tmp/tmp_6this0i']
[2024-08-01T21:58:08.064+0000] {standard_task_runner.py:83} INFO - Job 3406: Subtask download_data
[2024-08-01T21:58:08.104+0000] {task_command.py:388} INFO - Running <TaskInstance: dag_inmet.download_data manual__2024-08-01T21:58:01.565077+00:00 [running]> on host 1c1cb9a193a8
[2024-08-01T21:58:08.150+0000] {taskinstance.py:1509} INFO - Exporting the following env vars:
AIRFLOW_CTX_DAG_OWNER=***
AIRFLOW_CTX_DAG_ID=dag_inmet
AIRFLOW_CTX_TASK_ID=download_data
AIRFLOW_CTX_EXECUTION_DATE=2024-08-01T21:58:01.565077+00:00
AIRFLOW_CTX_TRY_NUMBER=1
AIRFLOW_CTX_DAG_RUN_ID=manual__2024-08-01T21:58:01.565077+00:00
[2024-08-01T21:58:09.214+0000] {logging_mixin.py:137} INFO - Tempo de execução de download_data: 1.0632 segundos
[2024-08-01T21:58:17.570+0000] {logging_mixin.py:137} INFO - Arquivo salvo como /opt/***/data/bronze/2024.zip
[2024-08-01T21:58:17.572+0000] {logging_mixin.py:137} INFO - Tempo de execução de download_and_save_file: 8.3582 segundos
[2024-08-01T21:58:17.573+0000] {python.py:177} INFO - Done. Returned value was: /opt/***/data/bronze/2024.zip
[2024-08-01T21:58:17.591+0000] {taskinstance.py:1323} INFO - Marking task as SUCCESS. dag_id=dag_inmet, task_id=download_data, execution_date=20240801T215801, start_date=20240801T215808, end_date=20240801T215817
[2024-08-01T21:58:17.614+0000] {local_task_job.py:208} INFO - Task exited with return code 0
[2024-08-01T21:58:17.634+0000] {taskinstance.py:2578} INFO - 1 downstream tasks scheduled from follow-on schedule check
