[2024-07-02T17:18:58.250+0000] {taskinstance.py:1083} INFO - Dependencies all met for <TaskInstance: dummy.tsk1 manual__2024-07-02T17:18:57.245853+00:00 [queued]>
[2024-07-02T17:18:58.264+0000] {taskinstance.py:1083} INFO - Dependencies all met for <TaskInstance: dummy.tsk1 manual__2024-07-02T17:18:57.245853+00:00 [queued]>
[2024-07-02T17:18:58.264+0000] {taskinstance.py:1279} INFO - 
--------------------------------------------------------------------------------
[2024-07-02T17:18:58.264+0000] {taskinstance.py:1280} INFO - Starting attempt 1 of 1
[2024-07-02T17:18:58.264+0000] {taskinstance.py:1281} INFO - 
--------------------------------------------------------------------------------
[2024-07-02T17:18:58.278+0000] {taskinstance.py:1300} INFO - Executing <Task(BashOperator): tsk1> on 2024-07-02 17:18:57.245853+00:00
[2024-07-02T17:18:58.284+0000] {standard_task_runner.py:55} INFO - Started process 124 to run task
[2024-07-02T17:18:58.286+0000] {standard_task_runner.py:82} INFO - Running: ['***', 'tasks', 'run', 'dummy', 'tsk1', 'manual__2024-07-02T17:18:57.245853+00:00', '--job-id', '397', '--raw', '--subdir', 'DAGS_FOLDER/dummy.py', '--cfg-path', '/tmp/tmpie1uvkcr']
[2024-07-02T17:18:58.287+0000] {standard_task_runner.py:83} INFO - Job 397: Subtask tsk1
[2024-07-02T17:18:58.348+0000] {task_command.py:388} INFO - Running <TaskInstance: dummy.tsk1 manual__2024-07-02T17:18:57.245853+00:00 [running]> on host 81d771c1e353
[2024-07-02T17:18:58.429+0000] {taskinstance.py:1509} INFO - Exporting the following env vars:
AIRFLOW_CTX_DAG_OWNER=***
AIRFLOW_CTX_DAG_ID=dummy
AIRFLOW_CTX_TASK_ID=tsk1
AIRFLOW_CTX_EXECUTION_DATE=2024-07-02T17:18:57.245853+00:00
AIRFLOW_CTX_TRY_NUMBER=1
AIRFLOW_CTX_DAG_RUN_ID=manual__2024-07-02T17:18:57.245853+00:00
[2024-07-02T17:18:58.430+0000] {subprocess.py:63} INFO - Tmp dir root location: 
 /tmp
[2024-07-02T17:18:58.430+0000] {subprocess.py:75} INFO - Running command: ['/bin/bash', '-c', 'sleep 1']
[2024-07-02T17:18:58.444+0000] {subprocess.py:86} INFO - Output:
[2024-07-02T17:18:59.447+0000] {subprocess.py:97} INFO - Command exited with return code 0
[2024-07-02T17:18:59.471+0000] {taskinstance.py:1323} INFO - Marking task as SUCCESS. dag_id=dummy, task_id=tsk1, execution_date=20240702T171857, start_date=20240702T171858, end_date=20240702T171859
[2024-07-02T17:18:59.501+0000] {local_task_job.py:208} INFO - Task exited with return code 0
[2024-07-02T17:18:59.528+0000] {taskinstance.py:2578} INFO - 0 downstream tasks scheduled from follow-on schedule check
