[2024-07-02T17:54:47.342+0000] {taskinstance.py:1083} INFO - Dependencies all met for <TaskInstance: pool.tsk4 manual__2024-07-02T17:54:40.112047+00:00 [queued]>
[2024-07-02T17:54:47.351+0000] {taskinstance.py:1083} INFO - Dependencies all met for <TaskInstance: pool.tsk4 manual__2024-07-02T17:54:40.112047+00:00 [queued]>
[2024-07-02T17:54:47.352+0000] {taskinstance.py:1279} INFO - 
--------------------------------------------------------------------------------
[2024-07-02T17:54:47.352+0000] {taskinstance.py:1280} INFO - Starting attempt 1 of 1
[2024-07-02T17:54:47.352+0000] {taskinstance.py:1281} INFO - 
--------------------------------------------------------------------------------
[2024-07-02T17:54:47.365+0000] {taskinstance.py:1300} INFO - Executing <Task(BashOperator): tsk4> on 2024-07-02 17:54:40.112047+00:00
[2024-07-02T17:54:47.370+0000] {standard_task_runner.py:55} INFO - Started process 129 to run task
[2024-07-02T17:54:47.372+0000] {standard_task_runner.py:82} INFO - Running: ['***', 'tasks', 'run', 'pool', 'tsk4', 'manual__2024-07-02T17:54:40.112047+00:00', '--job-id', '474', '--raw', '--subdir', 'DAGS_FOLDER/poools.py', '--cfg-path', '/tmp/tmp70_1044z']
[2024-07-02T17:54:47.372+0000] {standard_task_runner.py:83} INFO - Job 474: Subtask tsk4
[2024-07-02T17:54:47.413+0000] {task_command.py:388} INFO - Running <TaskInstance: pool.tsk4 manual__2024-07-02T17:54:40.112047+00:00 [running]> on host 5b516da91440
[2024-07-02T17:54:47.467+0000] {taskinstance.py:1509} INFO - Exporting the following env vars:
AIRFLOW_CTX_DAG_OWNER=***
AIRFLOW_CTX_DAG_ID=pool
AIRFLOW_CTX_TASK_ID=tsk4
AIRFLOW_CTX_EXECUTION_DATE=2024-07-02T17:54:40.112047+00:00
AIRFLOW_CTX_TRY_NUMBER=1
AIRFLOW_CTX_DAG_RUN_ID=manual__2024-07-02T17:54:40.112047+00:00
[2024-07-02T17:54:47.468+0000] {subprocess.py:63} INFO - Tmp dir root location: 
 /tmp
[2024-07-02T17:54:47.468+0000] {subprocess.py:75} INFO - Running command: ['/bin/bash', '-c', 'sleep 1']
[2024-07-02T17:54:47.479+0000] {subprocess.py:86} INFO - Output:
[2024-07-02T17:54:48.482+0000] {subprocess.py:97} INFO - Command exited with return code 0
[2024-07-02T17:54:48.530+0000] {taskinstance.py:1323} INFO - Marking task as SUCCESS. dag_id=pool, task_id=tsk4, execution_date=20240702T175440, start_date=20240702T175447, end_date=20240702T175448
[2024-07-02T17:54:48.547+0000] {local_task_job.py:208} INFO - Task exited with return code 0
[2024-07-02T17:54:48.559+0000] {taskinstance.py:2578} INFO - 0 downstream tasks scheduled from follow-on schedule check
