[2024-07-10T15:28:50.547+0000] {taskinstance.py:1083} INFO - Dependencies all met for <TaskInstance: windturbine.group_database.create_table manual__2024-07-10T15:28:47.291503+00:00 [queued]>
[2024-07-10T15:28:50.555+0000] {taskinstance.py:1083} INFO - Dependencies all met for <TaskInstance: windturbine.group_database.create_table manual__2024-07-10T15:28:47.291503+00:00 [queued]>
[2024-07-10T15:28:50.555+0000] {taskinstance.py:1279} INFO - 
--------------------------------------------------------------------------------
[2024-07-10T15:28:50.555+0000] {taskinstance.py:1280} INFO - Starting attempt 1 of 1
[2024-07-10T15:28:50.555+0000] {taskinstance.py:1281} INFO - 
--------------------------------------------------------------------------------
[2024-07-10T15:28:50.566+0000] {taskinstance.py:1300} INFO - Executing <Task(PostgresOperator): group_database.create_table> on 2024-07-10 15:28:47.291503+00:00
[2024-07-10T15:28:50.572+0000] {standard_task_runner.py:55} INFO - Started process 2301 to run task
[2024-07-10T15:28:50.574+0000] {standard_task_runner.py:82} INFO - Running: ['***', 'tasks', 'run', 'windturbine', 'group_database.create_table', 'manual__2024-07-10T15:28:47.291503+00:00', '--job-id', '828', '--raw', '--subdir', 'DAGS_FOLDER/windturbine.py', '--cfg-path', '/tmp/tmp_czwcynn']
[2024-07-10T15:28:50.575+0000] {standard_task_runner.py:83} INFO - Job 828: Subtask group_database.create_table
[2024-07-10T15:28:50.620+0000] {task_command.py:388} INFO - Running <TaskInstance: windturbine.group_database.create_table manual__2024-07-10T15:28:47.291503+00:00 [running]> on host 2051c12a5a3c
[2024-07-10T15:28:50.673+0000] {taskinstance.py:1509} INFO - Exporting the following env vars:
AIRFLOW_CTX_DAG_OWNER=***
AIRFLOW_CTX_DAG_ID=windturbine
AIRFLOW_CTX_TASK_ID=group_database.create_table
AIRFLOW_CTX_EXECUTION_DATE=2024-07-10T15:28:47.291503+00:00
AIRFLOW_CTX_TRY_NUMBER=1
AIRFLOW_CTX_DAG_RUN_ID=manual__2024-07-10T15:28:47.291503+00:00
[2024-07-10T15:28:50.674+0000] {sql.py:254} INFO - Executing: 
                                create table if not exists
                                sensors (idtemp varchar, powerfactor varchar,
                                hydraulicpressure varchar, temperature varchar,
                                timestamp varchar)
                                
[2024-07-10T15:28:50.680+0000] {base.py:73} INFO - Using connection ID 'postgres' for task execution.
[2024-07-10T15:28:50.872+0000] {base.py:73} INFO - Using connection ID 'postgres' for task execution.
[2024-07-10T15:28:50.874+0000] {sql.py:375} INFO - Running statement: 
                                create table if not exists
                                sensors (idtemp varchar, powerfactor varchar,
                                hydraulicpressure varchar, temperature varchar,
                                timestamp varchar)
                                , parameters: None
[2024-07-10T15:28:50.881+0000] {taskinstance.py:1323} INFO - Marking task as SUCCESS. dag_id=windturbine, task_id=group_database.create_table, execution_date=20240710T152847, start_date=20240710T152850, end_date=20240710T152850
[2024-07-10T15:28:50.907+0000] {local_task_job.py:208} INFO - Task exited with return code 0
[2024-07-10T15:28:50.925+0000] {taskinstance.py:2578} INFO - 1 downstream tasks scheduled from follow-on schedule check
