[2024-07-03T13:51:05.688+0000] {taskinstance.py:1083} INFO - Dependencies all met for <TaskInstance: bancodedados.insert_data manual__2024-07-03T13:51:03.482588+00:00 [queued]>
[2024-07-03T13:51:05.703+0000] {taskinstance.py:1083} INFO - Dependencies all met for <TaskInstance: bancodedados.insert_data manual__2024-07-03T13:51:03.482588+00:00 [queued]>
[2024-07-03T13:51:05.703+0000] {taskinstance.py:1279} INFO - 
--------------------------------------------------------------------------------
[2024-07-03T13:51:05.704+0000] {taskinstance.py:1280} INFO - Starting attempt 1 of 1
[2024-07-03T13:51:05.704+0000] {taskinstance.py:1281} INFO - 
--------------------------------------------------------------------------------
[2024-07-03T13:51:05.723+0000] {taskinstance.py:1300} INFO - Executing <Task(PostgresOperator): insert_data> on 2024-07-03 13:51:03.482588+00:00
[2024-07-03T13:51:05.730+0000] {standard_task_runner.py:55} INFO - Started process 6004 to run task
[2024-07-03T13:51:05.732+0000] {standard_task_runner.py:82} INFO - Running: ['***', 'tasks', 'run', 'bancodedados', 'insert_data', 'manual__2024-07-03T13:51:03.482588+00:00', '--job-id', '768', '--raw', '--subdir', 'DAGS_FOLDER/bancodedados.py', '--cfg-path', '/tmp/tmpa384qked']
[2024-07-03T13:51:05.732+0000] {standard_task_runner.py:83} INFO - Job 768: Subtask insert_data
[2024-07-03T13:51:05.782+0000] {task_command.py:388} INFO - Running <TaskInstance: bancodedados.insert_data manual__2024-07-03T13:51:03.482588+00:00 [running]> on host 6932124ae65a
[2024-07-03T13:51:05.866+0000] {taskinstance.py:1509} INFO - Exporting the following env vars:
AIRFLOW_CTX_DAG_OWNER=***
AIRFLOW_CTX_DAG_ID=bancodedados
AIRFLOW_CTX_TASK_ID=insert_data
AIRFLOW_CTX_EXECUTION_DATE=2024-07-03T13:51:03.482588+00:00
AIRFLOW_CTX_TRY_NUMBER=1
AIRFLOW_CTX_DAG_RUN_ID=manual__2024-07-03T13:51:03.482588+00:00
[2024-07-03T13:51:05.867+0000] {sql.py:254} INFO - Executing: insert into teste values(1);
[2024-07-03T13:51:05.876+0000] {base.py:73} INFO - Using connection ID 'postgres' for task execution.
[2024-07-03T13:51:06.107+0000] {base.py:73} INFO - Using connection ID 'postgres' for task execution.
[2024-07-03T13:51:06.112+0000] {sql.py:375} INFO - Running statement: insert into teste values(1);, parameters: None
[2024-07-03T13:51:06.113+0000] {sql.py:384} INFO - Rows affected: 1
[2024-07-03T13:51:06.131+0000] {taskinstance.py:1323} INFO - Marking task as SUCCESS. dag_id=bancodedados, task_id=insert_data, execution_date=20240703T135103, start_date=20240703T135105, end_date=20240703T135106
[2024-07-03T13:51:06.185+0000] {local_task_job.py:208} INFO - Task exited with return code 0
[2024-07-03T13:51:06.224+0000] {taskinstance.py:2578} INFO - 1 downstream tasks scheduled from follow-on schedule check
