[2024-08-29T20:57:34.983+0000] {taskinstance.py:1083} INFO - Dependencies all met for <TaskInstance: dag_gold_ts.wait_for_dag_inmet scheduled__2024-07-29T20:57:00+00:00 [queued]>
[2024-08-29T20:57:34.990+0000] {taskinstance.py:1083} INFO - Dependencies all met for <TaskInstance: dag_gold_ts.wait_for_dag_inmet scheduled__2024-07-29T20:57:00+00:00 [queued]>
[2024-08-29T20:57:34.990+0000] {taskinstance.py:1279} INFO - 
--------------------------------------------------------------------------------
[2024-08-29T20:57:34.990+0000] {taskinstance.py:1280} INFO - Starting attempt 1 of 1
[2024-08-29T20:57:34.990+0000] {taskinstance.py:1281} INFO - 
--------------------------------------------------------------------------------
[2024-08-29T20:57:35.003+0000] {taskinstance.py:1300} INFO - Executing <Task(ExternalTaskSensor): wait_for_dag_inmet> on 2024-07-29 20:57:00+00:00
[2024-08-29T20:57:35.010+0000] {standard_task_runner.py:55} INFO - Started process 14929 to run task
[2024-08-29T20:57:35.012+0000] {standard_task_runner.py:82} INFO - Running: ['***', 'tasks', 'run', 'dag_gold_ts', 'wait_for_dag_inmet', 'scheduled__2024-07-29T20:57:00+00:00', '--job-id', '13491', '--raw', '--subdir', 'DAGS_FOLDER/dag_ts_inmet.py', '--cfg-path', '/tmp/tmpnbnyssgg']
[2024-08-29T20:57:35.014+0000] {standard_task_runner.py:83} INFO - Job 13491: Subtask wait_for_dag_inmet
[2024-08-29T20:57:35.069+0000] {task_command.py:388} INFO - Running <TaskInstance: dag_gold_ts.wait_for_dag_inmet scheduled__2024-07-29T20:57:00+00:00 [running]> on host 9245b3dbdda8
[2024-08-29T20:57:35.127+0000] {taskinstance.py:1509} INFO - Exporting the following env vars:
AIRFLOW_CTX_DAG_OWNER=***
AIRFLOW_CTX_DAG_ID=dag_gold_ts
AIRFLOW_CTX_TASK_ID=wait_for_dag_inmet
AIRFLOW_CTX_EXECUTION_DATE=2024-07-29T20:57:00+00:00
AIRFLOW_CTX_TRY_NUMBER=1
AIRFLOW_CTX_DAG_RUN_ID=scheduled__2024-07-29T20:57:00+00:00
[2024-08-29T20:57:35.127+0000] {external_task.py:209} INFO - Poking for tasks ['send_email_results'] in dag dag_inmet on 2024-07-29T20:57:00+00:00 ... 
[2024-08-29T20:58:35.194+0000] {external_task.py:209} INFO - Poking for tasks ['send_email_results'] in dag dag_inmet on 2024-07-29T20:57:00+00:00 ... 
[2024-08-29T20:59:35.247+0000] {external_task.py:209} INFO - Poking for tasks ['send_email_results'] in dag dag_inmet on 2024-07-29T20:57:00+00:00 ... 
[2024-08-29T21:00:35.313+0000] {external_task.py:209} INFO - Poking for tasks ['send_email_results'] in dag dag_inmet on 2024-07-29T20:57:00+00:00 ... 
[2024-08-29T21:01:35.379+0000] {external_task.py:209} INFO - Poking for tasks ['send_email_results'] in dag dag_inmet on 2024-07-29T20:57:00+00:00 ... 
[2024-08-29T21:02:35.444+0000] {external_task.py:209} INFO - Poking for tasks ['send_email_results'] in dag dag_inmet on 2024-07-29T20:57:00+00:00 ... 
[2024-08-29T21:03:35.510+0000] {external_task.py:209} INFO - Poking for tasks ['send_email_results'] in dag dag_inmet on 2024-07-29T20:57:00+00:00 ... 
[2024-08-29T21:04:35.576+0000] {external_task.py:209} INFO - Poking for tasks ['send_email_results'] in dag dag_inmet on 2024-07-29T20:57:00+00:00 ... 
[2024-08-29T21:05:35.642+0000] {external_task.py:209} INFO - Poking for tasks ['send_email_results'] in dag dag_inmet on 2024-07-29T20:57:00+00:00 ... 
[2024-08-29T21:06:35.708+0000] {external_task.py:209} INFO - Poking for tasks ['send_email_results'] in dag dag_inmet on 2024-07-29T20:57:00+00:00 ... 
[2024-08-29T21:07:35.775+0000] {external_task.py:209} INFO - Poking for tasks ['send_email_results'] in dag dag_inmet on 2024-07-29T20:57:00+00:00 ... 
[2024-08-29T21:08:35.841+0000] {external_task.py:209} INFO - Poking for tasks ['send_email_results'] in dag dag_inmet on 2024-07-29T20:57:00+00:00 ... 
[2024-08-29T21:09:35.907+0000] {external_task.py:209} INFO - Poking for tasks ['send_email_results'] in dag dag_inmet on 2024-07-29T20:57:00+00:00 ... 
[2024-08-29T21:10:35.973+0000] {external_task.py:209} INFO - Poking for tasks ['send_email_results'] in dag dag_inmet on 2024-07-29T20:57:00+00:00 ... 
[2024-08-29T21:11:36.040+0000] {external_task.py:209} INFO - Poking for tasks ['send_email_results'] in dag dag_inmet on 2024-07-29T20:57:00+00:00 ... 
[2024-08-29T21:12:36.106+0000] {external_task.py:209} INFO - Poking for tasks ['send_email_results'] in dag dag_inmet on 2024-07-29T20:57:00+00:00 ... 
[2024-08-29T21:13:36.172+0000] {external_task.py:209} INFO - Poking for tasks ['send_email_results'] in dag dag_inmet on 2024-07-29T20:57:00+00:00 ... 
[2024-08-29T21:14:36.241+0000] {external_task.py:209} INFO - Poking for tasks ['send_email_results'] in dag dag_inmet on 2024-07-29T20:57:00+00:00 ... 
[2024-08-29T21:15:36.307+0000] {external_task.py:209} INFO - Poking for tasks ['send_email_results'] in dag dag_inmet on 2024-07-29T20:57:00+00:00 ... 
[2024-08-29T21:16:36.373+0000] {external_task.py:209} INFO - Poking for tasks ['send_email_results'] in dag dag_inmet on 2024-07-29T20:57:00+00:00 ... 
[2024-08-29T21:17:36.440+0000] {external_task.py:209} INFO - Poking for tasks ['send_email_results'] in dag dag_inmet on 2024-07-29T20:57:00+00:00 ... 
[2024-08-29T21:18:36.525+0000] {external_task.py:209} INFO - Poking for tasks ['send_email_results'] in dag dag_inmet on 2024-07-29T20:57:00+00:00 ... 
[2024-08-29T21:19:36.593+0000] {external_task.py:209} INFO - Poking for tasks ['send_email_results'] in dag dag_inmet on 2024-07-29T20:57:00+00:00 ... 
[2024-08-29T21:20:36.618+0000] {external_task.py:209} INFO - Poking for tasks ['send_email_results'] in dag dag_inmet on 2024-07-29T20:57:00+00:00 ... 
[2024-08-29T21:21:36.633+0000] {external_task.py:209} INFO - Poking for tasks ['send_email_results'] in dag dag_inmet on 2024-07-29T20:57:00+00:00 ... 
[2024-08-29T21:22:36.700+0000] {external_task.py:209} INFO - Poking for tasks ['send_email_results'] in dag dag_inmet on 2024-07-29T20:57:00+00:00 ... 
[2024-08-29T21:23:36.768+0000] {external_task.py:209} INFO - Poking for tasks ['send_email_results'] in dag dag_inmet on 2024-07-29T20:57:00+00:00 ... 
[2024-08-29T21:24:36.834+0000] {external_task.py:209} INFO - Poking for tasks ['send_email_results'] in dag dag_inmet on 2024-07-29T20:57:00+00:00 ... 
[2024-08-29T21:25:36.919+0000] {external_task.py:209} INFO - Poking for tasks ['send_email_results'] in dag dag_inmet on 2024-07-29T20:57:00+00:00 ... 
[2024-08-29T21:26:36.985+0000] {external_task.py:209} INFO - Poking for tasks ['send_email_results'] in dag dag_inmet on 2024-07-29T20:57:00+00:00 ... 
[2024-08-29T21:27:37.051+0000] {external_task.py:209} INFO - Poking for tasks ['send_email_results'] in dag dag_inmet on 2024-07-29T20:57:00+00:00 ... 
[2024-08-29T21:28:37.068+0000] {external_task.py:209} INFO - Poking for tasks ['send_email_results'] in dag dag_inmet on 2024-07-29T20:57:00+00:00 ... 
[2024-08-29T21:29:37.139+0000] {external_task.py:209} INFO - Poking for tasks ['send_email_results'] in dag dag_inmet on 2024-07-29T20:57:00+00:00 ... 
[2024-08-29T21:30:03.233+0000] {local_task_job.py:273} WARNING - State of this instance has been externally set to failed. Terminating instance.
[2024-08-29T21:30:03.234+0000] {process_utils.py:133} INFO - Sending Signals.SIGTERM to group 14929. PIDs of all processes in the group: [14929]
[2024-08-29T21:30:03.234+0000] {process_utils.py:84} INFO - Sending the signal Signals.SIGTERM to group 14929
[2024-08-29T21:30:03.234+0000] {taskinstance.py:1479} ERROR - Received SIGTERM. Terminating subprocesses.
[2024-08-29T21:30:03.260+0000] {process_utils.py:79} INFO - Process psutil.Process(pid=14929, status='terminated', exitcode=0, started='20:57:34') (14929) terminated with exit code 0
