[2024-08-22T13:37:00.963+0000] {taskinstance.py:1083} INFO - Dependencies all met for <TaskInstance: sarima_forecast_dag.run_sarima_forecast manual__2024-08-22T13:36:53.495827+00:00 [queued]>
[2024-08-22T13:37:00.974+0000] {taskinstance.py:1083} INFO - Dependencies all met for <TaskInstance: sarima_forecast_dag.run_sarima_forecast manual__2024-08-22T13:36:53.495827+00:00 [queued]>
[2024-08-22T13:37:00.974+0000] {taskinstance.py:1279} INFO - 
--------------------------------------------------------------------------------
[2024-08-22T13:37:00.974+0000] {taskinstance.py:1280} INFO - Starting attempt 1 of 2
[2024-08-22T13:37:00.974+0000] {taskinstance.py:1281} INFO - 
--------------------------------------------------------------------------------
[2024-08-22T13:37:00.985+0000] {taskinstance.py:1300} INFO - Executing <Task(PythonOperator): run_sarima_forecast> on 2024-08-22 13:36:53.495827+00:00
[2024-08-22T13:37:00.991+0000] {standard_task_runner.py:55} INFO - Started process 223 to run task
[2024-08-22T13:37:00.993+0000] {standard_task_runner.py:82} INFO - Running: ['***', 'tasks', 'run', 'sarima_forecast_dag', 'run_sarima_forecast', 'manual__2024-08-22T13:36:53.495827+00:00', '--job-id', '10539', '--raw', '--subdir', 'DAGS_FOLDER/dag_forecast_ts_rainfall.py', '--cfg-path', '/tmp/tmpinx1mcj3']
[2024-08-22T13:37:00.995+0000] {standard_task_runner.py:83} INFO - Job 10539: Subtask run_sarima_forecast
[2024-08-22T13:37:01.032+0000] {task_command.py:388} INFO - Running <TaskInstance: sarima_forecast_dag.run_sarima_forecast manual__2024-08-22T13:36:53.495827+00:00 [running]> on host 5bff7f979a0c
[2024-08-22T13:37:01.077+0000] {taskinstance.py:1509} INFO - Exporting the following env vars:
AIRFLOW_CTX_DAG_OWNER=***
AIRFLOW_CTX_DAG_ID=sarima_forecast_dag
AIRFLOW_CTX_TASK_ID=run_sarima_forecast
AIRFLOW_CTX_EXECUTION_DATE=2024-08-22T13:36:53.495827+00:00
AIRFLOW_CTX_TRY_NUMBER=1
AIRFLOW_CTX_DAG_RUN_ID=manual__2024-08-22T13:36:53.495827+00:00
[2024-08-22T13:37:01.078+0000] {taskinstance.py:1768} ERROR - Task failed with exception
Traceback (most recent call last):
  File "/home/airflow/.local/lib/python3.7/site-packages/airflow/operators/python.py", line 175, in execute
    return_value = self.execute_callable()
  File "/home/airflow/.local/lib/python3.7/site-packages/airflow/operators/python.py", line 192, in execute_callable
    return self.python_callable(*self.op_args, **self.op_kwargs)
  File "/opt/airflow/dags/dag_forecast_ts_rainfall.py", line 14, in run_sarima_forecast
    sarima_plugin.load_model()
  File "/opt/airflow/plugins/forecast_ts_rainfall_plugin.py", line 15, in load_model
    self.sarima_model = pickle.load(file)
ModuleNotFoundError: No module named 'statsmodels'
[2024-08-22T13:37:01.083+0000] {taskinstance.py:1323} INFO - Marking task as UP_FOR_RETRY. dag_id=sarima_forecast_dag, task_id=run_sarima_forecast, execution_date=20240822T133653, start_date=20240822T133700, end_date=20240822T133701
[2024-08-22T13:37:01.091+0000] {standard_task_runner.py:105} ERROR - Failed to execute job 10539 for task run_sarima_forecast (No module named 'statsmodels'; 223)
[2024-08-22T13:37:01.125+0000] {local_task_job.py:208} INFO - Task exited with return code 1
[2024-08-22T13:37:01.137+0000] {taskinstance.py:2578} INFO - 0 downstream tasks scheduled from follow-on schedule check
