[2024-07-30T13:05:05.893+0000] {taskinstance.py:1083} INFO - Dependencies all met for <TaskInstance: dag_inmet.download_data manual__2024-07-30T13:05:03.386041+00:00 [queued]>
[2024-07-30T13:05:05.900+0000] {taskinstance.py:1083} INFO - Dependencies all met for <TaskInstance: dag_inmet.download_data manual__2024-07-30T13:05:03.386041+00:00 [queued]>
[2024-07-30T13:05:05.900+0000] {taskinstance.py:1279} INFO - 
--------------------------------------------------------------------------------
[2024-07-30T13:05:05.900+0000] {taskinstance.py:1280} INFO - Starting attempt 1 of 1
[2024-07-30T13:05:05.900+0000] {taskinstance.py:1281} INFO - 
--------------------------------------------------------------------------------
[2024-07-30T13:05:05.910+0000] {taskinstance.py:1300} INFO - Executing <Task(PythonOperator): download_data> on 2024-07-30 13:05:03.386041+00:00
[2024-07-30T13:05:05.915+0000] {standard_task_runner.py:55} INFO - Started process 101 to run task
[2024-07-30T13:05:05.916+0000] {standard_task_runner.py:82} INFO - Running: ['***', 'tasks', 'run', 'dag_inmet', 'download_data', 'manual__2024-07-30T13:05:03.386041+00:00', '--job-id', '2243', '--raw', '--subdir', 'DAGS_FOLDER/dag_inmet.py', '--cfg-path', '/tmp/tmpxxih9hqo']
[2024-07-30T13:05:05.918+0000] {standard_task_runner.py:83} INFO - Job 2243: Subtask download_data
[2024-07-30T13:05:05.954+0000] {task_command.py:388} INFO - Running <TaskInstance: dag_inmet.download_data manual__2024-07-30T13:05:03.386041+00:00 [running]> on host 0a4609cc23ee
[2024-07-30T13:05:06.011+0000] {taskinstance.py:1509} INFO - Exporting the following env vars:
AIRFLOW_CTX_DAG_OWNER=***
AIRFLOW_CTX_DAG_ID=dag_inmet
AIRFLOW_CTX_TASK_ID=download_data
AIRFLOW_CTX_EXECUTION_DATE=2024-07-30T13:05:03.386041+00:00
AIRFLOW_CTX_TRY_NUMBER=1
AIRFLOW_CTX_DAG_RUN_ID=manual__2024-07-30T13:05:03.386041+00:00
[2024-07-30T13:05:07.129+0000] {logging_mixin.py:137} INFO - Tempo de execução de download_data: 1.1174 segundos
[2024-07-30T13:05:16.722+0000] {logging_mixin.py:137} INFO - Arquivo salvo como /opt/***/data/bronze/2024.zip
[2024-07-30T13:05:16.724+0000] {logging_mixin.py:137} INFO - Tempo de execução de download_and_save_file: 9.5951 segundos
[2024-07-30T13:05:16.725+0000] {python.py:177} INFO - Done. Returned value was: /opt/***/data/bronze/2024.zip
[2024-07-30T13:05:16.740+0000] {taskinstance.py:1323} INFO - Marking task as SUCCESS. dag_id=dag_inmet, task_id=download_data, execution_date=20240730T130503, start_date=20240730T130505, end_date=20240730T130516
[2024-07-30T13:05:16.782+0000] {local_task_job.py:208} INFO - Task exited with return code 0
[2024-07-30T13:05:16.797+0000] {taskinstance.py:2578} INFO - 1 downstream tasks scheduled from follow-on schedule check
