[2024-07-10T15:12:39.807+0000] {taskinstance.py:1083} INFO - Dependencies all met for <TaskInstance: windturbine.get_Data manual__2024-07-10T15:11:56.827820+00:00 [queued]>
[2024-07-10T15:12:39.817+0000] {taskinstance.py:1083} INFO - Dependencies all met for <TaskInstance: windturbine.get_Data manual__2024-07-10T15:11:56.827820+00:00 [queued]>
[2024-07-10T15:12:39.817+0000] {taskinstance.py:1279} INFO - 
--------------------------------------------------------------------------------
[2024-07-10T15:12:39.817+0000] {taskinstance.py:1280} INFO - Starting attempt 1 of 2
[2024-07-10T15:12:39.817+0000] {taskinstance.py:1281} INFO - 
--------------------------------------------------------------------------------
[2024-07-10T15:12:39.829+0000] {taskinstance.py:1300} INFO - Executing <Task(PythonOperator): get_Data> on 2024-07-10 15:11:56.827820+00:00
[2024-07-10T15:12:39.836+0000] {standard_task_runner.py:55} INFO - Started process 564 to run task
[2024-07-10T15:12:39.838+0000] {standard_task_runner.py:82} INFO - Running: ['***', 'tasks', 'run', 'windturbine', 'get_Data', 'manual__2024-07-10T15:11:56.827820+00:00', '--job-id', '795', '--raw', '--subdir', 'DAGS_FOLDER/windturbine.py', '--cfg-path', '/tmp/tmpevphprxi']
[2024-07-10T15:12:39.840+0000] {standard_task_runner.py:83} INFO - Job 795: Subtask get_Data
[2024-07-10T15:12:39.884+0000] {task_command.py:388} INFO - Running <TaskInstance: windturbine.get_Data manual__2024-07-10T15:11:56.827820+00:00 [running]> on host 2051c12a5a3c
[2024-07-10T15:12:39.937+0000] {taskinstance.py:1509} INFO - Exporting the following env vars:
AIRFLOW_CTX_DAG_EMAIL=testeskleuber@gmail.com
AIRFLOW_CTX_DAG_OWNER=***
AIRFLOW_CTX_DAG_ID=windturbine
AIRFLOW_CTX_TASK_ID=get_Data
AIRFLOW_CTX_EXECUTION_DATE=2024-07-10T15:11:56.827820+00:00
AIRFLOW_CTX_TRY_NUMBER=1
AIRFLOW_CTX_DAG_RUN_ID=manual__2024-07-10T15:11:56.827820+00:00
[2024-07-10T15:12:39.988+0000] {python.py:177} INFO - Done. Returned value was: None
[2024-07-10T15:12:39.994+0000] {taskinstance.py:1323} INFO - Marking task as SUCCESS. dag_id=windturbine, task_id=get_Data, execution_date=20240710T151156, start_date=20240710T151239, end_date=20240710T151239
[2024-07-10T15:12:40.010+0000] {local_task_job.py:208} INFO - Task exited with return code 0
[2024-07-10T15:12:40.036+0000] {taskinstance.py:2578} INFO - 2 downstream tasks scheduled from follow-on schedule check
