[2024-08-21T19:12:17.008+0000] {taskinstance.py:1083} INFO - Dependencies all met for <TaskInstance: dag_gold_ts.send_email_results manual__2024-08-21T19:10:40.801894+00:00 [queued]>
[2024-08-21T19:12:17.015+0000] {taskinstance.py:1083} INFO - Dependencies all met for <TaskInstance: dag_gold_ts.send_email_results manual__2024-08-21T19:10:40.801894+00:00 [queued]>
[2024-08-21T19:12:17.015+0000] {taskinstance.py:1279} INFO - 
--------------------------------------------------------------------------------
[2024-08-21T19:12:17.015+0000] {taskinstance.py:1280} INFO - Starting attempt 1 of 1
[2024-08-21T19:12:17.016+0000] {taskinstance.py:1281} INFO - 
--------------------------------------------------------------------------------
[2024-08-21T19:12:17.026+0000] {taskinstance.py:1300} INFO - Executing <Task(PythonOperator): send_email_results> on 2024-08-21 19:10:40.801894+00:00
[2024-08-21T19:12:17.032+0000] {standard_task_runner.py:55} INFO - Started process 5949 to run task
[2024-08-21T19:12:17.034+0000] {standard_task_runner.py:82} INFO - Running: ['***', 'tasks', 'run', 'dag_gold_ts', 'send_email_results', 'manual__2024-08-21T19:10:40.801894+00:00', '--job-id', '10402', '--raw', '--subdir', 'DAGS_FOLDER/dag_ts_inmet.py', '--cfg-path', '/tmp/tmpmb3y35xg']
[2024-08-21T19:12:17.036+0000] {standard_task_runner.py:83} INFO - Job 10402: Subtask send_email_results
[2024-08-21T19:12:17.076+0000] {task_command.py:388} INFO - Running <TaskInstance: dag_gold_ts.send_email_results manual__2024-08-21T19:10:40.801894+00:00 [running]> on host 2ffd484bc8a9
[2024-08-21T19:12:17.124+0000] {taskinstance.py:1509} INFO - Exporting the following env vars:
AIRFLOW_CTX_DAG_OWNER=***
AIRFLOW_CTX_DAG_ID=dag_gold_ts
AIRFLOW_CTX_TASK_ID=send_email_results
AIRFLOW_CTX_EXECUTION_DATE=2024-08-21T19:10:40.801894+00:00
AIRFLOW_CTX_TRY_NUMBER=1
AIRFLOW_CTX_DAG_RUN_ID=manual__2024-08-21T19:10:40.801894+00:00
[2024-08-21T19:12:17.134+0000] {taskinstance.py:1768} ERROR - Task failed with exception
Traceback (most recent call last):
  File "/home/airflow/.local/lib/python3.7/site-packages/airflow/operators/python.py", line 175, in execute
    return_value = self.execute_callable()
  File "/home/airflow/.local/lib/python3.7/site-packages/airflow/operators/python.py", line 192, in execute_callable
    return self.python_callable(*self.op_args, **self.op_kwargs)
  File "/opt/airflow/dags/dag_ts_inmet.py", line 52, in send_email_with_precipitation
    raise KeyError("Configuração 'smtp' não encontrada no arquivo de configuração.")
KeyError: "Configuração 'smtp' não encontrada no arquivo de configuração."
[2024-08-21T19:12:17.141+0000] {taskinstance.py:1323} INFO - Marking task as FAILED. dag_id=dag_gold_ts, task_id=send_email_results, execution_date=20240821T191040, start_date=20240821T191217, end_date=20240821T191217
[2024-08-21T19:12:17.153+0000] {standard_task_runner.py:105} ERROR - Failed to execute job 10402 for task send_email_results ("Configuração 'smtp' não encontrada no arquivo de configuração."; 5949)
[2024-08-21T19:12:17.166+0000] {local_task_job.py:208} INFO - Task exited with return code 1
[2024-08-21T19:12:17.181+0000] {taskinstance.py:2578} INFO - 0 downstream tasks scheduled from follow-on schedule check
