[2024-08-27T13:53:54.047+0000] {taskinstance.py:1083} INFO - Dependencies all met for <TaskInstance: dag_inmet.download_data manual__2024-08-27T13:53:46.732310+00:00 [queued]>
[2024-08-27T13:53:54.055+0000] {taskinstance.py:1083} INFO - Dependencies all met for <TaskInstance: dag_inmet.download_data manual__2024-08-27T13:53:46.732310+00:00 [queued]>
[2024-08-27T13:53:54.055+0000] {taskinstance.py:1279} INFO - 
--------------------------------------------------------------------------------
[2024-08-27T13:53:54.055+0000] {taskinstance.py:1280} INFO - Starting attempt 1 of 1
[2024-08-27T13:53:54.055+0000] {taskinstance.py:1281} INFO - 
--------------------------------------------------------------------------------
[2024-08-27T13:53:54.065+0000] {taskinstance.py:1300} INFO - Executing <Task(PythonOperator): download_data> on 2024-08-27 13:53:46.732310+00:00
[2024-08-27T13:53:54.071+0000] {standard_task_runner.py:55} INFO - Started process 226 to run task
[2024-08-27T13:53:54.073+0000] {standard_task_runner.py:82} INFO - Running: ['***', 'tasks', 'run', 'dag_inmet', 'download_data', 'manual__2024-08-27T13:53:46.732310+00:00', '--job-id', '11743', '--raw', '--subdir', 'DAGS_FOLDER/dag_inmet.py', '--cfg-path', '/tmp/tmp212vsj92']
[2024-08-27T13:53:54.075+0000] {standard_task_runner.py:83} INFO - Job 11743: Subtask download_data
[2024-08-27T13:53:54.119+0000] {task_command.py:388} INFO - Running <TaskInstance: dag_inmet.download_data manual__2024-08-27T13:53:46.732310+00:00 [running]> on host d388acb47904
[2024-08-27T13:53:54.174+0000] {taskinstance.py:1509} INFO - Exporting the following env vars:
AIRFLOW_CTX_DAG_OWNER=***
AIRFLOW_CTX_DAG_ID=dag_inmet
AIRFLOW_CTX_TASK_ID=download_data
AIRFLOW_CTX_EXECUTION_DATE=2024-08-27T13:53:46.732310+00:00
AIRFLOW_CTX_TRY_NUMBER=1
AIRFLOW_CTX_DAG_RUN_ID=manual__2024-08-27T13:53:46.732310+00:00
[2024-08-27T13:53:55.345+0000] {logging_mixin.py:137} INFO - Tempo de execução de download_data: 1.1708 segundos
[2024-08-27T13:54:16.412+0000] {logging_mixin.py:137} INFO - Arquivo salvo como /opt/***/data/bronze/inmet/2024.zip
[2024-08-27T13:54:16.415+0000] {logging_mixin.py:137} INFO - Tempo de execução de download_and_save_file: 21.0698 segundos
[2024-08-27T13:54:16.433+0000] {python.py:177} INFO - Done. Returned value was: /opt/***/data/bronze/inmet/2024.zip
[2024-08-27T13:54:16.447+0000] {taskinstance.py:1323} INFO - Marking task as SUCCESS. dag_id=dag_inmet, task_id=download_data, execution_date=20240827T135346, start_date=20240827T135354, end_date=20240827T135416
[2024-08-27T13:54:16.473+0000] {local_task_job.py:208} INFO - Task exited with return code 0
[2024-08-27T13:54:16.495+0000] {taskinstance.py:2578} INFO - 1 downstream tasks scheduled from follow-on schedule check
