[2024-07-30T13:01:29.826+0000] {taskinstance.py:1083} INFO - Dependencies all met for <TaskInstance: dag_inmet.download_data manual__2024-07-30T13:01:21.555951+00:00 [queued]>
[2024-07-30T13:01:29.834+0000] {taskinstance.py:1083} INFO - Dependencies all met for <TaskInstance: dag_inmet.download_data manual__2024-07-30T13:01:21.555951+00:00 [queued]>
[2024-07-30T13:01:29.834+0000] {taskinstance.py:1279} INFO - 
--------------------------------------------------------------------------------
[2024-07-30T13:01:29.834+0000] {taskinstance.py:1280} INFO - Starting attempt 1 of 1
[2024-07-30T13:01:29.834+0000] {taskinstance.py:1281} INFO - 
--------------------------------------------------------------------------------
[2024-07-30T13:01:29.845+0000] {taskinstance.py:1300} INFO - Executing <Task(PythonOperator): download_data> on 2024-07-30 13:01:21.555951+00:00
[2024-07-30T13:01:29.850+0000] {standard_task_runner.py:55} INFO - Started process 1115 to run task
[2024-07-30T13:01:29.852+0000] {standard_task_runner.py:82} INFO - Running: ['***', 'tasks', 'run', 'dag_inmet', 'download_data', 'manual__2024-07-30T13:01:21.555951+00:00', '--job-id', '2206', '--raw', '--subdir', 'DAGS_FOLDER/dag_inmet.py', '--cfg-path', '/tmp/tmpu392t8s1']
[2024-07-30T13:01:29.853+0000] {standard_task_runner.py:83} INFO - Job 2206: Subtask download_data
[2024-07-30T13:01:29.999+0000] {task_command.py:388} INFO - Running <TaskInstance: dag_inmet.download_data manual__2024-07-30T13:01:21.555951+00:00 [running]> on host e05870e8ec56
[2024-07-30T13:01:30.045+0000] {taskinstance.py:1509} INFO - Exporting the following env vars:
AIRFLOW_CTX_DAG_OWNER=***
AIRFLOW_CTX_DAG_ID=dag_inmet
AIRFLOW_CTX_TASK_ID=download_data
AIRFLOW_CTX_EXECUTION_DATE=2024-07-30T13:01:21.555951+00:00
AIRFLOW_CTX_TRY_NUMBER=1
AIRFLOW_CTX_DAG_RUN_ID=manual__2024-07-30T13:01:21.555951+00:00
[2024-07-30T13:01:30.601+0000] {logging_mixin.py:137} INFO - Erro ao acessar a página ou link não encontrado: 403
[2024-07-30T13:01:30.602+0000] {logging_mixin.py:137} INFO - Tempo de execução de download_data: 0.5571 segundos
[2024-07-30T13:01:30.603+0000] {dag_inmet.py:39} ERROR - Erro ao baixar e salvar o arquivo: Invalid URL 'None': No scheme supplied. Perhaps you meant https://None?
[2024-07-30T13:01:30.603+0000] {taskinstance.py:1768} ERROR - Task failed with exception
Traceback (most recent call last):
  File "/home/airflow/.local/lib/python3.7/site-packages/airflow/operators/python.py", line 175, in execute
    return_value = self.execute_callable()
  File "/home/airflow/.local/lib/python3.7/site-packages/airflow/operators/python.py", line 192, in execute_callable
    return self.python_callable(*self.op_args, **self.op_kwargs)
  File "/opt/airflow/dags/dag_inmet.py", line 36, in task_download_data
    filename = bronze.download_and_save_file(url)
  File "/opt/airflow/plugins/bronze_plugin.py", line 12, in wrapper
    resultado = metodo(*args, **kwargs)
  File "/opt/airflow/plugins/bronze_plugin.py", line 56, in download_and_save_file
    response = requests.get(url, headers=headers)
  File "/home/airflow/.local/lib/python3.7/site-packages/requests/api.py", line 73, in get
    return request("get", url, params=params, **kwargs)
  File "/home/airflow/.local/lib/python3.7/site-packages/requests/api.py", line 59, in request
    return session.request(method=method, url=url, **kwargs)
  File "/home/airflow/.local/lib/python3.7/site-packages/requests/sessions.py", line 573, in request
    prep = self.prepare_request(req)
  File "/home/airflow/.local/lib/python3.7/site-packages/requests/sessions.py", line 496, in prepare_request
    hooks=merge_hooks(request.hooks, self.hooks),
  File "/home/airflow/.local/lib/python3.7/site-packages/requests/models.py", line 368, in prepare
    self.prepare_url(url, params)
  File "/home/airflow/.local/lib/python3.7/site-packages/requests/models.py", line 440, in prepare_url
    f"Invalid URL {url!r}: No scheme supplied. "
requests.exceptions.MissingSchema: Invalid URL 'None': No scheme supplied. Perhaps you meant https://None?
[2024-07-30T13:01:30.610+0000] {taskinstance.py:1323} INFO - Marking task as FAILED. dag_id=dag_inmet, task_id=download_data, execution_date=20240730T130121, start_date=20240730T130129, end_date=20240730T130130
[2024-07-30T13:01:30.618+0000] {standard_task_runner.py:105} ERROR - Failed to execute job 2206 for task download_data (Invalid URL 'None': No scheme supplied. Perhaps you meant https://None?; 1115)
[2024-07-30T13:01:30.666+0000] {local_task_job.py:208} INFO - Task exited with return code 1
[2024-07-30T13:01:30.801+0000] {taskinstance.py:2578} INFO - 0 downstream tasks scheduled from follow-on schedule check
