[2024-07-03T14:09:44.049+0000] {taskinstance.py:1083} INFO - Dependencies all met for <TaskInstance: hook.insert_data_task manual__2024-07-03T14:09:42.440968+00:00 [queued]>
[2024-07-03T14:09:44.065+0000] {taskinstance.py:1083} INFO - Dependencies all met for <TaskInstance: hook.insert_data_task manual__2024-07-03T14:09:42.440968+00:00 [queued]>
[2024-07-03T14:09:44.065+0000] {taskinstance.py:1279} INFO - 
--------------------------------------------------------------------------------
[2024-07-03T14:09:44.065+0000] {taskinstance.py:1280} INFO - Starting attempt 1 of 1
[2024-07-03T14:09:44.065+0000] {taskinstance.py:1281} INFO - 
--------------------------------------------------------------------------------
[2024-07-03T14:09:44.078+0000] {taskinstance.py:1300} INFO - Executing <Task(PythonOperator): insert_data_task> on 2024-07-03 14:09:42.440968+00:00
[2024-07-03T14:09:44.084+0000] {standard_task_runner.py:55} INFO - Started process 7910 to run task
[2024-07-03T14:09:44.086+0000] {standard_task_runner.py:82} INFO - Running: ['***', 'tasks', 'run', 'hook', 'insert_data_task', 'manual__2024-07-03T14:09:42.440968+00:00', '--job-id', '776', '--raw', '--subdir', 'DAGS_FOLDER/hooks.py', '--cfg-path', '/tmp/tmp_r6uokol']
[2024-07-03T14:09:44.087+0000] {standard_task_runner.py:83} INFO - Job 776: Subtask insert_data_task
[2024-07-03T14:09:44.139+0000] {task_command.py:388} INFO - Running <TaskInstance: hook.insert_data_task manual__2024-07-03T14:09:42.440968+00:00 [running]> on host 6932124ae65a
[2024-07-03T14:09:44.215+0000] {taskinstance.py:1509} INFO - Exporting the following env vars:
AIRFLOW_CTX_DAG_OWNER=***
AIRFLOW_CTX_DAG_ID=hook
AIRFLOW_CTX_TASK_ID=insert_data_task
AIRFLOW_CTX_EXECUTION_DATE=2024-07-03T14:09:42.440968+00:00
AIRFLOW_CTX_TRY_NUMBER=1
AIRFLOW_CTX_DAG_RUN_ID=manual__2024-07-03T14:09:42.440968+00:00
[2024-07-03T14:09:44.224+0000] {base.py:73} INFO - Using connection ID 'postgres' for task execution.
[2024-07-03T14:09:44.227+0000] {sql.py:375} INFO - Running statement: insert into teste2 values(1), parameters: None
[2024-07-03T14:09:44.228+0000] {sql.py:384} INFO - Rows affected: 1
[2024-07-03T14:09:44.228+0000] {python.py:177} INFO - Done. Returned value was: None
[2024-07-03T14:09:44.238+0000] {taskinstance.py:1323} INFO - Marking task as SUCCESS. dag_id=hook, task_id=insert_data_task, execution_date=20240703T140942, start_date=20240703T140944, end_date=20240703T140944
[2024-07-03T14:09:44.258+0000] {local_task_job.py:208} INFO - Task exited with return code 0
[2024-07-03T14:09:44.291+0000] {taskinstance.py:2578} INFO - 1 downstream tasks scheduled from follow-on schedule check
