[2024-07-28T16:34:49.034+0000] {taskinstance.py:1083} INFO - Dependencies all met for <TaskInstance: dag_inmet.download_data scheduled__2024-07-27T16:33:41.530962+00:00 [queued]>
[2024-07-28T16:34:49.042+0000] {taskinstance.py:1083} INFO - Dependencies all met for <TaskInstance: dag_inmet.download_data scheduled__2024-07-27T16:33:41.530962+00:00 [queued]>
[2024-07-28T16:34:49.042+0000] {taskinstance.py:1279} INFO - 
--------------------------------------------------------------------------------
[2024-07-28T16:34:49.042+0000] {taskinstance.py:1280} INFO - Starting attempt 1 of 2
[2024-07-28T16:34:49.042+0000] {taskinstance.py:1281} INFO - 
--------------------------------------------------------------------------------
[2024-07-28T16:34:49.052+0000] {taskinstance.py:1300} INFO - Executing <Task(PythonOperator): download_data> on 2024-07-27 16:33:41.530962+00:00
[2024-07-28T16:34:49.056+0000] {standard_task_runner.py:55} INFO - Started process 1486 to run task
[2024-07-28T16:34:49.058+0000] {standard_task_runner.py:82} INFO - Running: ['***', 'tasks', 'run', 'dag_inmet', 'download_data', 'scheduled__2024-07-27T16:33:41.530962+00:00', '--job-id', '2063', '--raw', '--subdir', 'DAGS_FOLDER/dag_inmet.py', '--cfg-path', '/tmp/tmpnezhtjja']
[2024-07-28T16:34:49.059+0000] {standard_task_runner.py:83} INFO - Job 2063: Subtask download_data
[2024-07-28T16:34:49.202+0000] {task_command.py:388} INFO - Running <TaskInstance: dag_inmet.download_data scheduled__2024-07-27T16:33:41.530962+00:00 [running]> on host b2928957dd8b
[2024-07-28T16:34:49.249+0000] {taskinstance.py:1509} INFO - Exporting the following env vars:
AIRFLOW_CTX_DAG_OWNER=***
AIRFLOW_CTX_DAG_ID=dag_inmet
AIRFLOW_CTX_TASK_ID=download_data
AIRFLOW_CTX_EXECUTION_DATE=2024-07-27T16:33:41.530962+00:00
AIRFLOW_CTX_TRY_NUMBER=1
AIRFLOW_CTX_DAG_RUN_ID=scheduled__2024-07-27T16:33:41.530962+00:00
[2024-07-28T16:34:49.905+0000] {logging_mixin.py:137} INFO - Erro ao acessar a página ou link não encontrado: 403
[2024-07-28T16:34:49.905+0000] {logging_mixin.py:137} INFO - Tempo de execução de download_data: 0.6559 segundos
[2024-07-28T16:34:49.905+0000] {dag_inmet.py:39} ERROR - Erro ao baixar e salvar o arquivo: Invalid URL 'None': No scheme supplied. Perhaps you meant https://None?
[2024-07-28T16:34:49.906+0000] {taskinstance.py:1768} ERROR - Task failed with exception
Traceback (most recent call last):
  File "/home/airflow/.local/lib/python3.7/site-packages/airflow/operators/python.py", line 175, in execute
    return_value = self.execute_callable()
  File "/home/airflow/.local/lib/python3.7/site-packages/airflow/operators/python.py", line 192, in execute_callable
    return self.python_callable(*self.op_args, **self.op_kwargs)
  File "/opt/airflow/dags/dag_inmet.py", line 36, in task_download_data
    filename = bronze.download_and_save_file(url)
  File "/opt/airflow/plugins/bronze_plugin.py", line 12, in wrapper
    resultado = metodo(*args, **kwargs)
  File "/opt/airflow/plugins/bronze_plugin.py", line 56, in download_and_save_file
    response = requests.get(url, headers=headers)
  File "/home/airflow/.local/lib/python3.7/site-packages/requests/api.py", line 73, in get
    return request("get", url, params=params, **kwargs)
  File "/home/airflow/.local/lib/python3.7/site-packages/requests/api.py", line 59, in request
    return session.request(method=method, url=url, **kwargs)
  File "/home/airflow/.local/lib/python3.7/site-packages/requests/sessions.py", line 573, in request
    prep = self.prepare_request(req)
  File "/home/airflow/.local/lib/python3.7/site-packages/requests/sessions.py", line 496, in prepare_request
    hooks=merge_hooks(request.hooks, self.hooks),
  File "/home/airflow/.local/lib/python3.7/site-packages/requests/models.py", line 368, in prepare
    self.prepare_url(url, params)
  File "/home/airflow/.local/lib/python3.7/site-packages/requests/models.py", line 440, in prepare_url
    f"Invalid URL {url!r}: No scheme supplied. "
requests.exceptions.MissingSchema: Invalid URL 'None': No scheme supplied. Perhaps you meant https://None?
[2024-07-28T16:34:49.913+0000] {taskinstance.py:1323} INFO - Marking task as UP_FOR_RETRY. dag_id=dag_inmet, task_id=download_data, execution_date=20240727T163341, start_date=20240728T163449, end_date=20240728T163449
[2024-07-28T16:34:49.921+0000] {standard_task_runner.py:105} ERROR - Failed to execute job 2063 for task download_data (Invalid URL 'None': No scheme supplied. Perhaps you meant https://None?; 1486)
[2024-07-28T16:34:49.952+0000] {local_task_job.py:208} INFO - Task exited with return code 1
[2024-07-28T16:34:50.078+0000] {taskinstance.py:2578} INFO - 0 downstream tasks scheduled from follow-on schedule check
