[2024-07-30T19:18:12.310+0000] {taskinstance.py:1083} INFO - Dependencies all met for <TaskInstance: dag_inmet.send_email_alert manual__2024-07-30T18:59:43.998094+00:00 [queued]>
[2024-07-30T19:18:12.318+0000] {taskinstance.py:1083} INFO - Dependencies all met for <TaskInstance: dag_inmet.send_email_alert manual__2024-07-30T18:59:43.998094+00:00 [queued]>
[2024-07-30T19:18:12.318+0000] {taskinstance.py:1279} INFO - 
--------------------------------------------------------------------------------
[2024-07-30T19:18:12.318+0000] {taskinstance.py:1280} INFO - Starting attempt 1 of 1
[2024-07-30T19:18:12.318+0000] {taskinstance.py:1281} INFO - 
--------------------------------------------------------------------------------
[2024-07-30T19:18:12.329+0000] {taskinstance.py:1300} INFO - Executing <Task(EmailOperator): send_email_alert> on 2024-07-30 18:59:43.998094+00:00
[2024-07-30T19:18:12.336+0000] {standard_task_runner.py:55} INFO - Started process 27293 to run task
[2024-07-30T19:18:12.338+0000] {standard_task_runner.py:82} INFO - Running: ['***', 'tasks', 'run', 'dag_inmet', 'send_email_alert', 'manual__2024-07-30T18:59:43.998094+00:00', '--job-id', '2907', '--raw', '--subdir', 'DAGS_FOLDER/dag_inmet.py', '--cfg-path', '/tmp/tmpgzy6g7z4']
[2024-07-30T19:18:12.339+0000] {standard_task_runner.py:83} INFO - Job 2907: Subtask send_email_alert
[2024-07-30T19:18:12.391+0000] {task_command.py:388} INFO - Running <TaskInstance: dag_inmet.send_email_alert manual__2024-07-30T18:59:43.998094+00:00 [running]> on host 85c1c905ac53
[2024-07-30T19:18:12.441+0000] {taskinstance.py:1509} INFO - Exporting the following env vars:
AIRFLOW_CTX_DAG_OWNER=***
AIRFLOW_CTX_DAG_ID=dag_inmet
AIRFLOW_CTX_TASK_ID=send_email_alert
AIRFLOW_CTX_EXECUTION_DATE=2024-07-30T18:59:43.998094+00:00
AIRFLOW_CTX_TRY_NUMBER=1
AIRFLOW_CTX_DAG_RUN_ID=manual__2024-07-30T18:59:43.998094+00:00
[2024-07-30T19:18:12.448+0000] {warnings.py:110} WARNING - /home/***/.local/lib/python3.7/site-packages/***/utils/email.py:152: RemovedInAirflow3Warning: Fetching SMTP credentials from configuration variables will be deprecated in a future release. Please set credentials using a connection instead.
  send_mime_email(e_from=mail_from, e_to=recipients, mime_msg=msg, conn_id=conn_id, dryrun=dryrun)

[2024-07-30T19:18:12.449+0000] {email.py:268} INFO - Email alerting: attempt 1
[2024-07-30T19:18:16.525+0000] {email.py:280} INFO - Sent an alert email to ['kleuber94@gmail.com']
[2024-07-30T19:18:18.683+0000] {taskinstance.py:1323} INFO - Marking task as SUCCESS. dag_id=dag_inmet, task_id=send_email_alert, execution_date=20240730T185943, start_date=20240730T191812, end_date=20240730T191818
[2024-07-30T19:18:18.734+0000] {local_task_job.py:208} INFO - Task exited with return code 0
[2024-07-30T19:18:18.747+0000] {taskinstance.py:2578} INFO - 0 downstream tasks scheduled from follow-on schedule check
