[2024-08-02T01:46:05.379+0000] {taskinstance.py:1083} INFO - Dependencies all met for <TaskInstance: dag_inmet.download_data manual__2024-08-02T01:45:20.634681+00:00 [queued]>
[2024-08-02T01:46:05.387+0000] {taskinstance.py:1083} INFO - Dependencies all met for <TaskInstance: dag_inmet.download_data manual__2024-08-02T01:45:20.634681+00:00 [queued]>
[2024-08-02T01:46:05.388+0000] {taskinstance.py:1279} INFO - 
--------------------------------------------------------------------------------
[2024-08-02T01:46:05.388+0000] {taskinstance.py:1280} INFO - Starting attempt 1 of 1
[2024-08-02T01:46:05.388+0000] {taskinstance.py:1281} INFO - 
--------------------------------------------------------------------------------
[2024-08-02T01:46:05.398+0000] {taskinstance.py:1300} INFO - Executing <Task(PythonOperator): download_data> on 2024-08-02 01:45:20.634681+00:00
[2024-08-02T01:46:05.404+0000] {standard_task_runner.py:55} INFO - Started process 14897 to run task
[2024-08-02T01:46:05.406+0000] {standard_task_runner.py:82} INFO - Running: ['***', 'tasks', 'run', 'dag_inmet', 'download_data', 'manual__2024-08-02T01:45:20.634681+00:00', '--job-id', '3757', '--raw', '--subdir', 'DAGS_FOLDER/dag_inmet.py', '--cfg-path', '/tmp/tmp3ef9qzgr']
[2024-08-02T01:46:05.408+0000] {standard_task_runner.py:83} INFO - Job 3757: Subtask download_data
[2024-08-02T01:46:05.448+0000] {task_command.py:388} INFO - Running <TaskInstance: dag_inmet.download_data manual__2024-08-02T01:45:20.634681+00:00 [running]> on host 340b192d5d68
[2024-08-02T01:46:05.498+0000] {taskinstance.py:1509} INFO - Exporting the following env vars:
AIRFLOW_CTX_DAG_OWNER=***
AIRFLOW_CTX_DAG_ID=dag_inmet
AIRFLOW_CTX_TASK_ID=download_data
AIRFLOW_CTX_EXECUTION_DATE=2024-08-02T01:45:20.634681+00:00
AIRFLOW_CTX_TRY_NUMBER=1
AIRFLOW_CTX_DAG_RUN_ID=manual__2024-08-02T01:45:20.634681+00:00
[2024-08-02T01:46:06.659+0000] {logging_mixin.py:137} INFO - Tempo de execução de download_data: 1.1597 segundos
[2024-08-02T01:46:17.317+0000] {logging_mixin.py:137} INFO - Arquivo salvo como /opt/***/data/bronze/2024.zip
[2024-08-02T01:46:17.319+0000] {logging_mixin.py:137} INFO - Tempo de execução de download_and_save_file: 10.6601 segundos
[2024-08-02T01:46:17.319+0000] {python.py:177} INFO - Done. Returned value was: /opt/***/data/bronze/2024.zip
[2024-08-02T01:46:17.335+0000] {taskinstance.py:1323} INFO - Marking task as SUCCESS. dag_id=dag_inmet, task_id=download_data, execution_date=20240802T014520, start_date=20240802T014605, end_date=20240802T014617
[2024-08-02T01:46:17.369+0000] {local_task_job.py:208} INFO - Task exited with return code 0
[2024-08-02T01:46:17.391+0000] {taskinstance.py:2578} INFO - 1 downstream tasks scheduled from follow-on schedule check
