[2024-08-28T21:53:58.215+0000] {taskinstance.py:1083} INFO - Dependencies all met for <TaskInstance: dag_inmet.download_data manual__2024-08-28T21:53:54.515280+00:00 [queued]>
[2024-08-28T21:53:58.222+0000] {taskinstance.py:1083} INFO - Dependencies all met for <TaskInstance: dag_inmet.download_data manual__2024-08-28T21:53:54.515280+00:00 [queued]>
[2024-08-28T21:53:58.222+0000] {taskinstance.py:1279} INFO - 
--------------------------------------------------------------------------------
[2024-08-28T21:53:58.222+0000] {taskinstance.py:1280} INFO - Starting attempt 1 of 1
[2024-08-28T21:53:58.222+0000] {taskinstance.py:1281} INFO - 
--------------------------------------------------------------------------------
[2024-08-28T21:53:58.233+0000] {taskinstance.py:1300} INFO - Executing <Task(PythonOperator): download_data> on 2024-08-28 21:53:54.515280+00:00
[2024-08-28T21:53:58.241+0000] {standard_task_runner.py:55} INFO - Started process 102 to run task
[2024-08-28T21:53:58.242+0000] {standard_task_runner.py:82} INFO - Running: ['***', 'tasks', 'run', 'dag_inmet', 'download_data', 'manual__2024-08-28T21:53:54.515280+00:00', '--job-id', '12712', '--raw', '--subdir', 'DAGS_FOLDER/dag_inmet.py', '--cfg-path', '/tmp/tmpfxmabx46']
[2024-08-28T21:53:58.244+0000] {standard_task_runner.py:83} INFO - Job 12712: Subtask download_data
[2024-08-28T21:53:58.285+0000] {task_command.py:388} INFO - Running <TaskInstance: dag_inmet.download_data manual__2024-08-28T21:53:54.515280+00:00 [running]> on host 75fcd90b93be
[2024-08-28T21:53:58.336+0000] {taskinstance.py:1509} INFO - Exporting the following env vars:
AIRFLOW_CTX_DAG_OWNER=***
AIRFLOW_CTX_DAG_ID=dag_inmet
AIRFLOW_CTX_TASK_ID=download_data
AIRFLOW_CTX_EXECUTION_DATE=2024-08-28T21:53:54.515280+00:00
AIRFLOW_CTX_TRY_NUMBER=1
AIRFLOW_CTX_DAG_RUN_ID=manual__2024-08-28T21:53:54.515280+00:00
[2024-08-28T21:53:59.436+0000] {logging_mixin.py:137} INFO - Tempo de execução de download_data: 1.0988 segundos
[2024-08-28T21:54:19.744+0000] {logging_mixin.py:137} INFO - Arquivo salvo como /opt/***/data/bronze/inmet/2024.zip
[2024-08-28T21:54:19.747+0000] {logging_mixin.py:137} INFO - Tempo de execução de download_and_save_file: 20.3110 segundos
[2024-08-28T21:54:19.767+0000] {python.py:177} INFO - Done. Returned value was: /opt/***/data/bronze/inmet/2024.zip
[2024-08-28T21:54:19.781+0000] {taskinstance.py:1323} INFO - Marking task as SUCCESS. dag_id=dag_inmet, task_id=download_data, execution_date=20240828T215354, start_date=20240828T215358, end_date=20240828T215419
[2024-08-28T21:54:19.838+0000] {local_task_job.py:208} INFO - Task exited with return code 0
[2024-08-28T21:54:19.859+0000] {taskinstance.py:2578} INFO - 1 downstream tasks scheduled from follow-on schedule check
