[2024-08-10T00:14:35.019+0000] {processor.py:153} INFO - Started process (PID=51) to work on /opt/airflow/dags/dag_inmet.py
[2024-08-10T00:14:35.020+0000] {processor.py:743} INFO - Processing file /opt/airflow/dags/dag_inmet.py for tasks to queue
[2024-08-10T00:14:35.021+0000] {logging_mixin.py:137} INFO - [2024-08-10T00:14:35.020+0000] {dagbag.py:538} INFO - Filling up the DagBag from /opt/airflow/dags/dag_inmet.py
[2024-08-10T00:14:35.096+0000] {processor.py:753} INFO - DAG(s) dict_keys(['dag_inmet']) retrieved from /opt/airflow/dags/dag_inmet.py
[2024-08-10T00:14:35.139+0000] {logging_mixin.py:137} INFO - [2024-08-10T00:14:35.139+0000] {dag.py:2690} INFO - Sync 1 DAGs
[2024-08-10T00:14:35.170+0000] {logging_mixin.py:137} INFO - [2024-08-10T00:14:35.170+0000] {dag.py:3441} INFO - Setting next_dagrun for dag_inmet to 2024-08-05T09:00:00+00:00, run_after=2024-09-05T09:00:00+00:00
[2024-08-10T00:14:35.188+0000] {processor.py:175} INFO - Processing /opt/airflow/dags/dag_inmet.py took 0.172 seconds
[2024-08-10T00:14:47.134+0000] {processor.py:153} INFO - Started process (PID=42) to work on /opt/airflow/dags/dag_inmet.py
[2024-08-10T00:14:47.134+0000] {processor.py:743} INFO - Processing file /opt/airflow/dags/dag_inmet.py for tasks to queue
[2024-08-10T00:14:47.135+0000] {logging_mixin.py:137} INFO - [2024-08-10T00:14:47.135+0000] {dagbag.py:538} INFO - Filling up the DagBag from /opt/airflow/dags/dag_inmet.py
[2024-08-10T00:14:47.224+0000] {processor.py:753} INFO - DAG(s) dict_keys(['dag_inmet']) retrieved from /opt/airflow/dags/dag_inmet.py
[2024-08-10T00:14:47.273+0000] {logging_mixin.py:137} INFO - [2024-08-10T00:14:47.273+0000] {dag.py:2690} INFO - Sync 1 DAGs
[2024-08-10T00:14:47.294+0000] {logging_mixin.py:137} INFO - [2024-08-10T00:14:47.294+0000] {dag.py:3441} INFO - Setting next_dagrun for dag_inmet to 2024-08-05T09:00:00+00:00, run_after=2024-09-05T09:00:00+00:00
[2024-08-10T00:14:47.313+0000] {processor.py:175} INFO - Processing /opt/airflow/dags/dag_inmet.py took 0.181 seconds
[2024-08-10T00:14:57.773+0000] {processor.py:153} INFO - Started process (PID=42) to work on /opt/airflow/dags/dag_inmet.py
[2024-08-10T00:14:57.773+0000] {processor.py:743} INFO - Processing file /opt/airflow/dags/dag_inmet.py for tasks to queue
[2024-08-10T00:14:57.774+0000] {logging_mixin.py:137} INFO - [2024-08-10T00:14:57.774+0000] {dagbag.py:538} INFO - Filling up the DagBag from /opt/airflow/dags/dag_inmet.py
[2024-08-10T00:14:57.865+0000] {processor.py:753} INFO - DAG(s) dict_keys(['dag_inmet']) retrieved from /opt/airflow/dags/dag_inmet.py
[2024-08-10T00:14:57.976+0000] {logging_mixin.py:137} INFO - [2024-08-10T00:14:57.976+0000] {dag.py:2690} INFO - Sync 1 DAGs
[2024-08-10T00:14:58.018+0000] {logging_mixin.py:137} INFO - [2024-08-10T00:14:58.017+0000] {dag.py:3441} INFO - Setting next_dagrun for dag_inmet to 2024-08-05T09:00:00+00:00, run_after=2024-09-05T09:00:00+00:00
[2024-08-10T00:14:58.083+0000] {processor.py:175} INFO - Processing /opt/airflow/dags/dag_inmet.py took 0.313 seconds
[2024-08-10T00:15:10.187+0000] {processor.py:153} INFO - Started process (PID=48) to work on /opt/airflow/dags/dag_inmet.py
[2024-08-10T00:15:10.188+0000] {processor.py:743} INFO - Processing file /opt/airflow/dags/dag_inmet.py for tasks to queue
[2024-08-10T00:15:10.189+0000] {logging_mixin.py:137} INFO - [2024-08-10T00:15:10.189+0000] {dagbag.py:538} INFO - Filling up the DagBag from /opt/airflow/dags/dag_inmet.py
[2024-08-10T00:15:10.290+0000] {processor.py:753} INFO - DAG(s) dict_keys(['dag_inmet']) retrieved from /opt/airflow/dags/dag_inmet.py
[2024-08-10T00:15:10.404+0000] {logging_mixin.py:137} INFO - [2024-08-10T00:15:10.404+0000] {dag.py:2690} INFO - Sync 1 DAGs
[2024-08-10T00:15:10.439+0000] {logging_mixin.py:137} INFO - [2024-08-10T00:15:10.439+0000] {dag.py:3441} INFO - Setting next_dagrun for dag_inmet to 2024-08-05T09:00:00+00:00, run_after=2024-09-05T09:00:00+00:00
[2024-08-10T00:15:10.460+0000] {processor.py:175} INFO - Processing /opt/airflow/dags/dag_inmet.py took 0.276 seconds
[2024-08-10T00:15:21.586+0000] {processor.py:153} INFO - Started process (PID=43) to work on /opt/airflow/dags/dag_inmet.py
[2024-08-10T00:15:21.587+0000] {processor.py:743} INFO - Processing file /opt/airflow/dags/dag_inmet.py for tasks to queue
[2024-08-10T00:15:21.588+0000] {logging_mixin.py:137} INFO - [2024-08-10T00:15:21.587+0000] {dagbag.py:538} INFO - Filling up the DagBag from /opt/airflow/dags/dag_inmet.py
[2024-08-10T00:15:21.633+0000] {processor.py:753} INFO - DAG(s) dict_keys(['dag_inmet']) retrieved from /opt/airflow/dags/dag_inmet.py
[2024-08-10T00:15:21.658+0000] {logging_mixin.py:137} INFO - [2024-08-10T00:15:21.658+0000] {dag.py:2690} INFO - Sync 1 DAGs
[2024-08-10T00:15:21.678+0000] {logging_mixin.py:137} INFO - [2024-08-10T00:15:21.677+0000] {dag.py:3441} INFO - Setting next_dagrun for dag_inmet to 2024-08-05T09:00:00+00:00, run_after=2024-09-05T09:00:00+00:00
[2024-08-10T00:15:21.691+0000] {processor.py:175} INFO - Processing /opt/airflow/dags/dag_inmet.py took 0.107 seconds
[2024-08-10T00:15:31.565+0000] {processor.py:153} INFO - Started process (PID=42) to work on /opt/airflow/dags/dag_inmet.py
[2024-08-10T00:15:31.566+0000] {processor.py:743} INFO - Processing file /opt/airflow/dags/dag_inmet.py for tasks to queue
[2024-08-10T00:15:31.567+0000] {logging_mixin.py:137} INFO - [2024-08-10T00:15:31.567+0000] {dagbag.py:538} INFO - Filling up the DagBag from /opt/airflow/dags/dag_inmet.py
[2024-08-10T00:15:31.624+0000] {processor.py:753} INFO - DAG(s) dict_keys(['dag_inmet']) retrieved from /opt/airflow/dags/dag_inmet.py
[2024-08-10T00:15:31.660+0000] {logging_mixin.py:137} INFO - [2024-08-10T00:15:31.660+0000] {dag.py:2690} INFO - Sync 1 DAGs
[2024-08-10T00:15:31.686+0000] {logging_mixin.py:137} INFO - [2024-08-10T00:15:31.686+0000] {dag.py:3441} INFO - Setting next_dagrun for dag_inmet to 2024-08-05T09:00:00+00:00, run_after=2024-09-05T09:00:00+00:00
[2024-08-10T00:15:31.715+0000] {processor.py:175} INFO - Processing /opt/airflow/dags/dag_inmet.py took 0.152 seconds
[2024-08-10T00:15:44.777+0000] {processor.py:153} INFO - Started process (PID=52) to work on /opt/airflow/dags/dag_inmet.py
[2024-08-10T00:15:44.779+0000] {processor.py:743} INFO - Processing file /opt/airflow/dags/dag_inmet.py for tasks to queue
[2024-08-10T00:15:44.780+0000] {logging_mixin.py:137} INFO - [2024-08-10T00:15:44.780+0000] {dagbag.py:538} INFO - Filling up the DagBag from /opt/airflow/dags/dag_inmet.py
[2024-08-10T00:15:44.851+0000] {processor.py:753} INFO - DAG(s) dict_keys(['dag_inmet']) retrieved from /opt/airflow/dags/dag_inmet.py
[2024-08-10T00:15:44.905+0000] {logging_mixin.py:137} INFO - [2024-08-10T00:15:44.905+0000] {dag.py:2690} INFO - Sync 1 DAGs
[2024-08-10T00:15:44.955+0000] {logging_mixin.py:137} INFO - [2024-08-10T00:15:44.955+0000] {dag.py:3441} INFO - Setting next_dagrun for dag_inmet to 2024-08-05T09:00:00+00:00, run_after=2024-09-05T09:00:00+00:00
[2024-08-10T00:15:44.991+0000] {processor.py:175} INFO - Processing /opt/airflow/dags/dag_inmet.py took 0.220 seconds
[2024-08-10T00:15:56.218+0000] {processor.py:153} INFO - Started process (PID=42) to work on /opt/airflow/dags/dag_inmet.py
[2024-08-10T00:15:56.219+0000] {processor.py:743} INFO - Processing file /opt/airflow/dags/dag_inmet.py for tasks to queue
[2024-08-10T00:15:56.219+0000] {logging_mixin.py:137} INFO - [2024-08-10T00:15:56.219+0000] {dagbag.py:538} INFO - Filling up the DagBag from /opt/airflow/dags/dag_inmet.py
[2024-08-10T00:15:56.303+0000] {processor.py:753} INFO - DAG(s) dict_keys(['dag_inmet']) retrieved from /opt/airflow/dags/dag_inmet.py
[2024-08-10T00:15:56.409+0000] {logging_mixin.py:137} INFO - [2024-08-10T00:15:56.408+0000] {dag.py:2690} INFO - Sync 1 DAGs
[2024-08-10T00:15:56.456+0000] {logging_mixin.py:137} INFO - [2024-08-10T00:15:56.456+0000] {dag.py:3441} INFO - Setting next_dagrun for dag_inmet to 2024-08-05T09:00:00+00:00, run_after=2024-09-05T09:00:00+00:00
[2024-08-10T00:15:56.479+0000] {processor.py:175} INFO - Processing /opt/airflow/dags/dag_inmet.py took 0.263 seconds
[2024-08-10T00:16:07.462+0000] {processor.py:153} INFO - Started process (PID=42) to work on /opt/airflow/dags/dag_inmet.py
[2024-08-10T00:16:07.463+0000] {processor.py:743} INFO - Processing file /opt/airflow/dags/dag_inmet.py for tasks to queue
[2024-08-10T00:16:07.464+0000] {logging_mixin.py:137} INFO - [2024-08-10T00:16:07.464+0000] {dagbag.py:538} INFO - Filling up the DagBag from /opt/airflow/dags/dag_inmet.py
[2024-08-10T00:16:07.526+0000] {processor.py:753} INFO - DAG(s) dict_keys(['dag_inmet']) retrieved from /opt/airflow/dags/dag_inmet.py
[2024-08-10T00:16:07.571+0000] {logging_mixin.py:137} INFO - [2024-08-10T00:16:07.571+0000] {dag.py:2690} INFO - Sync 1 DAGs
[2024-08-10T00:16:07.604+0000] {logging_mixin.py:137} INFO - [2024-08-10T00:16:07.604+0000] {dag.py:3441} INFO - Setting next_dagrun for dag_inmet to 2024-08-05T09:00:00+00:00, run_after=2024-09-05T09:00:00+00:00
[2024-08-10T00:16:07.628+0000] {processor.py:175} INFO - Processing /opt/airflow/dags/dag_inmet.py took 0.168 seconds
[2024-08-10T00:16:17.948+0000] {processor.py:153} INFO - Started process (PID=42) to work on /opt/airflow/dags/dag_inmet.py
[2024-08-10T00:16:17.948+0000] {processor.py:743} INFO - Processing file /opt/airflow/dags/dag_inmet.py for tasks to queue
[2024-08-10T00:16:17.949+0000] {logging_mixin.py:137} INFO - [2024-08-10T00:16:17.949+0000] {dagbag.py:538} INFO - Filling up the DagBag from /opt/airflow/dags/dag_inmet.py
[2024-08-10T00:16:18.018+0000] {processor.py:753} INFO - DAG(s) dict_keys(['dag_inmet']) retrieved from /opt/airflow/dags/dag_inmet.py
[2024-08-10T00:16:18.055+0000] {logging_mixin.py:137} INFO - [2024-08-10T00:16:18.055+0000] {dag.py:2690} INFO - Sync 1 DAGs
[2024-08-10T00:16:18.094+0000] {logging_mixin.py:137} INFO - [2024-08-10T00:16:18.094+0000] {dag.py:3441} INFO - Setting next_dagrun for dag_inmet to 2024-08-05T09:00:00+00:00, run_after=2024-09-05T09:00:00+00:00
[2024-08-10T00:16:18.145+0000] {processor.py:175} INFO - Processing /opt/airflow/dags/dag_inmet.py took 0.200 seconds
[2024-08-10T00:16:29.116+0000] {processor.py:153} INFO - Started process (PID=42) to work on /opt/airflow/dags/dag_inmet.py
[2024-08-10T00:16:29.116+0000] {processor.py:743} INFO - Processing file /opt/airflow/dags/dag_inmet.py for tasks to queue
[2024-08-10T00:16:29.117+0000] {logging_mixin.py:137} INFO - [2024-08-10T00:16:29.117+0000] {dagbag.py:538} INFO - Filling up the DagBag from /opt/airflow/dags/dag_inmet.py
[2024-08-10T00:16:29.162+0000] {processor.py:753} INFO - DAG(s) dict_keys(['dag_inmet']) retrieved from /opt/airflow/dags/dag_inmet.py
[2024-08-10T00:16:29.186+0000] {logging_mixin.py:137} INFO - [2024-08-10T00:16:29.186+0000] {dag.py:2690} INFO - Sync 1 DAGs
[2024-08-10T00:16:29.205+0000] {logging_mixin.py:137} INFO - [2024-08-10T00:16:29.204+0000] {dag.py:3441} INFO - Setting next_dagrun for dag_inmet to 2024-08-05T09:00:00+00:00, run_after=2024-09-05T09:00:00+00:00
[2024-08-10T00:16:29.217+0000] {processor.py:175} INFO - Processing /opt/airflow/dags/dag_inmet.py took 0.104 seconds
[2024-08-10T00:16:38.833+0000] {processor.py:153} INFO - Started process (PID=42) to work on /opt/airflow/dags/dag_inmet.py
[2024-08-10T00:16:38.834+0000] {processor.py:743} INFO - Processing file /opt/airflow/dags/dag_inmet.py for tasks to queue
[2024-08-10T00:16:38.834+0000] {logging_mixin.py:137} INFO - [2024-08-10T00:16:38.834+0000] {dagbag.py:538} INFO - Filling up the DagBag from /opt/airflow/dags/dag_inmet.py
[2024-08-10T00:16:38.884+0000] {processor.py:753} INFO - DAG(s) dict_keys(['dag_inmet']) retrieved from /opt/airflow/dags/dag_inmet.py
[2024-08-10T00:16:38.913+0000] {logging_mixin.py:137} INFO - [2024-08-10T00:16:38.913+0000] {dag.py:2690} INFO - Sync 1 DAGs
[2024-08-10T00:16:38.935+0000] {logging_mixin.py:137} INFO - [2024-08-10T00:16:38.935+0000] {dag.py:3441} INFO - Setting next_dagrun for dag_inmet to 2024-08-05T09:00:00+00:00, run_after=2024-09-05T09:00:00+00:00
[2024-08-10T00:16:38.949+0000] {processor.py:175} INFO - Processing /opt/airflow/dags/dag_inmet.py took 0.119 seconds
[2024-08-10T00:16:48.200+0000] {processor.py:153} INFO - Started process (PID=42) to work on /opt/airflow/dags/dag_inmet.py
[2024-08-10T00:16:48.200+0000] {processor.py:743} INFO - Processing file /opt/airflow/dags/dag_inmet.py for tasks to queue
[2024-08-10T00:16:48.201+0000] {logging_mixin.py:137} INFO - [2024-08-10T00:16:48.201+0000] {dagbag.py:538} INFO - Filling up the DagBag from /opt/airflow/dags/dag_inmet.py
[2024-08-10T00:16:48.252+0000] {processor.py:753} INFO - DAG(s) dict_keys(['dag_inmet']) retrieved from /opt/airflow/dags/dag_inmet.py
[2024-08-10T00:16:48.280+0000] {logging_mixin.py:137} INFO - [2024-08-10T00:16:48.280+0000] {dag.py:2690} INFO - Sync 1 DAGs
[2024-08-10T00:16:48.329+0000] {logging_mixin.py:137} INFO - [2024-08-10T00:16:48.329+0000] {dag.py:3441} INFO - Setting next_dagrun for dag_inmet to 2024-08-05T09:00:00+00:00, run_after=2024-09-05T09:00:00+00:00
[2024-08-10T00:16:48.349+0000] {processor.py:175} INFO - Processing /opt/airflow/dags/dag_inmet.py took 0.152 seconds
[2024-08-10T00:16:58.907+0000] {processor.py:153} INFO - Started process (PID=42) to work on /opt/airflow/dags/dag_inmet.py
[2024-08-10T00:16:58.907+0000] {processor.py:743} INFO - Processing file /opt/airflow/dags/dag_inmet.py for tasks to queue
[2024-08-10T00:16:58.908+0000] {logging_mixin.py:137} INFO - [2024-08-10T00:16:58.908+0000] {dagbag.py:538} INFO - Filling up the DagBag from /opt/airflow/dags/dag_inmet.py
[2024-08-10T00:16:58.960+0000] {processor.py:753} INFO - DAG(s) dict_keys(['dag_inmet']) retrieved from /opt/airflow/dags/dag_inmet.py
[2024-08-10T00:16:58.990+0000] {logging_mixin.py:137} INFO - [2024-08-10T00:16:58.990+0000] {dag.py:2690} INFO - Sync 1 DAGs
[2024-08-10T00:16:59.013+0000] {logging_mixin.py:137} INFO - [2024-08-10T00:16:59.012+0000] {dag.py:3441} INFO - Setting next_dagrun for dag_inmet to 2024-08-05T09:00:00+00:00, run_after=2024-09-05T09:00:00+00:00
[2024-08-10T00:16:59.028+0000] {processor.py:175} INFO - Processing /opt/airflow/dags/dag_inmet.py took 0.124 seconds
[2024-08-10T00:17:08.386+0000] {processor.py:153} INFO - Started process (PID=42) to work on /opt/airflow/dags/dag_inmet.py
[2024-08-10T00:17:08.387+0000] {processor.py:743} INFO - Processing file /opt/airflow/dags/dag_inmet.py for tasks to queue
[2024-08-10T00:17:08.387+0000] {logging_mixin.py:137} INFO - [2024-08-10T00:17:08.387+0000] {dagbag.py:538} INFO - Filling up the DagBag from /opt/airflow/dags/dag_inmet.py
[2024-08-10T00:17:08.456+0000] {processor.py:753} INFO - DAG(s) dict_keys(['dag_inmet']) retrieved from /opt/airflow/dags/dag_inmet.py
[2024-08-10T00:17:08.497+0000] {logging_mixin.py:137} INFO - [2024-08-10T00:17:08.497+0000] {dag.py:2690} INFO - Sync 1 DAGs
[2024-08-10T00:17:08.530+0000] {logging_mixin.py:137} INFO - [2024-08-10T00:17:08.529+0000] {dag.py:3441} INFO - Setting next_dagrun for dag_inmet to 2024-08-05T09:00:00+00:00, run_after=2024-09-05T09:00:00+00:00
[2024-08-10T00:17:08.551+0000] {processor.py:175} INFO - Processing /opt/airflow/dags/dag_inmet.py took 0.168 seconds
[2024-08-10T00:17:20.235+0000] {processor.py:153} INFO - Started process (PID=42) to work on /opt/airflow/dags/dag_inmet.py
[2024-08-10T00:17:20.236+0000] {processor.py:743} INFO - Processing file /opt/airflow/dags/dag_inmet.py for tasks to queue
[2024-08-10T00:17:20.236+0000] {logging_mixin.py:137} INFO - [2024-08-10T00:17:20.236+0000] {dagbag.py:538} INFO - Filling up the DagBag from /opt/airflow/dags/dag_inmet.py
[2024-08-10T00:17:20.298+0000] {processor.py:753} INFO - DAG(s) dict_keys(['dag_inmet']) retrieved from /opt/airflow/dags/dag_inmet.py
[2024-08-10T00:17:20.344+0000] {logging_mixin.py:137} INFO - [2024-08-10T00:17:20.344+0000] {dag.py:2690} INFO - Sync 1 DAGs
[2024-08-10T00:17:20.377+0000] {logging_mixin.py:137} INFO - [2024-08-10T00:17:20.377+0000] {dag.py:3441} INFO - Setting next_dagrun for dag_inmet to 2024-08-05T09:00:00+00:00, run_after=2024-09-05T09:00:00+00:00
[2024-08-10T00:17:20.424+0000] {processor.py:175} INFO - Processing /opt/airflow/dags/dag_inmet.py took 0.192 seconds
[2024-08-10T00:17:31.839+0000] {processor.py:153} INFO - Started process (PID=42) to work on /opt/airflow/dags/dag_inmet.py
[2024-08-10T00:17:31.840+0000] {processor.py:743} INFO - Processing file /opt/airflow/dags/dag_inmet.py for tasks to queue
[2024-08-10T00:17:31.840+0000] {logging_mixin.py:137} INFO - [2024-08-10T00:17:31.840+0000] {dagbag.py:538} INFO - Filling up the DagBag from /opt/airflow/dags/dag_inmet.py
[2024-08-10T00:17:31.887+0000] {processor.py:753} INFO - DAG(s) dict_keys(['dag_inmet']) retrieved from /opt/airflow/dags/dag_inmet.py
[2024-08-10T00:17:31.912+0000] {logging_mixin.py:137} INFO - [2024-08-10T00:17:31.912+0000] {dag.py:2690} INFO - Sync 1 DAGs
[2024-08-10T00:17:31.932+0000] {logging_mixin.py:137} INFO - [2024-08-10T00:17:31.932+0000] {dag.py:3441} INFO - Setting next_dagrun for dag_inmet to 2024-08-05T09:00:00+00:00, run_after=2024-09-05T09:00:00+00:00
[2024-08-10T00:17:31.958+0000] {processor.py:175} INFO - Processing /opt/airflow/dags/dag_inmet.py took 0.121 seconds
[2024-08-10T00:17:42.776+0000] {processor.py:153} INFO - Started process (PID=42) to work on /opt/airflow/dags/dag_inmet.py
[2024-08-10T00:17:42.776+0000] {processor.py:743} INFO - Processing file /opt/airflow/dags/dag_inmet.py for tasks to queue
[2024-08-10T00:17:42.777+0000] {logging_mixin.py:137} INFO - [2024-08-10T00:17:42.777+0000] {dagbag.py:538} INFO - Filling up the DagBag from /opt/airflow/dags/dag_inmet.py
[2024-08-10T00:17:42.828+0000] {processor.py:753} INFO - DAG(s) dict_keys(['dag_inmet']) retrieved from /opt/airflow/dags/dag_inmet.py
[2024-08-10T00:17:42.917+0000] {logging_mixin.py:137} INFO - [2024-08-10T00:17:42.917+0000] {dag.py:2690} INFO - Sync 1 DAGs
[2024-08-10T00:17:43.005+0000] {logging_mixin.py:137} INFO - [2024-08-10T00:17:43.005+0000] {dag.py:3441} INFO - Setting next_dagrun for dag_inmet to 2024-08-05T09:00:00+00:00, run_after=2024-09-05T09:00:00+00:00
[2024-08-10T00:17:43.065+0000] {processor.py:175} INFO - Processing /opt/airflow/dags/dag_inmet.py took 0.292 seconds
[2024-08-10T00:17:52.815+0000] {processor.py:153} INFO - Started process (PID=42) to work on /opt/airflow/dags/dag_inmet.py
[2024-08-10T00:17:52.817+0000] {processor.py:743} INFO - Processing file /opt/airflow/dags/dag_inmet.py for tasks to queue
[2024-08-10T00:17:52.820+0000] {logging_mixin.py:137} INFO - [2024-08-10T00:17:52.820+0000] {dagbag.py:538} INFO - Filling up the DagBag from /opt/airflow/dags/dag_inmet.py
[2024-08-10T00:17:52.907+0000] {processor.py:753} INFO - DAG(s) dict_keys(['dag_inmet']) retrieved from /opt/airflow/dags/dag_inmet.py
[2024-08-10T00:17:52.946+0000] {logging_mixin.py:137} INFO - [2024-08-10T00:17:52.946+0000] {dag.py:2690} INFO - Sync 1 DAGs
[2024-08-10T00:17:52.974+0000] {logging_mixin.py:137} INFO - [2024-08-10T00:17:52.974+0000] {dag.py:3441} INFO - Setting next_dagrun for dag_inmet to 2024-08-05T09:00:00+00:00, run_after=2024-09-05T09:00:00+00:00
[2024-08-10T00:17:52.993+0000] {processor.py:175} INFO - Processing /opt/airflow/dags/dag_inmet.py took 0.185 seconds
[2024-08-10T00:18:03.457+0000] {processor.py:153} INFO - Started process (PID=42) to work on /opt/airflow/dags/dag_inmet.py
[2024-08-10T00:18:03.458+0000] {processor.py:743} INFO - Processing file /opt/airflow/dags/dag_inmet.py for tasks to queue
[2024-08-10T00:18:03.458+0000] {logging_mixin.py:137} INFO - [2024-08-10T00:18:03.458+0000] {dagbag.py:538} INFO - Filling up the DagBag from /opt/airflow/dags/dag_inmet.py
[2024-08-10T00:18:03.591+0000] {processor.py:753} INFO - DAG(s) dict_keys(['dag_inmet']) retrieved from /opt/airflow/dags/dag_inmet.py
[2024-08-10T00:18:03.633+0000] {logging_mixin.py:137} INFO - [2024-08-10T00:18:03.633+0000] {dag.py:2690} INFO - Sync 1 DAGs
[2024-08-10T00:18:03.658+0000] {logging_mixin.py:137} INFO - [2024-08-10T00:18:03.658+0000] {dag.py:3441} INFO - Setting next_dagrun for dag_inmet to 2024-08-05T09:00:00+00:00, run_after=2024-09-05T09:00:00+00:00
[2024-08-10T00:18:03.687+0000] {processor.py:175} INFO - Processing /opt/airflow/dags/dag_inmet.py took 0.233 seconds
[2024-08-10T00:18:13.644+0000] {processor.py:153} INFO - Started process (PID=42) to work on /opt/airflow/dags/dag_inmet.py
[2024-08-10T00:18:13.645+0000] {processor.py:743} INFO - Processing file /opt/airflow/dags/dag_inmet.py for tasks to queue
[2024-08-10T00:18:13.646+0000] {logging_mixin.py:137} INFO - [2024-08-10T00:18:13.645+0000] {dagbag.py:538} INFO - Filling up the DagBag from /opt/airflow/dags/dag_inmet.py
[2024-08-10T00:18:13.722+0000] {processor.py:753} INFO - DAG(s) dict_keys(['dag_inmet']) retrieved from /opt/airflow/dags/dag_inmet.py
[2024-08-10T00:18:13.750+0000] {logging_mixin.py:137} INFO - [2024-08-10T00:18:13.750+0000] {dag.py:2690} INFO - Sync 1 DAGs
[2024-08-10T00:18:13.771+0000] {logging_mixin.py:137} INFO - [2024-08-10T00:18:13.771+0000] {dag.py:3441} INFO - Setting next_dagrun for dag_inmet to 2024-08-05T09:00:00+00:00, run_after=2024-09-05T09:00:00+00:00
[2024-08-10T00:18:13.807+0000] {processor.py:175} INFO - Processing /opt/airflow/dags/dag_inmet.py took 0.165 seconds
[2024-08-10T00:18:23.065+0000] {processor.py:153} INFO - Started process (PID=42) to work on /opt/airflow/dags/dag_inmet.py
[2024-08-10T00:18:23.066+0000] {processor.py:743} INFO - Processing file /opt/airflow/dags/dag_inmet.py for tasks to queue
[2024-08-10T00:18:23.066+0000] {logging_mixin.py:137} INFO - [2024-08-10T00:18:23.066+0000] {dagbag.py:538} INFO - Filling up the DagBag from /opt/airflow/dags/dag_inmet.py
[2024-08-10T00:18:23.112+0000] {processor.py:753} INFO - DAG(s) dict_keys(['dag_inmet']) retrieved from /opt/airflow/dags/dag_inmet.py
[2024-08-10T00:18:23.138+0000] {logging_mixin.py:137} INFO - [2024-08-10T00:18:23.138+0000] {dag.py:2690} INFO - Sync 1 DAGs
[2024-08-10T00:18:23.159+0000] {logging_mixin.py:137} INFO - [2024-08-10T00:18:23.158+0000] {dag.py:3441} INFO - Setting next_dagrun for dag_inmet to 2024-08-05T09:00:00+00:00, run_after=2024-09-05T09:00:00+00:00
[2024-08-10T00:18:23.174+0000] {processor.py:175} INFO - Processing /opt/airflow/dags/dag_inmet.py took 0.111 seconds
[2024-08-10T00:18:32.720+0000] {processor.py:153} INFO - Started process (PID=42) to work on /opt/airflow/dags/dag_inmet.py
[2024-08-10T00:18:32.720+0000] {processor.py:743} INFO - Processing file /opt/airflow/dags/dag_inmet.py for tasks to queue
[2024-08-10T00:18:32.721+0000] {logging_mixin.py:137} INFO - [2024-08-10T00:18:32.721+0000] {dagbag.py:538} INFO - Filling up the DagBag from /opt/airflow/dags/dag_inmet.py
[2024-08-10T00:18:32.765+0000] {processor.py:753} INFO - DAG(s) dict_keys(['dag_inmet']) retrieved from /opt/airflow/dags/dag_inmet.py
[2024-08-10T00:18:32.789+0000] {logging_mixin.py:137} INFO - [2024-08-10T00:18:32.789+0000] {dag.py:2690} INFO - Sync 1 DAGs
[2024-08-10T00:18:32.807+0000] {logging_mixin.py:137} INFO - [2024-08-10T00:18:32.807+0000] {dag.py:3441} INFO - Setting next_dagrun for dag_inmet to 2024-08-05T09:00:00+00:00, run_after=2024-09-05T09:00:00+00:00
[2024-08-10T00:18:32.829+0000] {processor.py:175} INFO - Processing /opt/airflow/dags/dag_inmet.py took 0.112 seconds
[2024-08-10T00:18:42.950+0000] {processor.py:153} INFO - Started process (PID=42) to work on /opt/airflow/dags/dag_inmet.py
[2024-08-10T00:18:42.951+0000] {processor.py:743} INFO - Processing file /opt/airflow/dags/dag_inmet.py for tasks to queue
[2024-08-10T00:18:42.951+0000] {logging_mixin.py:137} INFO - [2024-08-10T00:18:42.951+0000] {dagbag.py:538} INFO - Filling up the DagBag from /opt/airflow/dags/dag_inmet.py
[2024-08-10T00:18:43.006+0000] {processor.py:753} INFO - DAG(s) dict_keys(['dag_inmet']) retrieved from /opt/airflow/dags/dag_inmet.py
[2024-08-10T00:18:43.038+0000] {logging_mixin.py:137} INFO - [2024-08-10T00:18:43.038+0000] {dag.py:2690} INFO - Sync 1 DAGs
[2024-08-10T00:18:43.064+0000] {logging_mixin.py:137} INFO - [2024-08-10T00:18:43.064+0000] {dag.py:3441} INFO - Setting next_dagrun for dag_inmet to 2024-08-05T09:00:00+00:00, run_after=2024-09-05T09:00:00+00:00
[2024-08-10T00:18:43.084+0000] {processor.py:175} INFO - Processing /opt/airflow/dags/dag_inmet.py took 0.137 seconds
[2024-08-10T00:18:54.695+0000] {processor.py:153} INFO - Started process (PID=42) to work on /opt/airflow/dags/dag_inmet.py
[2024-08-10T00:18:54.699+0000] {processor.py:743} INFO - Processing file /opt/airflow/dags/dag_inmet.py for tasks to queue
[2024-08-10T00:18:54.701+0000] {logging_mixin.py:137} INFO - [2024-08-10T00:18:54.700+0000] {dagbag.py:538} INFO - Filling up the DagBag from /opt/airflow/dags/dag_inmet.py
[2024-08-10T00:18:54.844+0000] {processor.py:753} INFO - DAG(s) dict_keys(['dag_inmet']) retrieved from /opt/airflow/dags/dag_inmet.py
[2024-08-10T00:18:54.870+0000] {logging_mixin.py:137} INFO - [2024-08-10T00:18:54.870+0000] {dag.py:2690} INFO - Sync 1 DAGs
[2024-08-10T00:18:54.890+0000] {logging_mixin.py:137} INFO - [2024-08-10T00:18:54.890+0000] {dag.py:3441} INFO - Setting next_dagrun for dag_inmet to 2024-08-05T09:00:00+00:00, run_after=2024-09-05T09:00:00+00:00
[2024-08-10T00:18:54.904+0000] {processor.py:175} INFO - Processing /opt/airflow/dags/dag_inmet.py took 0.216 seconds
[2024-08-10T00:19:09.370+0000] {processor.py:153} INFO - Started process (PID=42) to work on /opt/airflow/dags/dag_inmet.py
[2024-08-10T00:19:09.370+0000] {processor.py:743} INFO - Processing file /opt/airflow/dags/dag_inmet.py for tasks to queue
[2024-08-10T00:19:09.371+0000] {logging_mixin.py:137} INFO - [2024-08-10T00:19:09.371+0000] {dagbag.py:538} INFO - Filling up the DagBag from /opt/airflow/dags/dag_inmet.py
[2024-08-10T00:19:09.525+0000] {processor.py:753} INFO - DAG(s) dict_keys(['dag_inmet']) retrieved from /opt/airflow/dags/dag_inmet.py
[2024-08-10T00:19:09.570+0000] {logging_mixin.py:137} INFO - [2024-08-10T00:19:09.570+0000] {dag.py:2690} INFO - Sync 1 DAGs
[2024-08-10T00:19:09.610+0000] {logging_mixin.py:137} INFO - [2024-08-10T00:19:09.609+0000] {dag.py:3441} INFO - Setting next_dagrun for dag_inmet to 2024-08-05T09:00:00+00:00, run_after=2024-09-05T09:00:00+00:00
[2024-08-10T00:19:09.660+0000] {processor.py:175} INFO - Processing /opt/airflow/dags/dag_inmet.py took 0.293 seconds
[2024-08-10T00:19:20.230+0000] {processor.py:153} INFO - Started process (PID=42) to work on /opt/airflow/dags/dag_inmet.py
[2024-08-10T00:19:20.243+0000] {processor.py:743} INFO - Processing file /opt/airflow/dags/dag_inmet.py for tasks to queue
[2024-08-10T00:19:20.245+0000] {logging_mixin.py:137} INFO - [2024-08-10T00:19:20.245+0000] {dagbag.py:538} INFO - Filling up the DagBag from /opt/airflow/dags/dag_inmet.py
[2024-08-10T00:19:20.416+0000] {processor.py:753} INFO - DAG(s) dict_keys(['dag_inmet']) retrieved from /opt/airflow/dags/dag_inmet.py
[2024-08-10T00:19:20.508+0000] {logging_mixin.py:137} INFO - [2024-08-10T00:19:20.507+0000] {dag.py:2690} INFO - Sync 1 DAGs
[2024-08-10T00:19:20.579+0000] {logging_mixin.py:137} INFO - [2024-08-10T00:19:20.578+0000] {dag.py:3441} INFO - Setting next_dagrun for dag_inmet to 2024-08-05T09:00:00+00:00, run_after=2024-09-05T09:00:00+00:00
[2024-08-10T00:19:20.641+0000] {processor.py:175} INFO - Processing /opt/airflow/dags/dag_inmet.py took 0.418 seconds
[2024-08-10T00:19:31.294+0000] {processor.py:153} INFO - Started process (PID=42) to work on /opt/airflow/dags/dag_inmet.py
[2024-08-10T00:19:31.308+0000] {processor.py:743} INFO - Processing file /opt/airflow/dags/dag_inmet.py for tasks to queue
[2024-08-10T00:19:31.311+0000] {logging_mixin.py:137} INFO - [2024-08-10T00:19:31.310+0000] {dagbag.py:538} INFO - Filling up the DagBag from /opt/airflow/dags/dag_inmet.py
[2024-08-10T00:19:31.448+0000] {processor.py:753} INFO - DAG(s) dict_keys(['dag_inmet']) retrieved from /opt/airflow/dags/dag_inmet.py
[2024-08-10T00:19:31.473+0000] {logging_mixin.py:137} INFO - [2024-08-10T00:19:31.473+0000] {dag.py:2690} INFO - Sync 1 DAGs
[2024-08-10T00:19:31.495+0000] {logging_mixin.py:137} INFO - [2024-08-10T00:19:31.495+0000] {dag.py:3441} INFO - Setting next_dagrun for dag_inmet to 2024-08-05T09:00:00+00:00, run_after=2024-09-05T09:00:00+00:00
[2024-08-10T00:19:31.549+0000] {processor.py:175} INFO - Processing /opt/airflow/dags/dag_inmet.py took 0.262 seconds
[2024-08-10T00:19:42.340+0000] {processor.py:153} INFO - Started process (PID=42) to work on /opt/airflow/dags/dag_inmet.py
[2024-08-10T00:19:42.341+0000] {processor.py:743} INFO - Processing file /opt/airflow/dags/dag_inmet.py for tasks to queue
[2024-08-10T00:19:42.341+0000] {logging_mixin.py:137} INFO - [2024-08-10T00:19:42.341+0000] {dagbag.py:538} INFO - Filling up the DagBag from /opt/airflow/dags/dag_inmet.py
[2024-08-10T00:19:42.388+0000] {processor.py:753} INFO - DAG(s) dict_keys(['dag_inmet']) retrieved from /opt/airflow/dags/dag_inmet.py
[2024-08-10T00:19:42.413+0000] {logging_mixin.py:137} INFO - [2024-08-10T00:19:42.413+0000] {dag.py:2690} INFO - Sync 1 DAGs
[2024-08-10T00:19:42.433+0000] {logging_mixin.py:137} INFO - [2024-08-10T00:19:42.432+0000] {dag.py:3441} INFO - Setting next_dagrun for dag_inmet to 2024-08-05T09:00:00+00:00, run_after=2024-09-05T09:00:00+00:00
[2024-08-10T00:19:42.445+0000] {processor.py:175} INFO - Processing /opt/airflow/dags/dag_inmet.py took 0.108 seconds
[2024-08-10T00:19:53.512+0000] {processor.py:153} INFO - Started process (PID=42) to work on /opt/airflow/dags/dag_inmet.py
[2024-08-10T00:19:53.519+0000] {processor.py:743} INFO - Processing file /opt/airflow/dags/dag_inmet.py for tasks to queue
[2024-08-10T00:19:53.521+0000] {logging_mixin.py:137} INFO - [2024-08-10T00:19:53.521+0000] {dagbag.py:538} INFO - Filling up the DagBag from /opt/airflow/dags/dag_inmet.py
[2024-08-10T00:19:53.661+0000] {processor.py:753} INFO - DAG(s) dict_keys(['dag_inmet']) retrieved from /opt/airflow/dags/dag_inmet.py
[2024-08-10T00:19:53.704+0000] {logging_mixin.py:137} INFO - [2024-08-10T00:19:53.704+0000] {dag.py:2690} INFO - Sync 1 DAGs
[2024-08-10T00:19:53.776+0000] {logging_mixin.py:137} INFO - [2024-08-10T00:19:53.776+0000] {dag.py:3441} INFO - Setting next_dagrun for dag_inmet to 2024-08-05T09:00:00+00:00, run_after=2024-09-05T09:00:00+00:00
[2024-08-10T00:19:53.801+0000] {processor.py:175} INFO - Processing /opt/airflow/dags/dag_inmet.py took 0.302 seconds
[2024-08-10T00:20:05.722+0000] {processor.py:153} INFO - Started process (PID=42) to work on /opt/airflow/dags/dag_inmet.py
[2024-08-10T00:20:05.723+0000] {processor.py:743} INFO - Processing file /opt/airflow/dags/dag_inmet.py for tasks to queue
[2024-08-10T00:20:05.723+0000] {logging_mixin.py:137} INFO - [2024-08-10T00:20:05.723+0000] {dagbag.py:538} INFO - Filling up the DagBag from /opt/airflow/dags/dag_inmet.py
[2024-08-10T00:20:05.776+0000] {processor.py:753} INFO - DAG(s) dict_keys(['dag_inmet']) retrieved from /opt/airflow/dags/dag_inmet.py
[2024-08-10T00:20:05.814+0000] {logging_mixin.py:137} INFO - [2024-08-10T00:20:05.814+0000] {dag.py:2690} INFO - Sync 1 DAGs
[2024-08-10T00:20:05.842+0000] {logging_mixin.py:137} INFO - [2024-08-10T00:20:05.842+0000] {dag.py:3441} INFO - Setting next_dagrun for dag_inmet to 2024-08-05T09:00:00+00:00, run_after=2024-09-05T09:00:00+00:00
[2024-08-10T00:20:05.864+0000] {processor.py:175} INFO - Processing /opt/airflow/dags/dag_inmet.py took 0.144 seconds
[2024-08-10T00:20:16.563+0000] {processor.py:153} INFO - Started process (PID=42) to work on /opt/airflow/dags/dag_inmet.py
[2024-08-10T00:20:16.564+0000] {processor.py:743} INFO - Processing file /opt/airflow/dags/dag_inmet.py for tasks to queue
[2024-08-10T00:20:16.564+0000] {logging_mixin.py:137} INFO - [2024-08-10T00:20:16.564+0000] {dagbag.py:538} INFO - Filling up the DagBag from /opt/airflow/dags/dag_inmet.py
[2024-08-10T00:20:16.647+0000] {processor.py:753} INFO - DAG(s) dict_keys(['dag_inmet']) retrieved from /opt/airflow/dags/dag_inmet.py
[2024-08-10T00:20:16.697+0000] {logging_mixin.py:137} INFO - [2024-08-10T00:20:16.697+0000] {dag.py:2690} INFO - Sync 1 DAGs
[2024-08-10T00:20:16.736+0000] {logging_mixin.py:137} INFO - [2024-08-10T00:20:16.736+0000] {dag.py:3441} INFO - Setting next_dagrun for dag_inmet to 2024-08-05T09:00:00+00:00, run_after=2024-09-05T09:00:00+00:00
[2024-08-10T00:20:16.765+0000] {processor.py:175} INFO - Processing /opt/airflow/dags/dag_inmet.py took 0.206 seconds
[2024-08-10T00:20:27.142+0000] {processor.py:153} INFO - Started process (PID=42) to work on /opt/airflow/dags/dag_inmet.py
[2024-08-10T00:20:27.143+0000] {processor.py:743} INFO - Processing file /opt/airflow/dags/dag_inmet.py for tasks to queue
[2024-08-10T00:20:27.143+0000] {logging_mixin.py:137} INFO - [2024-08-10T00:20:27.143+0000] {dagbag.py:538} INFO - Filling up the DagBag from /opt/airflow/dags/dag_inmet.py
[2024-08-10T00:20:27.193+0000] {processor.py:753} INFO - DAG(s) dict_keys(['dag_inmet']) retrieved from /opt/airflow/dags/dag_inmet.py
[2024-08-10T00:20:27.222+0000] {logging_mixin.py:137} INFO - [2024-08-10T00:20:27.222+0000] {dag.py:2690} INFO - Sync 1 DAGs
[2024-08-10T00:20:27.244+0000] {logging_mixin.py:137} INFO - [2024-08-10T00:20:27.243+0000] {dag.py:3441} INFO - Setting next_dagrun for dag_inmet to 2024-08-05T09:00:00+00:00, run_after=2024-09-05T09:00:00+00:00
[2024-08-10T00:20:27.259+0000] {processor.py:175} INFO - Processing /opt/airflow/dags/dag_inmet.py took 0.119 seconds
[2024-08-10T00:20:36.527+0000] {processor.py:153} INFO - Started process (PID=42) to work on /opt/airflow/dags/dag_inmet.py
[2024-08-10T00:20:36.527+0000] {processor.py:743} INFO - Processing file /opt/airflow/dags/dag_inmet.py for tasks to queue
[2024-08-10T00:20:36.528+0000] {logging_mixin.py:137} INFO - [2024-08-10T00:20:36.528+0000] {dagbag.py:538} INFO - Filling up the DagBag from /opt/airflow/dags/dag_inmet.py
[2024-08-10T00:20:36.594+0000] {processor.py:753} INFO - DAG(s) dict_keys(['dag_inmet']) retrieved from /opt/airflow/dags/dag_inmet.py
[2024-08-10T00:20:36.652+0000] {logging_mixin.py:137} INFO - [2024-08-10T00:20:36.651+0000] {dag.py:2690} INFO - Sync 1 DAGs
[2024-08-10T00:20:36.730+0000] {logging_mixin.py:137} INFO - [2024-08-10T00:20:36.729+0000] {dag.py:3441} INFO - Setting next_dagrun for dag_inmet to 2024-08-05T09:00:00+00:00, run_after=2024-09-05T09:00:00+00:00
[2024-08-10T00:20:36.792+0000] {processor.py:175} INFO - Processing /opt/airflow/dags/dag_inmet.py took 0.268 seconds
[2024-08-10T00:20:46.462+0000] {processor.py:153} INFO - Started process (PID=42) to work on /opt/airflow/dags/dag_inmet.py
[2024-08-10T00:20:46.463+0000] {processor.py:743} INFO - Processing file /opt/airflow/dags/dag_inmet.py for tasks to queue
[2024-08-10T00:20:46.464+0000] {logging_mixin.py:137} INFO - [2024-08-10T00:20:46.464+0000] {dagbag.py:538} INFO - Filling up the DagBag from /opt/airflow/dags/dag_inmet.py
[2024-08-10T00:20:46.521+0000] {processor.py:753} INFO - DAG(s) dict_keys(['dag_inmet']) retrieved from /opt/airflow/dags/dag_inmet.py
[2024-08-10T00:20:46.585+0000] {logging_mixin.py:137} INFO - [2024-08-10T00:20:46.584+0000] {dag.py:2690} INFO - Sync 1 DAGs
[2024-08-10T00:20:46.666+0000] {logging_mixin.py:137} INFO - [2024-08-10T00:20:46.666+0000] {dag.py:3441} INFO - Setting next_dagrun for dag_inmet to 2024-08-05T09:00:00+00:00, run_after=2024-09-05T09:00:00+00:00
[2024-08-10T00:20:46.730+0000] {processor.py:175} INFO - Processing /opt/airflow/dags/dag_inmet.py took 0.269 seconds
[2024-08-10T00:20:58.370+0000] {processor.py:153} INFO - Started process (PID=42) to work on /opt/airflow/dags/dag_inmet.py
[2024-08-10T00:20:58.371+0000] {processor.py:743} INFO - Processing file /opt/airflow/dags/dag_inmet.py for tasks to queue
[2024-08-10T00:20:58.371+0000] {logging_mixin.py:137} INFO - [2024-08-10T00:20:58.371+0000] {dagbag.py:538} INFO - Filling up the DagBag from /opt/airflow/dags/dag_inmet.py
[2024-08-10T00:20:58.437+0000] {processor.py:753} INFO - DAG(s) dict_keys(['dag_inmet']) retrieved from /opt/airflow/dags/dag_inmet.py
[2024-08-10T00:20:58.491+0000] {logging_mixin.py:137} INFO - [2024-08-10T00:20:58.491+0000] {dag.py:2690} INFO - Sync 1 DAGs
[2024-08-10T00:20:58.525+0000] {logging_mixin.py:137} INFO - [2024-08-10T00:20:58.525+0000] {dag.py:3441} INFO - Setting next_dagrun for dag_inmet to 2024-08-05T09:00:00+00:00, run_after=2024-09-05T09:00:00+00:00
[2024-08-10T00:20:58.552+0000] {processor.py:175} INFO - Processing /opt/airflow/dags/dag_inmet.py took 0.184 seconds
[2024-08-10T00:21:09.906+0000] {processor.py:153} INFO - Started process (PID=42) to work on /opt/airflow/dags/dag_inmet.py
[2024-08-10T00:21:09.907+0000] {processor.py:743} INFO - Processing file /opt/airflow/dags/dag_inmet.py for tasks to queue
[2024-08-10T00:21:09.908+0000] {logging_mixin.py:137} INFO - [2024-08-10T00:21:09.907+0000] {dagbag.py:538} INFO - Filling up the DagBag from /opt/airflow/dags/dag_inmet.py
[2024-08-10T00:21:09.995+0000] {processor.py:753} INFO - DAG(s) dict_keys(['dag_inmet']) retrieved from /opt/airflow/dags/dag_inmet.py
[2024-08-10T00:21:10.072+0000] {logging_mixin.py:137} INFO - [2024-08-10T00:21:10.072+0000] {dag.py:2690} INFO - Sync 1 DAGs
[2024-08-10T00:21:10.134+0000] {logging_mixin.py:137} INFO - [2024-08-10T00:21:10.134+0000] {dag.py:3441} INFO - Setting next_dagrun for dag_inmet to 2024-08-05T09:00:00+00:00, run_after=2024-09-05T09:00:00+00:00
[2024-08-10T00:21:10.181+0000] {processor.py:175} INFO - Processing /opt/airflow/dags/dag_inmet.py took 0.277 seconds
[2024-08-10T00:21:20.064+0000] {processor.py:153} INFO - Started process (PID=42) to work on /opt/airflow/dags/dag_inmet.py
[2024-08-10T00:21:20.065+0000] {processor.py:743} INFO - Processing file /opt/airflow/dags/dag_inmet.py for tasks to queue
[2024-08-10T00:21:20.066+0000] {logging_mixin.py:137} INFO - [2024-08-10T00:21:20.065+0000] {dagbag.py:538} INFO - Filling up the DagBag from /opt/airflow/dags/dag_inmet.py
[2024-08-10T00:21:20.116+0000] {processor.py:753} INFO - DAG(s) dict_keys(['dag_inmet']) retrieved from /opt/airflow/dags/dag_inmet.py
[2024-08-10T00:21:20.144+0000] {logging_mixin.py:137} INFO - [2024-08-10T00:21:20.143+0000] {dag.py:2690} INFO - Sync 1 DAGs
[2024-08-10T00:21:20.165+0000] {logging_mixin.py:137} INFO - [2024-08-10T00:21:20.164+0000] {dag.py:3441} INFO - Setting next_dagrun for dag_inmet to 2024-08-05T09:00:00+00:00, run_after=2024-09-05T09:00:00+00:00
[2024-08-10T00:21:20.180+0000] {processor.py:175} INFO - Processing /opt/airflow/dags/dag_inmet.py took 0.118 seconds
[2024-08-10T00:21:30.177+0000] {processor.py:153} INFO - Started process (PID=42) to work on /opt/airflow/dags/dag_inmet.py
[2024-08-10T00:21:30.178+0000] {processor.py:743} INFO - Processing file /opt/airflow/dags/dag_inmet.py for tasks to queue
[2024-08-10T00:21:30.178+0000] {logging_mixin.py:137} INFO - [2024-08-10T00:21:30.178+0000] {dagbag.py:538} INFO - Filling up the DagBag from /opt/airflow/dags/dag_inmet.py
[2024-08-10T00:21:30.229+0000] {processor.py:753} INFO - DAG(s) dict_keys(['dag_inmet']) retrieved from /opt/airflow/dags/dag_inmet.py
[2024-08-10T00:21:30.257+0000] {logging_mixin.py:137} INFO - [2024-08-10T00:21:30.257+0000] {dag.py:2690} INFO - Sync 1 DAGs
[2024-08-10T00:21:30.309+0000] {logging_mixin.py:137} INFO - [2024-08-10T00:21:30.309+0000] {dag.py:3441} INFO - Setting next_dagrun for dag_inmet to 2024-08-05T09:00:00+00:00, run_after=2024-09-05T09:00:00+00:00
[2024-08-10T00:21:30.336+0000] {processor.py:175} INFO - Processing /opt/airflow/dags/dag_inmet.py took 0.161 seconds
[2024-08-10T00:21:39.758+0000] {processor.py:153} INFO - Started process (PID=42) to work on /opt/airflow/dags/dag_inmet.py
[2024-08-10T00:21:39.764+0000] {processor.py:743} INFO - Processing file /opt/airflow/dags/dag_inmet.py for tasks to queue
[2024-08-10T00:21:39.766+0000] {logging_mixin.py:137} INFO - [2024-08-10T00:21:39.765+0000] {dagbag.py:538} INFO - Filling up the DagBag from /opt/airflow/dags/dag_inmet.py
[2024-08-10T00:21:39.920+0000] {processor.py:753} INFO - DAG(s) dict_keys(['dag_inmet']) retrieved from /opt/airflow/dags/dag_inmet.py
[2024-08-10T00:21:40.011+0000] {logging_mixin.py:137} INFO - [2024-08-10T00:21:40.011+0000] {dag.py:2690} INFO - Sync 1 DAGs
[2024-08-10T00:21:40.083+0000] {logging_mixin.py:137} INFO - [2024-08-10T00:21:40.082+0000] {dag.py:3441} INFO - Setting next_dagrun for dag_inmet to 2024-08-05T09:00:00+00:00, run_after=2024-09-05T09:00:00+00:00
[2024-08-10T00:21:40.130+0000] {processor.py:175} INFO - Processing /opt/airflow/dags/dag_inmet.py took 0.380 seconds
[2024-08-10T00:21:49.816+0000] {processor.py:153} INFO - Started process (PID=42) to work on /opt/airflow/dags/dag_inmet.py
[2024-08-10T00:21:49.816+0000] {processor.py:743} INFO - Processing file /opt/airflow/dags/dag_inmet.py for tasks to queue
[2024-08-10T00:21:49.817+0000] {logging_mixin.py:137} INFO - [2024-08-10T00:21:49.817+0000] {dagbag.py:538} INFO - Filling up the DagBag from /opt/airflow/dags/dag_inmet.py
[2024-08-10T00:21:49.866+0000] {processor.py:753} INFO - DAG(s) dict_keys(['dag_inmet']) retrieved from /opt/airflow/dags/dag_inmet.py
[2024-08-10T00:21:49.906+0000] {logging_mixin.py:137} INFO - [2024-08-10T00:21:49.905+0000] {dag.py:2690} INFO - Sync 1 DAGs
[2024-08-10T00:21:49.957+0000] {logging_mixin.py:137} INFO - [2024-08-10T00:21:49.957+0000] {dag.py:3441} INFO - Setting next_dagrun for dag_inmet to 2024-08-05T09:00:00+00:00, run_after=2024-09-05T09:00:00+00:00
[2024-08-10T00:21:49.998+0000] {processor.py:175} INFO - Processing /opt/airflow/dags/dag_inmet.py took 0.184 seconds
[2024-08-10T00:22:00.831+0000] {processor.py:153} INFO - Started process (PID=42) to work on /opt/airflow/dags/dag_inmet.py
[2024-08-10T00:22:00.833+0000] {processor.py:743} INFO - Processing file /opt/airflow/dags/dag_inmet.py for tasks to queue
[2024-08-10T00:22:00.834+0000] {logging_mixin.py:137} INFO - [2024-08-10T00:22:00.833+0000] {dagbag.py:538} INFO - Filling up the DagBag from /opt/airflow/dags/dag_inmet.py
[2024-08-10T00:22:00.942+0000] {processor.py:753} INFO - DAG(s) dict_keys(['dag_inmet']) retrieved from /opt/airflow/dags/dag_inmet.py
[2024-08-10T00:22:01.017+0000] {logging_mixin.py:137} INFO - [2024-08-10T00:22:01.017+0000] {dag.py:2690} INFO - Sync 1 DAGs
[2024-08-10T00:22:01.111+0000] {logging_mixin.py:137} INFO - [2024-08-10T00:22:01.111+0000] {dag.py:3441} INFO - Setting next_dagrun for dag_inmet to 2024-08-05T09:00:00+00:00, run_after=2024-09-05T09:00:00+00:00
[2024-08-10T00:22:01.171+0000] {processor.py:175} INFO - Processing /opt/airflow/dags/dag_inmet.py took 0.344 seconds
[2024-08-10T00:22:14.330+0000] {processor.py:153} INFO - Started process (PID=42) to work on /opt/airflow/dags/dag_inmet.py
[2024-08-10T00:22:14.331+0000] {processor.py:743} INFO - Processing file /opt/airflow/dags/dag_inmet.py for tasks to queue
[2024-08-10T00:22:14.333+0000] {logging_mixin.py:137} INFO - [2024-08-10T00:22:14.332+0000] {dagbag.py:538} INFO - Filling up the DagBag from /opt/airflow/dags/dag_inmet.py
[2024-08-10T00:22:14.452+0000] {processor.py:753} INFO - DAG(s) dict_keys(['dag_inmet']) retrieved from /opt/airflow/dags/dag_inmet.py
[2024-08-10T00:22:14.488+0000] {logging_mixin.py:137} INFO - [2024-08-10T00:22:14.488+0000] {dag.py:2690} INFO - Sync 1 DAGs
[2024-08-10T00:22:14.538+0000] {logging_mixin.py:137} INFO - [2024-08-10T00:22:14.538+0000] {dag.py:3441} INFO - Setting next_dagrun for dag_inmet to 2024-08-05T09:00:00+00:00, run_after=2024-09-05T09:00:00+00:00
[2024-08-10T00:22:14.581+0000] {processor.py:175} INFO - Processing /opt/airflow/dags/dag_inmet.py took 0.260 seconds
[2024-08-10T00:22:27.052+0000] {processor.py:153} INFO - Started process (PID=42) to work on /opt/airflow/dags/dag_inmet.py
[2024-08-10T00:22:27.053+0000] {processor.py:743} INFO - Processing file /opt/airflow/dags/dag_inmet.py for tasks to queue
[2024-08-10T00:22:27.053+0000] {logging_mixin.py:137} INFO - [2024-08-10T00:22:27.053+0000] {dagbag.py:538} INFO - Filling up the DagBag from /opt/airflow/dags/dag_inmet.py
[2024-08-10T00:22:27.146+0000] {processor.py:753} INFO - DAG(s) dict_keys(['dag_inmet']) retrieved from /opt/airflow/dags/dag_inmet.py
[2024-08-10T00:22:27.177+0000] {logging_mixin.py:137} INFO - [2024-08-10T00:22:27.177+0000] {dag.py:2690} INFO - Sync 1 DAGs
[2024-08-10T00:22:27.200+0000] {logging_mixin.py:137} INFO - [2024-08-10T00:22:27.200+0000] {dag.py:3441} INFO - Setting next_dagrun for dag_inmet to 2024-08-05T09:00:00+00:00, run_after=2024-09-05T09:00:00+00:00
[2024-08-10T00:22:27.216+0000] {processor.py:175} INFO - Processing /opt/airflow/dags/dag_inmet.py took 0.166 seconds
[2024-08-10T00:22:36.911+0000] {processor.py:153} INFO - Started process (PID=42) to work on /opt/airflow/dags/dag_inmet.py
[2024-08-10T00:22:36.912+0000] {processor.py:743} INFO - Processing file /opt/airflow/dags/dag_inmet.py for tasks to queue
[2024-08-10T00:22:36.912+0000] {logging_mixin.py:137} INFO - [2024-08-10T00:22:36.912+0000] {dagbag.py:538} INFO - Filling up the DagBag from /opt/airflow/dags/dag_inmet.py
[2024-08-10T00:22:36.990+0000] {processor.py:753} INFO - DAG(s) dict_keys(['dag_inmet']) retrieved from /opt/airflow/dags/dag_inmet.py
[2024-08-10T00:22:37.061+0000] {logging_mixin.py:137} INFO - [2024-08-10T00:22:37.061+0000] {dag.py:2690} INFO - Sync 1 DAGs
[2024-08-10T00:22:37.116+0000] {logging_mixin.py:137} INFO - [2024-08-10T00:22:37.116+0000] {dag.py:3441} INFO - Setting next_dagrun for dag_inmet to 2024-08-05T09:00:00+00:00, run_after=2024-09-05T09:00:00+00:00
[2024-08-10T00:22:37.153+0000] {processor.py:175} INFO - Processing /opt/airflow/dags/dag_inmet.py took 0.244 seconds
[2024-08-10T00:22:47.146+0000] {processor.py:153} INFO - Started process (PID=42) to work on /opt/airflow/dags/dag_inmet.py
[2024-08-10T00:22:47.148+0000] {processor.py:743} INFO - Processing file /opt/airflow/dags/dag_inmet.py for tasks to queue
[2024-08-10T00:22:47.150+0000] {logging_mixin.py:137} INFO - [2024-08-10T00:22:47.149+0000] {dagbag.py:538} INFO - Filling up the DagBag from /opt/airflow/dags/dag_inmet.py
[2024-08-10T00:22:47.323+0000] {processor.py:753} INFO - DAG(s) dict_keys(['dag_inmet']) retrieved from /opt/airflow/dags/dag_inmet.py
[2024-08-10T00:22:47.442+0000] {logging_mixin.py:137} INFO - [2024-08-10T00:22:47.442+0000] {dag.py:2690} INFO - Sync 1 DAGs
[2024-08-10T00:22:47.479+0000] {logging_mixin.py:137} INFO - [2024-08-10T00:22:47.479+0000] {dag.py:3441} INFO - Setting next_dagrun for dag_inmet to 2024-08-05T09:00:00+00:00, run_after=2024-09-05T09:00:00+00:00
[2024-08-10T00:22:47.496+0000] {processor.py:175} INFO - Processing /opt/airflow/dags/dag_inmet.py took 0.357 seconds
[2024-08-10T00:22:58.252+0000] {processor.py:153} INFO - Started process (PID=42) to work on /opt/airflow/dags/dag_inmet.py
[2024-08-10T00:22:58.253+0000] {processor.py:743} INFO - Processing file /opt/airflow/dags/dag_inmet.py for tasks to queue
[2024-08-10T00:22:58.254+0000] {logging_mixin.py:137} INFO - [2024-08-10T00:22:58.253+0000] {dagbag.py:538} INFO - Filling up the DagBag from /opt/airflow/dags/dag_inmet.py
[2024-08-10T00:22:58.310+0000] {processor.py:753} INFO - DAG(s) dict_keys(['dag_inmet']) retrieved from /opt/airflow/dags/dag_inmet.py
[2024-08-10T00:22:58.341+0000] {logging_mixin.py:137} INFO - [2024-08-10T00:22:58.341+0000] {dag.py:2690} INFO - Sync 1 DAGs
[2024-08-10T00:22:58.366+0000] {logging_mixin.py:137} INFO - [2024-08-10T00:22:58.365+0000] {dag.py:3441} INFO - Setting next_dagrun for dag_inmet to 2024-08-05T09:00:00+00:00, run_after=2024-09-05T09:00:00+00:00
[2024-08-10T00:22:58.382+0000] {processor.py:175} INFO - Processing /opt/airflow/dags/dag_inmet.py took 0.133 seconds
[2024-08-10T00:23:08.140+0000] {processor.py:153} INFO - Started process (PID=42) to work on /opt/airflow/dags/dag_inmet.py
[2024-08-10T00:23:08.141+0000] {processor.py:743} INFO - Processing file /opt/airflow/dags/dag_inmet.py for tasks to queue
[2024-08-10T00:23:08.142+0000] {logging_mixin.py:137} INFO - [2024-08-10T00:23:08.142+0000] {dagbag.py:538} INFO - Filling up the DagBag from /opt/airflow/dags/dag_inmet.py
[2024-08-10T00:23:08.318+0000] {processor.py:753} INFO - DAG(s) dict_keys(['dag_inmet']) retrieved from /opt/airflow/dags/dag_inmet.py
[2024-08-10T00:23:08.414+0000] {logging_mixin.py:137} INFO - [2024-08-10T00:23:08.414+0000] {dag.py:2690} INFO - Sync 1 DAGs
[2024-08-10T00:23:08.493+0000] {logging_mixin.py:137} INFO - [2024-08-10T00:23:08.493+0000] {dag.py:3441} INFO - Setting next_dagrun for dag_inmet to 2024-08-05T09:00:00+00:00, run_after=2024-09-05T09:00:00+00:00
[2024-08-10T00:23:08.552+0000] {processor.py:175} INFO - Processing /opt/airflow/dags/dag_inmet.py took 0.418 seconds
[2024-08-10T00:23:18.675+0000] {processor.py:153} INFO - Started process (PID=42) to work on /opt/airflow/dags/dag_inmet.py
[2024-08-10T00:23:18.675+0000] {processor.py:743} INFO - Processing file /opt/airflow/dags/dag_inmet.py for tasks to queue
[2024-08-10T00:23:18.676+0000] {logging_mixin.py:137} INFO - [2024-08-10T00:23:18.676+0000] {dagbag.py:538} INFO - Filling up the DagBag from /opt/airflow/dags/dag_inmet.py
[2024-08-10T00:23:18.727+0000] {processor.py:753} INFO - DAG(s) dict_keys(['dag_inmet']) retrieved from /opt/airflow/dags/dag_inmet.py
[2024-08-10T00:23:18.769+0000] {logging_mixin.py:137} INFO - [2024-08-10T00:23:18.769+0000] {dag.py:2690} INFO - Sync 1 DAGs
[2024-08-10T00:23:18.814+0000] {logging_mixin.py:137} INFO - [2024-08-10T00:23:18.814+0000] {dag.py:3441} INFO - Setting next_dagrun for dag_inmet to 2024-08-05T09:00:00+00:00, run_after=2024-09-05T09:00:00+00:00
[2024-08-10T00:23:18.850+0000] {processor.py:175} INFO - Processing /opt/airflow/dags/dag_inmet.py took 0.177 seconds
[2024-08-10T00:23:28.905+0000] {processor.py:153} INFO - Started process (PID=42) to work on /opt/airflow/dags/dag_inmet.py
[2024-08-10T00:23:28.906+0000] {processor.py:743} INFO - Processing file /opt/airflow/dags/dag_inmet.py for tasks to queue
[2024-08-10T00:23:28.906+0000] {logging_mixin.py:137} INFO - [2024-08-10T00:23:28.906+0000] {dagbag.py:538} INFO - Filling up the DagBag from /opt/airflow/dags/dag_inmet.py
[2024-08-10T00:23:29.036+0000] {processor.py:753} INFO - DAG(s) dict_keys(['dag_inmet']) retrieved from /opt/airflow/dags/dag_inmet.py
[2024-08-10T00:23:29.128+0000] {logging_mixin.py:137} INFO - [2024-08-10T00:23:29.128+0000] {dag.py:2690} INFO - Sync 1 DAGs
[2024-08-10T00:23:29.196+0000] {logging_mixin.py:137} INFO - [2024-08-10T00:23:29.196+0000] {dag.py:3441} INFO - Setting next_dagrun for dag_inmet to 2024-08-05T09:00:00+00:00, run_after=2024-09-05T09:00:00+00:00
[2024-08-10T00:23:29.252+0000] {processor.py:175} INFO - Processing /opt/airflow/dags/dag_inmet.py took 0.349 seconds
[2024-08-10T00:23:38.894+0000] {processor.py:153} INFO - Started process (PID=42) to work on /opt/airflow/dags/dag_inmet.py
[2024-08-10T00:23:38.895+0000] {processor.py:743} INFO - Processing file /opt/airflow/dags/dag_inmet.py for tasks to queue
[2024-08-10T00:23:38.895+0000] {logging_mixin.py:137} INFO - [2024-08-10T00:23:38.895+0000] {dagbag.py:538} INFO - Filling up the DagBag from /opt/airflow/dags/dag_inmet.py
[2024-08-10T00:23:38.944+0000] {processor.py:753} INFO - DAG(s) dict_keys(['dag_inmet']) retrieved from /opt/airflow/dags/dag_inmet.py
[2024-08-10T00:23:38.980+0000] {logging_mixin.py:137} INFO - [2024-08-10T00:23:38.980+0000] {dag.py:2690} INFO - Sync 1 DAGs
[2024-08-10T00:23:39.017+0000] {logging_mixin.py:137} INFO - [2024-08-10T00:23:39.017+0000] {dag.py:3441} INFO - Setting next_dagrun for dag_inmet to 2024-08-05T09:00:00+00:00, run_after=2024-09-05T09:00:00+00:00
[2024-08-10T00:23:39.043+0000] {processor.py:175} INFO - Processing /opt/airflow/dags/dag_inmet.py took 0.151 seconds
[2024-08-10T00:23:49.577+0000] {processor.py:153} INFO - Started process (PID=42) to work on /opt/airflow/dags/dag_inmet.py
[2024-08-10T00:23:49.578+0000] {processor.py:743} INFO - Processing file /opt/airflow/dags/dag_inmet.py for tasks to queue
[2024-08-10T00:23:49.578+0000] {logging_mixin.py:137} INFO - [2024-08-10T00:23:49.578+0000] {dagbag.py:538} INFO - Filling up the DagBag from /opt/airflow/dags/dag_inmet.py
[2024-08-10T00:23:49.637+0000] {processor.py:753} INFO - DAG(s) dict_keys(['dag_inmet']) retrieved from /opt/airflow/dags/dag_inmet.py
[2024-08-10T00:23:49.700+0000] {logging_mixin.py:137} INFO - [2024-08-10T00:23:49.699+0000] {dag.py:2690} INFO - Sync 1 DAGs
[2024-08-10T00:23:49.766+0000] {logging_mixin.py:137} INFO - [2024-08-10T00:23:49.766+0000] {dag.py:3441} INFO - Setting next_dagrun for dag_inmet to 2024-08-05T09:00:00+00:00, run_after=2024-09-05T09:00:00+00:00
[2024-08-10T00:23:49.809+0000] {processor.py:175} INFO - Processing /opt/airflow/dags/dag_inmet.py took 0.234 seconds
[2024-08-10T00:24:02.267+0000] {processor.py:153} INFO - Started process (PID=42) to work on /opt/airflow/dags/dag_inmet.py
[2024-08-10T00:24:02.268+0000] {processor.py:743} INFO - Processing file /opt/airflow/dags/dag_inmet.py for tasks to queue
[2024-08-10T00:24:02.269+0000] {logging_mixin.py:137} INFO - [2024-08-10T00:24:02.268+0000] {dagbag.py:538} INFO - Filling up the DagBag from /opt/airflow/dags/dag_inmet.py
[2024-08-10T00:24:02.339+0000] {processor.py:753} INFO - DAG(s) dict_keys(['dag_inmet']) retrieved from /opt/airflow/dags/dag_inmet.py
[2024-08-10T00:24:02.394+0000] {logging_mixin.py:137} INFO - [2024-08-10T00:24:02.394+0000] {dag.py:2690} INFO - Sync 1 DAGs
[2024-08-10T00:24:02.462+0000] {logging_mixin.py:137} INFO - [2024-08-10T00:24:02.462+0000] {dag.py:3441} INFO - Setting next_dagrun for dag_inmet to 2024-08-05T09:00:00+00:00, run_after=2024-09-05T09:00:00+00:00
[2024-08-10T00:24:02.512+0000] {processor.py:175} INFO - Processing /opt/airflow/dags/dag_inmet.py took 0.248 seconds
[2024-08-10T00:24:13.785+0000] {processor.py:153} INFO - Started process (PID=42) to work on /opt/airflow/dags/dag_inmet.py
[2024-08-10T00:24:13.786+0000] {processor.py:743} INFO - Processing file /opt/airflow/dags/dag_inmet.py for tasks to queue
[2024-08-10T00:24:13.787+0000] {logging_mixin.py:137} INFO - [2024-08-10T00:24:13.786+0000] {dagbag.py:538} INFO - Filling up the DagBag from /opt/airflow/dags/dag_inmet.py
[2024-08-10T00:24:13.852+0000] {processor.py:753} INFO - DAG(s) dict_keys(['dag_inmet']) retrieved from /opt/airflow/dags/dag_inmet.py
[2024-08-10T00:24:13.905+0000] {logging_mixin.py:137} INFO - [2024-08-10T00:24:13.904+0000] {dag.py:2690} INFO - Sync 1 DAGs
[2024-08-10T00:24:13.932+0000] {logging_mixin.py:137} INFO - [2024-08-10T00:24:13.932+0000] {dag.py:3441} INFO - Setting next_dagrun for dag_inmet to 2024-08-05T09:00:00+00:00, run_after=2024-09-05T09:00:00+00:00
[2024-08-10T00:24:13.960+0000] {processor.py:175} INFO - Processing /opt/airflow/dags/dag_inmet.py took 0.179 seconds
[2024-08-10T00:24:24.919+0000] {processor.py:153} INFO - Started process (PID=42) to work on /opt/airflow/dags/dag_inmet.py
[2024-08-10T00:24:24.919+0000] {processor.py:743} INFO - Processing file /opt/airflow/dags/dag_inmet.py for tasks to queue
[2024-08-10T00:24:24.920+0000] {logging_mixin.py:137} INFO - [2024-08-10T00:24:24.920+0000] {dagbag.py:538} INFO - Filling up the DagBag from /opt/airflow/dags/dag_inmet.py
[2024-08-10T00:24:24.974+0000] {processor.py:753} INFO - DAG(s) dict_keys(['dag_inmet']) retrieved from /opt/airflow/dags/dag_inmet.py
[2024-08-10T00:24:25.007+0000] {logging_mixin.py:137} INFO - [2024-08-10T00:24:25.007+0000] {dag.py:2690} INFO - Sync 1 DAGs
[2024-08-10T00:24:25.033+0000] {logging_mixin.py:137} INFO - [2024-08-10T00:24:25.033+0000] {dag.py:3441} INFO - Setting next_dagrun for dag_inmet to 2024-08-05T09:00:00+00:00, run_after=2024-09-05T09:00:00+00:00
[2024-08-10T00:24:25.051+0000] {processor.py:175} INFO - Processing /opt/airflow/dags/dag_inmet.py took 0.135 seconds
[2024-08-10T00:24:34.932+0000] {processor.py:153} INFO - Started process (PID=42) to work on /opt/airflow/dags/dag_inmet.py
[2024-08-10T00:24:34.932+0000] {processor.py:743} INFO - Processing file /opt/airflow/dags/dag_inmet.py for tasks to queue
[2024-08-10T00:24:34.933+0000] {logging_mixin.py:137} INFO - [2024-08-10T00:24:34.933+0000] {dagbag.py:538} INFO - Filling up the DagBag from /opt/airflow/dags/dag_inmet.py
[2024-08-10T00:24:35.014+0000] {processor.py:753} INFO - DAG(s) dict_keys(['dag_inmet']) retrieved from /opt/airflow/dags/dag_inmet.py
[2024-08-10T00:24:35.042+0000] {logging_mixin.py:137} INFO - [2024-08-10T00:24:35.042+0000] {dag.py:2690} INFO - Sync 1 DAGs
[2024-08-10T00:24:35.064+0000] {logging_mixin.py:137} INFO - [2024-08-10T00:24:35.064+0000] {dag.py:3441} INFO - Setting next_dagrun for dag_inmet to 2024-08-05T09:00:00+00:00, run_after=2024-09-05T09:00:00+00:00
[2024-08-10T00:24:35.079+0000] {processor.py:175} INFO - Processing /opt/airflow/dags/dag_inmet.py took 0.149 seconds
[2024-08-10T00:24:44.700+0000] {processor.py:153} INFO - Started process (PID=42) to work on /opt/airflow/dags/dag_inmet.py
[2024-08-10T00:24:44.701+0000] {processor.py:743} INFO - Processing file /opt/airflow/dags/dag_inmet.py for tasks to queue
[2024-08-10T00:24:44.702+0000] {logging_mixin.py:137} INFO - [2024-08-10T00:24:44.701+0000] {dagbag.py:538} INFO - Filling up the DagBag from /opt/airflow/dags/dag_inmet.py
[2024-08-10T00:24:44.783+0000] {processor.py:753} INFO - DAG(s) dict_keys(['dag_inmet']) retrieved from /opt/airflow/dags/dag_inmet.py
[2024-08-10T00:24:44.841+0000] {logging_mixin.py:137} INFO - [2024-08-10T00:24:44.840+0000] {dag.py:2690} INFO - Sync 1 DAGs
[2024-08-10T00:24:44.886+0000] {logging_mixin.py:137} INFO - [2024-08-10T00:24:44.886+0000] {dag.py:3441} INFO - Setting next_dagrun for dag_inmet to 2024-08-05T09:00:00+00:00, run_after=2024-09-05T09:00:00+00:00
[2024-08-10T00:24:44.922+0000] {processor.py:175} INFO - Processing /opt/airflow/dags/dag_inmet.py took 0.225 seconds
[2024-08-10T00:24:54.290+0000] {processor.py:153} INFO - Started process (PID=42) to work on /opt/airflow/dags/dag_inmet.py
[2024-08-10T00:24:54.291+0000] {processor.py:743} INFO - Processing file /opt/airflow/dags/dag_inmet.py for tasks to queue
[2024-08-10T00:24:54.293+0000] {logging_mixin.py:137} INFO - [2024-08-10T00:24:54.293+0000] {dagbag.py:538} INFO - Filling up the DagBag from /opt/airflow/dags/dag_inmet.py
[2024-08-10T00:24:54.469+0000] {processor.py:753} INFO - DAG(s) dict_keys(['dag_inmet']) retrieved from /opt/airflow/dags/dag_inmet.py
[2024-08-10T00:24:54.510+0000] {logging_mixin.py:137} INFO - [2024-08-10T00:24:54.510+0000] {dag.py:2690} INFO - Sync 1 DAGs
[2024-08-10T00:24:54.530+0000] {logging_mixin.py:137} INFO - [2024-08-10T00:24:54.530+0000] {dag.py:3441} INFO - Setting next_dagrun for dag_inmet to 2024-08-05T09:00:00+00:00, run_after=2024-09-05T09:00:00+00:00
[2024-08-10T00:24:54.543+0000] {processor.py:175} INFO - Processing /opt/airflow/dags/dag_inmet.py took 0.263 seconds
[2024-08-10T00:25:05.945+0000] {processor.py:153} INFO - Started process (PID=42) to work on /opt/airflow/dags/dag_inmet.py
[2024-08-10T00:25:05.946+0000] {processor.py:743} INFO - Processing file /opt/airflow/dags/dag_inmet.py for tasks to queue
[2024-08-10T00:25:05.946+0000] {logging_mixin.py:137} INFO - [2024-08-10T00:25:05.946+0000] {dagbag.py:538} INFO - Filling up the DagBag from /opt/airflow/dags/dag_inmet.py
[2024-08-10T00:25:05.995+0000] {processor.py:753} INFO - DAG(s) dict_keys(['dag_inmet']) retrieved from /opt/airflow/dags/dag_inmet.py
[2024-08-10T00:25:06.034+0000] {logging_mixin.py:137} INFO - [2024-08-10T00:25:06.033+0000] {dag.py:2690} INFO - Sync 1 DAGs
[2024-08-10T00:25:06.084+0000] {logging_mixin.py:137} INFO - [2024-08-10T00:25:06.084+0000] {dag.py:3441} INFO - Setting next_dagrun for dag_inmet to 2024-08-05T09:00:00+00:00, run_after=2024-09-05T09:00:00+00:00
[2024-08-10T00:25:06.127+0000] {processor.py:175} INFO - Processing /opt/airflow/dags/dag_inmet.py took 0.184 seconds
[2024-08-10T00:25:18.214+0000] {processor.py:153} INFO - Started process (PID=42) to work on /opt/airflow/dags/dag_inmet.py
[2024-08-10T00:25:18.216+0000] {processor.py:743} INFO - Processing file /opt/airflow/dags/dag_inmet.py for tasks to queue
[2024-08-10T00:25:18.217+0000] {logging_mixin.py:137} INFO - [2024-08-10T00:25:18.217+0000] {dagbag.py:538} INFO - Filling up the DagBag from /opt/airflow/dags/dag_inmet.py
[2024-08-10T00:25:18.363+0000] {processor.py:753} INFO - DAG(s) dict_keys(['dag_inmet']) retrieved from /opt/airflow/dags/dag_inmet.py
[2024-08-10T00:25:18.448+0000] {logging_mixin.py:137} INFO - [2024-08-10T00:25:18.448+0000] {dag.py:2690} INFO - Sync 1 DAGs
[2024-08-10T00:25:18.510+0000] {logging_mixin.py:137} INFO - [2024-08-10T00:25:18.509+0000] {dag.py:3441} INFO - Setting next_dagrun for dag_inmet to 2024-08-05T09:00:00+00:00, run_after=2024-09-05T09:00:00+00:00
[2024-08-10T00:25:18.554+0000] {processor.py:175} INFO - Processing /opt/airflow/dags/dag_inmet.py took 0.346 seconds
[2024-08-10T00:25:33.640+0000] {processor.py:153} INFO - Started process (PID=42) to work on /opt/airflow/dags/dag_inmet.py
[2024-08-10T00:25:33.642+0000] {processor.py:743} INFO - Processing file /opt/airflow/dags/dag_inmet.py for tasks to queue
[2024-08-10T00:25:33.643+0000] {logging_mixin.py:137} INFO - [2024-08-10T00:25:33.643+0000] {dagbag.py:538} INFO - Filling up the DagBag from /opt/airflow/dags/dag_inmet.py
[2024-08-10T00:25:33.832+0000] {processor.py:753} INFO - DAG(s) dict_keys(['dag_inmet']) retrieved from /opt/airflow/dags/dag_inmet.py
[2024-08-10T00:25:33.900+0000] {logging_mixin.py:137} INFO - [2024-08-10T00:25:33.900+0000] {dag.py:2690} INFO - Sync 1 DAGs
[2024-08-10T00:25:33.943+0000] {logging_mixin.py:137} INFO - [2024-08-10T00:25:33.943+0000] {dag.py:3441} INFO - Setting next_dagrun for dag_inmet to 2024-08-05T09:00:00+00:00, run_after=2024-09-05T09:00:00+00:00
[2024-08-10T00:25:33.978+0000] {processor.py:175} INFO - Processing /opt/airflow/dags/dag_inmet.py took 0.345 seconds
[2024-08-10T00:25:55.635+0000] {processor.py:153} INFO - Started process (PID=42) to work on /opt/airflow/dags/dag_inmet.py
[2024-08-10T00:25:55.637+0000] {processor.py:743} INFO - Processing file /opt/airflow/dags/dag_inmet.py for tasks to queue
[2024-08-10T00:25:55.638+0000] {logging_mixin.py:137} INFO - [2024-08-10T00:25:55.638+0000] {dagbag.py:538} INFO - Filling up the DagBag from /opt/airflow/dags/dag_inmet.py
[2024-08-10T00:25:55.849+0000] {processor.py:753} INFO - DAG(s) dict_keys(['dag_inmet']) retrieved from /opt/airflow/dags/dag_inmet.py
[2024-08-10T00:25:55.933+0000] {logging_mixin.py:137} INFO - [2024-08-10T00:25:55.933+0000] {dag.py:2690} INFO - Sync 1 DAGs
[2024-08-10T00:25:55.987+0000] {logging_mixin.py:137} INFO - [2024-08-10T00:25:55.987+0000] {dag.py:3441} INFO - Setting next_dagrun for dag_inmet to 2024-08-05T09:00:00+00:00, run_after=2024-09-05T09:00:00+00:00
[2024-08-10T00:25:56.029+0000] {processor.py:175} INFO - Processing /opt/airflow/dags/dag_inmet.py took 0.400 seconds
[2024-08-10T00:26:30.544+0000] {processor.py:153} INFO - Started process (PID=42) to work on /opt/airflow/dags/dag_inmet.py
[2024-08-10T00:26:30.545+0000] {processor.py:743} INFO - Processing file /opt/airflow/dags/dag_inmet.py for tasks to queue
[2024-08-10T00:26:30.545+0000] {logging_mixin.py:137} INFO - [2024-08-10T00:26:30.545+0000] {dagbag.py:538} INFO - Filling up the DagBag from /opt/airflow/dags/dag_inmet.py
[2024-08-10T00:26:30.606+0000] {processor.py:753} INFO - DAG(s) dict_keys(['dag_inmet']) retrieved from /opt/airflow/dags/dag_inmet.py
[2024-08-10T00:26:30.646+0000] {logging_mixin.py:137} INFO - [2024-08-10T00:26:30.646+0000] {dag.py:2690} INFO - Sync 1 DAGs
[2024-08-10T00:26:30.674+0000] {logging_mixin.py:137} INFO - [2024-08-10T00:26:30.674+0000] {dag.py:3441} INFO - Setting next_dagrun for dag_inmet to 2024-08-05T09:00:00+00:00, run_after=2024-09-05T09:00:00+00:00
[2024-08-10T00:26:30.689+0000] {processor.py:175} INFO - Processing /opt/airflow/dags/dag_inmet.py took 0.148 seconds
[2024-08-10T00:27:31.261+0000] {processor.py:153} INFO - Started process (PID=42) to work on /opt/airflow/dags/dag_inmet.py
[2024-08-10T00:27:31.262+0000] {processor.py:743} INFO - Processing file /opt/airflow/dags/dag_inmet.py for tasks to queue
[2024-08-10T00:27:31.262+0000] {logging_mixin.py:137} INFO - [2024-08-10T00:27:31.262+0000] {dagbag.py:538} INFO - Filling up the DagBag from /opt/airflow/dags/dag_inmet.py
[2024-08-10T00:27:31.313+0000] {processor.py:753} INFO - DAG(s) dict_keys(['dag_inmet']) retrieved from /opt/airflow/dags/dag_inmet.py
[2024-08-10T00:27:31.345+0000] {logging_mixin.py:137} INFO - [2024-08-10T00:27:31.345+0000] {dag.py:2690} INFO - Sync 1 DAGs
[2024-08-10T00:27:31.443+0000] {logging_mixin.py:137} INFO - [2024-08-10T00:27:31.443+0000] {dag.py:3441} INFO - Setting next_dagrun for dag_inmet to 2024-08-05T09:00:00+00:00, run_after=2024-09-05T09:00:00+00:00
[2024-08-10T00:27:31.464+0000] {processor.py:175} INFO - Processing /opt/airflow/dags/dag_inmet.py took 0.205 seconds
[2024-08-10T00:28:41.369+0000] {processor.py:153} INFO - Started process (PID=42) to work on /opt/airflow/dags/dag_inmet.py
[2024-08-10T00:28:41.370+0000] {processor.py:743} INFO - Processing file /opt/airflow/dags/dag_inmet.py for tasks to queue
[2024-08-10T00:28:41.370+0000] {logging_mixin.py:137} INFO - [2024-08-10T00:28:41.370+0000] {dagbag.py:538} INFO - Filling up the DagBag from /opt/airflow/dags/dag_inmet.py
[2024-08-10T00:28:41.449+0000] {processor.py:753} INFO - DAG(s) dict_keys(['dag_inmet']) retrieved from /opt/airflow/dags/dag_inmet.py
[2024-08-10T00:28:41.480+0000] {logging_mixin.py:137} INFO - [2024-08-10T00:28:41.480+0000] {dag.py:2690} INFO - Sync 1 DAGs
[2024-08-10T00:28:41.501+0000] {logging_mixin.py:137} INFO - [2024-08-10T00:28:41.501+0000] {dag.py:3441} INFO - Setting next_dagrun for dag_inmet to 2024-08-05T09:00:00+00:00, run_after=2024-09-05T09:00:00+00:00
[2024-08-10T00:28:41.516+0000] {processor.py:175} INFO - Processing /opt/airflow/dags/dag_inmet.py took 0.149 seconds
[2024-08-10T00:29:50.515+0000] {processor.py:153} INFO - Started process (PID=42) to work on /opt/airflow/dags/dag_inmet.py
[2024-08-10T00:29:50.517+0000] {processor.py:743} INFO - Processing file /opt/airflow/dags/dag_inmet.py for tasks to queue
[2024-08-10T00:29:50.518+0000] {logging_mixin.py:137} INFO - [2024-08-10T00:29:50.518+0000] {dagbag.py:538} INFO - Filling up the DagBag from /opt/airflow/dags/dag_inmet.py
[2024-08-10T00:29:50.653+0000] {processor.py:753} INFO - DAG(s) dict_keys(['dag_inmet']) retrieved from /opt/airflow/dags/dag_inmet.py
[2024-08-10T00:29:50.750+0000] {logging_mixin.py:137} INFO - [2024-08-10T00:29:50.749+0000] {dag.py:2690} INFO - Sync 1 DAGs
[2024-08-10T00:29:50.836+0000] {logging_mixin.py:137} INFO - [2024-08-10T00:29:50.835+0000] {dag.py:3441} INFO - Setting next_dagrun for dag_inmet to 2024-08-05T09:00:00+00:00, run_after=2024-09-05T09:00:00+00:00
[2024-08-10T00:29:50.899+0000] {processor.py:175} INFO - Processing /opt/airflow/dags/dag_inmet.py took 0.390 seconds
[2024-08-10T00:31:02.376+0000] {processor.py:153} INFO - Started process (PID=42) to work on /opt/airflow/dags/dag_inmet.py
[2024-08-10T00:31:02.376+0000] {processor.py:743} INFO - Processing file /opt/airflow/dags/dag_inmet.py for tasks to queue
[2024-08-10T00:31:02.377+0000] {logging_mixin.py:137} INFO - [2024-08-10T00:31:02.377+0000] {dagbag.py:538} INFO - Filling up the DagBag from /opt/airflow/dags/dag_inmet.py
[2024-08-10T00:31:02.646+0000] {processor.py:753} INFO - DAG(s) dict_keys(['dag_inmet']) retrieved from /opt/airflow/dags/dag_inmet.py
[2024-08-10T00:31:02.754+0000] {logging_mixin.py:137} INFO - [2024-08-10T00:31:02.754+0000] {dag.py:2690} INFO - Sync 1 DAGs
[2024-08-10T00:31:02.843+0000] {logging_mixin.py:137} INFO - [2024-08-10T00:31:02.842+0000] {dag.py:3441} INFO - Setting next_dagrun for dag_inmet to 2024-08-05T09:00:00+00:00, run_after=2024-09-05T09:00:00+00:00
[2024-08-10T00:31:02.905+0000] {processor.py:175} INFO - Processing /opt/airflow/dags/dag_inmet.py took 0.531 seconds
[2024-08-10T00:31:12.186+0000] {processor.py:153} INFO - Started process (PID=42) to work on /opt/airflow/dags/dag_inmet.py
[2024-08-10T00:31:12.187+0000] {processor.py:743} INFO - Processing file /opt/airflow/dags/dag_inmet.py for tasks to queue
[2024-08-10T00:31:12.188+0000] {logging_mixin.py:137} INFO - [2024-08-10T00:31:12.187+0000] {dagbag.py:538} INFO - Filling up the DagBag from /opt/airflow/dags/dag_inmet.py
[2024-08-10T00:31:12.272+0000] {processor.py:753} INFO - DAG(s) dict_keys(['dag_inmet']) retrieved from /opt/airflow/dags/dag_inmet.py
[2024-08-10T00:31:12.323+0000] {logging_mixin.py:137} INFO - [2024-08-10T00:31:12.323+0000] {dag.py:2690} INFO - Sync 1 DAGs
[2024-08-10T00:31:12.363+0000] {logging_mixin.py:137} INFO - [2024-08-10T00:31:12.363+0000] {dag.py:3441} INFO - Setting next_dagrun for dag_inmet to 2024-08-05T09:00:00+00:00, run_after=2024-09-05T09:00:00+00:00
[2024-08-10T00:31:12.395+0000] {processor.py:175} INFO - Processing /opt/airflow/dags/dag_inmet.py took 0.213 seconds
[2024-08-10T00:31:21.820+0000] {processor.py:153} INFO - Started process (PID=42) to work on /opt/airflow/dags/dag_inmet.py
[2024-08-10T00:31:21.821+0000] {processor.py:743} INFO - Processing file /opt/airflow/dags/dag_inmet.py for tasks to queue
[2024-08-10T00:31:21.822+0000] {logging_mixin.py:137} INFO - [2024-08-10T00:31:21.821+0000] {dagbag.py:538} INFO - Filling up the DagBag from /opt/airflow/dags/dag_inmet.py
[2024-08-10T00:31:21.872+0000] {processor.py:753} INFO - DAG(s) dict_keys(['dag_inmet']) retrieved from /opt/airflow/dags/dag_inmet.py
[2024-08-10T00:31:21.900+0000] {logging_mixin.py:137} INFO - [2024-08-10T00:31:21.900+0000] {dag.py:2690} INFO - Sync 1 DAGs
[2024-08-10T00:31:21.923+0000] {logging_mixin.py:137} INFO - [2024-08-10T00:31:21.922+0000] {dag.py:3441} INFO - Setting next_dagrun for dag_inmet to 2024-08-05T09:00:00+00:00, run_after=2024-09-05T09:00:00+00:00
[2024-08-10T00:31:21.937+0000] {processor.py:175} INFO - Processing /opt/airflow/dags/dag_inmet.py took 0.119 seconds
[2024-08-10T00:31:31.898+0000] {processor.py:153} INFO - Started process (PID=42) to work on /opt/airflow/dags/dag_inmet.py
[2024-08-10T00:31:31.899+0000] {processor.py:743} INFO - Processing file /opt/airflow/dags/dag_inmet.py for tasks to queue
[2024-08-10T00:31:31.899+0000] {logging_mixin.py:137} INFO - [2024-08-10T00:31:31.899+0000] {dagbag.py:538} INFO - Filling up the DagBag from /opt/airflow/dags/dag_inmet.py
[2024-08-10T00:31:31.950+0000] {processor.py:753} INFO - DAG(s) dict_keys(['dag_inmet']) retrieved from /opt/airflow/dags/dag_inmet.py
[2024-08-10T00:31:31.978+0000] {logging_mixin.py:137} INFO - [2024-08-10T00:31:31.978+0000] {dag.py:2690} INFO - Sync 1 DAGs
[2024-08-10T00:31:32.022+0000] {logging_mixin.py:137} INFO - [2024-08-10T00:31:32.022+0000] {dag.py:3441} INFO - Setting next_dagrun for dag_inmet to 2024-08-05T09:00:00+00:00, run_after=2024-09-05T09:00:00+00:00
[2024-08-10T00:31:32.046+0000] {processor.py:175} INFO - Processing /opt/airflow/dags/dag_inmet.py took 0.150 seconds
[2024-08-10T00:31:42.382+0000] {processor.py:153} INFO - Started process (PID=42) to work on /opt/airflow/dags/dag_inmet.py
[2024-08-10T00:31:42.383+0000] {processor.py:743} INFO - Processing file /opt/airflow/dags/dag_inmet.py for tasks to queue
[2024-08-10T00:31:42.384+0000] {logging_mixin.py:137} INFO - [2024-08-10T00:31:42.383+0000] {dagbag.py:538} INFO - Filling up the DagBag from /opt/airflow/dags/dag_inmet.py
[2024-08-10T00:31:42.485+0000] {processor.py:753} INFO - DAG(s) dict_keys(['dag_inmet']) retrieved from /opt/airflow/dags/dag_inmet.py
[2024-08-10T00:31:42.592+0000] {logging_mixin.py:137} INFO - [2024-08-10T00:31:42.592+0000] {dag.py:2690} INFO - Sync 1 DAGs
[2024-08-10T00:31:42.686+0000] {logging_mixin.py:137} INFO - [2024-08-10T00:31:42.685+0000] {dag.py:3441} INFO - Setting next_dagrun for dag_inmet to 2024-08-05T09:00:00+00:00, run_after=2024-09-05T09:00:00+00:00
[2024-08-10T00:31:42.757+0000] {processor.py:175} INFO - Processing /opt/airflow/dags/dag_inmet.py took 0.378 seconds
[2024-08-10T00:31:53.652+0000] {processor.py:153} INFO - Started process (PID=42) to work on /opt/airflow/dags/dag_inmet.py
[2024-08-10T00:31:53.652+0000] {processor.py:743} INFO - Processing file /opt/airflow/dags/dag_inmet.py for tasks to queue
[2024-08-10T00:31:53.653+0000] {logging_mixin.py:137} INFO - [2024-08-10T00:31:53.653+0000] {dagbag.py:538} INFO - Filling up the DagBag from /opt/airflow/dags/dag_inmet.py
[2024-08-10T00:31:53.702+0000] {processor.py:753} INFO - DAG(s) dict_keys(['dag_inmet']) retrieved from /opt/airflow/dags/dag_inmet.py
[2024-08-10T00:31:53.741+0000] {logging_mixin.py:137} INFO - [2024-08-10T00:31:53.741+0000] {dag.py:2690} INFO - Sync 1 DAGs
[2024-08-10T00:31:53.785+0000] {logging_mixin.py:137} INFO - [2024-08-10T00:31:53.785+0000] {dag.py:3441} INFO - Setting next_dagrun for dag_inmet to 2024-08-05T09:00:00+00:00, run_after=2024-09-05T09:00:00+00:00
[2024-08-10T00:31:53.820+0000] {processor.py:175} INFO - Processing /opt/airflow/dags/dag_inmet.py took 0.170 seconds
[2024-08-10T00:32:06.506+0000] {processor.py:153} INFO - Started process (PID=42) to work on /opt/airflow/dags/dag_inmet.py
[2024-08-10T00:32:06.507+0000] {processor.py:743} INFO - Processing file /opt/airflow/dags/dag_inmet.py for tasks to queue
[2024-08-10T00:32:06.508+0000] {logging_mixin.py:137} INFO - [2024-08-10T00:32:06.507+0000] {dagbag.py:538} INFO - Filling up the DagBag from /opt/airflow/dags/dag_inmet.py
[2024-08-10T00:32:06.569+0000] {processor.py:753} INFO - DAG(s) dict_keys(['dag_inmet']) retrieved from /opt/airflow/dags/dag_inmet.py
[2024-08-10T00:32:06.621+0000] {logging_mixin.py:137} INFO - [2024-08-10T00:32:06.621+0000] {dag.py:2690} INFO - Sync 1 DAGs
[2024-08-10T00:32:06.687+0000] {logging_mixin.py:137} INFO - [2024-08-10T00:32:06.687+0000] {dag.py:3441} INFO - Setting next_dagrun for dag_inmet to 2024-08-05T09:00:00+00:00, run_after=2024-09-05T09:00:00+00:00
[2024-08-10T00:32:06.733+0000] {processor.py:175} INFO - Processing /opt/airflow/dags/dag_inmet.py took 0.229 seconds
[2024-08-10T00:57:41.809+0000] {processor.py:153} INFO - Started process (PID=49) to work on /opt/airflow/dags/dag_inmet.py
[2024-08-10T00:57:41.810+0000] {processor.py:743} INFO - Processing file /opt/airflow/dags/dag_inmet.py for tasks to queue
[2024-08-10T00:57:41.811+0000] {logging_mixin.py:137} INFO - [2024-08-10T00:57:41.810+0000] {dagbag.py:538} INFO - Filling up the DagBag from /opt/airflow/dags/dag_inmet.py
[2024-08-10T00:57:41.865+0000] {processor.py:753} INFO - DAG(s) dict_keys(['dag_inmet']) retrieved from /opt/airflow/dags/dag_inmet.py
[2024-08-10T00:57:41.896+0000] {logging_mixin.py:137} INFO - [2024-08-10T00:57:41.896+0000] {dag.py:2690} INFO - Sync 1 DAGs
[2024-08-10T00:57:41.918+0000] {logging_mixin.py:137} INFO - [2024-08-10T00:57:41.917+0000] {dag.py:3441} INFO - Setting next_dagrun for dag_inmet to 2024-08-05T09:00:00+00:00, run_after=2024-09-05T09:00:00+00:00
[2024-08-10T00:57:41.932+0000] {processor.py:175} INFO - Processing /opt/airflow/dags/dag_inmet.py took 0.125 seconds
[2024-08-10T00:57:52.024+0000] {processor.py:153} INFO - Started process (PID=42) to work on /opt/airflow/dags/dag_inmet.py
[2024-08-10T00:57:52.025+0000] {processor.py:743} INFO - Processing file /opt/airflow/dags/dag_inmet.py for tasks to queue
[2024-08-10T00:57:52.025+0000] {logging_mixin.py:137} INFO - [2024-08-10T00:57:52.025+0000] {dagbag.py:538} INFO - Filling up the DagBag from /opt/airflow/dags/dag_inmet.py
[2024-08-10T00:57:52.082+0000] {processor.py:753} INFO - DAG(s) dict_keys(['dag_inmet']) retrieved from /opt/airflow/dags/dag_inmet.py
[2024-08-10T00:57:52.116+0000] {logging_mixin.py:137} INFO - [2024-08-10T00:57:52.116+0000] {dag.py:2690} INFO - Sync 1 DAGs
[2024-08-10T00:57:52.142+0000] {logging_mixin.py:137} INFO - [2024-08-10T00:57:52.142+0000] {dag.py:3441} INFO - Setting next_dagrun for dag_inmet to 2024-08-05T09:00:00+00:00, run_after=2024-09-05T09:00:00+00:00
[2024-08-10T00:57:52.161+0000] {processor.py:175} INFO - Processing /opt/airflow/dags/dag_inmet.py took 0.139 seconds
[2024-08-10T00:58:01.340+0000] {processor.py:153} INFO - Started process (PID=42) to work on /opt/airflow/dags/dag_inmet.py
[2024-08-10T00:58:01.341+0000] {processor.py:743} INFO - Processing file /opt/airflow/dags/dag_inmet.py for tasks to queue
[2024-08-10T00:58:01.342+0000] {logging_mixin.py:137} INFO - [2024-08-10T00:58:01.342+0000] {dagbag.py:538} INFO - Filling up the DagBag from /opt/airflow/dags/dag_inmet.py
[2024-08-10T00:58:01.400+0000] {processor.py:753} INFO - DAG(s) dict_keys(['dag_inmet']) retrieved from /opt/airflow/dags/dag_inmet.py
[2024-08-10T00:58:01.466+0000] {logging_mixin.py:137} INFO - [2024-08-10T00:58:01.466+0000] {dag.py:2690} INFO - Sync 1 DAGs
[2024-08-10T00:58:01.497+0000] {logging_mixin.py:137} INFO - [2024-08-10T00:58:01.497+0000] {dag.py:3441} INFO - Setting next_dagrun for dag_inmet to 2024-08-05T09:00:00+00:00, run_after=2024-09-05T09:00:00+00:00
[2024-08-10T00:58:01.526+0000] {processor.py:175} INFO - Processing /opt/airflow/dags/dag_inmet.py took 0.188 seconds
