[2024-07-02T17:19:00.415+0000] {taskinstance.py:1083} INFO - Dependencies all met for <TaskInstance: dummy.tsk4 manual__2024-07-02T17:18:57.245853+00:00 [queued]>
[2024-07-02T17:19:00.424+0000] {taskinstance.py:1083} INFO - Dependencies all met for <TaskInstance: dummy.tsk4 manual__2024-07-02T17:18:57.245853+00:00 [queued]>
[2024-07-02T17:19:00.424+0000] {taskinstance.py:1279} INFO - 
--------------------------------------------------------------------------------
[2024-07-02T17:19:00.424+0000] {taskinstance.py:1280} INFO - Starting attempt 1 of 1
[2024-07-02T17:19:00.424+0000] {taskinstance.py:1281} INFO - 
--------------------------------------------------------------------------------
[2024-07-02T17:19:00.436+0000] {taskinstance.py:1300} INFO - Executing <Task(BashOperator): tsk4> on 2024-07-02 17:18:57.245853+00:00
[2024-07-02T17:19:00.442+0000] {standard_task_runner.py:55} INFO - Started process 130 to run task
[2024-07-02T17:19:00.444+0000] {standard_task_runner.py:82} INFO - Running: ['***', 'tasks', 'run', 'dummy', 'tsk4', 'manual__2024-07-02T17:18:57.245853+00:00', '--job-id', '399', '--raw', '--subdir', 'DAGS_FOLDER/dummy.py', '--cfg-path', '/tmp/tmpd7bzn8vk']
[2024-07-02T17:19:00.444+0000] {standard_task_runner.py:83} INFO - Job 399: Subtask tsk4
[2024-07-02T17:19:00.488+0000] {task_command.py:388} INFO - Running <TaskInstance: dummy.tsk4 manual__2024-07-02T17:18:57.245853+00:00 [running]> on host 81d771c1e353
[2024-07-02T17:19:00.539+0000] {taskinstance.py:1509} INFO - Exporting the following env vars:
AIRFLOW_CTX_DAG_OWNER=***
AIRFLOW_CTX_DAG_ID=dummy
AIRFLOW_CTX_TASK_ID=tsk4
AIRFLOW_CTX_EXECUTION_DATE=2024-07-02T17:18:57.245853+00:00
AIRFLOW_CTX_TRY_NUMBER=1
AIRFLOW_CTX_DAG_RUN_ID=manual__2024-07-02T17:18:57.245853+00:00
[2024-07-02T17:19:00.540+0000] {subprocess.py:63} INFO - Tmp dir root location: 
 /tmp
[2024-07-02T17:19:00.541+0000] {subprocess.py:75} INFO - Running command: ['/bin/bash', '-c', 'sleep 1']
[2024-07-02T17:19:00.551+0000] {subprocess.py:86} INFO - Output:
[2024-07-02T17:19:01.554+0000] {subprocess.py:97} INFO - Command exited with return code 0
[2024-07-02T17:19:01.576+0000] {taskinstance.py:1323} INFO - Marking task as SUCCESS. dag_id=dummy, task_id=tsk4, execution_date=20240702T171857, start_date=20240702T171900, end_date=20240702T171901
[2024-07-02T17:19:01.619+0000] {local_task_job.py:208} INFO - Task exited with return code 0
[2024-07-02T17:19:01.632+0000] {taskinstance.py:2578} INFO - 0 downstream tasks scheduled from follow-on schedule check
