[2024-08-11T20:18:16.095+0000] {taskinstance.py:1083} INFO - Dependencies all met for <TaskInstance: dag_inmet.download_data manual__2024-08-11T20:17:54.665690+00:00 [queued]>
[2024-08-11T20:18:16.103+0000] {taskinstance.py:1083} INFO - Dependencies all met for <TaskInstance: dag_inmet.download_data manual__2024-08-11T20:17:54.665690+00:00 [queued]>
[2024-08-11T20:18:16.103+0000] {taskinstance.py:1279} INFO - 
--------------------------------------------------------------------------------
[2024-08-11T20:18:16.103+0000] {taskinstance.py:1280} INFO - Starting attempt 1 of 1
[2024-08-11T20:18:16.103+0000] {taskinstance.py:1281} INFO - 
--------------------------------------------------------------------------------
[2024-08-11T20:18:16.115+0000] {taskinstance.py:1300} INFO - Executing <Task(PythonOperator): download_data> on 2024-08-11 20:17:54.665690+00:00
[2024-08-11T20:18:16.122+0000] {standard_task_runner.py:55} INFO - Started process 170386 to run task
[2024-08-11T20:18:16.124+0000] {standard_task_runner.py:82} INFO - Running: ['***', 'tasks', 'run', 'dag_inmet', 'download_data', 'manual__2024-08-11T20:17:54.665690+00:00', '--job-id', '7040', '--raw', '--subdir', 'DAGS_FOLDER/dag_inmet.py', '--cfg-path', '/tmp/tmp2opadr7n']
[2024-08-11T20:18:16.126+0000] {standard_task_runner.py:83} INFO - Job 7040: Subtask download_data
[2024-08-11T20:18:16.171+0000] {task_command.py:388} INFO - Running <TaskInstance: dag_inmet.download_data manual__2024-08-11T20:17:54.665690+00:00 [running]> on host 4d826fde42d2
[2024-08-11T20:18:16.225+0000] {taskinstance.py:1509} INFO - Exporting the following env vars:
AIRFLOW_CTX_DAG_OWNER=***
AIRFLOW_CTX_DAG_ID=dag_inmet
AIRFLOW_CTX_TASK_ID=download_data
AIRFLOW_CTX_EXECUTION_DATE=2024-08-11T20:17:54.665690+00:00
AIRFLOW_CTX_TRY_NUMBER=1
AIRFLOW_CTX_DAG_RUN_ID=manual__2024-08-11T20:17:54.665690+00:00
[2024-08-11T20:18:17.382+0000] {logging_mixin.py:137} INFO - Tempo de execução de download_data: 1.1566 segundos
[2024-08-11T20:18:36.660+0000] {logging_mixin.py:137} INFO - Arquivo salvo como /opt/***/data/bronze/2020.zip
[2024-08-11T20:18:36.667+0000] {logging_mixin.py:137} INFO - Tempo de execução de download_and_save_file: 19.2846 segundos
[2024-08-11T20:18:36.688+0000] {python.py:177} INFO - Done. Returned value was: /opt/***/data/bronze/2020.zip
[2024-08-11T20:18:36.704+0000] {taskinstance.py:1323} INFO - Marking task as SUCCESS. dag_id=dag_inmet, task_id=download_data, execution_date=20240811T201754, start_date=20240811T201816, end_date=20240811T201836
[2024-08-11T20:18:36.732+0000] {local_task_job.py:208} INFO - Task exited with return code 0
[2024-08-11T20:18:36.754+0000] {taskinstance.py:2578} INFO - 1 downstream tasks scheduled from follow-on schedule check
