[2024-08-29T21:35:29.171+0000] {taskinstance.py:1083} INFO - Dependencies all met for <TaskInstance: dag_inmet.download_data scheduled__2024-07-29T21:35:00+00:00 [queued]>
[2024-08-29T21:35:29.179+0000] {taskinstance.py:1083} INFO - Dependencies all met for <TaskInstance: dag_inmet.download_data scheduled__2024-07-29T21:35:00+00:00 [queued]>
[2024-08-29T21:35:29.179+0000] {taskinstance.py:1279} INFO - 
--------------------------------------------------------------------------------
[2024-08-29T21:35:29.179+0000] {taskinstance.py:1280} INFO - Starting attempt 1 of 1
[2024-08-29T21:35:29.179+0000] {taskinstance.py:1281} INFO - 
--------------------------------------------------------------------------------
[2024-08-29T21:35:29.189+0000] {taskinstance.py:1300} INFO - Executing <Task(PythonOperator): download_data> on 2024-07-29 21:35:00+00:00
[2024-08-29T21:35:29.196+0000] {standard_task_runner.py:55} INFO - Started process 383 to run task
[2024-08-29T21:35:29.198+0000] {standard_task_runner.py:82} INFO - Running: ['***', 'tasks', 'run', 'dag_inmet', 'download_data', 'scheduled__2024-07-29T21:35:00+00:00', '--job-id', '13564', '--raw', '--subdir', 'DAGS_FOLDER/dag_inmet.py', '--cfg-path', '/tmp/tmprudrl5_z']
[2024-08-29T21:35:29.199+0000] {standard_task_runner.py:83} INFO - Job 13564: Subtask download_data
[2024-08-29T21:35:29.239+0000] {task_command.py:388} INFO - Running <TaskInstance: dag_inmet.download_data scheduled__2024-07-29T21:35:00+00:00 [running]> on host 148a6261dd6c
[2024-08-29T21:35:29.294+0000] {taskinstance.py:1509} INFO - Exporting the following env vars:
AIRFLOW_CTX_DAG_OWNER=***
AIRFLOW_CTX_DAG_ID=dag_inmet
AIRFLOW_CTX_TASK_ID=download_data
AIRFLOW_CTX_EXECUTION_DATE=2024-07-29T21:35:00+00:00
AIRFLOW_CTX_TRY_NUMBER=1
AIRFLOW_CTX_DAG_RUN_ID=scheduled__2024-07-29T21:35:00+00:00
[2024-08-29T21:35:30.533+0000] {logging_mixin.py:137} INFO - Tempo de execução de download_data: 1.2377 segundos
[2024-08-29T21:35:43.678+0000] {logging_mixin.py:137} INFO - Arquivo salvo como /opt/***/data/bronze/inmet/2024.zip
[2024-08-29T21:35:43.681+0000] {logging_mixin.py:137} INFO - Tempo de execução de download_and_save_file: 13.1478 segundos
[2024-08-29T21:35:43.696+0000] {python.py:177} INFO - Done. Returned value was: /opt/***/data/bronze/inmet/2024.zip
[2024-08-29T21:35:43.709+0000] {taskinstance.py:1323} INFO - Marking task as SUCCESS. dag_id=dag_inmet, task_id=download_data, execution_date=20240729T213500, start_date=20240829T213529, end_date=20240829T213543
[2024-08-29T21:35:43.726+0000] {local_task_job.py:208} INFO - Task exited with return code 0
[2024-08-29T21:35:43.746+0000] {taskinstance.py:2578} INFO - 1 downstream tasks scheduled from follow-on schedule check
