[2024-08-21T19:20:07.510+0000] {taskinstance.py:1083} INFO - Dependencies all met for <TaskInstance: dag_gold_ts.extract_precipitation manual__2024-08-21T19:18:16.516324+00:00 [queued]>
[2024-08-21T19:20:07.518+0000] {taskinstance.py:1083} INFO - Dependencies all met for <TaskInstance: dag_gold_ts.extract_precipitation manual__2024-08-21T19:18:16.516324+00:00 [queued]>
[2024-08-21T19:20:07.519+0000] {taskinstance.py:1279} INFO - 
--------------------------------------------------------------------------------
[2024-08-21T19:20:07.519+0000] {taskinstance.py:1280} INFO - Starting attempt 1 of 1
[2024-08-21T19:20:07.519+0000] {taskinstance.py:1281} INFO - 
--------------------------------------------------------------------------------
[2024-08-21T19:20:07.530+0000] {taskinstance.py:1300} INFO - Executing <Task(PythonOperator): extract_precipitation> on 2024-08-21 19:18:16.516324+00:00
[2024-08-21T19:20:07.536+0000] {standard_task_runner.py:55} INFO - Started process 6954 to run task
[2024-08-21T19:20:07.538+0000] {standard_task_runner.py:82} INFO - Running: ['***', 'tasks', 'run', 'dag_gold_ts', 'extract_precipitation', 'manual__2024-08-21T19:18:16.516324+00:00', '--job-id', '10411', '--raw', '--subdir', 'DAGS_FOLDER/dag_ts_inmet.py', '--cfg-path', '/tmp/tmpzx4v61ow']
[2024-08-21T19:20:07.539+0000] {standard_task_runner.py:83} INFO - Job 10411: Subtask extract_precipitation
[2024-08-21T19:20:07.583+0000] {task_command.py:388} INFO - Running <TaskInstance: dag_gold_ts.extract_precipitation manual__2024-08-21T19:18:16.516324+00:00 [running]> on host 2ffd484bc8a9
[2024-08-21T19:20:07.634+0000] {taskinstance.py:1509} INFO - Exporting the following env vars:
AIRFLOW_CTX_DAG_OWNER=***
AIRFLOW_CTX_DAG_ID=dag_gold_ts
AIRFLOW_CTX_TASK_ID=extract_precipitation
AIRFLOW_CTX_EXECUTION_DATE=2024-08-21T19:18:16.516324+00:00
AIRFLOW_CTX_TRY_NUMBER=1
AIRFLOW_CTX_DAG_RUN_ID=manual__2024-08-21T19:18:16.516324+00:00
[2024-08-21T19:20:07.649+0000] {python.py:177} INFO - Done. Returned value was: None
[2024-08-21T19:20:07.657+0000] {taskinstance.py:1323} INFO - Marking task as SUCCESS. dag_id=dag_gold_ts, task_id=extract_precipitation, execution_date=20240821T191816, start_date=20240821T192007, end_date=20240821T192007
[2024-08-21T19:20:07.709+0000] {local_task_job.py:208} INFO - Task exited with return code 0
[2024-08-21T19:20:07.731+0000] {taskinstance.py:2578} INFO - 1 downstream tasks scheduled from follow-on schedule check
