[2024-07-02T12:33:53.013+0000] {taskinstance.py:1083} INFO - Dependencies all met for <TaskInstance: dagrundag1.tsk1 manual__2024-07-02T12:33:51.297030+00:00 [queued]>
[2024-07-02T12:33:53.022+0000] {taskinstance.py:1083} INFO - Dependencies all met for <TaskInstance: dagrundag1.tsk1 manual__2024-07-02T12:33:51.297030+00:00 [queued]>
[2024-07-02T12:33:53.022+0000] {taskinstance.py:1279} INFO - 
--------------------------------------------------------------------------------
[2024-07-02T12:33:53.023+0000] {taskinstance.py:1280} INFO - Starting attempt 1 of 1
[2024-07-02T12:33:53.023+0000] {taskinstance.py:1281} INFO - 
--------------------------------------------------------------------------------
[2024-07-02T12:33:53.035+0000] {taskinstance.py:1300} INFO - Executing <Task(BashOperator): tsk1> on 2024-07-02 12:33:51.297030+00:00
[2024-07-02T12:33:53.040+0000] {standard_task_runner.py:55} INFO - Started process 300 to run task
[2024-07-02T12:33:53.042+0000] {standard_task_runner.py:82} INFO - Running: ['***', 'tasks', 'run', 'dagrundag1', 'tsk1', 'manual__2024-07-02T12:33:51.297030+00:00', '--job-id', '254', '--raw', '--subdir', 'DAGS_FOLDER/dagdedag1.py', '--cfg-path', '/tmp/tmpc5qd_p19']
[2024-07-02T12:33:53.043+0000] {standard_task_runner.py:83} INFO - Job 254: Subtask tsk1
[2024-07-02T12:33:53.089+0000] {task_command.py:388} INFO - Running <TaskInstance: dagrundag1.tsk1 manual__2024-07-02T12:33:51.297030+00:00 [running]> on host 6f24abcd9b64
[2024-07-02T12:33:53.150+0000] {taskinstance.py:1509} INFO - Exporting the following env vars:
AIRFLOW_CTX_DAG_OWNER=***
AIRFLOW_CTX_DAG_ID=dagrundag1
AIRFLOW_CTX_TASK_ID=tsk1
AIRFLOW_CTX_EXECUTION_DATE=2024-07-02T12:33:51.297030+00:00
AIRFLOW_CTX_TRY_NUMBER=1
AIRFLOW_CTX_DAG_RUN_ID=manual__2024-07-02T12:33:51.297030+00:00
[2024-07-02T12:33:53.151+0000] {subprocess.py:63} INFO - Tmp dir root location: 
 /tmp
[2024-07-02T12:33:53.152+0000] {subprocess.py:75} INFO - Running command: ['/bin/bash', '-c', 'sleep 5']
[2024-07-02T12:33:53.164+0000] {subprocess.py:86} INFO - Output:
[2024-07-02T12:33:58.167+0000] {subprocess.py:97} INFO - Command exited with return code 0
[2024-07-02T12:33:58.186+0000] {taskinstance.py:1323} INFO - Marking task as SUCCESS. dag_id=dagrundag1, task_id=tsk1, execution_date=20240702T123351, start_date=20240702T123353, end_date=20240702T123358
[2024-07-02T12:33:58.229+0000] {local_task_job.py:208} INFO - Task exited with return code 0
[2024-07-02T12:33:58.245+0000] {taskinstance.py:2578} INFO - 1 downstream tasks scheduled from follow-on schedule check
