[2024-07-10T15:21:19.116+0000] {taskinstance.py:1083} INFO - Dependencies all met for <TaskInstance: windturbine.group_check_tempo.check_temp_branc manual__2024-07-10T15:21:04.761230+00:00 [queued]>
[2024-07-10T15:21:19.124+0000] {taskinstance.py:1083} INFO - Dependencies all met for <TaskInstance: windturbine.group_check_tempo.check_temp_branc manual__2024-07-10T15:21:04.761230+00:00 [queued]>
[2024-07-10T15:21:19.124+0000] {taskinstance.py:1279} INFO - 
--------------------------------------------------------------------------------
[2024-07-10T15:21:19.124+0000] {taskinstance.py:1280} INFO - Starting attempt 2 of 2
[2024-07-10T15:21:19.124+0000] {taskinstance.py:1281} INFO - 
--------------------------------------------------------------------------------
[2024-07-10T15:21:19.135+0000] {taskinstance.py:1300} INFO - Executing <Task(BranchPythonOperator): group_check_tempo.check_temp_branc> on 2024-07-10 15:21:04.761230+00:00
[2024-07-10T15:21:19.140+0000] {standard_task_runner.py:55} INFO - Started process 1493 to run task
[2024-07-10T15:21:19.142+0000] {standard_task_runner.py:82} INFO - Running: ['***', 'tasks', 'run', 'windturbine', 'group_check_tempo.check_temp_branc', 'manual__2024-07-10T15:21:04.761230+00:00', '--job-id', '812', '--raw', '--subdir', 'DAGS_FOLDER/windturbine.py', '--cfg-path', '/tmp/tmp8bpxgvx8']
[2024-07-10T15:21:19.144+0000] {standard_task_runner.py:83} INFO - Job 812: Subtask group_check_tempo.check_temp_branc
[2024-07-10T15:21:19.184+0000] {task_command.py:388} INFO - Running <TaskInstance: windturbine.group_check_tempo.check_temp_branc manual__2024-07-10T15:21:04.761230+00:00 [running]> on host 2051c12a5a3c
[2024-07-10T15:21:19.235+0000] {taskinstance.py:1509} INFO - Exporting the following env vars:
AIRFLOW_CTX_DAG_EMAIL=testeskleuber@gmail.com
AIRFLOW_CTX_DAG_OWNER=***
AIRFLOW_CTX_DAG_ID=windturbine
AIRFLOW_CTX_TASK_ID=group_check_tempo.check_temp_branc
AIRFLOW_CTX_EXECUTION_DATE=2024-07-10T15:21:04.761230+00:00
AIRFLOW_CTX_TRY_NUMBER=2
AIRFLOW_CTX_DAG_RUN_ID=manual__2024-07-10T15:21:04.761230+00:00
[2024-07-10T15:21:19.245+0000] {taskinstance.py:1768} ERROR - Task failed with exception
Traceback (most recent call last):
  File "/home/airflow/.local/lib/python3.7/site-packages/airflow/operators/python.py", line 210, in execute
    branch = super().execute(context)
  File "/home/airflow/.local/lib/python3.7/site-packages/airflow/operators/python.py", line 175, in execute
    return_value = self.execute_callable()
  File "/home/airflow/.local/lib/python3.7/site-packages/airflow/operators/python.py", line 192, in execute_callable
    return self.python_callable(*self.op_args, **self.op_kwargs)
  File "/opt/airflow/dags/windturbine.py", line 111, in avalia_temp
    number = float( context['ti'].xcom_pull(task_ids='get_data', key="temperature"))
TypeError: float() argument must be a string or a number, not 'NoneType'
[2024-07-10T15:21:19.251+0000] {taskinstance.py:1323} INFO - Marking task as FAILED. dag_id=windturbine, task_id=group_check_tempo.check_temp_branc, execution_date=20240710T152104, start_date=20240710T152119, end_date=20240710T152119
[2024-07-10T15:21:19.261+0000] {warnings.py:110} WARNING - /home/***/.local/lib/python3.7/site-packages/***/utils/email.py:152: RemovedInAirflow3Warning: Fetching SMTP credentials from configuration variables will be deprecated in a future release. Please set credentials using a connection instead.
  send_mime_email(e_from=mail_from, e_to=recipients, mime_msg=msg, conn_id=conn_id, dryrun=dryrun)

[2024-07-10T15:21:19.261+0000] {email.py:268} INFO - Email alerting: attempt 1
[2024-07-10T15:21:23.650+0000] {email.py:280} INFO - Sent an alert email to ['testeskleuber@gmail.com']
[2024-07-10T15:21:25.745+0000] {standard_task_runner.py:105} ERROR - Failed to execute job 812 for task group_check_tempo.check_temp_branc (float() argument must be a string or a number, not 'NoneType'; 1493)
[2024-07-10T15:21:25.767+0000] {local_task_job.py:208} INFO - Task exited with return code 1
[2024-07-10T15:21:25.808+0000] {taskinstance.py:2578} INFO - 0 downstream tasks scheduled from follow-on schedule check
