[2024-07-23T13:21:25.358+0000] {taskinstance.py:1083} INFO - Dependencies all met for <TaskInstance: dag_inmet.download_data manual__2024-07-23T13:21:21.315970+00:00 [queued]>
[2024-07-23T13:21:25.365+0000] {taskinstance.py:1083} INFO - Dependencies all met for <TaskInstance: dag_inmet.download_data manual__2024-07-23T13:21:21.315970+00:00 [queued]>
[2024-07-23T13:21:25.366+0000] {taskinstance.py:1279} INFO - 
--------------------------------------------------------------------------------
[2024-07-23T13:21:25.366+0000] {taskinstance.py:1280} INFO - Starting attempt 1 of 2
[2024-07-23T13:21:25.366+0000] {taskinstance.py:1281} INFO - 
--------------------------------------------------------------------------------
[2024-07-23T13:21:25.376+0000] {taskinstance.py:1300} INFO - Executing <Task(PythonOperator): download_data> on 2024-07-23 13:21:21.315970+00:00
[2024-07-23T13:21:25.381+0000] {standard_task_runner.py:55} INFO - Started process 141 to run task
[2024-07-23T13:21:25.383+0000] {standard_task_runner.py:82} INFO - Running: ['***', 'tasks', 'run', 'dag_inmet', 'download_data', 'manual__2024-07-23T13:21:21.315970+00:00', '--job-id', '783', '--raw', '--subdir', 'DAGS_FOLDER/dag_inmet.py', '--cfg-path', '/tmp/tmpk656ifr4']
[2024-07-23T13:21:25.384+0000] {standard_task_runner.py:83} INFO - Job 783: Subtask download_data
[2024-07-23T13:21:25.421+0000] {task_command.py:388} INFO - Running <TaskInstance: dag_inmet.download_data manual__2024-07-23T13:21:21.315970+00:00 [running]> on host bbe78fe20046
[2024-07-23T13:21:25.464+0000] {taskinstance.py:1509} INFO - Exporting the following env vars:
AIRFLOW_CTX_DAG_OWNER=***
AIRFLOW_CTX_DAG_ID=dag_inmet
AIRFLOW_CTX_TASK_ID=download_data
AIRFLOW_CTX_EXECUTION_DATE=2024-07-23T13:21:21.315970+00:00
AIRFLOW_CTX_TRY_NUMBER=1
AIRFLOW_CTX_DAG_RUN_ID=manual__2024-07-23T13:21:21.315970+00:00
[2024-07-23T13:21:28.632+0000] {logging_mixin.py:137} INFO - Tempo de execução de download_data: 3.1674 segundos
[2024-07-23T13:21:37.586+0000] {logging_mixin.py:137} INFO - Arquivo salvo como /opt/***/data/bronze/2024.zip
[2024-07-23T13:21:37.588+0000] {logging_mixin.py:137} INFO - Tempo de execução de download_and_save_file: 8.9560 segundos
[2024-07-23T13:21:37.588+0000] {python.py:177} INFO - Done. Returned value was: /opt/***/data/bronze/2024.zip
[2024-07-23T13:21:37.606+0000] {taskinstance.py:1323} INFO - Marking task as SUCCESS. dag_id=dag_inmet, task_id=download_data, execution_date=20240723T132121, start_date=20240723T132125, end_date=20240723T132137
[2024-07-23T13:21:37.650+0000] {local_task_job.py:208} INFO - Task exited with return code 0
[2024-07-23T13:21:37.666+0000] {taskinstance.py:2578} INFO - 1 downstream tasks scheduled from follow-on schedule check
