[2024-08-01T23:35:36.465+0000] {taskinstance.py:1083} INFO - Dependencies all met for <TaskInstance: dag_inmet.download_data manual__2024-08-01T23:34:34.775834+00:00 [queued]>
[2024-08-01T23:35:36.473+0000] {taskinstance.py:1083} INFO - Dependencies all met for <TaskInstance: dag_inmet.download_data manual__2024-08-01T23:34:34.775834+00:00 [queued]>
[2024-08-01T23:35:36.474+0000] {taskinstance.py:1279} INFO - 
--------------------------------------------------------------------------------
[2024-08-01T23:35:36.474+0000] {taskinstance.py:1280} INFO - Starting attempt 1 of 1
[2024-08-01T23:35:36.474+0000] {taskinstance.py:1281} INFO - 
--------------------------------------------------------------------------------
[2024-08-01T23:35:36.484+0000] {taskinstance.py:1300} INFO - Executing <Task(PythonOperator): download_data> on 2024-08-01 23:34:34.775834+00:00
[2024-08-01T23:35:36.491+0000] {standard_task_runner.py:55} INFO - Started process 9682 to run task
[2024-08-01T23:35:36.492+0000] {standard_task_runner.py:82} INFO - Running: ['***', 'tasks', 'run', 'dag_inmet', 'download_data', 'manual__2024-08-01T23:34:34.775834+00:00', '--job-id', '3545', '--raw', '--subdir', 'DAGS_FOLDER/dag_inmet.py', '--cfg-path', '/tmp/tmp8rya9udf']
[2024-08-01T23:35:36.494+0000] {standard_task_runner.py:83} INFO - Job 3545: Subtask download_data
[2024-08-01T23:35:36.537+0000] {task_command.py:388} INFO - Running <TaskInstance: dag_inmet.download_data manual__2024-08-01T23:34:34.775834+00:00 [running]> on host 87a8f1646fc1
[2024-08-01T23:35:36.589+0000] {taskinstance.py:1509} INFO - Exporting the following env vars:
AIRFLOW_CTX_DAG_OWNER=***
AIRFLOW_CTX_DAG_ID=dag_inmet
AIRFLOW_CTX_TASK_ID=download_data
AIRFLOW_CTX_EXECUTION_DATE=2024-08-01T23:34:34.775834+00:00
AIRFLOW_CTX_TRY_NUMBER=1
AIRFLOW_CTX_DAG_RUN_ID=manual__2024-08-01T23:34:34.775834+00:00
[2024-08-01T23:35:37.653+0000] {logging_mixin.py:137} INFO - Tempo de execução de download_data: 1.0633 segundos
[2024-08-01T23:36:23.061+0000] {logging_mixin.py:137} INFO - Arquivo salvo como /opt/***/data/bronze/2024.zip
[2024-08-01T23:36:23.064+0000] {logging_mixin.py:137} INFO - Tempo de execução de download_and_save_file: 45.4109 segundos
[2024-08-01T23:36:23.064+0000] {python.py:177} INFO - Done. Returned value was: /opt/***/data/bronze/2024.zip
[2024-08-01T23:36:23.083+0000] {taskinstance.py:1323} INFO - Marking task as SUCCESS. dag_id=dag_inmet, task_id=download_data, execution_date=20240801T233434, start_date=20240801T233536, end_date=20240801T233623
[2024-08-01T23:36:23.115+0000] {local_task_job.py:208} INFO - Task exited with return code 0
[2024-08-01T23:36:23.137+0000] {taskinstance.py:2578} INFO - 1 downstream tasks scheduled from follow-on schedule check
