[2024-08-02T02:32:10.930+0000] {taskinstance.py:1083} INFO - Dependencies all met for <TaskInstance: dag_inmet.download_data manual__2024-08-02T02:31:56.060152+00:00 [queued]>
[2024-08-02T02:32:10.939+0000] {taskinstance.py:1083} INFO - Dependencies all met for <TaskInstance: dag_inmet.download_data manual__2024-08-02T02:31:56.060152+00:00 [queued]>
[2024-08-02T02:32:10.939+0000] {taskinstance.py:1279} INFO - 
--------------------------------------------------------------------------------
[2024-08-02T02:32:10.939+0000] {taskinstance.py:1280} INFO - Starting attempt 1 of 1
[2024-08-02T02:32:10.939+0000] {taskinstance.py:1281} INFO - 
--------------------------------------------------------------------------------
[2024-08-02T02:32:10.949+0000] {taskinstance.py:1300} INFO - Executing <Task(PythonOperator): download_data> on 2024-08-02 02:31:56.060152+00:00
[2024-08-02T02:32:10.955+0000] {standard_task_runner.py:55} INFO - Started process 503 to run task
[2024-08-02T02:32:10.957+0000] {standard_task_runner.py:82} INFO - Running: ['***', 'tasks', 'run', 'dag_inmet', 'download_data', 'manual__2024-08-02T02:31:56.060152+00:00', '--job-id', '3879', '--raw', '--subdir', 'DAGS_FOLDER/dag_inmet.py', '--cfg-path', '/tmp/tmpn6dqnjwq']
[2024-08-02T02:32:10.958+0000] {standard_task_runner.py:83} INFO - Job 3879: Subtask download_data
[2024-08-02T02:32:10.998+0000] {task_command.py:388} INFO - Running <TaskInstance: dag_inmet.download_data manual__2024-08-02T02:31:56.060152+00:00 [running]> on host 0279e29945ad
[2024-08-02T02:32:11.046+0000] {taskinstance.py:1509} INFO - Exporting the following env vars:
AIRFLOW_CTX_DAG_OWNER=***
AIRFLOW_CTX_DAG_ID=dag_inmet
AIRFLOW_CTX_TASK_ID=download_data
AIRFLOW_CTX_EXECUTION_DATE=2024-08-02T02:31:56.060152+00:00
AIRFLOW_CTX_TRY_NUMBER=1
AIRFLOW_CTX_DAG_RUN_ID=manual__2024-08-02T02:31:56.060152+00:00
[2024-08-02T02:32:12.142+0000] {logging_mixin.py:137} INFO - Tempo de execução de download_data: 1.0947 segundos
[2024-08-02T02:32:22.477+0000] {logging_mixin.py:137} INFO - Arquivo salvo como /opt/***/data/bronze/2024.zip
[2024-08-02T02:32:22.480+0000] {logging_mixin.py:137} INFO - Tempo de execução de download_and_save_file: 10.3380 segundos
[2024-08-02T02:32:22.480+0000] {python.py:177} INFO - Done. Returned value was: /opt/***/data/bronze/2024.zip
[2024-08-02T02:32:22.499+0000] {taskinstance.py:1323} INFO - Marking task as SUCCESS. dag_id=dag_inmet, task_id=download_data, execution_date=20240802T023156, start_date=20240802T023210, end_date=20240802T023222
[2024-08-02T02:32:22.548+0000] {local_task_job.py:208} INFO - Task exited with return code 0
[2024-08-02T02:32:22.570+0000] {taskinstance.py:2578} INFO - 1 downstream tasks scheduled from follow-on schedule check
