[2024-08-28T16:32:29.485+0000] {taskinstance.py:1083} INFO - Dependencies all met for <TaskInstance: sarima_forecast_dag.run_sarima_forecast manual__2024-08-28T16:31:35.845666+00:00 [queued]>
[2024-08-28T16:32:29.493+0000] {taskinstance.py:1083} INFO - Dependencies all met for <TaskInstance: sarima_forecast_dag.run_sarima_forecast manual__2024-08-28T16:31:35.845666+00:00 [queued]>
[2024-08-28T16:32:29.493+0000] {taskinstance.py:1279} INFO - 
--------------------------------------------------------------------------------
[2024-08-28T16:32:29.493+0000] {taskinstance.py:1280} INFO - Starting attempt 1 of 1
[2024-08-28T16:32:29.493+0000] {taskinstance.py:1281} INFO - 
--------------------------------------------------------------------------------
[2024-08-28T16:32:29.502+0000] {taskinstance.py:1300} INFO - Executing <Task(PythonOperator): run_sarima_forecast> on 2024-08-28 16:31:35.845666+00:00
[2024-08-28T16:32:29.509+0000] {standard_task_runner.py:55} INFO - Started process 25714 to run task
[2024-08-28T16:32:29.511+0000] {standard_task_runner.py:82} INFO - Running: ['***', 'tasks', 'run', 'sarima_forecast_dag', 'run_sarima_forecast', 'manual__2024-08-28T16:31:35.845666+00:00', '--job-id', '12228', '--raw', '--subdir', 'DAGS_FOLDER/dag_forecast_ts_rainfall.py', '--cfg-path', '/tmp/tmps6mey9xm']
[2024-08-28T16:32:29.512+0000] {standard_task_runner.py:83} INFO - Job 12228: Subtask run_sarima_forecast
[2024-08-28T16:32:29.561+0000] {task_command.py:388} INFO - Running <TaskInstance: sarima_forecast_dag.run_sarima_forecast manual__2024-08-28T16:31:35.845666+00:00 [running]> on host 4958d38180c6
[2024-08-28T16:32:29.623+0000] {taskinstance.py:1509} INFO - Exporting the following env vars:
AIRFLOW_CTX_DAG_OWNER=***
AIRFLOW_CTX_DAG_ID=sarima_forecast_dag
AIRFLOW_CTX_TASK_ID=run_sarima_forecast
AIRFLOW_CTX_EXECUTION_DATE=2024-08-28T16:31:35.845666+00:00
AIRFLOW_CTX_TRY_NUMBER=1
AIRFLOW_CTX_DAG_RUN_ID=manual__2024-08-28T16:31:35.845666+00:00
[2024-08-28T16:32:30.276+0000] {python.py:177} INFO - Done. Returned value was: None
[2024-08-28T16:32:30.294+0000] {taskinstance.py:1323} INFO - Marking task as SUCCESS. dag_id=sarima_forecast_dag, task_id=run_sarima_forecast, execution_date=20240828T163135, start_date=20240828T163229, end_date=20240828T163230
[2024-08-28T16:32:30.324+0000] {local_task_job.py:208} INFO - Task exited with return code 0
[2024-08-28T16:32:30.336+0000] {taskinstance.py:2578} INFO - 0 downstream tasks scheduled from follow-on schedule check
