[2024-08-02T00:40:11.428+0000] {taskinstance.py:1083} INFO - Dependencies all met for <TaskInstance: dag_inmet.send_email_alert manual__2024-08-02T00:21:05.951176+00:00 [queued]>
[2024-08-02T00:40:11.437+0000] {taskinstance.py:1083} INFO - Dependencies all met for <TaskInstance: dag_inmet.send_email_alert manual__2024-08-02T00:21:05.951176+00:00 [queued]>
[2024-08-02T00:40:11.437+0000] {taskinstance.py:1279} INFO - 
--------------------------------------------------------------------------------
[2024-08-02T00:40:11.437+0000] {taskinstance.py:1280} INFO - Starting attempt 1 of 1
[2024-08-02T00:40:11.437+0000] {taskinstance.py:1281} INFO - 
--------------------------------------------------------------------------------
[2024-08-02T00:40:11.448+0000] {taskinstance.py:1300} INFO - Executing <Task(EmailOperator): send_email_alert> on 2024-08-02 00:21:05.951176+00:00
[2024-08-02T00:40:11.455+0000] {standard_task_runner.py:55} INFO - Started process 34123 to run task
[2024-08-02T00:40:11.457+0000] {standard_task_runner.py:82} INFO - Running: ['***', 'tasks', 'run', 'dag_inmet', 'send_email_alert', 'manual__2024-08-02T00:21:05.951176+00:00', '--job-id', '3613', '--raw', '--subdir', 'DAGS_FOLDER/dag_inmet.py', '--cfg-path', '/tmp/tmp6_76z12l']
[2024-08-02T00:40:11.459+0000] {standard_task_runner.py:83} INFO - Job 3613: Subtask send_email_alert
[2024-08-02T00:40:11.504+0000] {task_command.py:388} INFO - Running <TaskInstance: dag_inmet.send_email_alert manual__2024-08-02T00:21:05.951176+00:00 [running]> on host 87a8f1646fc1
[2024-08-02T00:40:11.563+0000] {taskinstance.py:1509} INFO - Exporting the following env vars:
AIRFLOW_CTX_DAG_OWNER=***
AIRFLOW_CTX_DAG_ID=dag_inmet
AIRFLOW_CTX_TASK_ID=send_email_alert
AIRFLOW_CTX_EXECUTION_DATE=2024-08-02T00:21:05.951176+00:00
AIRFLOW_CTX_TRY_NUMBER=1
AIRFLOW_CTX_DAG_RUN_ID=manual__2024-08-02T00:21:05.951176+00:00
[2024-08-02T00:40:11.572+0000] {warnings.py:110} WARNING - /home/***/.local/lib/python3.7/site-packages/***/utils/email.py:152: RemovedInAirflow3Warning: Fetching SMTP credentials from configuration variables will be deprecated in a future release. Please set credentials using a connection instead.
  send_mime_email(e_from=mail_from, e_to=recipients, mime_msg=msg, conn_id=conn_id, dryrun=dryrun)

[2024-08-02T00:40:11.572+0000] {email.py:268} INFO - Email alerting: attempt 1
[2024-08-02T00:40:13.910+0000] {email.py:280} INFO - Sent an alert email to ['kleuber94@gmail.com']
[2024-08-02T00:40:15.978+0000] {taskinstance.py:1323} INFO - Marking task as SUCCESS. dag_id=dag_inmet, task_id=send_email_alert, execution_date=20240802T002105, start_date=20240802T004011, end_date=20240802T004015
[2024-08-02T00:40:16.004+0000] {local_task_job.py:208} INFO - Task exited with return code 0
[2024-08-02T00:40:16.019+0000] {taskinstance.py:2578} INFO - 0 downstream tasks scheduled from follow-on schedule check
