[2024-08-11T17:51:59.912+0000] {taskinstance.py:1083} INFO - Dependencies all met for <TaskInstance: dag_inmet.download_data manual__2024-08-11T17:50:51.746142+00:00 [queued]>
[2024-08-11T17:51:59.921+0000] {taskinstance.py:1083} INFO - Dependencies all met for <TaskInstance: dag_inmet.download_data manual__2024-08-11T17:50:51.746142+00:00 [queued]>
[2024-08-11T17:51:59.921+0000] {taskinstance.py:1279} INFO - 
--------------------------------------------------------------------------------
[2024-08-11T17:51:59.922+0000] {taskinstance.py:1280} INFO - Starting attempt 1 of 1
[2024-08-11T17:51:59.922+0000] {taskinstance.py:1281} INFO - 
--------------------------------------------------------------------------------
[2024-08-11T17:51:59.932+0000] {taskinstance.py:1300} INFO - Executing <Task(PythonOperator): download_data> on 2024-08-11 17:50:51.746142+00:00
[2024-08-11T17:51:59.940+0000] {standard_task_runner.py:55} INFO - Started process 115759 to run task
[2024-08-11T17:51:59.942+0000] {standard_task_runner.py:82} INFO - Running: ['***', 'tasks', 'run', 'dag_inmet', 'download_data', 'manual__2024-08-11T17:50:51.746142+00:00', '--job-id', '6899', '--raw', '--subdir', 'DAGS_FOLDER/dag_inmet.py', '--cfg-path', '/tmp/tmp0yml61dr']
[2024-08-11T17:51:59.943+0000] {standard_task_runner.py:83} INFO - Job 6899: Subtask download_data
[2024-08-11T17:51:59.986+0000] {task_command.py:388} INFO - Running <TaskInstance: dag_inmet.download_data manual__2024-08-11T17:50:51.746142+00:00 [running]> on host 4d826fde42d2
[2024-08-11T17:52:00.041+0000] {taskinstance.py:1509} INFO - Exporting the following env vars:
AIRFLOW_CTX_DAG_OWNER=***
AIRFLOW_CTX_DAG_ID=dag_inmet
AIRFLOW_CTX_TASK_ID=download_data
AIRFLOW_CTX_EXECUTION_DATE=2024-08-11T17:50:51.746142+00:00
AIRFLOW_CTX_TRY_NUMBER=1
AIRFLOW_CTX_DAG_RUN_ID=manual__2024-08-11T17:50:51.746142+00:00
[2024-08-11T17:52:01.142+0000] {logging_mixin.py:137} INFO - Tempo de execução de download_data: 1.1010 segundos
[2024-08-11T17:52:22.234+0000] {logging_mixin.py:137} INFO - Arquivo salvo como /opt/***/data/bronze/2020.zip
[2024-08-11T17:52:22.242+0000] {logging_mixin.py:137} INFO - Tempo de execução de download_and_save_file: 21.0993 segundos
[2024-08-11T17:52:22.259+0000] {python.py:177} INFO - Done. Returned value was: /opt/***/data/bronze/2020.zip
[2024-08-11T17:52:22.272+0000] {taskinstance.py:1323} INFO - Marking task as SUCCESS. dag_id=dag_inmet, task_id=download_data, execution_date=20240811T175051, start_date=20240811T175159, end_date=20240811T175222
[2024-08-11T17:52:22.288+0000] {local_task_job.py:208} INFO - Task exited with return code 0
[2024-08-11T17:52:22.308+0000] {taskinstance.py:2578} INFO - 1 downstream tasks scheduled from follow-on schedule check
