[2024-07-30T15:11:19.014+0000] {taskinstance.py:1083} INFO - Dependencies all met for <TaskInstance: dag_inmet.download_data manual__2024-07-30T15:10:54.275211+00:00 [queued]>
[2024-07-30T15:11:19.021+0000] {taskinstance.py:1083} INFO - Dependencies all met for <TaskInstance: dag_inmet.download_data manual__2024-07-30T15:10:54.275211+00:00 [queued]>
[2024-07-30T15:11:19.021+0000] {taskinstance.py:1279} INFO - 
--------------------------------------------------------------------------------
[2024-07-30T15:11:19.021+0000] {taskinstance.py:1280} INFO - Starting attempt 1 of 1
[2024-07-30T15:11:19.021+0000] {taskinstance.py:1281} INFO - 
--------------------------------------------------------------------------------
[2024-07-30T15:11:19.032+0000] {taskinstance.py:1300} INFO - Executing <Task(PythonOperator): download_data> on 2024-07-30 15:10:54.275211+00:00
[2024-07-30T15:11:19.037+0000] {standard_task_runner.py:55} INFO - Started process 3514 to run task
[2024-07-30T15:11:19.039+0000] {standard_task_runner.py:82} INFO - Running: ['***', 'tasks', 'run', 'dag_inmet', 'download_data', 'manual__2024-07-30T15:10:54.275211+00:00', '--job-id', '2623', '--raw', '--subdir', 'DAGS_FOLDER/dag_inmet.py', '--cfg-path', '/tmp/tmp_nv7dcj7']
[2024-07-30T15:11:19.041+0000] {standard_task_runner.py:83} INFO - Job 2623: Subtask download_data
[2024-07-30T15:11:19.081+0000] {task_command.py:388} INFO - Running <TaskInstance: dag_inmet.download_data manual__2024-07-30T15:10:54.275211+00:00 [running]> on host de721ab37e41
[2024-07-30T15:11:19.136+0000] {taskinstance.py:1509} INFO - Exporting the following env vars:
AIRFLOW_CTX_DAG_OWNER=***
AIRFLOW_CTX_DAG_ID=dag_inmet
AIRFLOW_CTX_TASK_ID=download_data
AIRFLOW_CTX_EXECUTION_DATE=2024-07-30T15:10:54.275211+00:00
AIRFLOW_CTX_TRY_NUMBER=1
AIRFLOW_CTX_DAG_RUN_ID=manual__2024-07-30T15:10:54.275211+00:00
[2024-07-30T15:11:20.103+0000] {logging_mixin.py:137} INFO - Tempo de execução de download_data: 0.9666 segundos
[2024-07-30T15:11:29.900+0000] {logging_mixin.py:137} INFO - Arquivo salvo como /opt/***/data/bronze/2024.zip
[2024-07-30T15:11:29.902+0000] {logging_mixin.py:137} INFO - Tempo de execução de download_and_save_file: 9.7995 segundos
[2024-07-30T15:11:29.903+0000] {python.py:177} INFO - Done. Returned value was: /opt/***/data/bronze/2024.zip
[2024-07-30T15:11:29.921+0000] {taskinstance.py:1323} INFO - Marking task as SUCCESS. dag_id=dag_inmet, task_id=download_data, execution_date=20240730T151054, start_date=20240730T151119, end_date=20240730T151129
[2024-07-30T15:11:29.971+0000] {local_task_job.py:208} INFO - Task exited with return code 0
[2024-07-30T15:11:29.984+0000] {taskinstance.py:2578} INFO - 1 downstream tasks scheduled from follow-on schedule check
