[2024-08-06T16:33:45.267+0000] {taskinstance.py:1083} INFO - Dependencies all met for <TaskInstance: dag_inmet.download_data manual__2024-08-06T16:32:49.056815+00:00 [queued]>
[2024-08-06T16:33:45.275+0000] {taskinstance.py:1083} INFO - Dependencies all met for <TaskInstance: dag_inmet.download_data manual__2024-08-06T16:32:49.056815+00:00 [queued]>
[2024-08-06T16:33:45.276+0000] {taskinstance.py:1279} INFO - 
--------------------------------------------------------------------------------
[2024-08-06T16:33:45.276+0000] {taskinstance.py:1280} INFO - Starting attempt 1 of 1
[2024-08-06T16:33:45.276+0000] {taskinstance.py:1281} INFO - 
--------------------------------------------------------------------------------
[2024-08-06T16:33:45.286+0000] {taskinstance.py:1300} INFO - Executing <Task(PythonOperator): download_data> on 2024-08-06 16:32:49.056815+00:00
[2024-08-06T16:33:45.292+0000] {standard_task_runner.py:55} INFO - Started process 102735 to run task
[2024-08-06T16:33:45.295+0000] {standard_task_runner.py:82} INFO - Running: ['***', 'tasks', 'run', 'dag_inmet', 'download_data', 'manual__2024-08-06T16:32:49.056815+00:00', '--job-id', '4493', '--raw', '--subdir', 'DAGS_FOLDER/dag_inmet.py', '--cfg-path', '/tmp/tmpj4u98255']
[2024-08-06T16:33:45.296+0000] {standard_task_runner.py:83} INFO - Job 4493: Subtask download_data
[2024-08-06T16:33:45.337+0000] {task_command.py:388} INFO - Running <TaskInstance: dag_inmet.download_data manual__2024-08-06T16:32:49.056815+00:00 [running]> on host 0165c32c74c8
[2024-08-06T16:33:45.389+0000] {taskinstance.py:1509} INFO - Exporting the following env vars:
AIRFLOW_CTX_DAG_OWNER=***
AIRFLOW_CTX_DAG_ID=dag_inmet
AIRFLOW_CTX_TASK_ID=download_data
AIRFLOW_CTX_EXECUTION_DATE=2024-08-06T16:32:49.056815+00:00
AIRFLOW_CTX_TRY_NUMBER=1
AIRFLOW_CTX_DAG_RUN_ID=manual__2024-08-06T16:32:49.056815+00:00
[2024-08-06T16:33:46.695+0000] {logging_mixin.py:137} INFO - Tempo de execução de download_data: 1.3054 segundos
[2024-08-06T16:34:21.520+0000] {logging_mixin.py:137} INFO - Arquivo salvo como /opt/***/data/bronze/2023.zip
[2024-08-06T16:34:21.526+0000] {logging_mixin.py:137} INFO - Tempo de execução de download_and_save_file: 34.8305 segundos
[2024-08-06T16:34:21.526+0000] {python.py:177} INFO - Done. Returned value was: /opt/***/data/bronze/2023.zip
[2024-08-06T16:34:21.544+0000] {taskinstance.py:1323} INFO - Marking task as SUCCESS. dag_id=dag_inmet, task_id=download_data, execution_date=20240806T163249, start_date=20240806T163345, end_date=20240806T163421
[2024-08-06T16:34:21.580+0000] {local_task_job.py:208} INFO - Task exited with return code 0
[2024-08-06T16:34:21.601+0000] {taskinstance.py:2578} INFO - 1 downstream tasks scheduled from follow-on schedule check
