[2024-08-22T16:47:08.639+0000] {taskinstance.py:1083} INFO - Dependencies all met for <TaskInstance: sarima_forecast_dag.run_sarima_forecast manual__2024-08-22T16:46:24.434662+00:00 [queued]>
[2024-08-22T16:47:08.647+0000] {taskinstance.py:1083} INFO - Dependencies all met for <TaskInstance: sarima_forecast_dag.run_sarima_forecast manual__2024-08-22T16:46:24.434662+00:00 [queued]>
[2024-08-22T16:47:08.647+0000] {taskinstance.py:1279} INFO - 
--------------------------------------------------------------------------------
[2024-08-22T16:47:08.648+0000] {taskinstance.py:1280} INFO - Starting attempt 1 of 1
[2024-08-22T16:47:08.648+0000] {taskinstance.py:1281} INFO - 
--------------------------------------------------------------------------------
[2024-08-22T16:47:08.659+0000] {taskinstance.py:1300} INFO - Executing <Task(PythonOperator): run_sarima_forecast> on 2024-08-22 16:46:24.434662+00:00
[2024-08-22T16:47:08.665+0000] {standard_task_runner.py:55} INFO - Started process 2026 to run task
[2024-08-22T16:47:08.667+0000] {standard_task_runner.py:82} INFO - Running: ['***', 'tasks', 'run', 'sarima_forecast_dag', 'run_sarima_forecast', 'manual__2024-08-22T16:46:24.434662+00:00', '--job-id', '10978', '--raw', '--subdir', 'DAGS_FOLDER/dag_forecast_ts_rainfall.py', '--cfg-path', '/tmp/tmpo70_l_bc']
[2024-08-22T16:47:08.669+0000] {standard_task_runner.py:83} INFO - Job 10978: Subtask run_sarima_forecast
[2024-08-22T16:47:08.719+0000] {task_command.py:388} INFO - Running <TaskInstance: sarima_forecast_dag.run_sarima_forecast manual__2024-08-22T16:46:24.434662+00:00 [running]> on host 699e1294bfd7
[2024-08-22T16:47:08.775+0000] {taskinstance.py:1509} INFO - Exporting the following env vars:
AIRFLOW_CTX_DAG_OWNER=***
AIRFLOW_CTX_DAG_ID=sarima_forecast_dag
AIRFLOW_CTX_TASK_ID=run_sarima_forecast
AIRFLOW_CTX_EXECUTION_DATE=2024-08-22T16:46:24.434662+00:00
AIRFLOW_CTX_TRY_NUMBER=1
AIRFLOW_CTX_DAG_RUN_ID=manual__2024-08-22T16:46:24.434662+00:00
[2024-08-22T16:47:09.012+0000] {warnings.py:110} WARNING - /home/***/.local/lib/python3.7/site-packages/statsmodels/tsa/statespace/sarimax.py:868: UserWarning: Too few observations to estimate starting parameters for seasonal ARMA. All parameters except for variances will be set to zeros.
  ' zeros.' % warning_description)

[2024-08-22T16:47:09.062+0000] {python.py:177} INFO - Done. Returned value was: None
[2024-08-22T16:47:09.078+0000] {taskinstance.py:1323} INFO - Marking task as SUCCESS. dag_id=sarima_forecast_dag, task_id=run_sarima_forecast, execution_date=20240822T164624, start_date=20240822T164708, end_date=20240822T164709
[2024-08-22T16:47:09.119+0000] {local_task_job.py:208} INFO - Task exited with return code 0
[2024-08-22T16:47:09.133+0000] {taskinstance.py:2578} INFO - 0 downstream tasks scheduled from follow-on schedule check
