[2024-07-03T13:51:08.611+0000] {taskinstance.py:1083} INFO - Dependencies all met for <TaskInstance: bancodedados.print_result_task manual__2024-07-03T13:51:03.482588+00:00 [queued]>
[2024-07-03T13:51:08.618+0000] {taskinstance.py:1083} INFO - Dependencies all met for <TaskInstance: bancodedados.print_result_task manual__2024-07-03T13:51:03.482588+00:00 [queued]>
[2024-07-03T13:51:08.618+0000] {taskinstance.py:1279} INFO - 
--------------------------------------------------------------------------------
[2024-07-03T13:51:08.618+0000] {taskinstance.py:1280} INFO - Starting attempt 1 of 1
[2024-07-03T13:51:08.619+0000] {taskinstance.py:1281} INFO - 
--------------------------------------------------------------------------------
[2024-07-03T13:51:08.630+0000] {taskinstance.py:1300} INFO - Executing <Task(PythonOperator): print_result_task> on 2024-07-03 13:51:03.482588+00:00
[2024-07-03T13:51:08.635+0000] {standard_task_runner.py:55} INFO - Started process 6019 to run task
[2024-07-03T13:51:08.636+0000] {standard_task_runner.py:82} INFO - Running: ['***', 'tasks', 'run', 'bancodedados', 'print_result_task', 'manual__2024-07-03T13:51:03.482588+00:00', '--job-id', '770', '--raw', '--subdir', 'DAGS_FOLDER/bancodedados.py', '--cfg-path', '/tmp/tmp0e8mfi8r']
[2024-07-03T13:51:08.637+0000] {standard_task_runner.py:83} INFO - Job 770: Subtask print_result_task
[2024-07-03T13:51:08.680+0000] {task_command.py:388} INFO - Running <TaskInstance: bancodedados.print_result_task manual__2024-07-03T13:51:03.482588+00:00 [running]> on host 6932124ae65a
[2024-07-03T13:51:08.732+0000] {taskinstance.py:1509} INFO - Exporting the following env vars:
AIRFLOW_CTX_DAG_OWNER=***
AIRFLOW_CTX_DAG_ID=bancodedados
AIRFLOW_CTX_TASK_ID=print_result_task
AIRFLOW_CTX_EXECUTION_DATE=2024-07-03T13:51:03.482588+00:00
AIRFLOW_CTX_TRY_NUMBER=1
AIRFLOW_CTX_DAG_RUN_ID=manual__2024-07-03T13:51:03.482588+00:00
[2024-07-03T13:51:08.742+0000] {logging_mixin.py:137} INFO - Resultado da consulta:
[2024-07-03T13:51:08.742+0000] {logging_mixin.py:137} INFO - [1]
[2024-07-03T13:51:08.742+0000] {logging_mixin.py:137} INFO - [1]
[2024-07-03T13:51:08.742+0000] {python.py:177} INFO - Done. Returned value was: None
[2024-07-03T13:51:08.750+0000] {taskinstance.py:1323} INFO - Marking task as SUCCESS. dag_id=bancodedados, task_id=print_result_task, execution_date=20240703T135103, start_date=20240703T135108, end_date=20240703T135108
[2024-07-03T13:51:08.768+0000] {local_task_job.py:208} INFO - Task exited with return code 0
[2024-07-03T13:51:08.785+0000] {taskinstance.py:2578} INFO - 0 downstream tasks scheduled from follow-on schedule check
