[2024-08-08T16:48:37.588+0000] {taskinstance.py:1083} INFO - Dependencies all met for <TaskInstance: dag_inmet.download_data manual__2024-08-08T16:48:19.312901+00:00 [queued]>
[2024-08-08T16:48:37.596+0000] {taskinstance.py:1083} INFO - Dependencies all met for <TaskInstance: dag_inmet.download_data manual__2024-08-08T16:48:19.312901+00:00 [queued]>
[2024-08-08T16:48:37.597+0000] {taskinstance.py:1279} INFO - 
--------------------------------------------------------------------------------
[2024-08-08T16:48:37.597+0000] {taskinstance.py:1280} INFO - Starting attempt 1 of 1
[2024-08-08T16:48:37.597+0000] {taskinstance.py:1281} INFO - 
--------------------------------------------------------------------------------
[2024-08-08T16:48:37.607+0000] {taskinstance.py:1300} INFO - Executing <Task(PythonOperator): download_data> on 2024-08-08 16:48:19.312901+00:00
[2024-08-08T16:48:37.614+0000] {standard_task_runner.py:55} INFO - Started process 283 to run task
[2024-08-08T16:48:37.616+0000] {standard_task_runner.py:82} INFO - Running: ['***', 'tasks', 'run', 'dag_inmet', 'download_data', 'manual__2024-08-08T16:48:19.312901+00:00', '--job-id', '6066', '--raw', '--subdir', 'DAGS_FOLDER/dag_inmet.py', '--cfg-path', '/tmp/tmpt_h0jj0c']
[2024-08-08T16:48:37.617+0000] {standard_task_runner.py:83} INFO - Job 6066: Subtask download_data
[2024-08-08T16:48:37.658+0000] {task_command.py:388} INFO - Running <TaskInstance: dag_inmet.download_data manual__2024-08-08T16:48:19.312901+00:00 [running]> on host 248f3d3923de
[2024-08-08T16:48:37.709+0000] {taskinstance.py:1509} INFO - Exporting the following env vars:
AIRFLOW_CTX_DAG_OWNER=***
AIRFLOW_CTX_DAG_ID=dag_inmet
AIRFLOW_CTX_TASK_ID=download_data
AIRFLOW_CTX_EXECUTION_DATE=2024-08-08T16:48:19.312901+00:00
AIRFLOW_CTX_TRY_NUMBER=1
AIRFLOW_CTX_DAG_RUN_ID=manual__2024-08-08T16:48:19.312901+00:00
[2024-08-08T16:48:38.786+0000] {logging_mixin.py:137} INFO - Tempo de execução de download_data: 1.0767 segundos
[2024-08-08T16:48:59.718+0000] {logging_mixin.py:137} INFO - Arquivo salvo como /opt/***/data/bronze/2021.zip
[2024-08-08T16:48:59.722+0000] {logging_mixin.py:137} INFO - Tempo de execução de download_and_save_file: 20.9361 segundos
[2024-08-08T16:48:59.750+0000] {python.py:177} INFO - Done. Returned value was: /opt/***/data/bronze/2021.zip
[2024-08-08T16:48:59.764+0000] {taskinstance.py:1323} INFO - Marking task as SUCCESS. dag_id=dag_inmet, task_id=download_data, execution_date=20240808T164819, start_date=20240808T164837, end_date=20240808T164859
[2024-08-08T16:48:59.812+0000] {local_task_job.py:208} INFO - Task exited with return code 0
[2024-08-08T16:48:59.831+0000] {taskinstance.py:2578} INFO - 1 downstream tasks scheduled from follow-on schedule check
