[2024-08-08T15:44:37.901+0000] {taskinstance.py:1083} INFO - Dependencies all met for <TaskInstance: dag_inmet.send_email_results manual__2024-08-08T15:15:10.685418+00:00 [queued]>
[2024-08-08T15:44:37.921+0000] {taskinstance.py:1083} INFO - Dependencies all met for <TaskInstance: dag_inmet.send_email_results manual__2024-08-08T15:15:10.685418+00:00 [queued]>
[2024-08-08T15:44:37.921+0000] {taskinstance.py:1279} INFO - 
--------------------------------------------------------------------------------
[2024-08-08T15:44:37.921+0000] {taskinstance.py:1280} INFO - Starting attempt 1 of 1
[2024-08-08T15:44:37.921+0000] {taskinstance.py:1281} INFO - 
--------------------------------------------------------------------------------
[2024-08-08T15:44:37.940+0000] {taskinstance.py:1300} INFO - Executing <Task(EmailOperator): send_email_results> on 2024-08-08 15:15:10.685418+00:00
[2024-08-08T15:44:37.950+0000] {standard_task_runner.py:55} INFO - Started process 123827 to run task
[2024-08-08T15:44:37.954+0000] {standard_task_runner.py:82} INFO - Running: ['***', 'tasks', 'run', 'dag_inmet', 'send_email_results', 'manual__2024-08-08T15:15:10.685418+00:00', '--job-id', '5922', '--raw', '--subdir', 'DAGS_FOLDER/dag_inmet.py', '--cfg-path', '/tmp/tmp0kqp2bpc']
[2024-08-08T15:44:37.957+0000] {standard_task_runner.py:83} INFO - Job 5922: Subtask send_email_results
[2024-08-08T15:44:38.049+0000] {task_command.py:388} INFO - Running <TaskInstance: dag_inmet.send_email_results manual__2024-08-08T15:15:10.685418+00:00 [running]> on host da0057b0268c
[2024-08-08T15:44:38.433+0000] {taskinstance.py:1509} INFO - Exporting the following env vars:
AIRFLOW_CTX_DAG_OWNER=***
AIRFLOW_CTX_DAG_ID=dag_inmet
AIRFLOW_CTX_TASK_ID=send_email_results
AIRFLOW_CTX_EXECUTION_DATE=2024-08-08T15:15:10.685418+00:00
AIRFLOW_CTX_TRY_NUMBER=1
AIRFLOW_CTX_DAG_RUN_ID=manual__2024-08-08T15:15:10.685418+00:00
[2024-08-08T15:44:38.449+0000] {warnings.py:110} WARNING - /home/***/.local/lib/python3.7/site-packages/***/utils/email.py:152: RemovedInAirflow3Warning: Fetching SMTP credentials from configuration variables will be deprecated in a future release. Please set credentials using a connection instead.
  send_mime_email(e_from=mail_from, e_to=recipients, mime_msg=msg, conn_id=conn_id, dryrun=dryrun)

[2024-08-08T15:44:38.450+0000] {email.py:268} INFO - Email alerting: attempt 1
[2024-08-08T15:44:40.905+0000] {email.py:280} INFO - Sent an alert email to ['kleuber94@gmail.com', 'vferreiramesquita@gmail.com']
[2024-08-08T15:44:43.534+0000] {taskinstance.py:1323} INFO - Marking task as SUCCESS. dag_id=dag_inmet, task_id=send_email_results, execution_date=20240808T151510, start_date=20240808T154437, end_date=20240808T154443
[2024-08-08T15:44:43.623+0000] {local_task_job.py:208} INFO - Task exited with return code 0
[2024-08-08T15:44:43.646+0000] {taskinstance.py:2578} INFO - 0 downstream tasks scheduled from follow-on schedule check
