[2024-08-29T15:39:18.928+0000] {taskinstance.py:1083} INFO - Dependencies all met for <TaskInstance: dag_gold_ts.send_email_alert scheduled__2024-07-29T15:28:00+00:00 [queued]>
[2024-08-29T15:39:18.937+0000] {taskinstance.py:1083} INFO - Dependencies all met for <TaskInstance: dag_gold_ts.send_email_alert scheduled__2024-07-29T15:28:00+00:00 [queued]>
[2024-08-29T15:39:18.937+0000] {taskinstance.py:1279} INFO - 
--------------------------------------------------------------------------------
[2024-08-29T15:39:18.937+0000] {taskinstance.py:1280} INFO - Starting attempt 1 of 1
[2024-08-29T15:39:18.937+0000] {taskinstance.py:1281} INFO - 
--------------------------------------------------------------------------------
[2024-08-29T15:39:18.948+0000] {taskinstance.py:1300} INFO - Executing <Task(EmailOperator): send_email_alert> on 2024-07-29 15:28:00+00:00
[2024-08-29T15:39:18.955+0000] {standard_task_runner.py:55} INFO - Started process 9321 to run task
[2024-08-29T15:39:18.957+0000] {standard_task_runner.py:82} INFO - Running: ['***', 'tasks', 'run', 'dag_gold_ts', 'send_email_alert', 'scheduled__2024-07-29T15:28:00+00:00', '--job-id', '13238', '--raw', '--subdir', 'DAGS_FOLDER/dag_ts_inmet.py', '--cfg-path', '/tmp/tmpuxlvskzy']
[2024-08-29T15:39:18.958+0000] {standard_task_runner.py:83} INFO - Job 13238: Subtask send_email_alert
[2024-08-29T15:39:19.006+0000] {task_command.py:388} INFO - Running <TaskInstance: dag_gold_ts.send_email_alert scheduled__2024-07-29T15:28:00+00:00 [running]> on host d813130246e9
[2024-08-29T15:39:19.083+0000] {taskinstance.py:1509} INFO - Exporting the following env vars:
AIRFLOW_CTX_DAG_OWNER=***
AIRFLOW_CTX_DAG_ID=dag_gold_ts
AIRFLOW_CTX_TASK_ID=send_email_alert
AIRFLOW_CTX_EXECUTION_DATE=2024-07-29T15:28:00+00:00
AIRFLOW_CTX_TRY_NUMBER=1
AIRFLOW_CTX_DAG_RUN_ID=scheduled__2024-07-29T15:28:00+00:00
[2024-08-29T15:39:19.090+0000] {warnings.py:110} WARNING - /home/***/.local/lib/python3.7/site-packages/***/utils/email.py:152: RemovedInAirflow3Warning: Fetching SMTP credentials from configuration variables will be deprecated in a future release. Please set credentials using a connection instead.
  send_mime_email(e_from=mail_from, e_to=recipients, mime_msg=msg, conn_id=conn_id, dryrun=dryrun)

[2024-08-29T15:39:19.091+0000] {email.py:268} INFO - Email alerting: attempt 1
[2024-08-29T15:39:20.884+0000] {email.py:280} INFO - Sent an alert email to ['kleuber94@gmail.com', 'vferreiramesquita@gmail.com']
[2024-08-29T15:39:23.624+0000] {taskinstance.py:1323} INFO - Marking task as SUCCESS. dag_id=dag_gold_ts, task_id=send_email_alert, execution_date=20240729T152800, start_date=20240829T153918, end_date=20240829T153923
[2024-08-29T15:39:23.658+0000] {local_task_job.py:208} INFO - Task exited with return code 0
[2024-08-29T15:39:23.672+0000] {taskinstance.py:2578} INFO - 0 downstream tasks scheduled from follow-on schedule check
