[2024-06-28T14:21:11.028+0000] {taskinstance.py:1083} INFO - Dependencies all met for <TaskInstance: daggroup.tsk2 manual__2024-06-28T14:21:03.968826+00:00 [queued]>
[2024-06-28T14:21:11.042+0000] {taskinstance.py:1083} INFO - Dependencies all met for <TaskInstance: daggroup.tsk2 manual__2024-06-28T14:21:03.968826+00:00 [queued]>
[2024-06-28T14:21:11.043+0000] {taskinstance.py:1279} INFO - 
--------------------------------------------------------------------------------
[2024-06-28T14:21:11.043+0000] {taskinstance.py:1280} INFO - Starting attempt 1 of 1
[2024-06-28T14:21:11.043+0000] {taskinstance.py:1281} INFO - 
--------------------------------------------------------------------------------
[2024-06-28T14:21:11.059+0000] {taskinstance.py:1300} INFO - Executing <Task(BashOperator): tsk2> on 2024-06-28 14:21:03.968826+00:00
[2024-06-28T14:21:11.065+0000] {standard_task_runner.py:55} INFO - Started process 168 to run task
[2024-06-28T14:21:11.067+0000] {standard_task_runner.py:82} INFO - Running: ['***', 'tasks', 'run', 'daggroup', 'tsk2', 'manual__2024-06-28T14:21:03.968826+00:00', '--job-id', '247', '--raw', '--subdir', 'DAGS_FOLDER/daggroup.py', '--cfg-path', '/tmp/tmpc0tkd23o']
[2024-06-28T14:21:11.067+0000] {standard_task_runner.py:83} INFO - Job 247: Subtask tsk2
[2024-06-28T14:21:11.109+0000] {task_command.py:388} INFO - Running <TaskInstance: daggroup.tsk2 manual__2024-06-28T14:21:03.968826+00:00 [running]> on host 81805745a6af
[2024-06-28T14:21:11.171+0000] {taskinstance.py:1509} INFO - Exporting the following env vars:
AIRFLOW_CTX_DAG_OWNER=***
AIRFLOW_CTX_DAG_ID=daggroup
AIRFLOW_CTX_TASK_ID=tsk2
AIRFLOW_CTX_EXECUTION_DATE=2024-06-28T14:21:03.968826+00:00
AIRFLOW_CTX_TRY_NUMBER=1
AIRFLOW_CTX_DAG_RUN_ID=manual__2024-06-28T14:21:03.968826+00:00
[2024-06-28T14:21:11.171+0000] {subprocess.py:63} INFO - Tmp dir root location: 
 /tmp
[2024-06-28T14:21:11.172+0000] {subprocess.py:75} INFO - Running command: ['/bin/bash', '-c', 'sleep 5']
[2024-06-28T14:21:11.182+0000] {subprocess.py:86} INFO - Output:
[2024-06-28T14:21:16.185+0000] {subprocess.py:97} INFO - Command exited with return code 0
[2024-06-28T14:21:16.253+0000] {taskinstance.py:1323} INFO - Marking task as SUCCESS. dag_id=daggroup, task_id=tsk2, execution_date=20240628T142103, start_date=20240628T142111, end_date=20240628T142116
[2024-06-28T14:21:16.297+0000] {local_task_job.py:208} INFO - Task exited with return code 0
[2024-06-28T14:21:16.330+0000] {taskinstance.py:2578} INFO - 0 downstream tasks scheduled from follow-on schedule check
