[2024-08-22T17:59:28.870+0000] {taskinstance.py:1083} INFO - Dependencies all met for <TaskInstance: dag_gold_ts.process_gold_ts manual__2024-08-22T17:58:58.756937+00:00 [queued]>
[2024-08-22T17:59:28.876+0000] {taskinstance.py:1083} INFO - Dependencies all met for <TaskInstance: dag_gold_ts.process_gold_ts manual__2024-08-22T17:58:58.756937+00:00 [queued]>
[2024-08-22T17:59:28.876+0000] {taskinstance.py:1279} INFO - 
--------------------------------------------------------------------------------
[2024-08-22T17:59:28.877+0000] {taskinstance.py:1280} INFO - Starting attempt 1 of 1
[2024-08-22T17:59:28.877+0000] {taskinstance.py:1281} INFO - 
--------------------------------------------------------------------------------
[2024-08-22T17:59:28.887+0000] {taskinstance.py:1300} INFO - Executing <Task(PythonOperator): process_gold_ts> on 2024-08-22 17:58:58.756937+00:00
[2024-08-22T17:59:28.893+0000] {standard_task_runner.py:55} INFO - Started process 1677 to run task
[2024-08-22T17:59:28.895+0000] {standard_task_runner.py:82} INFO - Running: ['***', 'tasks', 'run', 'dag_gold_ts', 'process_gold_ts', 'manual__2024-08-22T17:58:58.756937+00:00', '--job-id', '11212', '--raw', '--subdir', 'DAGS_FOLDER/dag_ts_inmet.py', '--cfg-path', '/tmp/tmpxjixxqge']
[2024-08-22T17:59:28.897+0000] {standard_task_runner.py:83} INFO - Job 11212: Subtask process_gold_ts
[2024-08-22T17:59:28.938+0000] {task_command.py:388} INFO - Running <TaskInstance: dag_gold_ts.process_gold_ts manual__2024-08-22T17:58:58.756937+00:00 [running]> on host 8f16cc1bd84f
[2024-08-22T17:59:28.992+0000] {taskinstance.py:1509} INFO - Exporting the following env vars:
AIRFLOW_CTX_DAG_OWNER=***
AIRFLOW_CTX_DAG_ID=dag_gold_ts
AIRFLOW_CTX_TASK_ID=process_gold_ts
AIRFLOW_CTX_EXECUTION_DATE=2024-08-22T17:58:58.756937+00:00
AIRFLOW_CTX_TRY_NUMBER=1
AIRFLOW_CTX_DAG_RUN_ID=manual__2024-08-22T17:58:58.756937+00:00
[2024-08-22T17:59:31.156+0000] {warnings.py:110} WARNING - /home/***/.local/lib/python3.7/site-packages/pyspark/context.py:317: FutureWarning: Python 3.7 support is deprecated in Spark 3.4.
  warnings.warn("Python 3.7 support is deprecated in Spark 3.4.", FutureWarning)

[2024-08-22T17:59:35.787+0000] {logging_mixin.py:137} INFO - Tempo de execução de ts_gold: 4.5319 segundos
[2024-08-22T17:59:36.157+0000] {python.py:177} INFO - Done. Returned value was: None
[2024-08-22T17:59:36.169+0000] {taskinstance.py:1323} INFO - Marking task as SUCCESS. dag_id=dag_gold_ts, task_id=process_gold_ts, execution_date=20240822T175858, start_date=20240822T175928, end_date=20240822T175936
[2024-08-22T17:59:36.204+0000] {local_task_job.py:208} INFO - Task exited with return code 0
[2024-08-22T17:59:36.225+0000] {taskinstance.py:2578} INFO - 1 downstream tasks scheduled from follow-on schedule check
