[2024-08-28T14:28:38.378+0000] {taskinstance.py:1083} INFO - Dependencies all met for <TaskInstance: dag_gold_ts.process_gold_ts manual__2024-08-28T14:27:54.767815+00:00 [queued]>
[2024-08-28T14:28:38.385+0000] {taskinstance.py:1083} INFO - Dependencies all met for <TaskInstance: dag_gold_ts.process_gold_ts manual__2024-08-28T14:27:54.767815+00:00 [queued]>
[2024-08-28T14:28:38.385+0000] {taskinstance.py:1279} INFO - 
--------------------------------------------------------------------------------
[2024-08-28T14:28:38.385+0000] {taskinstance.py:1280} INFO - Starting attempt 1 of 1
[2024-08-28T14:28:38.385+0000] {taskinstance.py:1281} INFO - 
--------------------------------------------------------------------------------
[2024-08-28T14:28:38.395+0000] {taskinstance.py:1300} INFO - Executing <Task(PythonOperator): process_gold_ts> on 2024-08-28 14:27:54.767815+00:00
[2024-08-28T14:28:38.402+0000] {standard_task_runner.py:55} INFO - Started process 13908 to run task
[2024-08-28T14:28:38.404+0000] {standard_task_runner.py:82} INFO - Running: ['***', 'tasks', 'run', 'dag_gold_ts', 'process_gold_ts', 'manual__2024-08-28T14:27:54.767815+00:00', '--job-id', '12101', '--raw', '--subdir', 'DAGS_FOLDER/dag_ts_inmet.py', '--cfg-path', '/tmp/tmptm56eq4o']
[2024-08-28T14:28:38.405+0000] {standard_task_runner.py:83} INFO - Job 12101: Subtask process_gold_ts
[2024-08-28T14:28:38.452+0000] {task_command.py:388} INFO - Running <TaskInstance: dag_gold_ts.process_gold_ts manual__2024-08-28T14:27:54.767815+00:00 [running]> on host 4958d38180c6
[2024-08-28T14:28:38.506+0000] {taskinstance.py:1509} INFO - Exporting the following env vars:
AIRFLOW_CTX_DAG_OWNER=***
AIRFLOW_CTX_DAG_ID=dag_gold_ts
AIRFLOW_CTX_TASK_ID=process_gold_ts
AIRFLOW_CTX_EXECUTION_DATE=2024-08-28T14:27:54.767815+00:00
AIRFLOW_CTX_TRY_NUMBER=1
AIRFLOW_CTX_DAG_RUN_ID=manual__2024-08-28T14:27:54.767815+00:00
[2024-08-28T14:28:40.703+0000] {warnings.py:110} WARNING - /home/***/.local/lib/python3.7/site-packages/pyspark/context.py:317: FutureWarning: Python 3.7 support is deprecated in Spark 3.4.
  warnings.warn("Python 3.7 support is deprecated in Spark 3.4.", FutureWarning)

[2024-08-28T14:28:45.688+0000] {logging_mixin.py:137} INFO - Tempo de execução de ts_gold: 4.8917 segundos
[2024-08-28T14:28:46.208+0000] {python.py:177} INFO - Done. Returned value was: None
[2024-08-28T14:28:46.237+0000] {taskinstance.py:1323} INFO - Marking task as SUCCESS. dag_id=dag_gold_ts, task_id=process_gold_ts, execution_date=20240828T142754, start_date=20240828T142838, end_date=20240828T142846
[2024-08-28T14:28:46.313+0000] {local_task_job.py:208} INFO - Task exited with return code 0
[2024-08-28T14:28:46.345+0000] {taskinstance.py:2578} INFO - 1 downstream tasks scheduled from follow-on schedule check
