[2024-08-06T14:26:44.156+0000] {taskinstance.py:1083} INFO - Dependencies all met for <TaskInstance: dag_inmet.download_data manual__2024-08-06T14:25:59.843413+00:00 [queued]>
[2024-08-06T14:26:44.166+0000] {taskinstance.py:1083} INFO - Dependencies all met for <TaskInstance: dag_inmet.download_data manual__2024-08-06T14:25:59.843413+00:00 [queued]>
[2024-08-06T14:26:44.166+0000] {taskinstance.py:1279} INFO - 
--------------------------------------------------------------------------------
[2024-08-06T14:26:44.166+0000] {taskinstance.py:1280} INFO - Starting attempt 1 of 1
[2024-08-06T14:26:44.166+0000] {taskinstance.py:1281} INFO - 
--------------------------------------------------------------------------------
[2024-08-06T14:26:44.176+0000] {taskinstance.py:1300} INFO - Executing <Task(PythonOperator): download_data> on 2024-08-06 14:25:59.843413+00:00
[2024-08-06T14:26:44.182+0000] {standard_task_runner.py:55} INFO - Started process 29208 to run task
[2024-08-06T14:26:44.184+0000] {standard_task_runner.py:82} INFO - Running: ['***', 'tasks', 'run', 'dag_inmet', 'download_data', 'manual__2024-08-06T14:25:59.843413+00:00', '--job-id', '4361', '--raw', '--subdir', 'DAGS_FOLDER/dag_inmet.py', '--cfg-path', '/tmp/tmp_kae96uo']
[2024-08-06T14:26:44.185+0000] {standard_task_runner.py:83} INFO - Job 4361: Subtask download_data
[2024-08-06T14:26:44.230+0000] {task_command.py:388} INFO - Running <TaskInstance: dag_inmet.download_data manual__2024-08-06T14:25:59.843413+00:00 [running]> on host 0165c32c74c8
[2024-08-06T14:26:44.293+0000] {taskinstance.py:1509} INFO - Exporting the following env vars:
AIRFLOW_CTX_DAG_OWNER=***
AIRFLOW_CTX_DAG_ID=dag_inmet
AIRFLOW_CTX_TASK_ID=download_data
AIRFLOW_CTX_EXECUTION_DATE=2024-08-06T14:25:59.843413+00:00
AIRFLOW_CTX_TRY_NUMBER=1
AIRFLOW_CTX_DAG_RUN_ID=manual__2024-08-06T14:25:59.843413+00:00
[2024-08-06T14:26:45.567+0000] {logging_mixin.py:137} INFO - Tempo de execução de download_data: 1.2730 segundos
[2024-08-06T14:26:53.677+0000] {logging_mixin.py:137} INFO - Arquivo salvo como /opt/***/data/bronze/2024.zip
[2024-08-06T14:26:53.680+0000] {logging_mixin.py:137} INFO - Tempo de execução de download_and_save_file: 8.1129 segundos
[2024-08-06T14:26:53.680+0000] {python.py:177} INFO - Done. Returned value was: /opt/***/data/bronze/2024.zip
[2024-08-06T14:26:53.698+0000] {taskinstance.py:1323} INFO - Marking task as SUCCESS. dag_id=dag_inmet, task_id=download_data, execution_date=20240806T142559, start_date=20240806T142644, end_date=20240806T142653
[2024-08-06T14:26:53.730+0000] {local_task_job.py:208} INFO - Task exited with return code 0
[2024-08-06T14:26:53.751+0000] {taskinstance.py:2578} INFO - 1 downstream tasks scheduled from follow-on schedule check
