[2024-07-10T15:28:49.196+0000] {taskinstance.py:1083} INFO - Dependencies all met for <TaskInstance: windturbine.get_data manual__2024-07-10T15:28:47.291503+00:00 [queued]>
[2024-07-10T15:28:49.204+0000] {taskinstance.py:1083} INFO - Dependencies all met for <TaskInstance: windturbine.get_data manual__2024-07-10T15:28:47.291503+00:00 [queued]>
[2024-07-10T15:28:49.205+0000] {taskinstance.py:1279} INFO - 
--------------------------------------------------------------------------------
[2024-07-10T15:28:49.205+0000] {taskinstance.py:1280} INFO - Starting attempt 1 of 2
[2024-07-10T15:28:49.205+0000] {taskinstance.py:1281} INFO - 
--------------------------------------------------------------------------------
[2024-07-10T15:28:49.214+0000] {taskinstance.py:1300} INFO - Executing <Task(PythonOperator): get_data> on 2024-07-10 15:28:47.291503+00:00
[2024-07-10T15:28:49.220+0000] {standard_task_runner.py:55} INFO - Started process 2295 to run task
[2024-07-10T15:28:49.221+0000] {standard_task_runner.py:82} INFO - Running: ['***', 'tasks', 'run', 'windturbine', 'get_data', 'manual__2024-07-10T15:28:47.291503+00:00', '--job-id', '826', '--raw', '--subdir', 'DAGS_FOLDER/windturbine.py', '--cfg-path', '/tmp/tmp6uahj4n8']
[2024-07-10T15:28:49.223+0000] {standard_task_runner.py:83} INFO - Job 826: Subtask get_data
[2024-07-10T15:28:49.267+0000] {task_command.py:388} INFO - Running <TaskInstance: windturbine.get_data manual__2024-07-10T15:28:47.291503+00:00 [running]> on host 2051c12a5a3c
[2024-07-10T15:28:49.317+0000] {taskinstance.py:1509} INFO - Exporting the following env vars:
AIRFLOW_CTX_DAG_EMAIL=testeskleuber@gmail.com
AIRFLOW_CTX_DAG_OWNER=***
AIRFLOW_CTX_DAG_ID=windturbine
AIRFLOW_CTX_TASK_ID=get_data
AIRFLOW_CTX_EXECUTION_DATE=2024-07-10T15:28:47.291503+00:00
AIRFLOW_CTX_TRY_NUMBER=1
AIRFLOW_CTX_DAG_RUN_ID=manual__2024-07-10T15:28:47.291503+00:00
[2024-07-10T15:28:49.360+0000] {python.py:177} INFO - Done. Returned value was: None
[2024-07-10T15:28:49.366+0000] {taskinstance.py:1323} INFO - Marking task as SUCCESS. dag_id=windturbine, task_id=get_data, execution_date=20240710T152847, start_date=20240710T152849, end_date=20240710T152849
[2024-07-10T15:28:49.393+0000] {local_task_job.py:208} INFO - Task exited with return code 0
[2024-07-10T15:28:49.415+0000] {taskinstance.py:2578} INFO - 2 downstream tasks scheduled from follow-on schedule check
