[2024-06-28T14:21:17.153+0000] {taskinstance.py:1083} INFO - Dependencies all met for <TaskInstance: daggroup.tsk5 manual__2024-06-28T14:21:03.968826+00:00 [queued]>
[2024-06-28T14:21:17.161+0000] {taskinstance.py:1083} INFO - Dependencies all met for <TaskInstance: daggroup.tsk5 manual__2024-06-28T14:21:03.968826+00:00 [queued]>
[2024-06-28T14:21:17.161+0000] {taskinstance.py:1279} INFO - 
--------------------------------------------------------------------------------
[2024-06-28T14:21:17.162+0000] {taskinstance.py:1280} INFO - Starting attempt 1 of 1
[2024-06-28T14:21:17.162+0000] {taskinstance.py:1281} INFO - 
--------------------------------------------------------------------------------
[2024-06-28T14:21:17.171+0000] {taskinstance.py:1300} INFO - Executing <Task(BashOperator): tsk5> on 2024-06-28 14:21:03.968826+00:00
[2024-06-28T14:21:17.176+0000] {standard_task_runner.py:55} INFO - Started process 172 to run task
[2024-06-28T14:21:17.178+0000] {standard_task_runner.py:82} INFO - Running: ['***', 'tasks', 'run', 'daggroup', 'tsk5', 'manual__2024-06-28T14:21:03.968826+00:00', '--job-id', '248', '--raw', '--subdir', 'DAGS_FOLDER/daggroup.py', '--cfg-path', '/tmp/tmplnel2thc']
[2024-06-28T14:21:17.178+0000] {standard_task_runner.py:83} INFO - Job 248: Subtask tsk5
[2024-06-28T14:21:17.216+0000] {task_command.py:388} INFO - Running <TaskInstance: daggroup.tsk5 manual__2024-06-28T14:21:03.968826+00:00 [running]> on host 81805745a6af
[2024-06-28T14:21:17.260+0000] {taskinstance.py:1509} INFO - Exporting the following env vars:
AIRFLOW_CTX_DAG_OWNER=***
AIRFLOW_CTX_DAG_ID=daggroup
AIRFLOW_CTX_TASK_ID=tsk5
AIRFLOW_CTX_EXECUTION_DATE=2024-06-28T14:21:03.968826+00:00
AIRFLOW_CTX_TRY_NUMBER=1
AIRFLOW_CTX_DAG_RUN_ID=manual__2024-06-28T14:21:03.968826+00:00
[2024-06-28T14:21:17.261+0000] {subprocess.py:63} INFO - Tmp dir root location: 
 /tmp
[2024-06-28T14:21:17.261+0000] {subprocess.py:75} INFO - Running command: ['/bin/bash', '-c', 'sleep 5']
[2024-06-28T14:21:17.272+0000] {subprocess.py:86} INFO - Output:
[2024-06-28T14:21:22.274+0000] {subprocess.py:97} INFO - Command exited with return code 0
[2024-06-28T14:21:22.299+0000] {taskinstance.py:1323} INFO - Marking task as SUCCESS. dag_id=daggroup, task_id=tsk5, execution_date=20240628T142103, start_date=20240628T142117, end_date=20240628T142122
[2024-06-28T14:21:22.323+0000] {local_task_job.py:208} INFO - Task exited with return code 0
[2024-06-28T14:21:22.356+0000] {taskinstance.py:2578} INFO - 1 downstream tasks scheduled from follow-on schedule check
