[2024-07-25T14:04:27.929+0000] {taskinstance.py:1083} INFO - Dependencies all met for <TaskInstance: dag_inmet.download_data scheduled__2024-07-24T14:04:19.573983+00:00 [queued]>
[2024-07-25T14:04:27.935+0000] {taskinstance.py:1083} INFO - Dependencies all met for <TaskInstance: dag_inmet.download_data scheduled__2024-07-24T14:04:19.573983+00:00 [queued]>
[2024-07-25T14:04:27.936+0000] {taskinstance.py:1279} INFO - 
--------------------------------------------------------------------------------
[2024-07-25T14:04:27.936+0000] {taskinstance.py:1280} INFO - Starting attempt 1 of 2
[2024-07-25T14:04:27.936+0000] {taskinstance.py:1281} INFO - 
--------------------------------------------------------------------------------
[2024-07-25T14:04:27.946+0000] {taskinstance.py:1300} INFO - Executing <Task(PythonOperator): download_data> on 2024-07-24 14:04:19.573983+00:00
[2024-07-25T14:04:27.950+0000] {standard_task_runner.py:55} INFO - Started process 84 to run task
[2024-07-25T14:04:27.951+0000] {standard_task_runner.py:82} INFO - Running: ['***', 'tasks', 'run', 'dag_inmet', 'download_data', 'scheduled__2024-07-24T14:04:19.573983+00:00', '--job-id', '1631', '--raw', '--subdir', 'DAGS_FOLDER/dag_inmet.py', '--cfg-path', '/tmp/tmp6it7_xp0']
[2024-07-25T14:04:27.953+0000] {standard_task_runner.py:83} INFO - Job 1631: Subtask download_data
[2024-07-25T14:04:28.094+0000] {task_command.py:388} INFO - Running <TaskInstance: dag_inmet.download_data scheduled__2024-07-24T14:04:19.573983+00:00 [running]> on host b2928957dd8b
[2024-07-25T14:04:28.140+0000] {taskinstance.py:1509} INFO - Exporting the following env vars:
AIRFLOW_CTX_DAG_OWNER=***
AIRFLOW_CTX_DAG_ID=dag_inmet
AIRFLOW_CTX_TASK_ID=download_data
AIRFLOW_CTX_EXECUTION_DATE=2024-07-24T14:04:19.573983+00:00
AIRFLOW_CTX_TRY_NUMBER=1
AIRFLOW_CTX_DAG_RUN_ID=scheduled__2024-07-24T14:04:19.573983+00:00
[2024-07-25T14:04:29.687+0000] {logging_mixin.py:137} INFO - Tempo de execução de download_data: 1.5473 segundos
[2024-07-25T14:04:46.953+0000] {logging_mixin.py:137} INFO - Arquivo salvo como /opt/***/data/bronze/2024.zip
[2024-07-25T14:04:46.955+0000] {logging_mixin.py:137} INFO - Tempo de execução de download_and_save_file: 17.2672 segundos
[2024-07-25T14:04:46.955+0000] {python.py:177} INFO - Done. Returned value was: /opt/***/data/bronze/2024.zip
[2024-07-25T14:04:46.971+0000] {taskinstance.py:1323} INFO - Marking task as SUCCESS. dag_id=dag_inmet, task_id=download_data, execution_date=20240724T140419, start_date=20240725T140427, end_date=20240725T140446
[2024-07-25T14:04:47.017+0000] {local_task_job.py:208} INFO - Task exited with return code 0
[2024-07-25T14:04:47.137+0000] {taskinstance.py:2578} INFO - 1 downstream tasks scheduled from follow-on schedule check
