[2024-08-28T15:30:23.046+0000] {taskinstance.py:1083} INFO - Dependencies all met for <TaskInstance: sarima_forecast_dag.run_sarima_forecast manual__2024-08-28T15:29:30.459135+00:00 [queued]>
[2024-08-28T15:30:23.053+0000] {taskinstance.py:1083} INFO - Dependencies all met for <TaskInstance: sarima_forecast_dag.run_sarima_forecast manual__2024-08-28T15:29:30.459135+00:00 [queued]>
[2024-08-28T15:30:23.053+0000] {taskinstance.py:1279} INFO - 
--------------------------------------------------------------------------------
[2024-08-28T15:30:23.054+0000] {taskinstance.py:1280} INFO - Starting attempt 1 of 1
[2024-08-28T15:30:23.054+0000] {taskinstance.py:1281} INFO - 
--------------------------------------------------------------------------------
[2024-08-28T15:30:23.064+0000] {taskinstance.py:1300} INFO - Executing <Task(PythonOperator): run_sarima_forecast> on 2024-08-28 15:29:30.459135+00:00
[2024-08-28T15:30:23.071+0000] {standard_task_runner.py:55} INFO - Started process 20853 to run task
[2024-08-28T15:30:23.072+0000] {standard_task_runner.py:82} INFO - Running: ['***', 'tasks', 'run', 'sarima_forecast_dag', 'run_sarima_forecast', 'manual__2024-08-28T15:29:30.459135+00:00', '--job-id', '12179', '--raw', '--subdir', 'DAGS_FOLDER/dag_forecast_ts_rainfall.py', '--cfg-path', '/tmp/tmp4homzvfd']
[2024-08-28T15:30:23.074+0000] {standard_task_runner.py:83} INFO - Job 12179: Subtask run_sarima_forecast
[2024-08-28T15:30:23.114+0000] {task_command.py:388} INFO - Running <TaskInstance: sarima_forecast_dag.run_sarima_forecast manual__2024-08-28T15:29:30.459135+00:00 [running]> on host 4958d38180c6
[2024-08-28T15:30:23.171+0000] {taskinstance.py:1509} INFO - Exporting the following env vars:
AIRFLOW_CTX_DAG_OWNER=***
AIRFLOW_CTX_DAG_ID=sarima_forecast_dag
AIRFLOW_CTX_TASK_ID=run_sarima_forecast
AIRFLOW_CTX_EXECUTION_DATE=2024-08-28T15:29:30.459135+00:00
AIRFLOW_CTX_TRY_NUMBER=1
AIRFLOW_CTX_DAG_RUN_ID=manual__2024-08-28T15:29:30.459135+00:00
[2024-08-28T15:30:25.619+0000] {python.py:177} INFO - Done. Returned value was: None
[2024-08-28T15:30:25.630+0000] {taskinstance.py:1323} INFO - Marking task as SUCCESS. dag_id=sarima_forecast_dag, task_id=run_sarima_forecast, execution_date=20240828T152930, start_date=20240828T153023, end_date=20240828T153025
[2024-08-28T15:30:25.690+0000] {local_task_job.py:208} INFO - Task exited with return code 0
[2024-08-28T15:30:25.703+0000] {taskinstance.py:2578} INFO - 0 downstream tasks scheduled from follow-on schedule check
