[2024-08-01T23:07:28.993+0000] {taskinstance.py:1083} INFO - Dependencies all met for <TaskInstance: dag_inmet.send_email_alert manual__2024-08-01T22:52:21.162843+00:00 [queued]>
[2024-08-01T23:07:29.002+0000] {taskinstance.py:1083} INFO - Dependencies all met for <TaskInstance: dag_inmet.send_email_alert manual__2024-08-01T22:52:21.162843+00:00 [queued]>
[2024-08-01T23:07:29.002+0000] {taskinstance.py:1279} INFO - 
--------------------------------------------------------------------------------
[2024-08-01T23:07:29.002+0000] {taskinstance.py:1280} INFO - Starting attempt 1 of 1
[2024-08-01T23:07:29.002+0000] {taskinstance.py:1281} INFO - 
--------------------------------------------------------------------------------
[2024-08-01T23:07:29.012+0000] {taskinstance.py:1300} INFO - Executing <Task(EmailOperator): send_email_alert> on 2024-08-01 22:52:21.162843+00:00
[2024-08-01T23:07:29.018+0000] {standard_task_runner.py:55} INFO - Started process 4206 to run task
[2024-08-01T23:07:29.020+0000] {standard_task_runner.py:82} INFO - Running: ['***', 'tasks', 'run', 'dag_inmet', 'send_email_alert', 'manual__2024-08-01T22:52:21.162843+00:00', '--job-id', '3515', '--raw', '--subdir', 'DAGS_FOLDER/dag_inmet.py', '--cfg-path', '/tmp/tmpbkmkymxi']
[2024-08-01T23:07:29.021+0000] {standard_task_runner.py:83} INFO - Job 3515: Subtask send_email_alert
[2024-08-01T23:07:29.059+0000] {task_command.py:388} INFO - Running <TaskInstance: dag_inmet.send_email_alert manual__2024-08-01T22:52:21.162843+00:00 [running]> on host 87a8f1646fc1
[2024-08-01T23:07:29.106+0000] {taskinstance.py:1509} INFO - Exporting the following env vars:
AIRFLOW_CTX_DAG_OWNER=***
AIRFLOW_CTX_DAG_ID=dag_inmet
AIRFLOW_CTX_TASK_ID=send_email_alert
AIRFLOW_CTX_EXECUTION_DATE=2024-08-01T22:52:21.162843+00:00
AIRFLOW_CTX_TRY_NUMBER=1
AIRFLOW_CTX_DAG_RUN_ID=manual__2024-08-01T22:52:21.162843+00:00
[2024-08-01T23:07:29.113+0000] {warnings.py:110} WARNING - /home/***/.local/lib/python3.7/site-packages/***/utils/email.py:152: RemovedInAirflow3Warning: Fetching SMTP credentials from configuration variables will be deprecated in a future release. Please set credentials using a connection instead.
  send_mime_email(e_from=mail_from, e_to=recipients, mime_msg=msg, conn_id=conn_id, dryrun=dryrun)

[2024-08-01T23:07:29.113+0000] {email.py:268} INFO - Email alerting: attempt 1
[2024-08-01T23:07:31.746+0000] {email.py:280} INFO - Sent an alert email to ['kleuber94@gmail.com']
[2024-08-01T23:07:33.960+0000] {taskinstance.py:1323} INFO - Marking task as SUCCESS. dag_id=dag_inmet, task_id=send_email_alert, execution_date=20240801T225221, start_date=20240801T230728, end_date=20240801T230733
[2024-08-01T23:07:34.007+0000] {local_task_job.py:208} INFO - Task exited with return code 0
[2024-08-01T23:07:34.022+0000] {taskinstance.py:2578} INFO - 0 downstream tasks scheduled from follow-on schedule check
