[2024-08-11T19:48:54.988+0000] {taskinstance.py:1083} INFO - Dependencies all met for <TaskInstance: dag_inmet.download_data manual__2024-08-11T19:48:45.424111+00:00 [queued]>
[2024-08-11T19:48:54.999+0000] {taskinstance.py:1083} INFO - Dependencies all met for <TaskInstance: dag_inmet.download_data manual__2024-08-11T19:48:45.424111+00:00 [queued]>
[2024-08-11T19:48:55.000+0000] {taskinstance.py:1279} INFO - 
--------------------------------------------------------------------------------
[2024-08-11T19:48:55.000+0000] {taskinstance.py:1280} INFO - Starting attempt 1 of 1
[2024-08-11T19:48:55.000+0000] {taskinstance.py:1281} INFO - 
--------------------------------------------------------------------------------
[2024-08-11T19:48:55.011+0000] {taskinstance.py:1300} INFO - Executing <Task(PythonOperator): download_data> on 2024-08-11 19:48:45.424111+00:00
[2024-08-11T19:48:55.018+0000] {standard_task_runner.py:55} INFO - Started process 154362 to run task
[2024-08-11T19:48:55.020+0000] {standard_task_runner.py:82} INFO - Running: ['***', 'tasks', 'run', 'dag_inmet', 'download_data', 'manual__2024-08-11T19:48:45.424111+00:00', '--job-id', '7010', '--raw', '--subdir', 'DAGS_FOLDER/dag_inmet.py', '--cfg-path', '/tmp/tmpg6ywbin5']
[2024-08-11T19:48:55.022+0000] {standard_task_runner.py:83} INFO - Job 7010: Subtask download_data
[2024-08-11T19:48:55.070+0000] {task_command.py:388} INFO - Running <TaskInstance: dag_inmet.download_data manual__2024-08-11T19:48:45.424111+00:00 [running]> on host 4d826fde42d2
[2024-08-11T19:48:55.130+0000] {taskinstance.py:1509} INFO - Exporting the following env vars:
AIRFLOW_CTX_DAG_OWNER=***
AIRFLOW_CTX_DAG_ID=dag_inmet
AIRFLOW_CTX_TASK_ID=download_data
AIRFLOW_CTX_EXECUTION_DATE=2024-08-11T19:48:45.424111+00:00
AIRFLOW_CTX_TRY_NUMBER=1
AIRFLOW_CTX_DAG_RUN_ID=manual__2024-08-11T19:48:45.424111+00:00
[2024-08-11T19:48:56.321+0000] {logging_mixin.py:137} INFO - Tempo de execução de download_data: 1.1903 segundos
[2024-08-11T19:49:37.407+0000] {logging_mixin.py:137} INFO - Arquivo salvo como /opt/***/data/bronze/2020.zip
[2024-08-11T19:49:37.412+0000] {logging_mixin.py:137} INFO - Tempo de execução de download_and_save_file: 41.0905 segundos
[2024-08-11T19:49:37.429+0000] {python.py:177} INFO - Done. Returned value was: /opt/***/data/bronze/2020.zip
[2024-08-11T19:49:37.443+0000] {taskinstance.py:1323} INFO - Marking task as SUCCESS. dag_id=dag_inmet, task_id=download_data, execution_date=20240811T194845, start_date=20240811T194854, end_date=20240811T194937
[2024-08-11T19:49:37.471+0000] {local_task_job.py:208} INFO - Task exited with return code 0
[2024-08-11T19:49:37.491+0000] {taskinstance.py:2578} INFO - 1 downstream tasks scheduled from follow-on schedule check
