[2024-08-11T17:15:29.282+0000] {taskinstance.py:1083} INFO - Dependencies all met for <TaskInstance: dag_inmet.download_data manual__2024-08-11T17:15:15.653177+00:00 [queued]>
[2024-08-11T17:15:29.289+0000] {taskinstance.py:1083} INFO - Dependencies all met for <TaskInstance: dag_inmet.download_data manual__2024-08-11T17:15:15.653177+00:00 [queued]>
[2024-08-11T17:15:29.290+0000] {taskinstance.py:1279} INFO - 
--------------------------------------------------------------------------------
[2024-08-11T17:15:29.290+0000] {taskinstance.py:1280} INFO - Starting attempt 1 of 1
[2024-08-11T17:15:29.290+0000] {taskinstance.py:1281} INFO - 
--------------------------------------------------------------------------------
[2024-08-11T17:15:29.299+0000] {taskinstance.py:1300} INFO - Executing <Task(PythonOperator): download_data> on 2024-08-11 17:15:15.653177+00:00
[2024-08-11T17:15:29.306+0000] {standard_task_runner.py:55} INFO - Started process 98689 to run task
[2024-08-11T17:15:29.308+0000] {standard_task_runner.py:82} INFO - Running: ['***', 'tasks', 'run', 'dag_inmet', 'download_data', 'manual__2024-08-11T17:15:15.653177+00:00', '--job-id', '6863', '--raw', '--subdir', 'DAGS_FOLDER/dag_inmet.py', '--cfg-path', '/tmp/tmp3q54guga']
[2024-08-11T17:15:29.309+0000] {standard_task_runner.py:83} INFO - Job 6863: Subtask download_data
[2024-08-11T17:15:29.350+0000] {task_command.py:388} INFO - Running <TaskInstance: dag_inmet.download_data manual__2024-08-11T17:15:15.653177+00:00 [running]> on host 4d826fde42d2
[2024-08-11T17:15:29.400+0000] {taskinstance.py:1509} INFO - Exporting the following env vars:
AIRFLOW_CTX_DAG_OWNER=***
AIRFLOW_CTX_DAG_ID=dag_inmet
AIRFLOW_CTX_TASK_ID=download_data
AIRFLOW_CTX_EXECUTION_DATE=2024-08-11T17:15:15.653177+00:00
AIRFLOW_CTX_TRY_NUMBER=1
AIRFLOW_CTX_DAG_RUN_ID=manual__2024-08-11T17:15:15.653177+00:00
[2024-08-11T17:15:30.517+0000] {logging_mixin.py:137} INFO - Tempo de execução de download_data: 1.1165 segundos
[2024-08-11T17:15:44.534+0000] {logging_mixin.py:137} INFO - Arquivo salvo como /opt/***/data/bronze/2020.zip
[2024-08-11T17:15:44.539+0000] {logging_mixin.py:137} INFO - Tempo de execução de download_and_save_file: 14.0218 segundos
[2024-08-11T17:15:44.558+0000] {python.py:177} INFO - Done. Returned value was: /opt/***/data/bronze/2020.zip
[2024-08-11T17:15:44.610+0000] {taskinstance.py:1323} INFO - Marking task as SUCCESS. dag_id=dag_inmet, task_id=download_data, execution_date=20240811T171515, start_date=20240811T171529, end_date=20240811T171544
[2024-08-11T17:15:44.668+0000] {local_task_job.py:208} INFO - Task exited with return code 0
[2024-08-11T17:15:44.693+0000] {taskinstance.py:2578} INFO - 1 downstream tasks scheduled from follow-on schedule check
