[2024-08-08T16:42:34.222+0000] {taskinstance.py:1083} INFO - Dependencies all met for <TaskInstance: dag_inmet.send_email_alert manual__2024-08-08T16:15:44.606863+00:00 [queued]>
[2024-08-08T16:42:34.231+0000] {taskinstance.py:1083} INFO - Dependencies all met for <TaskInstance: dag_inmet.send_email_alert manual__2024-08-08T16:15:44.606863+00:00 [queued]>
[2024-08-08T16:42:34.232+0000] {taskinstance.py:1279} INFO - 
--------------------------------------------------------------------------------
[2024-08-08T16:42:34.232+0000] {taskinstance.py:1280} INFO - Starting attempt 1 of 1
[2024-08-08T16:42:34.232+0000] {taskinstance.py:1281} INFO - 
--------------------------------------------------------------------------------
[2024-08-08T16:42:34.243+0000] {taskinstance.py:1300} INFO - Executing <Task(EmailOperator): send_email_alert> on 2024-08-08 16:15:44.606863+00:00
[2024-08-08T16:42:34.249+0000] {standard_task_runner.py:55} INFO - Started process 155088 to run task
[2024-08-08T16:42:34.251+0000] {standard_task_runner.py:82} INFO - Running: ['***', 'tasks', 'run', 'dag_inmet', 'send_email_alert', 'manual__2024-08-08T16:15:44.606863+00:00', '--job-id', '6026', '--raw', '--subdir', 'DAGS_FOLDER/dag_inmet.py', '--cfg-path', '/tmp/tmpf6o7e6dd']
[2024-08-08T16:42:34.252+0000] {standard_task_runner.py:83} INFO - Job 6026: Subtask send_email_alert
[2024-08-08T16:42:34.295+0000] {task_command.py:388} INFO - Running <TaskInstance: dag_inmet.send_email_alert manual__2024-08-08T16:15:44.606863+00:00 [running]> on host da0057b0268c
[2024-08-08T16:42:34.348+0000] {taskinstance.py:1509} INFO - Exporting the following env vars:
AIRFLOW_CTX_DAG_OWNER=***
AIRFLOW_CTX_DAG_ID=dag_inmet
AIRFLOW_CTX_TASK_ID=send_email_alert
AIRFLOW_CTX_EXECUTION_DATE=2024-08-08T16:15:44.606863+00:00
AIRFLOW_CTX_TRY_NUMBER=1
AIRFLOW_CTX_DAG_RUN_ID=manual__2024-08-08T16:15:44.606863+00:00
[2024-08-08T16:42:34.355+0000] {warnings.py:110} WARNING - /home/***/.local/lib/python3.7/site-packages/***/utils/email.py:152: RemovedInAirflow3Warning: Fetching SMTP credentials from configuration variables will be deprecated in a future release. Please set credentials using a connection instead.
  send_mime_email(e_from=mail_from, e_to=recipients, mime_msg=msg, conn_id=conn_id, dryrun=dryrun)

[2024-08-08T16:42:34.356+0000] {email.py:268} INFO - Email alerting: attempt 1
[2024-08-08T16:42:36.604+0000] {email.py:280} INFO - Sent an alert email to ['kleuber94@gmail.com', 'vferreiramesquita@gmail.com']
[2024-08-08T16:42:39.141+0000] {taskinstance.py:1323} INFO - Marking task as SUCCESS. dag_id=dag_inmet, task_id=send_email_alert, execution_date=20240808T161544, start_date=20240808T164234, end_date=20240808T164239
[2024-08-08T16:42:39.202+0000] {local_task_job.py:208} INFO - Task exited with return code 0
[2024-08-08T16:42:39.221+0000] {taskinstance.py:2578} INFO - 0 downstream tasks scheduled from follow-on schedule check
