[2024-09-03T13:43:30.059+0000] {taskinstance.py:1083} INFO - Dependencies all met for <TaskInstance: dag_inmet.download_data manual__2024-09-03T13:42:47.327651+00:00 [queued]>
[2024-09-03T13:43:30.066+0000] {taskinstance.py:1083} INFO - Dependencies all met for <TaskInstance: dag_inmet.download_data manual__2024-09-03T13:42:47.327651+00:00 [queued]>
[2024-09-03T13:43:30.066+0000] {taskinstance.py:1279} INFO - 
--------------------------------------------------------------------------------
[2024-09-03T13:43:30.066+0000] {taskinstance.py:1280} INFO - Starting attempt 1 of 1
[2024-09-03T13:43:30.067+0000] {taskinstance.py:1281} INFO - 
--------------------------------------------------------------------------------
[2024-09-03T13:43:30.077+0000] {taskinstance.py:1300} INFO - Executing <Task(PythonOperator): download_data> on 2024-09-03 13:42:47.327651+00:00
[2024-09-03T13:43:30.084+0000] {standard_task_runner.py:55} INFO - Started process 963 to run task
[2024-09-03T13:43:30.085+0000] {standard_task_runner.py:82} INFO - Running: ['***', 'tasks', 'run', 'dag_inmet', 'download_data', 'manual__2024-09-03T13:42:47.327651+00:00', '--job-id', '13907', '--raw', '--subdir', 'DAGS_FOLDER/dag_inmet.py', '--cfg-path', '/tmp/tmpaaomzq5l']
[2024-09-03T13:43:30.087+0000] {standard_task_runner.py:83} INFO - Job 13907: Subtask download_data
[2024-09-03T13:43:30.130+0000] {task_command.py:388} INFO - Running <TaskInstance: dag_inmet.download_data manual__2024-09-03T13:42:47.327651+00:00 [running]> on host 83753804d992
[2024-09-03T13:43:30.184+0000] {taskinstance.py:1509} INFO - Exporting the following env vars:
AIRFLOW_CTX_DAG_OWNER=***
AIRFLOW_CTX_DAG_ID=dag_inmet
AIRFLOW_CTX_TASK_ID=download_data
AIRFLOW_CTX_EXECUTION_DATE=2024-09-03T13:42:47.327651+00:00
AIRFLOW_CTX_TRY_NUMBER=1
AIRFLOW_CTX_DAG_RUN_ID=manual__2024-09-03T13:42:47.327651+00:00
[2024-09-03T13:43:31.281+0000] {logging_mixin.py:137} INFO - Tempo de execução de download_data: 1.0968 segundos
[2024-09-03T13:43:34.615+0000] {logging_mixin.py:137} INFO - Arquivo salvo como /opt/***/data/bronze/inmet/2024.zip
[2024-09-03T13:43:34.617+0000] {logging_mixin.py:137} INFO - Tempo de execução de download_and_save_file: 3.3358 segundos
[2024-09-03T13:43:34.634+0000] {python.py:177} INFO - Done. Returned value was: /opt/***/data/bronze/inmet/2024.zip
[2024-09-03T13:43:34.646+0000] {taskinstance.py:1323} INFO - Marking task as SUCCESS. dag_id=dag_inmet, task_id=download_data, execution_date=20240903T134247, start_date=20240903T134330, end_date=20240903T134334
[2024-09-03T13:43:34.670+0000] {local_task_job.py:208} INFO - Task exited with return code 0
[2024-09-03T13:43:34.690+0000] {taskinstance.py:2578} INFO - 1 downstream tasks scheduled from follow-on schedule check
