[2024-08-28T14:36:29.627+0000] {taskinstance.py:1083} INFO - Dependencies all met for <TaskInstance: dag_gold_ts.send_email_results manual__2024-08-28T14:34:03.324231+00:00 [queued]>
[2024-08-28T14:36:29.636+0000] {taskinstance.py:1083} INFO - Dependencies all met for <TaskInstance: dag_gold_ts.send_email_results manual__2024-08-28T14:34:03.324231+00:00 [queued]>
[2024-08-28T14:36:29.636+0000] {taskinstance.py:1279} INFO - 
--------------------------------------------------------------------------------
[2024-08-28T14:36:29.636+0000] {taskinstance.py:1280} INFO - Starting attempt 1 of 1
[2024-08-28T14:36:29.636+0000] {taskinstance.py:1281} INFO - 
--------------------------------------------------------------------------------
[2024-08-28T14:36:29.648+0000] {taskinstance.py:1300} INFO - Executing <Task(EmailOperator): send_email_results> on 2024-08-28 14:34:03.324231+00:00
[2024-08-28T14:36:29.654+0000] {standard_task_runner.py:55} INFO - Started process 15098 to run task
[2024-08-28T14:36:29.656+0000] {standard_task_runner.py:82} INFO - Running: ['***', 'tasks', 'run', 'dag_gold_ts', 'send_email_results', 'manual__2024-08-28T14:34:03.324231+00:00', '--job-id', '12113', '--raw', '--subdir', 'DAGS_FOLDER/dag_ts_inmet.py', '--cfg-path', '/tmp/tmp8s3nfeo8']
[2024-08-28T14:36:29.658+0000] {standard_task_runner.py:83} INFO - Job 12113: Subtask send_email_results
[2024-08-28T14:36:29.703+0000] {task_command.py:388} INFO - Running <TaskInstance: dag_gold_ts.send_email_results manual__2024-08-28T14:34:03.324231+00:00 [running]> on host 4958d38180c6
[2024-08-28T14:36:29.769+0000] {taskinstance.py:1509} INFO - Exporting the following env vars:
AIRFLOW_CTX_DAG_OWNER=***
AIRFLOW_CTX_DAG_ID=dag_gold_ts
AIRFLOW_CTX_TASK_ID=send_email_results
AIRFLOW_CTX_EXECUTION_DATE=2024-08-28T14:34:03.324231+00:00
AIRFLOW_CTX_TRY_NUMBER=1
AIRFLOW_CTX_DAG_RUN_ID=manual__2024-08-28T14:34:03.324231+00:00
[2024-08-28T14:36:29.776+0000] {warnings.py:110} WARNING - /home/***/.local/lib/python3.7/site-packages/***/utils/email.py:152: RemovedInAirflow3Warning: Fetching SMTP credentials from configuration variables will be deprecated in a future release. Please set credentials using a connection instead.
  send_mime_email(e_from=mail_from, e_to=recipients, mime_msg=msg, conn_id=conn_id, dryrun=dryrun)

[2024-08-28T14:36:29.776+0000] {email.py:268} INFO - Email alerting: attempt 1
[2024-08-28T14:36:31.751+0000] {email.py:280} INFO - Sent an alert email to ['kleuber94@gmail.com', 'vferreiramesquita@gmail.com']
[2024-08-28T14:36:34.207+0000] {taskinstance.py:1323} INFO - Marking task as SUCCESS. dag_id=dag_gold_ts, task_id=send_email_results, execution_date=20240828T143403, start_date=20240828T143629, end_date=20240828T143634
[2024-08-28T14:36:34.245+0000] {local_task_job.py:208} INFO - Task exited with return code 0
[2024-08-28T14:36:34.258+0000] {taskinstance.py:2578} INFO - 0 downstream tasks scheduled from follow-on schedule check
