[2024-08-11T16:43:53.525+0000] {taskinstance.py:1083} INFO - Dependencies all met for <TaskInstance: dag_inmet.download_data manual__2024-08-11T16:43:34.844069+00:00 [queued]>
[2024-08-11T16:43:53.533+0000] {taskinstance.py:1083} INFO - Dependencies all met for <TaskInstance: dag_inmet.download_data manual__2024-08-11T16:43:34.844069+00:00 [queued]>
[2024-08-11T16:43:53.533+0000] {taskinstance.py:1279} INFO - 
--------------------------------------------------------------------------------
[2024-08-11T16:43:53.534+0000] {taskinstance.py:1280} INFO - Starting attempt 1 of 1
[2024-08-11T16:43:53.534+0000] {taskinstance.py:1281} INFO - 
--------------------------------------------------------------------------------
[2024-08-11T16:43:53.544+0000] {taskinstance.py:1300} INFO - Executing <Task(PythonOperator): download_data> on 2024-08-11 16:43:34.844069+00:00
[2024-08-11T16:43:53.551+0000] {standard_task_runner.py:55} INFO - Started process 82393 to run task
[2024-08-11T16:43:53.553+0000] {standard_task_runner.py:82} INFO - Running: ['***', 'tasks', 'run', 'dag_inmet', 'download_data', 'manual__2024-08-11T16:43:34.844069+00:00', '--job-id', '6831', '--raw', '--subdir', 'DAGS_FOLDER/dag_inmet.py', '--cfg-path', '/tmp/tmpy3hhw1lb']
[2024-08-11T16:43:53.554+0000] {standard_task_runner.py:83} INFO - Job 6831: Subtask download_data
[2024-08-11T16:43:53.595+0000] {task_command.py:388} INFO - Running <TaskInstance: dag_inmet.download_data manual__2024-08-11T16:43:34.844069+00:00 [running]> on host 4d826fde42d2
[2024-08-11T16:43:53.649+0000] {taskinstance.py:1509} INFO - Exporting the following env vars:
AIRFLOW_CTX_DAG_OWNER=***
AIRFLOW_CTX_DAG_ID=dag_inmet
AIRFLOW_CTX_TASK_ID=download_data
AIRFLOW_CTX_EXECUTION_DATE=2024-08-11T16:43:34.844069+00:00
AIRFLOW_CTX_TRY_NUMBER=1
AIRFLOW_CTX_DAG_RUN_ID=manual__2024-08-11T16:43:34.844069+00:00
[2024-08-11T16:43:54.646+0000] {logging_mixin.py:137} INFO - Tempo de execução de download_data: 0.9971 segundos
[2024-08-11T16:44:11.587+0000] {logging_mixin.py:137} INFO - Arquivo salvo como /opt/***/data/bronze/2020.zip
[2024-08-11T16:44:11.594+0000] {logging_mixin.py:137} INFO - Tempo de execução de download_and_save_file: 16.9475 segundos
[2024-08-11T16:44:11.611+0000] {python.py:177} INFO - Done. Returned value was: /opt/***/data/bronze/2020.zip
[2024-08-11T16:44:11.624+0000] {taskinstance.py:1323} INFO - Marking task as SUCCESS. dag_id=dag_inmet, task_id=download_data, execution_date=20240811T164334, start_date=20240811T164353, end_date=20240811T164411
[2024-08-11T16:44:11.665+0000] {local_task_job.py:208} INFO - Task exited with return code 0
[2024-08-11T16:44:11.691+0000] {taskinstance.py:2578} INFO - 1 downstream tasks scheduled from follow-on schedule check
