[2024-06-26T13:03:44.911+0000] {processor.py:153} INFO - Started process (PID=65) to work on /home/airflow/.local/lib/python3.7/site-packages/airflow/example_dags/example_nested_branch_dag.py
[2024-06-26T13:03:44.912+0000] {processor.py:743} INFO - Processing file /home/airflow/.local/lib/python3.7/site-packages/airflow/example_dags/example_nested_branch_dag.py for tasks to queue
[2024-06-26T13:03:44.912+0000] {logging_mixin.py:137} INFO - [2024-06-26T13:03:44.912+0000] {dagbag.py:538} INFO - Filling up the DagBag from /home/airflow/.local/lib/python3.7/site-packages/airflow/example_dags/example_nested_branch_dag.py
[2024-06-26T13:03:44.932+0000] {processor.py:753} INFO - DAG(s) dict_keys(['example_nested_branch_dag']) retrieved from /home/airflow/.local/lib/python3.7/site-packages/airflow/example_dags/example_nested_branch_dag.py
[2024-06-26T13:03:44.950+0000] {logging_mixin.py:137} INFO - [2024-06-26T13:03:44.950+0000] {dag.py:2690} INFO - Sync 1 DAGs
[2024-06-26T13:03:44.970+0000] {logging_mixin.py:137} INFO - [2024-06-26T13:03:44.970+0000] {dag.py:3441} INFO - Setting next_dagrun for example_nested_branch_dag to 2024-06-25T00:00:00+00:00, run_after=2024-06-26T00:00:00+00:00
[2024-06-26T13:03:44.984+0000] {processor.py:175} INFO - Processing /home/airflow/.local/lib/python3.7/site-packages/airflow/example_dags/example_nested_branch_dag.py took 0.075 seconds
[2024-06-26T13:04:15.605+0000] {processor.py:153} INFO - Started process (PID=164) to work on /home/airflow/.local/lib/python3.7/site-packages/airflow/example_dags/example_nested_branch_dag.py
[2024-06-26T13:04:15.606+0000] {processor.py:743} INFO - Processing file /home/airflow/.local/lib/python3.7/site-packages/airflow/example_dags/example_nested_branch_dag.py for tasks to queue
[2024-06-26T13:04:15.606+0000] {logging_mixin.py:137} INFO - [2024-06-26T13:04:15.606+0000] {dagbag.py:538} INFO - Filling up the DagBag from /home/airflow/.local/lib/python3.7/site-packages/airflow/example_dags/example_nested_branch_dag.py
[2024-06-26T13:04:15.625+0000] {processor.py:753} INFO - DAG(s) dict_keys(['example_nested_branch_dag']) retrieved from /home/airflow/.local/lib/python3.7/site-packages/airflow/example_dags/example_nested_branch_dag.py
[2024-06-26T13:04:15.643+0000] {logging_mixin.py:137} INFO - [2024-06-26T13:04:15.643+0000] {dag.py:2690} INFO - Sync 1 DAGs
[2024-06-26T13:04:15.664+0000] {logging_mixin.py:137} INFO - [2024-06-26T13:04:15.664+0000] {dag.py:3441} INFO - Setting next_dagrun for example_nested_branch_dag to 2024-06-25T00:00:00+00:00, run_after=2024-06-26T00:00:00+00:00
[2024-06-26T13:04:15.677+0000] {processor.py:175} INFO - Processing /home/airflow/.local/lib/python3.7/site-packages/airflow/example_dags/example_nested_branch_dag.py took 0.073 seconds
[2024-06-26T13:04:46.337+0000] {processor.py:153} INFO - Started process (PID=243) to work on /home/airflow/.local/lib/python3.7/site-packages/airflow/example_dags/example_nested_branch_dag.py
[2024-06-26T13:04:46.338+0000] {processor.py:743} INFO - Processing file /home/airflow/.local/lib/python3.7/site-packages/airflow/example_dags/example_nested_branch_dag.py for tasks to queue
[2024-06-26T13:04:46.338+0000] {logging_mixin.py:137} INFO - [2024-06-26T13:04:46.338+0000] {dagbag.py:538} INFO - Filling up the DagBag from /home/airflow/.local/lib/python3.7/site-packages/airflow/example_dags/example_nested_branch_dag.py
[2024-06-26T13:04:46.355+0000] {processor.py:753} INFO - DAG(s) dict_keys(['example_nested_branch_dag']) retrieved from /home/airflow/.local/lib/python3.7/site-packages/airflow/example_dags/example_nested_branch_dag.py
[2024-06-26T13:04:46.373+0000] {logging_mixin.py:137} INFO - [2024-06-26T13:04:46.373+0000] {dag.py:2690} INFO - Sync 1 DAGs
[2024-06-26T13:04:46.393+0000] {logging_mixin.py:137} INFO - [2024-06-26T13:04:46.393+0000] {dag.py:3441} INFO - Setting next_dagrun for example_nested_branch_dag to 2024-06-25T00:00:00+00:00, run_after=2024-06-26T00:00:00+00:00
[2024-06-26T13:04:46.406+0000] {processor.py:175} INFO - Processing /home/airflow/.local/lib/python3.7/site-packages/airflow/example_dags/example_nested_branch_dag.py took 0.071 seconds
[2024-06-26T13:05:17.083+0000] {processor.py:153} INFO - Started process (PID=342) to work on /home/airflow/.local/lib/python3.7/site-packages/airflow/example_dags/example_nested_branch_dag.py
[2024-06-26T13:05:17.083+0000] {processor.py:743} INFO - Processing file /home/airflow/.local/lib/python3.7/site-packages/airflow/example_dags/example_nested_branch_dag.py for tasks to queue
[2024-06-26T13:05:17.083+0000] {logging_mixin.py:137} INFO - [2024-06-26T13:05:17.083+0000] {dagbag.py:538} INFO - Filling up the DagBag from /home/airflow/.local/lib/python3.7/site-packages/airflow/example_dags/example_nested_branch_dag.py
[2024-06-26T13:05:17.100+0000] {processor.py:753} INFO - DAG(s) dict_keys(['example_nested_branch_dag']) retrieved from /home/airflow/.local/lib/python3.7/site-packages/airflow/example_dags/example_nested_branch_dag.py
[2024-06-26T13:05:17.116+0000] {logging_mixin.py:137} INFO - [2024-06-26T13:05:17.116+0000] {dag.py:2690} INFO - Sync 1 DAGs
[2024-06-26T13:05:17.134+0000] {logging_mixin.py:137} INFO - [2024-06-26T13:05:17.134+0000] {dag.py:3441} INFO - Setting next_dagrun for example_nested_branch_dag to 2024-06-25T00:00:00+00:00, run_after=2024-06-26T00:00:00+00:00
[2024-06-26T13:05:17.146+0000] {processor.py:175} INFO - Processing /home/airflow/.local/lib/python3.7/site-packages/airflow/example_dags/example_nested_branch_dag.py took 0.065 seconds
[2024-06-26T13:05:47.966+0000] {processor.py:153} INFO - Started process (PID=441) to work on /home/airflow/.local/lib/python3.7/site-packages/airflow/example_dags/example_nested_branch_dag.py
[2024-06-26T13:05:47.966+0000] {processor.py:743} INFO - Processing file /home/airflow/.local/lib/python3.7/site-packages/airflow/example_dags/example_nested_branch_dag.py for tasks to queue
[2024-06-26T13:05:47.967+0000] {logging_mixin.py:137} INFO - [2024-06-26T13:05:47.967+0000] {dagbag.py:538} INFO - Filling up the DagBag from /home/airflow/.local/lib/python3.7/site-packages/airflow/example_dags/example_nested_branch_dag.py
[2024-06-26T13:05:47.983+0000] {processor.py:753} INFO - DAG(s) dict_keys(['example_nested_branch_dag']) retrieved from /home/airflow/.local/lib/python3.7/site-packages/airflow/example_dags/example_nested_branch_dag.py
[2024-06-26T13:05:48.000+0000] {logging_mixin.py:137} INFO - [2024-06-26T13:05:48.000+0000] {dag.py:2690} INFO - Sync 1 DAGs
[2024-06-26T13:05:48.019+0000] {logging_mixin.py:137} INFO - [2024-06-26T13:05:48.019+0000] {dag.py:3441} INFO - Setting next_dagrun for example_nested_branch_dag to 2024-06-25T00:00:00+00:00, run_after=2024-06-26T00:00:00+00:00
[2024-06-26T13:05:48.031+0000] {processor.py:175} INFO - Processing /home/airflow/.local/lib/python3.7/site-packages/airflow/example_dags/example_nested_branch_dag.py took 0.067 seconds
[2024-06-26T13:06:18.585+0000] {processor.py:153} INFO - Started process (PID=520) to work on /home/airflow/.local/lib/python3.7/site-packages/airflow/example_dags/example_nested_branch_dag.py
[2024-06-26T13:06:18.586+0000] {processor.py:743} INFO - Processing file /home/airflow/.local/lib/python3.7/site-packages/airflow/example_dags/example_nested_branch_dag.py for tasks to queue
[2024-06-26T13:06:18.586+0000] {logging_mixin.py:137} INFO - [2024-06-26T13:06:18.586+0000] {dagbag.py:538} INFO - Filling up the DagBag from /home/airflow/.local/lib/python3.7/site-packages/airflow/example_dags/example_nested_branch_dag.py
[2024-06-26T13:06:18.603+0000] {processor.py:753} INFO - DAG(s) dict_keys(['example_nested_branch_dag']) retrieved from /home/airflow/.local/lib/python3.7/site-packages/airflow/example_dags/example_nested_branch_dag.py
[2024-06-26T13:06:18.620+0000] {logging_mixin.py:137} INFO - [2024-06-26T13:06:18.620+0000] {dag.py:2690} INFO - Sync 1 DAGs
[2024-06-26T13:06:18.645+0000] {logging_mixin.py:137} INFO - [2024-06-26T13:06:18.645+0000] {dag.py:3441} INFO - Setting next_dagrun for example_nested_branch_dag to 2024-06-25T00:00:00+00:00, run_after=2024-06-26T00:00:00+00:00
[2024-06-26T13:06:18.659+0000] {processor.py:175} INFO - Processing /home/airflow/.local/lib/python3.7/site-packages/airflow/example_dags/example_nested_branch_dag.py took 0.075 seconds
[2024-06-26T13:06:49.626+0000] {processor.py:153} INFO - Started process (PID=619) to work on /home/airflow/.local/lib/python3.7/site-packages/airflow/example_dags/example_nested_branch_dag.py
[2024-06-26T13:06:49.626+0000] {processor.py:743} INFO - Processing file /home/airflow/.local/lib/python3.7/site-packages/airflow/example_dags/example_nested_branch_dag.py for tasks to queue
[2024-06-26T13:06:49.627+0000] {logging_mixin.py:137} INFO - [2024-06-26T13:06:49.627+0000] {dagbag.py:538} INFO - Filling up the DagBag from /home/airflow/.local/lib/python3.7/site-packages/airflow/example_dags/example_nested_branch_dag.py
[2024-06-26T13:06:49.644+0000] {processor.py:753} INFO - DAG(s) dict_keys(['example_nested_branch_dag']) retrieved from /home/airflow/.local/lib/python3.7/site-packages/airflow/example_dags/example_nested_branch_dag.py
[2024-06-26T13:06:49.661+0000] {logging_mixin.py:137} INFO - [2024-06-26T13:06:49.661+0000] {dag.py:2690} INFO - Sync 1 DAGs
[2024-06-26T13:06:49.679+0000] {logging_mixin.py:137} INFO - [2024-06-26T13:06:49.679+0000] {dag.py:3441} INFO - Setting next_dagrun for example_nested_branch_dag to 2024-06-25T00:00:00+00:00, run_after=2024-06-26T00:00:00+00:00
[2024-06-26T13:06:49.693+0000] {processor.py:175} INFO - Processing /home/airflow/.local/lib/python3.7/site-packages/airflow/example_dags/example_nested_branch_dag.py took 0.069 seconds
[2024-06-26T13:07:19.823+0000] {processor.py:153} INFO - Started process (PID=698) to work on /home/airflow/.local/lib/python3.7/site-packages/airflow/example_dags/example_nested_branch_dag.py
[2024-06-26T13:07:19.824+0000] {processor.py:743} INFO - Processing file /home/airflow/.local/lib/python3.7/site-packages/airflow/example_dags/example_nested_branch_dag.py for tasks to queue
[2024-06-26T13:07:19.824+0000] {logging_mixin.py:137} INFO - [2024-06-26T13:07:19.824+0000] {dagbag.py:538} INFO - Filling up the DagBag from /home/airflow/.local/lib/python3.7/site-packages/airflow/example_dags/example_nested_branch_dag.py
[2024-06-26T13:07:19.842+0000] {processor.py:753} INFO - DAG(s) dict_keys(['example_nested_branch_dag']) retrieved from /home/airflow/.local/lib/python3.7/site-packages/airflow/example_dags/example_nested_branch_dag.py
[2024-06-26T13:07:19.860+0000] {logging_mixin.py:137} INFO - [2024-06-26T13:07:19.859+0000] {dag.py:2690} INFO - Sync 1 DAGs
[2024-06-26T13:07:19.879+0000] {logging_mixin.py:137} INFO - [2024-06-26T13:07:19.879+0000] {dag.py:3441} INFO - Setting next_dagrun for example_nested_branch_dag to 2024-06-25T00:00:00+00:00, run_after=2024-06-26T00:00:00+00:00
[2024-06-26T13:07:19.896+0000] {processor.py:175} INFO - Processing /home/airflow/.local/lib/python3.7/site-packages/airflow/example_dags/example_nested_branch_dag.py took 0.075 seconds
[2024-06-26T13:07:49.962+0000] {processor.py:153} INFO - Started process (PID=797) to work on /home/airflow/.local/lib/python3.7/site-packages/airflow/example_dags/example_nested_branch_dag.py
[2024-06-26T13:07:49.963+0000] {processor.py:743} INFO - Processing file /home/airflow/.local/lib/python3.7/site-packages/airflow/example_dags/example_nested_branch_dag.py for tasks to queue
[2024-06-26T13:07:49.963+0000] {logging_mixin.py:137} INFO - [2024-06-26T13:07:49.963+0000] {dagbag.py:538} INFO - Filling up the DagBag from /home/airflow/.local/lib/python3.7/site-packages/airflow/example_dags/example_nested_branch_dag.py
[2024-06-26T13:07:49.983+0000] {processor.py:753} INFO - DAG(s) dict_keys(['example_nested_branch_dag']) retrieved from /home/airflow/.local/lib/python3.7/site-packages/airflow/example_dags/example_nested_branch_dag.py
[2024-06-26T13:07:50.000+0000] {logging_mixin.py:137} INFO - [2024-06-26T13:07:50.000+0000] {dag.py:2690} INFO - Sync 1 DAGs
[2024-06-26T13:07:50.020+0000] {logging_mixin.py:137} INFO - [2024-06-26T13:07:50.019+0000] {dag.py:3441} INFO - Setting next_dagrun for example_nested_branch_dag to 2024-06-25T00:00:00+00:00, run_after=2024-06-26T00:00:00+00:00
[2024-06-26T13:07:50.033+0000] {processor.py:175} INFO - Processing /home/airflow/.local/lib/python3.7/site-packages/airflow/example_dags/example_nested_branch_dag.py took 0.072 seconds
[2024-06-26T13:08:20.121+0000] {processor.py:153} INFO - Started process (PID=885) to work on /home/airflow/.local/lib/python3.7/site-packages/airflow/example_dags/example_nested_branch_dag.py
[2024-06-26T13:08:20.122+0000] {processor.py:743} INFO - Processing file /home/airflow/.local/lib/python3.7/site-packages/airflow/example_dags/example_nested_branch_dag.py for tasks to queue
[2024-06-26T13:08:20.122+0000] {logging_mixin.py:137} INFO - [2024-06-26T13:08:20.122+0000] {dagbag.py:538} INFO - Filling up the DagBag from /home/airflow/.local/lib/python3.7/site-packages/airflow/example_dags/example_nested_branch_dag.py
[2024-06-26T13:08:20.143+0000] {processor.py:753} INFO - DAG(s) dict_keys(['example_nested_branch_dag']) retrieved from /home/airflow/.local/lib/python3.7/site-packages/airflow/example_dags/example_nested_branch_dag.py
[2024-06-26T13:08:20.169+0000] {logging_mixin.py:137} INFO - [2024-06-26T13:08:20.169+0000] {dag.py:2690} INFO - Sync 1 DAGs
[2024-06-26T13:08:20.197+0000] {logging_mixin.py:137} INFO - [2024-06-26T13:08:20.197+0000] {dag.py:3441} INFO - Setting next_dagrun for example_nested_branch_dag to 2024-06-25T00:00:00+00:00, run_after=2024-06-26T00:00:00+00:00
[2024-06-26T13:08:20.215+0000] {processor.py:175} INFO - Processing /home/airflow/.local/lib/python3.7/site-packages/airflow/example_dags/example_nested_branch_dag.py took 0.096 seconds
[2024-06-26T13:08:51.032+0000] {processor.py:153} INFO - Started process (PID=975) to work on /home/airflow/.local/lib/python3.7/site-packages/airflow/example_dags/example_nested_branch_dag.py
[2024-06-26T13:08:51.033+0000] {processor.py:743} INFO - Processing file /home/airflow/.local/lib/python3.7/site-packages/airflow/example_dags/example_nested_branch_dag.py for tasks to queue
[2024-06-26T13:08:51.033+0000] {logging_mixin.py:137} INFO - [2024-06-26T13:08:51.033+0000] {dagbag.py:538} INFO - Filling up the DagBag from /home/airflow/.local/lib/python3.7/site-packages/airflow/example_dags/example_nested_branch_dag.py
[2024-06-26T13:08:51.050+0000] {processor.py:753} INFO - DAG(s) dict_keys(['example_nested_branch_dag']) retrieved from /home/airflow/.local/lib/python3.7/site-packages/airflow/example_dags/example_nested_branch_dag.py
[2024-06-26T13:08:51.068+0000] {logging_mixin.py:137} INFO - [2024-06-26T13:08:51.068+0000] {dag.py:2690} INFO - Sync 1 DAGs
[2024-06-26T13:08:51.090+0000] {logging_mixin.py:137} INFO - [2024-06-26T13:08:51.090+0000] {dag.py:3441} INFO - Setting next_dagrun for example_nested_branch_dag to 2024-06-25T00:00:00+00:00, run_after=2024-06-26T00:00:00+00:00
[2024-06-26T13:08:51.109+0000] {processor.py:175} INFO - Processing /home/airflow/.local/lib/python3.7/site-packages/airflow/example_dags/example_nested_branch_dag.py took 0.078 seconds
[2024-06-26T13:09:21.947+0000] {processor.py:153} INFO - Started process (PID=1074) to work on /home/airflow/.local/lib/python3.7/site-packages/airflow/example_dags/example_nested_branch_dag.py
[2024-06-26T13:09:21.947+0000] {processor.py:743} INFO - Processing file /home/airflow/.local/lib/python3.7/site-packages/airflow/example_dags/example_nested_branch_dag.py for tasks to queue
[2024-06-26T13:09:21.948+0000] {logging_mixin.py:137} INFO - [2024-06-26T13:09:21.947+0000] {dagbag.py:538} INFO - Filling up the DagBag from /home/airflow/.local/lib/python3.7/site-packages/airflow/example_dags/example_nested_branch_dag.py
[2024-06-26T13:09:21.965+0000] {processor.py:753} INFO - DAG(s) dict_keys(['example_nested_branch_dag']) retrieved from /home/airflow/.local/lib/python3.7/site-packages/airflow/example_dags/example_nested_branch_dag.py
[2024-06-26T13:09:21.981+0000] {logging_mixin.py:137} INFO - [2024-06-26T13:09:21.981+0000] {dag.py:2690} INFO - Sync 1 DAGs
[2024-06-26T13:09:22.000+0000] {logging_mixin.py:137} INFO - [2024-06-26T13:09:22.000+0000] {dag.py:3441} INFO - Setting next_dagrun for example_nested_branch_dag to 2024-06-25T00:00:00+00:00, run_after=2024-06-26T00:00:00+00:00
[2024-06-26T13:09:22.013+0000] {processor.py:175} INFO - Processing /home/airflow/.local/lib/python3.7/site-packages/airflow/example_dags/example_nested_branch_dag.py took 0.068 seconds
[2024-06-26T13:09:52.686+0000] {processor.py:153} INFO - Started process (PID=1153) to work on /home/airflow/.local/lib/python3.7/site-packages/airflow/example_dags/example_nested_branch_dag.py
[2024-06-26T13:09:52.686+0000] {processor.py:743} INFO - Processing file /home/airflow/.local/lib/python3.7/site-packages/airflow/example_dags/example_nested_branch_dag.py for tasks to queue
[2024-06-26T13:09:52.686+0000] {logging_mixin.py:137} INFO - [2024-06-26T13:09:52.686+0000] {dagbag.py:538} INFO - Filling up the DagBag from /home/airflow/.local/lib/python3.7/site-packages/airflow/example_dags/example_nested_branch_dag.py
[2024-06-26T13:09:52.704+0000] {processor.py:753} INFO - DAG(s) dict_keys(['example_nested_branch_dag']) retrieved from /home/airflow/.local/lib/python3.7/site-packages/airflow/example_dags/example_nested_branch_dag.py
[2024-06-26T13:09:52.721+0000] {logging_mixin.py:137} INFO - [2024-06-26T13:09:52.721+0000] {dag.py:2690} INFO - Sync 1 DAGs
[2024-06-26T13:09:52.740+0000] {logging_mixin.py:137} INFO - [2024-06-26T13:09:52.740+0000] {dag.py:3441} INFO - Setting next_dagrun for example_nested_branch_dag to 2024-06-25T00:00:00+00:00, run_after=2024-06-26T00:00:00+00:00
[2024-06-26T13:09:52.752+0000] {processor.py:175} INFO - Processing /home/airflow/.local/lib/python3.7/site-packages/airflow/example_dags/example_nested_branch_dag.py took 0.068 seconds
[2024-06-26T13:10:23.525+0000] {processor.py:153} INFO - Started process (PID=1252) to work on /home/airflow/.local/lib/python3.7/site-packages/airflow/example_dags/example_nested_branch_dag.py
[2024-06-26T13:10:23.525+0000] {processor.py:743} INFO - Processing file /home/airflow/.local/lib/python3.7/site-packages/airflow/example_dags/example_nested_branch_dag.py for tasks to queue
[2024-06-26T13:10:23.525+0000] {logging_mixin.py:137} INFO - [2024-06-26T13:10:23.525+0000] {dagbag.py:538} INFO - Filling up the DagBag from /home/airflow/.local/lib/python3.7/site-packages/airflow/example_dags/example_nested_branch_dag.py
[2024-06-26T13:10:23.545+0000] {processor.py:753} INFO - DAG(s) dict_keys(['example_nested_branch_dag']) retrieved from /home/airflow/.local/lib/python3.7/site-packages/airflow/example_dags/example_nested_branch_dag.py
[2024-06-26T13:10:23.562+0000] {logging_mixin.py:137} INFO - [2024-06-26T13:10:23.562+0000] {dag.py:2690} INFO - Sync 1 DAGs
[2024-06-26T13:10:23.583+0000] {logging_mixin.py:137} INFO - [2024-06-26T13:10:23.583+0000] {dag.py:3441} INFO - Setting next_dagrun for example_nested_branch_dag to 2024-06-25T00:00:00+00:00, run_after=2024-06-26T00:00:00+00:00
[2024-06-26T13:10:23.597+0000] {processor.py:175} INFO - Processing /home/airflow/.local/lib/python3.7/site-packages/airflow/example_dags/example_nested_branch_dag.py took 0.075 seconds
[2024-06-26T13:10:54.421+0000] {processor.py:153} INFO - Started process (PID=1351) to work on /home/airflow/.local/lib/python3.7/site-packages/airflow/example_dags/example_nested_branch_dag.py
[2024-06-26T13:10:54.422+0000] {processor.py:743} INFO - Processing file /home/airflow/.local/lib/python3.7/site-packages/airflow/example_dags/example_nested_branch_dag.py for tasks to queue
[2024-06-26T13:10:54.422+0000] {logging_mixin.py:137} INFO - [2024-06-26T13:10:54.422+0000] {dagbag.py:538} INFO - Filling up the DagBag from /home/airflow/.local/lib/python3.7/site-packages/airflow/example_dags/example_nested_branch_dag.py
[2024-06-26T13:10:54.443+0000] {processor.py:753} INFO - DAG(s) dict_keys(['example_nested_branch_dag']) retrieved from /home/airflow/.local/lib/python3.7/site-packages/airflow/example_dags/example_nested_branch_dag.py
[2024-06-26T13:10:54.464+0000] {logging_mixin.py:137} INFO - [2024-06-26T13:10:54.464+0000] {dag.py:2690} INFO - Sync 1 DAGs
[2024-06-26T13:10:54.491+0000] {logging_mixin.py:137} INFO - [2024-06-26T13:10:54.490+0000] {dag.py:3441} INFO - Setting next_dagrun for example_nested_branch_dag to 2024-06-25T00:00:00+00:00, run_after=2024-06-26T00:00:00+00:00
[2024-06-26T13:10:54.512+0000] {processor.py:175} INFO - Processing /home/airflow/.local/lib/python3.7/site-packages/airflow/example_dags/example_nested_branch_dag.py took 0.093 seconds
[2024-06-26T13:11:25.280+0000] {processor.py:153} INFO - Started process (PID=1430) to work on /home/airflow/.local/lib/python3.7/site-packages/airflow/example_dags/example_nested_branch_dag.py
[2024-06-26T13:11:25.280+0000] {processor.py:743} INFO - Processing file /home/airflow/.local/lib/python3.7/site-packages/airflow/example_dags/example_nested_branch_dag.py for tasks to queue
[2024-06-26T13:11:25.281+0000] {logging_mixin.py:137} INFO - [2024-06-26T13:11:25.281+0000] {dagbag.py:538} INFO - Filling up the DagBag from /home/airflow/.local/lib/python3.7/site-packages/airflow/example_dags/example_nested_branch_dag.py
[2024-06-26T13:11:25.298+0000] {processor.py:753} INFO - DAG(s) dict_keys(['example_nested_branch_dag']) retrieved from /home/airflow/.local/lib/python3.7/site-packages/airflow/example_dags/example_nested_branch_dag.py
[2024-06-26T13:11:25.315+0000] {logging_mixin.py:137} INFO - [2024-06-26T13:11:25.315+0000] {dag.py:2690} INFO - Sync 1 DAGs
[2024-06-26T13:11:25.334+0000] {logging_mixin.py:137} INFO - [2024-06-26T13:11:25.333+0000] {dag.py:3441} INFO - Setting next_dagrun for example_nested_branch_dag to 2024-06-25T00:00:00+00:00, run_after=2024-06-26T00:00:00+00:00
[2024-06-26T13:11:25.345+0000] {processor.py:175} INFO - Processing /home/airflow/.local/lib/python3.7/site-packages/airflow/example_dags/example_nested_branch_dag.py took 0.067 seconds
[2024-06-26T13:11:56.078+0000] {processor.py:153} INFO - Started process (PID=1529) to work on /home/airflow/.local/lib/python3.7/site-packages/airflow/example_dags/example_nested_branch_dag.py
[2024-06-26T13:11:56.079+0000] {processor.py:743} INFO - Processing file /home/airflow/.local/lib/python3.7/site-packages/airflow/example_dags/example_nested_branch_dag.py for tasks to queue
[2024-06-26T13:11:56.079+0000] {logging_mixin.py:137} INFO - [2024-06-26T13:11:56.079+0000] {dagbag.py:538} INFO - Filling up the DagBag from /home/airflow/.local/lib/python3.7/site-packages/airflow/example_dags/example_nested_branch_dag.py
[2024-06-26T13:11:56.096+0000] {processor.py:753} INFO - DAG(s) dict_keys(['example_nested_branch_dag']) retrieved from /home/airflow/.local/lib/python3.7/site-packages/airflow/example_dags/example_nested_branch_dag.py
[2024-06-26T13:11:56.113+0000] {logging_mixin.py:137} INFO - [2024-06-26T13:11:56.113+0000] {dag.py:2690} INFO - Sync 1 DAGs
[2024-06-26T13:11:56.132+0000] {logging_mixin.py:137} INFO - [2024-06-26T13:11:56.132+0000] {dag.py:3441} INFO - Setting next_dagrun for example_nested_branch_dag to 2024-06-25T00:00:00+00:00, run_after=2024-06-26T00:00:00+00:00
[2024-06-26T13:11:56.144+0000] {processor.py:175} INFO - Processing /home/airflow/.local/lib/python3.7/site-packages/airflow/example_dags/example_nested_branch_dag.py took 0.067 seconds
[2024-06-26T13:12:26.880+0000] {processor.py:153} INFO - Started process (PID=1608) to work on /home/airflow/.local/lib/python3.7/site-packages/airflow/example_dags/example_nested_branch_dag.py
[2024-06-26T13:12:26.881+0000] {processor.py:743} INFO - Processing file /home/airflow/.local/lib/python3.7/site-packages/airflow/example_dags/example_nested_branch_dag.py for tasks to queue
[2024-06-26T13:12:26.881+0000] {logging_mixin.py:137} INFO - [2024-06-26T13:12:26.881+0000] {dagbag.py:538} INFO - Filling up the DagBag from /home/airflow/.local/lib/python3.7/site-packages/airflow/example_dags/example_nested_branch_dag.py
[2024-06-26T13:12:26.898+0000] {processor.py:753} INFO - DAG(s) dict_keys(['example_nested_branch_dag']) retrieved from /home/airflow/.local/lib/python3.7/site-packages/airflow/example_dags/example_nested_branch_dag.py
[2024-06-26T13:12:26.915+0000] {logging_mixin.py:137} INFO - [2024-06-26T13:12:26.915+0000] {dag.py:2690} INFO - Sync 1 DAGs
[2024-06-26T13:12:26.934+0000] {logging_mixin.py:137} INFO - [2024-06-26T13:12:26.933+0000] {dag.py:3441} INFO - Setting next_dagrun for example_nested_branch_dag to 2024-06-25T00:00:00+00:00, run_after=2024-06-26T00:00:00+00:00
[2024-06-26T13:12:26.945+0000] {processor.py:175} INFO - Processing /home/airflow/.local/lib/python3.7/site-packages/airflow/example_dags/example_nested_branch_dag.py took 0.067 seconds
[2024-06-26T13:12:57.713+0000] {processor.py:153} INFO - Started process (PID=1707) to work on /home/airflow/.local/lib/python3.7/site-packages/airflow/example_dags/example_nested_branch_dag.py
[2024-06-26T13:12:57.713+0000] {processor.py:743} INFO - Processing file /home/airflow/.local/lib/python3.7/site-packages/airflow/example_dags/example_nested_branch_dag.py for tasks to queue
[2024-06-26T13:12:57.714+0000] {logging_mixin.py:137} INFO - [2024-06-26T13:12:57.714+0000] {dagbag.py:538} INFO - Filling up the DagBag from /home/airflow/.local/lib/python3.7/site-packages/airflow/example_dags/example_nested_branch_dag.py
[2024-06-26T13:12:57.731+0000] {processor.py:753} INFO - DAG(s) dict_keys(['example_nested_branch_dag']) retrieved from /home/airflow/.local/lib/python3.7/site-packages/airflow/example_dags/example_nested_branch_dag.py
[2024-06-26T13:12:57.748+0000] {logging_mixin.py:137} INFO - [2024-06-26T13:12:57.747+0000] {dag.py:2690} INFO - Sync 1 DAGs
[2024-06-26T13:12:57.767+0000] {logging_mixin.py:137} INFO - [2024-06-26T13:12:57.767+0000] {dag.py:3441} INFO - Setting next_dagrun for example_nested_branch_dag to 2024-06-25T00:00:00+00:00, run_after=2024-06-26T00:00:00+00:00
[2024-06-26T13:12:57.779+0000] {processor.py:175} INFO - Processing /home/airflow/.local/lib/python3.7/site-packages/airflow/example_dags/example_nested_branch_dag.py took 0.068 seconds
[2024-06-26T13:13:28.623+0000] {processor.py:153} INFO - Started process (PID=1806) to work on /home/airflow/.local/lib/python3.7/site-packages/airflow/example_dags/example_nested_branch_dag.py
[2024-06-26T13:13:28.623+0000] {processor.py:743} INFO - Processing file /home/airflow/.local/lib/python3.7/site-packages/airflow/example_dags/example_nested_branch_dag.py for tasks to queue
[2024-06-26T13:13:28.624+0000] {logging_mixin.py:137} INFO - [2024-06-26T13:13:28.624+0000] {dagbag.py:538} INFO - Filling up the DagBag from /home/airflow/.local/lib/python3.7/site-packages/airflow/example_dags/example_nested_branch_dag.py
[2024-06-26T13:13:28.640+0000] {processor.py:753} INFO - DAG(s) dict_keys(['example_nested_branch_dag']) retrieved from /home/airflow/.local/lib/python3.7/site-packages/airflow/example_dags/example_nested_branch_dag.py
[2024-06-26T13:13:28.661+0000] {logging_mixin.py:137} INFO - [2024-06-26T13:13:28.661+0000] {dag.py:2690} INFO - Sync 1 DAGs
[2024-06-26T13:13:28.682+0000] {logging_mixin.py:137} INFO - [2024-06-26T13:13:28.682+0000] {dag.py:3441} INFO - Setting next_dagrun for example_nested_branch_dag to 2024-06-25T00:00:00+00:00, run_after=2024-06-26T00:00:00+00:00
[2024-06-26T13:13:28.694+0000] {processor.py:175} INFO - Processing /home/airflow/.local/lib/python3.7/site-packages/airflow/example_dags/example_nested_branch_dag.py took 0.073 seconds
[2024-06-26T13:13:59.378+0000] {processor.py:153} INFO - Started process (PID=1885) to work on /home/airflow/.local/lib/python3.7/site-packages/airflow/example_dags/example_nested_branch_dag.py
[2024-06-26T13:13:59.379+0000] {processor.py:743} INFO - Processing file /home/airflow/.local/lib/python3.7/site-packages/airflow/example_dags/example_nested_branch_dag.py for tasks to queue
[2024-06-26T13:13:59.379+0000] {logging_mixin.py:137} INFO - [2024-06-26T13:13:59.379+0000] {dagbag.py:538} INFO - Filling up the DagBag from /home/airflow/.local/lib/python3.7/site-packages/airflow/example_dags/example_nested_branch_dag.py
[2024-06-26T13:13:59.396+0000] {processor.py:753} INFO - DAG(s) dict_keys(['example_nested_branch_dag']) retrieved from /home/airflow/.local/lib/python3.7/site-packages/airflow/example_dags/example_nested_branch_dag.py
[2024-06-26T13:13:59.412+0000] {logging_mixin.py:137} INFO - [2024-06-26T13:13:59.412+0000] {dag.py:2690} INFO - Sync 1 DAGs
[2024-06-26T13:13:59.431+0000] {logging_mixin.py:137} INFO - [2024-06-26T13:13:59.431+0000] {dag.py:3441} INFO - Setting next_dagrun for example_nested_branch_dag to 2024-06-25T00:00:00+00:00, run_after=2024-06-26T00:00:00+00:00
[2024-06-26T13:13:59.443+0000] {processor.py:175} INFO - Processing /home/airflow/.local/lib/python3.7/site-packages/airflow/example_dags/example_nested_branch_dag.py took 0.067 seconds
[2024-06-26T13:14:30.113+0000] {processor.py:153} INFO - Started process (PID=1984) to work on /home/airflow/.local/lib/python3.7/site-packages/airflow/example_dags/example_nested_branch_dag.py
[2024-06-26T13:14:30.114+0000] {processor.py:743} INFO - Processing file /home/airflow/.local/lib/python3.7/site-packages/airflow/example_dags/example_nested_branch_dag.py for tasks to queue
[2024-06-26T13:14:30.114+0000] {logging_mixin.py:137} INFO - [2024-06-26T13:14:30.114+0000] {dagbag.py:538} INFO - Filling up the DagBag from /home/airflow/.local/lib/python3.7/site-packages/airflow/example_dags/example_nested_branch_dag.py
[2024-06-26T13:14:30.131+0000] {processor.py:753} INFO - DAG(s) dict_keys(['example_nested_branch_dag']) retrieved from /home/airflow/.local/lib/python3.7/site-packages/airflow/example_dags/example_nested_branch_dag.py
[2024-06-26T13:14:30.147+0000] {logging_mixin.py:137} INFO - [2024-06-26T13:14:30.147+0000] {dag.py:2690} INFO - Sync 1 DAGs
[2024-06-26T13:14:30.165+0000] {logging_mixin.py:137} INFO - [2024-06-26T13:14:30.165+0000] {dag.py:3441} INFO - Setting next_dagrun for example_nested_branch_dag to 2024-06-25T00:00:00+00:00, run_after=2024-06-26T00:00:00+00:00
[2024-06-26T13:14:30.179+0000] {processor.py:175} INFO - Processing /home/airflow/.local/lib/python3.7/site-packages/airflow/example_dags/example_nested_branch_dag.py took 0.067 seconds
[2024-06-26T13:15:00.991+0000] {processor.py:153} INFO - Started process (PID=2083) to work on /home/airflow/.local/lib/python3.7/site-packages/airflow/example_dags/example_nested_branch_dag.py
[2024-06-26T13:15:00.992+0000] {processor.py:743} INFO - Processing file /home/airflow/.local/lib/python3.7/site-packages/airflow/example_dags/example_nested_branch_dag.py for tasks to queue
[2024-06-26T13:15:00.993+0000] {logging_mixin.py:137} INFO - [2024-06-26T13:15:00.992+0000] {dagbag.py:538} INFO - Filling up the DagBag from /home/airflow/.local/lib/python3.7/site-packages/airflow/example_dags/example_nested_branch_dag.py
[2024-06-26T13:15:01.011+0000] {processor.py:753} INFO - DAG(s) dict_keys(['example_nested_branch_dag']) retrieved from /home/airflow/.local/lib/python3.7/site-packages/airflow/example_dags/example_nested_branch_dag.py
[2024-06-26T13:15:01.028+0000] {logging_mixin.py:137} INFO - [2024-06-26T13:15:01.027+0000] {dag.py:2690} INFO - Sync 1 DAGs
[2024-06-26T13:15:01.049+0000] {logging_mixin.py:137} INFO - [2024-06-26T13:15:01.048+0000] {dag.py:3441} INFO - Setting next_dagrun for example_nested_branch_dag to 2024-06-25T00:00:00+00:00, run_after=2024-06-26T00:00:00+00:00
[2024-06-26T13:15:01.062+0000] {processor.py:175} INFO - Processing /home/airflow/.local/lib/python3.7/site-packages/airflow/example_dags/example_nested_branch_dag.py took 0.072 seconds
[2024-06-26T13:15:31.913+0000] {processor.py:153} INFO - Started process (PID=2162) to work on /home/airflow/.local/lib/python3.7/site-packages/airflow/example_dags/example_nested_branch_dag.py
[2024-06-26T13:15:31.913+0000] {processor.py:743} INFO - Processing file /home/airflow/.local/lib/python3.7/site-packages/airflow/example_dags/example_nested_branch_dag.py for tasks to queue
[2024-06-26T13:15:31.914+0000] {logging_mixin.py:137} INFO - [2024-06-26T13:15:31.914+0000] {dagbag.py:538} INFO - Filling up the DagBag from /home/airflow/.local/lib/python3.7/site-packages/airflow/example_dags/example_nested_branch_dag.py
[2024-06-26T13:15:31.931+0000] {processor.py:753} INFO - DAG(s) dict_keys(['example_nested_branch_dag']) retrieved from /home/airflow/.local/lib/python3.7/site-packages/airflow/example_dags/example_nested_branch_dag.py
[2024-06-26T13:15:31.949+0000] {logging_mixin.py:137} INFO - [2024-06-26T13:15:31.949+0000] {dag.py:2690} INFO - Sync 1 DAGs
[2024-06-26T13:15:31.968+0000] {logging_mixin.py:137} INFO - [2024-06-26T13:15:31.968+0000] {dag.py:3441} INFO - Setting next_dagrun for example_nested_branch_dag to 2024-06-25T00:00:00+00:00, run_after=2024-06-26T00:00:00+00:00
[2024-06-26T13:15:31.980+0000] {processor.py:175} INFO - Processing /home/airflow/.local/lib/python3.7/site-packages/airflow/example_dags/example_nested_branch_dag.py took 0.069 seconds
[2024-06-26T13:16:02.700+0000] {processor.py:153} INFO - Started process (PID=2261) to work on /home/airflow/.local/lib/python3.7/site-packages/airflow/example_dags/example_nested_branch_dag.py
[2024-06-26T13:16:02.701+0000] {processor.py:743} INFO - Processing file /home/airflow/.local/lib/python3.7/site-packages/airflow/example_dags/example_nested_branch_dag.py for tasks to queue
[2024-06-26T13:16:02.701+0000] {logging_mixin.py:137} INFO - [2024-06-26T13:16:02.701+0000] {dagbag.py:538} INFO - Filling up the DagBag from /home/airflow/.local/lib/python3.7/site-packages/airflow/example_dags/example_nested_branch_dag.py
[2024-06-26T13:16:02.719+0000] {processor.py:753} INFO - DAG(s) dict_keys(['example_nested_branch_dag']) retrieved from /home/airflow/.local/lib/python3.7/site-packages/airflow/example_dags/example_nested_branch_dag.py
[2024-06-26T13:16:02.736+0000] {logging_mixin.py:137} INFO - [2024-06-26T13:16:02.735+0000] {dag.py:2690} INFO - Sync 1 DAGs
[2024-06-26T13:16:02.755+0000] {logging_mixin.py:137} INFO - [2024-06-26T13:16:02.754+0000] {dag.py:3441} INFO - Setting next_dagrun for example_nested_branch_dag to 2024-06-25T00:00:00+00:00, run_after=2024-06-26T00:00:00+00:00
[2024-06-26T13:16:02.767+0000] {processor.py:175} INFO - Processing /home/airflow/.local/lib/python3.7/site-packages/airflow/example_dags/example_nested_branch_dag.py took 0.068 seconds
[2024-06-26T13:16:33.530+0000] {processor.py:153} INFO - Started process (PID=2340) to work on /home/airflow/.local/lib/python3.7/site-packages/airflow/example_dags/example_nested_branch_dag.py
[2024-06-26T13:16:33.531+0000] {processor.py:743} INFO - Processing file /home/airflow/.local/lib/python3.7/site-packages/airflow/example_dags/example_nested_branch_dag.py for tasks to queue
[2024-06-26T13:16:33.531+0000] {logging_mixin.py:137} INFO - [2024-06-26T13:16:33.531+0000] {dagbag.py:538} INFO - Filling up the DagBag from /home/airflow/.local/lib/python3.7/site-packages/airflow/example_dags/example_nested_branch_dag.py
[2024-06-26T13:16:33.548+0000] {processor.py:753} INFO - DAG(s) dict_keys(['example_nested_branch_dag']) retrieved from /home/airflow/.local/lib/python3.7/site-packages/airflow/example_dags/example_nested_branch_dag.py
[2024-06-26T13:16:33.564+0000] {logging_mixin.py:137} INFO - [2024-06-26T13:16:33.564+0000] {dag.py:2690} INFO - Sync 1 DAGs
[2024-06-26T13:16:33.582+0000] {logging_mixin.py:137} INFO - [2024-06-26T13:16:33.582+0000] {dag.py:3441} INFO - Setting next_dagrun for example_nested_branch_dag to 2024-06-25T00:00:00+00:00, run_after=2024-06-26T00:00:00+00:00
[2024-06-26T13:16:33.595+0000] {processor.py:175} INFO - Processing /home/airflow/.local/lib/python3.7/site-packages/airflow/example_dags/example_nested_branch_dag.py took 0.066 seconds
[2024-06-26T13:17:04.296+0000] {processor.py:153} INFO - Started process (PID=2439) to work on /home/airflow/.local/lib/python3.7/site-packages/airflow/example_dags/example_nested_branch_dag.py
[2024-06-26T13:17:04.297+0000] {processor.py:743} INFO - Processing file /home/airflow/.local/lib/python3.7/site-packages/airflow/example_dags/example_nested_branch_dag.py for tasks to queue
[2024-06-26T13:17:04.297+0000] {logging_mixin.py:137} INFO - [2024-06-26T13:17:04.297+0000] {dagbag.py:538} INFO - Filling up the DagBag from /home/airflow/.local/lib/python3.7/site-packages/airflow/example_dags/example_nested_branch_dag.py
[2024-06-26T13:17:04.315+0000] {processor.py:753} INFO - DAG(s) dict_keys(['example_nested_branch_dag']) retrieved from /home/airflow/.local/lib/python3.7/site-packages/airflow/example_dags/example_nested_branch_dag.py
[2024-06-26T13:17:04.332+0000] {logging_mixin.py:137} INFO - [2024-06-26T13:17:04.332+0000] {dag.py:2690} INFO - Sync 1 DAGs
[2024-06-26T13:17:04.353+0000] {logging_mixin.py:137} INFO - [2024-06-26T13:17:04.353+0000] {dag.py:3441} INFO - Setting next_dagrun for example_nested_branch_dag to 2024-06-25T00:00:00+00:00, run_after=2024-06-26T00:00:00+00:00
[2024-06-26T13:17:04.366+0000] {processor.py:175} INFO - Processing /home/airflow/.local/lib/python3.7/site-packages/airflow/example_dags/example_nested_branch_dag.py took 0.071 seconds
[2024-06-26T13:17:34.428+0000] {processor.py:153} INFO - Started process (PID=2538) to work on /home/airflow/.local/lib/python3.7/site-packages/airflow/example_dags/example_nested_branch_dag.py
[2024-06-26T13:17:34.428+0000] {processor.py:743} INFO - Processing file /home/airflow/.local/lib/python3.7/site-packages/airflow/example_dags/example_nested_branch_dag.py for tasks to queue
[2024-06-26T13:17:34.429+0000] {logging_mixin.py:137} INFO - [2024-06-26T13:17:34.429+0000] {dagbag.py:538} INFO - Filling up the DagBag from /home/airflow/.local/lib/python3.7/site-packages/airflow/example_dags/example_nested_branch_dag.py
[2024-06-26T13:17:34.445+0000] {processor.py:753} INFO - DAG(s) dict_keys(['example_nested_branch_dag']) retrieved from /home/airflow/.local/lib/python3.7/site-packages/airflow/example_dags/example_nested_branch_dag.py
[2024-06-26T13:17:34.462+0000] {logging_mixin.py:137} INFO - [2024-06-26T13:17:34.462+0000] {dag.py:2690} INFO - Sync 1 DAGs
[2024-06-26T13:17:34.480+0000] {logging_mixin.py:137} INFO - [2024-06-26T13:17:34.480+0000] {dag.py:3441} INFO - Setting next_dagrun for example_nested_branch_dag to 2024-06-25T00:00:00+00:00, run_after=2024-06-26T00:00:00+00:00
[2024-06-26T13:17:34.493+0000] {processor.py:175} INFO - Processing /home/airflow/.local/lib/python3.7/site-packages/airflow/example_dags/example_nested_branch_dag.py took 0.067 seconds
[2024-06-26T13:18:05.244+0000] {processor.py:153} INFO - Started process (PID=2617) to work on /home/airflow/.local/lib/python3.7/site-packages/airflow/example_dags/example_nested_branch_dag.py
[2024-06-26T13:18:05.245+0000] {processor.py:743} INFO - Processing file /home/airflow/.local/lib/python3.7/site-packages/airflow/example_dags/example_nested_branch_dag.py for tasks to queue
[2024-06-26T13:18:05.245+0000] {logging_mixin.py:137} INFO - [2024-06-26T13:18:05.245+0000] {dagbag.py:538} INFO - Filling up the DagBag from /home/airflow/.local/lib/python3.7/site-packages/airflow/example_dags/example_nested_branch_dag.py
[2024-06-26T13:18:05.263+0000] {processor.py:753} INFO - DAG(s) dict_keys(['example_nested_branch_dag']) retrieved from /home/airflow/.local/lib/python3.7/site-packages/airflow/example_dags/example_nested_branch_dag.py
[2024-06-26T13:18:05.280+0000] {logging_mixin.py:137} INFO - [2024-06-26T13:18:05.279+0000] {dag.py:2690} INFO - Sync 1 DAGs
[2024-06-26T13:18:05.298+0000] {logging_mixin.py:137} INFO - [2024-06-26T13:18:05.298+0000] {dag.py:3441} INFO - Setting next_dagrun for example_nested_branch_dag to 2024-06-25T00:00:00+00:00, run_after=2024-06-26T00:00:00+00:00
[2024-06-26T13:18:05.310+0000] {processor.py:175} INFO - Processing /home/airflow/.local/lib/python3.7/site-packages/airflow/example_dags/example_nested_branch_dag.py took 0.068 seconds
[2024-06-26T13:18:36.044+0000] {processor.py:153} INFO - Started process (PID=2716) to work on /home/airflow/.local/lib/python3.7/site-packages/airflow/example_dags/example_nested_branch_dag.py
[2024-06-26T13:18:36.044+0000] {processor.py:743} INFO - Processing file /home/airflow/.local/lib/python3.7/site-packages/airflow/example_dags/example_nested_branch_dag.py for tasks to queue
[2024-06-26T13:18:36.045+0000] {logging_mixin.py:137} INFO - [2024-06-26T13:18:36.045+0000] {dagbag.py:538} INFO - Filling up the DagBag from /home/airflow/.local/lib/python3.7/site-packages/airflow/example_dags/example_nested_branch_dag.py
[2024-06-26T13:18:36.060+0000] {processor.py:753} INFO - DAG(s) dict_keys(['example_nested_branch_dag']) retrieved from /home/airflow/.local/lib/python3.7/site-packages/airflow/example_dags/example_nested_branch_dag.py
[2024-06-26T13:18:36.077+0000] {logging_mixin.py:137} INFO - [2024-06-26T13:18:36.077+0000] {dag.py:2690} INFO - Sync 1 DAGs
[2024-06-26T13:18:36.096+0000] {logging_mixin.py:137} INFO - [2024-06-26T13:18:36.096+0000] {dag.py:3441} INFO - Setting next_dagrun for example_nested_branch_dag to 2024-06-25T00:00:00+00:00, run_after=2024-06-26T00:00:00+00:00
[2024-06-26T13:18:36.109+0000] {processor.py:175} INFO - Processing /home/airflow/.local/lib/python3.7/site-packages/airflow/example_dags/example_nested_branch_dag.py took 0.067 seconds
[2024-06-26T13:19:06.919+0000] {processor.py:153} INFO - Started process (PID=2804) to work on /home/airflow/.local/lib/python3.7/site-packages/airflow/example_dags/example_nested_branch_dag.py
[2024-06-26T13:19:06.920+0000] {processor.py:743} INFO - Processing file /home/airflow/.local/lib/python3.7/site-packages/airflow/example_dags/example_nested_branch_dag.py for tasks to queue
[2024-06-26T13:19:06.921+0000] {logging_mixin.py:137} INFO - [2024-06-26T13:19:06.921+0000] {dagbag.py:538} INFO - Filling up the DagBag from /home/airflow/.local/lib/python3.7/site-packages/airflow/example_dags/example_nested_branch_dag.py
[2024-06-26T13:19:06.939+0000] {processor.py:753} INFO - DAG(s) dict_keys(['example_nested_branch_dag']) retrieved from /home/airflow/.local/lib/python3.7/site-packages/airflow/example_dags/example_nested_branch_dag.py
[2024-06-26T13:19:06.956+0000] {logging_mixin.py:137} INFO - [2024-06-26T13:19:06.956+0000] {dag.py:2690} INFO - Sync 1 DAGs
[2024-06-26T13:19:06.976+0000] {logging_mixin.py:137} INFO - [2024-06-26T13:19:06.976+0000] {dag.py:3441} INFO - Setting next_dagrun for example_nested_branch_dag to 2024-06-25T00:00:00+00:00, run_after=2024-06-26T00:00:00+00:00
[2024-06-26T13:19:06.990+0000] {processor.py:175} INFO - Processing /home/airflow/.local/lib/python3.7/site-packages/airflow/example_dags/example_nested_branch_dag.py took 0.073 seconds
[2024-06-26T13:19:37.668+0000] {processor.py:153} INFO - Started process (PID=2894) to work on /home/airflow/.local/lib/python3.7/site-packages/airflow/example_dags/example_nested_branch_dag.py
[2024-06-26T13:19:37.669+0000] {processor.py:743} INFO - Processing file /home/airflow/.local/lib/python3.7/site-packages/airflow/example_dags/example_nested_branch_dag.py for tasks to queue
[2024-06-26T13:19:37.669+0000] {logging_mixin.py:137} INFO - [2024-06-26T13:19:37.669+0000] {dagbag.py:538} INFO - Filling up the DagBag from /home/airflow/.local/lib/python3.7/site-packages/airflow/example_dags/example_nested_branch_dag.py
[2024-06-26T13:19:37.686+0000] {processor.py:753} INFO - DAG(s) dict_keys(['example_nested_branch_dag']) retrieved from /home/airflow/.local/lib/python3.7/site-packages/airflow/example_dags/example_nested_branch_dag.py
[2024-06-26T13:19:37.703+0000] {logging_mixin.py:137} INFO - [2024-06-26T13:19:37.702+0000] {dag.py:2690} INFO - Sync 1 DAGs
[2024-06-26T13:19:37.722+0000] {logging_mixin.py:137} INFO - [2024-06-26T13:19:37.721+0000] {dag.py:3441} INFO - Setting next_dagrun for example_nested_branch_dag to 2024-06-25T00:00:00+00:00, run_after=2024-06-26T00:00:00+00:00
[2024-06-26T13:19:37.734+0000] {processor.py:175} INFO - Processing /home/airflow/.local/lib/python3.7/site-packages/airflow/example_dags/example_nested_branch_dag.py took 0.067 seconds
[2024-06-26T13:20:08.509+0000] {processor.py:153} INFO - Started process (PID=2993) to work on /home/airflow/.local/lib/python3.7/site-packages/airflow/example_dags/example_nested_branch_dag.py
[2024-06-26T13:20:08.509+0000] {processor.py:743} INFO - Processing file /home/airflow/.local/lib/python3.7/site-packages/airflow/example_dags/example_nested_branch_dag.py for tasks to queue
[2024-06-26T13:20:08.510+0000] {logging_mixin.py:137} INFO - [2024-06-26T13:20:08.509+0000] {dagbag.py:538} INFO - Filling up the DagBag from /home/airflow/.local/lib/python3.7/site-packages/airflow/example_dags/example_nested_branch_dag.py
[2024-06-26T13:20:08.527+0000] {processor.py:753} INFO - DAG(s) dict_keys(['example_nested_branch_dag']) retrieved from /home/airflow/.local/lib/python3.7/site-packages/airflow/example_dags/example_nested_branch_dag.py
[2024-06-26T13:20:08.545+0000] {logging_mixin.py:137} INFO - [2024-06-26T13:20:08.545+0000] {dag.py:2690} INFO - Sync 1 DAGs
[2024-06-26T13:20:08.565+0000] {logging_mixin.py:137} INFO - [2024-06-26T13:20:08.565+0000] {dag.py:3441} INFO - Setting next_dagrun for example_nested_branch_dag to 2024-06-25T00:00:00+00:00, run_after=2024-06-26T00:00:00+00:00
[2024-06-26T13:20:08.579+0000] {processor.py:175} INFO - Processing /home/airflow/.local/lib/python3.7/site-packages/airflow/example_dags/example_nested_branch_dag.py took 0.072 seconds
[2024-06-26T13:20:39.315+0000] {processor.py:153} INFO - Started process (PID=3072) to work on /home/airflow/.local/lib/python3.7/site-packages/airflow/example_dags/example_nested_branch_dag.py
[2024-06-26T13:20:39.315+0000] {processor.py:743} INFO - Processing file /home/airflow/.local/lib/python3.7/site-packages/airflow/example_dags/example_nested_branch_dag.py for tasks to queue
[2024-06-26T13:20:39.315+0000] {logging_mixin.py:137} INFO - [2024-06-26T13:20:39.315+0000] {dagbag.py:538} INFO - Filling up the DagBag from /home/airflow/.local/lib/python3.7/site-packages/airflow/example_dags/example_nested_branch_dag.py
[2024-06-26T13:20:39.332+0000] {processor.py:753} INFO - DAG(s) dict_keys(['example_nested_branch_dag']) retrieved from /home/airflow/.local/lib/python3.7/site-packages/airflow/example_dags/example_nested_branch_dag.py
[2024-06-26T13:20:39.349+0000] {logging_mixin.py:137} INFO - [2024-06-26T13:20:39.348+0000] {dag.py:2690} INFO - Sync 1 DAGs
[2024-06-26T13:20:39.367+0000] {logging_mixin.py:137} INFO - [2024-06-26T13:20:39.367+0000] {dag.py:3441} INFO - Setting next_dagrun for example_nested_branch_dag to 2024-06-25T00:00:00+00:00, run_after=2024-06-26T00:00:00+00:00
[2024-06-26T13:20:39.380+0000] {processor.py:175} INFO - Processing /home/airflow/.local/lib/python3.7/site-packages/airflow/example_dags/example_nested_branch_dag.py took 0.067 seconds
[2024-06-26T13:21:10.096+0000] {processor.py:153} INFO - Started process (PID=3171) to work on /home/airflow/.local/lib/python3.7/site-packages/airflow/example_dags/example_nested_branch_dag.py
[2024-06-26T13:21:10.097+0000] {processor.py:743} INFO - Processing file /home/airflow/.local/lib/python3.7/site-packages/airflow/example_dags/example_nested_branch_dag.py for tasks to queue
[2024-06-26T13:21:10.097+0000] {logging_mixin.py:137} INFO - [2024-06-26T13:21:10.097+0000] {dagbag.py:538} INFO - Filling up the DagBag from /home/airflow/.local/lib/python3.7/site-packages/airflow/example_dags/example_nested_branch_dag.py
[2024-06-26T13:21:10.114+0000] {processor.py:753} INFO - DAG(s) dict_keys(['example_nested_branch_dag']) retrieved from /home/airflow/.local/lib/python3.7/site-packages/airflow/example_dags/example_nested_branch_dag.py
[2024-06-26T13:21:10.131+0000] {logging_mixin.py:137} INFO - [2024-06-26T13:21:10.131+0000] {dag.py:2690} INFO - Sync 1 DAGs
[2024-06-26T13:21:10.149+0000] {logging_mixin.py:137} INFO - [2024-06-26T13:21:10.149+0000] {dag.py:3441} INFO - Setting next_dagrun for example_nested_branch_dag to 2024-06-25T00:00:00+00:00, run_after=2024-06-26T00:00:00+00:00
[2024-06-26T13:21:10.162+0000] {processor.py:175} INFO - Processing /home/airflow/.local/lib/python3.7/site-packages/airflow/example_dags/example_nested_branch_dag.py took 0.068 seconds
[2024-06-26T13:21:41.087+0000] {processor.py:153} INFO - Started process (PID=3270) to work on /home/airflow/.local/lib/python3.7/site-packages/airflow/example_dags/example_nested_branch_dag.py
[2024-06-26T13:21:41.088+0000] {processor.py:743} INFO - Processing file /home/airflow/.local/lib/python3.7/site-packages/airflow/example_dags/example_nested_branch_dag.py for tasks to queue
[2024-06-26T13:21:41.088+0000] {logging_mixin.py:137} INFO - [2024-06-26T13:21:41.088+0000] {dagbag.py:538} INFO - Filling up the DagBag from /home/airflow/.local/lib/python3.7/site-packages/airflow/example_dags/example_nested_branch_dag.py
[2024-06-26T13:21:41.106+0000] {processor.py:753} INFO - DAG(s) dict_keys(['example_nested_branch_dag']) retrieved from /home/airflow/.local/lib/python3.7/site-packages/airflow/example_dags/example_nested_branch_dag.py
[2024-06-26T13:21:41.124+0000] {logging_mixin.py:137} INFO - [2024-06-26T13:21:41.124+0000] {dag.py:2690} INFO - Sync 1 DAGs
[2024-06-26T13:21:41.145+0000] {logging_mixin.py:137} INFO - [2024-06-26T13:21:41.144+0000] {dag.py:3441} INFO - Setting next_dagrun for example_nested_branch_dag to 2024-06-25T00:00:00+00:00, run_after=2024-06-26T00:00:00+00:00
[2024-06-26T13:21:41.160+0000] {processor.py:175} INFO - Processing /home/airflow/.local/lib/python3.7/site-packages/airflow/example_dags/example_nested_branch_dag.py took 0.075 seconds
[2024-06-26T13:22:11.980+0000] {processor.py:153} INFO - Started process (PID=3349) to work on /home/airflow/.local/lib/python3.7/site-packages/airflow/example_dags/example_nested_branch_dag.py
[2024-06-26T13:22:11.980+0000] {processor.py:743} INFO - Processing file /home/airflow/.local/lib/python3.7/site-packages/airflow/example_dags/example_nested_branch_dag.py for tasks to queue
[2024-06-26T13:22:11.981+0000] {logging_mixin.py:137} INFO - [2024-06-26T13:22:11.981+0000] {dagbag.py:538} INFO - Filling up the DagBag from /home/airflow/.local/lib/python3.7/site-packages/airflow/example_dags/example_nested_branch_dag.py
[2024-06-26T13:22:11.998+0000] {processor.py:753} INFO - DAG(s) dict_keys(['example_nested_branch_dag']) retrieved from /home/airflow/.local/lib/python3.7/site-packages/airflow/example_dags/example_nested_branch_dag.py
[2024-06-26T13:22:12.014+0000] {logging_mixin.py:137} INFO - [2024-06-26T13:22:12.014+0000] {dag.py:2690} INFO - Sync 1 DAGs
[2024-06-26T13:22:12.033+0000] {logging_mixin.py:137} INFO - [2024-06-26T13:22:12.033+0000] {dag.py:3441} INFO - Setting next_dagrun for example_nested_branch_dag to 2024-06-25T00:00:00+00:00, run_after=2024-06-26T00:00:00+00:00
[2024-06-26T13:22:12.046+0000] {processor.py:175} INFO - Processing /home/airflow/.local/lib/python3.7/site-packages/airflow/example_dags/example_nested_branch_dag.py took 0.068 seconds
[2024-06-26T13:22:42.801+0000] {processor.py:153} INFO - Started process (PID=3448) to work on /home/airflow/.local/lib/python3.7/site-packages/airflow/example_dags/example_nested_branch_dag.py
[2024-06-26T13:22:42.802+0000] {processor.py:743} INFO - Processing file /home/airflow/.local/lib/python3.7/site-packages/airflow/example_dags/example_nested_branch_dag.py for tasks to queue
[2024-06-26T13:22:42.802+0000] {logging_mixin.py:137} INFO - [2024-06-26T13:22:42.802+0000] {dagbag.py:538} INFO - Filling up the DagBag from /home/airflow/.local/lib/python3.7/site-packages/airflow/example_dags/example_nested_branch_dag.py
[2024-06-26T13:22:42.818+0000] {processor.py:753} INFO - DAG(s) dict_keys(['example_nested_branch_dag']) retrieved from /home/airflow/.local/lib/python3.7/site-packages/airflow/example_dags/example_nested_branch_dag.py
[2024-06-26T13:22:42.834+0000] {logging_mixin.py:137} INFO - [2024-06-26T13:22:42.834+0000] {dag.py:2690} INFO - Sync 1 DAGs
[2024-06-26T13:22:42.854+0000] {logging_mixin.py:137} INFO - [2024-06-26T13:22:42.854+0000] {dag.py:3441} INFO - Setting next_dagrun for example_nested_branch_dag to 2024-06-25T00:00:00+00:00, run_after=2024-06-26T00:00:00+00:00
[2024-06-26T13:22:42.867+0000] {processor.py:175} INFO - Processing /home/airflow/.local/lib/python3.7/site-packages/airflow/example_dags/example_nested_branch_dag.py took 0.067 seconds
[2024-06-26T13:23:13.618+0000] {processor.py:153} INFO - Started process (PID=3527) to work on /home/airflow/.local/lib/python3.7/site-packages/airflow/example_dags/example_nested_branch_dag.py
[2024-06-26T13:23:13.619+0000] {processor.py:743} INFO - Processing file /home/airflow/.local/lib/python3.7/site-packages/airflow/example_dags/example_nested_branch_dag.py for tasks to queue
[2024-06-26T13:23:13.619+0000] {logging_mixin.py:137} INFO - [2024-06-26T13:23:13.619+0000] {dagbag.py:538} INFO - Filling up the DagBag from /home/airflow/.local/lib/python3.7/site-packages/airflow/example_dags/example_nested_branch_dag.py
[2024-06-26T13:23:13.636+0000] {processor.py:753} INFO - DAG(s) dict_keys(['example_nested_branch_dag']) retrieved from /home/airflow/.local/lib/python3.7/site-packages/airflow/example_dags/example_nested_branch_dag.py
[2024-06-26T13:23:13.654+0000] {logging_mixin.py:137} INFO - [2024-06-26T13:23:13.653+0000] {dag.py:2690} INFO - Sync 1 DAGs
[2024-06-26T13:23:13.672+0000] {logging_mixin.py:137} INFO - [2024-06-26T13:23:13.672+0000] {dag.py:3441} INFO - Setting next_dagrun for example_nested_branch_dag to 2024-06-25T00:00:00+00:00, run_after=2024-06-26T00:00:00+00:00
[2024-06-26T13:23:13.684+0000] {processor.py:175} INFO - Processing /home/airflow/.local/lib/python3.7/site-packages/airflow/example_dags/example_nested_branch_dag.py took 0.068 seconds
[2024-06-26T13:23:44.486+0000] {processor.py:153} INFO - Started process (PID=3626) to work on /home/airflow/.local/lib/python3.7/site-packages/airflow/example_dags/example_nested_branch_dag.py
[2024-06-26T13:23:44.486+0000] {processor.py:743} INFO - Processing file /home/airflow/.local/lib/python3.7/site-packages/airflow/example_dags/example_nested_branch_dag.py for tasks to queue
[2024-06-26T13:23:44.487+0000] {logging_mixin.py:137} INFO - [2024-06-26T13:23:44.487+0000] {dagbag.py:538} INFO - Filling up the DagBag from /home/airflow/.local/lib/python3.7/site-packages/airflow/example_dags/example_nested_branch_dag.py
[2024-06-26T13:23:44.503+0000] {processor.py:753} INFO - DAG(s) dict_keys(['example_nested_branch_dag']) retrieved from /home/airflow/.local/lib/python3.7/site-packages/airflow/example_dags/example_nested_branch_dag.py
[2024-06-26T13:23:44.520+0000] {logging_mixin.py:137} INFO - [2024-06-26T13:23:44.520+0000] {dag.py:2690} INFO - Sync 1 DAGs
[2024-06-26T13:23:44.539+0000] {logging_mixin.py:137} INFO - [2024-06-26T13:23:44.539+0000] {dag.py:3441} INFO - Setting next_dagrun for example_nested_branch_dag to 2024-06-25T00:00:00+00:00, run_after=2024-06-26T00:00:00+00:00
[2024-06-26T13:23:44.552+0000] {processor.py:175} INFO - Processing /home/airflow/.local/lib/python3.7/site-packages/airflow/example_dags/example_nested_branch_dag.py took 0.068 seconds
[2024-06-26T13:24:15.412+0000] {processor.py:153} INFO - Started process (PID=3725) to work on /home/airflow/.local/lib/python3.7/site-packages/airflow/example_dags/example_nested_branch_dag.py
[2024-06-26T13:24:15.413+0000] {processor.py:743} INFO - Processing file /home/airflow/.local/lib/python3.7/site-packages/airflow/example_dags/example_nested_branch_dag.py for tasks to queue
[2024-06-26T13:24:15.413+0000] {logging_mixin.py:137} INFO - [2024-06-26T13:24:15.413+0000] {dagbag.py:538} INFO - Filling up the DagBag from /home/airflow/.local/lib/python3.7/site-packages/airflow/example_dags/example_nested_branch_dag.py
[2024-06-26T13:24:15.431+0000] {processor.py:753} INFO - DAG(s) dict_keys(['example_nested_branch_dag']) retrieved from /home/airflow/.local/lib/python3.7/site-packages/airflow/example_dags/example_nested_branch_dag.py
[2024-06-26T13:24:15.447+0000] {logging_mixin.py:137} INFO - [2024-06-26T13:24:15.447+0000] {dag.py:2690} INFO - Sync 1 DAGs
[2024-06-26T13:24:15.466+0000] {logging_mixin.py:137} INFO - [2024-06-26T13:24:15.466+0000] {dag.py:3441} INFO - Setting next_dagrun for example_nested_branch_dag to 2024-06-25T00:00:00+00:00, run_after=2024-06-26T00:00:00+00:00
[2024-06-26T13:24:15.479+0000] {processor.py:175} INFO - Processing /home/airflow/.local/lib/python3.7/site-packages/airflow/example_dags/example_nested_branch_dag.py took 0.069 seconds
[2024-06-26T13:24:46.159+0000] {processor.py:153} INFO - Started process (PID=3804) to work on /home/airflow/.local/lib/python3.7/site-packages/airflow/example_dags/example_nested_branch_dag.py
[2024-06-26T13:24:46.160+0000] {processor.py:743} INFO - Processing file /home/airflow/.local/lib/python3.7/site-packages/airflow/example_dags/example_nested_branch_dag.py for tasks to queue
[2024-06-26T13:24:46.160+0000] {logging_mixin.py:137} INFO - [2024-06-26T13:24:46.160+0000] {dagbag.py:538} INFO - Filling up the DagBag from /home/airflow/.local/lib/python3.7/site-packages/airflow/example_dags/example_nested_branch_dag.py
[2024-06-26T13:24:46.178+0000] {processor.py:753} INFO - DAG(s) dict_keys(['example_nested_branch_dag']) retrieved from /home/airflow/.local/lib/python3.7/site-packages/airflow/example_dags/example_nested_branch_dag.py
[2024-06-26T13:24:46.195+0000] {logging_mixin.py:137} INFO - [2024-06-26T13:24:46.195+0000] {dag.py:2690} INFO - Sync 1 DAGs
[2024-06-26T13:24:46.213+0000] {logging_mixin.py:137} INFO - [2024-06-26T13:24:46.213+0000] {dag.py:3441} INFO - Setting next_dagrun for example_nested_branch_dag to 2024-06-25T00:00:00+00:00, run_after=2024-06-26T00:00:00+00:00
[2024-06-26T13:24:46.226+0000] {processor.py:175} INFO - Processing /home/airflow/.local/lib/python3.7/site-packages/airflow/example_dags/example_nested_branch_dag.py took 0.069 seconds
[2024-06-26T13:25:16.938+0000] {processor.py:153} INFO - Started process (PID=3903) to work on /home/airflow/.local/lib/python3.7/site-packages/airflow/example_dags/example_nested_branch_dag.py
[2024-06-26T13:25:16.938+0000] {processor.py:743} INFO - Processing file /home/airflow/.local/lib/python3.7/site-packages/airflow/example_dags/example_nested_branch_dag.py for tasks to queue
[2024-06-26T13:25:16.939+0000] {logging_mixin.py:137} INFO - [2024-06-26T13:25:16.939+0000] {dagbag.py:538} INFO - Filling up the DagBag from /home/airflow/.local/lib/python3.7/site-packages/airflow/example_dags/example_nested_branch_dag.py
[2024-06-26T13:25:16.955+0000] {processor.py:753} INFO - DAG(s) dict_keys(['example_nested_branch_dag']) retrieved from /home/airflow/.local/lib/python3.7/site-packages/airflow/example_dags/example_nested_branch_dag.py
[2024-06-26T13:25:16.972+0000] {logging_mixin.py:137} INFO - [2024-06-26T13:25:16.972+0000] {dag.py:2690} INFO - Sync 1 DAGs
[2024-06-26T13:25:16.991+0000] {logging_mixin.py:137} INFO - [2024-06-26T13:25:16.991+0000] {dag.py:3441} INFO - Setting next_dagrun for example_nested_branch_dag to 2024-06-25T00:00:00+00:00, run_after=2024-06-26T00:00:00+00:00
[2024-06-26T13:25:17.002+0000] {processor.py:175} INFO - Processing /home/airflow/.local/lib/python3.7/site-packages/airflow/example_dags/example_nested_branch_dag.py took 0.066 seconds
[2024-06-26T13:25:47.741+0000] {processor.py:153} INFO - Started process (PID=4002) to work on /home/airflow/.local/lib/python3.7/site-packages/airflow/example_dags/example_nested_branch_dag.py
[2024-06-26T13:25:47.742+0000] {processor.py:743} INFO - Processing file /home/airflow/.local/lib/python3.7/site-packages/airflow/example_dags/example_nested_branch_dag.py for tasks to queue
[2024-06-26T13:25:47.742+0000] {logging_mixin.py:137} INFO - [2024-06-26T13:25:47.742+0000] {dagbag.py:538} INFO - Filling up the DagBag from /home/airflow/.local/lib/python3.7/site-packages/airflow/example_dags/example_nested_branch_dag.py
[2024-06-26T13:25:47.761+0000] {processor.py:753} INFO - DAG(s) dict_keys(['example_nested_branch_dag']) retrieved from /home/airflow/.local/lib/python3.7/site-packages/airflow/example_dags/example_nested_branch_dag.py
[2024-06-26T13:25:47.780+0000] {logging_mixin.py:137} INFO - [2024-06-26T13:25:47.780+0000] {dag.py:2690} INFO - Sync 1 DAGs
[2024-06-26T13:25:47.800+0000] {logging_mixin.py:137} INFO - [2024-06-26T13:25:47.800+0000] {dag.py:3441} INFO - Setting next_dagrun for example_nested_branch_dag to 2024-06-25T00:00:00+00:00, run_after=2024-06-26T00:00:00+00:00
[2024-06-26T13:25:47.814+0000] {processor.py:175} INFO - Processing /home/airflow/.local/lib/python3.7/site-packages/airflow/example_dags/example_nested_branch_dag.py took 0.075 seconds
[2024-06-26T13:26:18.717+0000] {processor.py:153} INFO - Started process (PID=4081) to work on /home/airflow/.local/lib/python3.7/site-packages/airflow/example_dags/example_nested_branch_dag.py
[2024-06-26T13:26:18.718+0000] {processor.py:743} INFO - Processing file /home/airflow/.local/lib/python3.7/site-packages/airflow/example_dags/example_nested_branch_dag.py for tasks to queue
[2024-06-26T13:26:18.718+0000] {logging_mixin.py:137} INFO - [2024-06-26T13:26:18.718+0000] {dagbag.py:538} INFO - Filling up the DagBag from /home/airflow/.local/lib/python3.7/site-packages/airflow/example_dags/example_nested_branch_dag.py
[2024-06-26T13:26:18.738+0000] {processor.py:753} INFO - DAG(s) dict_keys(['example_nested_branch_dag']) retrieved from /home/airflow/.local/lib/python3.7/site-packages/airflow/example_dags/example_nested_branch_dag.py
[2024-06-26T13:26:18.757+0000] {logging_mixin.py:137} INFO - [2024-06-26T13:26:18.757+0000] {dag.py:2690} INFO - Sync 1 DAGs
[2024-06-26T13:26:18.781+0000] {logging_mixin.py:137} INFO - [2024-06-26T13:26:18.781+0000] {dag.py:3441} INFO - Setting next_dagrun for example_nested_branch_dag to 2024-06-25T00:00:00+00:00, run_after=2024-06-26T00:00:00+00:00
[2024-06-26T13:26:18.795+0000] {processor.py:175} INFO - Processing /home/airflow/.local/lib/python3.7/site-packages/airflow/example_dags/example_nested_branch_dag.py took 0.080 seconds
[2024-06-26T13:26:49.756+0000] {processor.py:153} INFO - Started process (PID=4180) to work on /home/airflow/.local/lib/python3.7/site-packages/airflow/example_dags/example_nested_branch_dag.py
[2024-06-26T13:26:49.758+0000] {processor.py:743} INFO - Processing file /home/airflow/.local/lib/python3.7/site-packages/airflow/example_dags/example_nested_branch_dag.py for tasks to queue
[2024-06-26T13:26:49.758+0000] {logging_mixin.py:137} INFO - [2024-06-26T13:26:49.758+0000] {dagbag.py:538} INFO - Filling up the DagBag from /home/airflow/.local/lib/python3.7/site-packages/airflow/example_dags/example_nested_branch_dag.py
[2024-06-26T13:26:49.785+0000] {processor.py:753} INFO - DAG(s) dict_keys(['example_nested_branch_dag']) retrieved from /home/airflow/.local/lib/python3.7/site-packages/airflow/example_dags/example_nested_branch_dag.py
[2024-06-26T13:26:49.806+0000] {logging_mixin.py:137} INFO - [2024-06-26T13:26:49.806+0000] {dag.py:2690} INFO - Sync 1 DAGs
[2024-06-26T13:26:49.828+0000] {logging_mixin.py:137} INFO - [2024-06-26T13:26:49.828+0000] {dag.py:3441} INFO - Setting next_dagrun for example_nested_branch_dag to 2024-06-25T00:00:00+00:00, run_after=2024-06-26T00:00:00+00:00
[2024-06-26T13:26:49.844+0000] {processor.py:175} INFO - Processing /home/airflow/.local/lib/python3.7/site-packages/airflow/example_dags/example_nested_branch_dag.py took 0.091 seconds
[2024-06-26T13:27:19.917+0000] {processor.py:153} INFO - Started process (PID=4259) to work on /home/airflow/.local/lib/python3.7/site-packages/airflow/example_dags/example_nested_branch_dag.py
[2024-06-26T13:27:19.918+0000] {processor.py:743} INFO - Processing file /home/airflow/.local/lib/python3.7/site-packages/airflow/example_dags/example_nested_branch_dag.py for tasks to queue
[2024-06-26T13:27:19.918+0000] {logging_mixin.py:137} INFO - [2024-06-26T13:27:19.918+0000] {dagbag.py:538} INFO - Filling up the DagBag from /home/airflow/.local/lib/python3.7/site-packages/airflow/example_dags/example_nested_branch_dag.py
[2024-06-26T13:27:19.939+0000] {processor.py:753} INFO - DAG(s) dict_keys(['example_nested_branch_dag']) retrieved from /home/airflow/.local/lib/python3.7/site-packages/airflow/example_dags/example_nested_branch_dag.py
[2024-06-26T13:27:19.958+0000] {logging_mixin.py:137} INFO - [2024-06-26T13:27:19.958+0000] {dag.py:2690} INFO - Sync 1 DAGs
[2024-06-26T13:27:19.979+0000] {logging_mixin.py:137} INFO - [2024-06-26T13:27:19.979+0000] {dag.py:3441} INFO - Setting next_dagrun for example_nested_branch_dag to 2024-06-25T00:00:00+00:00, run_after=2024-06-26T00:00:00+00:00
[2024-06-26T13:27:19.995+0000] {processor.py:175} INFO - Processing /home/airflow/.local/lib/python3.7/site-packages/airflow/example_dags/example_nested_branch_dag.py took 0.079 seconds
[2024-06-26T13:27:50.073+0000] {processor.py:153} INFO - Started process (PID=4358) to work on /home/airflow/.local/lib/python3.7/site-packages/airflow/example_dags/example_nested_branch_dag.py
[2024-06-26T13:27:50.074+0000] {processor.py:743} INFO - Processing file /home/airflow/.local/lib/python3.7/site-packages/airflow/example_dags/example_nested_branch_dag.py for tasks to queue
[2024-06-26T13:27:50.074+0000] {logging_mixin.py:137} INFO - [2024-06-26T13:27:50.074+0000] {dagbag.py:538} INFO - Filling up the DagBag from /home/airflow/.local/lib/python3.7/site-packages/airflow/example_dags/example_nested_branch_dag.py
[2024-06-26T13:27:50.092+0000] {processor.py:753} INFO - DAG(s) dict_keys(['example_nested_branch_dag']) retrieved from /home/airflow/.local/lib/python3.7/site-packages/airflow/example_dags/example_nested_branch_dag.py
[2024-06-26T13:27:50.110+0000] {logging_mixin.py:137} INFO - [2024-06-26T13:27:50.110+0000] {dag.py:2690} INFO - Sync 1 DAGs
[2024-06-26T13:27:50.133+0000] {logging_mixin.py:137} INFO - [2024-06-26T13:27:50.132+0000] {dag.py:3441} INFO - Setting next_dagrun for example_nested_branch_dag to 2024-06-25T00:00:00+00:00, run_after=2024-06-26T00:00:00+00:00
[2024-06-26T13:27:50.147+0000] {processor.py:175} INFO - Processing /home/airflow/.local/lib/python3.7/site-packages/airflow/example_dags/example_nested_branch_dag.py took 0.077 seconds
[2024-06-26T13:28:20.218+0000] {processor.py:153} INFO - Started process (PID=4437) to work on /home/airflow/.local/lib/python3.7/site-packages/airflow/example_dags/example_nested_branch_dag.py
[2024-06-26T13:28:20.218+0000] {processor.py:743} INFO - Processing file /home/airflow/.local/lib/python3.7/site-packages/airflow/example_dags/example_nested_branch_dag.py for tasks to queue
[2024-06-26T13:28:20.219+0000] {logging_mixin.py:137} INFO - [2024-06-26T13:28:20.219+0000] {dagbag.py:538} INFO - Filling up the DagBag from /home/airflow/.local/lib/python3.7/site-packages/airflow/example_dags/example_nested_branch_dag.py
[2024-06-26T13:28:20.237+0000] {processor.py:753} INFO - DAG(s) dict_keys(['example_nested_branch_dag']) retrieved from /home/airflow/.local/lib/python3.7/site-packages/airflow/example_dags/example_nested_branch_dag.py
[2024-06-26T13:28:20.256+0000] {logging_mixin.py:137} INFO - [2024-06-26T13:28:20.256+0000] {dag.py:2690} INFO - Sync 1 DAGs
[2024-06-26T13:28:20.277+0000] {logging_mixin.py:137} INFO - [2024-06-26T13:28:20.277+0000] {dag.py:3441} INFO - Setting next_dagrun for example_nested_branch_dag to 2024-06-25T00:00:00+00:00, run_after=2024-06-26T00:00:00+00:00
[2024-06-26T13:28:20.291+0000] {processor.py:175} INFO - Processing /home/airflow/.local/lib/python3.7/site-packages/airflow/example_dags/example_nested_branch_dag.py took 0.076 seconds
[2024-06-26T13:28:50.358+0000] {processor.py:153} INFO - Started process (PID=4536) to work on /home/airflow/.local/lib/python3.7/site-packages/airflow/example_dags/example_nested_branch_dag.py
[2024-06-26T13:28:50.358+0000] {processor.py:743} INFO - Processing file /home/airflow/.local/lib/python3.7/site-packages/airflow/example_dags/example_nested_branch_dag.py for tasks to queue
[2024-06-26T13:28:50.359+0000] {logging_mixin.py:137} INFO - [2024-06-26T13:28:50.358+0000] {dagbag.py:538} INFO - Filling up the DagBag from /home/airflow/.local/lib/python3.7/site-packages/airflow/example_dags/example_nested_branch_dag.py
[2024-06-26T13:28:50.378+0000] {processor.py:753} INFO - DAG(s) dict_keys(['example_nested_branch_dag']) retrieved from /home/airflow/.local/lib/python3.7/site-packages/airflow/example_dags/example_nested_branch_dag.py
[2024-06-26T13:28:50.400+0000] {logging_mixin.py:137} INFO - [2024-06-26T13:28:50.400+0000] {dag.py:2690} INFO - Sync 1 DAGs
[2024-06-26T13:28:50.423+0000] {logging_mixin.py:137} INFO - [2024-06-26T13:28:50.423+0000] {dag.py:3441} INFO - Setting next_dagrun for example_nested_branch_dag to 2024-06-25T00:00:00+00:00, run_after=2024-06-26T00:00:00+00:00
[2024-06-26T13:28:50.440+0000] {processor.py:175} INFO - Processing /home/airflow/.local/lib/python3.7/site-packages/airflow/example_dags/example_nested_branch_dag.py took 0.084 seconds
[2024-06-26T13:29:20.564+0000] {processor.py:153} INFO - Started process (PID=4615) to work on /home/airflow/.local/lib/python3.7/site-packages/airflow/example_dags/example_nested_branch_dag.py
[2024-06-26T13:29:20.564+0000] {processor.py:743} INFO - Processing file /home/airflow/.local/lib/python3.7/site-packages/airflow/example_dags/example_nested_branch_dag.py for tasks to queue
[2024-06-26T13:29:20.565+0000] {logging_mixin.py:137} INFO - [2024-06-26T13:29:20.565+0000] {dagbag.py:538} INFO - Filling up the DagBag from /home/airflow/.local/lib/python3.7/site-packages/airflow/example_dags/example_nested_branch_dag.py
[2024-06-26T13:29:20.585+0000] {processor.py:753} INFO - DAG(s) dict_keys(['example_nested_branch_dag']) retrieved from /home/airflow/.local/lib/python3.7/site-packages/airflow/example_dags/example_nested_branch_dag.py
[2024-06-26T13:29:20.603+0000] {logging_mixin.py:137} INFO - [2024-06-26T13:29:20.603+0000] {dag.py:2690} INFO - Sync 1 DAGs
[2024-06-26T13:29:20.626+0000] {logging_mixin.py:137} INFO - [2024-06-26T13:29:20.626+0000] {dag.py:3441} INFO - Setting next_dagrun for example_nested_branch_dag to 2024-06-25T00:00:00+00:00, run_after=2024-06-26T00:00:00+00:00
[2024-06-26T13:29:20.642+0000] {processor.py:175} INFO - Processing /home/airflow/.local/lib/python3.7/site-packages/airflow/example_dags/example_nested_branch_dag.py took 0.081 seconds
[2024-06-26T13:29:51.332+0000] {processor.py:153} INFO - Started process (PID=4714) to work on /home/airflow/.local/lib/python3.7/site-packages/airflow/example_dags/example_nested_branch_dag.py
[2024-06-26T13:29:51.332+0000] {processor.py:743} INFO - Processing file /home/airflow/.local/lib/python3.7/site-packages/airflow/example_dags/example_nested_branch_dag.py for tasks to queue
[2024-06-26T13:29:51.333+0000] {logging_mixin.py:137} INFO - [2024-06-26T13:29:51.333+0000] {dagbag.py:538} INFO - Filling up the DagBag from /home/airflow/.local/lib/python3.7/site-packages/airflow/example_dags/example_nested_branch_dag.py
[2024-06-26T13:29:51.349+0000] {processor.py:753} INFO - DAG(s) dict_keys(['example_nested_branch_dag']) retrieved from /home/airflow/.local/lib/python3.7/site-packages/airflow/example_dags/example_nested_branch_dag.py
[2024-06-26T13:29:51.366+0000] {logging_mixin.py:137} INFO - [2024-06-26T13:29:51.366+0000] {dag.py:2690} INFO - Sync 1 DAGs
[2024-06-26T13:29:51.384+0000] {logging_mixin.py:137} INFO - [2024-06-26T13:29:51.384+0000] {dag.py:3441} INFO - Setting next_dagrun for example_nested_branch_dag to 2024-06-25T00:00:00+00:00, run_after=2024-06-26T00:00:00+00:00
[2024-06-26T13:29:51.396+0000] {processor.py:175} INFO - Processing /home/airflow/.local/lib/python3.7/site-packages/airflow/example_dags/example_nested_branch_dag.py took 0.066 seconds
[2024-06-26T13:30:22.063+0000] {processor.py:153} INFO - Started process (PID=4793) to work on /home/airflow/.local/lib/python3.7/site-packages/airflow/example_dags/example_nested_branch_dag.py
[2024-06-26T13:30:22.064+0000] {processor.py:743} INFO - Processing file /home/airflow/.local/lib/python3.7/site-packages/airflow/example_dags/example_nested_branch_dag.py for tasks to queue
[2024-06-26T13:30:22.064+0000] {logging_mixin.py:137} INFO - [2024-06-26T13:30:22.064+0000] {dagbag.py:538} INFO - Filling up the DagBag from /home/airflow/.local/lib/python3.7/site-packages/airflow/example_dags/example_nested_branch_dag.py
[2024-06-26T13:30:22.081+0000] {processor.py:753} INFO - DAG(s) dict_keys(['example_nested_branch_dag']) retrieved from /home/airflow/.local/lib/python3.7/site-packages/airflow/example_dags/example_nested_branch_dag.py
[2024-06-26T13:30:22.099+0000] {logging_mixin.py:137} INFO - [2024-06-26T13:30:22.099+0000] {dag.py:2690} INFO - Sync 1 DAGs
[2024-06-26T13:30:22.118+0000] {logging_mixin.py:137} INFO - [2024-06-26T13:30:22.118+0000] {dag.py:3441} INFO - Setting next_dagrun for example_nested_branch_dag to 2024-06-25T00:00:00+00:00, run_after=2024-06-26T00:00:00+00:00
[2024-06-26T13:30:22.131+0000] {processor.py:175} INFO - Processing /home/airflow/.local/lib/python3.7/site-packages/airflow/example_dags/example_nested_branch_dag.py took 0.069 seconds
[2024-06-26T13:30:52.999+0000] {processor.py:153} INFO - Started process (PID=4892) to work on /home/airflow/.local/lib/python3.7/site-packages/airflow/example_dags/example_nested_branch_dag.py
[2024-06-26T13:30:53.000+0000] {processor.py:743} INFO - Processing file /home/airflow/.local/lib/python3.7/site-packages/airflow/example_dags/example_nested_branch_dag.py for tasks to queue
[2024-06-26T13:30:53.000+0000] {logging_mixin.py:137} INFO - [2024-06-26T13:30:53.000+0000] {dagbag.py:538} INFO - Filling up the DagBag from /home/airflow/.local/lib/python3.7/site-packages/airflow/example_dags/example_nested_branch_dag.py
[2024-06-26T13:30:53.018+0000] {processor.py:753} INFO - DAG(s) dict_keys(['example_nested_branch_dag']) retrieved from /home/airflow/.local/lib/python3.7/site-packages/airflow/example_dags/example_nested_branch_dag.py
[2024-06-26T13:30:53.035+0000] {logging_mixin.py:137} INFO - [2024-06-26T13:30:53.035+0000] {dag.py:2690} INFO - Sync 1 DAGs
[2024-06-26T13:30:53.054+0000] {logging_mixin.py:137} INFO - [2024-06-26T13:30:53.054+0000] {dag.py:3441} INFO - Setting next_dagrun for example_nested_branch_dag to 2024-06-25T00:00:00+00:00, run_after=2024-06-26T00:00:00+00:00
[2024-06-26T13:30:53.068+0000] {processor.py:175} INFO - Processing /home/airflow/.local/lib/python3.7/site-packages/airflow/example_dags/example_nested_branch_dag.py took 0.071 seconds
[2024-06-26T13:31:23.969+0000] {processor.py:153} INFO - Started process (PID=4991) to work on /home/airflow/.local/lib/python3.7/site-packages/airflow/example_dags/example_nested_branch_dag.py
[2024-06-26T13:31:23.969+0000] {processor.py:743} INFO - Processing file /home/airflow/.local/lib/python3.7/site-packages/airflow/example_dags/example_nested_branch_dag.py for tasks to queue
[2024-06-26T13:31:23.970+0000] {logging_mixin.py:137} INFO - [2024-06-26T13:31:23.969+0000] {dagbag.py:538} INFO - Filling up the DagBag from /home/airflow/.local/lib/python3.7/site-packages/airflow/example_dags/example_nested_branch_dag.py
[2024-06-26T13:31:23.989+0000] {processor.py:753} INFO - DAG(s) dict_keys(['example_nested_branch_dag']) retrieved from /home/airflow/.local/lib/python3.7/site-packages/airflow/example_dags/example_nested_branch_dag.py
[2024-06-26T13:31:24.009+0000] {logging_mixin.py:137} INFO - [2024-06-26T13:31:24.009+0000] {dag.py:2690} INFO - Sync 1 DAGs
[2024-06-26T13:31:24.031+0000] {logging_mixin.py:137} INFO - [2024-06-26T13:31:24.031+0000] {dag.py:3441} INFO - Setting next_dagrun for example_nested_branch_dag to 2024-06-25T00:00:00+00:00, run_after=2024-06-26T00:00:00+00:00
[2024-06-26T13:31:24.048+0000] {processor.py:175} INFO - Processing /home/airflow/.local/lib/python3.7/site-packages/airflow/example_dags/example_nested_branch_dag.py took 0.082 seconds
[2024-06-26T13:31:54.221+0000] {processor.py:153} INFO - Started process (PID=5070) to work on /home/airflow/.local/lib/python3.7/site-packages/airflow/example_dags/example_nested_branch_dag.py
[2024-06-26T13:31:54.222+0000] {processor.py:743} INFO - Processing file /home/airflow/.local/lib/python3.7/site-packages/airflow/example_dags/example_nested_branch_dag.py for tasks to queue
[2024-06-26T13:31:54.223+0000] {logging_mixin.py:137} INFO - [2024-06-26T13:31:54.222+0000] {dagbag.py:538} INFO - Filling up the DagBag from /home/airflow/.local/lib/python3.7/site-packages/airflow/example_dags/example_nested_branch_dag.py
[2024-06-26T13:31:54.243+0000] {processor.py:753} INFO - DAG(s) dict_keys(['example_nested_branch_dag']) retrieved from /home/airflow/.local/lib/python3.7/site-packages/airflow/example_dags/example_nested_branch_dag.py
[2024-06-26T13:31:54.263+0000] {logging_mixin.py:137} INFO - [2024-06-26T13:31:54.263+0000] {dag.py:2690} INFO - Sync 1 DAGs
[2024-06-26T13:31:54.286+0000] {logging_mixin.py:137} INFO - [2024-06-26T13:31:54.286+0000] {dag.py:3441} INFO - Setting next_dagrun for example_nested_branch_dag to 2024-06-25T00:00:00+00:00, run_after=2024-06-26T00:00:00+00:00
[2024-06-26T13:31:54.302+0000] {processor.py:175} INFO - Processing /home/airflow/.local/lib/python3.7/site-packages/airflow/example_dags/example_nested_branch_dag.py took 0.084 seconds
[2024-06-26T13:32:24.331+0000] {processor.py:153} INFO - Started process (PID=5169) to work on /home/airflow/.local/lib/python3.7/site-packages/airflow/example_dags/example_nested_branch_dag.py
[2024-06-26T13:32:24.331+0000] {processor.py:743} INFO - Processing file /home/airflow/.local/lib/python3.7/site-packages/airflow/example_dags/example_nested_branch_dag.py for tasks to queue
[2024-06-26T13:32:24.332+0000] {logging_mixin.py:137} INFO - [2024-06-26T13:32:24.332+0000] {dagbag.py:538} INFO - Filling up the DagBag from /home/airflow/.local/lib/python3.7/site-packages/airflow/example_dags/example_nested_branch_dag.py
[2024-06-26T13:32:24.349+0000] {processor.py:753} INFO - DAG(s) dict_keys(['example_nested_branch_dag']) retrieved from /home/airflow/.local/lib/python3.7/site-packages/airflow/example_dags/example_nested_branch_dag.py
[2024-06-26T13:32:24.367+0000] {logging_mixin.py:137} INFO - [2024-06-26T13:32:24.367+0000] {dag.py:2690} INFO - Sync 1 DAGs
[2024-06-26T13:32:24.387+0000] {logging_mixin.py:137} INFO - [2024-06-26T13:32:24.387+0000] {dag.py:3441} INFO - Setting next_dagrun for example_nested_branch_dag to 2024-06-25T00:00:00+00:00, run_after=2024-06-26T00:00:00+00:00
[2024-06-26T13:32:24.400+0000] {processor.py:175} INFO - Processing /home/airflow/.local/lib/python3.7/site-packages/airflow/example_dags/example_nested_branch_dag.py took 0.071 seconds
[2024-06-26T13:32:55.388+0000] {processor.py:153} INFO - Started process (PID=5248) to work on /home/airflow/.local/lib/python3.7/site-packages/airflow/example_dags/example_nested_branch_dag.py
[2024-06-26T13:32:55.389+0000] {processor.py:743} INFO - Processing file /home/airflow/.local/lib/python3.7/site-packages/airflow/example_dags/example_nested_branch_dag.py for tasks to queue
[2024-06-26T13:32:55.389+0000] {logging_mixin.py:137} INFO - [2024-06-26T13:32:55.389+0000] {dagbag.py:538} INFO - Filling up the DagBag from /home/airflow/.local/lib/python3.7/site-packages/airflow/example_dags/example_nested_branch_dag.py
[2024-06-26T13:32:55.407+0000] {processor.py:753} INFO - DAG(s) dict_keys(['example_nested_branch_dag']) retrieved from /home/airflow/.local/lib/python3.7/site-packages/airflow/example_dags/example_nested_branch_dag.py
[2024-06-26T13:32:55.424+0000] {logging_mixin.py:137} INFO - [2024-06-26T13:32:55.424+0000] {dag.py:2690} INFO - Sync 1 DAGs
[2024-06-26T13:32:55.443+0000] {logging_mixin.py:137} INFO - [2024-06-26T13:32:55.443+0000] {dag.py:3441} INFO - Setting next_dagrun for example_nested_branch_dag to 2024-06-25T00:00:00+00:00, run_after=2024-06-26T00:00:00+00:00
[2024-06-26T13:32:55.455+0000] {processor.py:175} INFO - Processing /home/airflow/.local/lib/python3.7/site-packages/airflow/example_dags/example_nested_branch_dag.py took 0.069 seconds
[2024-06-26T13:33:26.417+0000] {processor.py:153} INFO - Started process (PID=5347) to work on /home/airflow/.local/lib/python3.7/site-packages/airflow/example_dags/example_nested_branch_dag.py
[2024-06-26T13:33:26.417+0000] {processor.py:743} INFO - Processing file /home/airflow/.local/lib/python3.7/site-packages/airflow/example_dags/example_nested_branch_dag.py for tasks to queue
[2024-06-26T13:33:26.418+0000] {logging_mixin.py:137} INFO - [2024-06-26T13:33:26.418+0000] {dagbag.py:538} INFO - Filling up the DagBag from /home/airflow/.local/lib/python3.7/site-packages/airflow/example_dags/example_nested_branch_dag.py
[2024-06-26T13:33:26.438+0000] {processor.py:753} INFO - DAG(s) dict_keys(['example_nested_branch_dag']) retrieved from /home/airflow/.local/lib/python3.7/site-packages/airflow/example_dags/example_nested_branch_dag.py
[2024-06-26T13:33:26.457+0000] {logging_mixin.py:137} INFO - [2024-06-26T13:33:26.457+0000] {dag.py:2690} INFO - Sync 1 DAGs
[2024-06-26T13:33:26.480+0000] {logging_mixin.py:137} INFO - [2024-06-26T13:33:26.479+0000] {dag.py:3441} INFO - Setting next_dagrun for example_nested_branch_dag to 2024-06-25T00:00:00+00:00, run_after=2024-06-26T00:00:00+00:00
[2024-06-26T13:33:26.495+0000] {processor.py:175} INFO - Processing /home/airflow/.local/lib/python3.7/site-packages/airflow/example_dags/example_nested_branch_dag.py took 0.081 seconds
[2024-06-26T13:33:56.582+0000] {processor.py:153} INFO - Started process (PID=5426) to work on /home/airflow/.local/lib/python3.7/site-packages/airflow/example_dags/example_nested_branch_dag.py
[2024-06-26T13:33:56.583+0000] {processor.py:743} INFO - Processing file /home/airflow/.local/lib/python3.7/site-packages/airflow/example_dags/example_nested_branch_dag.py for tasks to queue
[2024-06-26T13:33:56.583+0000] {logging_mixin.py:137} INFO - [2024-06-26T13:33:56.583+0000] {dagbag.py:538} INFO - Filling up the DagBag from /home/airflow/.local/lib/python3.7/site-packages/airflow/example_dags/example_nested_branch_dag.py
[2024-06-26T13:33:56.606+0000] {processor.py:753} INFO - DAG(s) dict_keys(['example_nested_branch_dag']) retrieved from /home/airflow/.local/lib/python3.7/site-packages/airflow/example_dags/example_nested_branch_dag.py
[2024-06-26T13:33:56.627+0000] {logging_mixin.py:137} INFO - [2024-06-26T13:33:56.627+0000] {dag.py:2690} INFO - Sync 1 DAGs
[2024-06-26T13:33:56.651+0000] {logging_mixin.py:137} INFO - [2024-06-26T13:33:56.651+0000] {dag.py:3441} INFO - Setting next_dagrun for example_nested_branch_dag to 2024-06-25T00:00:00+00:00, run_after=2024-06-26T00:00:00+00:00
[2024-06-26T13:33:56.668+0000] {processor.py:175} INFO - Processing /home/airflow/.local/lib/python3.7/site-packages/airflow/example_dags/example_nested_branch_dag.py took 0.089 seconds
[2024-06-26T13:34:26.959+0000] {processor.py:153} INFO - Started process (PID=5525) to work on /home/airflow/.local/lib/python3.7/site-packages/airflow/example_dags/example_nested_branch_dag.py
[2024-06-26T13:34:26.960+0000] {processor.py:743} INFO - Processing file /home/airflow/.local/lib/python3.7/site-packages/airflow/example_dags/example_nested_branch_dag.py for tasks to queue
[2024-06-26T13:34:26.960+0000] {logging_mixin.py:137} INFO - [2024-06-26T13:34:26.960+0000] {dagbag.py:538} INFO - Filling up the DagBag from /home/airflow/.local/lib/python3.7/site-packages/airflow/example_dags/example_nested_branch_dag.py
[2024-06-26T13:34:26.983+0000] {processor.py:753} INFO - DAG(s) dict_keys(['example_nested_branch_dag']) retrieved from /home/airflow/.local/lib/python3.7/site-packages/airflow/example_dags/example_nested_branch_dag.py
[2024-06-26T13:34:27.006+0000] {logging_mixin.py:137} INFO - [2024-06-26T13:34:27.006+0000] {dag.py:2690} INFO - Sync 1 DAGs
[2024-06-26T13:34:27.032+0000] {logging_mixin.py:137} INFO - [2024-06-26T13:34:27.032+0000] {dag.py:3441} INFO - Setting next_dagrun for example_nested_branch_dag to 2024-06-25T00:00:00+00:00, run_after=2024-06-26T00:00:00+00:00
[2024-06-26T13:34:27.049+0000] {processor.py:175} INFO - Processing /home/airflow/.local/lib/python3.7/site-packages/airflow/example_dags/example_nested_branch_dag.py took 0.092 seconds
[2024-06-26T13:34:57.094+0000] {processor.py:153} INFO - Started process (PID=5604) to work on /home/airflow/.local/lib/python3.7/site-packages/airflow/example_dags/example_nested_branch_dag.py
[2024-06-26T13:34:57.095+0000] {processor.py:743} INFO - Processing file /home/airflow/.local/lib/python3.7/site-packages/airflow/example_dags/example_nested_branch_dag.py for tasks to queue
[2024-06-26T13:34:57.095+0000] {logging_mixin.py:137} INFO - [2024-06-26T13:34:57.095+0000] {dagbag.py:538} INFO - Filling up the DagBag from /home/airflow/.local/lib/python3.7/site-packages/airflow/example_dags/example_nested_branch_dag.py
[2024-06-26T13:34:57.115+0000] {processor.py:753} INFO - DAG(s) dict_keys(['example_nested_branch_dag']) retrieved from /home/airflow/.local/lib/python3.7/site-packages/airflow/example_dags/example_nested_branch_dag.py
[2024-06-26T13:34:57.138+0000] {logging_mixin.py:137} INFO - [2024-06-26T13:34:57.137+0000] {dag.py:2690} INFO - Sync 1 DAGs
[2024-06-26T13:34:57.166+0000] {logging_mixin.py:137} INFO - [2024-06-26T13:34:57.166+0000] {dag.py:3441} INFO - Setting next_dagrun for example_nested_branch_dag to 2024-06-25T00:00:00+00:00, run_after=2024-06-26T00:00:00+00:00
[2024-06-26T13:34:57.181+0000] {processor.py:175} INFO - Processing /home/airflow/.local/lib/python3.7/site-packages/airflow/example_dags/example_nested_branch_dag.py took 0.090 seconds
[2024-06-26T13:35:27.245+0000] {processor.py:153} INFO - Started process (PID=5703) to work on /home/airflow/.local/lib/python3.7/site-packages/airflow/example_dags/example_nested_branch_dag.py
[2024-06-26T13:35:27.246+0000] {processor.py:743} INFO - Processing file /home/airflow/.local/lib/python3.7/site-packages/airflow/example_dags/example_nested_branch_dag.py for tasks to queue
[2024-06-26T13:35:27.246+0000] {logging_mixin.py:137} INFO - [2024-06-26T13:35:27.246+0000] {dagbag.py:538} INFO - Filling up the DagBag from /home/airflow/.local/lib/python3.7/site-packages/airflow/example_dags/example_nested_branch_dag.py
[2024-06-26T13:35:27.263+0000] {processor.py:753} INFO - DAG(s) dict_keys(['example_nested_branch_dag']) retrieved from /home/airflow/.local/lib/python3.7/site-packages/airflow/example_dags/example_nested_branch_dag.py
[2024-06-26T13:35:27.280+0000] {logging_mixin.py:137} INFO - [2024-06-26T13:35:27.280+0000] {dag.py:2690} INFO - Sync 1 DAGs
[2024-06-26T13:35:27.300+0000] {logging_mixin.py:137} INFO - [2024-06-26T13:35:27.300+0000] {dag.py:3441} INFO - Setting next_dagrun for example_nested_branch_dag to 2024-06-25T00:00:00+00:00, run_after=2024-06-26T00:00:00+00:00
[2024-06-26T13:35:27.313+0000] {processor.py:175} INFO - Processing /home/airflow/.local/lib/python3.7/site-packages/airflow/example_dags/example_nested_branch_dag.py took 0.070 seconds
[2024-06-26T13:35:58.119+0000] {processor.py:153} INFO - Started process (PID=5788) to work on /home/airflow/.local/lib/python3.7/site-packages/airflow/example_dags/example_nested_branch_dag.py
[2024-06-26T13:35:58.120+0000] {processor.py:743} INFO - Processing file /home/airflow/.local/lib/python3.7/site-packages/airflow/example_dags/example_nested_branch_dag.py for tasks to queue
[2024-06-26T13:35:58.120+0000] {logging_mixin.py:137} INFO - [2024-06-26T13:35:58.120+0000] {dagbag.py:538} INFO - Filling up the DagBag from /home/airflow/.local/lib/python3.7/site-packages/airflow/example_dags/example_nested_branch_dag.py
[2024-06-26T13:35:58.140+0000] {processor.py:753} INFO - DAG(s) dict_keys(['example_nested_branch_dag']) retrieved from /home/airflow/.local/lib/python3.7/site-packages/airflow/example_dags/example_nested_branch_dag.py
[2024-06-26T13:35:58.159+0000] {logging_mixin.py:137} INFO - [2024-06-26T13:35:58.158+0000] {dag.py:2690} INFO - Sync 1 DAGs
[2024-06-26T13:35:58.183+0000] {logging_mixin.py:137} INFO - [2024-06-26T13:35:58.183+0000] {dag.py:3441} INFO - Setting next_dagrun for example_nested_branch_dag to 2024-06-25T00:00:00+00:00, run_after=2024-06-26T00:00:00+00:00
[2024-06-26T13:35:58.198+0000] {processor.py:175} INFO - Processing /home/airflow/.local/lib/python3.7/site-packages/airflow/example_dags/example_nested_branch_dag.py took 0.081 seconds
[2024-06-26T13:36:29.018+0000] {processor.py:153} INFO - Started process (PID=5881) to work on /home/airflow/.local/lib/python3.7/site-packages/airflow/example_dags/example_nested_branch_dag.py
[2024-06-26T13:36:29.018+0000] {processor.py:743} INFO - Processing file /home/airflow/.local/lib/python3.7/site-packages/airflow/example_dags/example_nested_branch_dag.py for tasks to queue
[2024-06-26T13:36:29.019+0000] {logging_mixin.py:137} INFO - [2024-06-26T13:36:29.019+0000] {dagbag.py:538} INFO - Filling up the DagBag from /home/airflow/.local/lib/python3.7/site-packages/airflow/example_dags/example_nested_branch_dag.py
[2024-06-26T13:36:29.036+0000] {processor.py:753} INFO - DAG(s) dict_keys(['example_nested_branch_dag']) retrieved from /home/airflow/.local/lib/python3.7/site-packages/airflow/example_dags/example_nested_branch_dag.py
[2024-06-26T13:36:29.056+0000] {logging_mixin.py:137} INFO - [2024-06-26T13:36:29.056+0000] {dag.py:2690} INFO - Sync 1 DAGs
[2024-06-26T13:36:29.074+0000] {logging_mixin.py:137} INFO - [2024-06-26T13:36:29.074+0000] {dag.py:3441} INFO - Setting next_dagrun for example_nested_branch_dag to 2024-06-25T00:00:00+00:00, run_after=2024-06-26T00:00:00+00:00
[2024-06-26T13:36:29.086+0000] {processor.py:175} INFO - Processing /home/airflow/.local/lib/python3.7/site-packages/airflow/example_dags/example_nested_branch_dag.py took 0.070 seconds
[2024-06-26T13:36:59.414+0000] {processor.py:153} INFO - Started process (PID=5980) to work on /home/airflow/.local/lib/python3.7/site-packages/airflow/example_dags/example_nested_branch_dag.py
[2024-06-26T13:36:59.414+0000] {processor.py:743} INFO - Processing file /home/airflow/.local/lib/python3.7/site-packages/airflow/example_dags/example_nested_branch_dag.py for tasks to queue
[2024-06-26T13:36:59.415+0000] {logging_mixin.py:137} INFO - [2024-06-26T13:36:59.415+0000] {dagbag.py:538} INFO - Filling up the DagBag from /home/airflow/.local/lib/python3.7/site-packages/airflow/example_dags/example_nested_branch_dag.py
[2024-06-26T13:36:59.436+0000] {processor.py:753} INFO - DAG(s) dict_keys(['example_nested_branch_dag']) retrieved from /home/airflow/.local/lib/python3.7/site-packages/airflow/example_dags/example_nested_branch_dag.py
[2024-06-26T13:36:59.464+0000] {logging_mixin.py:137} INFO - [2024-06-26T13:36:59.464+0000] {dag.py:2690} INFO - Sync 1 DAGs
[2024-06-26T13:36:59.494+0000] {logging_mixin.py:137} INFO - [2024-06-26T13:36:59.494+0000] {dag.py:3441} INFO - Setting next_dagrun for example_nested_branch_dag to 2024-06-25T00:00:00+00:00, run_after=2024-06-26T00:00:00+00:00
[2024-06-26T13:36:59.515+0000] {processor.py:175} INFO - Processing /home/airflow/.local/lib/python3.7/site-packages/airflow/example_dags/example_nested_branch_dag.py took 0.105 seconds
[2024-06-26T13:37:30.399+0000] {processor.py:153} INFO - Started process (PID=6059) to work on /home/airflow/.local/lib/python3.7/site-packages/airflow/example_dags/example_nested_branch_dag.py
[2024-06-26T13:37:30.399+0000] {processor.py:743} INFO - Processing file /home/airflow/.local/lib/python3.7/site-packages/airflow/example_dags/example_nested_branch_dag.py for tasks to queue
[2024-06-26T13:37:30.400+0000] {logging_mixin.py:137} INFO - [2024-06-26T13:37:30.400+0000] {dagbag.py:538} INFO - Filling up the DagBag from /home/airflow/.local/lib/python3.7/site-packages/airflow/example_dags/example_nested_branch_dag.py
[2024-06-26T13:37:30.419+0000] {processor.py:753} INFO - DAG(s) dict_keys(['example_nested_branch_dag']) retrieved from /home/airflow/.local/lib/python3.7/site-packages/airflow/example_dags/example_nested_branch_dag.py
[2024-06-26T13:37:30.438+0000] {logging_mixin.py:137} INFO - [2024-06-26T13:37:30.438+0000] {dag.py:2690} INFO - Sync 1 DAGs
[2024-06-26T13:37:30.459+0000] {logging_mixin.py:137} INFO - [2024-06-26T13:37:30.459+0000] {dag.py:3441} INFO - Setting next_dagrun for example_nested_branch_dag to 2024-06-25T00:00:00+00:00, run_after=2024-06-26T00:00:00+00:00
[2024-06-26T13:37:30.474+0000] {processor.py:175} INFO - Processing /home/airflow/.local/lib/python3.7/site-packages/airflow/example_dags/example_nested_branch_dag.py took 0.078 seconds
[2024-06-26T13:38:01.267+0000] {processor.py:153} INFO - Started process (PID=6158) to work on /home/airflow/.local/lib/python3.7/site-packages/airflow/example_dags/example_nested_branch_dag.py
[2024-06-26T13:38:01.268+0000] {processor.py:743} INFO - Processing file /home/airflow/.local/lib/python3.7/site-packages/airflow/example_dags/example_nested_branch_dag.py for tasks to queue
[2024-06-26T13:38:01.268+0000] {logging_mixin.py:137} INFO - [2024-06-26T13:38:01.268+0000] {dagbag.py:538} INFO - Filling up the DagBag from /home/airflow/.local/lib/python3.7/site-packages/airflow/example_dags/example_nested_branch_dag.py
[2024-06-26T13:38:01.285+0000] {processor.py:753} INFO - DAG(s) dict_keys(['example_nested_branch_dag']) retrieved from /home/airflow/.local/lib/python3.7/site-packages/airflow/example_dags/example_nested_branch_dag.py
[2024-06-26T13:38:01.302+0000] {logging_mixin.py:137} INFO - [2024-06-26T13:38:01.302+0000] {dag.py:2690} INFO - Sync 1 DAGs
[2024-06-26T13:38:01.321+0000] {logging_mixin.py:137} INFO - [2024-06-26T13:38:01.321+0000] {dag.py:3441} INFO - Setting next_dagrun for example_nested_branch_dag to 2024-06-25T00:00:00+00:00, run_after=2024-06-26T00:00:00+00:00
[2024-06-26T13:38:01.334+0000] {processor.py:175} INFO - Processing /home/airflow/.local/lib/python3.7/site-packages/airflow/example_dags/example_nested_branch_dag.py took 0.069 seconds
[2024-06-26T13:38:32.101+0000] {processor.py:153} INFO - Started process (PID=6237) to work on /home/airflow/.local/lib/python3.7/site-packages/airflow/example_dags/example_nested_branch_dag.py
[2024-06-26T13:38:32.101+0000] {processor.py:743} INFO - Processing file /home/airflow/.local/lib/python3.7/site-packages/airflow/example_dags/example_nested_branch_dag.py for tasks to queue
[2024-06-26T13:38:32.102+0000] {logging_mixin.py:137} INFO - [2024-06-26T13:38:32.101+0000] {dagbag.py:538} INFO - Filling up the DagBag from /home/airflow/.local/lib/python3.7/site-packages/airflow/example_dags/example_nested_branch_dag.py
[2024-06-26T13:38:32.119+0000] {processor.py:753} INFO - DAG(s) dict_keys(['example_nested_branch_dag']) retrieved from /home/airflow/.local/lib/python3.7/site-packages/airflow/example_dags/example_nested_branch_dag.py
[2024-06-26T13:38:32.136+0000] {logging_mixin.py:137} INFO - [2024-06-26T13:38:32.136+0000] {dag.py:2690} INFO - Sync 1 DAGs
[2024-06-26T13:38:32.155+0000] {logging_mixin.py:137} INFO - [2024-06-26T13:38:32.155+0000] {dag.py:3441} INFO - Setting next_dagrun for example_nested_branch_dag to 2024-06-25T00:00:00+00:00, run_after=2024-06-26T00:00:00+00:00
[2024-06-26T13:38:32.168+0000] {processor.py:175} INFO - Processing /home/airflow/.local/lib/python3.7/site-packages/airflow/example_dags/example_nested_branch_dag.py took 0.070 seconds
[2024-06-26T13:39:02.832+0000] {processor.py:153} INFO - Started process (PID=6336) to work on /home/airflow/.local/lib/python3.7/site-packages/airflow/example_dags/example_nested_branch_dag.py
[2024-06-26T13:39:02.833+0000] {processor.py:743} INFO - Processing file /home/airflow/.local/lib/python3.7/site-packages/airflow/example_dags/example_nested_branch_dag.py for tasks to queue
[2024-06-26T13:39:02.833+0000] {logging_mixin.py:137} INFO - [2024-06-26T13:39:02.833+0000] {dagbag.py:538} INFO - Filling up the DagBag from /home/airflow/.local/lib/python3.7/site-packages/airflow/example_dags/example_nested_branch_dag.py
[2024-06-26T13:39:02.851+0000] {processor.py:753} INFO - DAG(s) dict_keys(['example_nested_branch_dag']) retrieved from /home/airflow/.local/lib/python3.7/site-packages/airflow/example_dags/example_nested_branch_dag.py
[2024-06-26T13:39:02.868+0000] {logging_mixin.py:137} INFO - [2024-06-26T13:39:02.868+0000] {dag.py:2690} INFO - Sync 1 DAGs
[2024-06-26T13:39:02.889+0000] {logging_mixin.py:137} INFO - [2024-06-26T13:39:02.889+0000] {dag.py:3441} INFO - Setting next_dagrun for example_nested_branch_dag to 2024-06-25T00:00:00+00:00, run_after=2024-06-26T00:00:00+00:00
[2024-06-26T13:39:02.904+0000] {processor.py:175} INFO - Processing /home/airflow/.local/lib/python3.7/site-packages/airflow/example_dags/example_nested_branch_dag.py took 0.074 seconds
[2024-06-26T13:39:33.647+0000] {processor.py:153} INFO - Started process (PID=6424) to work on /home/airflow/.local/lib/python3.7/site-packages/airflow/example_dags/example_nested_branch_dag.py
[2024-06-26T13:39:33.648+0000] {processor.py:743} INFO - Processing file /home/airflow/.local/lib/python3.7/site-packages/airflow/example_dags/example_nested_branch_dag.py for tasks to queue
[2024-06-26T13:39:33.648+0000] {logging_mixin.py:137} INFO - [2024-06-26T13:39:33.648+0000] {dagbag.py:538} INFO - Filling up the DagBag from /home/airflow/.local/lib/python3.7/site-packages/airflow/example_dags/example_nested_branch_dag.py
[2024-06-26T13:39:33.667+0000] {processor.py:753} INFO - DAG(s) dict_keys(['example_nested_branch_dag']) retrieved from /home/airflow/.local/lib/python3.7/site-packages/airflow/example_dags/example_nested_branch_dag.py
[2024-06-26T13:39:33.690+0000] {logging_mixin.py:137} INFO - [2024-06-26T13:39:33.690+0000] {dag.py:2690} INFO - Sync 1 DAGs
[2024-06-26T13:39:33.712+0000] {logging_mixin.py:137} INFO - [2024-06-26T13:39:33.712+0000] {dag.py:3441} INFO - Setting next_dagrun for example_nested_branch_dag to 2024-06-25T00:00:00+00:00, run_after=2024-06-26T00:00:00+00:00
[2024-06-26T13:39:33.726+0000] {processor.py:175} INFO - Processing /home/airflow/.local/lib/python3.7/site-packages/airflow/example_dags/example_nested_branch_dag.py took 0.081 seconds
