[2024-06-26T13:03:45.110+0000] {processor.py:153} INFO - Started process (PID=70) to work on /home/airflow/.local/lib/python3.7/site-packages/airflow/example_dags/example_task_group.py
[2024-06-26T13:03:45.111+0000] {processor.py:743} INFO - Processing file /home/airflow/.local/lib/python3.7/site-packages/airflow/example_dags/example_task_group.py for tasks to queue
[2024-06-26T13:03:45.111+0000] {logging_mixin.py:137} INFO - [2024-06-26T13:03:45.111+0000] {dagbag.py:538} INFO - Filling up the DagBag from /home/airflow/.local/lib/python3.7/site-packages/airflow/example_dags/example_task_group.py
[2024-06-26T13:03:45.124+0000] {processor.py:753} INFO - DAG(s) dict_keys(['example_task_group']) retrieved from /home/airflow/.local/lib/python3.7/site-packages/airflow/example_dags/example_task_group.py
[2024-06-26T13:03:45.140+0000] {logging_mixin.py:137} INFO - [2024-06-26T13:03:45.140+0000] {dag.py:2690} INFO - Sync 1 DAGs
[2024-06-26T13:03:45.159+0000] {logging_mixin.py:137} INFO - [2024-06-26T13:03:45.159+0000] {dag.py:3441} INFO - Setting next_dagrun for example_task_group to 2024-06-25T13:03:45.159281+00:00, run_after=2024-06-26T13:03:45.159281+00:00
[2024-06-26T13:03:45.174+0000] {processor.py:175} INFO - Processing /home/airflow/.local/lib/python3.7/site-packages/airflow/example_dags/example_task_group.py took 0.066 seconds
[2024-06-26T13:04:15.794+0000] {processor.py:153} INFO - Started process (PID=169) to work on /home/airflow/.local/lib/python3.7/site-packages/airflow/example_dags/example_task_group.py
[2024-06-26T13:04:15.794+0000] {processor.py:743} INFO - Processing file /home/airflow/.local/lib/python3.7/site-packages/airflow/example_dags/example_task_group.py for tasks to queue
[2024-06-26T13:04:15.795+0000] {logging_mixin.py:137} INFO - [2024-06-26T13:04:15.794+0000] {dagbag.py:538} INFO - Filling up the DagBag from /home/airflow/.local/lib/python3.7/site-packages/airflow/example_dags/example_task_group.py
[2024-06-26T13:04:15.805+0000] {processor.py:753} INFO - DAG(s) dict_keys(['example_task_group']) retrieved from /home/airflow/.local/lib/python3.7/site-packages/airflow/example_dags/example_task_group.py
[2024-06-26T13:04:15.822+0000] {logging_mixin.py:137} INFO - [2024-06-26T13:04:15.822+0000] {dag.py:2690} INFO - Sync 1 DAGs
[2024-06-26T13:04:15.840+0000] {logging_mixin.py:137} INFO - [2024-06-26T13:04:15.840+0000] {dag.py:3441} INFO - Setting next_dagrun for example_task_group to 2024-06-25T13:04:15.840349+00:00, run_after=2024-06-26T13:04:15.840349+00:00
[2024-06-26T13:04:15.854+0000] {processor.py:175} INFO - Processing /home/airflow/.local/lib/python3.7/site-packages/airflow/example_dags/example_task_group.py took 0.062 seconds
[2024-06-26T13:04:46.525+0000] {processor.py:153} INFO - Started process (PID=248) to work on /home/airflow/.local/lib/python3.7/site-packages/airflow/example_dags/example_task_group.py
[2024-06-26T13:04:46.526+0000] {processor.py:743} INFO - Processing file /home/airflow/.local/lib/python3.7/site-packages/airflow/example_dags/example_task_group.py for tasks to queue
[2024-06-26T13:04:46.526+0000] {logging_mixin.py:137} INFO - [2024-06-26T13:04:46.526+0000] {dagbag.py:538} INFO - Filling up the DagBag from /home/airflow/.local/lib/python3.7/site-packages/airflow/example_dags/example_task_group.py
[2024-06-26T13:04:46.537+0000] {processor.py:753} INFO - DAG(s) dict_keys(['example_task_group']) retrieved from /home/airflow/.local/lib/python3.7/site-packages/airflow/example_dags/example_task_group.py
[2024-06-26T13:04:46.553+0000] {logging_mixin.py:137} INFO - [2024-06-26T13:04:46.553+0000] {dag.py:2690} INFO - Sync 1 DAGs
[2024-06-26T13:04:46.573+0000] {logging_mixin.py:137} INFO - [2024-06-26T13:04:46.573+0000] {dag.py:3441} INFO - Setting next_dagrun for example_task_group to 2024-06-25T13:04:46.572977+00:00, run_after=2024-06-26T13:04:46.572977+00:00
[2024-06-26T13:04:46.588+0000] {processor.py:175} INFO - Processing /home/airflow/.local/lib/python3.7/site-packages/airflow/example_dags/example_task_group.py took 0.065 seconds
[2024-06-26T13:05:17.306+0000] {processor.py:153} INFO - Started process (PID=347) to work on /home/airflow/.local/lib/python3.7/site-packages/airflow/example_dags/example_task_group.py
[2024-06-26T13:05:17.307+0000] {processor.py:743} INFO - Processing file /home/airflow/.local/lib/python3.7/site-packages/airflow/example_dags/example_task_group.py for tasks to queue
[2024-06-26T13:05:17.307+0000] {logging_mixin.py:137} INFO - [2024-06-26T13:05:17.307+0000] {dagbag.py:538} INFO - Filling up the DagBag from /home/airflow/.local/lib/python3.7/site-packages/airflow/example_dags/example_task_group.py
[2024-06-26T13:05:17.318+0000] {processor.py:753} INFO - DAG(s) dict_keys(['example_task_group']) retrieved from /home/airflow/.local/lib/python3.7/site-packages/airflow/example_dags/example_task_group.py
[2024-06-26T13:05:17.335+0000] {logging_mixin.py:137} INFO - [2024-06-26T13:05:17.335+0000] {dag.py:2690} INFO - Sync 1 DAGs
[2024-06-26T13:05:17.353+0000] {logging_mixin.py:137} INFO - [2024-06-26T13:05:17.353+0000] {dag.py:3441} INFO - Setting next_dagrun for example_task_group to 2024-06-25T13:05:17.353320+00:00, run_after=2024-06-26T13:05:17.353320+00:00
[2024-06-26T13:05:17.368+0000] {processor.py:175} INFO - Processing /home/airflow/.local/lib/python3.7/site-packages/airflow/example_dags/example_task_group.py took 0.064 seconds
[2024-06-26T13:05:48.140+0000] {processor.py:153} INFO - Started process (PID=446) to work on /home/airflow/.local/lib/python3.7/site-packages/airflow/example_dags/example_task_group.py
[2024-06-26T13:05:48.140+0000] {processor.py:743} INFO - Processing file /home/airflow/.local/lib/python3.7/site-packages/airflow/example_dags/example_task_group.py for tasks to queue
[2024-06-26T13:05:48.141+0000] {logging_mixin.py:137} INFO - [2024-06-26T13:05:48.141+0000] {dagbag.py:538} INFO - Filling up the DagBag from /home/airflow/.local/lib/python3.7/site-packages/airflow/example_dags/example_task_group.py
[2024-06-26T13:05:48.151+0000] {processor.py:753} INFO - DAG(s) dict_keys(['example_task_group']) retrieved from /home/airflow/.local/lib/python3.7/site-packages/airflow/example_dags/example_task_group.py
[2024-06-26T13:05:48.168+0000] {logging_mixin.py:137} INFO - [2024-06-26T13:05:48.168+0000] {dag.py:2690} INFO - Sync 1 DAGs
[2024-06-26T13:05:48.186+0000] {logging_mixin.py:137} INFO - [2024-06-26T13:05:48.186+0000] {dag.py:3441} INFO - Setting next_dagrun for example_task_group to 2024-06-25T13:05:48.185881+00:00, run_after=2024-06-26T13:05:48.185881+00:00
[2024-06-26T13:05:48.198+0000] {processor.py:175} INFO - Processing /home/airflow/.local/lib/python3.7/site-packages/airflow/example_dags/example_task_group.py took 0.060 seconds
[2024-06-26T13:06:18.763+0000] {processor.py:153} INFO - Started process (PID=525) to work on /home/airflow/.local/lib/python3.7/site-packages/airflow/example_dags/example_task_group.py
[2024-06-26T13:06:18.763+0000] {processor.py:743} INFO - Processing file /home/airflow/.local/lib/python3.7/site-packages/airflow/example_dags/example_task_group.py for tasks to queue
[2024-06-26T13:06:18.764+0000] {logging_mixin.py:137} INFO - [2024-06-26T13:06:18.763+0000] {dagbag.py:538} INFO - Filling up the DagBag from /home/airflow/.local/lib/python3.7/site-packages/airflow/example_dags/example_task_group.py
[2024-06-26T13:06:18.774+0000] {processor.py:753} INFO - DAG(s) dict_keys(['example_task_group']) retrieved from /home/airflow/.local/lib/python3.7/site-packages/airflow/example_dags/example_task_group.py
[2024-06-26T13:06:18.790+0000] {logging_mixin.py:137} INFO - [2024-06-26T13:06:18.790+0000] {dag.py:2690} INFO - Sync 1 DAGs
[2024-06-26T13:06:18.807+0000] {logging_mixin.py:137} INFO - [2024-06-26T13:06:18.807+0000] {dag.py:3441} INFO - Setting next_dagrun for example_task_group to 2024-06-25T13:06:18.807507+00:00, run_after=2024-06-26T13:06:18.807507+00:00
[2024-06-26T13:06:18.820+0000] {processor.py:175} INFO - Processing /home/airflow/.local/lib/python3.7/site-packages/airflow/example_dags/example_task_group.py took 0.059 seconds
[2024-06-26T13:06:49.863+0000] {processor.py:153} INFO - Started process (PID=624) to work on /home/airflow/.local/lib/python3.7/site-packages/airflow/example_dags/example_task_group.py
[2024-06-26T13:06:49.863+0000] {processor.py:743} INFO - Processing file /home/airflow/.local/lib/python3.7/site-packages/airflow/example_dags/example_task_group.py for tasks to queue
[2024-06-26T13:06:49.864+0000] {logging_mixin.py:137} INFO - [2024-06-26T13:06:49.864+0000] {dagbag.py:538} INFO - Filling up the DagBag from /home/airflow/.local/lib/python3.7/site-packages/airflow/example_dags/example_task_group.py
[2024-06-26T13:06:49.873+0000] {processor.py:753} INFO - DAG(s) dict_keys(['example_task_group']) retrieved from /home/airflow/.local/lib/python3.7/site-packages/airflow/example_dags/example_task_group.py
[2024-06-26T13:06:49.888+0000] {logging_mixin.py:137} INFO - [2024-06-26T13:06:49.888+0000] {dag.py:2690} INFO - Sync 1 DAGs
[2024-06-26T13:06:49.906+0000] {logging_mixin.py:137} INFO - [2024-06-26T13:06:49.906+0000] {dag.py:3441} INFO - Setting next_dagrun for example_task_group to 2024-06-25T13:06:49.905930+00:00, run_after=2024-06-26T13:06:49.905930+00:00
[2024-06-26T13:06:49.919+0000] {processor.py:175} INFO - Processing /home/airflow/.local/lib/python3.7/site-packages/airflow/example_dags/example_task_group.py took 0.058 seconds
[2024-06-26T13:07:20.071+0000] {processor.py:153} INFO - Started process (PID=703) to work on /home/airflow/.local/lib/python3.7/site-packages/airflow/example_dags/example_task_group.py
[2024-06-26T13:07:20.072+0000] {processor.py:743} INFO - Processing file /home/airflow/.local/lib/python3.7/site-packages/airflow/example_dags/example_task_group.py for tasks to queue
[2024-06-26T13:07:20.072+0000] {logging_mixin.py:137} INFO - [2024-06-26T13:07:20.072+0000] {dagbag.py:538} INFO - Filling up the DagBag from /home/airflow/.local/lib/python3.7/site-packages/airflow/example_dags/example_task_group.py
[2024-06-26T13:07:20.084+0000] {processor.py:753} INFO - DAG(s) dict_keys(['example_task_group']) retrieved from /home/airflow/.local/lib/python3.7/site-packages/airflow/example_dags/example_task_group.py
[2024-06-26T13:07:20.101+0000] {logging_mixin.py:137} INFO - [2024-06-26T13:07:20.101+0000] {dag.py:2690} INFO - Sync 1 DAGs
[2024-06-26T13:07:20.119+0000] {logging_mixin.py:137} INFO - [2024-06-26T13:07:20.119+0000] {dag.py:3441} INFO - Setting next_dagrun for example_task_group to 2024-06-25T13:07:20.119335+00:00, run_after=2024-06-26T13:07:20.119335+00:00
[2024-06-26T13:07:20.134+0000] {processor.py:175} INFO - Processing /home/airflow/.local/lib/python3.7/site-packages/airflow/example_dags/example_task_group.py took 0.065 seconds
[2024-06-26T13:07:50.232+0000] {processor.py:153} INFO - Started process (PID=802) to work on /home/airflow/.local/lib/python3.7/site-packages/airflow/example_dags/example_task_group.py
[2024-06-26T13:07:50.232+0000] {processor.py:743} INFO - Processing file /home/airflow/.local/lib/python3.7/site-packages/airflow/example_dags/example_task_group.py for tasks to queue
[2024-06-26T13:07:50.233+0000] {logging_mixin.py:137} INFO - [2024-06-26T13:07:50.232+0000] {dagbag.py:538} INFO - Filling up the DagBag from /home/airflow/.local/lib/python3.7/site-packages/airflow/example_dags/example_task_group.py
[2024-06-26T13:07:50.244+0000] {processor.py:753} INFO - DAG(s) dict_keys(['example_task_group']) retrieved from /home/airflow/.local/lib/python3.7/site-packages/airflow/example_dags/example_task_group.py
[2024-06-26T13:07:50.266+0000] {logging_mixin.py:137} INFO - [2024-06-26T13:07:50.266+0000] {dag.py:2690} INFO - Sync 1 DAGs
[2024-06-26T13:07:50.285+0000] {logging_mixin.py:137} INFO - [2024-06-26T13:07:50.285+0000] {dag.py:3441} INFO - Setting next_dagrun for example_task_group to 2024-06-25T13:07:50.285174+00:00, run_after=2024-06-26T13:07:50.285174+00:00
[2024-06-26T13:07:50.297+0000] {processor.py:175} INFO - Processing /home/airflow/.local/lib/python3.7/site-packages/airflow/example_dags/example_task_group.py took 0.069 seconds
[2024-06-26T13:08:20.350+0000] {processor.py:153} INFO - Started process (PID=890) to work on /home/airflow/.local/lib/python3.7/site-packages/airflow/example_dags/example_task_group.py
[2024-06-26T13:08:20.351+0000] {processor.py:743} INFO - Processing file /home/airflow/.local/lib/python3.7/site-packages/airflow/example_dags/example_task_group.py for tasks to queue
[2024-06-26T13:08:20.351+0000] {logging_mixin.py:137} INFO - [2024-06-26T13:08:20.351+0000] {dagbag.py:538} INFO - Filling up the DagBag from /home/airflow/.local/lib/python3.7/site-packages/airflow/example_dags/example_task_group.py
[2024-06-26T13:08:20.362+0000] {processor.py:753} INFO - DAG(s) dict_keys(['example_task_group']) retrieved from /home/airflow/.local/lib/python3.7/site-packages/airflow/example_dags/example_task_group.py
[2024-06-26T13:08:20.381+0000] {logging_mixin.py:137} INFO - [2024-06-26T13:08:20.381+0000] {dag.py:2690} INFO - Sync 1 DAGs
[2024-06-26T13:08:20.402+0000] {logging_mixin.py:137} INFO - [2024-06-26T13:08:20.401+0000] {dag.py:3441} INFO - Setting next_dagrun for example_task_group to 2024-06-25T13:08:20.401821+00:00, run_after=2024-06-26T13:08:20.401821+00:00
[2024-06-26T13:08:20.417+0000] {processor.py:175} INFO - Processing /home/airflow/.local/lib/python3.7/site-packages/airflow/example_dags/example_task_group.py took 0.068 seconds
[2024-06-26T13:08:51.292+0000] {processor.py:153} INFO - Started process (PID=980) to work on /home/airflow/.local/lib/python3.7/site-packages/airflow/example_dags/example_task_group.py
[2024-06-26T13:08:51.292+0000] {processor.py:743} INFO - Processing file /home/airflow/.local/lib/python3.7/site-packages/airflow/example_dags/example_task_group.py for tasks to queue
[2024-06-26T13:08:51.292+0000] {logging_mixin.py:137} INFO - [2024-06-26T13:08:51.292+0000] {dagbag.py:538} INFO - Filling up the DagBag from /home/airflow/.local/lib/python3.7/site-packages/airflow/example_dags/example_task_group.py
[2024-06-26T13:08:51.303+0000] {processor.py:753} INFO - DAG(s) dict_keys(['example_task_group']) retrieved from /home/airflow/.local/lib/python3.7/site-packages/airflow/example_dags/example_task_group.py
[2024-06-26T13:08:51.320+0000] {logging_mixin.py:137} INFO - [2024-06-26T13:08:51.320+0000] {dag.py:2690} INFO - Sync 1 DAGs
[2024-06-26T13:08:51.337+0000] {logging_mixin.py:137} INFO - [2024-06-26T13:08:51.337+0000] {dag.py:3441} INFO - Setting next_dagrun for example_task_group to 2024-06-25T13:08:51.337649+00:00, run_after=2024-06-26T13:08:51.337649+00:00
[2024-06-26T13:08:51.350+0000] {processor.py:175} INFO - Processing /home/airflow/.local/lib/python3.7/site-packages/airflow/example_dags/example_task_group.py took 0.061 seconds
[2024-06-26T13:09:22.133+0000] {processor.py:153} INFO - Started process (PID=1079) to work on /home/airflow/.local/lib/python3.7/site-packages/airflow/example_dags/example_task_group.py
[2024-06-26T13:09:22.133+0000] {processor.py:743} INFO - Processing file /home/airflow/.local/lib/python3.7/site-packages/airflow/example_dags/example_task_group.py for tasks to queue
[2024-06-26T13:09:22.134+0000] {logging_mixin.py:137} INFO - [2024-06-26T13:09:22.134+0000] {dagbag.py:538} INFO - Filling up the DagBag from /home/airflow/.local/lib/python3.7/site-packages/airflow/example_dags/example_task_group.py
[2024-06-26T13:09:22.146+0000] {processor.py:753} INFO - DAG(s) dict_keys(['example_task_group']) retrieved from /home/airflow/.local/lib/python3.7/site-packages/airflow/example_dags/example_task_group.py
[2024-06-26T13:09:22.163+0000] {logging_mixin.py:137} INFO - [2024-06-26T13:09:22.163+0000] {dag.py:2690} INFO - Sync 1 DAGs
[2024-06-26T13:09:22.191+0000] {logging_mixin.py:137} INFO - [2024-06-26T13:09:22.190+0000] {dag.py:3441} INFO - Setting next_dagrun for example_task_group to 2024-06-25T13:09:22.190673+00:00, run_after=2024-06-26T13:09:22.190673+00:00
[2024-06-26T13:09:22.210+0000] {processor.py:175} INFO - Processing /home/airflow/.local/lib/python3.7/site-packages/airflow/example_dags/example_task_group.py took 0.080 seconds
[2024-06-26T13:09:52.918+0000] {processor.py:153} INFO - Started process (PID=1158) to work on /home/airflow/.local/lib/python3.7/site-packages/airflow/example_dags/example_task_group.py
[2024-06-26T13:09:52.919+0000] {processor.py:743} INFO - Processing file /home/airflow/.local/lib/python3.7/site-packages/airflow/example_dags/example_task_group.py for tasks to queue
[2024-06-26T13:09:52.919+0000] {logging_mixin.py:137} INFO - [2024-06-26T13:09:52.919+0000] {dagbag.py:538} INFO - Filling up the DagBag from /home/airflow/.local/lib/python3.7/site-packages/airflow/example_dags/example_task_group.py
[2024-06-26T13:09:52.930+0000] {processor.py:753} INFO - DAG(s) dict_keys(['example_task_group']) retrieved from /home/airflow/.local/lib/python3.7/site-packages/airflow/example_dags/example_task_group.py
[2024-06-26T13:09:52.949+0000] {logging_mixin.py:137} INFO - [2024-06-26T13:09:52.949+0000] {dag.py:2690} INFO - Sync 1 DAGs
[2024-06-26T13:09:52.967+0000] {logging_mixin.py:137} INFO - [2024-06-26T13:09:52.967+0000] {dag.py:3441} INFO - Setting next_dagrun for example_task_group to 2024-06-25T13:09:52.966951+00:00, run_after=2024-06-26T13:09:52.966951+00:00
[2024-06-26T13:09:52.979+0000] {processor.py:175} INFO - Processing /home/airflow/.local/lib/python3.7/site-packages/airflow/example_dags/example_task_group.py took 0.063 seconds
[2024-06-26T13:10:23.762+0000] {processor.py:153} INFO - Started process (PID=1257) to work on /home/airflow/.local/lib/python3.7/site-packages/airflow/example_dags/example_task_group.py
[2024-06-26T13:10:23.762+0000] {processor.py:743} INFO - Processing file /home/airflow/.local/lib/python3.7/site-packages/airflow/example_dags/example_task_group.py for tasks to queue
[2024-06-26T13:10:23.762+0000] {logging_mixin.py:137} INFO - [2024-06-26T13:10:23.762+0000] {dagbag.py:538} INFO - Filling up the DagBag from /home/airflow/.local/lib/python3.7/site-packages/airflow/example_dags/example_task_group.py
[2024-06-26T13:10:23.772+0000] {processor.py:753} INFO - DAG(s) dict_keys(['example_task_group']) retrieved from /home/airflow/.local/lib/python3.7/site-packages/airflow/example_dags/example_task_group.py
[2024-06-26T13:10:23.788+0000] {logging_mixin.py:137} INFO - [2024-06-26T13:10:23.788+0000] {dag.py:2690} INFO - Sync 1 DAGs
[2024-06-26T13:10:23.805+0000] {logging_mixin.py:137} INFO - [2024-06-26T13:10:23.805+0000] {dag.py:3441} INFO - Setting next_dagrun for example_task_group to 2024-06-25T13:10:23.805304+00:00, run_after=2024-06-26T13:10:23.805304+00:00
[2024-06-26T13:10:23.818+0000] {processor.py:175} INFO - Processing /home/airflow/.local/lib/python3.7/site-packages/airflow/example_dags/example_task_group.py took 0.058 seconds
[2024-06-26T13:10:54.672+0000] {processor.py:153} INFO - Started process (PID=1356) to work on /home/airflow/.local/lib/python3.7/site-packages/airflow/example_dags/example_task_group.py
[2024-06-26T13:10:54.673+0000] {processor.py:743} INFO - Processing file /home/airflow/.local/lib/python3.7/site-packages/airflow/example_dags/example_task_group.py for tasks to queue
[2024-06-26T13:10:54.673+0000] {logging_mixin.py:137} INFO - [2024-06-26T13:10:54.673+0000] {dagbag.py:538} INFO - Filling up the DagBag from /home/airflow/.local/lib/python3.7/site-packages/airflow/example_dags/example_task_group.py
[2024-06-26T13:10:54.689+0000] {processor.py:753} INFO - DAG(s) dict_keys(['example_task_group']) retrieved from /home/airflow/.local/lib/python3.7/site-packages/airflow/example_dags/example_task_group.py
[2024-06-26T13:10:54.710+0000] {logging_mixin.py:137} INFO - [2024-06-26T13:10:54.709+0000] {dag.py:2690} INFO - Sync 1 DAGs
[2024-06-26T13:10:54.732+0000] {logging_mixin.py:137} INFO - [2024-06-26T13:10:54.732+0000] {dag.py:3441} INFO - Setting next_dagrun for example_task_group to 2024-06-25T13:10:54.732482+00:00, run_after=2024-06-26T13:10:54.732482+00:00
[2024-06-26T13:10:54.754+0000] {processor.py:175} INFO - Processing /home/airflow/.local/lib/python3.7/site-packages/airflow/example_dags/example_task_group.py took 0.084 seconds
[2024-06-26T13:11:25.443+0000] {processor.py:153} INFO - Started process (PID=1435) to work on /home/airflow/.local/lib/python3.7/site-packages/airflow/example_dags/example_task_group.py
[2024-06-26T13:11:25.443+0000] {processor.py:743} INFO - Processing file /home/airflow/.local/lib/python3.7/site-packages/airflow/example_dags/example_task_group.py for tasks to queue
[2024-06-26T13:11:25.444+0000] {logging_mixin.py:137} INFO - [2024-06-26T13:11:25.444+0000] {dagbag.py:538} INFO - Filling up the DagBag from /home/airflow/.local/lib/python3.7/site-packages/airflow/example_dags/example_task_group.py
[2024-06-26T13:11:25.454+0000] {processor.py:753} INFO - DAG(s) dict_keys(['example_task_group']) retrieved from /home/airflow/.local/lib/python3.7/site-packages/airflow/example_dags/example_task_group.py
[2024-06-26T13:11:25.469+0000] {logging_mixin.py:137} INFO - [2024-06-26T13:11:25.469+0000] {dag.py:2690} INFO - Sync 1 DAGs
[2024-06-26T13:11:25.487+0000] {logging_mixin.py:137} INFO - [2024-06-26T13:11:25.487+0000] {dag.py:3441} INFO - Setting next_dagrun for example_task_group to 2024-06-25T13:11:25.487310+00:00, run_after=2024-06-26T13:11:25.487310+00:00
[2024-06-26T13:11:25.500+0000] {processor.py:175} INFO - Processing /home/airflow/.local/lib/python3.7/site-packages/airflow/example_dags/example_task_group.py took 0.059 seconds
[2024-06-26T13:11:56.309+0000] {processor.py:153} INFO - Started process (PID=1534) to work on /home/airflow/.local/lib/python3.7/site-packages/airflow/example_dags/example_task_group.py
[2024-06-26T13:11:56.309+0000] {processor.py:743} INFO - Processing file /home/airflow/.local/lib/python3.7/site-packages/airflow/example_dags/example_task_group.py for tasks to queue
[2024-06-26T13:11:56.310+0000] {logging_mixin.py:137} INFO - [2024-06-26T13:11:56.310+0000] {dagbag.py:538} INFO - Filling up the DagBag from /home/airflow/.local/lib/python3.7/site-packages/airflow/example_dags/example_task_group.py
[2024-06-26T13:11:56.320+0000] {processor.py:753} INFO - DAG(s) dict_keys(['example_task_group']) retrieved from /home/airflow/.local/lib/python3.7/site-packages/airflow/example_dags/example_task_group.py
[2024-06-26T13:11:56.336+0000] {logging_mixin.py:137} INFO - [2024-06-26T13:11:56.336+0000] {dag.py:2690} INFO - Sync 1 DAGs
[2024-06-26T13:11:56.353+0000] {logging_mixin.py:137} INFO - [2024-06-26T13:11:56.353+0000] {dag.py:3441} INFO - Setting next_dagrun for example_task_group to 2024-06-25T13:11:56.353648+00:00, run_after=2024-06-26T13:11:56.353648+00:00
[2024-06-26T13:11:56.366+0000] {processor.py:175} INFO - Processing /home/airflow/.local/lib/python3.7/site-packages/airflow/example_dags/example_task_group.py took 0.059 seconds
[2024-06-26T13:12:27.104+0000] {processor.py:153} INFO - Started process (PID=1613) to work on /home/airflow/.local/lib/python3.7/site-packages/airflow/example_dags/example_task_group.py
[2024-06-26T13:12:27.104+0000] {processor.py:743} INFO - Processing file /home/airflow/.local/lib/python3.7/site-packages/airflow/example_dags/example_task_group.py for tasks to queue
[2024-06-26T13:12:27.105+0000] {logging_mixin.py:137} INFO - [2024-06-26T13:12:27.105+0000] {dagbag.py:538} INFO - Filling up the DagBag from /home/airflow/.local/lib/python3.7/site-packages/airflow/example_dags/example_task_group.py
[2024-06-26T13:12:27.115+0000] {processor.py:753} INFO - DAG(s) dict_keys(['example_task_group']) retrieved from /home/airflow/.local/lib/python3.7/site-packages/airflow/example_dags/example_task_group.py
[2024-06-26T13:12:27.132+0000] {logging_mixin.py:137} INFO - [2024-06-26T13:12:27.131+0000] {dag.py:2690} INFO - Sync 1 DAGs
[2024-06-26T13:12:27.149+0000] {logging_mixin.py:137} INFO - [2024-06-26T13:12:27.149+0000] {dag.py:3441} INFO - Setting next_dagrun for example_task_group to 2024-06-25T13:12:27.149366+00:00, run_after=2024-06-26T13:12:27.149366+00:00
[2024-06-26T13:12:27.162+0000] {processor.py:175} INFO - Processing /home/airflow/.local/lib/python3.7/site-packages/airflow/example_dags/example_task_group.py took 0.060 seconds
[2024-06-26T13:12:57.888+0000] {processor.py:153} INFO - Started process (PID=1712) to work on /home/airflow/.local/lib/python3.7/site-packages/airflow/example_dags/example_task_group.py
[2024-06-26T13:12:57.889+0000] {processor.py:743} INFO - Processing file /home/airflow/.local/lib/python3.7/site-packages/airflow/example_dags/example_task_group.py for tasks to queue
[2024-06-26T13:12:57.889+0000] {logging_mixin.py:137} INFO - [2024-06-26T13:12:57.889+0000] {dagbag.py:538} INFO - Filling up the DagBag from /home/airflow/.local/lib/python3.7/site-packages/airflow/example_dags/example_task_group.py
[2024-06-26T13:12:57.900+0000] {processor.py:753} INFO - DAG(s) dict_keys(['example_task_group']) retrieved from /home/airflow/.local/lib/python3.7/site-packages/airflow/example_dags/example_task_group.py
[2024-06-26T13:12:57.916+0000] {logging_mixin.py:137} INFO - [2024-06-26T13:12:57.915+0000] {dag.py:2690} INFO - Sync 1 DAGs
[2024-06-26T13:12:57.933+0000] {logging_mixin.py:137} INFO - [2024-06-26T13:12:57.932+0000] {dag.py:3441} INFO - Setting next_dagrun for example_task_group to 2024-06-25T13:12:57.932814+00:00, run_after=2024-06-26T13:12:57.932814+00:00
[2024-06-26T13:12:57.945+0000] {processor.py:175} INFO - Processing /home/airflow/.local/lib/python3.7/site-packages/airflow/example_dags/example_task_group.py took 0.059 seconds
[2024-06-26T13:13:28.857+0000] {processor.py:153} INFO - Started process (PID=1811) to work on /home/airflow/.local/lib/python3.7/site-packages/airflow/example_dags/example_task_group.py
[2024-06-26T13:13:28.858+0000] {processor.py:743} INFO - Processing file /home/airflow/.local/lib/python3.7/site-packages/airflow/example_dags/example_task_group.py for tasks to queue
[2024-06-26T13:13:28.858+0000] {logging_mixin.py:137} INFO - [2024-06-26T13:13:28.858+0000] {dagbag.py:538} INFO - Filling up the DagBag from /home/airflow/.local/lib/python3.7/site-packages/airflow/example_dags/example_task_group.py
[2024-06-26T13:13:28.868+0000] {processor.py:753} INFO - DAG(s) dict_keys(['example_task_group']) retrieved from /home/airflow/.local/lib/python3.7/site-packages/airflow/example_dags/example_task_group.py
[2024-06-26T13:13:28.883+0000] {logging_mixin.py:137} INFO - [2024-06-26T13:13:28.883+0000] {dag.py:2690} INFO - Sync 1 DAGs
[2024-06-26T13:13:28.902+0000] {logging_mixin.py:137} INFO - [2024-06-26T13:13:28.902+0000] {dag.py:3441} INFO - Setting next_dagrun for example_task_group to 2024-06-25T13:13:28.902567+00:00, run_after=2024-06-26T13:13:28.902567+00:00
[2024-06-26T13:13:28.916+0000] {processor.py:175} INFO - Processing /home/airflow/.local/lib/python3.7/site-packages/airflow/example_dags/example_task_group.py took 0.061 seconds
[2024-06-26T13:13:59.606+0000] {processor.py:153} INFO - Started process (PID=1890) to work on /home/airflow/.local/lib/python3.7/site-packages/airflow/example_dags/example_task_group.py
[2024-06-26T13:13:59.606+0000] {processor.py:743} INFO - Processing file /home/airflow/.local/lib/python3.7/site-packages/airflow/example_dags/example_task_group.py for tasks to queue
[2024-06-26T13:13:59.606+0000] {logging_mixin.py:137} INFO - [2024-06-26T13:13:59.606+0000] {dagbag.py:538} INFO - Filling up the DagBag from /home/airflow/.local/lib/python3.7/site-packages/airflow/example_dags/example_task_group.py
[2024-06-26T13:13:59.617+0000] {processor.py:753} INFO - DAG(s) dict_keys(['example_task_group']) retrieved from /home/airflow/.local/lib/python3.7/site-packages/airflow/example_dags/example_task_group.py
[2024-06-26T13:13:59.633+0000] {logging_mixin.py:137} INFO - [2024-06-26T13:13:59.633+0000] {dag.py:2690} INFO - Sync 1 DAGs
[2024-06-26T13:13:59.650+0000] {logging_mixin.py:137} INFO - [2024-06-26T13:13:59.650+0000] {dag.py:3441} INFO - Setting next_dagrun for example_task_group to 2024-06-25T13:13:59.650676+00:00, run_after=2024-06-26T13:13:59.650676+00:00
[2024-06-26T13:13:59.662+0000] {processor.py:175} INFO - Processing /home/airflow/.local/lib/python3.7/site-packages/airflow/example_dags/example_task_group.py took 0.059 seconds
[2024-06-26T13:14:30.340+0000] {processor.py:153} INFO - Started process (PID=1989) to work on /home/airflow/.local/lib/python3.7/site-packages/airflow/example_dags/example_task_group.py
[2024-06-26T13:14:30.341+0000] {processor.py:743} INFO - Processing file /home/airflow/.local/lib/python3.7/site-packages/airflow/example_dags/example_task_group.py for tasks to queue
[2024-06-26T13:14:30.341+0000] {logging_mixin.py:137} INFO - [2024-06-26T13:14:30.341+0000] {dagbag.py:538} INFO - Filling up the DagBag from /home/airflow/.local/lib/python3.7/site-packages/airflow/example_dags/example_task_group.py
[2024-06-26T13:14:30.352+0000] {processor.py:753} INFO - DAG(s) dict_keys(['example_task_group']) retrieved from /home/airflow/.local/lib/python3.7/site-packages/airflow/example_dags/example_task_group.py
[2024-06-26T13:14:30.367+0000] {logging_mixin.py:137} INFO - [2024-06-26T13:14:30.367+0000] {dag.py:2690} INFO - Sync 1 DAGs
[2024-06-26T13:14:30.384+0000] {logging_mixin.py:137} INFO - [2024-06-26T13:14:30.384+0000] {dag.py:3441} INFO - Setting next_dagrun for example_task_group to 2024-06-25T13:14:30.384397+00:00, run_after=2024-06-26T13:14:30.384397+00:00
[2024-06-26T13:14:30.396+0000] {processor.py:175} INFO - Processing /home/airflow/.local/lib/python3.7/site-packages/airflow/example_dags/example_task_group.py took 0.058 seconds
[2024-06-26T13:15:01.235+0000] {processor.py:153} INFO - Started process (PID=2088) to work on /home/airflow/.local/lib/python3.7/site-packages/airflow/example_dags/example_task_group.py
[2024-06-26T13:15:01.236+0000] {processor.py:743} INFO - Processing file /home/airflow/.local/lib/python3.7/site-packages/airflow/example_dags/example_task_group.py for tasks to queue
[2024-06-26T13:15:01.236+0000] {logging_mixin.py:137} INFO - [2024-06-26T13:15:01.236+0000] {dagbag.py:538} INFO - Filling up the DagBag from /home/airflow/.local/lib/python3.7/site-packages/airflow/example_dags/example_task_group.py
[2024-06-26T13:15:01.247+0000] {processor.py:753} INFO - DAG(s) dict_keys(['example_task_group']) retrieved from /home/airflow/.local/lib/python3.7/site-packages/airflow/example_dags/example_task_group.py
[2024-06-26T13:15:01.269+0000] {logging_mixin.py:137} INFO - [2024-06-26T13:15:01.269+0000] {dag.py:2690} INFO - Sync 1 DAGs
[2024-06-26T13:15:01.298+0000] {logging_mixin.py:137} INFO - [2024-06-26T13:15:01.298+0000] {dag.py:3441} INFO - Setting next_dagrun for example_task_group to 2024-06-25T13:15:01.297957+00:00, run_after=2024-06-26T13:15:01.297957+00:00
[2024-06-26T13:15:01.315+0000] {processor.py:175} INFO - Processing /home/airflow/.local/lib/python3.7/site-packages/airflow/example_dags/example_task_group.py took 0.082 seconds
[2024-06-26T13:15:32.082+0000] {processor.py:153} INFO - Started process (PID=2167) to work on /home/airflow/.local/lib/python3.7/site-packages/airflow/example_dags/example_task_group.py
[2024-06-26T13:15:32.082+0000] {processor.py:743} INFO - Processing file /home/airflow/.local/lib/python3.7/site-packages/airflow/example_dags/example_task_group.py for tasks to queue
[2024-06-26T13:15:32.083+0000] {logging_mixin.py:137} INFO - [2024-06-26T13:15:32.083+0000] {dagbag.py:538} INFO - Filling up the DagBag from /home/airflow/.local/lib/python3.7/site-packages/airflow/example_dags/example_task_group.py
[2024-06-26T13:15:32.093+0000] {processor.py:753} INFO - DAG(s) dict_keys(['example_task_group']) retrieved from /home/airflow/.local/lib/python3.7/site-packages/airflow/example_dags/example_task_group.py
[2024-06-26T13:15:32.109+0000] {logging_mixin.py:137} INFO - [2024-06-26T13:15:32.109+0000] {dag.py:2690} INFO - Sync 1 DAGs
[2024-06-26T13:15:32.126+0000] {logging_mixin.py:137} INFO - [2024-06-26T13:15:32.126+0000] {dag.py:3441} INFO - Setting next_dagrun for example_task_group to 2024-06-25T13:15:32.125874+00:00, run_after=2024-06-26T13:15:32.125874+00:00
[2024-06-26T13:15:32.137+0000] {processor.py:175} INFO - Processing /home/airflow/.local/lib/python3.7/site-packages/airflow/example_dags/example_task_group.py took 0.058 seconds
[2024-06-26T13:16:02.933+0000] {processor.py:153} INFO - Started process (PID=2266) to work on /home/airflow/.local/lib/python3.7/site-packages/airflow/example_dags/example_task_group.py
[2024-06-26T13:16:02.933+0000] {processor.py:743} INFO - Processing file /home/airflow/.local/lib/python3.7/site-packages/airflow/example_dags/example_task_group.py for tasks to queue
[2024-06-26T13:16:02.934+0000] {logging_mixin.py:137} INFO - [2024-06-26T13:16:02.934+0000] {dagbag.py:538} INFO - Filling up the DagBag from /home/airflow/.local/lib/python3.7/site-packages/airflow/example_dags/example_task_group.py
[2024-06-26T13:16:02.945+0000] {processor.py:753} INFO - DAG(s) dict_keys(['example_task_group']) retrieved from /home/airflow/.local/lib/python3.7/site-packages/airflow/example_dags/example_task_group.py
[2024-06-26T13:16:02.962+0000] {logging_mixin.py:137} INFO - [2024-06-26T13:16:02.962+0000] {dag.py:2690} INFO - Sync 1 DAGs
[2024-06-26T13:16:02.980+0000] {logging_mixin.py:137} INFO - [2024-06-26T13:16:02.980+0000] {dag.py:3441} INFO - Setting next_dagrun for example_task_group to 2024-06-25T13:16:02.980685+00:00, run_after=2024-06-26T13:16:02.980685+00:00
[2024-06-26T13:16:02.992+0000] {processor.py:175} INFO - Processing /home/airflow/.local/lib/python3.7/site-packages/airflow/example_dags/example_task_group.py took 0.062 seconds
[2024-06-26T13:16:33.750+0000] {processor.py:153} INFO - Started process (PID=2345) to work on /home/airflow/.local/lib/python3.7/site-packages/airflow/example_dags/example_task_group.py
[2024-06-26T13:16:33.751+0000] {processor.py:743} INFO - Processing file /home/airflow/.local/lib/python3.7/site-packages/airflow/example_dags/example_task_group.py for tasks to queue
[2024-06-26T13:16:33.751+0000] {logging_mixin.py:137} INFO - [2024-06-26T13:16:33.751+0000] {dagbag.py:538} INFO - Filling up the DagBag from /home/airflow/.local/lib/python3.7/site-packages/airflow/example_dags/example_task_group.py
[2024-06-26T13:16:33.762+0000] {processor.py:753} INFO - DAG(s) dict_keys(['example_task_group']) retrieved from /home/airflow/.local/lib/python3.7/site-packages/airflow/example_dags/example_task_group.py
[2024-06-26T13:16:33.778+0000] {logging_mixin.py:137} INFO - [2024-06-26T13:16:33.778+0000] {dag.py:2690} INFO - Sync 1 DAGs
[2024-06-26T13:16:33.796+0000] {logging_mixin.py:137} INFO - [2024-06-26T13:16:33.796+0000] {dag.py:3441} INFO - Setting next_dagrun for example_task_group to 2024-06-25T13:16:33.795934+00:00, run_after=2024-06-26T13:16:33.795934+00:00
[2024-06-26T13:16:33.809+0000] {processor.py:175} INFO - Processing /home/airflow/.local/lib/python3.7/site-packages/airflow/example_dags/example_task_group.py took 0.061 seconds
[2024-06-26T13:17:04.620+0000] {processor.py:153} INFO - Started process (PID=2444) to work on /home/airflow/.local/lib/python3.7/site-packages/airflow/example_dags/example_task_group.py
[2024-06-26T13:17:04.621+0000] {processor.py:743} INFO - Processing file /home/airflow/.local/lib/python3.7/site-packages/airflow/example_dags/example_task_group.py for tasks to queue
[2024-06-26T13:17:04.621+0000] {logging_mixin.py:137} INFO - [2024-06-26T13:17:04.621+0000] {dagbag.py:538} INFO - Filling up the DagBag from /home/airflow/.local/lib/python3.7/site-packages/airflow/example_dags/example_task_group.py
[2024-06-26T13:17:04.632+0000] {processor.py:753} INFO - DAG(s) dict_keys(['example_task_group']) retrieved from /home/airflow/.local/lib/python3.7/site-packages/airflow/example_dags/example_task_group.py
[2024-06-26T13:17:04.648+0000] {logging_mixin.py:137} INFO - [2024-06-26T13:17:04.648+0000] {dag.py:2690} INFO - Sync 1 DAGs
[2024-06-26T13:17:04.666+0000] {logging_mixin.py:137} INFO - [2024-06-26T13:17:04.666+0000] {dag.py:3441} INFO - Setting next_dagrun for example_task_group to 2024-06-25T13:17:04.666315+00:00, run_after=2024-06-26T13:17:04.666315+00:00
[2024-06-26T13:17:04.680+0000] {processor.py:175} INFO - Processing /home/airflow/.local/lib/python3.7/site-packages/airflow/example_dags/example_task_group.py took 0.062 seconds
[2024-06-26T13:17:34.691+0000] {processor.py:153} INFO - Started process (PID=2543) to work on /home/airflow/.local/lib/python3.7/site-packages/airflow/example_dags/example_task_group.py
[2024-06-26T13:17:34.692+0000] {processor.py:743} INFO - Processing file /home/airflow/.local/lib/python3.7/site-packages/airflow/example_dags/example_task_group.py for tasks to queue
[2024-06-26T13:17:34.692+0000] {logging_mixin.py:137} INFO - [2024-06-26T13:17:34.692+0000] {dagbag.py:538} INFO - Filling up the DagBag from /home/airflow/.local/lib/python3.7/site-packages/airflow/example_dags/example_task_group.py
[2024-06-26T13:17:34.702+0000] {processor.py:753} INFO - DAG(s) dict_keys(['example_task_group']) retrieved from /home/airflow/.local/lib/python3.7/site-packages/airflow/example_dags/example_task_group.py
[2024-06-26T13:17:34.719+0000] {logging_mixin.py:137} INFO - [2024-06-26T13:17:34.719+0000] {dag.py:2690} INFO - Sync 1 DAGs
[2024-06-26T13:17:34.736+0000] {logging_mixin.py:137} INFO - [2024-06-26T13:17:34.736+0000] {dag.py:3441} INFO - Setting next_dagrun for example_task_group to 2024-06-25T13:17:34.736161+00:00, run_after=2024-06-26T13:17:34.736161+00:00
[2024-06-26T13:17:34.749+0000] {processor.py:175} INFO - Processing /home/airflow/.local/lib/python3.7/site-packages/airflow/example_dags/example_task_group.py took 0.059 seconds
[2024-06-26T13:18:05.431+0000] {processor.py:153} INFO - Started process (PID=2622) to work on /home/airflow/.local/lib/python3.7/site-packages/airflow/example_dags/example_task_group.py
[2024-06-26T13:18:05.431+0000] {processor.py:743} INFO - Processing file /home/airflow/.local/lib/python3.7/site-packages/airflow/example_dags/example_task_group.py for tasks to queue
[2024-06-26T13:18:05.431+0000] {logging_mixin.py:137} INFO - [2024-06-26T13:18:05.431+0000] {dagbag.py:538} INFO - Filling up the DagBag from /home/airflow/.local/lib/python3.7/site-packages/airflow/example_dags/example_task_group.py
[2024-06-26T13:18:05.441+0000] {processor.py:753} INFO - DAG(s) dict_keys(['example_task_group']) retrieved from /home/airflow/.local/lib/python3.7/site-packages/airflow/example_dags/example_task_group.py
[2024-06-26T13:18:05.457+0000] {logging_mixin.py:137} INFO - [2024-06-26T13:18:05.457+0000] {dag.py:2690} INFO - Sync 1 DAGs
[2024-06-26T13:18:05.475+0000] {logging_mixin.py:137} INFO - [2024-06-26T13:18:05.475+0000] {dag.py:3441} INFO - Setting next_dagrun for example_task_group to 2024-06-25T13:18:05.475132+00:00, run_after=2024-06-26T13:18:05.475132+00:00
[2024-06-26T13:18:05.488+0000] {processor.py:175} INFO - Processing /home/airflow/.local/lib/python3.7/site-packages/airflow/example_dags/example_task_group.py took 0.060 seconds
[2024-06-26T13:18:36.234+0000] {processor.py:153} INFO - Started process (PID=2721) to work on /home/airflow/.local/lib/python3.7/site-packages/airflow/example_dags/example_task_group.py
[2024-06-26T13:18:36.234+0000] {processor.py:743} INFO - Processing file /home/airflow/.local/lib/python3.7/site-packages/airflow/example_dags/example_task_group.py for tasks to queue
[2024-06-26T13:18:36.234+0000] {logging_mixin.py:137} INFO - [2024-06-26T13:18:36.234+0000] {dagbag.py:538} INFO - Filling up the DagBag from /home/airflow/.local/lib/python3.7/site-packages/airflow/example_dags/example_task_group.py
[2024-06-26T13:18:36.246+0000] {processor.py:753} INFO - DAG(s) dict_keys(['example_task_group']) retrieved from /home/airflow/.local/lib/python3.7/site-packages/airflow/example_dags/example_task_group.py
[2024-06-26T13:18:36.262+0000] {logging_mixin.py:137} INFO - [2024-06-26T13:18:36.262+0000] {dag.py:2690} INFO - Sync 1 DAGs
[2024-06-26T13:18:36.280+0000] {logging_mixin.py:137} INFO - [2024-06-26T13:18:36.280+0000] {dag.py:3441} INFO - Setting next_dagrun for example_task_group to 2024-06-25T13:18:36.280031+00:00, run_after=2024-06-26T13:18:36.280031+00:00
[2024-06-26T13:18:36.294+0000] {processor.py:175} INFO - Processing /home/airflow/.local/lib/python3.7/site-packages/airflow/example_dags/example_task_group.py took 0.062 seconds
[2024-06-26T13:19:07.166+0000] {processor.py:153} INFO - Started process (PID=2809) to work on /home/airflow/.local/lib/python3.7/site-packages/airflow/example_dags/example_task_group.py
[2024-06-26T13:19:07.166+0000] {processor.py:743} INFO - Processing file /home/airflow/.local/lib/python3.7/site-packages/airflow/example_dags/example_task_group.py for tasks to queue
[2024-06-26T13:19:07.167+0000] {logging_mixin.py:137} INFO - [2024-06-26T13:19:07.166+0000] {dagbag.py:538} INFO - Filling up the DagBag from /home/airflow/.local/lib/python3.7/site-packages/airflow/example_dags/example_task_group.py
[2024-06-26T13:19:07.177+0000] {processor.py:753} INFO - DAG(s) dict_keys(['example_task_group']) retrieved from /home/airflow/.local/lib/python3.7/site-packages/airflow/example_dags/example_task_group.py
[2024-06-26T13:19:07.194+0000] {logging_mixin.py:137} INFO - [2024-06-26T13:19:07.194+0000] {dag.py:2690} INFO - Sync 1 DAGs
[2024-06-26T13:19:07.213+0000] {logging_mixin.py:137} INFO - [2024-06-26T13:19:07.213+0000] {dag.py:3441} INFO - Setting next_dagrun for example_task_group to 2024-06-25T13:19:07.213108+00:00, run_after=2024-06-26T13:19:07.213108+00:00
[2024-06-26T13:19:07.226+0000] {processor.py:175} INFO - Processing /home/airflow/.local/lib/python3.7/site-packages/airflow/example_dags/example_task_group.py took 0.063 seconds
[2024-06-26T13:19:37.896+0000] {processor.py:153} INFO - Started process (PID=2899) to work on /home/airflow/.local/lib/python3.7/site-packages/airflow/example_dags/example_task_group.py
[2024-06-26T13:19:37.896+0000] {processor.py:743} INFO - Processing file /home/airflow/.local/lib/python3.7/site-packages/airflow/example_dags/example_task_group.py for tasks to queue
[2024-06-26T13:19:37.897+0000] {logging_mixin.py:137} INFO - [2024-06-26T13:19:37.897+0000] {dagbag.py:538} INFO - Filling up the DagBag from /home/airflow/.local/lib/python3.7/site-packages/airflow/example_dags/example_task_group.py
[2024-06-26T13:19:37.907+0000] {processor.py:753} INFO - DAG(s) dict_keys(['example_task_group']) retrieved from /home/airflow/.local/lib/python3.7/site-packages/airflow/example_dags/example_task_group.py
[2024-06-26T13:19:37.923+0000] {logging_mixin.py:137} INFO - [2024-06-26T13:19:37.923+0000] {dag.py:2690} INFO - Sync 1 DAGs
[2024-06-26T13:19:37.941+0000] {logging_mixin.py:137} INFO - [2024-06-26T13:19:37.941+0000] {dag.py:3441} INFO - Setting next_dagrun for example_task_group to 2024-06-25T13:19:37.940908+00:00, run_after=2024-06-26T13:19:37.940908+00:00
[2024-06-26T13:19:37.953+0000] {processor.py:175} INFO - Processing /home/airflow/.local/lib/python3.7/site-packages/airflow/example_dags/example_task_group.py took 0.059 seconds
[2024-06-26T13:20:08.718+0000] {processor.py:153} INFO - Started process (PID=2998) to work on /home/airflow/.local/lib/python3.7/site-packages/airflow/example_dags/example_task_group.py
[2024-06-26T13:20:08.719+0000] {processor.py:743} INFO - Processing file /home/airflow/.local/lib/python3.7/site-packages/airflow/example_dags/example_task_group.py for tasks to queue
[2024-06-26T13:20:08.719+0000] {logging_mixin.py:137} INFO - [2024-06-26T13:20:08.719+0000] {dagbag.py:538} INFO - Filling up the DagBag from /home/airflow/.local/lib/python3.7/site-packages/airflow/example_dags/example_task_group.py
[2024-06-26T13:20:08.729+0000] {processor.py:753} INFO - DAG(s) dict_keys(['example_task_group']) retrieved from /home/airflow/.local/lib/python3.7/site-packages/airflow/example_dags/example_task_group.py
[2024-06-26T13:20:08.746+0000] {logging_mixin.py:137} INFO - [2024-06-26T13:20:08.746+0000] {dag.py:2690} INFO - Sync 1 DAGs
[2024-06-26T13:20:08.766+0000] {logging_mixin.py:137} INFO - [2024-06-26T13:20:08.765+0000] {dag.py:3441} INFO - Setting next_dagrun for example_task_group to 2024-06-25T13:20:08.765810+00:00, run_after=2024-06-26T13:20:08.765810+00:00
[2024-06-26T13:20:08.779+0000] {processor.py:175} INFO - Processing /home/airflow/.local/lib/python3.7/site-packages/airflow/example_dags/example_task_group.py took 0.063 seconds
[2024-06-26T13:20:39.542+0000] {processor.py:153} INFO - Started process (PID=3077) to work on /home/airflow/.local/lib/python3.7/site-packages/airflow/example_dags/example_task_group.py
[2024-06-26T13:20:39.543+0000] {processor.py:743} INFO - Processing file /home/airflow/.local/lib/python3.7/site-packages/airflow/example_dags/example_task_group.py for tasks to queue
[2024-06-26T13:20:39.543+0000] {logging_mixin.py:137} INFO - [2024-06-26T13:20:39.543+0000] {dagbag.py:538} INFO - Filling up the DagBag from /home/airflow/.local/lib/python3.7/site-packages/airflow/example_dags/example_task_group.py
[2024-06-26T13:20:39.553+0000] {processor.py:753} INFO - DAG(s) dict_keys(['example_task_group']) retrieved from /home/airflow/.local/lib/python3.7/site-packages/airflow/example_dags/example_task_group.py
[2024-06-26T13:20:39.569+0000] {logging_mixin.py:137} INFO - [2024-06-26T13:20:39.569+0000] {dag.py:2690} INFO - Sync 1 DAGs
[2024-06-26T13:20:39.587+0000] {logging_mixin.py:137} INFO - [2024-06-26T13:20:39.587+0000] {dag.py:3441} INFO - Setting next_dagrun for example_task_group to 2024-06-25T13:20:39.587576+00:00, run_after=2024-06-26T13:20:39.587576+00:00
[2024-06-26T13:20:39.600+0000] {processor.py:175} INFO - Processing /home/airflow/.local/lib/python3.7/site-packages/airflow/example_dags/example_task_group.py took 0.060 seconds
[2024-06-26T13:21:10.327+0000] {processor.py:153} INFO - Started process (PID=3176) to work on /home/airflow/.local/lib/python3.7/site-packages/airflow/example_dags/example_task_group.py
[2024-06-26T13:21:10.328+0000] {processor.py:743} INFO - Processing file /home/airflow/.local/lib/python3.7/site-packages/airflow/example_dags/example_task_group.py for tasks to queue
[2024-06-26T13:21:10.328+0000] {logging_mixin.py:137} INFO - [2024-06-26T13:21:10.328+0000] {dagbag.py:538} INFO - Filling up the DagBag from /home/airflow/.local/lib/python3.7/site-packages/airflow/example_dags/example_task_group.py
[2024-06-26T13:21:10.338+0000] {processor.py:753} INFO - DAG(s) dict_keys(['example_task_group']) retrieved from /home/airflow/.local/lib/python3.7/site-packages/airflow/example_dags/example_task_group.py
[2024-06-26T13:21:10.355+0000] {logging_mixin.py:137} INFO - [2024-06-26T13:21:10.355+0000] {dag.py:2690} INFO - Sync 1 DAGs
[2024-06-26T13:21:10.373+0000] {logging_mixin.py:137} INFO - [2024-06-26T13:21:10.373+0000] {dag.py:3441} INFO - Setting next_dagrun for example_task_group to 2024-06-25T13:21:10.372966+00:00, run_after=2024-06-26T13:21:10.372966+00:00
[2024-06-26T13:21:10.386+0000] {processor.py:175} INFO - Processing /home/airflow/.local/lib/python3.7/site-packages/airflow/example_dags/example_task_group.py took 0.061 seconds
[2024-06-26T13:21:41.362+0000] {processor.py:153} INFO - Started process (PID=3275) to work on /home/airflow/.local/lib/python3.7/site-packages/airflow/example_dags/example_task_group.py
[2024-06-26T13:21:41.363+0000] {processor.py:743} INFO - Processing file /home/airflow/.local/lib/python3.7/site-packages/airflow/example_dags/example_task_group.py for tasks to queue
[2024-06-26T13:21:41.364+0000] {logging_mixin.py:137} INFO - [2024-06-26T13:21:41.363+0000] {dagbag.py:538} INFO - Filling up the DagBag from /home/airflow/.local/lib/python3.7/site-packages/airflow/example_dags/example_task_group.py
[2024-06-26T13:21:41.377+0000] {processor.py:753} INFO - DAG(s) dict_keys(['example_task_group']) retrieved from /home/airflow/.local/lib/python3.7/site-packages/airflow/example_dags/example_task_group.py
[2024-06-26T13:21:41.396+0000] {logging_mixin.py:137} INFO - [2024-06-26T13:21:41.396+0000] {dag.py:2690} INFO - Sync 1 DAGs
[2024-06-26T13:21:41.417+0000] {logging_mixin.py:137} INFO - [2024-06-26T13:21:41.417+0000] {dag.py:3441} INFO - Setting next_dagrun for example_task_group to 2024-06-25T13:21:41.417007+00:00, run_after=2024-06-26T13:21:41.417007+00:00
[2024-06-26T13:21:41.431+0000] {processor.py:175} INFO - Processing /home/airflow/.local/lib/python3.7/site-packages/airflow/example_dags/example_task_group.py took 0.070 seconds
[2024-06-26T13:22:12.211+0000] {processor.py:153} INFO - Started process (PID=3354) to work on /home/airflow/.local/lib/python3.7/site-packages/airflow/example_dags/example_task_group.py
[2024-06-26T13:22:12.212+0000] {processor.py:743} INFO - Processing file /home/airflow/.local/lib/python3.7/site-packages/airflow/example_dags/example_task_group.py for tasks to queue
[2024-06-26T13:22:12.212+0000] {logging_mixin.py:137} INFO - [2024-06-26T13:22:12.212+0000] {dagbag.py:538} INFO - Filling up the DagBag from /home/airflow/.local/lib/python3.7/site-packages/airflow/example_dags/example_task_group.py
[2024-06-26T13:22:12.222+0000] {processor.py:753} INFO - DAG(s) dict_keys(['example_task_group']) retrieved from /home/airflow/.local/lib/python3.7/site-packages/airflow/example_dags/example_task_group.py
[2024-06-26T13:22:12.238+0000] {logging_mixin.py:137} INFO - [2024-06-26T13:22:12.238+0000] {dag.py:2690} INFO - Sync 1 DAGs
[2024-06-26T13:22:12.255+0000] {logging_mixin.py:137} INFO - [2024-06-26T13:22:12.255+0000] {dag.py:3441} INFO - Setting next_dagrun for example_task_group to 2024-06-25T13:22:12.255131+00:00, run_after=2024-06-26T13:22:12.255131+00:00
[2024-06-26T13:22:12.269+0000] {processor.py:175} INFO - Processing /home/airflow/.local/lib/python3.7/site-packages/airflow/example_dags/example_task_group.py took 0.060 seconds
[2024-06-26T13:22:43.038+0000] {processor.py:153} INFO - Started process (PID=3453) to work on /home/airflow/.local/lib/python3.7/site-packages/airflow/example_dags/example_task_group.py
[2024-06-26T13:22:43.039+0000] {processor.py:743} INFO - Processing file /home/airflow/.local/lib/python3.7/site-packages/airflow/example_dags/example_task_group.py for tasks to queue
[2024-06-26T13:22:43.039+0000] {logging_mixin.py:137} INFO - [2024-06-26T13:22:43.039+0000] {dagbag.py:538} INFO - Filling up the DagBag from /home/airflow/.local/lib/python3.7/site-packages/airflow/example_dags/example_task_group.py
[2024-06-26T13:22:43.052+0000] {processor.py:753} INFO - DAG(s) dict_keys(['example_task_group']) retrieved from /home/airflow/.local/lib/python3.7/site-packages/airflow/example_dags/example_task_group.py
[2024-06-26T13:22:43.075+0000] {logging_mixin.py:137} INFO - [2024-06-26T13:22:43.075+0000] {dag.py:2690} INFO - Sync 1 DAGs
[2024-06-26T13:22:43.098+0000] {logging_mixin.py:137} INFO - [2024-06-26T13:22:43.098+0000] {dag.py:3441} INFO - Setting next_dagrun for example_task_group to 2024-06-25T13:22:43.098151+00:00, run_after=2024-06-26T13:22:43.098151+00:00
[2024-06-26T13:22:43.113+0000] {processor.py:175} INFO - Processing /home/airflow/.local/lib/python3.7/site-packages/airflow/example_dags/example_task_group.py took 0.076 seconds
[2024-06-26T13:23:13.852+0000] {processor.py:153} INFO - Started process (PID=3532) to work on /home/airflow/.local/lib/python3.7/site-packages/airflow/example_dags/example_task_group.py
[2024-06-26T13:23:13.853+0000] {processor.py:743} INFO - Processing file /home/airflow/.local/lib/python3.7/site-packages/airflow/example_dags/example_task_group.py for tasks to queue
[2024-06-26T13:23:13.853+0000] {logging_mixin.py:137} INFO - [2024-06-26T13:23:13.853+0000] {dagbag.py:538} INFO - Filling up the DagBag from /home/airflow/.local/lib/python3.7/site-packages/airflow/example_dags/example_task_group.py
[2024-06-26T13:23:13.863+0000] {processor.py:753} INFO - DAG(s) dict_keys(['example_task_group']) retrieved from /home/airflow/.local/lib/python3.7/site-packages/airflow/example_dags/example_task_group.py
[2024-06-26T13:23:13.880+0000] {logging_mixin.py:137} INFO - [2024-06-26T13:23:13.880+0000] {dag.py:2690} INFO - Sync 1 DAGs
[2024-06-26T13:23:13.897+0000] {logging_mixin.py:137} INFO - [2024-06-26T13:23:13.897+0000] {dag.py:3441} INFO - Setting next_dagrun for example_task_group to 2024-06-25T13:23:13.897544+00:00, run_after=2024-06-26T13:23:13.897544+00:00
[2024-06-26T13:23:13.910+0000] {processor.py:175} INFO - Processing /home/airflow/.local/lib/python3.7/site-packages/airflow/example_dags/example_task_group.py took 0.060 seconds
[2024-06-26T13:23:44.680+0000] {processor.py:153} INFO - Started process (PID=3631) to work on /home/airflow/.local/lib/python3.7/site-packages/airflow/example_dags/example_task_group.py
[2024-06-26T13:23:44.680+0000] {processor.py:743} INFO - Processing file /home/airflow/.local/lib/python3.7/site-packages/airflow/example_dags/example_task_group.py for tasks to queue
[2024-06-26T13:23:44.680+0000] {logging_mixin.py:137} INFO - [2024-06-26T13:23:44.680+0000] {dagbag.py:538} INFO - Filling up the DagBag from /home/airflow/.local/lib/python3.7/site-packages/airflow/example_dags/example_task_group.py
[2024-06-26T13:23:44.691+0000] {processor.py:753} INFO - DAG(s) dict_keys(['example_task_group']) retrieved from /home/airflow/.local/lib/python3.7/site-packages/airflow/example_dags/example_task_group.py
[2024-06-26T13:23:44.708+0000] {logging_mixin.py:137} INFO - [2024-06-26T13:23:44.707+0000] {dag.py:2690} INFO - Sync 1 DAGs
[2024-06-26T13:23:44.725+0000] {logging_mixin.py:137} INFO - [2024-06-26T13:23:44.725+0000] {dag.py:3441} INFO - Setting next_dagrun for example_task_group to 2024-06-25T13:23:44.725640+00:00, run_after=2024-06-26T13:23:44.725640+00:00
[2024-06-26T13:23:44.737+0000] {processor.py:175} INFO - Processing /home/airflow/.local/lib/python3.7/site-packages/airflow/example_dags/example_task_group.py took 0.059 seconds
[2024-06-26T13:24:15.635+0000] {processor.py:153} INFO - Started process (PID=3730) to work on /home/airflow/.local/lib/python3.7/site-packages/airflow/example_dags/example_task_group.py
[2024-06-26T13:24:15.636+0000] {processor.py:743} INFO - Processing file /home/airflow/.local/lib/python3.7/site-packages/airflow/example_dags/example_task_group.py for tasks to queue
[2024-06-26T13:24:15.636+0000] {logging_mixin.py:137} INFO - [2024-06-26T13:24:15.636+0000] {dagbag.py:538} INFO - Filling up the DagBag from /home/airflow/.local/lib/python3.7/site-packages/airflow/example_dags/example_task_group.py
[2024-06-26T13:24:15.647+0000] {processor.py:753} INFO - DAG(s) dict_keys(['example_task_group']) retrieved from /home/airflow/.local/lib/python3.7/site-packages/airflow/example_dags/example_task_group.py
[2024-06-26T13:24:15.663+0000] {logging_mixin.py:137} INFO - [2024-06-26T13:24:15.662+0000] {dag.py:2690} INFO - Sync 1 DAGs
[2024-06-26T13:24:15.680+0000] {logging_mixin.py:137} INFO - [2024-06-26T13:24:15.680+0000] {dag.py:3441} INFO - Setting next_dagrun for example_task_group to 2024-06-25T13:24:15.680276+00:00, run_after=2024-06-26T13:24:15.680276+00:00
[2024-06-26T13:24:15.693+0000] {processor.py:175} INFO - Processing /home/airflow/.local/lib/python3.7/site-packages/airflow/example_dags/example_task_group.py took 0.060 seconds
[2024-06-26T13:24:46.373+0000] {processor.py:153} INFO - Started process (PID=3809) to work on /home/airflow/.local/lib/python3.7/site-packages/airflow/example_dags/example_task_group.py
[2024-06-26T13:24:46.373+0000] {processor.py:743} INFO - Processing file /home/airflow/.local/lib/python3.7/site-packages/airflow/example_dags/example_task_group.py for tasks to queue
[2024-06-26T13:24:46.374+0000] {logging_mixin.py:137} INFO - [2024-06-26T13:24:46.374+0000] {dagbag.py:538} INFO - Filling up the DagBag from /home/airflow/.local/lib/python3.7/site-packages/airflow/example_dags/example_task_group.py
[2024-06-26T13:24:46.384+0000] {processor.py:753} INFO - DAG(s) dict_keys(['example_task_group']) retrieved from /home/airflow/.local/lib/python3.7/site-packages/airflow/example_dags/example_task_group.py
[2024-06-26T13:24:46.401+0000] {logging_mixin.py:137} INFO - [2024-06-26T13:24:46.401+0000] {dag.py:2690} INFO - Sync 1 DAGs
[2024-06-26T13:24:46.419+0000] {logging_mixin.py:137} INFO - [2024-06-26T13:24:46.419+0000] {dag.py:3441} INFO - Setting next_dagrun for example_task_group to 2024-06-25T13:24:46.419371+00:00, run_after=2024-06-26T13:24:46.419371+00:00
[2024-06-26T13:24:46.431+0000] {processor.py:175} INFO - Processing /home/airflow/.local/lib/python3.7/site-packages/airflow/example_dags/example_task_group.py took 0.060 seconds
[2024-06-26T13:25:17.160+0000] {processor.py:153} INFO - Started process (PID=3908) to work on /home/airflow/.local/lib/python3.7/site-packages/airflow/example_dags/example_task_group.py
[2024-06-26T13:25:17.161+0000] {processor.py:743} INFO - Processing file /home/airflow/.local/lib/python3.7/site-packages/airflow/example_dags/example_task_group.py for tasks to queue
[2024-06-26T13:25:17.161+0000] {logging_mixin.py:137} INFO - [2024-06-26T13:25:17.161+0000] {dagbag.py:538} INFO - Filling up the DagBag from /home/airflow/.local/lib/python3.7/site-packages/airflow/example_dags/example_task_group.py
[2024-06-26T13:25:17.171+0000] {processor.py:753} INFO - DAG(s) dict_keys(['example_task_group']) retrieved from /home/airflow/.local/lib/python3.7/site-packages/airflow/example_dags/example_task_group.py
[2024-06-26T13:25:17.189+0000] {logging_mixin.py:137} INFO - [2024-06-26T13:25:17.189+0000] {dag.py:2690} INFO - Sync 1 DAGs
[2024-06-26T13:25:17.207+0000] {logging_mixin.py:137} INFO - [2024-06-26T13:25:17.206+0000] {dag.py:3441} INFO - Setting next_dagrun for example_task_group to 2024-06-25T13:25:17.206805+00:00, run_after=2024-06-26T13:25:17.206805+00:00
[2024-06-26T13:25:17.219+0000] {processor.py:175} INFO - Processing /home/airflow/.local/lib/python3.7/site-packages/airflow/example_dags/example_task_group.py took 0.061 seconds
[2024-06-26T13:25:47.989+0000] {processor.py:153} INFO - Started process (PID=4007) to work on /home/airflow/.local/lib/python3.7/site-packages/airflow/example_dags/example_task_group.py
[2024-06-26T13:25:47.990+0000] {processor.py:743} INFO - Processing file /home/airflow/.local/lib/python3.7/site-packages/airflow/example_dags/example_task_group.py for tasks to queue
[2024-06-26T13:25:47.990+0000] {logging_mixin.py:137} INFO - [2024-06-26T13:25:47.990+0000] {dagbag.py:538} INFO - Filling up the DagBag from /home/airflow/.local/lib/python3.7/site-packages/airflow/example_dags/example_task_group.py
[2024-06-26T13:25:48.002+0000] {processor.py:753} INFO - DAG(s) dict_keys(['example_task_group']) retrieved from /home/airflow/.local/lib/python3.7/site-packages/airflow/example_dags/example_task_group.py
[2024-06-26T13:25:48.018+0000] {logging_mixin.py:137} INFO - [2024-06-26T13:25:48.018+0000] {dag.py:2690} INFO - Sync 1 DAGs
[2024-06-26T13:25:48.037+0000] {logging_mixin.py:137} INFO - [2024-06-26T13:25:48.037+0000] {dag.py:3441} INFO - Setting next_dagrun for example_task_group to 2024-06-25T13:25:48.037096+00:00, run_after=2024-06-26T13:25:48.037096+00:00
[2024-06-26T13:25:48.051+0000] {processor.py:175} INFO - Processing /home/airflow/.local/lib/python3.7/site-packages/airflow/example_dags/example_task_group.py took 0.063 seconds
[2024-06-26T13:26:18.942+0000] {processor.py:153} INFO - Started process (PID=4086) to work on /home/airflow/.local/lib/python3.7/site-packages/airflow/example_dags/example_task_group.py
[2024-06-26T13:26:18.943+0000] {processor.py:743} INFO - Processing file /home/airflow/.local/lib/python3.7/site-packages/airflow/example_dags/example_task_group.py for tasks to queue
[2024-06-26T13:26:18.943+0000] {logging_mixin.py:137} INFO - [2024-06-26T13:26:18.943+0000] {dagbag.py:538} INFO - Filling up the DagBag from /home/airflow/.local/lib/python3.7/site-packages/airflow/example_dags/example_task_group.py
[2024-06-26T13:26:18.954+0000] {processor.py:753} INFO - DAG(s) dict_keys(['example_task_group']) retrieved from /home/airflow/.local/lib/python3.7/site-packages/airflow/example_dags/example_task_group.py
[2024-06-26T13:26:18.974+0000] {logging_mixin.py:137} INFO - [2024-06-26T13:26:18.974+0000] {dag.py:2690} INFO - Sync 1 DAGs
[2024-06-26T13:26:18.996+0000] {logging_mixin.py:137} INFO - [2024-06-26T13:26:18.996+0000] {dag.py:3441} INFO - Setting next_dagrun for example_task_group to 2024-06-25T13:26:18.996048+00:00, run_after=2024-06-26T13:26:18.996048+00:00
[2024-06-26T13:26:19.012+0000] {processor.py:175} INFO - Processing /home/airflow/.local/lib/python3.7/site-packages/airflow/example_dags/example_task_group.py took 0.072 seconds
[2024-06-26T13:26:49.970+0000] {processor.py:153} INFO - Started process (PID=4185) to work on /home/airflow/.local/lib/python3.7/site-packages/airflow/example_dags/example_task_group.py
[2024-06-26T13:26:49.970+0000] {processor.py:743} INFO - Processing file /home/airflow/.local/lib/python3.7/site-packages/airflow/example_dags/example_task_group.py for tasks to queue
[2024-06-26T13:26:49.971+0000] {logging_mixin.py:137} INFO - [2024-06-26T13:26:49.971+0000] {dagbag.py:538} INFO - Filling up the DagBag from /home/airflow/.local/lib/python3.7/site-packages/airflow/example_dags/example_task_group.py
[2024-06-26T13:26:49.986+0000] {processor.py:753} INFO - DAG(s) dict_keys(['example_task_group']) retrieved from /home/airflow/.local/lib/python3.7/site-packages/airflow/example_dags/example_task_group.py
[2024-06-26T13:26:50.005+0000] {logging_mixin.py:137} INFO - [2024-06-26T13:26:50.005+0000] {dag.py:2690} INFO - Sync 1 DAGs
[2024-06-26T13:26:50.027+0000] {logging_mixin.py:137} INFO - [2024-06-26T13:26:50.027+0000] {dag.py:3441} INFO - Setting next_dagrun for example_task_group to 2024-06-25T13:26:50.027011+00:00, run_after=2024-06-26T13:26:50.027011+00:00
[2024-06-26T13:26:50.047+0000] {processor.py:175} INFO - Processing /home/airflow/.local/lib/python3.7/site-packages/airflow/example_dags/example_task_group.py took 0.080 seconds
[2024-06-26T13:27:20.186+0000] {processor.py:153} INFO - Started process (PID=4264) to work on /home/airflow/.local/lib/python3.7/site-packages/airflow/example_dags/example_task_group.py
[2024-06-26T13:27:20.186+0000] {processor.py:743} INFO - Processing file /home/airflow/.local/lib/python3.7/site-packages/airflow/example_dags/example_task_group.py for tasks to queue
[2024-06-26T13:27:20.187+0000] {logging_mixin.py:137} INFO - [2024-06-26T13:27:20.186+0000] {dagbag.py:538} INFO - Filling up the DagBag from /home/airflow/.local/lib/python3.7/site-packages/airflow/example_dags/example_task_group.py
[2024-06-26T13:27:20.198+0000] {processor.py:753} INFO - DAG(s) dict_keys(['example_task_group']) retrieved from /home/airflow/.local/lib/python3.7/site-packages/airflow/example_dags/example_task_group.py
[2024-06-26T13:27:20.218+0000] {logging_mixin.py:137} INFO - [2024-06-26T13:27:20.217+0000] {dag.py:2690} INFO - Sync 1 DAGs
[2024-06-26T13:27:20.237+0000] {logging_mixin.py:137} INFO - [2024-06-26T13:27:20.237+0000] {dag.py:3441} INFO - Setting next_dagrun for example_task_group to 2024-06-25T13:27:20.237268+00:00, run_after=2024-06-26T13:27:20.237268+00:00
[2024-06-26T13:27:20.253+0000] {processor.py:175} INFO - Processing /home/airflow/.local/lib/python3.7/site-packages/airflow/example_dags/example_task_group.py took 0.069 seconds
[2024-06-26T13:27:50.415+0000] {processor.py:153} INFO - Started process (PID=4363) to work on /home/airflow/.local/lib/python3.7/site-packages/airflow/example_dags/example_task_group.py
[2024-06-26T13:27:50.415+0000] {processor.py:743} INFO - Processing file /home/airflow/.local/lib/python3.7/site-packages/airflow/example_dags/example_task_group.py for tasks to queue
[2024-06-26T13:27:50.416+0000] {logging_mixin.py:137} INFO - [2024-06-26T13:27:50.416+0000] {dagbag.py:538} INFO - Filling up the DagBag from /home/airflow/.local/lib/python3.7/site-packages/airflow/example_dags/example_task_group.py
[2024-06-26T13:27:50.427+0000] {processor.py:753} INFO - DAG(s) dict_keys(['example_task_group']) retrieved from /home/airflow/.local/lib/python3.7/site-packages/airflow/example_dags/example_task_group.py
[2024-06-26T13:27:50.445+0000] {logging_mixin.py:137} INFO - [2024-06-26T13:27:50.445+0000] {dag.py:2690} INFO - Sync 1 DAGs
[2024-06-26T13:27:50.466+0000] {logging_mixin.py:137} INFO - [2024-06-26T13:27:50.466+0000] {dag.py:3441} INFO - Setting next_dagrun for example_task_group to 2024-06-25T13:27:50.466596+00:00, run_after=2024-06-26T13:27:50.466596+00:00
[2024-06-26T13:27:50.483+0000] {processor.py:175} INFO - Processing /home/airflow/.local/lib/python3.7/site-packages/airflow/example_dags/example_task_group.py took 0.070 seconds
[2024-06-26T13:28:20.563+0000] {processor.py:153} INFO - Started process (PID=4442) to work on /home/airflow/.local/lib/python3.7/site-packages/airflow/example_dags/example_task_group.py
[2024-06-26T13:28:20.564+0000] {processor.py:743} INFO - Processing file /home/airflow/.local/lib/python3.7/site-packages/airflow/example_dags/example_task_group.py for tasks to queue
[2024-06-26T13:28:20.564+0000] {logging_mixin.py:137} INFO - [2024-06-26T13:28:20.564+0000] {dagbag.py:538} INFO - Filling up the DagBag from /home/airflow/.local/lib/python3.7/site-packages/airflow/example_dags/example_task_group.py
[2024-06-26T13:28:20.575+0000] {processor.py:753} INFO - DAG(s) dict_keys(['example_task_group']) retrieved from /home/airflow/.local/lib/python3.7/site-packages/airflow/example_dags/example_task_group.py
[2024-06-26T13:28:20.593+0000] {logging_mixin.py:137} INFO - [2024-06-26T13:28:20.593+0000] {dag.py:2690} INFO - Sync 1 DAGs
[2024-06-26T13:28:20.614+0000] {logging_mixin.py:137} INFO - [2024-06-26T13:28:20.614+0000] {dag.py:3441} INFO - Setting next_dagrun for example_task_group to 2024-06-25T13:28:20.614281+00:00, run_after=2024-06-26T13:28:20.614281+00:00
[2024-06-26T13:28:20.628+0000] {processor.py:175} INFO - Processing /home/airflow/.local/lib/python3.7/site-packages/airflow/example_dags/example_task_group.py took 0.067 seconds
[2024-06-26T13:28:50.656+0000] {processor.py:153} INFO - Started process (PID=4541) to work on /home/airflow/.local/lib/python3.7/site-packages/airflow/example_dags/example_task_group.py
[2024-06-26T13:28:50.657+0000] {processor.py:743} INFO - Processing file /home/airflow/.local/lib/python3.7/site-packages/airflow/example_dags/example_task_group.py for tasks to queue
[2024-06-26T13:28:50.657+0000] {logging_mixin.py:137} INFO - [2024-06-26T13:28:50.657+0000] {dagbag.py:538} INFO - Filling up the DagBag from /home/airflow/.local/lib/python3.7/site-packages/airflow/example_dags/example_task_group.py
[2024-06-26T13:28:50.668+0000] {processor.py:753} INFO - DAG(s) dict_keys(['example_task_group']) retrieved from /home/airflow/.local/lib/python3.7/site-packages/airflow/example_dags/example_task_group.py
[2024-06-26T13:28:50.688+0000] {logging_mixin.py:137} INFO - [2024-06-26T13:28:50.688+0000] {dag.py:2690} INFO - Sync 1 DAGs
[2024-06-26T13:28:50.710+0000] {logging_mixin.py:137} INFO - [2024-06-26T13:28:50.710+0000] {dag.py:3441} INFO - Setting next_dagrun for example_task_group to 2024-06-25T13:28:50.709822+00:00, run_after=2024-06-26T13:28:50.709822+00:00
[2024-06-26T13:28:50.725+0000] {processor.py:175} INFO - Processing /home/airflow/.local/lib/python3.7/site-packages/airflow/example_dags/example_task_group.py took 0.070 seconds
[2024-06-26T13:29:20.770+0000] {processor.py:153} INFO - Started process (PID=4620) to work on /home/airflow/.local/lib/python3.7/site-packages/airflow/example_dags/example_task_group.py
[2024-06-26T13:29:20.771+0000] {processor.py:743} INFO - Processing file /home/airflow/.local/lib/python3.7/site-packages/airflow/example_dags/example_task_group.py for tasks to queue
[2024-06-26T13:29:20.772+0000] {logging_mixin.py:137} INFO - [2024-06-26T13:29:20.771+0000] {dagbag.py:538} INFO - Filling up the DagBag from /home/airflow/.local/lib/python3.7/site-packages/airflow/example_dags/example_task_group.py
[2024-06-26T13:29:20.783+0000] {processor.py:753} INFO - DAG(s) dict_keys(['example_task_group']) retrieved from /home/airflow/.local/lib/python3.7/site-packages/airflow/example_dags/example_task_group.py
[2024-06-26T13:29:20.804+0000] {logging_mixin.py:137} INFO - [2024-06-26T13:29:20.804+0000] {dag.py:2690} INFO - Sync 1 DAGs
[2024-06-26T13:29:20.825+0000] {logging_mixin.py:137} INFO - [2024-06-26T13:29:20.825+0000] {dag.py:3441} INFO - Setting next_dagrun for example_task_group to 2024-06-25T13:29:20.824989+00:00, run_after=2024-06-26T13:29:20.824989+00:00
[2024-06-26T13:29:20.840+0000] {processor.py:175} INFO - Processing /home/airflow/.local/lib/python3.7/site-packages/airflow/example_dags/example_task_group.py took 0.073 seconds
[2024-06-26T13:29:51.554+0000] {processor.py:153} INFO - Started process (PID=4719) to work on /home/airflow/.local/lib/python3.7/site-packages/airflow/example_dags/example_task_group.py
[2024-06-26T13:29:51.555+0000] {processor.py:743} INFO - Processing file /home/airflow/.local/lib/python3.7/site-packages/airflow/example_dags/example_task_group.py for tasks to queue
[2024-06-26T13:29:51.555+0000] {logging_mixin.py:137} INFO - [2024-06-26T13:29:51.555+0000] {dagbag.py:538} INFO - Filling up the DagBag from /home/airflow/.local/lib/python3.7/site-packages/airflow/example_dags/example_task_group.py
[2024-06-26T13:29:51.565+0000] {processor.py:753} INFO - DAG(s) dict_keys(['example_task_group']) retrieved from /home/airflow/.local/lib/python3.7/site-packages/airflow/example_dags/example_task_group.py
[2024-06-26T13:29:51.582+0000] {logging_mixin.py:137} INFO - [2024-06-26T13:29:51.582+0000] {dag.py:2690} INFO - Sync 1 DAGs
[2024-06-26T13:29:51.600+0000] {logging_mixin.py:137} INFO - [2024-06-26T13:29:51.600+0000] {dag.py:3441} INFO - Setting next_dagrun for example_task_group to 2024-06-25T13:29:51.600363+00:00, run_after=2024-06-26T13:29:51.600363+00:00
[2024-06-26T13:29:51.615+0000] {processor.py:175} INFO - Processing /home/airflow/.local/lib/python3.7/site-packages/airflow/example_dags/example_task_group.py took 0.063 seconds
[2024-06-26T13:30:22.244+0000] {processor.py:153} INFO - Started process (PID=4804) to work on /home/airflow/.local/lib/python3.7/site-packages/airflow/example_dags/example_task_group.py
[2024-06-26T13:30:22.245+0000] {processor.py:743} INFO - Processing file /home/airflow/.local/lib/python3.7/site-packages/airflow/example_dags/example_task_group.py for tasks to queue
[2024-06-26T13:30:22.245+0000] {logging_mixin.py:137} INFO - [2024-06-26T13:30:22.245+0000] {dagbag.py:538} INFO - Filling up the DagBag from /home/airflow/.local/lib/python3.7/site-packages/airflow/example_dags/example_task_group.py
[2024-06-26T13:30:22.255+0000] {processor.py:753} INFO - DAG(s) dict_keys(['example_task_group']) retrieved from /home/airflow/.local/lib/python3.7/site-packages/airflow/example_dags/example_task_group.py
[2024-06-26T13:30:22.272+0000] {logging_mixin.py:137} INFO - [2024-06-26T13:30:22.272+0000] {dag.py:2690} INFO - Sync 1 DAGs
[2024-06-26T13:30:22.290+0000] {logging_mixin.py:137} INFO - [2024-06-26T13:30:22.290+0000] {dag.py:3441} INFO - Setting next_dagrun for example_task_group to 2024-06-25T13:30:22.290492+00:00, run_after=2024-06-26T13:30:22.290492+00:00
[2024-06-26T13:30:22.304+0000] {processor.py:175} INFO - Processing /home/airflow/.local/lib/python3.7/site-packages/airflow/example_dags/example_task_group.py took 0.062 seconds
[2024-06-26T13:30:53.214+0000] {processor.py:153} INFO - Started process (PID=4897) to work on /home/airflow/.local/lib/python3.7/site-packages/airflow/example_dags/example_task_group.py
[2024-06-26T13:30:53.215+0000] {processor.py:743} INFO - Processing file /home/airflow/.local/lib/python3.7/site-packages/airflow/example_dags/example_task_group.py for tasks to queue
[2024-06-26T13:30:53.215+0000] {logging_mixin.py:137} INFO - [2024-06-26T13:30:53.215+0000] {dagbag.py:538} INFO - Filling up the DagBag from /home/airflow/.local/lib/python3.7/site-packages/airflow/example_dags/example_task_group.py
[2024-06-26T13:30:53.225+0000] {processor.py:753} INFO - DAG(s) dict_keys(['example_task_group']) retrieved from /home/airflow/.local/lib/python3.7/site-packages/airflow/example_dags/example_task_group.py
[2024-06-26T13:30:53.242+0000] {logging_mixin.py:137} INFO - [2024-06-26T13:30:53.242+0000] {dag.py:2690} INFO - Sync 1 DAGs
[2024-06-26T13:30:53.260+0000] {logging_mixin.py:137} INFO - [2024-06-26T13:30:53.259+0000] {dag.py:3441} INFO - Setting next_dagrun for example_task_group to 2024-06-25T13:30:53.259828+00:00, run_after=2024-06-26T13:30:53.259828+00:00
[2024-06-26T13:30:53.272+0000] {processor.py:175} INFO - Processing /home/airflow/.local/lib/python3.7/site-packages/airflow/example_dags/example_task_group.py took 0.060 seconds
[2024-06-26T13:31:24.221+0000] {processor.py:153} INFO - Started process (PID=4996) to work on /home/airflow/.local/lib/python3.7/site-packages/airflow/example_dags/example_task_group.py
[2024-06-26T13:31:24.222+0000] {processor.py:743} INFO - Processing file /home/airflow/.local/lib/python3.7/site-packages/airflow/example_dags/example_task_group.py for tasks to queue
[2024-06-26T13:31:24.223+0000] {logging_mixin.py:137} INFO - [2024-06-26T13:31:24.223+0000] {dagbag.py:538} INFO - Filling up the DagBag from /home/airflow/.local/lib/python3.7/site-packages/airflow/example_dags/example_task_group.py
[2024-06-26T13:31:24.234+0000] {processor.py:753} INFO - DAG(s) dict_keys(['example_task_group']) retrieved from /home/airflow/.local/lib/python3.7/site-packages/airflow/example_dags/example_task_group.py
[2024-06-26T13:31:24.253+0000] {logging_mixin.py:137} INFO - [2024-06-26T13:31:24.253+0000] {dag.py:2690} INFO - Sync 1 DAGs
[2024-06-26T13:31:24.274+0000] {logging_mixin.py:137} INFO - [2024-06-26T13:31:24.274+0000] {dag.py:3441} INFO - Setting next_dagrun for example_task_group to 2024-06-25T13:31:24.274710+00:00, run_after=2024-06-26T13:31:24.274710+00:00
[2024-06-26T13:31:24.291+0000] {processor.py:175} INFO - Processing /home/airflow/.local/lib/python3.7/site-packages/airflow/example_dags/example_task_group.py took 0.072 seconds
[2024-06-26T13:31:54.429+0000] {processor.py:153} INFO - Started process (PID=5075) to work on /home/airflow/.local/lib/python3.7/site-packages/airflow/example_dags/example_task_group.py
[2024-06-26T13:31:54.429+0000] {processor.py:743} INFO - Processing file /home/airflow/.local/lib/python3.7/site-packages/airflow/example_dags/example_task_group.py for tasks to queue
[2024-06-26T13:31:54.429+0000] {logging_mixin.py:137} INFO - [2024-06-26T13:31:54.429+0000] {dagbag.py:538} INFO - Filling up the DagBag from /home/airflow/.local/lib/python3.7/site-packages/airflow/example_dags/example_task_group.py
[2024-06-26T13:31:54.444+0000] {processor.py:753} INFO - DAG(s) dict_keys(['example_task_group']) retrieved from /home/airflow/.local/lib/python3.7/site-packages/airflow/example_dags/example_task_group.py
[2024-06-26T13:31:54.472+0000] {logging_mixin.py:137} INFO - [2024-06-26T13:31:54.471+0000] {dag.py:2690} INFO - Sync 1 DAGs
[2024-06-26T13:31:54.494+0000] {logging_mixin.py:137} INFO - [2024-06-26T13:31:54.494+0000] {dag.py:3441} INFO - Setting next_dagrun for example_task_group to 2024-06-25T13:31:54.494113+00:00, run_after=2024-06-26T13:31:54.494113+00:00
[2024-06-26T13:31:54.511+0000] {processor.py:175} INFO - Processing /home/airflow/.local/lib/python3.7/site-packages/airflow/example_dags/example_task_group.py took 0.084 seconds
[2024-06-26T13:32:24.535+0000] {processor.py:153} INFO - Started process (PID=5174) to work on /home/airflow/.local/lib/python3.7/site-packages/airflow/example_dags/example_task_group.py
[2024-06-26T13:32:24.535+0000] {processor.py:743} INFO - Processing file /home/airflow/.local/lib/python3.7/site-packages/airflow/example_dags/example_task_group.py for tasks to queue
[2024-06-26T13:32:24.536+0000] {logging_mixin.py:137} INFO - [2024-06-26T13:32:24.535+0000] {dagbag.py:538} INFO - Filling up the DagBag from /home/airflow/.local/lib/python3.7/site-packages/airflow/example_dags/example_task_group.py
[2024-06-26T13:32:24.545+0000] {processor.py:753} INFO - DAG(s) dict_keys(['example_task_group']) retrieved from /home/airflow/.local/lib/python3.7/site-packages/airflow/example_dags/example_task_group.py
[2024-06-26T13:32:24.562+0000] {logging_mixin.py:137} INFO - [2024-06-26T13:32:24.561+0000] {dag.py:2690} INFO - Sync 1 DAGs
[2024-06-26T13:32:24.581+0000] {logging_mixin.py:137} INFO - [2024-06-26T13:32:24.580+0000] {dag.py:3441} INFO - Setting next_dagrun for example_task_group to 2024-06-25T13:32:24.580835+00:00, run_after=2024-06-26T13:32:24.580835+00:00
[2024-06-26T13:32:24.594+0000] {processor.py:175} INFO - Processing /home/airflow/.local/lib/python3.7/site-packages/airflow/example_dags/example_task_group.py took 0.061 seconds
[2024-06-26T13:32:55.620+0000] {processor.py:153} INFO - Started process (PID=5253) to work on /home/airflow/.local/lib/python3.7/site-packages/airflow/example_dags/example_task_group.py
[2024-06-26T13:32:55.620+0000] {processor.py:743} INFO - Processing file /home/airflow/.local/lib/python3.7/site-packages/airflow/example_dags/example_task_group.py for tasks to queue
[2024-06-26T13:32:55.621+0000] {logging_mixin.py:137} INFO - [2024-06-26T13:32:55.621+0000] {dagbag.py:538} INFO - Filling up the DagBag from /home/airflow/.local/lib/python3.7/site-packages/airflow/example_dags/example_task_group.py
[2024-06-26T13:32:55.631+0000] {processor.py:753} INFO - DAG(s) dict_keys(['example_task_group']) retrieved from /home/airflow/.local/lib/python3.7/site-packages/airflow/example_dags/example_task_group.py
[2024-06-26T13:32:55.647+0000] {logging_mixin.py:137} INFO - [2024-06-26T13:32:55.647+0000] {dag.py:2690} INFO - Sync 1 DAGs
[2024-06-26T13:32:55.664+0000] {logging_mixin.py:137} INFO - [2024-06-26T13:32:55.664+0000] {dag.py:3441} INFO - Setting next_dagrun for example_task_group to 2024-06-25T13:32:55.664350+00:00, run_after=2024-06-26T13:32:55.664350+00:00
[2024-06-26T13:32:55.676+0000] {processor.py:175} INFO - Processing /home/airflow/.local/lib/python3.7/site-packages/airflow/example_dags/example_task_group.py took 0.059 seconds
[2024-06-26T13:33:26.694+0000] {processor.py:153} INFO - Started process (PID=5352) to work on /home/airflow/.local/lib/python3.7/site-packages/airflow/example_dags/example_task_group.py
[2024-06-26T13:33:26.694+0000] {processor.py:743} INFO - Processing file /home/airflow/.local/lib/python3.7/site-packages/airflow/example_dags/example_task_group.py for tasks to queue
[2024-06-26T13:33:26.695+0000] {logging_mixin.py:137} INFO - [2024-06-26T13:33:26.695+0000] {dagbag.py:538} INFO - Filling up the DagBag from /home/airflow/.local/lib/python3.7/site-packages/airflow/example_dags/example_task_group.py
[2024-06-26T13:33:26.708+0000] {processor.py:753} INFO - DAG(s) dict_keys(['example_task_group']) retrieved from /home/airflow/.local/lib/python3.7/site-packages/airflow/example_dags/example_task_group.py
[2024-06-26T13:33:26.726+0000] {logging_mixin.py:137} INFO - [2024-06-26T13:33:26.726+0000] {dag.py:2690} INFO - Sync 1 DAGs
[2024-06-26T13:33:26.751+0000] {logging_mixin.py:137} INFO - [2024-06-26T13:33:26.751+0000] {dag.py:3441} INFO - Setting next_dagrun for example_task_group to 2024-06-25T13:33:26.750982+00:00, run_after=2024-06-26T13:33:26.750982+00:00
[2024-06-26T13:33:26.768+0000] {processor.py:175} INFO - Processing /home/airflow/.local/lib/python3.7/site-packages/airflow/example_dags/example_task_group.py took 0.076 seconds
[2024-06-26T13:33:56.910+0000] {processor.py:153} INFO - Started process (PID=5431) to work on /home/airflow/.local/lib/python3.7/site-packages/airflow/example_dags/example_task_group.py
[2024-06-26T13:33:56.910+0000] {processor.py:743} INFO - Processing file /home/airflow/.local/lib/python3.7/site-packages/airflow/example_dags/example_task_group.py for tasks to queue
[2024-06-26T13:33:56.911+0000] {logging_mixin.py:137} INFO - [2024-06-26T13:33:56.911+0000] {dagbag.py:538} INFO - Filling up the DagBag from /home/airflow/.local/lib/python3.7/site-packages/airflow/example_dags/example_task_group.py
[2024-06-26T13:33:56.927+0000] {processor.py:753} INFO - DAG(s) dict_keys(['example_task_group']) retrieved from /home/airflow/.local/lib/python3.7/site-packages/airflow/example_dags/example_task_group.py
[2024-06-26T13:33:56.955+0000] {logging_mixin.py:137} INFO - [2024-06-26T13:33:56.954+0000] {dag.py:2690} INFO - Sync 1 DAGs
[2024-06-26T13:33:56.991+0000] {logging_mixin.py:137} INFO - [2024-06-26T13:33:56.991+0000] {dag.py:3441} INFO - Setting next_dagrun for example_task_group to 2024-06-25T13:33:56.991133+00:00, run_after=2024-06-26T13:33:56.991133+00:00
[2024-06-26T13:33:57.011+0000] {processor.py:175} INFO - Processing /home/airflow/.local/lib/python3.7/site-packages/airflow/example_dags/example_task_group.py took 0.104 seconds
[2024-06-26T13:34:27.256+0000] {processor.py:153} INFO - Started process (PID=5530) to work on /home/airflow/.local/lib/python3.7/site-packages/airflow/example_dags/example_task_group.py
[2024-06-26T13:34:27.257+0000] {processor.py:743} INFO - Processing file /home/airflow/.local/lib/python3.7/site-packages/airflow/example_dags/example_task_group.py for tasks to queue
[2024-06-26T13:34:27.258+0000] {logging_mixin.py:137} INFO - [2024-06-26T13:34:27.258+0000] {dagbag.py:538} INFO - Filling up the DagBag from /home/airflow/.local/lib/python3.7/site-packages/airflow/example_dags/example_task_group.py
[2024-06-26T13:34:27.275+0000] {processor.py:753} INFO - DAG(s) dict_keys(['example_task_group']) retrieved from /home/airflow/.local/lib/python3.7/site-packages/airflow/example_dags/example_task_group.py
[2024-06-26T13:34:27.300+0000] {logging_mixin.py:137} INFO - [2024-06-26T13:34:27.299+0000] {dag.py:2690} INFO - Sync 1 DAGs
[2024-06-26T13:34:27.324+0000] {logging_mixin.py:137} INFO - [2024-06-26T13:34:27.324+0000] {dag.py:3441} INFO - Setting next_dagrun for example_task_group to 2024-06-25T13:34:27.324546+00:00, run_after=2024-06-26T13:34:27.324546+00:00
[2024-06-26T13:34:27.343+0000] {processor.py:175} INFO - Processing /home/airflow/.local/lib/python3.7/site-packages/airflow/example_dags/example_task_group.py took 0.091 seconds
[2024-06-26T13:34:57.379+0000] {processor.py:153} INFO - Started process (PID=5609) to work on /home/airflow/.local/lib/python3.7/site-packages/airflow/example_dags/example_task_group.py
[2024-06-26T13:34:57.380+0000] {processor.py:743} INFO - Processing file /home/airflow/.local/lib/python3.7/site-packages/airflow/example_dags/example_task_group.py for tasks to queue
[2024-06-26T13:34:57.380+0000] {logging_mixin.py:137} INFO - [2024-06-26T13:34:57.380+0000] {dagbag.py:538} INFO - Filling up the DagBag from /home/airflow/.local/lib/python3.7/site-packages/airflow/example_dags/example_task_group.py
[2024-06-26T13:34:57.391+0000] {processor.py:753} INFO - DAG(s) dict_keys(['example_task_group']) retrieved from /home/airflow/.local/lib/python3.7/site-packages/airflow/example_dags/example_task_group.py
[2024-06-26T13:34:57.412+0000] {logging_mixin.py:137} INFO - [2024-06-26T13:34:57.411+0000] {dag.py:2690} INFO - Sync 1 DAGs
[2024-06-26T13:34:57.434+0000] {logging_mixin.py:137} INFO - [2024-06-26T13:34:57.433+0000] {dag.py:3441} INFO - Setting next_dagrun for example_task_group to 2024-06-25T13:34:57.433670+00:00, run_after=2024-06-26T13:34:57.433670+00:00
[2024-06-26T13:34:57.450+0000] {processor.py:175} INFO - Processing /home/airflow/.local/lib/python3.7/site-packages/airflow/example_dags/example_task_group.py took 0.073 seconds
[2024-06-26T13:35:27.485+0000] {processor.py:153} INFO - Started process (PID=5708) to work on /home/airflow/.local/lib/python3.7/site-packages/airflow/example_dags/example_task_group.py
[2024-06-26T13:35:27.486+0000] {processor.py:743} INFO - Processing file /home/airflow/.local/lib/python3.7/site-packages/airflow/example_dags/example_task_group.py for tasks to queue
[2024-06-26T13:35:27.486+0000] {logging_mixin.py:137} INFO - [2024-06-26T13:35:27.486+0000] {dagbag.py:538} INFO - Filling up the DagBag from /home/airflow/.local/lib/python3.7/site-packages/airflow/example_dags/example_task_group.py
[2024-06-26T13:35:27.497+0000] {processor.py:753} INFO - DAG(s) dict_keys(['example_task_group']) retrieved from /home/airflow/.local/lib/python3.7/site-packages/airflow/example_dags/example_task_group.py
[2024-06-26T13:35:27.514+0000] {logging_mixin.py:137} INFO - [2024-06-26T13:35:27.514+0000] {dag.py:2690} INFO - Sync 1 DAGs
[2024-06-26T13:35:27.533+0000] {logging_mixin.py:137} INFO - [2024-06-26T13:35:27.533+0000] {dag.py:3441} INFO - Setting next_dagrun for example_task_group to 2024-06-25T13:35:27.533671+00:00, run_after=2024-06-26T13:35:27.533671+00:00
[2024-06-26T13:35:27.548+0000] {processor.py:175} INFO - Processing /home/airflow/.local/lib/python3.7/site-packages/airflow/example_dags/example_task_group.py took 0.065 seconds
[2024-06-26T13:35:58.397+0000] {processor.py:153} INFO - Started process (PID=5796) to work on /home/airflow/.local/lib/python3.7/site-packages/airflow/example_dags/example_task_group.py
[2024-06-26T13:35:58.398+0000] {processor.py:743} INFO - Processing file /home/airflow/.local/lib/python3.7/site-packages/airflow/example_dags/example_task_group.py for tasks to queue
[2024-06-26T13:35:58.398+0000] {logging_mixin.py:137} INFO - [2024-06-26T13:35:58.398+0000] {dagbag.py:538} INFO - Filling up the DagBag from /home/airflow/.local/lib/python3.7/site-packages/airflow/example_dags/example_task_group.py
[2024-06-26T13:35:58.409+0000] {processor.py:753} INFO - DAG(s) dict_keys(['example_task_group']) retrieved from /home/airflow/.local/lib/python3.7/site-packages/airflow/example_dags/example_task_group.py
[2024-06-26T13:35:58.429+0000] {logging_mixin.py:137} INFO - [2024-06-26T13:35:58.428+0000] {dag.py:2690} INFO - Sync 1 DAGs
[2024-06-26T13:35:58.451+0000] {logging_mixin.py:137} INFO - [2024-06-26T13:35:58.450+0000] {dag.py:3441} INFO - Setting next_dagrun for example_task_group to 2024-06-25T13:35:58.450812+00:00, run_after=2024-06-26T13:35:58.450812+00:00
[2024-06-26T13:35:58.466+0000] {processor.py:175} INFO - Processing /home/airflow/.local/lib/python3.7/site-packages/airflow/example_dags/example_task_group.py took 0.071 seconds
[2024-06-26T13:36:29.248+0000] {processor.py:153} INFO - Started process (PID=5886) to work on /home/airflow/.local/lib/python3.7/site-packages/airflow/example_dags/example_task_group.py
[2024-06-26T13:36:29.249+0000] {processor.py:743} INFO - Processing file /home/airflow/.local/lib/python3.7/site-packages/airflow/example_dags/example_task_group.py for tasks to queue
[2024-06-26T13:36:29.249+0000] {logging_mixin.py:137} INFO - [2024-06-26T13:36:29.249+0000] {dagbag.py:538} INFO - Filling up the DagBag from /home/airflow/.local/lib/python3.7/site-packages/airflow/example_dags/example_task_group.py
[2024-06-26T13:36:29.261+0000] {processor.py:753} INFO - DAG(s) dict_keys(['example_task_group']) retrieved from /home/airflow/.local/lib/python3.7/site-packages/airflow/example_dags/example_task_group.py
[2024-06-26T13:36:29.277+0000] {logging_mixin.py:137} INFO - [2024-06-26T13:36:29.277+0000] {dag.py:2690} INFO - Sync 1 DAGs
[2024-06-26T13:36:29.295+0000] {logging_mixin.py:137} INFO - [2024-06-26T13:36:29.295+0000] {dag.py:3441} INFO - Setting next_dagrun for example_task_group to 2024-06-25T13:36:29.295071+00:00, run_after=2024-06-26T13:36:29.295071+00:00
[2024-06-26T13:36:29.307+0000] {processor.py:175} INFO - Processing /home/airflow/.local/lib/python3.7/site-packages/airflow/example_dags/example_task_group.py took 0.061 seconds
[2024-06-26T13:36:59.718+0000] {processor.py:153} INFO - Started process (PID=5985) to work on /home/airflow/.local/lib/python3.7/site-packages/airflow/example_dags/example_task_group.py
[2024-06-26T13:36:59.718+0000] {processor.py:743} INFO - Processing file /home/airflow/.local/lib/python3.7/site-packages/airflow/example_dags/example_task_group.py for tasks to queue
[2024-06-26T13:36:59.719+0000] {logging_mixin.py:137} INFO - [2024-06-26T13:36:59.719+0000] {dagbag.py:538} INFO - Filling up the DagBag from /home/airflow/.local/lib/python3.7/site-packages/airflow/example_dags/example_task_group.py
[2024-06-26T13:36:59.731+0000] {processor.py:753} INFO - DAG(s) dict_keys(['example_task_group']) retrieved from /home/airflow/.local/lib/python3.7/site-packages/airflow/example_dags/example_task_group.py
[2024-06-26T13:36:59.750+0000] {logging_mixin.py:137} INFO - [2024-06-26T13:36:59.750+0000] {dag.py:2690} INFO - Sync 1 DAGs
[2024-06-26T13:36:59.771+0000] {logging_mixin.py:137} INFO - [2024-06-26T13:36:59.771+0000] {dag.py:3441} INFO - Setting next_dagrun for example_task_group to 2024-06-25T13:36:59.771576+00:00, run_after=2024-06-26T13:36:59.771576+00:00
[2024-06-26T13:36:59.793+0000] {processor.py:175} INFO - Processing /home/airflow/.local/lib/python3.7/site-packages/airflow/example_dags/example_task_group.py took 0.077 seconds
[2024-06-26T13:37:30.656+0000] {processor.py:153} INFO - Started process (PID=6064) to work on /home/airflow/.local/lib/python3.7/site-packages/airflow/example_dags/example_task_group.py
[2024-06-26T13:37:30.657+0000] {processor.py:743} INFO - Processing file /home/airflow/.local/lib/python3.7/site-packages/airflow/example_dags/example_task_group.py for tasks to queue
[2024-06-26T13:37:30.658+0000] {logging_mixin.py:137} INFO - [2024-06-26T13:37:30.658+0000] {dagbag.py:538} INFO - Filling up the DagBag from /home/airflow/.local/lib/python3.7/site-packages/airflow/example_dags/example_task_group.py
[2024-06-26T13:37:30.670+0000] {processor.py:753} INFO - DAG(s) dict_keys(['example_task_group']) retrieved from /home/airflow/.local/lib/python3.7/site-packages/airflow/example_dags/example_task_group.py
[2024-06-26T13:37:30.690+0000] {logging_mixin.py:137} INFO - [2024-06-26T13:37:30.690+0000] {dag.py:2690} INFO - Sync 1 DAGs
[2024-06-26T13:37:30.713+0000] {logging_mixin.py:137} INFO - [2024-06-26T13:37:30.712+0000] {dag.py:3441} INFO - Setting next_dagrun for example_task_group to 2024-06-25T13:37:30.712814+00:00, run_after=2024-06-26T13:37:30.712814+00:00
[2024-06-26T13:37:30.727+0000] {processor.py:175} INFO - Processing /home/airflow/.local/lib/python3.7/site-packages/airflow/example_dags/example_task_group.py took 0.073 seconds
[2024-06-26T13:38:01.491+0000] {processor.py:153} INFO - Started process (PID=6163) to work on /home/airflow/.local/lib/python3.7/site-packages/airflow/example_dags/example_task_group.py
[2024-06-26T13:38:01.491+0000] {processor.py:743} INFO - Processing file /home/airflow/.local/lib/python3.7/site-packages/airflow/example_dags/example_task_group.py for tasks to queue
[2024-06-26T13:38:01.492+0000] {logging_mixin.py:137} INFO - [2024-06-26T13:38:01.492+0000] {dagbag.py:538} INFO - Filling up the DagBag from /home/airflow/.local/lib/python3.7/site-packages/airflow/example_dags/example_task_group.py
[2024-06-26T13:38:01.503+0000] {processor.py:753} INFO - DAG(s) dict_keys(['example_task_group']) retrieved from /home/airflow/.local/lib/python3.7/site-packages/airflow/example_dags/example_task_group.py
[2024-06-26T13:38:01.523+0000] {logging_mixin.py:137} INFO - [2024-06-26T13:38:01.523+0000] {dag.py:2690} INFO - Sync 1 DAGs
[2024-06-26T13:38:01.544+0000] {logging_mixin.py:137} INFO - [2024-06-26T13:38:01.544+0000] {dag.py:3441} INFO - Setting next_dagrun for example_task_group to 2024-06-25T13:38:01.543897+00:00, run_after=2024-06-26T13:38:01.543897+00:00
[2024-06-26T13:38:01.558+0000] {processor.py:175} INFO - Processing /home/airflow/.local/lib/python3.7/site-packages/airflow/example_dags/example_task_group.py took 0.070 seconds
[2024-06-26T13:38:32.306+0000] {processor.py:153} INFO - Started process (PID=6242) to work on /home/airflow/.local/lib/python3.7/site-packages/airflow/example_dags/example_task_group.py
[2024-06-26T13:38:32.307+0000] {processor.py:743} INFO - Processing file /home/airflow/.local/lib/python3.7/site-packages/airflow/example_dags/example_task_group.py for tasks to queue
[2024-06-26T13:38:32.307+0000] {logging_mixin.py:137} INFO - [2024-06-26T13:38:32.307+0000] {dagbag.py:538} INFO - Filling up the DagBag from /home/airflow/.local/lib/python3.7/site-packages/airflow/example_dags/example_task_group.py
[2024-06-26T13:38:32.318+0000] {processor.py:753} INFO - DAG(s) dict_keys(['example_task_group']) retrieved from /home/airflow/.local/lib/python3.7/site-packages/airflow/example_dags/example_task_group.py
[2024-06-26T13:38:32.334+0000] {logging_mixin.py:137} INFO - [2024-06-26T13:38:32.334+0000] {dag.py:2690} INFO - Sync 1 DAGs
[2024-06-26T13:38:32.352+0000] {logging_mixin.py:137} INFO - [2024-06-26T13:38:32.352+0000] {dag.py:3441} INFO - Setting next_dagrun for example_task_group to 2024-06-25T13:38:32.352661+00:00, run_after=2024-06-26T13:38:32.352661+00:00
[2024-06-26T13:38:32.365+0000] {processor.py:175} INFO - Processing /home/airflow/.local/lib/python3.7/site-packages/airflow/example_dags/example_task_group.py took 0.061 seconds
[2024-06-26T13:39:03.056+0000] {processor.py:153} INFO - Started process (PID=6341) to work on /home/airflow/.local/lib/python3.7/site-packages/airflow/example_dags/example_task_group.py
[2024-06-26T13:39:03.057+0000] {processor.py:743} INFO - Processing file /home/airflow/.local/lib/python3.7/site-packages/airflow/example_dags/example_task_group.py for tasks to queue
[2024-06-26T13:39:03.057+0000] {logging_mixin.py:137} INFO - [2024-06-26T13:39:03.057+0000] {dagbag.py:538} INFO - Filling up the DagBag from /home/airflow/.local/lib/python3.7/site-packages/airflow/example_dags/example_task_group.py
[2024-06-26T13:39:03.068+0000] {processor.py:753} INFO - DAG(s) dict_keys(['example_task_group']) retrieved from /home/airflow/.local/lib/python3.7/site-packages/airflow/example_dags/example_task_group.py
[2024-06-26T13:39:03.084+0000] {logging_mixin.py:137} INFO - [2024-06-26T13:39:03.084+0000] {dag.py:2690} INFO - Sync 1 DAGs
[2024-06-26T13:39:03.103+0000] {logging_mixin.py:137} INFO - [2024-06-26T13:39:03.103+0000] {dag.py:3441} INFO - Setting next_dagrun for example_task_group to 2024-06-25T13:39:03.103709+00:00, run_after=2024-06-26T13:39:03.103709+00:00
[2024-06-26T13:39:03.116+0000] {processor.py:175} INFO - Processing /home/airflow/.local/lib/python3.7/site-packages/airflow/example_dags/example_task_group.py took 0.063 seconds
[2024-06-26T13:39:33.888+0000] {processor.py:153} INFO - Started process (PID=6429) to work on /home/airflow/.local/lib/python3.7/site-packages/airflow/example_dags/example_task_group.py
[2024-06-26T13:39:33.889+0000] {processor.py:743} INFO - Processing file /home/airflow/.local/lib/python3.7/site-packages/airflow/example_dags/example_task_group.py for tasks to queue
[2024-06-26T13:39:33.889+0000] {logging_mixin.py:137} INFO - [2024-06-26T13:39:33.889+0000] {dagbag.py:538} INFO - Filling up the DagBag from /home/airflow/.local/lib/python3.7/site-packages/airflow/example_dags/example_task_group.py
[2024-06-26T13:39:33.901+0000] {processor.py:753} INFO - DAG(s) dict_keys(['example_task_group']) retrieved from /home/airflow/.local/lib/python3.7/site-packages/airflow/example_dags/example_task_group.py
[2024-06-26T13:39:33.919+0000] {logging_mixin.py:137} INFO - [2024-06-26T13:39:33.919+0000] {dag.py:2690} INFO - Sync 1 DAGs
[2024-06-26T13:39:33.939+0000] {logging_mixin.py:137} INFO - [2024-06-26T13:39:33.939+0000] {dag.py:3441} INFO - Setting next_dagrun for example_task_group to 2024-06-25T13:39:33.938933+00:00, run_after=2024-06-26T13:39:33.938933+00:00
[2024-06-26T13:39:33.953+0000] {processor.py:175} INFO - Processing /home/airflow/.local/lib/python3.7/site-packages/airflow/example_dags/example_task_group.py took 0.067 seconds
