[2024-06-26T13:03:44.644+0000] {processor.py:153} INFO - Started process (PID=59) to work on /home/airflow/.local/lib/python3.7/site-packages/airflow/example_dags/example_bash_operator.py
[2024-06-26T13:03:44.644+0000] {processor.py:743} INFO - Processing file /home/airflow/.local/lib/python3.7/site-packages/airflow/example_dags/example_bash_operator.py for tasks to queue
[2024-06-26T13:03:44.645+0000] {logging_mixin.py:137} INFO - [2024-06-26T13:03:44.645+0000] {dagbag.py:538} INFO - Filling up the DagBag from /home/airflow/.local/lib/python3.7/site-packages/airflow/example_dags/example_bash_operator.py
[2024-06-26T13:03:44.662+0000] {processor.py:753} INFO - DAG(s) dict_keys(['example_bash_operator']) retrieved from /home/airflow/.local/lib/python3.7/site-packages/airflow/example_dags/example_bash_operator.py
[2024-06-26T13:03:44.688+0000] {logging_mixin.py:137} INFO - [2024-06-26T13:03:44.688+0000] {dag.py:2690} INFO - Sync 1 DAGs
[2024-06-26T13:03:44.711+0000] {logging_mixin.py:137} INFO - [2024-06-26T13:03:44.711+0000] {dag.py:3441} INFO - Setting next_dagrun for example_bash_operator to 2024-06-25T00:00:00+00:00, run_after=2024-06-26T00:00:00+00:00
[2024-06-26T13:03:44.730+0000] {processor.py:175} INFO - Processing /home/airflow/.local/lib/python3.7/site-packages/airflow/example_dags/example_bash_operator.py took 0.088 seconds
[2024-06-26T13:04:15.353+0000] {processor.py:153} INFO - Started process (PID=158) to work on /home/airflow/.local/lib/python3.7/site-packages/airflow/example_dags/example_bash_operator.py
[2024-06-26T13:04:15.354+0000] {processor.py:743} INFO - Processing file /home/airflow/.local/lib/python3.7/site-packages/airflow/example_dags/example_bash_operator.py for tasks to queue
[2024-06-26T13:04:15.354+0000] {logging_mixin.py:137} INFO - [2024-06-26T13:04:15.354+0000] {dagbag.py:538} INFO - Filling up the DagBag from /home/airflow/.local/lib/python3.7/site-packages/airflow/example_dags/example_bash_operator.py
[2024-06-26T13:04:15.368+0000] {processor.py:753} INFO - DAG(s) dict_keys(['example_bash_operator']) retrieved from /home/airflow/.local/lib/python3.7/site-packages/airflow/example_dags/example_bash_operator.py
[2024-06-26T13:04:15.394+0000] {logging_mixin.py:137} INFO - [2024-06-26T13:04:15.393+0000] {dag.py:2690} INFO - Sync 1 DAGs
[2024-06-26T13:04:15.412+0000] {logging_mixin.py:137} INFO - [2024-06-26T13:04:15.412+0000] {dag.py:3441} INFO - Setting next_dagrun for example_bash_operator to 2024-06-25T00:00:00+00:00, run_after=2024-06-26T00:00:00+00:00
[2024-06-26T13:04:15.424+0000] {processor.py:175} INFO - Processing /home/airflow/.local/lib/python3.7/site-packages/airflow/example_dags/example_bash_operator.py took 0.073 seconds
[2024-06-26T13:04:46.093+0000] {processor.py:153} INFO - Started process (PID=237) to work on /home/airflow/.local/lib/python3.7/site-packages/airflow/example_dags/example_bash_operator.py
[2024-06-26T13:04:46.093+0000] {processor.py:743} INFO - Processing file /home/airflow/.local/lib/python3.7/site-packages/airflow/example_dags/example_bash_operator.py for tasks to queue
[2024-06-26T13:04:46.094+0000] {logging_mixin.py:137} INFO - [2024-06-26T13:04:46.094+0000] {dagbag.py:538} INFO - Filling up the DagBag from /home/airflow/.local/lib/python3.7/site-packages/airflow/example_dags/example_bash_operator.py
[2024-06-26T13:04:46.108+0000] {processor.py:753} INFO - DAG(s) dict_keys(['example_bash_operator']) retrieved from /home/airflow/.local/lib/python3.7/site-packages/airflow/example_dags/example_bash_operator.py
[2024-06-26T13:04:46.136+0000] {logging_mixin.py:137} INFO - [2024-06-26T13:04:46.136+0000] {dag.py:2690} INFO - Sync 1 DAGs
[2024-06-26T13:04:46.155+0000] {logging_mixin.py:137} INFO - [2024-06-26T13:04:46.155+0000] {dag.py:3441} INFO - Setting next_dagrun for example_bash_operator to 2024-06-25T00:00:00+00:00, run_after=2024-06-26T00:00:00+00:00
[2024-06-26T13:04:46.169+0000] {processor.py:175} INFO - Processing /home/airflow/.local/lib/python3.7/site-packages/airflow/example_dags/example_bash_operator.py took 0.077 seconds
[2024-06-26T13:05:16.840+0000] {processor.py:153} INFO - Started process (PID=336) to work on /home/airflow/.local/lib/python3.7/site-packages/airflow/example_dags/example_bash_operator.py
[2024-06-26T13:05:16.840+0000] {processor.py:743} INFO - Processing file /home/airflow/.local/lib/python3.7/site-packages/airflow/example_dags/example_bash_operator.py for tasks to queue
[2024-06-26T13:05:16.841+0000] {logging_mixin.py:137} INFO - [2024-06-26T13:05:16.841+0000] {dagbag.py:538} INFO - Filling up the DagBag from /home/airflow/.local/lib/python3.7/site-packages/airflow/example_dags/example_bash_operator.py
[2024-06-26T13:05:16.856+0000] {processor.py:753} INFO - DAG(s) dict_keys(['example_bash_operator']) retrieved from /home/airflow/.local/lib/python3.7/site-packages/airflow/example_dags/example_bash_operator.py
[2024-06-26T13:05:16.882+0000] {logging_mixin.py:137} INFO - [2024-06-26T13:05:16.882+0000] {dag.py:2690} INFO - Sync 1 DAGs
[2024-06-26T13:05:16.901+0000] {logging_mixin.py:137} INFO - [2024-06-26T13:05:16.901+0000] {dag.py:3441} INFO - Setting next_dagrun for example_bash_operator to 2024-06-25T00:00:00+00:00, run_after=2024-06-26T00:00:00+00:00
[2024-06-26T13:05:16.915+0000] {processor.py:175} INFO - Processing /home/airflow/.local/lib/python3.7/site-packages/airflow/example_dags/example_bash_operator.py took 0.077 seconds
[2024-06-26T13:05:47.686+0000] {processor.py:153} INFO - Started process (PID=435) to work on /home/airflow/.local/lib/python3.7/site-packages/airflow/example_dags/example_bash_operator.py
[2024-06-26T13:05:47.686+0000] {processor.py:743} INFO - Processing file /home/airflow/.local/lib/python3.7/site-packages/airflow/example_dags/example_bash_operator.py for tasks to queue
[2024-06-26T13:05:47.687+0000] {logging_mixin.py:137} INFO - [2024-06-26T13:05:47.687+0000] {dagbag.py:538} INFO - Filling up the DagBag from /home/airflow/.local/lib/python3.7/site-packages/airflow/example_dags/example_bash_operator.py
[2024-06-26T13:05:47.703+0000] {processor.py:753} INFO - DAG(s) dict_keys(['example_bash_operator']) retrieved from /home/airflow/.local/lib/python3.7/site-packages/airflow/example_dags/example_bash_operator.py
[2024-06-26T13:05:47.733+0000] {logging_mixin.py:137} INFO - [2024-06-26T13:05:47.733+0000] {dag.py:2690} INFO - Sync 1 DAGs
[2024-06-26T13:05:47.760+0000] {logging_mixin.py:137} INFO - [2024-06-26T13:05:47.759+0000] {dag.py:3441} INFO - Setting next_dagrun for example_bash_operator to 2024-06-25T00:00:00+00:00, run_after=2024-06-26T00:00:00+00:00
[2024-06-26T13:05:47.777+0000] {processor.py:175} INFO - Processing /home/airflow/.local/lib/python3.7/site-packages/airflow/example_dags/example_bash_operator.py took 0.094 seconds
[2024-06-26T13:06:18.348+0000] {processor.py:153} INFO - Started process (PID=514) to work on /home/airflow/.local/lib/python3.7/site-packages/airflow/example_dags/example_bash_operator.py
[2024-06-26T13:06:18.349+0000] {processor.py:743} INFO - Processing file /home/airflow/.local/lib/python3.7/site-packages/airflow/example_dags/example_bash_operator.py for tasks to queue
[2024-06-26T13:06:18.349+0000] {logging_mixin.py:137} INFO - [2024-06-26T13:06:18.349+0000] {dagbag.py:538} INFO - Filling up the DagBag from /home/airflow/.local/lib/python3.7/site-packages/airflow/example_dags/example_bash_operator.py
[2024-06-26T13:06:18.363+0000] {processor.py:753} INFO - DAG(s) dict_keys(['example_bash_operator']) retrieved from /home/airflow/.local/lib/python3.7/site-packages/airflow/example_dags/example_bash_operator.py
[2024-06-26T13:06:18.390+0000] {logging_mixin.py:137} INFO - [2024-06-26T13:06:18.390+0000] {dag.py:2690} INFO - Sync 1 DAGs
[2024-06-26T13:06:18.409+0000] {logging_mixin.py:137} INFO - [2024-06-26T13:06:18.409+0000] {dag.py:3441} INFO - Setting next_dagrun for example_bash_operator to 2024-06-25T00:00:00+00:00, run_after=2024-06-26T00:00:00+00:00
[2024-06-26T13:06:18.422+0000] {processor.py:175} INFO - Processing /home/airflow/.local/lib/python3.7/site-packages/airflow/example_dags/example_bash_operator.py took 0.075 seconds
[2024-06-26T13:06:49.288+0000] {processor.py:153} INFO - Started process (PID=613) to work on /home/airflow/.local/lib/python3.7/site-packages/airflow/example_dags/example_bash_operator.py
[2024-06-26T13:06:49.289+0000] {processor.py:743} INFO - Processing file /home/airflow/.local/lib/python3.7/site-packages/airflow/example_dags/example_bash_operator.py for tasks to queue
[2024-06-26T13:06:49.289+0000] {logging_mixin.py:137} INFO - [2024-06-26T13:06:49.289+0000] {dagbag.py:538} INFO - Filling up the DagBag from /home/airflow/.local/lib/python3.7/site-packages/airflow/example_dags/example_bash_operator.py
[2024-06-26T13:06:49.307+0000] {processor.py:753} INFO - DAG(s) dict_keys(['example_bash_operator']) retrieved from /home/airflow/.local/lib/python3.7/site-packages/airflow/example_dags/example_bash_operator.py
[2024-06-26T13:06:49.336+0000] {logging_mixin.py:137} INFO - [2024-06-26T13:06:49.336+0000] {dag.py:2690} INFO - Sync 1 DAGs
[2024-06-26T13:06:49.358+0000] {logging_mixin.py:137} INFO - [2024-06-26T13:06:49.358+0000] {dag.py:3441} INFO - Setting next_dagrun for example_bash_operator to 2024-06-25T00:00:00+00:00, run_after=2024-06-26T00:00:00+00:00
[2024-06-26T13:06:49.371+0000] {processor.py:175} INFO - Processing /home/airflow/.local/lib/python3.7/site-packages/airflow/example_dags/example_bash_operator.py took 0.085 seconds
[2024-06-26T13:07:19.555+0000] {processor.py:153} INFO - Started process (PID=692) to work on /home/airflow/.local/lib/python3.7/site-packages/airflow/example_dags/example_bash_operator.py
[2024-06-26T13:07:19.555+0000] {processor.py:743} INFO - Processing file /home/airflow/.local/lib/python3.7/site-packages/airflow/example_dags/example_bash_operator.py for tasks to queue
[2024-06-26T13:07:19.556+0000] {logging_mixin.py:137} INFO - [2024-06-26T13:07:19.556+0000] {dagbag.py:538} INFO - Filling up the DagBag from /home/airflow/.local/lib/python3.7/site-packages/airflow/example_dags/example_bash_operator.py
[2024-06-26T13:07:19.571+0000] {processor.py:753} INFO - DAG(s) dict_keys(['example_bash_operator']) retrieved from /home/airflow/.local/lib/python3.7/site-packages/airflow/example_dags/example_bash_operator.py
[2024-06-26T13:07:19.600+0000] {logging_mixin.py:137} INFO - [2024-06-26T13:07:19.599+0000] {dag.py:2690} INFO - Sync 1 DAGs
[2024-06-26T13:07:19.621+0000] {logging_mixin.py:137} INFO - [2024-06-26T13:07:19.621+0000] {dag.py:3441} INFO - Setting next_dagrun for example_bash_operator to 2024-06-25T00:00:00+00:00, run_after=2024-06-26T00:00:00+00:00
[2024-06-26T13:07:19.638+0000] {processor.py:175} INFO - Processing /home/airflow/.local/lib/python3.7/site-packages/airflow/example_dags/example_bash_operator.py took 0.086 seconds
[2024-06-26T13:07:49.674+0000] {processor.py:153} INFO - Started process (PID=791) to work on /home/airflow/.local/lib/python3.7/site-packages/airflow/example_dags/example_bash_operator.py
[2024-06-26T13:07:49.675+0000] {processor.py:743} INFO - Processing file /home/airflow/.local/lib/python3.7/site-packages/airflow/example_dags/example_bash_operator.py for tasks to queue
[2024-06-26T13:07:49.675+0000] {logging_mixin.py:137} INFO - [2024-06-26T13:07:49.675+0000] {dagbag.py:538} INFO - Filling up the DagBag from /home/airflow/.local/lib/python3.7/site-packages/airflow/example_dags/example_bash_operator.py
[2024-06-26T13:07:49.692+0000] {processor.py:753} INFO - DAG(s) dict_keys(['example_bash_operator']) retrieved from /home/airflow/.local/lib/python3.7/site-packages/airflow/example_dags/example_bash_operator.py
[2024-06-26T13:07:49.721+0000] {logging_mixin.py:137} INFO - [2024-06-26T13:07:49.721+0000] {dag.py:2690} INFO - Sync 1 DAGs
[2024-06-26T13:07:49.745+0000] {logging_mixin.py:137} INFO - [2024-06-26T13:07:49.745+0000] {dag.py:3441} INFO - Setting next_dagrun for example_bash_operator to 2024-06-25T00:00:00+00:00, run_after=2024-06-26T00:00:00+00:00
[2024-06-26T13:07:49.761+0000] {processor.py:175} INFO - Processing /home/airflow/.local/lib/python3.7/site-packages/airflow/example_dags/example_bash_operator.py took 0.089 seconds
[2024-06-26T13:08:19.809+0000] {processor.py:153} INFO - Started process (PID=877) to work on /home/airflow/.local/lib/python3.7/site-packages/airflow/example_dags/example_bash_operator.py
[2024-06-26T13:08:19.810+0000] {processor.py:743} INFO - Processing file /home/airflow/.local/lib/python3.7/site-packages/airflow/example_dags/example_bash_operator.py for tasks to queue
[2024-06-26T13:08:19.810+0000] {logging_mixin.py:137} INFO - [2024-06-26T13:08:19.810+0000] {dagbag.py:538} INFO - Filling up the DagBag from /home/airflow/.local/lib/python3.7/site-packages/airflow/example_dags/example_bash_operator.py
[2024-06-26T13:08:19.829+0000] {processor.py:753} INFO - DAG(s) dict_keys(['example_bash_operator']) retrieved from /home/airflow/.local/lib/python3.7/site-packages/airflow/example_dags/example_bash_operator.py
[2024-06-26T13:08:19.860+0000] {logging_mixin.py:137} INFO - [2024-06-26T13:08:19.860+0000] {dag.py:2690} INFO - Sync 1 DAGs
[2024-06-26T13:08:19.881+0000] {logging_mixin.py:137} INFO - [2024-06-26T13:08:19.881+0000] {dag.py:3441} INFO - Setting next_dagrun for example_bash_operator to 2024-06-25T00:00:00+00:00, run_after=2024-06-26T00:00:00+00:00
[2024-06-26T13:08:19.894+0000] {processor.py:175} INFO - Processing /home/airflow/.local/lib/python3.7/site-packages/airflow/example_dags/example_bash_operator.py took 0.087 seconds
[2024-06-26T13:08:50.791+0000] {processor.py:153} INFO - Started process (PID=969) to work on /home/airflow/.local/lib/python3.7/site-packages/airflow/example_dags/example_bash_operator.py
[2024-06-26T13:08:50.792+0000] {processor.py:743} INFO - Processing file /home/airflow/.local/lib/python3.7/site-packages/airflow/example_dags/example_bash_operator.py for tasks to queue
[2024-06-26T13:08:50.792+0000] {logging_mixin.py:137} INFO - [2024-06-26T13:08:50.792+0000] {dagbag.py:538} INFO - Filling up the DagBag from /home/airflow/.local/lib/python3.7/site-packages/airflow/example_dags/example_bash_operator.py
[2024-06-26T13:08:50.807+0000] {processor.py:753} INFO - DAG(s) dict_keys(['example_bash_operator']) retrieved from /home/airflow/.local/lib/python3.7/site-packages/airflow/example_dags/example_bash_operator.py
[2024-06-26T13:08:50.834+0000] {logging_mixin.py:137} INFO - [2024-06-26T13:08:50.834+0000] {dag.py:2690} INFO - Sync 1 DAGs
[2024-06-26T13:08:50.854+0000] {logging_mixin.py:137} INFO - [2024-06-26T13:08:50.853+0000] {dag.py:3441} INFO - Setting next_dagrun for example_bash_operator to 2024-06-25T00:00:00+00:00, run_after=2024-06-26T00:00:00+00:00
[2024-06-26T13:08:50.866+0000] {processor.py:175} INFO - Processing /home/airflow/.local/lib/python3.7/site-packages/airflow/example_dags/example_bash_operator.py took 0.076 seconds
[2024-06-26T13:09:21.704+0000] {processor.py:153} INFO - Started process (PID=1068) to work on /home/airflow/.local/lib/python3.7/site-packages/airflow/example_dags/example_bash_operator.py
[2024-06-26T13:09:21.704+0000] {processor.py:743} INFO - Processing file /home/airflow/.local/lib/python3.7/site-packages/airflow/example_dags/example_bash_operator.py for tasks to queue
[2024-06-26T13:09:21.705+0000] {logging_mixin.py:137} INFO - [2024-06-26T13:09:21.705+0000] {dagbag.py:538} INFO - Filling up the DagBag from /home/airflow/.local/lib/python3.7/site-packages/airflow/example_dags/example_bash_operator.py
[2024-06-26T13:09:21.720+0000] {processor.py:753} INFO - DAG(s) dict_keys(['example_bash_operator']) retrieved from /home/airflow/.local/lib/python3.7/site-packages/airflow/example_dags/example_bash_operator.py
[2024-06-26T13:09:21.748+0000] {logging_mixin.py:137} INFO - [2024-06-26T13:09:21.747+0000] {dag.py:2690} INFO - Sync 1 DAGs
[2024-06-26T13:09:21.768+0000] {logging_mixin.py:137} INFO - [2024-06-26T13:09:21.768+0000] {dag.py:3441} INFO - Setting next_dagrun for example_bash_operator to 2024-06-25T00:00:00+00:00, run_after=2024-06-26T00:00:00+00:00
[2024-06-26T13:09:21.780+0000] {processor.py:175} INFO - Processing /home/airflow/.local/lib/python3.7/site-packages/airflow/example_dags/example_bash_operator.py took 0.078 seconds
[2024-06-26T13:09:52.448+0000] {processor.py:153} INFO - Started process (PID=1147) to work on /home/airflow/.local/lib/python3.7/site-packages/airflow/example_dags/example_bash_operator.py
[2024-06-26T13:09:52.449+0000] {processor.py:743} INFO - Processing file /home/airflow/.local/lib/python3.7/site-packages/airflow/example_dags/example_bash_operator.py for tasks to queue
[2024-06-26T13:09:52.449+0000] {logging_mixin.py:137} INFO - [2024-06-26T13:09:52.449+0000] {dagbag.py:538} INFO - Filling up the DagBag from /home/airflow/.local/lib/python3.7/site-packages/airflow/example_dags/example_bash_operator.py
[2024-06-26T13:09:52.463+0000] {processor.py:753} INFO - DAG(s) dict_keys(['example_bash_operator']) retrieved from /home/airflow/.local/lib/python3.7/site-packages/airflow/example_dags/example_bash_operator.py
[2024-06-26T13:09:52.491+0000] {logging_mixin.py:137} INFO - [2024-06-26T13:09:52.491+0000] {dag.py:2690} INFO - Sync 1 DAGs
[2024-06-26T13:09:52.509+0000] {logging_mixin.py:137} INFO - [2024-06-26T13:09:52.509+0000] {dag.py:3441} INFO - Setting next_dagrun for example_bash_operator to 2024-06-25T00:00:00+00:00, run_after=2024-06-26T00:00:00+00:00
[2024-06-26T13:09:52.522+0000] {processor.py:175} INFO - Processing /home/airflow/.local/lib/python3.7/site-packages/airflow/example_dags/example_bash_operator.py took 0.075 seconds
[2024-06-26T13:10:23.263+0000] {processor.py:153} INFO - Started process (PID=1246) to work on /home/airflow/.local/lib/python3.7/site-packages/airflow/example_dags/example_bash_operator.py
[2024-06-26T13:10:23.263+0000] {processor.py:743} INFO - Processing file /home/airflow/.local/lib/python3.7/site-packages/airflow/example_dags/example_bash_operator.py for tasks to queue
[2024-06-26T13:10:23.264+0000] {logging_mixin.py:137} INFO - [2024-06-26T13:10:23.264+0000] {dagbag.py:538} INFO - Filling up the DagBag from /home/airflow/.local/lib/python3.7/site-packages/airflow/example_dags/example_bash_operator.py
[2024-06-26T13:10:23.280+0000] {processor.py:753} INFO - DAG(s) dict_keys(['example_bash_operator']) retrieved from /home/airflow/.local/lib/python3.7/site-packages/airflow/example_dags/example_bash_operator.py
[2024-06-26T13:10:23.309+0000] {logging_mixin.py:137} INFO - [2024-06-26T13:10:23.309+0000] {dag.py:2690} INFO - Sync 1 DAGs
[2024-06-26T13:10:23.329+0000] {logging_mixin.py:137} INFO - [2024-06-26T13:10:23.329+0000] {dag.py:3441} INFO - Setting next_dagrun for example_bash_operator to 2024-06-25T00:00:00+00:00, run_after=2024-06-26T00:00:00+00:00
[2024-06-26T13:10:23.343+0000] {processor.py:175} INFO - Processing /home/airflow/.local/lib/python3.7/site-packages/airflow/example_dags/example_bash_operator.py took 0.082 seconds
[2024-06-26T13:10:54.064+0000] {processor.py:153} INFO - Started process (PID=1334) to work on /home/airflow/.local/lib/python3.7/site-packages/airflow/example_dags/example_bash_operator.py
[2024-06-26T13:10:54.065+0000] {processor.py:743} INFO - Processing file /home/airflow/.local/lib/python3.7/site-packages/airflow/example_dags/example_bash_operator.py for tasks to queue
[2024-06-26T13:10:54.065+0000] {logging_mixin.py:137} INFO - [2024-06-26T13:10:54.065+0000] {dagbag.py:538} INFO - Filling up the DagBag from /home/airflow/.local/lib/python3.7/site-packages/airflow/example_dags/example_bash_operator.py
[2024-06-26T13:10:54.080+0000] {processor.py:753} INFO - DAG(s) dict_keys(['example_bash_operator']) retrieved from /home/airflow/.local/lib/python3.7/site-packages/airflow/example_dags/example_bash_operator.py
[2024-06-26T13:10:54.110+0000] {logging_mixin.py:137} INFO - [2024-06-26T13:10:54.110+0000] {dag.py:2690} INFO - Sync 1 DAGs
[2024-06-26T13:10:54.139+0000] {logging_mixin.py:137} INFO - [2024-06-26T13:10:54.139+0000] {dag.py:3441} INFO - Setting next_dagrun for example_bash_operator to 2024-06-25T00:00:00+00:00, run_after=2024-06-26T00:00:00+00:00
[2024-06-26T13:10:54.158+0000] {processor.py:175} INFO - Processing /home/airflow/.local/lib/python3.7/site-packages/airflow/example_dags/example_bash_operator.py took 0.096 seconds
[2024-06-26T13:11:25.041+0000] {processor.py:153} INFO - Started process (PID=1424) to work on /home/airflow/.local/lib/python3.7/site-packages/airflow/example_dags/example_bash_operator.py
[2024-06-26T13:11:25.042+0000] {processor.py:743} INFO - Processing file /home/airflow/.local/lib/python3.7/site-packages/airflow/example_dags/example_bash_operator.py for tasks to queue
[2024-06-26T13:11:25.042+0000] {logging_mixin.py:137} INFO - [2024-06-26T13:11:25.042+0000] {dagbag.py:538} INFO - Filling up the DagBag from /home/airflow/.local/lib/python3.7/site-packages/airflow/example_dags/example_bash_operator.py
[2024-06-26T13:11:25.057+0000] {processor.py:753} INFO - DAG(s) dict_keys(['example_bash_operator']) retrieved from /home/airflow/.local/lib/python3.7/site-packages/airflow/example_dags/example_bash_operator.py
[2024-06-26T13:11:25.084+0000] {logging_mixin.py:137} INFO - [2024-06-26T13:11:25.084+0000] {dag.py:2690} INFO - Sync 1 DAGs
[2024-06-26T13:11:25.104+0000] {logging_mixin.py:137} INFO - [2024-06-26T13:11:25.104+0000] {dag.py:3441} INFO - Setting next_dagrun for example_bash_operator to 2024-06-25T00:00:00+00:00, run_after=2024-06-26T00:00:00+00:00
[2024-06-26T13:11:25.117+0000] {processor.py:175} INFO - Processing /home/airflow/.local/lib/python3.7/site-packages/airflow/example_dags/example_bash_operator.py took 0.077 seconds
[2024-06-26T13:11:55.840+0000] {processor.py:153} INFO - Started process (PID=1523) to work on /home/airflow/.local/lib/python3.7/site-packages/airflow/example_dags/example_bash_operator.py
[2024-06-26T13:11:55.840+0000] {processor.py:743} INFO - Processing file /home/airflow/.local/lib/python3.7/site-packages/airflow/example_dags/example_bash_operator.py for tasks to queue
[2024-06-26T13:11:55.841+0000] {logging_mixin.py:137} INFO - [2024-06-26T13:11:55.841+0000] {dagbag.py:538} INFO - Filling up the DagBag from /home/airflow/.local/lib/python3.7/site-packages/airflow/example_dags/example_bash_operator.py
[2024-06-26T13:11:55.855+0000] {processor.py:753} INFO - DAG(s) dict_keys(['example_bash_operator']) retrieved from /home/airflow/.local/lib/python3.7/site-packages/airflow/example_dags/example_bash_operator.py
[2024-06-26T13:11:55.883+0000] {logging_mixin.py:137} INFO - [2024-06-26T13:11:55.883+0000] {dag.py:2690} INFO - Sync 1 DAGs
[2024-06-26T13:11:55.902+0000] {logging_mixin.py:137} INFO - [2024-06-26T13:11:55.902+0000] {dag.py:3441} INFO - Setting next_dagrun for example_bash_operator to 2024-06-25T00:00:00+00:00, run_after=2024-06-26T00:00:00+00:00
[2024-06-26T13:11:55.915+0000] {processor.py:175} INFO - Processing /home/airflow/.local/lib/python3.7/site-packages/airflow/example_dags/example_bash_operator.py took 0.077 seconds
[2024-06-26T13:12:26.643+0000] {processor.py:153} INFO - Started process (PID=1602) to work on /home/airflow/.local/lib/python3.7/site-packages/airflow/example_dags/example_bash_operator.py
[2024-06-26T13:12:26.644+0000] {processor.py:743} INFO - Processing file /home/airflow/.local/lib/python3.7/site-packages/airflow/example_dags/example_bash_operator.py for tasks to queue
[2024-06-26T13:12:26.644+0000] {logging_mixin.py:137} INFO - [2024-06-26T13:12:26.644+0000] {dagbag.py:538} INFO - Filling up the DagBag from /home/airflow/.local/lib/python3.7/site-packages/airflow/example_dags/example_bash_operator.py
[2024-06-26T13:12:26.659+0000] {processor.py:753} INFO - DAG(s) dict_keys(['example_bash_operator']) retrieved from /home/airflow/.local/lib/python3.7/site-packages/airflow/example_dags/example_bash_operator.py
[2024-06-26T13:12:26.687+0000] {logging_mixin.py:137} INFO - [2024-06-26T13:12:26.686+0000] {dag.py:2690} INFO - Sync 1 DAGs
[2024-06-26T13:12:26.706+0000] {logging_mixin.py:137} INFO - [2024-06-26T13:12:26.706+0000] {dag.py:3441} INFO - Setting next_dagrun for example_bash_operator to 2024-06-25T00:00:00+00:00, run_after=2024-06-26T00:00:00+00:00
[2024-06-26T13:12:26.719+0000] {processor.py:175} INFO - Processing /home/airflow/.local/lib/python3.7/site-packages/airflow/example_dags/example_bash_operator.py took 0.077 seconds
[2024-06-26T13:12:57.475+0000] {processor.py:153} INFO - Started process (PID=1701) to work on /home/airflow/.local/lib/python3.7/site-packages/airflow/example_dags/example_bash_operator.py
[2024-06-26T13:12:57.476+0000] {processor.py:743} INFO - Processing file /home/airflow/.local/lib/python3.7/site-packages/airflow/example_dags/example_bash_operator.py for tasks to queue
[2024-06-26T13:12:57.476+0000] {logging_mixin.py:137} INFO - [2024-06-26T13:12:57.476+0000] {dagbag.py:538} INFO - Filling up the DagBag from /home/airflow/.local/lib/python3.7/site-packages/airflow/example_dags/example_bash_operator.py
[2024-06-26T13:12:57.491+0000] {processor.py:753} INFO - DAG(s) dict_keys(['example_bash_operator']) retrieved from /home/airflow/.local/lib/python3.7/site-packages/airflow/example_dags/example_bash_operator.py
[2024-06-26T13:12:57.518+0000] {logging_mixin.py:137} INFO - [2024-06-26T13:12:57.518+0000] {dag.py:2690} INFO - Sync 1 DAGs
[2024-06-26T13:12:57.538+0000] {logging_mixin.py:137} INFO - [2024-06-26T13:12:57.538+0000] {dag.py:3441} INFO - Setting next_dagrun for example_bash_operator to 2024-06-25T00:00:00+00:00, run_after=2024-06-26T00:00:00+00:00
[2024-06-26T13:12:57.549+0000] {processor.py:175} INFO - Processing /home/airflow/.local/lib/python3.7/site-packages/airflow/example_dags/example_bash_operator.py took 0.076 seconds
[2024-06-26T13:13:28.386+0000] {processor.py:153} INFO - Started process (PID=1800) to work on /home/airflow/.local/lib/python3.7/site-packages/airflow/example_dags/example_bash_operator.py
[2024-06-26T13:13:28.387+0000] {processor.py:743} INFO - Processing file /home/airflow/.local/lib/python3.7/site-packages/airflow/example_dags/example_bash_operator.py for tasks to queue
[2024-06-26T13:13:28.387+0000] {logging_mixin.py:137} INFO - [2024-06-26T13:13:28.387+0000] {dagbag.py:538} INFO - Filling up the DagBag from /home/airflow/.local/lib/python3.7/site-packages/airflow/example_dags/example_bash_operator.py
[2024-06-26T13:13:28.401+0000] {processor.py:753} INFO - DAG(s) dict_keys(['example_bash_operator']) retrieved from /home/airflow/.local/lib/python3.7/site-packages/airflow/example_dags/example_bash_operator.py
[2024-06-26T13:13:28.429+0000] {logging_mixin.py:137} INFO - [2024-06-26T13:13:28.429+0000] {dag.py:2690} INFO - Sync 1 DAGs
[2024-06-26T13:13:28.448+0000] {logging_mixin.py:137} INFO - [2024-06-26T13:13:28.448+0000] {dag.py:3441} INFO - Setting next_dagrun for example_bash_operator to 2024-06-25T00:00:00+00:00, run_after=2024-06-26T00:00:00+00:00
[2024-06-26T13:13:28.461+0000] {processor.py:175} INFO - Processing /home/airflow/.local/lib/python3.7/site-packages/airflow/example_dags/example_bash_operator.py took 0.076 seconds
[2024-06-26T13:13:59.142+0000] {processor.py:153} INFO - Started process (PID=1879) to work on /home/airflow/.local/lib/python3.7/site-packages/airflow/example_dags/example_bash_operator.py
[2024-06-26T13:13:59.143+0000] {processor.py:743} INFO - Processing file /home/airflow/.local/lib/python3.7/site-packages/airflow/example_dags/example_bash_operator.py for tasks to queue
[2024-06-26T13:13:59.143+0000] {logging_mixin.py:137} INFO - [2024-06-26T13:13:59.143+0000] {dagbag.py:538} INFO - Filling up the DagBag from /home/airflow/.local/lib/python3.7/site-packages/airflow/example_dags/example_bash_operator.py
[2024-06-26T13:13:59.158+0000] {processor.py:753} INFO - DAG(s) dict_keys(['example_bash_operator']) retrieved from /home/airflow/.local/lib/python3.7/site-packages/airflow/example_dags/example_bash_operator.py
[2024-06-26T13:13:59.186+0000] {logging_mixin.py:137} INFO - [2024-06-26T13:13:59.186+0000] {dag.py:2690} INFO - Sync 1 DAGs
[2024-06-26T13:13:59.205+0000] {logging_mixin.py:137} INFO - [2024-06-26T13:13:59.205+0000] {dag.py:3441} INFO - Setting next_dagrun for example_bash_operator to 2024-06-25T00:00:00+00:00, run_after=2024-06-26T00:00:00+00:00
[2024-06-26T13:13:59.217+0000] {processor.py:175} INFO - Processing /home/airflow/.local/lib/python3.7/site-packages/airflow/example_dags/example_bash_operator.py took 0.077 seconds
[2024-06-26T13:14:29.871+0000] {processor.py:153} INFO - Started process (PID=1978) to work on /home/airflow/.local/lib/python3.7/site-packages/airflow/example_dags/example_bash_operator.py
[2024-06-26T13:14:29.872+0000] {processor.py:743} INFO - Processing file /home/airflow/.local/lib/python3.7/site-packages/airflow/example_dags/example_bash_operator.py for tasks to queue
[2024-06-26T13:14:29.872+0000] {logging_mixin.py:137} INFO - [2024-06-26T13:14:29.872+0000] {dagbag.py:538} INFO - Filling up the DagBag from /home/airflow/.local/lib/python3.7/site-packages/airflow/example_dags/example_bash_operator.py
[2024-06-26T13:14:29.886+0000] {processor.py:753} INFO - DAG(s) dict_keys(['example_bash_operator']) retrieved from /home/airflow/.local/lib/python3.7/site-packages/airflow/example_dags/example_bash_operator.py
[2024-06-26T13:14:29.915+0000] {logging_mixin.py:137} INFO - [2024-06-26T13:14:29.914+0000] {dag.py:2690} INFO - Sync 1 DAGs
[2024-06-26T13:14:29.934+0000] {logging_mixin.py:137} INFO - [2024-06-26T13:14:29.933+0000] {dag.py:3441} INFO - Setting next_dagrun for example_bash_operator to 2024-06-25T00:00:00+00:00, run_after=2024-06-26T00:00:00+00:00
[2024-06-26T13:14:29.946+0000] {processor.py:175} INFO - Processing /home/airflow/.local/lib/python3.7/site-packages/airflow/example_dags/example_bash_operator.py took 0.077 seconds
[2024-06-26T13:15:00.732+0000] {processor.py:153} INFO - Started process (PID=2077) to work on /home/airflow/.local/lib/python3.7/site-packages/airflow/example_dags/example_bash_operator.py
[2024-06-26T13:15:00.733+0000] {processor.py:743} INFO - Processing file /home/airflow/.local/lib/python3.7/site-packages/airflow/example_dags/example_bash_operator.py for tasks to queue
[2024-06-26T13:15:00.733+0000] {logging_mixin.py:137} INFO - [2024-06-26T13:15:00.733+0000] {dagbag.py:538} INFO - Filling up the DagBag from /home/airflow/.local/lib/python3.7/site-packages/airflow/example_dags/example_bash_operator.py
[2024-06-26T13:15:00.749+0000] {processor.py:753} INFO - DAG(s) dict_keys(['example_bash_operator']) retrieved from /home/airflow/.local/lib/python3.7/site-packages/airflow/example_dags/example_bash_operator.py
[2024-06-26T13:15:00.778+0000] {logging_mixin.py:137} INFO - [2024-06-26T13:15:00.777+0000] {dag.py:2690} INFO - Sync 1 DAGs
[2024-06-26T13:15:00.799+0000] {logging_mixin.py:137} INFO - [2024-06-26T13:15:00.798+0000] {dag.py:3441} INFO - Setting next_dagrun for example_bash_operator to 2024-06-25T00:00:00+00:00, run_after=2024-06-26T00:00:00+00:00
[2024-06-26T13:15:00.812+0000] {processor.py:175} INFO - Processing /home/airflow/.local/lib/python3.7/site-packages/airflow/example_dags/example_bash_operator.py took 0.082 seconds
[2024-06-26T13:15:31.670+0000] {processor.py:153} INFO - Started process (PID=2156) to work on /home/airflow/.local/lib/python3.7/site-packages/airflow/example_dags/example_bash_operator.py
[2024-06-26T13:15:31.671+0000] {processor.py:743} INFO - Processing file /home/airflow/.local/lib/python3.7/site-packages/airflow/example_dags/example_bash_operator.py for tasks to queue
[2024-06-26T13:15:31.671+0000] {logging_mixin.py:137} INFO - [2024-06-26T13:15:31.671+0000] {dagbag.py:538} INFO - Filling up the DagBag from /home/airflow/.local/lib/python3.7/site-packages/airflow/example_dags/example_bash_operator.py
[2024-06-26T13:15:31.686+0000] {processor.py:753} INFO - DAG(s) dict_keys(['example_bash_operator']) retrieved from /home/airflow/.local/lib/python3.7/site-packages/airflow/example_dags/example_bash_operator.py
[2024-06-26T13:15:31.713+0000] {logging_mixin.py:137} INFO - [2024-06-26T13:15:31.713+0000] {dag.py:2690} INFO - Sync 1 DAGs
[2024-06-26T13:15:31.733+0000] {logging_mixin.py:137} INFO - [2024-06-26T13:15:31.733+0000] {dag.py:3441} INFO - Setting next_dagrun for example_bash_operator to 2024-06-25T00:00:00+00:00, run_after=2024-06-26T00:00:00+00:00
[2024-06-26T13:15:31.745+0000] {processor.py:175} INFO - Processing /home/airflow/.local/lib/python3.7/site-packages/airflow/example_dags/example_bash_operator.py took 0.077 seconds
[2024-06-26T13:16:02.460+0000] {processor.py:153} INFO - Started process (PID=2255) to work on /home/airflow/.local/lib/python3.7/site-packages/airflow/example_dags/example_bash_operator.py
[2024-06-26T13:16:02.460+0000] {processor.py:743} INFO - Processing file /home/airflow/.local/lib/python3.7/site-packages/airflow/example_dags/example_bash_operator.py for tasks to queue
[2024-06-26T13:16:02.460+0000] {logging_mixin.py:137} INFO - [2024-06-26T13:16:02.460+0000] {dagbag.py:538} INFO - Filling up the DagBag from /home/airflow/.local/lib/python3.7/site-packages/airflow/example_dags/example_bash_operator.py
[2024-06-26T13:16:02.475+0000] {processor.py:753} INFO - DAG(s) dict_keys(['example_bash_operator']) retrieved from /home/airflow/.local/lib/python3.7/site-packages/airflow/example_dags/example_bash_operator.py
[2024-06-26T13:16:02.503+0000] {logging_mixin.py:137} INFO - [2024-06-26T13:16:02.502+0000] {dag.py:2690} INFO - Sync 1 DAGs
[2024-06-26T13:16:02.523+0000] {logging_mixin.py:137} INFO - [2024-06-26T13:16:02.522+0000] {dag.py:3441} INFO - Setting next_dagrun for example_bash_operator to 2024-06-25T00:00:00+00:00, run_after=2024-06-26T00:00:00+00:00
[2024-06-26T13:16:02.535+0000] {processor.py:175} INFO - Processing /home/airflow/.local/lib/python3.7/site-packages/airflow/example_dags/example_bash_operator.py took 0.077 seconds
[2024-06-26T13:16:33.279+0000] {processor.py:153} INFO - Started process (PID=2334) to work on /home/airflow/.local/lib/python3.7/site-packages/airflow/example_dags/example_bash_operator.py
[2024-06-26T13:16:33.280+0000] {processor.py:743} INFO - Processing file /home/airflow/.local/lib/python3.7/site-packages/airflow/example_dags/example_bash_operator.py for tasks to queue
[2024-06-26T13:16:33.280+0000] {logging_mixin.py:137} INFO - [2024-06-26T13:16:33.280+0000] {dagbag.py:538} INFO - Filling up the DagBag from /home/airflow/.local/lib/python3.7/site-packages/airflow/example_dags/example_bash_operator.py
[2024-06-26T13:16:33.294+0000] {processor.py:753} INFO - DAG(s) dict_keys(['example_bash_operator']) retrieved from /home/airflow/.local/lib/python3.7/site-packages/airflow/example_dags/example_bash_operator.py
[2024-06-26T13:16:33.326+0000] {logging_mixin.py:137} INFO - [2024-06-26T13:16:33.325+0000] {dag.py:2690} INFO - Sync 1 DAGs
[2024-06-26T13:16:33.352+0000] {logging_mixin.py:137} INFO - [2024-06-26T13:16:33.352+0000] {dag.py:3441} INFO - Setting next_dagrun for example_bash_operator to 2024-06-25T00:00:00+00:00, run_after=2024-06-26T00:00:00+00:00
[2024-06-26T13:16:33.365+0000] {processor.py:175} INFO - Processing /home/airflow/.local/lib/python3.7/site-packages/airflow/example_dags/example_bash_operator.py took 0.088 seconds
[2024-06-26T13:17:04.050+0000] {processor.py:153} INFO - Started process (PID=2433) to work on /home/airflow/.local/lib/python3.7/site-packages/airflow/example_dags/example_bash_operator.py
[2024-06-26T13:17:04.050+0000] {processor.py:743} INFO - Processing file /home/airflow/.local/lib/python3.7/site-packages/airflow/example_dags/example_bash_operator.py for tasks to queue
[2024-06-26T13:17:04.051+0000] {logging_mixin.py:137} INFO - [2024-06-26T13:17:04.051+0000] {dagbag.py:538} INFO - Filling up the DagBag from /home/airflow/.local/lib/python3.7/site-packages/airflow/example_dags/example_bash_operator.py
[2024-06-26T13:17:04.066+0000] {processor.py:753} INFO - DAG(s) dict_keys(['example_bash_operator']) retrieved from /home/airflow/.local/lib/python3.7/site-packages/airflow/example_dags/example_bash_operator.py
[2024-06-26T13:17:04.093+0000] {logging_mixin.py:137} INFO - [2024-06-26T13:17:04.093+0000] {dag.py:2690} INFO - Sync 1 DAGs
[2024-06-26T13:17:04.114+0000] {logging_mixin.py:137} INFO - [2024-06-26T13:17:04.114+0000] {dag.py:3441} INFO - Setting next_dagrun for example_bash_operator to 2024-06-25T00:00:00+00:00, run_after=2024-06-26T00:00:00+00:00
[2024-06-26T13:17:04.127+0000] {processor.py:175} INFO - Processing /home/airflow/.local/lib/python3.7/site-packages/airflow/example_dags/example_bash_operator.py took 0.079 seconds
[2024-06-26T13:17:34.143+0000] {processor.py:153} INFO - Started process (PID=2532) to work on /home/airflow/.local/lib/python3.7/site-packages/airflow/example_dags/example_bash_operator.py
[2024-06-26T13:17:34.144+0000] {processor.py:743} INFO - Processing file /home/airflow/.local/lib/python3.7/site-packages/airflow/example_dags/example_bash_operator.py for tasks to queue
[2024-06-26T13:17:34.144+0000] {logging_mixin.py:137} INFO - [2024-06-26T13:17:34.144+0000] {dagbag.py:538} INFO - Filling up the DagBag from /home/airflow/.local/lib/python3.7/site-packages/airflow/example_dags/example_bash_operator.py
[2024-06-26T13:17:34.160+0000] {processor.py:753} INFO - DAG(s) dict_keys(['example_bash_operator']) retrieved from /home/airflow/.local/lib/python3.7/site-packages/airflow/example_dags/example_bash_operator.py
[2024-06-26T13:17:34.189+0000] {logging_mixin.py:137} INFO - [2024-06-26T13:17:34.189+0000] {dag.py:2690} INFO - Sync 1 DAGs
[2024-06-26T13:17:34.210+0000] {logging_mixin.py:137} INFO - [2024-06-26T13:17:34.210+0000] {dag.py:3441} INFO - Setting next_dagrun for example_bash_operator to 2024-06-25T00:00:00+00:00, run_after=2024-06-26T00:00:00+00:00
[2024-06-26T13:17:34.225+0000] {processor.py:175} INFO - Processing /home/airflow/.local/lib/python3.7/site-packages/airflow/example_dags/example_bash_operator.py took 0.083 seconds
[2024-06-26T13:18:04.984+0000] {processor.py:153} INFO - Started process (PID=2611) to work on /home/airflow/.local/lib/python3.7/site-packages/airflow/example_dags/example_bash_operator.py
[2024-06-26T13:18:04.985+0000] {processor.py:743} INFO - Processing file /home/airflow/.local/lib/python3.7/site-packages/airflow/example_dags/example_bash_operator.py for tasks to queue
[2024-06-26T13:18:04.985+0000] {logging_mixin.py:137} INFO - [2024-06-26T13:18:04.985+0000] {dagbag.py:538} INFO - Filling up the DagBag from /home/airflow/.local/lib/python3.7/site-packages/airflow/example_dags/example_bash_operator.py
[2024-06-26T13:18:04.999+0000] {processor.py:753} INFO - DAG(s) dict_keys(['example_bash_operator']) retrieved from /home/airflow/.local/lib/python3.7/site-packages/airflow/example_dags/example_bash_operator.py
[2024-06-26T13:18:05.026+0000] {logging_mixin.py:137} INFO - [2024-06-26T13:18:05.026+0000] {dag.py:2690} INFO - Sync 1 DAGs
[2024-06-26T13:18:05.044+0000] {logging_mixin.py:137} INFO - [2024-06-26T13:18:05.044+0000] {dag.py:3441} INFO - Setting next_dagrun for example_bash_operator to 2024-06-25T00:00:00+00:00, run_after=2024-06-26T00:00:00+00:00
[2024-06-26T13:18:05.057+0000] {processor.py:175} INFO - Processing /home/airflow/.local/lib/python3.7/site-packages/airflow/example_dags/example_bash_operator.py took 0.075 seconds
[2024-06-26T13:18:35.783+0000] {processor.py:153} INFO - Started process (PID=2710) to work on /home/airflow/.local/lib/python3.7/site-packages/airflow/example_dags/example_bash_operator.py
[2024-06-26T13:18:35.783+0000] {processor.py:743} INFO - Processing file /home/airflow/.local/lib/python3.7/site-packages/airflow/example_dags/example_bash_operator.py for tasks to queue
[2024-06-26T13:18:35.784+0000] {logging_mixin.py:137} INFO - [2024-06-26T13:18:35.784+0000] {dagbag.py:538} INFO - Filling up the DagBag from /home/airflow/.local/lib/python3.7/site-packages/airflow/example_dags/example_bash_operator.py
[2024-06-26T13:18:35.798+0000] {processor.py:753} INFO - DAG(s) dict_keys(['example_bash_operator']) retrieved from /home/airflow/.local/lib/python3.7/site-packages/airflow/example_dags/example_bash_operator.py
[2024-06-26T13:18:35.825+0000] {logging_mixin.py:137} INFO - [2024-06-26T13:18:35.825+0000] {dag.py:2690} INFO - Sync 1 DAGs
[2024-06-26T13:18:35.844+0000] {logging_mixin.py:137} INFO - [2024-06-26T13:18:35.844+0000] {dag.py:3441} INFO - Setting next_dagrun for example_bash_operator to 2024-06-25T00:00:00+00:00, run_after=2024-06-26T00:00:00+00:00
[2024-06-26T13:18:35.857+0000] {processor.py:175} INFO - Processing /home/airflow/.local/lib/python3.7/site-packages/airflow/example_dags/example_bash_operator.py took 0.075 seconds
[2024-06-26T13:19:06.579+0000] {processor.py:153} INFO - Started process (PID=2795) to work on /home/airflow/.local/lib/python3.7/site-packages/airflow/example_dags/example_bash_operator.py
[2024-06-26T13:19:06.580+0000] {processor.py:743} INFO - Processing file /home/airflow/.local/lib/python3.7/site-packages/airflow/example_dags/example_bash_operator.py for tasks to queue
[2024-06-26T13:19:06.580+0000] {logging_mixin.py:137} INFO - [2024-06-26T13:19:06.580+0000] {dagbag.py:538} INFO - Filling up the DagBag from /home/airflow/.local/lib/python3.7/site-packages/airflow/example_dags/example_bash_operator.py
[2024-06-26T13:19:06.598+0000] {processor.py:753} INFO - DAG(s) dict_keys(['example_bash_operator']) retrieved from /home/airflow/.local/lib/python3.7/site-packages/airflow/example_dags/example_bash_operator.py
[2024-06-26T13:19:06.627+0000] {logging_mixin.py:137} INFO - [2024-06-26T13:19:06.627+0000] {dag.py:2690} INFO - Sync 1 DAGs
[2024-06-26T13:19:06.648+0000] {logging_mixin.py:137} INFO - [2024-06-26T13:19:06.648+0000] {dag.py:3441} INFO - Setting next_dagrun for example_bash_operator to 2024-06-25T00:00:00+00:00, run_after=2024-06-26T00:00:00+00:00
[2024-06-26T13:19:06.662+0000] {processor.py:175} INFO - Processing /home/airflow/.local/lib/python3.7/site-packages/airflow/example_dags/example_bash_operator.py took 0.084 seconds
[2024-06-26T13:19:37.357+0000] {processor.py:153} INFO - Started process (PID=2887) to work on /home/airflow/.local/lib/python3.7/site-packages/airflow/example_dags/example_bash_operator.py
[2024-06-26T13:19:37.358+0000] {processor.py:743} INFO - Processing file /home/airflow/.local/lib/python3.7/site-packages/airflow/example_dags/example_bash_operator.py for tasks to queue
[2024-06-26T13:19:37.358+0000] {logging_mixin.py:137} INFO - [2024-06-26T13:19:37.358+0000] {dagbag.py:538} INFO - Filling up the DagBag from /home/airflow/.local/lib/python3.7/site-packages/airflow/example_dags/example_bash_operator.py
[2024-06-26T13:19:37.373+0000] {processor.py:753} INFO - DAG(s) dict_keys(['example_bash_operator']) retrieved from /home/airflow/.local/lib/python3.7/site-packages/airflow/example_dags/example_bash_operator.py
[2024-06-26T13:19:37.399+0000] {logging_mixin.py:137} INFO - [2024-06-26T13:19:37.399+0000] {dag.py:2690} INFO - Sync 1 DAGs
[2024-06-26T13:19:37.418+0000] {logging_mixin.py:137} INFO - [2024-06-26T13:19:37.418+0000] {dag.py:3441} INFO - Setting next_dagrun for example_bash_operator to 2024-06-25T00:00:00+00:00, run_after=2024-06-26T00:00:00+00:00
[2024-06-26T13:19:37.431+0000] {processor.py:175} INFO - Processing /home/airflow/.local/lib/python3.7/site-packages/airflow/example_dags/example_bash_operator.py took 0.076 seconds
[2024-06-26T13:20:08.244+0000] {processor.py:153} INFO - Started process (PID=2987) to work on /home/airflow/.local/lib/python3.7/site-packages/airflow/example_dags/example_bash_operator.py
[2024-06-26T13:20:08.244+0000] {processor.py:743} INFO - Processing file /home/airflow/.local/lib/python3.7/site-packages/airflow/example_dags/example_bash_operator.py for tasks to queue
[2024-06-26T13:20:08.245+0000] {logging_mixin.py:137} INFO - [2024-06-26T13:20:08.244+0000] {dagbag.py:538} INFO - Filling up the DagBag from /home/airflow/.local/lib/python3.7/site-packages/airflow/example_dags/example_bash_operator.py
[2024-06-26T13:20:08.260+0000] {processor.py:753} INFO - DAG(s) dict_keys(['example_bash_operator']) retrieved from /home/airflow/.local/lib/python3.7/site-packages/airflow/example_dags/example_bash_operator.py
[2024-06-26T13:20:08.288+0000] {logging_mixin.py:137} INFO - [2024-06-26T13:20:08.288+0000] {dag.py:2690} INFO - Sync 1 DAGs
[2024-06-26T13:20:08.308+0000] {logging_mixin.py:137} INFO - [2024-06-26T13:20:08.308+0000] {dag.py:3441} INFO - Setting next_dagrun for example_bash_operator to 2024-06-25T00:00:00+00:00, run_after=2024-06-26T00:00:00+00:00
[2024-06-26T13:20:08.324+0000] {processor.py:175} INFO - Processing /home/airflow/.local/lib/python3.7/site-packages/airflow/example_dags/example_bash_operator.py took 0.082 seconds
[2024-06-26T13:20:39.072+0000] {processor.py:153} INFO - Started process (PID=3066) to work on /home/airflow/.local/lib/python3.7/site-packages/airflow/example_dags/example_bash_operator.py
[2024-06-26T13:20:39.073+0000] {processor.py:743} INFO - Processing file /home/airflow/.local/lib/python3.7/site-packages/airflow/example_dags/example_bash_operator.py for tasks to queue
[2024-06-26T13:20:39.073+0000] {logging_mixin.py:137} INFO - [2024-06-26T13:20:39.073+0000] {dagbag.py:538} INFO - Filling up the DagBag from /home/airflow/.local/lib/python3.7/site-packages/airflow/example_dags/example_bash_operator.py
[2024-06-26T13:20:39.087+0000] {processor.py:753} INFO - DAG(s) dict_keys(['example_bash_operator']) retrieved from /home/airflow/.local/lib/python3.7/site-packages/airflow/example_dags/example_bash_operator.py
[2024-06-26T13:20:39.114+0000] {logging_mixin.py:137} INFO - [2024-06-26T13:20:39.114+0000] {dag.py:2690} INFO - Sync 1 DAGs
[2024-06-26T13:20:39.133+0000] {logging_mixin.py:137} INFO - [2024-06-26T13:20:39.133+0000] {dag.py:3441} INFO - Setting next_dagrun for example_bash_operator to 2024-06-25T00:00:00+00:00, run_after=2024-06-26T00:00:00+00:00
[2024-06-26T13:20:39.146+0000] {processor.py:175} INFO - Processing /home/airflow/.local/lib/python3.7/site-packages/airflow/example_dags/example_bash_operator.py took 0.076 seconds
[2024-06-26T13:21:09.855+0000] {processor.py:153} INFO - Started process (PID=3165) to work on /home/airflow/.local/lib/python3.7/site-packages/airflow/example_dags/example_bash_operator.py
[2024-06-26T13:21:09.856+0000] {processor.py:743} INFO - Processing file /home/airflow/.local/lib/python3.7/site-packages/airflow/example_dags/example_bash_operator.py for tasks to queue
[2024-06-26T13:21:09.856+0000] {logging_mixin.py:137} INFO - [2024-06-26T13:21:09.856+0000] {dagbag.py:538} INFO - Filling up the DagBag from /home/airflow/.local/lib/python3.7/site-packages/airflow/example_dags/example_bash_operator.py
[2024-06-26T13:21:09.871+0000] {processor.py:753} INFO - DAG(s) dict_keys(['example_bash_operator']) retrieved from /home/airflow/.local/lib/python3.7/site-packages/airflow/example_dags/example_bash_operator.py
[2024-06-26T13:21:09.898+0000] {logging_mixin.py:137} INFO - [2024-06-26T13:21:09.898+0000] {dag.py:2690} INFO - Sync 1 DAGs
[2024-06-26T13:21:09.917+0000] {logging_mixin.py:137} INFO - [2024-06-26T13:21:09.917+0000] {dag.py:3441} INFO - Setting next_dagrun for example_bash_operator to 2024-06-25T00:00:00+00:00, run_after=2024-06-26T00:00:00+00:00
[2024-06-26T13:21:09.929+0000] {processor.py:175} INFO - Processing /home/airflow/.local/lib/python3.7/site-packages/airflow/example_dags/example_bash_operator.py took 0.075 seconds
[2024-06-26T13:21:40.815+0000] {processor.py:153} INFO - Started process (PID=3264) to work on /home/airflow/.local/lib/python3.7/site-packages/airflow/example_dags/example_bash_operator.py
[2024-06-26T13:21:40.816+0000] {processor.py:743} INFO - Processing file /home/airflow/.local/lib/python3.7/site-packages/airflow/example_dags/example_bash_operator.py for tasks to queue
[2024-06-26T13:21:40.816+0000] {logging_mixin.py:137} INFO - [2024-06-26T13:21:40.816+0000] {dagbag.py:538} INFO - Filling up the DagBag from /home/airflow/.local/lib/python3.7/site-packages/airflow/example_dags/example_bash_operator.py
[2024-06-26T13:21:40.832+0000] {processor.py:753} INFO - DAG(s) dict_keys(['example_bash_operator']) retrieved from /home/airflow/.local/lib/python3.7/site-packages/airflow/example_dags/example_bash_operator.py
[2024-06-26T13:21:40.860+0000] {logging_mixin.py:137} INFO - [2024-06-26T13:21:40.860+0000] {dag.py:2690} INFO - Sync 1 DAGs
[2024-06-26T13:21:40.880+0000] {logging_mixin.py:137} INFO - [2024-06-26T13:21:40.880+0000] {dag.py:3441} INFO - Setting next_dagrun for example_bash_operator to 2024-06-25T00:00:00+00:00, run_after=2024-06-26T00:00:00+00:00
[2024-06-26T13:21:40.894+0000] {processor.py:175} INFO - Processing /home/airflow/.local/lib/python3.7/site-packages/airflow/example_dags/example_bash_operator.py took 0.081 seconds
[2024-06-26T13:22:11.742+0000] {processor.py:153} INFO - Started process (PID=3343) to work on /home/airflow/.local/lib/python3.7/site-packages/airflow/example_dags/example_bash_operator.py
[2024-06-26T13:22:11.743+0000] {processor.py:743} INFO - Processing file /home/airflow/.local/lib/python3.7/site-packages/airflow/example_dags/example_bash_operator.py for tasks to queue
[2024-06-26T13:22:11.743+0000] {logging_mixin.py:137} INFO - [2024-06-26T13:22:11.743+0000] {dagbag.py:538} INFO - Filling up the DagBag from /home/airflow/.local/lib/python3.7/site-packages/airflow/example_dags/example_bash_operator.py
[2024-06-26T13:22:11.758+0000] {processor.py:753} INFO - DAG(s) dict_keys(['example_bash_operator']) retrieved from /home/airflow/.local/lib/python3.7/site-packages/airflow/example_dags/example_bash_operator.py
[2024-06-26T13:22:11.784+0000] {logging_mixin.py:137} INFO - [2024-06-26T13:22:11.784+0000] {dag.py:2690} INFO - Sync 1 DAGs
[2024-06-26T13:22:11.803+0000] {logging_mixin.py:137} INFO - [2024-06-26T13:22:11.803+0000] {dag.py:3441} INFO - Setting next_dagrun for example_bash_operator to 2024-06-25T00:00:00+00:00, run_after=2024-06-26T00:00:00+00:00
[2024-06-26T13:22:11.815+0000] {processor.py:175} INFO - Processing /home/airflow/.local/lib/python3.7/site-packages/airflow/example_dags/example_bash_operator.py took 0.075 seconds
[2024-06-26T13:22:42.559+0000] {processor.py:153} INFO - Started process (PID=3442) to work on /home/airflow/.local/lib/python3.7/site-packages/airflow/example_dags/example_bash_operator.py
[2024-06-26T13:22:42.560+0000] {processor.py:743} INFO - Processing file /home/airflow/.local/lib/python3.7/site-packages/airflow/example_dags/example_bash_operator.py for tasks to queue
[2024-06-26T13:22:42.560+0000] {logging_mixin.py:137} INFO - [2024-06-26T13:22:42.560+0000] {dagbag.py:538} INFO - Filling up the DagBag from /home/airflow/.local/lib/python3.7/site-packages/airflow/example_dags/example_bash_operator.py
[2024-06-26T13:22:42.576+0000] {processor.py:753} INFO - DAG(s) dict_keys(['example_bash_operator']) retrieved from /home/airflow/.local/lib/python3.7/site-packages/airflow/example_dags/example_bash_operator.py
[2024-06-26T13:22:42.602+0000] {logging_mixin.py:137} INFO - [2024-06-26T13:22:42.602+0000] {dag.py:2690} INFO - Sync 1 DAGs
[2024-06-26T13:22:42.623+0000] {logging_mixin.py:137} INFO - [2024-06-26T13:22:42.623+0000] {dag.py:3441} INFO - Setting next_dagrun for example_bash_operator to 2024-06-25T00:00:00+00:00, run_after=2024-06-26T00:00:00+00:00
[2024-06-26T13:22:42.638+0000] {processor.py:175} INFO - Processing /home/airflow/.local/lib/python3.7/site-packages/airflow/example_dags/example_bash_operator.py took 0.080 seconds
[2024-06-26T13:23:13.373+0000] {processor.py:153} INFO - Started process (PID=3521) to work on /home/airflow/.local/lib/python3.7/site-packages/airflow/example_dags/example_bash_operator.py
[2024-06-26T13:23:13.374+0000] {processor.py:743} INFO - Processing file /home/airflow/.local/lib/python3.7/site-packages/airflow/example_dags/example_bash_operator.py for tasks to queue
[2024-06-26T13:23:13.374+0000] {logging_mixin.py:137} INFO - [2024-06-26T13:23:13.374+0000] {dagbag.py:538} INFO - Filling up the DagBag from /home/airflow/.local/lib/python3.7/site-packages/airflow/example_dags/example_bash_operator.py
[2024-06-26T13:23:13.390+0000] {processor.py:753} INFO - DAG(s) dict_keys(['example_bash_operator']) retrieved from /home/airflow/.local/lib/python3.7/site-packages/airflow/example_dags/example_bash_operator.py
[2024-06-26T13:23:13.417+0000] {logging_mixin.py:137} INFO - [2024-06-26T13:23:13.417+0000] {dag.py:2690} INFO - Sync 1 DAGs
[2024-06-26T13:23:13.436+0000] {logging_mixin.py:137} INFO - [2024-06-26T13:23:13.436+0000] {dag.py:3441} INFO - Setting next_dagrun for example_bash_operator to 2024-06-25T00:00:00+00:00, run_after=2024-06-26T00:00:00+00:00
[2024-06-26T13:23:13.448+0000] {processor.py:175} INFO - Processing /home/airflow/.local/lib/python3.7/site-packages/airflow/example_dags/example_bash_operator.py took 0.077 seconds
[2024-06-26T13:23:44.246+0000] {processor.py:153} INFO - Started process (PID=3620) to work on /home/airflow/.local/lib/python3.7/site-packages/airflow/example_dags/example_bash_operator.py
[2024-06-26T13:23:44.247+0000] {processor.py:743} INFO - Processing file /home/airflow/.local/lib/python3.7/site-packages/airflow/example_dags/example_bash_operator.py for tasks to queue
[2024-06-26T13:23:44.247+0000] {logging_mixin.py:137} INFO - [2024-06-26T13:23:44.247+0000] {dagbag.py:538} INFO - Filling up the DagBag from /home/airflow/.local/lib/python3.7/site-packages/airflow/example_dags/example_bash_operator.py
[2024-06-26T13:23:44.262+0000] {processor.py:753} INFO - DAG(s) dict_keys(['example_bash_operator']) retrieved from /home/airflow/.local/lib/python3.7/site-packages/airflow/example_dags/example_bash_operator.py
[2024-06-26T13:23:44.288+0000] {logging_mixin.py:137} INFO - [2024-06-26T13:23:44.287+0000] {dag.py:2690} INFO - Sync 1 DAGs
[2024-06-26T13:23:44.306+0000] {logging_mixin.py:137} INFO - [2024-06-26T13:23:44.305+0000] {dag.py:3441} INFO - Setting next_dagrun for example_bash_operator to 2024-06-25T00:00:00+00:00, run_after=2024-06-26T00:00:00+00:00
[2024-06-26T13:23:44.318+0000] {processor.py:175} INFO - Processing /home/airflow/.local/lib/python3.7/site-packages/airflow/example_dags/example_bash_operator.py took 0.073 seconds
[2024-06-26T13:24:15.172+0000] {processor.py:153} INFO - Started process (PID=3719) to work on /home/airflow/.local/lib/python3.7/site-packages/airflow/example_dags/example_bash_operator.py
[2024-06-26T13:24:15.172+0000] {processor.py:743} INFO - Processing file /home/airflow/.local/lib/python3.7/site-packages/airflow/example_dags/example_bash_operator.py for tasks to queue
[2024-06-26T13:24:15.173+0000] {logging_mixin.py:137} INFO - [2024-06-26T13:24:15.173+0000] {dagbag.py:538} INFO - Filling up the DagBag from /home/airflow/.local/lib/python3.7/site-packages/airflow/example_dags/example_bash_operator.py
[2024-06-26T13:24:15.188+0000] {processor.py:753} INFO - DAG(s) dict_keys(['example_bash_operator']) retrieved from /home/airflow/.local/lib/python3.7/site-packages/airflow/example_dags/example_bash_operator.py
[2024-06-26T13:24:15.214+0000] {logging_mixin.py:137} INFO - [2024-06-26T13:24:15.214+0000] {dag.py:2690} INFO - Sync 1 DAGs
[2024-06-26T13:24:15.233+0000] {logging_mixin.py:137} INFO - [2024-06-26T13:24:15.233+0000] {dag.py:3441} INFO - Setting next_dagrun for example_bash_operator to 2024-06-25T00:00:00+00:00, run_after=2024-06-26T00:00:00+00:00
[2024-06-26T13:24:15.245+0000] {processor.py:175} INFO - Processing /home/airflow/.local/lib/python3.7/site-packages/airflow/example_dags/example_bash_operator.py took 0.076 seconds
[2024-06-26T13:24:45.922+0000] {processor.py:153} INFO - Started process (PID=3798) to work on /home/airflow/.local/lib/python3.7/site-packages/airflow/example_dags/example_bash_operator.py
[2024-06-26T13:24:45.922+0000] {processor.py:743} INFO - Processing file /home/airflow/.local/lib/python3.7/site-packages/airflow/example_dags/example_bash_operator.py for tasks to queue
[2024-06-26T13:24:45.923+0000] {logging_mixin.py:137} INFO - [2024-06-26T13:24:45.922+0000] {dagbag.py:538} INFO - Filling up the DagBag from /home/airflow/.local/lib/python3.7/site-packages/airflow/example_dags/example_bash_operator.py
[2024-06-26T13:24:45.938+0000] {processor.py:753} INFO - DAG(s) dict_keys(['example_bash_operator']) retrieved from /home/airflow/.local/lib/python3.7/site-packages/airflow/example_dags/example_bash_operator.py
[2024-06-26T13:24:45.964+0000] {logging_mixin.py:137} INFO - [2024-06-26T13:24:45.964+0000] {dag.py:2690} INFO - Sync 1 DAGs
[2024-06-26T13:24:45.984+0000] {logging_mixin.py:137} INFO - [2024-06-26T13:24:45.983+0000] {dag.py:3441} INFO - Setting next_dagrun for example_bash_operator to 2024-06-25T00:00:00+00:00, run_after=2024-06-26T00:00:00+00:00
[2024-06-26T13:24:45.996+0000] {processor.py:175} INFO - Processing /home/airflow/.local/lib/python3.7/site-packages/airflow/example_dags/example_bash_operator.py took 0.076 seconds
[2024-06-26T13:25:16.699+0000] {processor.py:153} INFO - Started process (PID=3897) to work on /home/airflow/.local/lib/python3.7/site-packages/airflow/example_dags/example_bash_operator.py
[2024-06-26T13:25:16.699+0000] {processor.py:743} INFO - Processing file /home/airflow/.local/lib/python3.7/site-packages/airflow/example_dags/example_bash_operator.py for tasks to queue
[2024-06-26T13:25:16.700+0000] {logging_mixin.py:137} INFO - [2024-06-26T13:25:16.700+0000] {dagbag.py:538} INFO - Filling up the DagBag from /home/airflow/.local/lib/python3.7/site-packages/airflow/example_dags/example_bash_operator.py
[2024-06-26T13:25:16.715+0000] {processor.py:753} INFO - DAG(s) dict_keys(['example_bash_operator']) retrieved from /home/airflow/.local/lib/python3.7/site-packages/airflow/example_dags/example_bash_operator.py
[2024-06-26T13:25:16.742+0000] {logging_mixin.py:137} INFO - [2024-06-26T13:25:16.742+0000] {dag.py:2690} INFO - Sync 1 DAGs
[2024-06-26T13:25:16.761+0000] {logging_mixin.py:137} INFO - [2024-06-26T13:25:16.761+0000] {dag.py:3441} INFO - Setting next_dagrun for example_bash_operator to 2024-06-25T00:00:00+00:00, run_after=2024-06-26T00:00:00+00:00
[2024-06-26T13:25:16.773+0000] {processor.py:175} INFO - Processing /home/airflow/.local/lib/python3.7/site-packages/airflow/example_dags/example_bash_operator.py took 0.076 seconds
[2024-06-26T13:25:47.456+0000] {processor.py:153} INFO - Started process (PID=3996) to work on /home/airflow/.local/lib/python3.7/site-packages/airflow/example_dags/example_bash_operator.py
[2024-06-26T13:25:47.460+0000] {processor.py:743} INFO - Processing file /home/airflow/.local/lib/python3.7/site-packages/airflow/example_dags/example_bash_operator.py for tasks to queue
[2024-06-26T13:25:47.460+0000] {logging_mixin.py:137} INFO - [2024-06-26T13:25:47.460+0000] {dagbag.py:538} INFO - Filling up the DagBag from /home/airflow/.local/lib/python3.7/site-packages/airflow/example_dags/example_bash_operator.py
[2024-06-26T13:25:47.495+0000] {processor.py:753} INFO - DAG(s) dict_keys(['example_bash_operator']) retrieved from /home/airflow/.local/lib/python3.7/site-packages/airflow/example_dags/example_bash_operator.py
[2024-06-26T13:25:47.532+0000] {logging_mixin.py:137} INFO - [2024-06-26T13:25:47.532+0000] {dag.py:2690} INFO - Sync 1 DAGs
[2024-06-26T13:25:47.555+0000] {logging_mixin.py:137} INFO - [2024-06-26T13:25:47.555+0000] {dag.py:3441} INFO - Setting next_dagrun for example_bash_operator to 2024-06-25T00:00:00+00:00, run_after=2024-06-26T00:00:00+00:00
[2024-06-26T13:25:47.569+0000] {processor.py:175} INFO - Processing /home/airflow/.local/lib/python3.7/site-packages/airflow/example_dags/example_bash_operator.py took 0.121 seconds
[2024-06-26T13:26:18.430+0000] {processor.py:153} INFO - Started process (PID=4075) to work on /home/airflow/.local/lib/python3.7/site-packages/airflow/example_dags/example_bash_operator.py
[2024-06-26T13:26:18.430+0000] {processor.py:743} INFO - Processing file /home/airflow/.local/lib/python3.7/site-packages/airflow/example_dags/example_bash_operator.py for tasks to queue
[2024-06-26T13:26:18.430+0000] {logging_mixin.py:137} INFO - [2024-06-26T13:26:18.430+0000] {dagbag.py:538} INFO - Filling up the DagBag from /home/airflow/.local/lib/python3.7/site-packages/airflow/example_dags/example_bash_operator.py
[2024-06-26T13:26:18.447+0000] {processor.py:753} INFO - DAG(s) dict_keys(['example_bash_operator']) retrieved from /home/airflow/.local/lib/python3.7/site-packages/airflow/example_dags/example_bash_operator.py
[2024-06-26T13:26:18.480+0000] {logging_mixin.py:137} INFO - [2024-06-26T13:26:18.480+0000] {dag.py:2690} INFO - Sync 1 DAGs
[2024-06-26T13:26:18.501+0000] {logging_mixin.py:137} INFO - [2024-06-26T13:26:18.501+0000] {dag.py:3441} INFO - Setting next_dagrun for example_bash_operator to 2024-06-25T00:00:00+00:00, run_after=2024-06-26T00:00:00+00:00
[2024-06-26T13:26:18.517+0000] {processor.py:175} INFO - Processing /home/airflow/.local/lib/python3.7/site-packages/airflow/example_dags/example_bash_operator.py took 0.090 seconds
[2024-06-26T13:26:49.434+0000] {processor.py:153} INFO - Started process (PID=4174) to work on /home/airflow/.local/lib/python3.7/site-packages/airflow/example_dags/example_bash_operator.py
[2024-06-26T13:26:49.434+0000] {processor.py:743} INFO - Processing file /home/airflow/.local/lib/python3.7/site-packages/airflow/example_dags/example_bash_operator.py for tasks to queue
[2024-06-26T13:26:49.435+0000] {logging_mixin.py:137} INFO - [2024-06-26T13:26:49.435+0000] {dagbag.py:538} INFO - Filling up the DagBag from /home/airflow/.local/lib/python3.7/site-packages/airflow/example_dags/example_bash_operator.py
[2024-06-26T13:26:49.454+0000] {processor.py:753} INFO - DAG(s) dict_keys(['example_bash_operator']) retrieved from /home/airflow/.local/lib/python3.7/site-packages/airflow/example_dags/example_bash_operator.py
[2024-06-26T13:26:49.500+0000] {logging_mixin.py:137} INFO - [2024-06-26T13:26:49.500+0000] {dag.py:2690} INFO - Sync 1 DAGs
[2024-06-26T13:26:49.535+0000] {logging_mixin.py:137} INFO - [2024-06-26T13:26:49.535+0000] {dag.py:3441} INFO - Setting next_dagrun for example_bash_operator to 2024-06-25T00:00:00+00:00, run_after=2024-06-26T00:00:00+00:00
[2024-06-26T13:26:49.556+0000] {processor.py:175} INFO - Processing /home/airflow/.local/lib/python3.7/site-packages/airflow/example_dags/example_bash_operator.py took 0.124 seconds
[2024-06-26T13:27:19.631+0000] {processor.py:153} INFO - Started process (PID=4253) to work on /home/airflow/.local/lib/python3.7/site-packages/airflow/example_dags/example_bash_operator.py
[2024-06-26T13:27:19.631+0000] {processor.py:743} INFO - Processing file /home/airflow/.local/lib/python3.7/site-packages/airflow/example_dags/example_bash_operator.py for tasks to queue
[2024-06-26T13:27:19.632+0000] {logging_mixin.py:137} INFO - [2024-06-26T13:27:19.632+0000] {dagbag.py:538} INFO - Filling up the DagBag from /home/airflow/.local/lib/python3.7/site-packages/airflow/example_dags/example_bash_operator.py
[2024-06-26T13:27:19.651+0000] {processor.py:753} INFO - DAG(s) dict_keys(['example_bash_operator']) retrieved from /home/airflow/.local/lib/python3.7/site-packages/airflow/example_dags/example_bash_operator.py
[2024-06-26T13:27:19.683+0000] {logging_mixin.py:137} INFO - [2024-06-26T13:27:19.683+0000] {dag.py:2690} INFO - Sync 1 DAGs
[2024-06-26T13:27:19.705+0000] {logging_mixin.py:137} INFO - [2024-06-26T13:27:19.705+0000] {dag.py:3441} INFO - Setting next_dagrun for example_bash_operator to 2024-06-25T00:00:00+00:00, run_after=2024-06-26T00:00:00+00:00
[2024-06-26T13:27:19.719+0000] {processor.py:175} INFO - Processing /home/airflow/.local/lib/python3.7/site-packages/airflow/example_dags/example_bash_operator.py took 0.090 seconds
[2024-06-26T13:27:49.781+0000] {processor.py:153} INFO - Started process (PID=4352) to work on /home/airflow/.local/lib/python3.7/site-packages/airflow/example_dags/example_bash_operator.py
[2024-06-26T13:27:49.782+0000] {processor.py:743} INFO - Processing file /home/airflow/.local/lib/python3.7/site-packages/airflow/example_dags/example_bash_operator.py for tasks to queue
[2024-06-26T13:27:49.782+0000] {logging_mixin.py:137} INFO - [2024-06-26T13:27:49.782+0000] {dagbag.py:538} INFO - Filling up the DagBag from /home/airflow/.local/lib/python3.7/site-packages/airflow/example_dags/example_bash_operator.py
[2024-06-26T13:27:49.799+0000] {processor.py:753} INFO - DAG(s) dict_keys(['example_bash_operator']) retrieved from /home/airflow/.local/lib/python3.7/site-packages/airflow/example_dags/example_bash_operator.py
[2024-06-26T13:27:49.830+0000] {logging_mixin.py:137} INFO - [2024-06-26T13:27:49.829+0000] {dag.py:2690} INFO - Sync 1 DAGs
[2024-06-26T13:27:49.852+0000] {logging_mixin.py:137} INFO - [2024-06-26T13:27:49.852+0000] {dag.py:3441} INFO - Setting next_dagrun for example_bash_operator to 2024-06-25T00:00:00+00:00, run_after=2024-06-26T00:00:00+00:00
[2024-06-26T13:27:49.867+0000] {processor.py:175} INFO - Processing /home/airflow/.local/lib/python3.7/site-packages/airflow/example_dags/example_bash_operator.py took 0.088 seconds
[2024-06-26T13:28:19.933+0000] {processor.py:153} INFO - Started process (PID=4431) to work on /home/airflow/.local/lib/python3.7/site-packages/airflow/example_dags/example_bash_operator.py
[2024-06-26T13:28:19.934+0000] {processor.py:743} INFO - Processing file /home/airflow/.local/lib/python3.7/site-packages/airflow/example_dags/example_bash_operator.py for tasks to queue
[2024-06-26T13:28:19.934+0000] {logging_mixin.py:137} INFO - [2024-06-26T13:28:19.934+0000] {dagbag.py:538} INFO - Filling up the DagBag from /home/airflow/.local/lib/python3.7/site-packages/airflow/example_dags/example_bash_operator.py
[2024-06-26T13:28:19.952+0000] {processor.py:753} INFO - DAG(s) dict_keys(['example_bash_operator']) retrieved from /home/airflow/.local/lib/python3.7/site-packages/airflow/example_dags/example_bash_operator.py
[2024-06-26T13:28:19.981+0000] {logging_mixin.py:137} INFO - [2024-06-26T13:28:19.981+0000] {dag.py:2690} INFO - Sync 1 DAGs
[2024-06-26T13:28:20.003+0000] {logging_mixin.py:137} INFO - [2024-06-26T13:28:20.003+0000] {dag.py:3441} INFO - Setting next_dagrun for example_bash_operator to 2024-06-25T00:00:00+00:00, run_after=2024-06-26T00:00:00+00:00
[2024-06-26T13:28:20.018+0000] {processor.py:175} INFO - Processing /home/airflow/.local/lib/python3.7/site-packages/airflow/example_dags/example_bash_operator.py took 0.088 seconds
[2024-06-26T13:28:50.074+0000] {processor.py:153} INFO - Started process (PID=4530) to work on /home/airflow/.local/lib/python3.7/site-packages/airflow/example_dags/example_bash_operator.py
[2024-06-26T13:28:50.075+0000] {processor.py:743} INFO - Processing file /home/airflow/.local/lib/python3.7/site-packages/airflow/example_dags/example_bash_operator.py for tasks to queue
[2024-06-26T13:28:50.075+0000] {logging_mixin.py:137} INFO - [2024-06-26T13:28:50.075+0000] {dagbag.py:538} INFO - Filling up the DagBag from /home/airflow/.local/lib/python3.7/site-packages/airflow/example_dags/example_bash_operator.py
[2024-06-26T13:28:50.092+0000] {processor.py:753} INFO - DAG(s) dict_keys(['example_bash_operator']) retrieved from /home/airflow/.local/lib/python3.7/site-packages/airflow/example_dags/example_bash_operator.py
[2024-06-26T13:28:50.122+0000] {logging_mixin.py:137} INFO - [2024-06-26T13:28:50.122+0000] {dag.py:2690} INFO - Sync 1 DAGs
[2024-06-26T13:28:50.144+0000] {logging_mixin.py:137} INFO - [2024-06-26T13:28:50.144+0000] {dag.py:3441} INFO - Setting next_dagrun for example_bash_operator to 2024-06-25T00:00:00+00:00, run_after=2024-06-26T00:00:00+00:00
[2024-06-26T13:28:50.160+0000] {processor.py:175} INFO - Processing /home/airflow/.local/lib/python3.7/site-packages/airflow/example_dags/example_bash_operator.py took 0.087 seconds
[2024-06-26T13:29:20.277+0000] {processor.py:153} INFO - Started process (PID=4609) to work on /home/airflow/.local/lib/python3.7/site-packages/airflow/example_dags/example_bash_operator.py
[2024-06-26T13:29:20.278+0000] {processor.py:743} INFO - Processing file /home/airflow/.local/lib/python3.7/site-packages/airflow/example_dags/example_bash_operator.py for tasks to queue
[2024-06-26T13:29:20.278+0000] {logging_mixin.py:137} INFO - [2024-06-26T13:29:20.278+0000] {dagbag.py:538} INFO - Filling up the DagBag from /home/airflow/.local/lib/python3.7/site-packages/airflow/example_dags/example_bash_operator.py
[2024-06-26T13:29:20.295+0000] {processor.py:753} INFO - DAG(s) dict_keys(['example_bash_operator']) retrieved from /home/airflow/.local/lib/python3.7/site-packages/airflow/example_dags/example_bash_operator.py
[2024-06-26T13:29:20.331+0000] {logging_mixin.py:137} INFO - [2024-06-26T13:29:20.331+0000] {dag.py:2690} INFO - Sync 1 DAGs
[2024-06-26T13:29:20.355+0000] {logging_mixin.py:137} INFO - [2024-06-26T13:29:20.355+0000] {dag.py:3441} INFO - Setting next_dagrun for example_bash_operator to 2024-06-25T00:00:00+00:00, run_after=2024-06-26T00:00:00+00:00
[2024-06-26T13:29:20.368+0000] {processor.py:175} INFO - Processing /home/airflow/.local/lib/python3.7/site-packages/airflow/example_dags/example_bash_operator.py took 0.095 seconds
[2024-06-26T13:29:51.093+0000] {processor.py:153} INFO - Started process (PID=4708) to work on /home/airflow/.local/lib/python3.7/site-packages/airflow/example_dags/example_bash_operator.py
[2024-06-26T13:29:51.094+0000] {processor.py:743} INFO - Processing file /home/airflow/.local/lib/python3.7/site-packages/airflow/example_dags/example_bash_operator.py for tasks to queue
[2024-06-26T13:29:51.094+0000] {logging_mixin.py:137} INFO - [2024-06-26T13:29:51.094+0000] {dagbag.py:538} INFO - Filling up the DagBag from /home/airflow/.local/lib/python3.7/site-packages/airflow/example_dags/example_bash_operator.py
[2024-06-26T13:29:51.109+0000] {processor.py:753} INFO - DAG(s) dict_keys(['example_bash_operator']) retrieved from /home/airflow/.local/lib/python3.7/site-packages/airflow/example_dags/example_bash_operator.py
[2024-06-26T13:29:51.136+0000] {logging_mixin.py:137} INFO - [2024-06-26T13:29:51.136+0000] {dag.py:2690} INFO - Sync 1 DAGs
[2024-06-26T13:29:51.156+0000] {logging_mixin.py:137} INFO - [2024-06-26T13:29:51.156+0000] {dag.py:3441} INFO - Setting next_dagrun for example_bash_operator to 2024-06-25T00:00:00+00:00, run_after=2024-06-26T00:00:00+00:00
[2024-06-26T13:29:51.168+0000] {processor.py:175} INFO - Processing /home/airflow/.local/lib/python3.7/site-packages/airflow/example_dags/example_bash_operator.py took 0.076 seconds
[2024-06-26T13:30:21.817+0000] {processor.py:153} INFO - Started process (PID=4787) to work on /home/airflow/.local/lib/python3.7/site-packages/airflow/example_dags/example_bash_operator.py
[2024-06-26T13:30:21.817+0000] {processor.py:743} INFO - Processing file /home/airflow/.local/lib/python3.7/site-packages/airflow/example_dags/example_bash_operator.py for tasks to queue
[2024-06-26T13:30:21.818+0000] {logging_mixin.py:137} INFO - [2024-06-26T13:30:21.818+0000] {dagbag.py:538} INFO - Filling up the DagBag from /home/airflow/.local/lib/python3.7/site-packages/airflow/example_dags/example_bash_operator.py
[2024-06-26T13:30:21.832+0000] {processor.py:753} INFO - DAG(s) dict_keys(['example_bash_operator']) retrieved from /home/airflow/.local/lib/python3.7/site-packages/airflow/example_dags/example_bash_operator.py
[2024-06-26T13:30:21.859+0000] {logging_mixin.py:137} INFO - [2024-06-26T13:30:21.859+0000] {dag.py:2690} INFO - Sync 1 DAGs
[2024-06-26T13:30:21.879+0000] {logging_mixin.py:137} INFO - [2024-06-26T13:30:21.879+0000] {dag.py:3441} INFO - Setting next_dagrun for example_bash_operator to 2024-06-25T00:00:00+00:00, run_after=2024-06-26T00:00:00+00:00
[2024-06-26T13:30:21.893+0000] {processor.py:175} INFO - Processing /home/airflow/.local/lib/python3.7/site-packages/airflow/example_dags/example_bash_operator.py took 0.079 seconds
[2024-06-26T13:30:52.773+0000] {processor.py:153} INFO - Started process (PID=4886) to work on /home/airflow/.local/lib/python3.7/site-packages/airflow/example_dags/example_bash_operator.py
[2024-06-26T13:30:52.774+0000] {processor.py:743} INFO - Processing file /home/airflow/.local/lib/python3.7/site-packages/airflow/example_dags/example_bash_operator.py for tasks to queue
[2024-06-26T13:30:52.774+0000] {logging_mixin.py:137} INFO - [2024-06-26T13:30:52.774+0000] {dagbag.py:538} INFO - Filling up the DagBag from /home/airflow/.local/lib/python3.7/site-packages/airflow/example_dags/example_bash_operator.py
[2024-06-26T13:30:52.788+0000] {processor.py:753} INFO - DAG(s) dict_keys(['example_bash_operator']) retrieved from /home/airflow/.local/lib/python3.7/site-packages/airflow/example_dags/example_bash_operator.py
[2024-06-26T13:30:52.815+0000] {logging_mixin.py:137} INFO - [2024-06-26T13:30:52.814+0000] {dag.py:2690} INFO - Sync 1 DAGs
[2024-06-26T13:30:52.833+0000] {logging_mixin.py:137} INFO - [2024-06-26T13:30:52.833+0000] {dag.py:3441} INFO - Setting next_dagrun for example_bash_operator to 2024-06-25T00:00:00+00:00, run_after=2024-06-26T00:00:00+00:00
[2024-06-26T13:30:52.846+0000] {processor.py:175} INFO - Processing /home/airflow/.local/lib/python3.7/site-packages/airflow/example_dags/example_bash_operator.py took 0.075 seconds
[2024-06-26T13:31:23.688+0000] {processor.py:153} INFO - Started process (PID=4985) to work on /home/airflow/.local/lib/python3.7/site-packages/airflow/example_dags/example_bash_operator.py
[2024-06-26T13:31:23.689+0000] {processor.py:743} INFO - Processing file /home/airflow/.local/lib/python3.7/site-packages/airflow/example_dags/example_bash_operator.py for tasks to queue
[2024-06-26T13:31:23.690+0000] {logging_mixin.py:137} INFO - [2024-06-26T13:31:23.690+0000] {dagbag.py:538} INFO - Filling up the DagBag from /home/airflow/.local/lib/python3.7/site-packages/airflow/example_dags/example_bash_operator.py
[2024-06-26T13:31:23.708+0000] {processor.py:753} INFO - DAG(s) dict_keys(['example_bash_operator']) retrieved from /home/airflow/.local/lib/python3.7/site-packages/airflow/example_dags/example_bash_operator.py
[2024-06-26T13:31:23.736+0000] {logging_mixin.py:137} INFO - [2024-06-26T13:31:23.736+0000] {dag.py:2690} INFO - Sync 1 DAGs
[2024-06-26T13:31:23.765+0000] {logging_mixin.py:137} INFO - [2024-06-26T13:31:23.764+0000] {dag.py:3441} INFO - Setting next_dagrun for example_bash_operator to 2024-06-25T00:00:00+00:00, run_after=2024-06-26T00:00:00+00:00
[2024-06-26T13:31:23.780+0000] {processor.py:175} INFO - Processing /home/airflow/.local/lib/python3.7/site-packages/airflow/example_dags/example_bash_operator.py took 0.094 seconds
[2024-06-26T13:31:53.926+0000] {processor.py:153} INFO - Started process (PID=5064) to work on /home/airflow/.local/lib/python3.7/site-packages/airflow/example_dags/example_bash_operator.py
[2024-06-26T13:31:53.926+0000] {processor.py:743} INFO - Processing file /home/airflow/.local/lib/python3.7/site-packages/airflow/example_dags/example_bash_operator.py for tasks to queue
[2024-06-26T13:31:53.927+0000] {logging_mixin.py:137} INFO - [2024-06-26T13:31:53.927+0000] {dagbag.py:538} INFO - Filling up the DagBag from /home/airflow/.local/lib/python3.7/site-packages/airflow/example_dags/example_bash_operator.py
[2024-06-26T13:31:53.944+0000] {processor.py:753} INFO - DAG(s) dict_keys(['example_bash_operator']) retrieved from /home/airflow/.local/lib/python3.7/site-packages/airflow/example_dags/example_bash_operator.py
[2024-06-26T13:31:53.975+0000] {logging_mixin.py:137} INFO - [2024-06-26T13:31:53.975+0000] {dag.py:2690} INFO - Sync 1 DAGs
[2024-06-26T13:31:53.998+0000] {logging_mixin.py:137} INFO - [2024-06-26T13:31:53.998+0000] {dag.py:3441} INFO - Setting next_dagrun for example_bash_operator to 2024-06-25T00:00:00+00:00, run_after=2024-06-26T00:00:00+00:00
[2024-06-26T13:31:54.014+0000] {processor.py:175} INFO - Processing /home/airflow/.local/lib/python3.7/site-packages/airflow/example_dags/example_bash_operator.py took 0.090 seconds
[2024-06-26T13:32:24.087+0000] {processor.py:153} INFO - Started process (PID=5163) to work on /home/airflow/.local/lib/python3.7/site-packages/airflow/example_dags/example_bash_operator.py
[2024-06-26T13:32:24.087+0000] {processor.py:743} INFO - Processing file /home/airflow/.local/lib/python3.7/site-packages/airflow/example_dags/example_bash_operator.py for tasks to queue
[2024-06-26T13:32:24.088+0000] {logging_mixin.py:137} INFO - [2024-06-26T13:32:24.087+0000] {dagbag.py:538} INFO - Filling up the DagBag from /home/airflow/.local/lib/python3.7/site-packages/airflow/example_dags/example_bash_operator.py
[2024-06-26T13:32:24.102+0000] {processor.py:753} INFO - DAG(s) dict_keys(['example_bash_operator']) retrieved from /home/airflow/.local/lib/python3.7/site-packages/airflow/example_dags/example_bash_operator.py
[2024-06-26T13:32:24.130+0000] {logging_mixin.py:137} INFO - [2024-06-26T13:32:24.130+0000] {dag.py:2690} INFO - Sync 1 DAGs
[2024-06-26T13:32:24.149+0000] {logging_mixin.py:137} INFO - [2024-06-26T13:32:24.149+0000] {dag.py:3441} INFO - Setting next_dagrun for example_bash_operator to 2024-06-25T00:00:00+00:00, run_after=2024-06-26T00:00:00+00:00
[2024-06-26T13:32:24.162+0000] {processor.py:175} INFO - Processing /home/airflow/.local/lib/python3.7/site-packages/airflow/example_dags/example_bash_operator.py took 0.077 seconds
[2024-06-26T13:32:55.143+0000] {processor.py:153} INFO - Started process (PID=5242) to work on /home/airflow/.local/lib/python3.7/site-packages/airflow/example_dags/example_bash_operator.py
[2024-06-26T13:32:55.144+0000] {processor.py:743} INFO - Processing file /home/airflow/.local/lib/python3.7/site-packages/airflow/example_dags/example_bash_operator.py for tasks to queue
[2024-06-26T13:32:55.144+0000] {logging_mixin.py:137} INFO - [2024-06-26T13:32:55.144+0000] {dagbag.py:538} INFO - Filling up the DagBag from /home/airflow/.local/lib/python3.7/site-packages/airflow/example_dags/example_bash_operator.py
[2024-06-26T13:32:55.159+0000] {processor.py:753} INFO - DAG(s) dict_keys(['example_bash_operator']) retrieved from /home/airflow/.local/lib/python3.7/site-packages/airflow/example_dags/example_bash_operator.py
[2024-06-26T13:32:55.187+0000] {logging_mixin.py:137} INFO - [2024-06-26T13:32:55.187+0000] {dag.py:2690} INFO - Sync 1 DAGs
[2024-06-26T13:32:55.206+0000] {logging_mixin.py:137} INFO - [2024-06-26T13:32:55.206+0000] {dag.py:3441} INFO - Setting next_dagrun for example_bash_operator to 2024-06-25T00:00:00+00:00, run_after=2024-06-26T00:00:00+00:00
[2024-06-26T13:32:55.218+0000] {processor.py:175} INFO - Processing /home/airflow/.local/lib/python3.7/site-packages/airflow/example_dags/example_bash_operator.py took 0.077 seconds
[2024-06-26T13:33:26.124+0000] {processor.py:153} INFO - Started process (PID=5341) to work on /home/airflow/.local/lib/python3.7/site-packages/airflow/example_dags/example_bash_operator.py
[2024-06-26T13:33:26.124+0000] {processor.py:743} INFO - Processing file /home/airflow/.local/lib/python3.7/site-packages/airflow/example_dags/example_bash_operator.py for tasks to queue
[2024-06-26T13:33:26.125+0000] {logging_mixin.py:137} INFO - [2024-06-26T13:33:26.124+0000] {dagbag.py:538} INFO - Filling up the DagBag from /home/airflow/.local/lib/python3.7/site-packages/airflow/example_dags/example_bash_operator.py
[2024-06-26T13:33:26.141+0000] {processor.py:753} INFO - DAG(s) dict_keys(['example_bash_operator']) retrieved from /home/airflow/.local/lib/python3.7/site-packages/airflow/example_dags/example_bash_operator.py
[2024-06-26T13:33:26.175+0000] {logging_mixin.py:137} INFO - [2024-06-26T13:33:26.175+0000] {dag.py:2690} INFO - Sync 1 DAGs
[2024-06-26T13:33:26.199+0000] {logging_mixin.py:137} INFO - [2024-06-26T13:33:26.198+0000] {dag.py:3441} INFO - Setting next_dagrun for example_bash_operator to 2024-06-25T00:00:00+00:00, run_after=2024-06-26T00:00:00+00:00
[2024-06-26T13:33:26.213+0000] {processor.py:175} INFO - Processing /home/airflow/.local/lib/python3.7/site-packages/airflow/example_dags/example_bash_operator.py took 0.092 seconds
[2024-06-26T13:33:56.280+0000] {processor.py:153} INFO - Started process (PID=5420) to work on /home/airflow/.local/lib/python3.7/site-packages/airflow/example_dags/example_bash_operator.py
[2024-06-26T13:33:56.280+0000] {processor.py:743} INFO - Processing file /home/airflow/.local/lib/python3.7/site-packages/airflow/example_dags/example_bash_operator.py for tasks to queue
[2024-06-26T13:33:56.281+0000] {logging_mixin.py:137} INFO - [2024-06-26T13:33:56.281+0000] {dagbag.py:538} INFO - Filling up the DagBag from /home/airflow/.local/lib/python3.7/site-packages/airflow/example_dags/example_bash_operator.py
[2024-06-26T13:33:56.299+0000] {processor.py:753} INFO - DAG(s) dict_keys(['example_bash_operator']) retrieved from /home/airflow/.local/lib/python3.7/site-packages/airflow/example_dags/example_bash_operator.py
[2024-06-26T13:33:56.329+0000] {logging_mixin.py:137} INFO - [2024-06-26T13:33:56.329+0000] {dag.py:2690} INFO - Sync 1 DAGs
[2024-06-26T13:33:56.350+0000] {logging_mixin.py:137} INFO - [2024-06-26T13:33:56.350+0000] {dag.py:3441} INFO - Setting next_dagrun for example_bash_operator to 2024-06-25T00:00:00+00:00, run_after=2024-06-26T00:00:00+00:00
[2024-06-26T13:33:56.365+0000] {processor.py:175} INFO - Processing /home/airflow/.local/lib/python3.7/site-packages/airflow/example_dags/example_bash_operator.py took 0.087 seconds
[2024-06-26T13:34:26.651+0000] {processor.py:153} INFO - Started process (PID=5519) to work on /home/airflow/.local/lib/python3.7/site-packages/airflow/example_dags/example_bash_operator.py
[2024-06-26T13:34:26.651+0000] {processor.py:743} INFO - Processing file /home/airflow/.local/lib/python3.7/site-packages/airflow/example_dags/example_bash_operator.py for tasks to queue
[2024-06-26T13:34:26.652+0000] {logging_mixin.py:137} INFO - [2024-06-26T13:34:26.652+0000] {dagbag.py:538} INFO - Filling up the DagBag from /home/airflow/.local/lib/python3.7/site-packages/airflow/example_dags/example_bash_operator.py
[2024-06-26T13:34:26.672+0000] {processor.py:753} INFO - DAG(s) dict_keys(['example_bash_operator']) retrieved from /home/airflow/.local/lib/python3.7/site-packages/airflow/example_dags/example_bash_operator.py
[2024-06-26T13:34:26.706+0000] {logging_mixin.py:137} INFO - [2024-06-26T13:34:26.706+0000] {dag.py:2690} INFO - Sync 1 DAGs
[2024-06-26T13:34:26.730+0000] {logging_mixin.py:137} INFO - [2024-06-26T13:34:26.730+0000] {dag.py:3441} INFO - Setting next_dagrun for example_bash_operator to 2024-06-25T00:00:00+00:00, run_after=2024-06-26T00:00:00+00:00
[2024-06-26T13:34:26.747+0000] {processor.py:175} INFO - Processing /home/airflow/.local/lib/python3.7/site-packages/airflow/example_dags/example_bash_operator.py took 0.098 seconds
[2024-06-26T13:34:56.804+0000] {processor.py:153} INFO - Started process (PID=5598) to work on /home/airflow/.local/lib/python3.7/site-packages/airflow/example_dags/example_bash_operator.py
[2024-06-26T13:34:56.804+0000] {processor.py:743} INFO - Processing file /home/airflow/.local/lib/python3.7/site-packages/airflow/example_dags/example_bash_operator.py for tasks to queue
[2024-06-26T13:34:56.805+0000] {logging_mixin.py:137} INFO - [2024-06-26T13:34:56.805+0000] {dagbag.py:538} INFO - Filling up the DagBag from /home/airflow/.local/lib/python3.7/site-packages/airflow/example_dags/example_bash_operator.py
[2024-06-26T13:34:56.822+0000] {processor.py:753} INFO - DAG(s) dict_keys(['example_bash_operator']) retrieved from /home/airflow/.local/lib/python3.7/site-packages/airflow/example_dags/example_bash_operator.py
[2024-06-26T13:34:56.853+0000] {logging_mixin.py:137} INFO - [2024-06-26T13:34:56.853+0000] {dag.py:2690} INFO - Sync 1 DAGs
[2024-06-26T13:34:56.875+0000] {logging_mixin.py:137} INFO - [2024-06-26T13:34:56.875+0000] {dag.py:3441} INFO - Setting next_dagrun for example_bash_operator to 2024-06-25T00:00:00+00:00, run_after=2024-06-26T00:00:00+00:00
[2024-06-26T13:34:56.891+0000] {processor.py:175} INFO - Processing /home/airflow/.local/lib/python3.7/site-packages/airflow/example_dags/example_bash_operator.py took 0.090 seconds
[2024-06-26T13:35:27.002+0000] {processor.py:153} INFO - Started process (PID=5697) to work on /home/airflow/.local/lib/python3.7/site-packages/airflow/example_dags/example_bash_operator.py
[2024-06-26T13:35:27.002+0000] {processor.py:743} INFO - Processing file /home/airflow/.local/lib/python3.7/site-packages/airflow/example_dags/example_bash_operator.py for tasks to queue
[2024-06-26T13:35:27.003+0000] {logging_mixin.py:137} INFO - [2024-06-26T13:35:27.003+0000] {dagbag.py:538} INFO - Filling up the DagBag from /home/airflow/.local/lib/python3.7/site-packages/airflow/example_dags/example_bash_operator.py
[2024-06-26T13:35:27.018+0000] {processor.py:753} INFO - DAG(s) dict_keys(['example_bash_operator']) retrieved from /home/airflow/.local/lib/python3.7/site-packages/airflow/example_dags/example_bash_operator.py
[2024-06-26T13:35:27.046+0000] {logging_mixin.py:137} INFO - [2024-06-26T13:35:27.046+0000] {dag.py:2690} INFO - Sync 1 DAGs
[2024-06-26T13:35:27.066+0000] {logging_mixin.py:137} INFO - [2024-06-26T13:35:27.066+0000] {dag.py:3441} INFO - Setting next_dagrun for example_bash_operator to 2024-06-25T00:00:00+00:00, run_after=2024-06-26T00:00:00+00:00
[2024-06-26T13:35:27.080+0000] {processor.py:175} INFO - Processing /home/airflow/.local/lib/python3.7/site-packages/airflow/example_dags/example_bash_operator.py took 0.080 seconds
[2024-06-26T13:35:57.859+0000] {processor.py:153} INFO - Started process (PID=5776) to work on /home/airflow/.local/lib/python3.7/site-packages/airflow/example_dags/example_bash_operator.py
[2024-06-26T13:35:57.860+0000] {processor.py:743} INFO - Processing file /home/airflow/.local/lib/python3.7/site-packages/airflow/example_dags/example_bash_operator.py for tasks to queue
[2024-06-26T13:35:57.860+0000] {logging_mixin.py:137} INFO - [2024-06-26T13:35:57.860+0000] {dagbag.py:538} INFO - Filling up the DagBag from /home/airflow/.local/lib/python3.7/site-packages/airflow/example_dags/example_bash_operator.py
[2024-06-26T13:35:57.876+0000] {processor.py:753} INFO - DAG(s) dict_keys(['example_bash_operator']) retrieved from /home/airflow/.local/lib/python3.7/site-packages/airflow/example_dags/example_bash_operator.py
[2024-06-26T13:35:57.906+0000] {logging_mixin.py:137} INFO - [2024-06-26T13:35:57.906+0000] {dag.py:2690} INFO - Sync 1 DAGs
[2024-06-26T13:35:57.927+0000] {logging_mixin.py:137} INFO - [2024-06-26T13:35:57.927+0000] {dag.py:3441} INFO - Setting next_dagrun for example_bash_operator to 2024-06-25T00:00:00+00:00, run_after=2024-06-26T00:00:00+00:00
[2024-06-26T13:35:57.940+0000] {processor.py:175} INFO - Processing /home/airflow/.local/lib/python3.7/site-packages/airflow/example_dags/example_bash_operator.py took 0.083 seconds
[2024-06-26T13:36:28.780+0000] {processor.py:153} INFO - Started process (PID=5875) to work on /home/airflow/.local/lib/python3.7/site-packages/airflow/example_dags/example_bash_operator.py
[2024-06-26T13:36:28.781+0000] {processor.py:743} INFO - Processing file /home/airflow/.local/lib/python3.7/site-packages/airflow/example_dags/example_bash_operator.py for tasks to queue
[2024-06-26T13:36:28.781+0000] {logging_mixin.py:137} INFO - [2024-06-26T13:36:28.781+0000] {dagbag.py:538} INFO - Filling up the DagBag from /home/airflow/.local/lib/python3.7/site-packages/airflow/example_dags/example_bash_operator.py
[2024-06-26T13:36:28.796+0000] {processor.py:753} INFO - DAG(s) dict_keys(['example_bash_operator']) retrieved from /home/airflow/.local/lib/python3.7/site-packages/airflow/example_dags/example_bash_operator.py
[2024-06-26T13:36:28.823+0000] {logging_mixin.py:137} INFO - [2024-06-26T13:36:28.823+0000] {dag.py:2690} INFO - Sync 1 DAGs
[2024-06-26T13:36:28.842+0000] {logging_mixin.py:137} INFO - [2024-06-26T13:36:28.842+0000] {dag.py:3441} INFO - Setting next_dagrun for example_bash_operator to 2024-06-25T00:00:00+00:00, run_after=2024-06-26T00:00:00+00:00
[2024-06-26T13:36:28.855+0000] {processor.py:175} INFO - Processing /home/airflow/.local/lib/python3.7/site-packages/airflow/example_dags/example_bash_operator.py took 0.076 seconds
[2024-06-26T13:36:59.074+0000] {processor.py:153} INFO - Started process (PID=5974) to work on /home/airflow/.local/lib/python3.7/site-packages/airflow/example_dags/example_bash_operator.py
[2024-06-26T13:36:59.075+0000] {processor.py:743} INFO - Processing file /home/airflow/.local/lib/python3.7/site-packages/airflow/example_dags/example_bash_operator.py for tasks to queue
[2024-06-26T13:36:59.075+0000] {logging_mixin.py:137} INFO - [2024-06-26T13:36:59.075+0000] {dagbag.py:538} INFO - Filling up the DagBag from /home/airflow/.local/lib/python3.7/site-packages/airflow/example_dags/example_bash_operator.py
[2024-06-26T13:36:59.093+0000] {processor.py:753} INFO - DAG(s) dict_keys(['example_bash_operator']) retrieved from /home/airflow/.local/lib/python3.7/site-packages/airflow/example_dags/example_bash_operator.py
[2024-06-26T13:36:59.126+0000] {logging_mixin.py:137} INFO - [2024-06-26T13:36:59.126+0000] {dag.py:2690} INFO - Sync 1 DAGs
[2024-06-26T13:36:59.152+0000] {logging_mixin.py:137} INFO - [2024-06-26T13:36:59.152+0000] {dag.py:3441} INFO - Setting next_dagrun for example_bash_operator to 2024-06-25T00:00:00+00:00, run_after=2024-06-26T00:00:00+00:00
[2024-06-26T13:36:59.169+0000] {processor.py:175} INFO - Processing /home/airflow/.local/lib/python3.7/site-packages/airflow/example_dags/example_bash_operator.py took 0.097 seconds
[2024-06-26T13:37:29.187+0000] {processor.py:153} INFO - Started process (PID=6053) to work on /home/airflow/.local/lib/python3.7/site-packages/airflow/example_dags/example_bash_operator.py
[2024-06-26T13:37:29.187+0000] {processor.py:743} INFO - Processing file /home/airflow/.local/lib/python3.7/site-packages/airflow/example_dags/example_bash_operator.py for tasks to queue
[2024-06-26T13:37:29.188+0000] {logging_mixin.py:137} INFO - [2024-06-26T13:37:29.188+0000] {dagbag.py:538} INFO - Filling up the DagBag from /home/airflow/.local/lib/python3.7/site-packages/airflow/example_dags/example_bash_operator.py
[2024-06-26T13:37:29.206+0000] {processor.py:753} INFO - DAG(s) dict_keys(['example_bash_operator']) retrieved from /home/airflow/.local/lib/python3.7/site-packages/airflow/example_dags/example_bash_operator.py
[2024-06-26T13:37:29.236+0000] {logging_mixin.py:137} INFO - [2024-06-26T13:37:29.236+0000] {dag.py:2690} INFO - Sync 1 DAGs
[2024-06-26T13:37:29.259+0000] {logging_mixin.py:137} INFO - [2024-06-26T13:37:29.259+0000] {dag.py:3441} INFO - Setting next_dagrun for example_bash_operator to 2024-06-25T00:00:00+00:00, run_after=2024-06-26T00:00:00+00:00
[2024-06-26T13:37:29.273+0000] {processor.py:175} INFO - Processing /home/airflow/.local/lib/python3.7/site-packages/airflow/example_dags/example_bash_operator.py took 0.088 seconds
[2024-06-26T13:38:00.037+0000] {processor.py:153} INFO - Started process (PID=6152) to work on /home/airflow/.local/lib/python3.7/site-packages/airflow/example_dags/example_bash_operator.py
[2024-06-26T13:38:00.038+0000] {processor.py:743} INFO - Processing file /home/airflow/.local/lib/python3.7/site-packages/airflow/example_dags/example_bash_operator.py for tasks to queue
[2024-06-26T13:38:00.038+0000] {logging_mixin.py:137} INFO - [2024-06-26T13:38:00.038+0000] {dagbag.py:538} INFO - Filling up the DagBag from /home/airflow/.local/lib/python3.7/site-packages/airflow/example_dags/example_bash_operator.py
[2024-06-26T13:38:00.055+0000] {processor.py:753} INFO - DAG(s) dict_keys(['example_bash_operator']) retrieved from /home/airflow/.local/lib/python3.7/site-packages/airflow/example_dags/example_bash_operator.py
[2024-06-26T13:38:00.087+0000] {logging_mixin.py:137} INFO - [2024-06-26T13:38:00.086+0000] {dag.py:2690} INFO - Sync 1 DAGs
[2024-06-26T13:38:00.108+0000] {logging_mixin.py:137} INFO - [2024-06-26T13:38:00.108+0000] {dag.py:3441} INFO - Setting next_dagrun for example_bash_operator to 2024-06-25T00:00:00+00:00, run_after=2024-06-26T00:00:00+00:00
[2024-06-26T13:38:00.122+0000] {processor.py:175} INFO - Processing /home/airflow/.local/lib/python3.7/site-packages/airflow/example_dags/example_bash_operator.py took 0.088 seconds
[2024-06-26T13:38:30.888+0000] {processor.py:153} INFO - Started process (PID=6231) to work on /home/airflow/.local/lib/python3.7/site-packages/airflow/example_dags/example_bash_operator.py
[2024-06-26T13:38:30.888+0000] {processor.py:743} INFO - Processing file /home/airflow/.local/lib/python3.7/site-packages/airflow/example_dags/example_bash_operator.py for tasks to queue
[2024-06-26T13:38:30.889+0000] {logging_mixin.py:137} INFO - [2024-06-26T13:38:30.888+0000] {dagbag.py:538} INFO - Filling up the DagBag from /home/airflow/.local/lib/python3.7/site-packages/airflow/example_dags/example_bash_operator.py
[2024-06-26T13:38:30.905+0000] {processor.py:753} INFO - DAG(s) dict_keys(['example_bash_operator']) retrieved from /home/airflow/.local/lib/python3.7/site-packages/airflow/example_dags/example_bash_operator.py
[2024-06-26T13:38:30.934+0000] {logging_mixin.py:137} INFO - [2024-06-26T13:38:30.934+0000] {dag.py:2690} INFO - Sync 1 DAGs
[2024-06-26T13:38:30.954+0000] {logging_mixin.py:137} INFO - [2024-06-26T13:38:30.954+0000] {dag.py:3441} INFO - Setting next_dagrun for example_bash_operator to 2024-06-25T00:00:00+00:00, run_after=2024-06-26T00:00:00+00:00
[2024-06-26T13:38:30.966+0000] {processor.py:175} INFO - Processing /home/airflow/.local/lib/python3.7/site-packages/airflow/example_dags/example_bash_operator.py took 0.081 seconds
[2024-06-26T13:39:01.626+0000] {processor.py:153} INFO - Started process (PID=6330) to work on /home/airflow/.local/lib/python3.7/site-packages/airflow/example_dags/example_bash_operator.py
[2024-06-26T13:39:01.626+0000] {processor.py:743} INFO - Processing file /home/airflow/.local/lib/python3.7/site-packages/airflow/example_dags/example_bash_operator.py for tasks to queue
[2024-06-26T13:39:01.627+0000] {logging_mixin.py:137} INFO - [2024-06-26T13:39:01.626+0000] {dagbag.py:538} INFO - Filling up the DagBag from /home/airflow/.local/lib/python3.7/site-packages/airflow/example_dags/example_bash_operator.py
[2024-06-26T13:39:01.642+0000] {processor.py:753} INFO - DAG(s) dict_keys(['example_bash_operator']) retrieved from /home/airflow/.local/lib/python3.7/site-packages/airflow/example_dags/example_bash_operator.py
[2024-06-26T13:39:01.669+0000] {logging_mixin.py:137} INFO - [2024-06-26T13:39:01.669+0000] {dag.py:2690} INFO - Sync 1 DAGs
[2024-06-26T13:39:01.690+0000] {logging_mixin.py:137} INFO - [2024-06-26T13:39:01.690+0000] {dag.py:3441} INFO - Setting next_dagrun for example_bash_operator to 2024-06-25T00:00:00+00:00, run_after=2024-06-26T00:00:00+00:00
[2024-06-26T13:39:01.704+0000] {processor.py:175} INFO - Processing /home/airflow/.local/lib/python3.7/site-packages/airflow/example_dags/example_bash_operator.py took 0.080 seconds
[2024-06-26T13:39:32.389+0000] {processor.py:153} INFO - Started process (PID=6409) to work on /home/airflow/.local/lib/python3.7/site-packages/airflow/example_dags/example_bash_operator.py
[2024-06-26T13:39:32.389+0000] {processor.py:743} INFO - Processing file /home/airflow/.local/lib/python3.7/site-packages/airflow/example_dags/example_bash_operator.py for tasks to queue
[2024-06-26T13:39:32.390+0000] {logging_mixin.py:137} INFO - [2024-06-26T13:39:32.390+0000] {dagbag.py:538} INFO - Filling up the DagBag from /home/airflow/.local/lib/python3.7/site-packages/airflow/example_dags/example_bash_operator.py
[2024-06-26T13:39:32.405+0000] {processor.py:753} INFO - DAG(s) dict_keys(['example_bash_operator']) retrieved from /home/airflow/.local/lib/python3.7/site-packages/airflow/example_dags/example_bash_operator.py
[2024-06-26T13:39:32.432+0000] {logging_mixin.py:137} INFO - [2024-06-26T13:39:32.431+0000] {dag.py:2690} INFO - Sync 1 DAGs
[2024-06-26T13:39:32.450+0000] {logging_mixin.py:137} INFO - [2024-06-26T13:39:32.450+0000] {dag.py:3441} INFO - Setting next_dagrun for example_bash_operator to 2024-06-25T00:00:00+00:00, run_after=2024-06-26T00:00:00+00:00
[2024-06-26T13:39:32.463+0000] {processor.py:175} INFO - Processing /home/airflow/.local/lib/python3.7/site-packages/airflow/example_dags/example_bash_operator.py took 0.077 seconds
