[2024-06-26T13:03:44.872+0000] {processor.py:153} INFO - Started process (PID=64) to work on /home/airflow/.local/lib/python3.7/site-packages/airflow/example_dags/example_branch_labels.py
[2024-06-26T13:03:44.873+0000] {processor.py:743} INFO - Processing file /home/airflow/.local/lib/python3.7/site-packages/airflow/example_dags/example_branch_labels.py for tasks to queue
[2024-06-26T13:03:44.873+0000] {logging_mixin.py:137} INFO - [2024-06-26T13:03:44.873+0000] {dagbag.py:538} INFO - Filling up the DagBag from /home/airflow/.local/lib/python3.7/site-packages/airflow/example_dags/example_branch_labels.py
[2024-06-26T13:03:44.885+0000] {processor.py:753} INFO - DAG(s) dict_keys(['example_branch_labels']) retrieved from /home/airflow/.local/lib/python3.7/site-packages/airflow/example_dags/example_branch_labels.py
[2024-06-26T13:03:44.903+0000] {logging_mixin.py:137} INFO - [2024-06-26T13:03:44.903+0000] {dag.py:2690} INFO - Sync 1 DAGs
[2024-06-26T13:03:44.926+0000] {logging_mixin.py:137} INFO - [2024-06-26T13:03:44.926+0000] {dag.py:3441} INFO - Setting next_dagrun for example_branch_labels to 2024-06-25T00:00:00+00:00, run_after=2024-06-26T00:00:00+00:00
[2024-06-26T13:03:44.940+0000] {processor.py:175} INFO - Processing /home/airflow/.local/lib/python3.7/site-packages/airflow/example_dags/example_branch_labels.py took 0.069 seconds
[2024-06-26T13:04:15.560+0000] {processor.py:153} INFO - Started process (PID=163) to work on /home/airflow/.local/lib/python3.7/site-packages/airflow/example_dags/example_branch_labels.py
[2024-06-26T13:04:15.561+0000] {processor.py:743} INFO - Processing file /home/airflow/.local/lib/python3.7/site-packages/airflow/example_dags/example_branch_labels.py for tasks to queue
[2024-06-26T13:04:15.561+0000] {logging_mixin.py:137} INFO - [2024-06-26T13:04:15.561+0000] {dagbag.py:538} INFO - Filling up the DagBag from /home/airflow/.local/lib/python3.7/site-packages/airflow/example_dags/example_branch_labels.py
[2024-06-26T13:04:15.571+0000] {processor.py:753} INFO - DAG(s) dict_keys(['example_branch_labels']) retrieved from /home/airflow/.local/lib/python3.7/site-packages/airflow/example_dags/example_branch_labels.py
[2024-06-26T13:04:15.588+0000] {logging_mixin.py:137} INFO - [2024-06-26T13:04:15.588+0000] {dag.py:2690} INFO - Sync 1 DAGs
[2024-06-26T13:04:15.608+0000] {logging_mixin.py:137} INFO - [2024-06-26T13:04:15.608+0000] {dag.py:3441} INFO - Setting next_dagrun for example_branch_labels to 2024-06-25T00:00:00+00:00, run_after=2024-06-26T00:00:00+00:00
[2024-06-26T13:04:15.620+0000] {processor.py:175} INFO - Processing /home/airflow/.local/lib/python3.7/site-packages/airflow/example_dags/example_branch_labels.py took 0.062 seconds
[2024-06-26T13:04:46.299+0000] {processor.py:153} INFO - Started process (PID=242) to work on /home/airflow/.local/lib/python3.7/site-packages/airflow/example_dags/example_branch_labels.py
[2024-06-26T13:04:46.299+0000] {processor.py:743} INFO - Processing file /home/airflow/.local/lib/python3.7/site-packages/airflow/example_dags/example_branch_labels.py for tasks to queue
[2024-06-26T13:04:46.300+0000] {logging_mixin.py:137} INFO - [2024-06-26T13:04:46.300+0000] {dagbag.py:538} INFO - Filling up the DagBag from /home/airflow/.local/lib/python3.7/site-packages/airflow/example_dags/example_branch_labels.py
[2024-06-26T13:04:46.309+0000] {processor.py:753} INFO - DAG(s) dict_keys(['example_branch_labels']) retrieved from /home/airflow/.local/lib/python3.7/site-packages/airflow/example_dags/example_branch_labels.py
[2024-06-26T13:04:46.327+0000] {logging_mixin.py:137} INFO - [2024-06-26T13:04:46.327+0000] {dag.py:2690} INFO - Sync 1 DAGs
[2024-06-26T13:04:46.346+0000] {logging_mixin.py:137} INFO - [2024-06-26T13:04:46.346+0000] {dag.py:3441} INFO - Setting next_dagrun for example_branch_labels to 2024-06-25T00:00:00+00:00, run_after=2024-06-26T00:00:00+00:00
[2024-06-26T13:04:46.358+0000] {processor.py:175} INFO - Processing /home/airflow/.local/lib/python3.7/site-packages/airflow/example_dags/example_branch_labels.py took 0.061 seconds
[2024-06-26T13:05:17.015+0000] {processor.py:153} INFO - Started process (PID=341) to work on /home/airflow/.local/lib/python3.7/site-packages/airflow/example_dags/example_branch_labels.py
[2024-06-26T13:05:17.015+0000] {processor.py:743} INFO - Processing file /home/airflow/.local/lib/python3.7/site-packages/airflow/example_dags/example_branch_labels.py for tasks to queue
[2024-06-26T13:05:17.016+0000] {logging_mixin.py:137} INFO - [2024-06-26T13:05:17.016+0000] {dagbag.py:538} INFO - Filling up the DagBag from /home/airflow/.local/lib/python3.7/site-packages/airflow/example_dags/example_branch_labels.py
[2024-06-26T13:05:17.025+0000] {processor.py:753} INFO - DAG(s) dict_keys(['example_branch_labels']) retrieved from /home/airflow/.local/lib/python3.7/site-packages/airflow/example_dags/example_branch_labels.py
[2024-06-26T13:05:17.041+0000] {logging_mixin.py:137} INFO - [2024-06-26T13:05:17.041+0000] {dag.py:2690} INFO - Sync 1 DAGs
[2024-06-26T13:05:17.060+0000] {logging_mixin.py:137} INFO - [2024-06-26T13:05:17.060+0000] {dag.py:3441} INFO - Setting next_dagrun for example_branch_labels to 2024-06-25T00:00:00+00:00, run_after=2024-06-26T00:00:00+00:00
[2024-06-26T13:05:17.074+0000] {processor.py:175} INFO - Processing /home/airflow/.local/lib/python3.7/site-packages/airflow/example_dags/example_branch_labels.py took 0.061 seconds
[2024-06-26T13:05:47.918+0000] {processor.py:153} INFO - Started process (PID=440) to work on /home/airflow/.local/lib/python3.7/site-packages/airflow/example_dags/example_branch_labels.py
[2024-06-26T13:05:47.919+0000] {processor.py:743} INFO - Processing file /home/airflow/.local/lib/python3.7/site-packages/airflow/example_dags/example_branch_labels.py for tasks to queue
[2024-06-26T13:05:47.919+0000] {logging_mixin.py:137} INFO - [2024-06-26T13:05:47.919+0000] {dagbag.py:538} INFO - Filling up the DagBag from /home/airflow/.local/lib/python3.7/site-packages/airflow/example_dags/example_branch_labels.py
[2024-06-26T13:05:47.928+0000] {processor.py:753} INFO - DAG(s) dict_keys(['example_branch_labels']) retrieved from /home/airflow/.local/lib/python3.7/site-packages/airflow/example_dags/example_branch_labels.py
[2024-06-26T13:05:47.946+0000] {logging_mixin.py:137} INFO - [2024-06-26T13:05:47.945+0000] {dag.py:2690} INFO - Sync 1 DAGs
[2024-06-26T13:05:47.965+0000] {logging_mixin.py:137} INFO - [2024-06-26T13:05:47.965+0000] {dag.py:3441} INFO - Setting next_dagrun for example_branch_labels to 2024-06-25T00:00:00+00:00, run_after=2024-06-26T00:00:00+00:00
[2024-06-26T13:05:47.977+0000] {processor.py:175} INFO - Processing /home/airflow/.local/lib/python3.7/site-packages/airflow/example_dags/example_branch_labels.py took 0.061 seconds
[2024-06-26T13:06:18.536+0000] {processor.py:153} INFO - Started process (PID=519) to work on /home/airflow/.local/lib/python3.7/site-packages/airflow/example_dags/example_branch_labels.py
[2024-06-26T13:06:18.537+0000] {processor.py:743} INFO - Processing file /home/airflow/.local/lib/python3.7/site-packages/airflow/example_dags/example_branch_labels.py for tasks to queue
[2024-06-26T13:06:18.537+0000] {logging_mixin.py:137} INFO - [2024-06-26T13:06:18.537+0000] {dagbag.py:538} INFO - Filling up the DagBag from /home/airflow/.local/lib/python3.7/site-packages/airflow/example_dags/example_branch_labels.py
[2024-06-26T13:06:18.547+0000] {processor.py:753} INFO - DAG(s) dict_keys(['example_branch_labels']) retrieved from /home/airflow/.local/lib/python3.7/site-packages/airflow/example_dags/example_branch_labels.py
[2024-06-26T13:06:18.562+0000] {logging_mixin.py:137} INFO - [2024-06-26T13:06:18.562+0000] {dag.py:2690} INFO - Sync 1 DAGs
[2024-06-26T13:06:18.581+0000] {logging_mixin.py:137} INFO - [2024-06-26T13:06:18.581+0000] {dag.py:3441} INFO - Setting next_dagrun for example_branch_labels to 2024-06-25T00:00:00+00:00, run_after=2024-06-26T00:00:00+00:00
[2024-06-26T13:06:18.593+0000] {processor.py:175} INFO - Processing /home/airflow/.local/lib/python3.7/site-packages/airflow/example_dags/example_branch_labels.py took 0.058 seconds
[2024-06-26T13:06:49.549+0000] {processor.py:153} INFO - Started process (PID=618) to work on /home/airflow/.local/lib/python3.7/site-packages/airflow/example_dags/example_branch_labels.py
[2024-06-26T13:06:49.549+0000] {processor.py:743} INFO - Processing file /home/airflow/.local/lib/python3.7/site-packages/airflow/example_dags/example_branch_labels.py for tasks to queue
[2024-06-26T13:06:49.550+0000] {logging_mixin.py:137} INFO - [2024-06-26T13:06:49.550+0000] {dagbag.py:538} INFO - Filling up the DagBag from /home/airflow/.local/lib/python3.7/site-packages/airflow/example_dags/example_branch_labels.py
[2024-06-26T13:06:49.560+0000] {processor.py:753} INFO - DAG(s) dict_keys(['example_branch_labels']) retrieved from /home/airflow/.local/lib/python3.7/site-packages/airflow/example_dags/example_branch_labels.py
[2024-06-26T13:06:49.579+0000] {logging_mixin.py:137} INFO - [2024-06-26T13:06:49.579+0000] {dag.py:2690} INFO - Sync 1 DAGs
[2024-06-26T13:06:49.599+0000] {logging_mixin.py:137} INFO - [2024-06-26T13:06:49.599+0000] {dag.py:3441} INFO - Setting next_dagrun for example_branch_labels to 2024-06-25T00:00:00+00:00, run_after=2024-06-26T00:00:00+00:00
[2024-06-26T13:06:49.611+0000] {processor.py:175} INFO - Processing /home/airflow/.local/lib/python3.7/site-packages/airflow/example_dags/example_branch_labels.py took 0.064 seconds
[2024-06-26T13:07:19.754+0000] {processor.py:153} INFO - Started process (PID=697) to work on /home/airflow/.local/lib/python3.7/site-packages/airflow/example_dags/example_branch_labels.py
[2024-06-26T13:07:19.755+0000] {processor.py:743} INFO - Processing file /home/airflow/.local/lib/python3.7/site-packages/airflow/example_dags/example_branch_labels.py for tasks to queue
[2024-06-26T13:07:19.755+0000] {logging_mixin.py:137} INFO - [2024-06-26T13:07:19.755+0000] {dagbag.py:538} INFO - Filling up the DagBag from /home/airflow/.local/lib/python3.7/site-packages/airflow/example_dags/example_branch_labels.py
[2024-06-26T13:07:19.766+0000] {processor.py:753} INFO - DAG(s) dict_keys(['example_branch_labels']) retrieved from /home/airflow/.local/lib/python3.7/site-packages/airflow/example_dags/example_branch_labels.py
[2024-06-26T13:07:19.786+0000] {logging_mixin.py:137} INFO - [2024-06-26T13:07:19.786+0000] {dag.py:2690} INFO - Sync 1 DAGs
[2024-06-26T13:07:19.807+0000] {logging_mixin.py:137} INFO - [2024-06-26T13:07:19.807+0000] {dag.py:3441} INFO - Setting next_dagrun for example_branch_labels to 2024-06-25T00:00:00+00:00, run_after=2024-06-26T00:00:00+00:00
[2024-06-26T13:07:19.820+0000] {processor.py:175} INFO - Processing /home/airflow/.local/lib/python3.7/site-packages/airflow/example_dags/example_branch_labels.py took 0.068 seconds
[2024-06-26T13:07:49.905+0000] {processor.py:153} INFO - Started process (PID=796) to work on /home/airflow/.local/lib/python3.7/site-packages/airflow/example_dags/example_branch_labels.py
[2024-06-26T13:07:49.906+0000] {processor.py:743} INFO - Processing file /home/airflow/.local/lib/python3.7/site-packages/airflow/example_dags/example_branch_labels.py for tasks to queue
[2024-06-26T13:07:49.906+0000] {logging_mixin.py:137} INFO - [2024-06-26T13:07:49.906+0000] {dagbag.py:538} INFO - Filling up the DagBag from /home/airflow/.local/lib/python3.7/site-packages/airflow/example_dags/example_branch_labels.py
[2024-06-26T13:07:49.917+0000] {processor.py:753} INFO - DAG(s) dict_keys(['example_branch_labels']) retrieved from /home/airflow/.local/lib/python3.7/site-packages/airflow/example_dags/example_branch_labels.py
[2024-06-26T13:07:49.935+0000] {logging_mixin.py:137} INFO - [2024-06-26T13:07:49.934+0000] {dag.py:2690} INFO - Sync 1 DAGs
[2024-06-26T13:07:49.955+0000] {logging_mixin.py:137} INFO - [2024-06-26T13:07:49.955+0000] {dag.py:3441} INFO - Setting next_dagrun for example_branch_labels to 2024-06-25T00:00:00+00:00, run_after=2024-06-26T00:00:00+00:00
[2024-06-26T13:07:49.970+0000] {processor.py:175} INFO - Processing /home/airflow/.local/lib/python3.7/site-packages/airflow/example_dags/example_branch_labels.py took 0.067 seconds
[2024-06-26T13:08:20.071+0000] {processor.py:153} INFO - Started process (PID=884) to work on /home/airflow/.local/lib/python3.7/site-packages/airflow/example_dags/example_branch_labels.py
[2024-06-26T13:08:20.072+0000] {processor.py:743} INFO - Processing file /home/airflow/.local/lib/python3.7/site-packages/airflow/example_dags/example_branch_labels.py for tasks to queue
[2024-06-26T13:08:20.072+0000] {logging_mixin.py:137} INFO - [2024-06-26T13:08:20.072+0000] {dagbag.py:538} INFO - Filling up the DagBag from /home/airflow/.local/lib/python3.7/site-packages/airflow/example_dags/example_branch_labels.py
[2024-06-26T13:08:20.085+0000] {processor.py:753} INFO - DAG(s) dict_keys(['example_branch_labels']) retrieved from /home/airflow/.local/lib/python3.7/site-packages/airflow/example_dags/example_branch_labels.py
[2024-06-26T13:08:20.103+0000] {logging_mixin.py:137} INFO - [2024-06-26T13:08:20.103+0000] {dag.py:2690} INFO - Sync 1 DAGs
[2024-06-26T13:08:20.125+0000] {logging_mixin.py:137} INFO - [2024-06-26T13:08:20.125+0000] {dag.py:3441} INFO - Setting next_dagrun for example_branch_labels to 2024-06-25T00:00:00+00:00, run_after=2024-06-26T00:00:00+00:00
[2024-06-26T13:08:20.140+0000] {processor.py:175} INFO - Processing /home/airflow/.local/lib/python3.7/site-packages/airflow/example_dags/example_branch_labels.py took 0.071 seconds
[2024-06-26T13:08:50.973+0000] {processor.py:153} INFO - Started process (PID=974) to work on /home/airflow/.local/lib/python3.7/site-packages/airflow/example_dags/example_branch_labels.py
[2024-06-26T13:08:50.974+0000] {processor.py:743} INFO - Processing file /home/airflow/.local/lib/python3.7/site-packages/airflow/example_dags/example_branch_labels.py for tasks to queue
[2024-06-26T13:08:50.974+0000] {logging_mixin.py:137} INFO - [2024-06-26T13:08:50.974+0000] {dagbag.py:538} INFO - Filling up the DagBag from /home/airflow/.local/lib/python3.7/site-packages/airflow/example_dags/example_branch_labels.py
[2024-06-26T13:08:50.985+0000] {processor.py:753} INFO - DAG(s) dict_keys(['example_branch_labels']) retrieved from /home/airflow/.local/lib/python3.7/site-packages/airflow/example_dags/example_branch_labels.py
[2024-06-26T13:08:51.001+0000] {logging_mixin.py:137} INFO - [2024-06-26T13:08:51.001+0000] {dag.py:2690} INFO - Sync 1 DAGs
[2024-06-26T13:08:51.020+0000] {logging_mixin.py:137} INFO - [2024-06-26T13:08:51.020+0000] {dag.py:3441} INFO - Setting next_dagrun for example_branch_labels to 2024-06-25T00:00:00+00:00, run_after=2024-06-26T00:00:00+00:00
[2024-06-26T13:08:51.032+0000] {processor.py:175} INFO - Processing /home/airflow/.local/lib/python3.7/site-packages/airflow/example_dags/example_branch_labels.py took 0.061 seconds
[2024-06-26T13:09:21.886+0000] {processor.py:153} INFO - Started process (PID=1073) to work on /home/airflow/.local/lib/python3.7/site-packages/airflow/example_dags/example_branch_labels.py
[2024-06-26T13:09:21.886+0000] {processor.py:743} INFO - Processing file /home/airflow/.local/lib/python3.7/site-packages/airflow/example_dags/example_branch_labels.py for tasks to queue
[2024-06-26T13:09:21.887+0000] {logging_mixin.py:137} INFO - [2024-06-26T13:09:21.887+0000] {dagbag.py:538} INFO - Filling up the DagBag from /home/airflow/.local/lib/python3.7/site-packages/airflow/example_dags/example_branch_labels.py
[2024-06-26T13:09:21.897+0000] {processor.py:753} INFO - DAG(s) dict_keys(['example_branch_labels']) retrieved from /home/airflow/.local/lib/python3.7/site-packages/airflow/example_dags/example_branch_labels.py
[2024-06-26T13:09:21.917+0000] {logging_mixin.py:137} INFO - [2024-06-26T13:09:21.917+0000] {dag.py:2690} INFO - Sync 1 DAGs
[2024-06-26T13:09:21.940+0000] {logging_mixin.py:137} INFO - [2024-06-26T13:09:21.940+0000] {dag.py:3441} INFO - Setting next_dagrun for example_branch_labels to 2024-06-25T00:00:00+00:00, run_after=2024-06-26T00:00:00+00:00
[2024-06-26T13:09:21.954+0000] {processor.py:175} INFO - Processing /home/airflow/.local/lib/python3.7/site-packages/airflow/example_dags/example_branch_labels.py took 0.070 seconds
[2024-06-26T13:09:52.632+0000] {processor.py:153} INFO - Started process (PID=1152) to work on /home/airflow/.local/lib/python3.7/site-packages/airflow/example_dags/example_branch_labels.py
[2024-06-26T13:09:52.633+0000] {processor.py:743} INFO - Processing file /home/airflow/.local/lib/python3.7/site-packages/airflow/example_dags/example_branch_labels.py for tasks to queue
[2024-06-26T13:09:52.633+0000] {logging_mixin.py:137} INFO - [2024-06-26T13:09:52.633+0000] {dagbag.py:538} INFO - Filling up the DagBag from /home/airflow/.local/lib/python3.7/site-packages/airflow/example_dags/example_branch_labels.py
[2024-06-26T13:09:52.643+0000] {processor.py:753} INFO - DAG(s) dict_keys(['example_branch_labels']) retrieved from /home/airflow/.local/lib/python3.7/site-packages/airflow/example_dags/example_branch_labels.py
[2024-06-26T13:09:52.659+0000] {logging_mixin.py:137} INFO - [2024-06-26T13:09:52.658+0000] {dag.py:2690} INFO - Sync 1 DAGs
[2024-06-26T13:09:52.677+0000] {logging_mixin.py:137} INFO - [2024-06-26T13:09:52.677+0000] {dag.py:3441} INFO - Setting next_dagrun for example_branch_labels to 2024-06-25T00:00:00+00:00, run_after=2024-06-26T00:00:00+00:00
[2024-06-26T13:09:52.690+0000] {processor.py:175} INFO - Processing /home/airflow/.local/lib/python3.7/site-packages/airflow/example_dags/example_branch_labels.py took 0.060 seconds
[2024-06-26T13:10:23.462+0000] {processor.py:153} INFO - Started process (PID=1251) to work on /home/airflow/.local/lib/python3.7/site-packages/airflow/example_dags/example_branch_labels.py
[2024-06-26T13:10:23.463+0000] {processor.py:743} INFO - Processing file /home/airflow/.local/lib/python3.7/site-packages/airflow/example_dags/example_branch_labels.py for tasks to queue
[2024-06-26T13:10:23.463+0000] {logging_mixin.py:137} INFO - [2024-06-26T13:10:23.463+0000] {dagbag.py:538} INFO - Filling up the DagBag from /home/airflow/.local/lib/python3.7/site-packages/airflow/example_dags/example_branch_labels.py
[2024-06-26T13:10:23.474+0000] {processor.py:753} INFO - DAG(s) dict_keys(['example_branch_labels']) retrieved from /home/airflow/.local/lib/python3.7/site-packages/airflow/example_dags/example_branch_labels.py
[2024-06-26T13:10:23.492+0000] {logging_mixin.py:137} INFO - [2024-06-26T13:10:23.492+0000] {dag.py:2690} INFO - Sync 1 DAGs
[2024-06-26T13:10:23.512+0000] {logging_mixin.py:137} INFO - [2024-06-26T13:10:23.512+0000] {dag.py:3441} INFO - Setting next_dagrun for example_branch_labels to 2024-06-25T00:00:00+00:00, run_after=2024-06-26T00:00:00+00:00
[2024-06-26T13:10:23.526+0000] {processor.py:175} INFO - Processing /home/airflow/.local/lib/python3.7/site-packages/airflow/example_dags/example_branch_labels.py took 0.066 seconds
[2024-06-26T13:10:54.360+0000] {processor.py:153} INFO - Started process (PID=1350) to work on /home/airflow/.local/lib/python3.7/site-packages/airflow/example_dags/example_branch_labels.py
[2024-06-26T13:10:54.360+0000] {processor.py:743} INFO - Processing file /home/airflow/.local/lib/python3.7/site-packages/airflow/example_dags/example_branch_labels.py for tasks to queue
[2024-06-26T13:10:54.361+0000] {logging_mixin.py:137} INFO - [2024-06-26T13:10:54.360+0000] {dagbag.py:538} INFO - Filling up the DagBag from /home/airflow/.local/lib/python3.7/site-packages/airflow/example_dags/example_branch_labels.py
[2024-06-26T13:10:54.371+0000] {processor.py:753} INFO - DAG(s) dict_keys(['example_branch_labels']) retrieved from /home/airflow/.local/lib/python3.7/site-packages/airflow/example_dags/example_branch_labels.py
[2024-06-26T13:10:54.388+0000] {logging_mixin.py:137} INFO - [2024-06-26T13:10:54.388+0000] {dag.py:2690} INFO - Sync 1 DAGs
[2024-06-26T13:10:54.409+0000] {logging_mixin.py:137} INFO - [2024-06-26T13:10:54.409+0000] {dag.py:3441} INFO - Setting next_dagrun for example_branch_labels to 2024-06-25T00:00:00+00:00, run_after=2024-06-26T00:00:00+00:00
[2024-06-26T13:10:54.424+0000] {processor.py:175} INFO - Processing /home/airflow/.local/lib/python3.7/site-packages/airflow/example_dags/example_branch_labels.py took 0.067 seconds
[2024-06-26T13:11:25.227+0000] {processor.py:153} INFO - Started process (PID=1429) to work on /home/airflow/.local/lib/python3.7/site-packages/airflow/example_dags/example_branch_labels.py
[2024-06-26T13:11:25.227+0000] {processor.py:743} INFO - Processing file /home/airflow/.local/lib/python3.7/site-packages/airflow/example_dags/example_branch_labels.py for tasks to queue
[2024-06-26T13:11:25.227+0000] {logging_mixin.py:137} INFO - [2024-06-26T13:11:25.227+0000] {dagbag.py:538} INFO - Filling up the DagBag from /home/airflow/.local/lib/python3.7/site-packages/airflow/example_dags/example_branch_labels.py
[2024-06-26T13:11:25.237+0000] {processor.py:753} INFO - DAG(s) dict_keys(['example_branch_labels']) retrieved from /home/airflow/.local/lib/python3.7/site-packages/airflow/example_dags/example_branch_labels.py
[2024-06-26T13:11:25.253+0000] {logging_mixin.py:137} INFO - [2024-06-26T13:11:25.252+0000] {dag.py:2690} INFO - Sync 1 DAGs
[2024-06-26T13:11:25.271+0000] {logging_mixin.py:137} INFO - [2024-06-26T13:11:25.271+0000] {dag.py:3441} INFO - Setting next_dagrun for example_branch_labels to 2024-06-25T00:00:00+00:00, run_after=2024-06-26T00:00:00+00:00
[2024-06-26T13:11:25.283+0000] {processor.py:175} INFO - Processing /home/airflow/.local/lib/python3.7/site-packages/airflow/example_dags/example_branch_labels.py took 0.058 seconds
[2024-06-26T13:11:56.025+0000] {processor.py:153} INFO - Started process (PID=1528) to work on /home/airflow/.local/lib/python3.7/site-packages/airflow/example_dags/example_branch_labels.py
[2024-06-26T13:11:56.026+0000] {processor.py:743} INFO - Processing file /home/airflow/.local/lib/python3.7/site-packages/airflow/example_dags/example_branch_labels.py for tasks to queue
[2024-06-26T13:11:56.026+0000] {logging_mixin.py:137} INFO - [2024-06-26T13:11:56.026+0000] {dagbag.py:538} INFO - Filling up the DagBag from /home/airflow/.local/lib/python3.7/site-packages/airflow/example_dags/example_branch_labels.py
[2024-06-26T13:11:56.035+0000] {processor.py:753} INFO - DAG(s) dict_keys(['example_branch_labels']) retrieved from /home/airflow/.local/lib/python3.7/site-packages/airflow/example_dags/example_branch_labels.py
[2024-06-26T13:11:56.051+0000] {logging_mixin.py:137} INFO - [2024-06-26T13:11:56.051+0000] {dag.py:2690} INFO - Sync 1 DAGs
[2024-06-26T13:11:56.069+0000] {logging_mixin.py:137} INFO - [2024-06-26T13:11:56.069+0000] {dag.py:3441} INFO - Setting next_dagrun for example_branch_labels to 2024-06-25T00:00:00+00:00, run_after=2024-06-26T00:00:00+00:00
[2024-06-26T13:11:56.081+0000] {processor.py:175} INFO - Processing /home/airflow/.local/lib/python3.7/site-packages/airflow/example_dags/example_branch_labels.py took 0.058 seconds
[2024-06-26T13:12:26.827+0000] {processor.py:153} INFO - Started process (PID=1607) to work on /home/airflow/.local/lib/python3.7/site-packages/airflow/example_dags/example_branch_labels.py
[2024-06-26T13:12:26.827+0000] {processor.py:743} INFO - Processing file /home/airflow/.local/lib/python3.7/site-packages/airflow/example_dags/example_branch_labels.py for tasks to queue
[2024-06-26T13:12:26.827+0000] {logging_mixin.py:137} INFO - [2024-06-26T13:12:26.827+0000] {dagbag.py:538} INFO - Filling up the DagBag from /home/airflow/.local/lib/python3.7/site-packages/airflow/example_dags/example_branch_labels.py
[2024-06-26T13:12:26.837+0000] {processor.py:753} INFO - DAG(s) dict_keys(['example_branch_labels']) retrieved from /home/airflow/.local/lib/python3.7/site-packages/airflow/example_dags/example_branch_labels.py
[2024-06-26T13:12:26.852+0000] {logging_mixin.py:137} INFO - [2024-06-26T13:12:26.852+0000] {dag.py:2690} INFO - Sync 1 DAGs
[2024-06-26T13:12:26.870+0000] {logging_mixin.py:137} INFO - [2024-06-26T13:12:26.870+0000] {dag.py:3441} INFO - Setting next_dagrun for example_branch_labels to 2024-06-25T00:00:00+00:00, run_after=2024-06-26T00:00:00+00:00
[2024-06-26T13:12:26.883+0000] {processor.py:175} INFO - Processing /home/airflow/.local/lib/python3.7/site-packages/airflow/example_dags/example_branch_labels.py took 0.058 seconds
[2024-06-26T13:12:57.657+0000] {processor.py:153} INFO - Started process (PID=1706) to work on /home/airflow/.local/lib/python3.7/site-packages/airflow/example_dags/example_branch_labels.py
[2024-06-26T13:12:57.657+0000] {processor.py:743} INFO - Processing file /home/airflow/.local/lib/python3.7/site-packages/airflow/example_dags/example_branch_labels.py for tasks to queue
[2024-06-26T13:12:57.658+0000] {logging_mixin.py:137} INFO - [2024-06-26T13:12:57.658+0000] {dagbag.py:538} INFO - Filling up the DagBag from /home/airflow/.local/lib/python3.7/site-packages/airflow/example_dags/example_branch_labels.py
[2024-06-26T13:12:57.667+0000] {processor.py:753} INFO - DAG(s) dict_keys(['example_branch_labels']) retrieved from /home/airflow/.local/lib/python3.7/site-packages/airflow/example_dags/example_branch_labels.py
[2024-06-26T13:12:57.683+0000] {logging_mixin.py:137} INFO - [2024-06-26T13:12:57.683+0000] {dag.py:2690} INFO - Sync 1 DAGs
[2024-06-26T13:12:57.701+0000] {logging_mixin.py:137} INFO - [2024-06-26T13:12:57.701+0000] {dag.py:3441} INFO - Setting next_dagrun for example_branch_labels to 2024-06-25T00:00:00+00:00, run_after=2024-06-26T00:00:00+00:00
[2024-06-26T13:12:57.714+0000] {processor.py:175} INFO - Processing /home/airflow/.local/lib/python3.7/site-packages/airflow/example_dags/example_branch_labels.py took 0.059 seconds
[2024-06-26T13:13:28.569+0000] {processor.py:153} INFO - Started process (PID=1805) to work on /home/airflow/.local/lib/python3.7/site-packages/airflow/example_dags/example_branch_labels.py
[2024-06-26T13:13:28.570+0000] {processor.py:743} INFO - Processing file /home/airflow/.local/lib/python3.7/site-packages/airflow/example_dags/example_branch_labels.py for tasks to queue
[2024-06-26T13:13:28.570+0000] {logging_mixin.py:137} INFO - [2024-06-26T13:13:28.570+0000] {dagbag.py:538} INFO - Filling up the DagBag from /home/airflow/.local/lib/python3.7/site-packages/airflow/example_dags/example_branch_labels.py
[2024-06-26T13:13:28.580+0000] {processor.py:753} INFO - DAG(s) dict_keys(['example_branch_labels']) retrieved from /home/airflow/.local/lib/python3.7/site-packages/airflow/example_dags/example_branch_labels.py
[2024-06-26T13:13:28.596+0000] {logging_mixin.py:137} INFO - [2024-06-26T13:13:28.596+0000] {dag.py:2690} INFO - Sync 1 DAGs
[2024-06-26T13:13:28.614+0000] {logging_mixin.py:137} INFO - [2024-06-26T13:13:28.614+0000] {dag.py:3441} INFO - Setting next_dagrun for example_branch_labels to 2024-06-25T00:00:00+00:00, run_after=2024-06-26T00:00:00+00:00
[2024-06-26T13:13:28.626+0000] {processor.py:175} INFO - Processing /home/airflow/.local/lib/python3.7/site-packages/airflow/example_dags/example_branch_labels.py took 0.058 seconds
[2024-06-26T13:13:59.326+0000] {processor.py:153} INFO - Started process (PID=1884) to work on /home/airflow/.local/lib/python3.7/site-packages/airflow/example_dags/example_branch_labels.py
[2024-06-26T13:13:59.327+0000] {processor.py:743} INFO - Processing file /home/airflow/.local/lib/python3.7/site-packages/airflow/example_dags/example_branch_labels.py for tasks to queue
[2024-06-26T13:13:59.327+0000] {logging_mixin.py:137} INFO - [2024-06-26T13:13:59.327+0000] {dagbag.py:538} INFO - Filling up the DagBag from /home/airflow/.local/lib/python3.7/site-packages/airflow/example_dags/example_branch_labels.py
[2024-06-26T13:13:59.336+0000] {processor.py:753} INFO - DAG(s) dict_keys(['example_branch_labels']) retrieved from /home/airflow/.local/lib/python3.7/site-packages/airflow/example_dags/example_branch_labels.py
[2024-06-26T13:13:59.353+0000] {logging_mixin.py:137} INFO - [2024-06-26T13:13:59.353+0000] {dag.py:2690} INFO - Sync 1 DAGs
[2024-06-26T13:13:59.371+0000] {logging_mixin.py:137} INFO - [2024-06-26T13:13:59.371+0000] {dag.py:3441} INFO - Setting next_dagrun for example_branch_labels to 2024-06-25T00:00:00+00:00, run_after=2024-06-26T00:00:00+00:00
[2024-06-26T13:13:59.383+0000] {processor.py:175} INFO - Processing /home/airflow/.local/lib/python3.7/site-packages/airflow/example_dags/example_branch_labels.py took 0.059 seconds
[2024-06-26T13:14:30.058+0000] {processor.py:153} INFO - Started process (PID=1983) to work on /home/airflow/.local/lib/python3.7/site-packages/airflow/example_dags/example_branch_labels.py
[2024-06-26T13:14:30.058+0000] {processor.py:743} INFO - Processing file /home/airflow/.local/lib/python3.7/site-packages/airflow/example_dags/example_branch_labels.py for tasks to queue
[2024-06-26T13:14:30.059+0000] {logging_mixin.py:137} INFO - [2024-06-26T13:14:30.059+0000] {dagbag.py:538} INFO - Filling up the DagBag from /home/airflow/.local/lib/python3.7/site-packages/airflow/example_dags/example_branch_labels.py
[2024-06-26T13:14:30.068+0000] {processor.py:753} INFO - DAG(s) dict_keys(['example_branch_labels']) retrieved from /home/airflow/.local/lib/python3.7/site-packages/airflow/example_dags/example_branch_labels.py
[2024-06-26T13:14:30.084+0000] {logging_mixin.py:137} INFO - [2024-06-26T13:14:30.084+0000] {dag.py:2690} INFO - Sync 1 DAGs
[2024-06-26T13:14:30.102+0000] {logging_mixin.py:137} INFO - [2024-06-26T13:14:30.102+0000] {dag.py:3441} INFO - Setting next_dagrun for example_branch_labels to 2024-06-25T00:00:00+00:00, run_after=2024-06-26T00:00:00+00:00
[2024-06-26T13:14:30.115+0000] {processor.py:175} INFO - Processing /home/airflow/.local/lib/python3.7/site-packages/airflow/example_dags/example_branch_labels.py took 0.059 seconds
[2024-06-26T13:15:00.928+0000] {processor.py:153} INFO - Started process (PID=2082) to work on /home/airflow/.local/lib/python3.7/site-packages/airflow/example_dags/example_branch_labels.py
[2024-06-26T13:15:00.929+0000] {processor.py:743} INFO - Processing file /home/airflow/.local/lib/python3.7/site-packages/airflow/example_dags/example_branch_labels.py for tasks to queue
[2024-06-26T13:15:00.929+0000] {logging_mixin.py:137} INFO - [2024-06-26T13:15:00.929+0000] {dagbag.py:538} INFO - Filling up the DagBag from /home/airflow/.local/lib/python3.7/site-packages/airflow/example_dags/example_branch_labels.py
[2024-06-26T13:15:00.939+0000] {processor.py:753} INFO - DAG(s) dict_keys(['example_branch_labels']) retrieved from /home/airflow/.local/lib/python3.7/site-packages/airflow/example_dags/example_branch_labels.py
[2024-06-26T13:15:00.956+0000] {logging_mixin.py:137} INFO - [2024-06-26T13:15:00.956+0000] {dag.py:2690} INFO - Sync 1 DAGs
[2024-06-26T13:15:00.977+0000] {logging_mixin.py:137} INFO - [2024-06-26T13:15:00.977+0000] {dag.py:3441} INFO - Setting next_dagrun for example_branch_labels to 2024-06-25T00:00:00+00:00, run_after=2024-06-26T00:00:00+00:00
[2024-06-26T13:15:00.993+0000] {processor.py:175} INFO - Processing /home/airflow/.local/lib/python3.7/site-packages/airflow/example_dags/example_branch_labels.py took 0.066 seconds
[2024-06-26T13:15:31.861+0000] {processor.py:153} INFO - Started process (PID=2161) to work on /home/airflow/.local/lib/python3.7/site-packages/airflow/example_dags/example_branch_labels.py
[2024-06-26T13:15:31.862+0000] {processor.py:743} INFO - Processing file /home/airflow/.local/lib/python3.7/site-packages/airflow/example_dags/example_branch_labels.py for tasks to queue
[2024-06-26T13:15:31.862+0000] {logging_mixin.py:137} INFO - [2024-06-26T13:15:31.862+0000] {dagbag.py:538} INFO - Filling up the DagBag from /home/airflow/.local/lib/python3.7/site-packages/airflow/example_dags/example_branch_labels.py
[2024-06-26T13:15:31.873+0000] {processor.py:753} INFO - DAG(s) dict_keys(['example_branch_labels']) retrieved from /home/airflow/.local/lib/python3.7/site-packages/airflow/example_dags/example_branch_labels.py
[2024-06-26T13:15:31.890+0000] {logging_mixin.py:137} INFO - [2024-06-26T13:15:31.890+0000] {dag.py:2690} INFO - Sync 1 DAGs
[2024-06-26T13:15:31.909+0000] {logging_mixin.py:137} INFO - [2024-06-26T13:15:31.909+0000] {dag.py:3441} INFO - Setting next_dagrun for example_branch_labels to 2024-06-25T00:00:00+00:00, run_after=2024-06-26T00:00:00+00:00
[2024-06-26T13:15:31.922+0000] {processor.py:175} INFO - Processing /home/airflow/.local/lib/python3.7/site-packages/airflow/example_dags/example_branch_labels.py took 0.062 seconds
[2024-06-26T13:16:02.648+0000] {processor.py:153} INFO - Started process (PID=2260) to work on /home/airflow/.local/lib/python3.7/site-packages/airflow/example_dags/example_branch_labels.py
[2024-06-26T13:16:02.648+0000] {processor.py:743} INFO - Processing file /home/airflow/.local/lib/python3.7/site-packages/airflow/example_dags/example_branch_labels.py for tasks to queue
[2024-06-26T13:16:02.649+0000] {logging_mixin.py:137} INFO - [2024-06-26T13:16:02.649+0000] {dagbag.py:538} INFO - Filling up the DagBag from /home/airflow/.local/lib/python3.7/site-packages/airflow/example_dags/example_branch_labels.py
[2024-06-26T13:16:02.658+0000] {processor.py:753} INFO - DAG(s) dict_keys(['example_branch_labels']) retrieved from /home/airflow/.local/lib/python3.7/site-packages/airflow/example_dags/example_branch_labels.py
[2024-06-26T13:16:02.674+0000] {logging_mixin.py:137} INFO - [2024-06-26T13:16:02.674+0000] {dag.py:2690} INFO - Sync 1 DAGs
[2024-06-26T13:16:02.692+0000] {logging_mixin.py:137} INFO - [2024-06-26T13:16:02.692+0000] {dag.py:3441} INFO - Setting next_dagrun for example_branch_labels to 2024-06-25T00:00:00+00:00, run_after=2024-06-26T00:00:00+00:00
[2024-06-26T13:16:02.705+0000] {processor.py:175} INFO - Processing /home/airflow/.local/lib/python3.7/site-packages/airflow/example_dags/example_branch_labels.py took 0.059 seconds
[2024-06-26T13:16:33.466+0000] {processor.py:153} INFO - Started process (PID=2339) to work on /home/airflow/.local/lib/python3.7/site-packages/airflow/example_dags/example_branch_labels.py
[2024-06-26T13:16:33.467+0000] {processor.py:743} INFO - Processing file /home/airflow/.local/lib/python3.7/site-packages/airflow/example_dags/example_branch_labels.py for tasks to queue
[2024-06-26T13:16:33.467+0000] {logging_mixin.py:137} INFO - [2024-06-26T13:16:33.467+0000] {dagbag.py:538} INFO - Filling up the DagBag from /home/airflow/.local/lib/python3.7/site-packages/airflow/example_dags/example_branch_labels.py
[2024-06-26T13:16:33.477+0000] {processor.py:753} INFO - DAG(s) dict_keys(['example_branch_labels']) retrieved from /home/airflow/.local/lib/python3.7/site-packages/airflow/example_dags/example_branch_labels.py
[2024-06-26T13:16:33.492+0000] {logging_mixin.py:137} INFO - [2024-06-26T13:16:33.492+0000] {dag.py:2690} INFO - Sync 1 DAGs
[2024-06-26T13:16:33.510+0000] {logging_mixin.py:137} INFO - [2024-06-26T13:16:33.510+0000] {dag.py:3441} INFO - Setting next_dagrun for example_branch_labels to 2024-06-25T00:00:00+00:00, run_after=2024-06-26T00:00:00+00:00
[2024-06-26T13:16:33.521+0000] {processor.py:175} INFO - Processing /home/airflow/.local/lib/python3.7/site-packages/airflow/example_dags/example_branch_labels.py took 0.057 seconds
[2024-06-26T13:17:04.238+0000] {processor.py:153} INFO - Started process (PID=2438) to work on /home/airflow/.local/lib/python3.7/site-packages/airflow/example_dags/example_branch_labels.py
[2024-06-26T13:17:04.239+0000] {processor.py:743} INFO - Processing file /home/airflow/.local/lib/python3.7/site-packages/airflow/example_dags/example_branch_labels.py for tasks to queue
[2024-06-26T13:17:04.239+0000] {logging_mixin.py:137} INFO - [2024-06-26T13:17:04.239+0000] {dagbag.py:538} INFO - Filling up the DagBag from /home/airflow/.local/lib/python3.7/site-packages/airflow/example_dags/example_branch_labels.py
[2024-06-26T13:17:04.249+0000] {processor.py:753} INFO - DAG(s) dict_keys(['example_branch_labels']) retrieved from /home/airflow/.local/lib/python3.7/site-packages/airflow/example_dags/example_branch_labels.py
[2024-06-26T13:17:04.266+0000] {logging_mixin.py:137} INFO - [2024-06-26T13:17:04.266+0000] {dag.py:2690} INFO - Sync 1 DAGs
[2024-06-26T13:17:04.287+0000] {logging_mixin.py:137} INFO - [2024-06-26T13:17:04.287+0000] {dag.py:3441} INFO - Setting next_dagrun for example_branch_labels to 2024-06-25T00:00:00+00:00, run_after=2024-06-26T00:00:00+00:00
[2024-06-26T13:17:04.301+0000] {processor.py:175} INFO - Processing /home/airflow/.local/lib/python3.7/site-packages/airflow/example_dags/example_branch_labels.py took 0.065 seconds
[2024-06-26T13:17:34.399+0000] {processor.py:153} INFO - Started process (PID=2537) to work on /home/airflow/.local/lib/python3.7/site-packages/airflow/example_dags/example_branch_labels.py
[2024-06-26T13:17:34.400+0000] {processor.py:743} INFO - Processing file /home/airflow/.local/lib/python3.7/site-packages/airflow/example_dags/example_branch_labels.py for tasks to queue
[2024-06-26T13:17:34.400+0000] {logging_mixin.py:137} INFO - [2024-06-26T13:17:34.400+0000] {dagbag.py:538} INFO - Filling up the DagBag from /home/airflow/.local/lib/python3.7/site-packages/airflow/example_dags/example_branch_labels.py
[2024-06-26T13:17:34.410+0000] {processor.py:753} INFO - DAG(s) dict_keys(['example_branch_labels']) retrieved from /home/airflow/.local/lib/python3.7/site-packages/airflow/example_dags/example_branch_labels.py
[2024-06-26T13:17:34.427+0000] {logging_mixin.py:137} INFO - [2024-06-26T13:17:34.427+0000] {dag.py:2690} INFO - Sync 1 DAGs
[2024-06-26T13:17:34.446+0000] {logging_mixin.py:137} INFO - [2024-06-26T13:17:34.446+0000] {dag.py:3441} INFO - Setting next_dagrun for example_branch_labels to 2024-06-25T00:00:00+00:00, run_after=2024-06-26T00:00:00+00:00
[2024-06-26T13:17:34.458+0000] {processor.py:175} INFO - Processing /home/airflow/.local/lib/python3.7/site-packages/airflow/example_dags/example_branch_labels.py took 0.060 seconds
[2024-06-26T13:18:05.214+0000] {processor.py:153} INFO - Started process (PID=2616) to work on /home/airflow/.local/lib/python3.7/site-packages/airflow/example_dags/example_branch_labels.py
[2024-06-26T13:18:05.215+0000] {processor.py:743} INFO - Processing file /home/airflow/.local/lib/python3.7/site-packages/airflow/example_dags/example_branch_labels.py for tasks to queue
[2024-06-26T13:18:05.215+0000] {logging_mixin.py:137} INFO - [2024-06-26T13:18:05.215+0000] {dagbag.py:538} INFO - Filling up the DagBag from /home/airflow/.local/lib/python3.7/site-packages/airflow/example_dags/example_branch_labels.py
[2024-06-26T13:18:05.225+0000] {processor.py:753} INFO - DAG(s) dict_keys(['example_branch_labels']) retrieved from /home/airflow/.local/lib/python3.7/site-packages/airflow/example_dags/example_branch_labels.py
[2024-06-26T13:18:05.242+0000] {logging_mixin.py:137} INFO - [2024-06-26T13:18:05.241+0000] {dag.py:2690} INFO - Sync 1 DAGs
[2024-06-26T13:18:05.261+0000] {logging_mixin.py:137} INFO - [2024-06-26T13:18:05.261+0000] {dag.py:3441} INFO - Setting next_dagrun for example_branch_labels to 2024-06-25T00:00:00+00:00, run_after=2024-06-26T00:00:00+00:00
[2024-06-26T13:18:05.273+0000] {processor.py:175} INFO - Processing /home/airflow/.local/lib/python3.7/site-packages/airflow/example_dags/example_branch_labels.py took 0.061 seconds
[2024-06-26T13:18:36.016+0000] {processor.py:153} INFO - Started process (PID=2715) to work on /home/airflow/.local/lib/python3.7/site-packages/airflow/example_dags/example_branch_labels.py
[2024-06-26T13:18:36.016+0000] {processor.py:743} INFO - Processing file /home/airflow/.local/lib/python3.7/site-packages/airflow/example_dags/example_branch_labels.py for tasks to queue
[2024-06-26T13:18:36.017+0000] {logging_mixin.py:137} INFO - [2024-06-26T13:18:36.017+0000] {dagbag.py:538} INFO - Filling up the DagBag from /home/airflow/.local/lib/python3.7/site-packages/airflow/example_dags/example_branch_labels.py
[2024-06-26T13:18:36.026+0000] {processor.py:753} INFO - DAG(s) dict_keys(['example_branch_labels']) retrieved from /home/airflow/.local/lib/python3.7/site-packages/airflow/example_dags/example_branch_labels.py
[2024-06-26T13:18:36.043+0000] {logging_mixin.py:137} INFO - [2024-06-26T13:18:36.043+0000] {dag.py:2690} INFO - Sync 1 DAGs
[2024-06-26T13:18:36.061+0000] {logging_mixin.py:137} INFO - [2024-06-26T13:18:36.061+0000] {dag.py:3441} INFO - Setting next_dagrun for example_branch_labels to 2024-06-25T00:00:00+00:00, run_after=2024-06-26T00:00:00+00:00
[2024-06-26T13:18:36.074+0000] {processor.py:175} INFO - Processing /home/airflow/.local/lib/python3.7/site-packages/airflow/example_dags/example_branch_labels.py took 0.060 seconds
[2024-06-26T13:19:06.857+0000] {processor.py:153} INFO - Started process (PID=2803) to work on /home/airflow/.local/lib/python3.7/site-packages/airflow/example_dags/example_branch_labels.py
[2024-06-26T13:19:06.857+0000] {processor.py:743} INFO - Processing file /home/airflow/.local/lib/python3.7/site-packages/airflow/example_dags/example_branch_labels.py for tasks to queue
[2024-06-26T13:19:06.858+0000] {logging_mixin.py:137} INFO - [2024-06-26T13:19:06.858+0000] {dagbag.py:538} INFO - Filling up the DagBag from /home/airflow/.local/lib/python3.7/site-packages/airflow/example_dags/example_branch_labels.py
[2024-06-26T13:19:06.868+0000] {processor.py:753} INFO - DAG(s) dict_keys(['example_branch_labels']) retrieved from /home/airflow/.local/lib/python3.7/site-packages/airflow/example_dags/example_branch_labels.py
[2024-06-26T13:19:06.885+0000] {logging_mixin.py:137} INFO - [2024-06-26T13:19:06.885+0000] {dag.py:2690} INFO - Sync 1 DAGs
[2024-06-26T13:19:06.905+0000] {logging_mixin.py:137} INFO - [2024-06-26T13:19:06.905+0000] {dag.py:3441} INFO - Setting next_dagrun for example_branch_labels to 2024-06-25T00:00:00+00:00, run_after=2024-06-26T00:00:00+00:00
[2024-06-26T13:19:06.918+0000] {processor.py:175} INFO - Processing /home/airflow/.local/lib/python3.7/site-packages/airflow/example_dags/example_branch_labels.py took 0.064 seconds
[2024-06-26T13:19:37.607+0000] {processor.py:153} INFO - Started process (PID=2893) to work on /home/airflow/.local/lib/python3.7/site-packages/airflow/example_dags/example_branch_labels.py
[2024-06-26T13:19:37.607+0000] {processor.py:743} INFO - Processing file /home/airflow/.local/lib/python3.7/site-packages/airflow/example_dags/example_branch_labels.py for tasks to queue
[2024-06-26T13:19:37.607+0000] {logging_mixin.py:137} INFO - [2024-06-26T13:19:37.607+0000] {dagbag.py:538} INFO - Filling up the DagBag from /home/airflow/.local/lib/python3.7/site-packages/airflow/example_dags/example_branch_labels.py
[2024-06-26T13:19:37.617+0000] {processor.py:753} INFO - DAG(s) dict_keys(['example_branch_labels']) retrieved from /home/airflow/.local/lib/python3.7/site-packages/airflow/example_dags/example_branch_labels.py
[2024-06-26T13:19:37.633+0000] {logging_mixin.py:137} INFO - [2024-06-26T13:19:37.633+0000] {dag.py:2690} INFO - Sync 1 DAGs
[2024-06-26T13:19:37.651+0000] {logging_mixin.py:137} INFO - [2024-06-26T13:19:37.651+0000] {dag.py:3441} INFO - Setting next_dagrun for example_branch_labels to 2024-06-25T00:00:00+00:00, run_after=2024-06-26T00:00:00+00:00
[2024-06-26T13:19:37.662+0000] {processor.py:175} INFO - Processing /home/airflow/.local/lib/python3.7/site-packages/airflow/example_dags/example_branch_labels.py took 0.058 seconds
[2024-06-26T13:20:08.486+0000] {processor.py:153} INFO - Started process (PID=2992) to work on /home/airflow/.local/lib/python3.7/site-packages/airflow/example_dags/example_branch_labels.py
[2024-06-26T13:20:08.487+0000] {processor.py:743} INFO - Processing file /home/airflow/.local/lib/python3.7/site-packages/airflow/example_dags/example_branch_labels.py for tasks to queue
[2024-06-26T13:20:08.487+0000] {logging_mixin.py:137} INFO - [2024-06-26T13:20:08.487+0000] {dagbag.py:538} INFO - Filling up the DagBag from /home/airflow/.local/lib/python3.7/site-packages/airflow/example_dags/example_branch_labels.py
[2024-06-26T13:20:08.498+0000] {processor.py:753} INFO - DAG(s) dict_keys(['example_branch_labels']) retrieved from /home/airflow/.local/lib/python3.7/site-packages/airflow/example_dags/example_branch_labels.py
[2024-06-26T13:20:08.516+0000] {logging_mixin.py:137} INFO - [2024-06-26T13:20:08.516+0000] {dag.py:2690} INFO - Sync 1 DAGs
[2024-06-26T13:20:08.539+0000] {logging_mixin.py:137} INFO - [2024-06-26T13:20:08.539+0000] {dag.py:3441} INFO - Setting next_dagrun for example_branch_labels to 2024-06-25T00:00:00+00:00, run_after=2024-06-26T00:00:00+00:00
[2024-06-26T13:20:08.552+0000] {processor.py:175} INFO - Processing /home/airflow/.local/lib/python3.7/site-packages/airflow/example_dags/example_branch_labels.py took 0.068 seconds
[2024-06-26T13:20:39.250+0000] {processor.py:153} INFO - Started process (PID=3071) to work on /home/airflow/.local/lib/python3.7/site-packages/airflow/example_dags/example_branch_labels.py
[2024-06-26T13:20:39.251+0000] {processor.py:743} INFO - Processing file /home/airflow/.local/lib/python3.7/site-packages/airflow/example_dags/example_branch_labels.py for tasks to queue
[2024-06-26T13:20:39.251+0000] {logging_mixin.py:137} INFO - [2024-06-26T13:20:39.251+0000] {dagbag.py:538} INFO - Filling up the DagBag from /home/airflow/.local/lib/python3.7/site-packages/airflow/example_dags/example_branch_labels.py
[2024-06-26T13:20:39.261+0000] {processor.py:753} INFO - DAG(s) dict_keys(['example_branch_labels']) retrieved from /home/airflow/.local/lib/python3.7/site-packages/airflow/example_dags/example_branch_labels.py
[2024-06-26T13:20:39.277+0000] {logging_mixin.py:137} INFO - [2024-06-26T13:20:39.277+0000] {dag.py:2690} INFO - Sync 1 DAGs
[2024-06-26T13:20:39.296+0000] {logging_mixin.py:137} INFO - [2024-06-26T13:20:39.296+0000] {dag.py:3441} INFO - Setting next_dagrun for example_branch_labels to 2024-06-25T00:00:00+00:00, run_after=2024-06-26T00:00:00+00:00
[2024-06-26T13:20:39.309+0000] {processor.py:175} INFO - Processing /home/airflow/.local/lib/python3.7/site-packages/airflow/example_dags/example_branch_labels.py took 0.060 seconds
[2024-06-26T13:21:10.037+0000] {processor.py:153} INFO - Started process (PID=3170) to work on /home/airflow/.local/lib/python3.7/site-packages/airflow/example_dags/example_branch_labels.py
[2024-06-26T13:21:10.037+0000] {processor.py:743} INFO - Processing file /home/airflow/.local/lib/python3.7/site-packages/airflow/example_dags/example_branch_labels.py for tasks to queue
[2024-06-26T13:21:10.037+0000] {logging_mixin.py:137} INFO - [2024-06-26T13:21:10.037+0000] {dagbag.py:538} INFO - Filling up the DagBag from /home/airflow/.local/lib/python3.7/site-packages/airflow/example_dags/example_branch_labels.py
[2024-06-26T13:21:10.047+0000] {processor.py:753} INFO - DAG(s) dict_keys(['example_branch_labels']) retrieved from /home/airflow/.local/lib/python3.7/site-packages/airflow/example_dags/example_branch_labels.py
[2024-06-26T13:21:10.064+0000] {logging_mixin.py:137} INFO - [2024-06-26T13:21:10.063+0000] {dag.py:2690} INFO - Sync 1 DAGs
[2024-06-26T13:21:10.082+0000] {logging_mixin.py:137} INFO - [2024-06-26T13:21:10.082+0000] {dag.py:3441} INFO - Setting next_dagrun for example_branch_labels to 2024-06-25T00:00:00+00:00, run_after=2024-06-26T00:00:00+00:00
[2024-06-26T13:21:10.094+0000] {processor.py:175} INFO - Processing /home/airflow/.local/lib/python3.7/site-packages/airflow/example_dags/example_branch_labels.py took 0.059 seconds
[2024-06-26T13:21:41.005+0000] {processor.py:153} INFO - Started process (PID=3269) to work on /home/airflow/.local/lib/python3.7/site-packages/airflow/example_dags/example_branch_labels.py
[2024-06-26T13:21:41.006+0000] {processor.py:743} INFO - Processing file /home/airflow/.local/lib/python3.7/site-packages/airflow/example_dags/example_branch_labels.py for tasks to queue
[2024-06-26T13:21:41.007+0000] {logging_mixin.py:137} INFO - [2024-06-26T13:21:41.007+0000] {dagbag.py:538} INFO - Filling up the DagBag from /home/airflow/.local/lib/python3.7/site-packages/airflow/example_dags/example_branch_labels.py
[2024-06-26T13:21:41.018+0000] {processor.py:753} INFO - DAG(s) dict_keys(['example_branch_labels']) retrieved from /home/airflow/.local/lib/python3.7/site-packages/airflow/example_dags/example_branch_labels.py
[2024-06-26T13:21:41.036+0000] {logging_mixin.py:137} INFO - [2024-06-26T13:21:41.035+0000] {dag.py:2690} INFO - Sync 1 DAGs
[2024-06-26T13:21:41.058+0000] {logging_mixin.py:137} INFO - [2024-06-26T13:21:41.058+0000] {dag.py:3441} INFO - Setting next_dagrun for example_branch_labels to 2024-06-25T00:00:00+00:00, run_after=2024-06-26T00:00:00+00:00
[2024-06-26T13:21:41.072+0000] {processor.py:175} INFO - Processing /home/airflow/.local/lib/python3.7/site-packages/airflow/example_dags/example_branch_labels.py took 0.069 seconds
[2024-06-26T13:22:11.912+0000] {processor.py:153} INFO - Started process (PID=3348) to work on /home/airflow/.local/lib/python3.7/site-packages/airflow/example_dags/example_branch_labels.py
[2024-06-26T13:22:11.912+0000] {processor.py:743} INFO - Processing file /home/airflow/.local/lib/python3.7/site-packages/airflow/example_dags/example_branch_labels.py for tasks to queue
[2024-06-26T13:22:11.912+0000] {logging_mixin.py:137} INFO - [2024-06-26T13:22:11.912+0000] {dagbag.py:538} INFO - Filling up the DagBag from /home/airflow/.local/lib/python3.7/site-packages/airflow/example_dags/example_branch_labels.py
[2024-06-26T13:22:11.926+0000] {processor.py:753} INFO - DAG(s) dict_keys(['example_branch_labels']) retrieved from /home/airflow/.local/lib/python3.7/site-packages/airflow/example_dags/example_branch_labels.py
[2024-06-26T13:22:11.944+0000] {logging_mixin.py:137} INFO - [2024-06-26T13:22:11.944+0000] {dag.py:2690} INFO - Sync 1 DAGs
[2024-06-26T13:22:11.966+0000] {logging_mixin.py:137} INFO - [2024-06-26T13:22:11.965+0000] {dag.py:3441} INFO - Setting next_dagrun for example_branch_labels to 2024-06-25T00:00:00+00:00, run_after=2024-06-26T00:00:00+00:00
[2024-06-26T13:22:11.978+0000] {processor.py:175} INFO - Processing /home/airflow/.local/lib/python3.7/site-packages/airflow/example_dags/example_branch_labels.py took 0.068 seconds
[2024-06-26T13:22:42.798+0000] {processor.py:153} INFO - Started process (PID=3447) to work on /home/airflow/.local/lib/python3.7/site-packages/airflow/example_dags/example_branch_labels.py
[2024-06-26T13:22:42.798+0000] {processor.py:743} INFO - Processing file /home/airflow/.local/lib/python3.7/site-packages/airflow/example_dags/example_branch_labels.py for tasks to queue
[2024-06-26T13:22:42.799+0000] {logging_mixin.py:137} INFO - [2024-06-26T13:22:42.799+0000] {dagbag.py:538} INFO - Filling up the DagBag from /home/airflow/.local/lib/python3.7/site-packages/airflow/example_dags/example_branch_labels.py
[2024-06-26T13:22:42.808+0000] {processor.py:753} INFO - DAG(s) dict_keys(['example_branch_labels']) retrieved from /home/airflow/.local/lib/python3.7/site-packages/airflow/example_dags/example_branch_labels.py
[2024-06-26T13:22:42.824+0000] {logging_mixin.py:137} INFO - [2024-06-26T13:22:42.824+0000] {dag.py:2690} INFO - Sync 1 DAGs
[2024-06-26T13:22:42.843+0000] {logging_mixin.py:137} INFO - [2024-06-26T13:22:42.843+0000] {dag.py:3441} INFO - Setting next_dagrun for example_branch_labels to 2024-06-25T00:00:00+00:00, run_after=2024-06-26T00:00:00+00:00
[2024-06-26T13:22:42.855+0000] {processor.py:175} INFO - Processing /home/airflow/.local/lib/python3.7/site-packages/airflow/example_dags/example_branch_labels.py took 0.059 seconds
[2024-06-26T13:23:13.551+0000] {processor.py:153} INFO - Started process (PID=3526) to work on /home/airflow/.local/lib/python3.7/site-packages/airflow/example_dags/example_branch_labels.py
[2024-06-26T13:23:13.552+0000] {processor.py:743} INFO - Processing file /home/airflow/.local/lib/python3.7/site-packages/airflow/example_dags/example_branch_labels.py for tasks to queue
[2024-06-26T13:23:13.552+0000] {logging_mixin.py:137} INFO - [2024-06-26T13:23:13.552+0000] {dagbag.py:538} INFO - Filling up the DagBag from /home/airflow/.local/lib/python3.7/site-packages/airflow/example_dags/example_branch_labels.py
[2024-06-26T13:23:13.561+0000] {processor.py:753} INFO - DAG(s) dict_keys(['example_branch_labels']) retrieved from /home/airflow/.local/lib/python3.7/site-packages/airflow/example_dags/example_branch_labels.py
[2024-06-26T13:23:13.578+0000] {logging_mixin.py:137} INFO - [2024-06-26T13:23:13.578+0000] {dag.py:2690} INFO - Sync 1 DAGs
[2024-06-26T13:23:13.599+0000] {logging_mixin.py:137} INFO - [2024-06-26T13:23:13.599+0000] {dag.py:3441} INFO - Setting next_dagrun for example_branch_labels to 2024-06-25T00:00:00+00:00, run_after=2024-06-26T00:00:00+00:00
[2024-06-26T13:23:13.616+0000] {processor.py:175} INFO - Processing /home/airflow/.local/lib/python3.7/site-packages/airflow/example_dags/example_branch_labels.py took 0.066 seconds
[2024-06-26T13:23:44.462+0000] {processor.py:153} INFO - Started process (PID=3625) to work on /home/airflow/.local/lib/python3.7/site-packages/airflow/example_dags/example_branch_labels.py
[2024-06-26T13:23:44.463+0000] {processor.py:743} INFO - Processing file /home/airflow/.local/lib/python3.7/site-packages/airflow/example_dags/example_branch_labels.py for tasks to queue
[2024-06-26T13:23:44.463+0000] {logging_mixin.py:137} INFO - [2024-06-26T13:23:44.463+0000] {dagbag.py:538} INFO - Filling up the DagBag from /home/airflow/.local/lib/python3.7/site-packages/airflow/example_dags/example_branch_labels.py
[2024-06-26T13:23:44.473+0000] {processor.py:753} INFO - DAG(s) dict_keys(['example_branch_labels']) retrieved from /home/airflow/.local/lib/python3.7/site-packages/airflow/example_dags/example_branch_labels.py
[2024-06-26T13:23:44.490+0000] {logging_mixin.py:137} INFO - [2024-06-26T13:23:44.489+0000] {dag.py:2690} INFO - Sync 1 DAGs
[2024-06-26T13:23:44.508+0000] {logging_mixin.py:137} INFO - [2024-06-26T13:23:44.508+0000] {dag.py:3441} INFO - Setting next_dagrun for example_branch_labels to 2024-06-25T00:00:00+00:00, run_after=2024-06-26T00:00:00+00:00
[2024-06-26T13:23:44.521+0000] {processor.py:175} INFO - Processing /home/airflow/.local/lib/python3.7/site-packages/airflow/example_dags/example_branch_labels.py took 0.060 seconds
[2024-06-26T13:24:15.408+0000] {processor.py:153} INFO - Started process (PID=3724) to work on /home/airflow/.local/lib/python3.7/site-packages/airflow/example_dags/example_branch_labels.py
[2024-06-26T13:24:15.408+0000] {processor.py:743} INFO - Processing file /home/airflow/.local/lib/python3.7/site-packages/airflow/example_dags/example_branch_labels.py for tasks to queue
[2024-06-26T13:24:15.409+0000] {logging_mixin.py:137} INFO - [2024-06-26T13:24:15.409+0000] {dagbag.py:538} INFO - Filling up the DagBag from /home/airflow/.local/lib/python3.7/site-packages/airflow/example_dags/example_branch_labels.py
[2024-06-26T13:24:15.419+0000] {processor.py:753} INFO - DAG(s) dict_keys(['example_branch_labels']) retrieved from /home/airflow/.local/lib/python3.7/site-packages/airflow/example_dags/example_branch_labels.py
[2024-06-26T13:24:15.436+0000] {logging_mixin.py:137} INFO - [2024-06-26T13:24:15.435+0000] {dag.py:2690} INFO - Sync 1 DAGs
[2024-06-26T13:24:15.454+0000] {logging_mixin.py:137} INFO - [2024-06-26T13:24:15.454+0000] {dag.py:3441} INFO - Setting next_dagrun for example_branch_labels to 2024-06-25T00:00:00+00:00, run_after=2024-06-26T00:00:00+00:00
[2024-06-26T13:24:15.467+0000] {processor.py:175} INFO - Processing /home/airflow/.local/lib/python3.7/site-packages/airflow/example_dags/example_branch_labels.py took 0.060 seconds
[2024-06-26T13:24:46.156+0000] {processor.py:153} INFO - Started process (PID=3803) to work on /home/airflow/.local/lib/python3.7/site-packages/airflow/example_dags/example_branch_labels.py
[2024-06-26T13:24:46.157+0000] {processor.py:743} INFO - Processing file /home/airflow/.local/lib/python3.7/site-packages/airflow/example_dags/example_branch_labels.py for tasks to queue
[2024-06-26T13:24:46.157+0000] {logging_mixin.py:137} INFO - [2024-06-26T13:24:46.157+0000] {dagbag.py:538} INFO - Filling up the DagBag from /home/airflow/.local/lib/python3.7/site-packages/airflow/example_dags/example_branch_labels.py
[2024-06-26T13:24:46.167+0000] {processor.py:753} INFO - DAG(s) dict_keys(['example_branch_labels']) retrieved from /home/airflow/.local/lib/python3.7/site-packages/airflow/example_dags/example_branch_labels.py
[2024-06-26T13:24:46.183+0000] {logging_mixin.py:137} INFO - [2024-06-26T13:24:46.183+0000] {dag.py:2690} INFO - Sync 1 DAGs
[2024-06-26T13:24:46.202+0000] {logging_mixin.py:137} INFO - [2024-06-26T13:24:46.202+0000] {dag.py:3441} INFO - Setting next_dagrun for example_branch_labels to 2024-06-25T00:00:00+00:00, run_after=2024-06-26T00:00:00+00:00
[2024-06-26T13:24:46.214+0000] {processor.py:175} INFO - Processing /home/airflow/.local/lib/python3.7/site-packages/airflow/example_dags/example_branch_labels.py took 0.060 seconds
[2024-06-26T13:25:16.871+0000] {processor.py:153} INFO - Started process (PID=3902) to work on /home/airflow/.local/lib/python3.7/site-packages/airflow/example_dags/example_branch_labels.py
[2024-06-26T13:25:16.872+0000] {processor.py:743} INFO - Processing file /home/airflow/.local/lib/python3.7/site-packages/airflow/example_dags/example_branch_labels.py for tasks to queue
[2024-06-26T13:25:16.872+0000] {logging_mixin.py:137} INFO - [2024-06-26T13:25:16.872+0000] {dagbag.py:538} INFO - Filling up the DagBag from /home/airflow/.local/lib/python3.7/site-packages/airflow/example_dags/example_branch_labels.py
[2024-06-26T13:25:16.882+0000] {processor.py:753} INFO - DAG(s) dict_keys(['example_branch_labels']) retrieved from /home/airflow/.local/lib/python3.7/site-packages/airflow/example_dags/example_branch_labels.py
[2024-06-26T13:25:16.897+0000] {logging_mixin.py:137} INFO - [2024-06-26T13:25:16.897+0000] {dag.py:2690} INFO - Sync 1 DAGs
[2024-06-26T13:25:16.915+0000] {logging_mixin.py:137} INFO - [2024-06-26T13:25:16.915+0000] {dag.py:3441} INFO - Setting next_dagrun for example_branch_labels to 2024-06-25T00:00:00+00:00, run_after=2024-06-26T00:00:00+00:00
[2024-06-26T13:25:16.928+0000] {processor.py:175} INFO - Processing /home/airflow/.local/lib/python3.7/site-packages/airflow/example_dags/example_branch_labels.py took 0.058 seconds
[2024-06-26T13:25:47.674+0000] {processor.py:153} INFO - Started process (PID=4001) to work on /home/airflow/.local/lib/python3.7/site-packages/airflow/example_dags/example_branch_labels.py
[2024-06-26T13:25:47.675+0000] {processor.py:743} INFO - Processing file /home/airflow/.local/lib/python3.7/site-packages/airflow/example_dags/example_branch_labels.py for tasks to queue
[2024-06-26T13:25:47.675+0000] {logging_mixin.py:137} INFO - [2024-06-26T13:25:47.675+0000] {dagbag.py:538} INFO - Filling up the DagBag from /home/airflow/.local/lib/python3.7/site-packages/airflow/example_dags/example_branch_labels.py
[2024-06-26T13:25:47.685+0000] {processor.py:753} INFO - DAG(s) dict_keys(['example_branch_labels']) retrieved from /home/airflow/.local/lib/python3.7/site-packages/airflow/example_dags/example_branch_labels.py
[2024-06-26T13:25:47.702+0000] {logging_mixin.py:137} INFO - [2024-06-26T13:25:47.702+0000] {dag.py:2690} INFO - Sync 1 DAGs
[2024-06-26T13:25:47.722+0000] {logging_mixin.py:137} INFO - [2024-06-26T13:25:47.721+0000] {dag.py:3441} INFO - Setting next_dagrun for example_branch_labels to 2024-06-25T00:00:00+00:00, run_after=2024-06-26T00:00:00+00:00
[2024-06-26T13:25:47.734+0000] {processor.py:175} INFO - Processing /home/airflow/.local/lib/python3.7/site-packages/airflow/example_dags/example_branch_labels.py took 0.062 seconds
[2024-06-26T13:26:18.687+0000] {processor.py:153} INFO - Started process (PID=4080) to work on /home/airflow/.local/lib/python3.7/site-packages/airflow/example_dags/example_branch_labels.py
[2024-06-26T13:26:18.687+0000] {processor.py:743} INFO - Processing file /home/airflow/.local/lib/python3.7/site-packages/airflow/example_dags/example_branch_labels.py for tasks to queue
[2024-06-26T13:26:18.688+0000] {logging_mixin.py:137} INFO - [2024-06-26T13:26:18.687+0000] {dagbag.py:538} INFO - Filling up the DagBag from /home/airflow/.local/lib/python3.7/site-packages/airflow/example_dags/example_branch_labels.py
[2024-06-26T13:26:18.698+0000] {processor.py:753} INFO - DAG(s) dict_keys(['example_branch_labels']) retrieved from /home/airflow/.local/lib/python3.7/site-packages/airflow/example_dags/example_branch_labels.py
[2024-06-26T13:26:18.717+0000] {logging_mixin.py:137} INFO - [2024-06-26T13:26:18.717+0000] {dag.py:2690} INFO - Sync 1 DAGs
[2024-06-26T13:26:18.738+0000] {logging_mixin.py:137} INFO - [2024-06-26T13:26:18.738+0000] {dag.py:3441} INFO - Setting next_dagrun for example_branch_labels to 2024-06-25T00:00:00+00:00, run_after=2024-06-26T00:00:00+00:00
[2024-06-26T13:26:18.752+0000] {processor.py:175} INFO - Processing /home/airflow/.local/lib/python3.7/site-packages/airflow/example_dags/example_branch_labels.py took 0.068 seconds
[2024-06-26T13:26:49.703+0000] {processor.py:153} INFO - Started process (PID=4179) to work on /home/airflow/.local/lib/python3.7/site-packages/airflow/example_dags/example_branch_labels.py
[2024-06-26T13:26:49.704+0000] {processor.py:743} INFO - Processing file /home/airflow/.local/lib/python3.7/site-packages/airflow/example_dags/example_branch_labels.py for tasks to queue
[2024-06-26T13:26:49.704+0000] {logging_mixin.py:137} INFO - [2024-06-26T13:26:49.704+0000] {dagbag.py:538} INFO - Filling up the DagBag from /home/airflow/.local/lib/python3.7/site-packages/airflow/example_dags/example_branch_labels.py
[2024-06-26T13:26:49.717+0000] {processor.py:753} INFO - DAG(s) dict_keys(['example_branch_labels']) retrieved from /home/airflow/.local/lib/python3.7/site-packages/airflow/example_dags/example_branch_labels.py
[2024-06-26T13:26:49.736+0000] {logging_mixin.py:137} INFO - [2024-06-26T13:26:49.736+0000] {dag.py:2690} INFO - Sync 1 DAGs
[2024-06-26T13:26:49.761+0000] {logging_mixin.py:137} INFO - [2024-06-26T13:26:49.761+0000] {dag.py:3441} INFO - Setting next_dagrun for example_branch_labels to 2024-06-25T00:00:00+00:00, run_after=2024-06-26T00:00:00+00:00
[2024-06-26T13:26:49.777+0000] {processor.py:175} INFO - Processing /home/airflow/.local/lib/python3.7/site-packages/airflow/example_dags/example_branch_labels.py took 0.076 seconds
[2024-06-26T13:27:19.840+0000] {processor.py:153} INFO - Started process (PID=4258) to work on /home/airflow/.local/lib/python3.7/site-packages/airflow/example_dags/example_branch_labels.py
[2024-06-26T13:27:19.841+0000] {processor.py:743} INFO - Processing file /home/airflow/.local/lib/python3.7/site-packages/airflow/example_dags/example_branch_labels.py for tasks to queue
[2024-06-26T13:27:19.841+0000] {logging_mixin.py:137} INFO - [2024-06-26T13:27:19.841+0000] {dagbag.py:538} INFO - Filling up the DagBag from /home/airflow/.local/lib/python3.7/site-packages/airflow/example_dags/example_branch_labels.py
[2024-06-26T13:27:19.851+0000] {processor.py:753} INFO - DAG(s) dict_keys(['example_branch_labels']) retrieved from /home/airflow/.local/lib/python3.7/site-packages/airflow/example_dags/example_branch_labels.py
[2024-06-26T13:27:19.870+0000] {logging_mixin.py:137} INFO - [2024-06-26T13:27:19.870+0000] {dag.py:2690} INFO - Sync 1 DAGs
[2024-06-26T13:27:19.894+0000] {logging_mixin.py:137} INFO - [2024-06-26T13:27:19.894+0000] {dag.py:3441} INFO - Setting next_dagrun for example_branch_labels to 2024-06-25T00:00:00+00:00, run_after=2024-06-26T00:00:00+00:00
[2024-06-26T13:27:19.910+0000] {processor.py:175} INFO - Processing /home/airflow/.local/lib/python3.7/site-packages/airflow/example_dags/example_branch_labels.py took 0.073 seconds
[2024-06-26T13:27:49.983+0000] {processor.py:153} INFO - Started process (PID=4357) to work on /home/airflow/.local/lib/python3.7/site-packages/airflow/example_dags/example_branch_labels.py
[2024-06-26T13:27:49.984+0000] {processor.py:743} INFO - Processing file /home/airflow/.local/lib/python3.7/site-packages/airflow/example_dags/example_branch_labels.py for tasks to queue
[2024-06-26T13:27:49.984+0000] {logging_mixin.py:137} INFO - [2024-06-26T13:27:49.984+0000] {dagbag.py:538} INFO - Filling up the DagBag from /home/airflow/.local/lib/python3.7/site-packages/airflow/example_dags/example_branch_labels.py
[2024-06-26T13:27:49.995+0000] {processor.py:753} INFO - DAG(s) dict_keys(['example_branch_labels']) retrieved from /home/airflow/.local/lib/python3.7/site-packages/airflow/example_dags/example_branch_labels.py
[2024-06-26T13:27:50.019+0000] {logging_mixin.py:137} INFO - [2024-06-26T13:27:50.019+0000] {dag.py:2690} INFO - Sync 1 DAGs
[2024-06-26T13:27:50.047+0000] {logging_mixin.py:137} INFO - [2024-06-26T13:27:50.046+0000] {dag.py:3441} INFO - Setting next_dagrun for example_branch_labels to 2024-06-25T00:00:00+00:00, run_after=2024-06-26T00:00:00+00:00
[2024-06-26T13:27:50.059+0000] {processor.py:175} INFO - Processing /home/airflow/.local/lib/python3.7/site-packages/airflow/example_dags/example_branch_labels.py took 0.078 seconds
[2024-06-26T13:28:20.141+0000] {processor.py:153} INFO - Started process (PID=4436) to work on /home/airflow/.local/lib/python3.7/site-packages/airflow/example_dags/example_branch_labels.py
[2024-06-26T13:28:20.142+0000] {processor.py:743} INFO - Processing file /home/airflow/.local/lib/python3.7/site-packages/airflow/example_dags/example_branch_labels.py for tasks to queue
[2024-06-26T13:28:20.143+0000] {logging_mixin.py:137} INFO - [2024-06-26T13:28:20.143+0000] {dagbag.py:538} INFO - Filling up the DagBag from /home/airflow/.local/lib/python3.7/site-packages/airflow/example_dags/example_branch_labels.py
[2024-06-26T13:28:20.155+0000] {processor.py:753} INFO - DAG(s) dict_keys(['example_branch_labels']) retrieved from /home/airflow/.local/lib/python3.7/site-packages/airflow/example_dags/example_branch_labels.py
[2024-06-26T13:28:20.176+0000] {logging_mixin.py:137} INFO - [2024-06-26T13:28:20.175+0000] {dag.py:2690} INFO - Sync 1 DAGs
[2024-06-26T13:28:20.200+0000] {logging_mixin.py:137} INFO - [2024-06-26T13:28:20.200+0000] {dag.py:3441} INFO - Setting next_dagrun for example_branch_labels to 2024-06-25T00:00:00+00:00, run_after=2024-06-26T00:00:00+00:00
[2024-06-26T13:28:20.216+0000] {processor.py:175} INFO - Processing /home/airflow/.local/lib/python3.7/site-packages/airflow/example_dags/example_branch_labels.py took 0.077 seconds
[2024-06-26T13:28:50.315+0000] {processor.py:153} INFO - Started process (PID=4535) to work on /home/airflow/.local/lib/python3.7/site-packages/airflow/example_dags/example_branch_labels.py
[2024-06-26T13:28:50.316+0000] {processor.py:743} INFO - Processing file /home/airflow/.local/lib/python3.7/site-packages/airflow/example_dags/example_branch_labels.py for tasks to queue
[2024-06-26T13:28:50.316+0000] {logging_mixin.py:137} INFO - [2024-06-26T13:28:50.316+0000] {dagbag.py:538} INFO - Filling up the DagBag from /home/airflow/.local/lib/python3.7/site-packages/airflow/example_dags/example_branch_labels.py
[2024-06-26T13:28:50.327+0000] {processor.py:753} INFO - DAG(s) dict_keys(['example_branch_labels']) retrieved from /home/airflow/.local/lib/python3.7/site-packages/airflow/example_dags/example_branch_labels.py
[2024-06-26T13:28:50.348+0000] {logging_mixin.py:137} INFO - [2024-06-26T13:28:50.348+0000] {dag.py:2690} INFO - Sync 1 DAGs
[2024-06-26T13:28:50.371+0000] {logging_mixin.py:137} INFO - [2024-06-26T13:28:50.370+0000] {dag.py:3441} INFO - Setting next_dagrun for example_branch_labels to 2024-06-25T00:00:00+00:00, run_after=2024-06-26T00:00:00+00:00
[2024-06-26T13:28:50.386+0000] {processor.py:175} INFO - Processing /home/airflow/.local/lib/python3.7/site-packages/airflow/example_dags/example_branch_labels.py took 0.073 seconds
[2024-06-26T13:29:20.489+0000] {processor.py:153} INFO - Started process (PID=4614) to work on /home/airflow/.local/lib/python3.7/site-packages/airflow/example_dags/example_branch_labels.py
[2024-06-26T13:29:20.489+0000] {processor.py:743} INFO - Processing file /home/airflow/.local/lib/python3.7/site-packages/airflow/example_dags/example_branch_labels.py for tasks to queue
[2024-06-26T13:29:20.490+0000] {logging_mixin.py:137} INFO - [2024-06-26T13:29:20.490+0000] {dagbag.py:538} INFO - Filling up the DagBag from /home/airflow/.local/lib/python3.7/site-packages/airflow/example_dags/example_branch_labels.py
[2024-06-26T13:29:20.501+0000] {processor.py:753} INFO - DAG(s) dict_keys(['example_branch_labels']) retrieved from /home/airflow/.local/lib/python3.7/site-packages/airflow/example_dags/example_branch_labels.py
[2024-06-26T13:29:20.519+0000] {logging_mixin.py:137} INFO - [2024-06-26T13:29:20.519+0000] {dag.py:2690} INFO - Sync 1 DAGs
[2024-06-26T13:29:20.543+0000] {logging_mixin.py:137} INFO - [2024-06-26T13:29:20.543+0000] {dag.py:3441} INFO - Setting next_dagrun for example_branch_labels to 2024-06-25T00:00:00+00:00, run_after=2024-06-26T00:00:00+00:00
[2024-06-26T13:29:20.560+0000] {processor.py:175} INFO - Processing /home/airflow/.local/lib/python3.7/site-packages/airflow/example_dags/example_branch_labels.py took 0.073 seconds
[2024-06-26T13:29:51.265+0000] {processor.py:153} INFO - Started process (PID=4713) to work on /home/airflow/.local/lib/python3.7/site-packages/airflow/example_dags/example_branch_labels.py
[2024-06-26T13:29:51.265+0000] {processor.py:743} INFO - Processing file /home/airflow/.local/lib/python3.7/site-packages/airflow/example_dags/example_branch_labels.py for tasks to queue
[2024-06-26T13:29:51.266+0000] {logging_mixin.py:137} INFO - [2024-06-26T13:29:51.266+0000] {dagbag.py:538} INFO - Filling up the DagBag from /home/airflow/.local/lib/python3.7/site-packages/airflow/example_dags/example_branch_labels.py
[2024-06-26T13:29:51.275+0000] {processor.py:753} INFO - DAG(s) dict_keys(['example_branch_labels']) retrieved from /home/airflow/.local/lib/python3.7/site-packages/airflow/example_dags/example_branch_labels.py
[2024-06-26T13:29:51.291+0000] {logging_mixin.py:137} INFO - [2024-06-26T13:29:51.291+0000] {dag.py:2690} INFO - Sync 1 DAGs
[2024-06-26T13:29:51.310+0000] {logging_mixin.py:137} INFO - [2024-06-26T13:29:51.309+0000] {dag.py:3441} INFO - Setting next_dagrun for example_branch_labels to 2024-06-25T00:00:00+00:00, run_after=2024-06-26T00:00:00+00:00
[2024-06-26T13:29:51.323+0000] {processor.py:175} INFO - Processing /home/airflow/.local/lib/python3.7/site-packages/airflow/example_dags/example_branch_labels.py took 0.060 seconds
[2024-06-26T13:30:22.015+0000] {processor.py:153} INFO - Started process (PID=4792) to work on /home/airflow/.local/lib/python3.7/site-packages/airflow/example_dags/example_branch_labels.py
[2024-06-26T13:30:22.015+0000] {processor.py:743} INFO - Processing file /home/airflow/.local/lib/python3.7/site-packages/airflow/example_dags/example_branch_labels.py for tasks to queue
[2024-06-26T13:30:22.016+0000] {logging_mixin.py:137} INFO - [2024-06-26T13:30:22.016+0000] {dagbag.py:538} INFO - Filling up the DagBag from /home/airflow/.local/lib/python3.7/site-packages/airflow/example_dags/example_branch_labels.py
[2024-06-26T13:30:22.025+0000] {processor.py:753} INFO - DAG(s) dict_keys(['example_branch_labels']) retrieved from /home/airflow/.local/lib/python3.7/site-packages/airflow/example_dags/example_branch_labels.py
[2024-06-26T13:30:22.041+0000] {logging_mixin.py:137} INFO - [2024-06-26T13:30:22.041+0000] {dag.py:2690} INFO - Sync 1 DAGs
[2024-06-26T13:30:22.061+0000] {logging_mixin.py:137} INFO - [2024-06-26T13:30:22.061+0000] {dag.py:3441} INFO - Setting next_dagrun for example_branch_labels to 2024-06-25T00:00:00+00:00, run_after=2024-06-26T00:00:00+00:00
[2024-06-26T13:30:22.073+0000] {processor.py:175} INFO - Processing /home/airflow/.local/lib/python3.7/site-packages/airflow/example_dags/example_branch_labels.py took 0.060 seconds
[2024-06-26T13:30:52.996+0000] {processor.py:153} INFO - Started process (PID=4891) to work on /home/airflow/.local/lib/python3.7/site-packages/airflow/example_dags/example_branch_labels.py
[2024-06-26T13:30:52.996+0000] {processor.py:743} INFO - Processing file /home/airflow/.local/lib/python3.7/site-packages/airflow/example_dags/example_branch_labels.py for tasks to queue
[2024-06-26T13:30:52.997+0000] {logging_mixin.py:137} INFO - [2024-06-26T13:30:52.997+0000] {dagbag.py:538} INFO - Filling up the DagBag from /home/airflow/.local/lib/python3.7/site-packages/airflow/example_dags/example_branch_labels.py
[2024-06-26T13:30:53.007+0000] {processor.py:753} INFO - DAG(s) dict_keys(['example_branch_labels']) retrieved from /home/airflow/.local/lib/python3.7/site-packages/airflow/example_dags/example_branch_labels.py
[2024-06-26T13:30:53.024+0000] {logging_mixin.py:137} INFO - [2024-06-26T13:30:53.024+0000] {dag.py:2690} INFO - Sync 1 DAGs
[2024-06-26T13:30:53.043+0000] {logging_mixin.py:137} INFO - [2024-06-26T13:30:53.042+0000] {dag.py:3441} INFO - Setting next_dagrun for example_branch_labels to 2024-06-25T00:00:00+00:00, run_after=2024-06-26T00:00:00+00:00
[2024-06-26T13:30:53.055+0000] {processor.py:175} INFO - Processing /home/airflow/.local/lib/python3.7/site-packages/airflow/example_dags/example_branch_labels.py took 0.060 seconds
[2024-06-26T13:31:23.965+0000] {processor.py:153} INFO - Started process (PID=4990) to work on /home/airflow/.local/lib/python3.7/site-packages/airflow/example_dags/example_branch_labels.py
[2024-06-26T13:31:23.966+0000] {processor.py:743} INFO - Processing file /home/airflow/.local/lib/python3.7/site-packages/airflow/example_dags/example_branch_labels.py for tasks to queue
[2024-06-26T13:31:23.966+0000] {logging_mixin.py:137} INFO - [2024-06-26T13:31:23.966+0000] {dagbag.py:538} INFO - Filling up the DagBag from /home/airflow/.local/lib/python3.7/site-packages/airflow/example_dags/example_branch_labels.py
[2024-06-26T13:31:23.977+0000] {processor.py:753} INFO - DAG(s) dict_keys(['example_branch_labels']) retrieved from /home/airflow/.local/lib/python3.7/site-packages/airflow/example_dags/example_branch_labels.py
[2024-06-26T13:31:23.995+0000] {logging_mixin.py:137} INFO - [2024-06-26T13:31:23.995+0000] {dag.py:2690} INFO - Sync 1 DAGs
[2024-06-26T13:31:24.016+0000] {logging_mixin.py:137} INFO - [2024-06-26T13:31:24.016+0000] {dag.py:3441} INFO - Setting next_dagrun for example_branch_labels to 2024-06-25T00:00:00+00:00, run_after=2024-06-26T00:00:00+00:00
[2024-06-26T13:31:24.032+0000] {processor.py:175} INFO - Processing /home/airflow/.local/lib/python3.7/site-packages/airflow/example_dags/example_branch_labels.py took 0.069 seconds
[2024-06-26T13:31:54.157+0000] {processor.py:153} INFO - Started process (PID=5069) to work on /home/airflow/.local/lib/python3.7/site-packages/airflow/example_dags/example_branch_labels.py
[2024-06-26T13:31:54.157+0000] {processor.py:743} INFO - Processing file /home/airflow/.local/lib/python3.7/site-packages/airflow/example_dags/example_branch_labels.py for tasks to queue
[2024-06-26T13:31:54.158+0000] {logging_mixin.py:137} INFO - [2024-06-26T13:31:54.158+0000] {dagbag.py:538} INFO - Filling up the DagBag from /home/airflow/.local/lib/python3.7/site-packages/airflow/example_dags/example_branch_labels.py
[2024-06-26T13:31:54.169+0000] {processor.py:753} INFO - DAG(s) dict_keys(['example_branch_labels']) retrieved from /home/airflow/.local/lib/python3.7/site-packages/airflow/example_dags/example_branch_labels.py
[2024-06-26T13:31:54.188+0000] {logging_mixin.py:137} INFO - [2024-06-26T13:31:54.187+0000] {dag.py:2690} INFO - Sync 1 DAGs
[2024-06-26T13:31:54.216+0000] {logging_mixin.py:137} INFO - [2024-06-26T13:31:54.216+0000] {dag.py:3441} INFO - Setting next_dagrun for example_branch_labels to 2024-06-25T00:00:00+00:00, run_after=2024-06-26T00:00:00+00:00
[2024-06-26T13:31:54.231+0000] {processor.py:175} INFO - Processing /home/airflow/.local/lib/python3.7/site-packages/airflow/example_dags/example_branch_labels.py took 0.077 seconds
[2024-06-26T13:32:24.309+0000] {processor.py:153} INFO - Started process (PID=5168) to work on /home/airflow/.local/lib/python3.7/site-packages/airflow/example_dags/example_branch_labels.py
[2024-06-26T13:32:24.309+0000] {processor.py:743} INFO - Processing file /home/airflow/.local/lib/python3.7/site-packages/airflow/example_dags/example_branch_labels.py for tasks to queue
[2024-06-26T13:32:24.310+0000] {logging_mixin.py:137} INFO - [2024-06-26T13:32:24.309+0000] {dagbag.py:538} INFO - Filling up the DagBag from /home/airflow/.local/lib/python3.7/site-packages/airflow/example_dags/example_branch_labels.py
[2024-06-26T13:32:24.319+0000] {processor.py:753} INFO - DAG(s) dict_keys(['example_branch_labels']) retrieved from /home/airflow/.local/lib/python3.7/site-packages/airflow/example_dags/example_branch_labels.py
[2024-06-26T13:32:24.335+0000] {logging_mixin.py:137} INFO - [2024-06-26T13:32:24.335+0000] {dag.py:2690} INFO - Sync 1 DAGs
[2024-06-26T13:32:24.356+0000] {logging_mixin.py:137} INFO - [2024-06-26T13:32:24.355+0000] {dag.py:3441} INFO - Setting next_dagrun for example_branch_labels to 2024-06-25T00:00:00+00:00, run_after=2024-06-26T00:00:00+00:00
[2024-06-26T13:32:24.368+0000] {processor.py:175} INFO - Processing /home/airflow/.local/lib/python3.7/site-packages/airflow/example_dags/example_branch_labels.py took 0.062 seconds
[2024-06-26T13:32:55.329+0000] {processor.py:153} INFO - Started process (PID=5247) to work on /home/airflow/.local/lib/python3.7/site-packages/airflow/example_dags/example_branch_labels.py
[2024-06-26T13:32:55.329+0000] {processor.py:743} INFO - Processing file /home/airflow/.local/lib/python3.7/site-packages/airflow/example_dags/example_branch_labels.py for tasks to queue
[2024-06-26T13:32:55.330+0000] {logging_mixin.py:137} INFO - [2024-06-26T13:32:55.330+0000] {dagbag.py:538} INFO - Filling up the DagBag from /home/airflow/.local/lib/python3.7/site-packages/airflow/example_dags/example_branch_labels.py
[2024-06-26T13:32:55.340+0000] {processor.py:753} INFO - DAG(s) dict_keys(['example_branch_labels']) retrieved from /home/airflow/.local/lib/python3.7/site-packages/airflow/example_dags/example_branch_labels.py
[2024-06-26T13:32:55.357+0000] {logging_mixin.py:137} INFO - [2024-06-26T13:32:55.357+0000] {dag.py:2690} INFO - Sync 1 DAGs
[2024-06-26T13:32:55.375+0000] {logging_mixin.py:137} INFO - [2024-06-26T13:32:55.375+0000] {dag.py:3441} INFO - Setting next_dagrun for example_branch_labels to 2024-06-25T00:00:00+00:00, run_after=2024-06-26T00:00:00+00:00
[2024-06-26T13:32:55.387+0000] {processor.py:175} INFO - Processing /home/airflow/.local/lib/python3.7/site-packages/airflow/example_dags/example_branch_labels.py took 0.060 seconds
[2024-06-26T13:33:26.344+0000] {processor.py:153} INFO - Started process (PID=5346) to work on /home/airflow/.local/lib/python3.7/site-packages/airflow/example_dags/example_branch_labels.py
[2024-06-26T13:33:26.345+0000] {processor.py:743} INFO - Processing file /home/airflow/.local/lib/python3.7/site-packages/airflow/example_dags/example_branch_labels.py for tasks to queue
[2024-06-26T13:33:26.345+0000] {logging_mixin.py:137} INFO - [2024-06-26T13:33:26.345+0000] {dagbag.py:538} INFO - Filling up the DagBag from /home/airflow/.local/lib/python3.7/site-packages/airflow/example_dags/example_branch_labels.py
[2024-06-26T13:33:26.356+0000] {processor.py:753} INFO - DAG(s) dict_keys(['example_branch_labels']) retrieved from /home/airflow/.local/lib/python3.7/site-packages/airflow/example_dags/example_branch_labels.py
[2024-06-26T13:33:26.376+0000] {logging_mixin.py:137} INFO - [2024-06-26T13:33:26.376+0000] {dag.py:2690} INFO - Sync 1 DAGs
[2024-06-26T13:33:26.398+0000] {logging_mixin.py:137} INFO - [2024-06-26T13:33:26.398+0000] {dag.py:3441} INFO - Setting next_dagrun for example_branch_labels to 2024-06-25T00:00:00+00:00, run_after=2024-06-26T00:00:00+00:00
[2024-06-26T13:33:26.416+0000] {processor.py:175} INFO - Processing /home/airflow/.local/lib/python3.7/site-packages/airflow/example_dags/example_branch_labels.py took 0.074 seconds
[2024-06-26T13:33:56.492+0000] {processor.py:153} INFO - Started process (PID=5425) to work on /home/airflow/.local/lib/python3.7/site-packages/airflow/example_dags/example_branch_labels.py
[2024-06-26T13:33:56.492+0000] {processor.py:743} INFO - Processing file /home/airflow/.local/lib/python3.7/site-packages/airflow/example_dags/example_branch_labels.py for tasks to queue
[2024-06-26T13:33:56.493+0000] {logging_mixin.py:137} INFO - [2024-06-26T13:33:56.492+0000] {dagbag.py:538} INFO - Filling up the DagBag from /home/airflow/.local/lib/python3.7/site-packages/airflow/example_dags/example_branch_labels.py
[2024-06-26T13:33:56.504+0000] {processor.py:753} INFO - DAG(s) dict_keys(['example_branch_labels']) retrieved from /home/airflow/.local/lib/python3.7/site-packages/airflow/example_dags/example_branch_labels.py
[2024-06-26T13:33:56.523+0000] {logging_mixin.py:137} INFO - [2024-06-26T13:33:56.523+0000] {dag.py:2690} INFO - Sync 1 DAGs
[2024-06-26T13:33:56.550+0000] {logging_mixin.py:137} INFO - [2024-06-26T13:33:56.550+0000] {dag.py:3441} INFO - Setting next_dagrun for example_branch_labels to 2024-06-25T00:00:00+00:00, run_after=2024-06-26T00:00:00+00:00
[2024-06-26T13:33:56.581+0000] {processor.py:175} INFO - Processing /home/airflow/.local/lib/python3.7/site-packages/airflow/example_dags/example_branch_labels.py took 0.091 seconds
[2024-06-26T13:34:26.880+0000] {processor.py:153} INFO - Started process (PID=5524) to work on /home/airflow/.local/lib/python3.7/site-packages/airflow/example_dags/example_branch_labels.py
[2024-06-26T13:34:26.880+0000] {processor.py:743} INFO - Processing file /home/airflow/.local/lib/python3.7/site-packages/airflow/example_dags/example_branch_labels.py for tasks to queue
[2024-06-26T13:34:26.880+0000] {logging_mixin.py:137} INFO - [2024-06-26T13:34:26.880+0000] {dagbag.py:538} INFO - Filling up the DagBag from /home/airflow/.local/lib/python3.7/site-packages/airflow/example_dags/example_branch_labels.py
[2024-06-26T13:34:26.892+0000] {processor.py:753} INFO - DAG(s) dict_keys(['example_branch_labels']) retrieved from /home/airflow/.local/lib/python3.7/site-packages/airflow/example_dags/example_branch_labels.py
[2024-06-26T13:34:26.915+0000] {logging_mixin.py:137} INFO - [2024-06-26T13:34:26.914+0000] {dag.py:2690} INFO - Sync 1 DAGs
[2024-06-26T13:34:26.938+0000] {logging_mixin.py:137} INFO - [2024-06-26T13:34:26.938+0000] {dag.py:3441} INFO - Setting next_dagrun for example_branch_labels to 2024-06-25T00:00:00+00:00, run_after=2024-06-26T00:00:00+00:00
[2024-06-26T13:34:26.955+0000] {processor.py:175} INFO - Processing /home/airflow/.local/lib/python3.7/site-packages/airflow/example_dags/example_branch_labels.py took 0.078 seconds
[2024-06-26T13:34:57.020+0000] {processor.py:153} INFO - Started process (PID=5603) to work on /home/airflow/.local/lib/python3.7/site-packages/airflow/example_dags/example_branch_labels.py
[2024-06-26T13:34:57.021+0000] {processor.py:743} INFO - Processing file /home/airflow/.local/lib/python3.7/site-packages/airflow/example_dags/example_branch_labels.py for tasks to queue
[2024-06-26T13:34:57.021+0000] {logging_mixin.py:137} INFO - [2024-06-26T13:34:57.021+0000] {dagbag.py:538} INFO - Filling up the DagBag from /home/airflow/.local/lib/python3.7/site-packages/airflow/example_dags/example_branch_labels.py
[2024-06-26T13:34:57.032+0000] {processor.py:753} INFO - DAG(s) dict_keys(['example_branch_labels']) retrieved from /home/airflow/.local/lib/python3.7/site-packages/airflow/example_dags/example_branch_labels.py
[2024-06-26T13:34:57.052+0000] {logging_mixin.py:137} INFO - [2024-06-26T13:34:57.051+0000] {dag.py:2690} INFO - Sync 1 DAGs
[2024-06-26T13:34:57.074+0000] {logging_mixin.py:137} INFO - [2024-06-26T13:34:57.073+0000] {dag.py:3441} INFO - Setting next_dagrun for example_branch_labels to 2024-06-25T00:00:00+00:00, run_after=2024-06-26T00:00:00+00:00
[2024-06-26T13:34:57.088+0000] {processor.py:175} INFO - Processing /home/airflow/.local/lib/python3.7/site-packages/airflow/example_dags/example_branch_labels.py took 0.071 seconds
[2024-06-26T13:35:27.174+0000] {processor.py:153} INFO - Started process (PID=5702) to work on /home/airflow/.local/lib/python3.7/site-packages/airflow/example_dags/example_branch_labels.py
[2024-06-26T13:35:27.174+0000] {processor.py:743} INFO - Processing file /home/airflow/.local/lib/python3.7/site-packages/airflow/example_dags/example_branch_labels.py for tasks to queue
[2024-06-26T13:35:27.175+0000] {logging_mixin.py:137} INFO - [2024-06-26T13:35:27.175+0000] {dagbag.py:538} INFO - Filling up the DagBag from /home/airflow/.local/lib/python3.7/site-packages/airflow/example_dags/example_branch_labels.py
[2024-06-26T13:35:27.185+0000] {processor.py:753} INFO - DAG(s) dict_keys(['example_branch_labels']) retrieved from /home/airflow/.local/lib/python3.7/site-packages/airflow/example_dags/example_branch_labels.py
[2024-06-26T13:35:27.201+0000] {logging_mixin.py:137} INFO - [2024-06-26T13:35:27.201+0000] {dag.py:2690} INFO - Sync 1 DAGs
[2024-06-26T13:35:27.222+0000] {logging_mixin.py:137} INFO - [2024-06-26T13:35:27.222+0000] {dag.py:3441} INFO - Setting next_dagrun for example_branch_labels to 2024-06-25T00:00:00+00:00, run_after=2024-06-26T00:00:00+00:00
[2024-06-26T13:35:27.234+0000] {processor.py:175} INFO - Processing /home/airflow/.local/lib/python3.7/site-packages/airflow/example_dags/example_branch_labels.py took 0.062 seconds
[2024-06-26T13:35:58.113+0000] {processor.py:153} INFO - Started process (PID=5787) to work on /home/airflow/.local/lib/python3.7/site-packages/airflow/example_dags/example_branch_labels.py
[2024-06-26T13:35:58.113+0000] {processor.py:743} INFO - Processing file /home/airflow/.local/lib/python3.7/site-packages/airflow/example_dags/example_branch_labels.py for tasks to queue
[2024-06-26T13:35:58.114+0000] {logging_mixin.py:137} INFO - [2024-06-26T13:35:58.114+0000] {dagbag.py:538} INFO - Filling up the DagBag from /home/airflow/.local/lib/python3.7/site-packages/airflow/example_dags/example_branch_labels.py
[2024-06-26T13:35:58.126+0000] {processor.py:753} INFO - DAG(s) dict_keys(['example_branch_labels']) retrieved from /home/airflow/.local/lib/python3.7/site-packages/airflow/example_dags/example_branch_labels.py
[2024-06-26T13:35:58.144+0000] {logging_mixin.py:137} INFO - [2024-06-26T13:35:58.144+0000] {dag.py:2690} INFO - Sync 1 DAGs
[2024-06-26T13:35:58.166+0000] {logging_mixin.py:137} INFO - [2024-06-26T13:35:58.166+0000] {dag.py:3441} INFO - Setting next_dagrun for example_branch_labels to 2024-06-25T00:00:00+00:00, run_after=2024-06-26T00:00:00+00:00
[2024-06-26T13:35:58.181+0000] {processor.py:175} INFO - Processing /home/airflow/.local/lib/python3.7/site-packages/airflow/example_dags/example_branch_labels.py took 0.070 seconds
[2024-06-26T13:36:28.952+0000] {processor.py:153} INFO - Started process (PID=5880) to work on /home/airflow/.local/lib/python3.7/site-packages/airflow/example_dags/example_branch_labels.py
[2024-06-26T13:36:28.953+0000] {processor.py:743} INFO - Processing file /home/airflow/.local/lib/python3.7/site-packages/airflow/example_dags/example_branch_labels.py for tasks to queue
[2024-06-26T13:36:28.953+0000] {logging_mixin.py:137} INFO - [2024-06-26T13:36:28.953+0000] {dagbag.py:538} INFO - Filling up the DagBag from /home/airflow/.local/lib/python3.7/site-packages/airflow/example_dags/example_branch_labels.py
[2024-06-26T13:36:28.962+0000] {processor.py:753} INFO - DAG(s) dict_keys(['example_branch_labels']) retrieved from /home/airflow/.local/lib/python3.7/site-packages/airflow/example_dags/example_branch_labels.py
[2024-06-26T13:36:28.978+0000] {logging_mixin.py:137} INFO - [2024-06-26T13:36:28.978+0000] {dag.py:2690} INFO - Sync 1 DAGs
[2024-06-26T13:36:28.996+0000] {logging_mixin.py:137} INFO - [2024-06-26T13:36:28.995+0000] {dag.py:3441} INFO - Setting next_dagrun for example_branch_labels to 2024-06-25T00:00:00+00:00, run_after=2024-06-26T00:00:00+00:00
[2024-06-26T13:36:29.007+0000] {processor.py:175} INFO - Processing /home/airflow/.local/lib/python3.7/site-packages/airflow/example_dags/example_branch_labels.py took 0.057 seconds
[2024-06-26T13:36:59.393+0000] {processor.py:153} INFO - Started process (PID=5979) to work on /home/airflow/.local/lib/python3.7/site-packages/airflow/example_dags/example_branch_labels.py
[2024-06-26T13:36:59.394+0000] {processor.py:743} INFO - Processing file /home/airflow/.local/lib/python3.7/site-packages/airflow/example_dags/example_branch_labels.py for tasks to queue
[2024-06-26T13:36:59.395+0000] {logging_mixin.py:137} INFO - [2024-06-26T13:36:59.395+0000] {dagbag.py:538} INFO - Filling up the DagBag from /home/airflow/.local/lib/python3.7/site-packages/airflow/example_dags/example_branch_labels.py
[2024-06-26T13:36:59.410+0000] {processor.py:753} INFO - DAG(s) dict_keys(['example_branch_labels']) retrieved from /home/airflow/.local/lib/python3.7/site-packages/airflow/example_dags/example_branch_labels.py
[2024-06-26T13:36:59.436+0000] {logging_mixin.py:137} INFO - [2024-06-26T13:36:59.436+0000] {dag.py:2690} INFO - Sync 1 DAGs
[2024-06-26T13:36:59.461+0000] {logging_mixin.py:137} INFO - [2024-06-26T13:36:59.461+0000] {dag.py:3441} INFO - Setting next_dagrun for example_branch_labels to 2024-06-25T00:00:00+00:00, run_after=2024-06-26T00:00:00+00:00
[2024-06-26T13:36:59.478+0000] {processor.py:175} INFO - Processing /home/airflow/.local/lib/python3.7/site-packages/airflow/example_dags/example_branch_labels.py took 0.087 seconds
[2024-06-26T13:37:30.394+0000] {processor.py:153} INFO - Started process (PID=6058) to work on /home/airflow/.local/lib/python3.7/site-packages/airflow/example_dags/example_branch_labels.py
[2024-06-26T13:37:30.395+0000] {processor.py:743} INFO - Processing file /home/airflow/.local/lib/python3.7/site-packages/airflow/example_dags/example_branch_labels.py for tasks to queue
[2024-06-26T13:37:30.396+0000] {logging_mixin.py:137} INFO - [2024-06-26T13:37:30.396+0000] {dagbag.py:538} INFO - Filling up the DagBag from /home/airflow/.local/lib/python3.7/site-packages/airflow/example_dags/example_branch_labels.py
[2024-06-26T13:37:30.406+0000] {processor.py:753} INFO - DAG(s) dict_keys(['example_branch_labels']) retrieved from /home/airflow/.local/lib/python3.7/site-packages/airflow/example_dags/example_branch_labels.py
[2024-06-26T13:37:30.426+0000] {logging_mixin.py:137} INFO - [2024-06-26T13:37:30.426+0000] {dag.py:2690} INFO - Sync 1 DAGs
[2024-06-26T13:37:30.450+0000] {logging_mixin.py:137} INFO - [2024-06-26T13:37:30.450+0000] {dag.py:3441} INFO - Setting next_dagrun for example_branch_labels to 2024-06-25T00:00:00+00:00, run_after=2024-06-26T00:00:00+00:00
[2024-06-26T13:37:30.463+0000] {processor.py:175} INFO - Processing /home/airflow/.local/lib/python3.7/site-packages/airflow/example_dags/example_branch_labels.py took 0.071 seconds
[2024-06-26T13:38:01.261+0000] {processor.py:153} INFO - Started process (PID=6157) to work on /home/airflow/.local/lib/python3.7/site-packages/airflow/example_dags/example_branch_labels.py
[2024-06-26T13:38:01.261+0000] {processor.py:743} INFO - Processing file /home/airflow/.local/lib/python3.7/site-packages/airflow/example_dags/example_branch_labels.py for tasks to queue
[2024-06-26T13:38:01.262+0000] {logging_mixin.py:137} INFO - [2024-06-26T13:38:01.262+0000] {dagbag.py:538} INFO - Filling up the DagBag from /home/airflow/.local/lib/python3.7/site-packages/airflow/example_dags/example_branch_labels.py
[2024-06-26T13:38:01.271+0000] {processor.py:753} INFO - DAG(s) dict_keys(['example_branch_labels']) retrieved from /home/airflow/.local/lib/python3.7/site-packages/airflow/example_dags/example_branch_labels.py
[2024-06-26T13:38:01.288+0000] {logging_mixin.py:137} INFO - [2024-06-26T13:38:01.288+0000] {dag.py:2690} INFO - Sync 1 DAGs
[2024-06-26T13:38:01.308+0000] {logging_mixin.py:137} INFO - [2024-06-26T13:38:01.308+0000] {dag.py:3441} INFO - Setting next_dagrun for example_branch_labels to 2024-06-25T00:00:00+00:00, run_after=2024-06-26T00:00:00+00:00
[2024-06-26T13:38:01.320+0000] {processor.py:175} INFO - Processing /home/airflow/.local/lib/python3.7/site-packages/airflow/example_dags/example_branch_labels.py took 0.061 seconds
[2024-06-26T13:38:32.089+0000] {processor.py:153} INFO - Started process (PID=6236) to work on /home/airflow/.local/lib/python3.7/site-packages/airflow/example_dags/example_branch_labels.py
[2024-06-26T13:38:32.090+0000] {processor.py:743} INFO - Processing file /home/airflow/.local/lib/python3.7/site-packages/airflow/example_dags/example_branch_labels.py for tasks to queue
[2024-06-26T13:38:32.090+0000] {logging_mixin.py:137} INFO - [2024-06-26T13:38:32.090+0000] {dagbag.py:538} INFO - Filling up the DagBag from /home/airflow/.local/lib/python3.7/site-packages/airflow/example_dags/example_branch_labels.py
[2024-06-26T13:38:32.100+0000] {processor.py:753} INFO - DAG(s) dict_keys(['example_branch_labels']) retrieved from /home/airflow/.local/lib/python3.7/site-packages/airflow/example_dags/example_branch_labels.py
[2024-06-26T13:38:32.116+0000] {logging_mixin.py:137} INFO - [2024-06-26T13:38:32.116+0000] {dag.py:2690} INFO - Sync 1 DAGs
[2024-06-26T13:38:32.135+0000] {logging_mixin.py:137} INFO - [2024-06-26T13:38:32.135+0000] {dag.py:3441} INFO - Setting next_dagrun for example_branch_labels to 2024-06-25T00:00:00+00:00, run_after=2024-06-26T00:00:00+00:00
[2024-06-26T13:38:32.147+0000] {processor.py:175} INFO - Processing /home/airflow/.local/lib/python3.7/site-packages/airflow/example_dags/example_branch_labels.py took 0.060 seconds
[2024-06-26T13:39:02.821+0000] {processor.py:153} INFO - Started process (PID=6335) to work on /home/airflow/.local/lib/python3.7/site-packages/airflow/example_dags/example_branch_labels.py
[2024-06-26T13:39:02.822+0000] {processor.py:743} INFO - Processing file /home/airflow/.local/lib/python3.7/site-packages/airflow/example_dags/example_branch_labels.py for tasks to queue
[2024-06-26T13:39:02.823+0000] {logging_mixin.py:137} INFO - [2024-06-26T13:39:02.823+0000] {dagbag.py:538} INFO - Filling up the DagBag from /home/airflow/.local/lib/python3.7/site-packages/airflow/example_dags/example_branch_labels.py
[2024-06-26T13:39:02.833+0000] {processor.py:753} INFO - DAG(s) dict_keys(['example_branch_labels']) retrieved from /home/airflow/.local/lib/python3.7/site-packages/airflow/example_dags/example_branch_labels.py
[2024-06-26T13:39:02.850+0000] {logging_mixin.py:137} INFO - [2024-06-26T13:39:02.850+0000] {dag.py:2690} INFO - Sync 1 DAGs
[2024-06-26T13:39:02.871+0000] {logging_mixin.py:137} INFO - [2024-06-26T13:39:02.871+0000] {dag.py:3441} INFO - Setting next_dagrun for example_branch_labels to 2024-06-25T00:00:00+00:00, run_after=2024-06-26T00:00:00+00:00
[2024-06-26T13:39:02.885+0000] {processor.py:175} INFO - Processing /home/airflow/.local/lib/python3.7/site-packages/airflow/example_dags/example_branch_labels.py took 0.066 seconds
[2024-06-26T13:39:33.635+0000] {processor.py:153} INFO - Started process (PID=6423) to work on /home/airflow/.local/lib/python3.7/site-packages/airflow/example_dags/example_branch_labels.py
[2024-06-26T13:39:33.635+0000] {processor.py:743} INFO - Processing file /home/airflow/.local/lib/python3.7/site-packages/airflow/example_dags/example_branch_labels.py for tasks to queue
[2024-06-26T13:39:33.636+0000] {logging_mixin.py:137} INFO - [2024-06-26T13:39:33.636+0000] {dagbag.py:538} INFO - Filling up the DagBag from /home/airflow/.local/lib/python3.7/site-packages/airflow/example_dags/example_branch_labels.py
[2024-06-26T13:39:33.647+0000] {processor.py:753} INFO - DAG(s) dict_keys(['example_branch_labels']) retrieved from /home/airflow/.local/lib/python3.7/site-packages/airflow/example_dags/example_branch_labels.py
[2024-06-26T13:39:33.666+0000] {logging_mixin.py:137} INFO - [2024-06-26T13:39:33.666+0000] {dag.py:2690} INFO - Sync 1 DAGs
[2024-06-26T13:39:33.688+0000] {logging_mixin.py:137} INFO - [2024-06-26T13:39:33.688+0000] {dag.py:3441} INFO - Setting next_dagrun for example_branch_labels to 2024-06-25T00:00:00+00:00, run_after=2024-06-26T00:00:00+00:00
[2024-06-26T13:39:33.703+0000] {processor.py:175} INFO - Processing /home/airflow/.local/lib/python3.7/site-packages/airflow/example_dags/example_branch_labels.py took 0.070 seconds
