[2024-06-26T13:03:44.633+0000] {processor.py:153} INFO - Started process (PID=58) to work on /home/airflow/.local/lib/python3.7/site-packages/airflow/example_dags/example_sensors.py
[2024-06-26T13:03:44.634+0000] {processor.py:743} INFO - Processing file /home/airflow/.local/lib/python3.7/site-packages/airflow/example_dags/example_sensors.py for tasks to queue
[2024-06-26T13:03:44.634+0000] {logging_mixin.py:137} INFO - [2024-06-26T13:03:44.634+0000] {dagbag.py:538} INFO - Filling up the DagBag from /home/airflow/.local/lib/python3.7/site-packages/airflow/example_dags/example_sensors.py
[2024-06-26T13:03:44.650+0000] {processor.py:753} INFO - DAG(s) dict_keys(['example_sensors']) retrieved from /home/airflow/.local/lib/python3.7/site-packages/airflow/example_dags/example_sensors.py
[2024-06-26T13:03:44.669+0000] {logging_mixin.py:137} INFO - [2024-06-26T13:03:44.669+0000] {dag.py:2690} INFO - Sync 1 DAGs
[2024-06-26T13:03:44.688+0000] {logging_mixin.py:137} INFO - [2024-06-26T13:03:44.688+0000] {dag.py:3441} INFO - Setting next_dagrun for example_sensors to None, run_after=None
[2024-06-26T13:03:44.701+0000] {processor.py:175} INFO - Processing /home/airflow/.local/lib/python3.7/site-packages/airflow/example_dags/example_sensors.py took 0.070 seconds
[2024-06-26T13:04:15.330+0000] {processor.py:153} INFO - Started process (PID=157) to work on /home/airflow/.local/lib/python3.7/site-packages/airflow/example_dags/example_sensors.py
[2024-06-26T13:04:15.331+0000] {processor.py:743} INFO - Processing file /home/airflow/.local/lib/python3.7/site-packages/airflow/example_dags/example_sensors.py for tasks to queue
[2024-06-26T13:04:15.331+0000] {logging_mixin.py:137} INFO - [2024-06-26T13:04:15.331+0000] {dagbag.py:538} INFO - Filling up the DagBag from /home/airflow/.local/lib/python3.7/site-packages/airflow/example_dags/example_sensors.py
[2024-06-26T13:04:15.345+0000] {processor.py:753} INFO - DAG(s) dict_keys(['example_sensors']) retrieved from /home/airflow/.local/lib/python3.7/site-packages/airflow/example_dags/example_sensors.py
[2024-06-26T13:04:15.363+0000] {logging_mixin.py:137} INFO - [2024-06-26T13:04:15.363+0000] {dag.py:2690} INFO - Sync 1 DAGs
[2024-06-26T13:04:15.380+0000] {logging_mixin.py:137} INFO - [2024-06-26T13:04:15.380+0000] {dag.py:3441} INFO - Setting next_dagrun for example_sensors to None, run_after=None
[2024-06-26T13:04:15.391+0000] {processor.py:175} INFO - Processing /home/airflow/.local/lib/python3.7/site-packages/airflow/example_dags/example_sensors.py took 0.063 seconds
[2024-06-26T13:04:46.064+0000] {processor.py:153} INFO - Started process (PID=236) to work on /home/airflow/.local/lib/python3.7/site-packages/airflow/example_dags/example_sensors.py
[2024-06-26T13:04:46.065+0000] {processor.py:743} INFO - Processing file /home/airflow/.local/lib/python3.7/site-packages/airflow/example_dags/example_sensors.py for tasks to queue
[2024-06-26T13:04:46.065+0000] {logging_mixin.py:137} INFO - [2024-06-26T13:04:46.065+0000] {dagbag.py:538} INFO - Filling up the DagBag from /home/airflow/.local/lib/python3.7/site-packages/airflow/example_dags/example_sensors.py
[2024-06-26T13:04:46.079+0000] {processor.py:753} INFO - DAG(s) dict_keys(['example_sensors']) retrieved from /home/airflow/.local/lib/python3.7/site-packages/airflow/example_dags/example_sensors.py
[2024-06-26T13:04:46.097+0000] {logging_mixin.py:137} INFO - [2024-06-26T13:04:46.097+0000] {dag.py:2690} INFO - Sync 1 DAGs
[2024-06-26T13:04:46.116+0000] {logging_mixin.py:137} INFO - [2024-06-26T13:04:46.116+0000] {dag.py:3441} INFO - Setting next_dagrun for example_sensors to None, run_after=None
[2024-06-26T13:04:46.129+0000] {processor.py:175} INFO - Processing /home/airflow/.local/lib/python3.7/site-packages/airflow/example_dags/example_sensors.py took 0.066 seconds
[2024-06-26T13:05:16.788+0000] {processor.py:153} INFO - Started process (PID=335) to work on /home/airflow/.local/lib/python3.7/site-packages/airflow/example_dags/example_sensors.py
[2024-06-26T13:05:16.788+0000] {processor.py:743} INFO - Processing file /home/airflow/.local/lib/python3.7/site-packages/airflow/example_dags/example_sensors.py for tasks to queue
[2024-06-26T13:05:16.789+0000] {logging_mixin.py:137} INFO - [2024-06-26T13:05:16.789+0000] {dagbag.py:538} INFO - Filling up the DagBag from /home/airflow/.local/lib/python3.7/site-packages/airflow/example_dags/example_sensors.py
[2024-06-26T13:05:16.802+0000] {processor.py:753} INFO - DAG(s) dict_keys(['example_sensors']) retrieved from /home/airflow/.local/lib/python3.7/site-packages/airflow/example_dags/example_sensors.py
[2024-06-26T13:05:16.821+0000] {logging_mixin.py:137} INFO - [2024-06-26T13:05:16.820+0000] {dag.py:2690} INFO - Sync 1 DAGs
[2024-06-26T13:05:16.838+0000] {logging_mixin.py:137} INFO - [2024-06-26T13:05:16.838+0000] {dag.py:3441} INFO - Setting next_dagrun for example_sensors to None, run_after=None
[2024-06-26T13:05:16.853+0000] {processor.py:175} INFO - Processing /home/airflow/.local/lib/python3.7/site-packages/airflow/example_dags/example_sensors.py took 0.067 seconds
[2024-06-26T13:05:47.653+0000] {processor.py:153} INFO - Started process (PID=434) to work on /home/airflow/.local/lib/python3.7/site-packages/airflow/example_dags/example_sensors.py
[2024-06-26T13:05:47.654+0000] {processor.py:743} INFO - Processing file /home/airflow/.local/lib/python3.7/site-packages/airflow/example_dags/example_sensors.py for tasks to queue
[2024-06-26T13:05:47.654+0000] {logging_mixin.py:137} INFO - [2024-06-26T13:05:47.654+0000] {dagbag.py:538} INFO - Filling up the DagBag from /home/airflow/.local/lib/python3.7/site-packages/airflow/example_dags/example_sensors.py
[2024-06-26T13:05:47.667+0000] {processor.py:753} INFO - DAG(s) dict_keys(['example_sensors']) retrieved from /home/airflow/.local/lib/python3.7/site-packages/airflow/example_dags/example_sensors.py
[2024-06-26T13:05:47.687+0000] {logging_mixin.py:137} INFO - [2024-06-26T13:05:47.687+0000] {dag.py:2690} INFO - Sync 1 DAGs
[2024-06-26T13:05:47.708+0000] {logging_mixin.py:137} INFO - [2024-06-26T13:05:47.708+0000] {dag.py:3441} INFO - Setting next_dagrun for example_sensors to None, run_after=None
[2024-06-26T13:05:47.723+0000] {processor.py:175} INFO - Processing /home/airflow/.local/lib/python3.7/site-packages/airflow/example_dags/example_sensors.py took 0.071 seconds
[2024-06-26T13:06:18.317+0000] {processor.py:153} INFO - Started process (PID=513) to work on /home/airflow/.local/lib/python3.7/site-packages/airflow/example_dags/example_sensors.py
[2024-06-26T13:06:18.317+0000] {processor.py:743} INFO - Processing file /home/airflow/.local/lib/python3.7/site-packages/airflow/example_dags/example_sensors.py for tasks to queue
[2024-06-26T13:06:18.317+0000] {logging_mixin.py:137} INFO - [2024-06-26T13:06:18.317+0000] {dagbag.py:538} INFO - Filling up the DagBag from /home/airflow/.local/lib/python3.7/site-packages/airflow/example_dags/example_sensors.py
[2024-06-26T13:06:18.330+0000] {processor.py:753} INFO - DAG(s) dict_keys(['example_sensors']) retrieved from /home/airflow/.local/lib/python3.7/site-packages/airflow/example_dags/example_sensors.py
[2024-06-26T13:06:18.349+0000] {logging_mixin.py:137} INFO - [2024-06-26T13:06:18.348+0000] {dag.py:2690} INFO - Sync 1 DAGs
[2024-06-26T13:06:18.366+0000] {logging_mixin.py:137} INFO - [2024-06-26T13:06:18.366+0000] {dag.py:3441} INFO - Setting next_dagrun for example_sensors to None, run_after=None
[2024-06-26T13:06:18.379+0000] {processor.py:175} INFO - Processing /home/airflow/.local/lib/python3.7/site-packages/airflow/example_dags/example_sensors.py took 0.064 seconds
[2024-06-26T13:06:49.196+0000] {processor.py:153} INFO - Started process (PID=612) to work on /home/airflow/.local/lib/python3.7/site-packages/airflow/example_dags/example_sensors.py
[2024-06-26T13:06:49.197+0000] {processor.py:743} INFO - Processing file /home/airflow/.local/lib/python3.7/site-packages/airflow/example_dags/example_sensors.py for tasks to queue
[2024-06-26T13:06:49.197+0000] {logging_mixin.py:137} INFO - [2024-06-26T13:06:49.197+0000] {dagbag.py:538} INFO - Filling up the DagBag from /home/airflow/.local/lib/python3.7/site-packages/airflow/example_dags/example_sensors.py
[2024-06-26T13:06:49.212+0000] {processor.py:753} INFO - DAG(s) dict_keys(['example_sensors']) retrieved from /home/airflow/.local/lib/python3.7/site-packages/airflow/example_dags/example_sensors.py
[2024-06-26T13:06:49.232+0000] {logging_mixin.py:137} INFO - [2024-06-26T13:06:49.232+0000] {dag.py:2690} INFO - Sync 1 DAGs
[2024-06-26T13:06:49.254+0000] {logging_mixin.py:137} INFO - [2024-06-26T13:06:49.253+0000] {dag.py:3441} INFO - Setting next_dagrun for example_sensors to None, run_after=None
[2024-06-26T13:06:49.272+0000] {processor.py:175} INFO - Processing /home/airflow/.local/lib/python3.7/site-packages/airflow/example_dags/example_sensors.py took 0.079 seconds
[2024-06-26T13:07:19.478+0000] {processor.py:153} INFO - Started process (PID=691) to work on /home/airflow/.local/lib/python3.7/site-packages/airflow/example_dags/example_sensors.py
[2024-06-26T13:07:19.479+0000] {processor.py:743} INFO - Processing file /home/airflow/.local/lib/python3.7/site-packages/airflow/example_dags/example_sensors.py for tasks to queue
[2024-06-26T13:07:19.479+0000] {logging_mixin.py:137} INFO - [2024-06-26T13:07:19.479+0000] {dagbag.py:538} INFO - Filling up the DagBag from /home/airflow/.local/lib/python3.7/site-packages/airflow/example_dags/example_sensors.py
[2024-06-26T13:07:19.491+0000] {processor.py:753} INFO - DAG(s) dict_keys(['example_sensors']) retrieved from /home/airflow/.local/lib/python3.7/site-packages/airflow/example_dags/example_sensors.py
[2024-06-26T13:07:19.510+0000] {logging_mixin.py:137} INFO - [2024-06-26T13:07:19.510+0000] {dag.py:2690} INFO - Sync 1 DAGs
[2024-06-26T13:07:19.529+0000] {logging_mixin.py:137} INFO - [2024-06-26T13:07:19.528+0000] {dag.py:3441} INFO - Setting next_dagrun for example_sensors to None, run_after=None
[2024-06-26T13:07:19.542+0000] {processor.py:175} INFO - Processing /home/airflow/.local/lib/python3.7/site-packages/airflow/example_dags/example_sensors.py took 0.066 seconds
[2024-06-26T13:07:49.591+0000] {processor.py:153} INFO - Started process (PID=790) to work on /home/airflow/.local/lib/python3.7/site-packages/airflow/example_dags/example_sensors.py
[2024-06-26T13:07:49.591+0000] {processor.py:743} INFO - Processing file /home/airflow/.local/lib/python3.7/site-packages/airflow/example_dags/example_sensors.py for tasks to queue
[2024-06-26T13:07:49.591+0000] {logging_mixin.py:137} INFO - [2024-06-26T13:07:49.591+0000] {dagbag.py:538} INFO - Filling up the DagBag from /home/airflow/.local/lib/python3.7/site-packages/airflow/example_dags/example_sensors.py
[2024-06-26T13:07:49.605+0000] {processor.py:753} INFO - DAG(s) dict_keys(['example_sensors']) retrieved from /home/airflow/.local/lib/python3.7/site-packages/airflow/example_dags/example_sensors.py
[2024-06-26T13:07:49.626+0000] {logging_mixin.py:137} INFO - [2024-06-26T13:07:49.626+0000] {dag.py:2690} INFO - Sync 1 DAGs
[2024-06-26T13:07:49.647+0000] {logging_mixin.py:137} INFO - [2024-06-26T13:07:49.647+0000] {dag.py:3441} INFO - Setting next_dagrun for example_sensors to None, run_after=None
[2024-06-26T13:07:49.659+0000] {processor.py:175} INFO - Processing /home/airflow/.local/lib/python3.7/site-packages/airflow/example_dags/example_sensors.py took 0.070 seconds
[2024-06-26T13:08:19.708+0000] {processor.py:153} INFO - Started process (PID=875) to work on /home/airflow/.local/lib/python3.7/site-packages/airflow/example_dags/example_sensors.py
[2024-06-26T13:08:19.709+0000] {processor.py:743} INFO - Processing file /home/airflow/.local/lib/python3.7/site-packages/airflow/example_dags/example_sensors.py for tasks to queue
[2024-06-26T13:08:19.710+0000] {logging_mixin.py:137} INFO - [2024-06-26T13:08:19.710+0000] {dagbag.py:538} INFO - Filling up the DagBag from /home/airflow/.local/lib/python3.7/site-packages/airflow/example_dags/example_sensors.py
[2024-06-26T13:08:19.730+0000] {processor.py:753} INFO - DAG(s) dict_keys(['example_sensors']) retrieved from /home/airflow/.local/lib/python3.7/site-packages/airflow/example_dags/example_sensors.py
[2024-06-26T13:08:19.751+0000] {logging_mixin.py:137} INFO - [2024-06-26T13:08:19.750+0000] {dag.py:2690} INFO - Sync 1 DAGs
[2024-06-26T13:08:19.771+0000] {logging_mixin.py:137} INFO - [2024-06-26T13:08:19.771+0000] {dag.py:3441} INFO - Setting next_dagrun for example_sensors to None, run_after=None
[2024-06-26T13:08:19.787+0000] {processor.py:175} INFO - Processing /home/airflow/.local/lib/python3.7/site-packages/airflow/example_dags/example_sensors.py took 0.081 seconds
[2024-06-26T13:08:50.719+0000] {processor.py:153} INFO - Started process (PID=968) to work on /home/airflow/.local/lib/python3.7/site-packages/airflow/example_dags/example_sensors.py
[2024-06-26T13:08:50.720+0000] {processor.py:743} INFO - Processing file /home/airflow/.local/lib/python3.7/site-packages/airflow/example_dags/example_sensors.py for tasks to queue
[2024-06-26T13:08:50.720+0000] {logging_mixin.py:137} INFO - [2024-06-26T13:08:50.720+0000] {dagbag.py:538} INFO - Filling up the DagBag from /home/airflow/.local/lib/python3.7/site-packages/airflow/example_dags/example_sensors.py
[2024-06-26T13:08:50.734+0000] {processor.py:753} INFO - DAG(s) dict_keys(['example_sensors']) retrieved from /home/airflow/.local/lib/python3.7/site-packages/airflow/example_dags/example_sensors.py
[2024-06-26T13:08:50.752+0000] {logging_mixin.py:137} INFO - [2024-06-26T13:08:50.752+0000] {dag.py:2690} INFO - Sync 1 DAGs
[2024-06-26T13:08:50.768+0000] {logging_mixin.py:137} INFO - [2024-06-26T13:08:50.768+0000] {dag.py:3441} INFO - Setting next_dagrun for example_sensors to None, run_after=None
[2024-06-26T13:08:50.780+0000] {processor.py:175} INFO - Processing /home/airflow/.local/lib/python3.7/site-packages/airflow/example_dags/example_sensors.py took 0.062 seconds
[2024-06-26T13:09:21.626+0000] {processor.py:153} INFO - Started process (PID=1067) to work on /home/airflow/.local/lib/python3.7/site-packages/airflow/example_dags/example_sensors.py
[2024-06-26T13:09:21.626+0000] {processor.py:743} INFO - Processing file /home/airflow/.local/lib/python3.7/site-packages/airflow/example_dags/example_sensors.py for tasks to queue
[2024-06-26T13:09:21.627+0000] {logging_mixin.py:137} INFO - [2024-06-26T13:09:21.627+0000] {dagbag.py:538} INFO - Filling up the DagBag from /home/airflow/.local/lib/python3.7/site-packages/airflow/example_dags/example_sensors.py
[2024-06-26T13:09:21.642+0000] {processor.py:753} INFO - DAG(s) dict_keys(['example_sensors']) retrieved from /home/airflow/.local/lib/python3.7/site-packages/airflow/example_dags/example_sensors.py
[2024-06-26T13:09:21.662+0000] {logging_mixin.py:137} INFO - [2024-06-26T13:09:21.662+0000] {dag.py:2690} INFO - Sync 1 DAGs
[2024-06-26T13:09:21.679+0000] {logging_mixin.py:137} INFO - [2024-06-26T13:09:21.679+0000] {dag.py:3441} INFO - Setting next_dagrun for example_sensors to None, run_after=None
[2024-06-26T13:09:21.692+0000] {processor.py:175} INFO - Processing /home/airflow/.local/lib/python3.7/site-packages/airflow/example_dags/example_sensors.py took 0.069 seconds
[2024-06-26T13:09:52.374+0000] {processor.py:153} INFO - Started process (PID=1146) to work on /home/airflow/.local/lib/python3.7/site-packages/airflow/example_dags/example_sensors.py
[2024-06-26T13:09:52.377+0000] {processor.py:743} INFO - Processing file /home/airflow/.local/lib/python3.7/site-packages/airflow/example_dags/example_sensors.py for tasks to queue
[2024-06-26T13:09:52.377+0000] {logging_mixin.py:137} INFO - [2024-06-26T13:09:52.377+0000] {dagbag.py:538} INFO - Filling up the DagBag from /home/airflow/.local/lib/python3.7/site-packages/airflow/example_dags/example_sensors.py
[2024-06-26T13:09:52.390+0000] {processor.py:753} INFO - DAG(s) dict_keys(['example_sensors']) retrieved from /home/airflow/.local/lib/python3.7/site-packages/airflow/example_dags/example_sensors.py
[2024-06-26T13:09:52.408+0000] {logging_mixin.py:137} INFO - [2024-06-26T13:09:52.408+0000] {dag.py:2690} INFO - Sync 1 DAGs
[2024-06-26T13:09:52.424+0000] {logging_mixin.py:137} INFO - [2024-06-26T13:09:52.424+0000] {dag.py:3441} INFO - Setting next_dagrun for example_sensors to None, run_after=None
[2024-06-26T13:09:52.437+0000] {processor.py:175} INFO - Processing /home/airflow/.local/lib/python3.7/site-packages/airflow/example_dags/example_sensors.py took 0.064 seconds
[2024-06-26T13:10:23.182+0000] {processor.py:153} INFO - Started process (PID=1245) to work on /home/airflow/.local/lib/python3.7/site-packages/airflow/example_dags/example_sensors.py
[2024-06-26T13:10:23.184+0000] {processor.py:743} INFO - Processing file /home/airflow/.local/lib/python3.7/site-packages/airflow/example_dags/example_sensors.py for tasks to queue
[2024-06-26T13:10:23.185+0000] {logging_mixin.py:137} INFO - [2024-06-26T13:10:23.185+0000] {dagbag.py:538} INFO - Filling up the DagBag from /home/airflow/.local/lib/python3.7/site-packages/airflow/example_dags/example_sensors.py
[2024-06-26T13:10:23.198+0000] {processor.py:753} INFO - DAG(s) dict_keys(['example_sensors']) retrieved from /home/airflow/.local/lib/python3.7/site-packages/airflow/example_dags/example_sensors.py
[2024-06-26T13:10:23.217+0000] {logging_mixin.py:137} INFO - [2024-06-26T13:10:23.217+0000] {dag.py:2690} INFO - Sync 1 DAGs
[2024-06-26T13:10:23.237+0000] {logging_mixin.py:137} INFO - [2024-06-26T13:10:23.236+0000] {dag.py:3441} INFO - Setting next_dagrun for example_sensors to None, run_after=None
[2024-06-26T13:10:23.250+0000] {processor.py:175} INFO - Processing /home/airflow/.local/lib/python3.7/site-packages/airflow/example_dags/example_sensors.py took 0.071 seconds
[2024-06-26T13:10:53.981+0000] {processor.py:153} INFO - Started process (PID=1333) to work on /home/airflow/.local/lib/python3.7/site-packages/airflow/example_dags/example_sensors.py
[2024-06-26T13:10:53.983+0000] {processor.py:743} INFO - Processing file /home/airflow/.local/lib/python3.7/site-packages/airflow/example_dags/example_sensors.py for tasks to queue
[2024-06-26T13:10:53.984+0000] {logging_mixin.py:137} INFO - [2024-06-26T13:10:53.984+0000] {dagbag.py:538} INFO - Filling up the DagBag from /home/airflow/.local/lib/python3.7/site-packages/airflow/example_dags/example_sensors.py
[2024-06-26T13:10:53.997+0000] {processor.py:753} INFO - DAG(s) dict_keys(['example_sensors']) retrieved from /home/airflow/.local/lib/python3.7/site-packages/airflow/example_dags/example_sensors.py
[2024-06-26T13:10:54.018+0000] {logging_mixin.py:137} INFO - [2024-06-26T13:10:54.018+0000] {dag.py:2690} INFO - Sync 1 DAGs
[2024-06-26T13:10:54.038+0000] {logging_mixin.py:137} INFO - [2024-06-26T13:10:54.038+0000] {dag.py:3441} INFO - Setting next_dagrun for example_sensors to None, run_after=None
[2024-06-26T13:10:54.052+0000] {processor.py:175} INFO - Processing /home/airflow/.local/lib/python3.7/site-packages/airflow/example_dags/example_sensors.py took 0.073 seconds
[2024-06-26T13:11:24.962+0000] {processor.py:153} INFO - Started process (PID=1423) to work on /home/airflow/.local/lib/python3.7/site-packages/airflow/example_dags/example_sensors.py
[2024-06-26T13:11:24.965+0000] {processor.py:743} INFO - Processing file /home/airflow/.local/lib/python3.7/site-packages/airflow/example_dags/example_sensors.py for tasks to queue
[2024-06-26T13:11:24.967+0000] {logging_mixin.py:137} INFO - [2024-06-26T13:11:24.966+0000] {dagbag.py:538} INFO - Filling up the DagBag from /home/airflow/.local/lib/python3.7/site-packages/airflow/example_dags/example_sensors.py
[2024-06-26T13:11:24.981+0000] {processor.py:753} INFO - DAG(s) dict_keys(['example_sensors']) retrieved from /home/airflow/.local/lib/python3.7/site-packages/airflow/example_dags/example_sensors.py
[2024-06-26T13:11:25.000+0000] {logging_mixin.py:137} INFO - [2024-06-26T13:11:25.000+0000] {dag.py:2690} INFO - Sync 1 DAGs
[2024-06-26T13:11:25.017+0000] {logging_mixin.py:137} INFO - [2024-06-26T13:11:25.017+0000] {dag.py:3441} INFO - Setting next_dagrun for example_sensors to None, run_after=None
[2024-06-26T13:11:25.030+0000] {processor.py:175} INFO - Processing /home/airflow/.local/lib/python3.7/site-packages/airflow/example_dags/example_sensors.py took 0.069 seconds
[2024-06-26T13:11:55.765+0000] {processor.py:153} INFO - Started process (PID=1522) to work on /home/airflow/.local/lib/python3.7/site-packages/airflow/example_dags/example_sensors.py
[2024-06-26T13:11:55.768+0000] {processor.py:743} INFO - Processing file /home/airflow/.local/lib/python3.7/site-packages/airflow/example_dags/example_sensors.py for tasks to queue
[2024-06-26T13:11:55.768+0000] {logging_mixin.py:137} INFO - [2024-06-26T13:11:55.768+0000] {dagbag.py:538} INFO - Filling up the DagBag from /home/airflow/.local/lib/python3.7/site-packages/airflow/example_dags/example_sensors.py
[2024-06-26T13:11:55.781+0000] {processor.py:753} INFO - DAG(s) dict_keys(['example_sensors']) retrieved from /home/airflow/.local/lib/python3.7/site-packages/airflow/example_dags/example_sensors.py
[2024-06-26T13:11:55.799+0000] {logging_mixin.py:137} INFO - [2024-06-26T13:11:55.799+0000] {dag.py:2690} INFO - Sync 1 DAGs
[2024-06-26T13:11:55.816+0000] {logging_mixin.py:137} INFO - [2024-06-26T13:11:55.815+0000] {dag.py:3441} INFO - Setting next_dagrun for example_sensors to None, run_after=None
[2024-06-26T13:11:55.828+0000] {processor.py:175} INFO - Processing /home/airflow/.local/lib/python3.7/site-packages/airflow/example_dags/example_sensors.py took 0.064 seconds
[2024-06-26T13:12:26.569+0000] {processor.py:153} INFO - Started process (PID=1601) to work on /home/airflow/.local/lib/python3.7/site-packages/airflow/example_dags/example_sensors.py
[2024-06-26T13:12:26.572+0000] {processor.py:743} INFO - Processing file /home/airflow/.local/lib/python3.7/site-packages/airflow/example_dags/example_sensors.py for tasks to queue
[2024-06-26T13:12:26.572+0000] {logging_mixin.py:137} INFO - [2024-06-26T13:12:26.572+0000] {dagbag.py:538} INFO - Filling up the DagBag from /home/airflow/.local/lib/python3.7/site-packages/airflow/example_dags/example_sensors.py
[2024-06-26T13:12:26.584+0000] {processor.py:753} INFO - DAG(s) dict_keys(['example_sensors']) retrieved from /home/airflow/.local/lib/python3.7/site-packages/airflow/example_dags/example_sensors.py
[2024-06-26T13:12:26.603+0000] {logging_mixin.py:137} INFO - [2024-06-26T13:12:26.603+0000] {dag.py:2690} INFO - Sync 1 DAGs
[2024-06-26T13:12:26.619+0000] {logging_mixin.py:137} INFO - [2024-06-26T13:12:26.619+0000] {dag.py:3441} INFO - Setting next_dagrun for example_sensors to None, run_after=None
[2024-06-26T13:12:26.631+0000] {processor.py:175} INFO - Processing /home/airflow/.local/lib/python3.7/site-packages/airflow/example_dags/example_sensors.py took 0.064 seconds
[2024-06-26T13:12:57.400+0000] {processor.py:153} INFO - Started process (PID=1700) to work on /home/airflow/.local/lib/python3.7/site-packages/airflow/example_dags/example_sensors.py
[2024-06-26T13:12:57.403+0000] {processor.py:743} INFO - Processing file /home/airflow/.local/lib/python3.7/site-packages/airflow/example_dags/example_sensors.py for tasks to queue
[2024-06-26T13:12:57.403+0000] {logging_mixin.py:137} INFO - [2024-06-26T13:12:57.403+0000] {dagbag.py:538} INFO - Filling up the DagBag from /home/airflow/.local/lib/python3.7/site-packages/airflow/example_dags/example_sensors.py
[2024-06-26T13:12:57.416+0000] {processor.py:753} INFO - DAG(s) dict_keys(['example_sensors']) retrieved from /home/airflow/.local/lib/python3.7/site-packages/airflow/example_dags/example_sensors.py
[2024-06-26T13:12:57.434+0000] {logging_mixin.py:137} INFO - [2024-06-26T13:12:57.434+0000] {dag.py:2690} INFO - Sync 1 DAGs
[2024-06-26T13:12:57.452+0000] {logging_mixin.py:137} INFO - [2024-06-26T13:12:57.452+0000] {dag.py:3441} INFO - Setting next_dagrun for example_sensors to None, run_after=None
[2024-06-26T13:12:57.464+0000] {processor.py:175} INFO - Processing /home/airflow/.local/lib/python3.7/site-packages/airflow/example_dags/example_sensors.py took 0.065 seconds
[2024-06-26T13:13:28.311+0000] {processor.py:153} INFO - Started process (PID=1799) to work on /home/airflow/.local/lib/python3.7/site-packages/airflow/example_dags/example_sensors.py
[2024-06-26T13:13:28.314+0000] {processor.py:743} INFO - Processing file /home/airflow/.local/lib/python3.7/site-packages/airflow/example_dags/example_sensors.py for tasks to queue
[2024-06-26T13:13:28.314+0000] {logging_mixin.py:137} INFO - [2024-06-26T13:13:28.314+0000] {dagbag.py:538} INFO - Filling up the DagBag from /home/airflow/.local/lib/python3.7/site-packages/airflow/example_dags/example_sensors.py
[2024-06-26T13:13:28.327+0000] {processor.py:753} INFO - DAG(s) dict_keys(['example_sensors']) retrieved from /home/airflow/.local/lib/python3.7/site-packages/airflow/example_dags/example_sensors.py
[2024-06-26T13:13:28.346+0000] {logging_mixin.py:137} INFO - [2024-06-26T13:13:28.346+0000] {dag.py:2690} INFO - Sync 1 DAGs
[2024-06-26T13:13:28.363+0000] {logging_mixin.py:137} INFO - [2024-06-26T13:13:28.363+0000] {dag.py:3441} INFO - Setting next_dagrun for example_sensors to None, run_after=None
[2024-06-26T13:13:28.375+0000] {processor.py:175} INFO - Processing /home/airflow/.local/lib/python3.7/site-packages/airflow/example_dags/example_sensors.py took 0.066 seconds
[2024-06-26T13:13:59.071+0000] {processor.py:153} INFO - Started process (PID=1878) to work on /home/airflow/.local/lib/python3.7/site-packages/airflow/example_dags/example_sensors.py
[2024-06-26T13:13:59.071+0000] {processor.py:743} INFO - Processing file /home/airflow/.local/lib/python3.7/site-packages/airflow/example_dags/example_sensors.py for tasks to queue
[2024-06-26T13:13:59.071+0000] {logging_mixin.py:137} INFO - [2024-06-26T13:13:59.071+0000] {dagbag.py:538} INFO - Filling up the DagBag from /home/airflow/.local/lib/python3.7/site-packages/airflow/example_dags/example_sensors.py
[2024-06-26T13:13:59.084+0000] {processor.py:753} INFO - DAG(s) dict_keys(['example_sensors']) retrieved from /home/airflow/.local/lib/python3.7/site-packages/airflow/example_dags/example_sensors.py
[2024-06-26T13:13:59.103+0000] {logging_mixin.py:137} INFO - [2024-06-26T13:13:59.102+0000] {dag.py:2690} INFO - Sync 1 DAGs
[2024-06-26T13:13:59.119+0000] {logging_mixin.py:137} INFO - [2024-06-26T13:13:59.119+0000] {dag.py:3441} INFO - Setting next_dagrun for example_sensors to None, run_after=None
[2024-06-26T13:13:59.131+0000] {processor.py:175} INFO - Processing /home/airflow/.local/lib/python3.7/site-packages/airflow/example_dags/example_sensors.py took 0.062 seconds
[2024-06-26T13:14:29.795+0000] {processor.py:153} INFO - Started process (PID=1977) to work on /home/airflow/.local/lib/python3.7/site-packages/airflow/example_dags/example_sensors.py
[2024-06-26T13:14:29.798+0000] {processor.py:743} INFO - Processing file /home/airflow/.local/lib/python3.7/site-packages/airflow/example_dags/example_sensors.py for tasks to queue
[2024-06-26T13:14:29.799+0000] {logging_mixin.py:137} INFO - [2024-06-26T13:14:29.799+0000] {dagbag.py:538} INFO - Filling up the DagBag from /home/airflow/.local/lib/python3.7/site-packages/airflow/example_dags/example_sensors.py
[2024-06-26T13:14:29.812+0000] {processor.py:753} INFO - DAG(s) dict_keys(['example_sensors']) retrieved from /home/airflow/.local/lib/python3.7/site-packages/airflow/example_dags/example_sensors.py
[2024-06-26T13:14:29.830+0000] {logging_mixin.py:137} INFO - [2024-06-26T13:14:29.830+0000] {dag.py:2690} INFO - Sync 1 DAGs
[2024-06-26T13:14:29.847+0000] {logging_mixin.py:137} INFO - [2024-06-26T13:14:29.847+0000] {dag.py:3441} INFO - Setting next_dagrun for example_sensors to None, run_after=None
[2024-06-26T13:14:29.859+0000] {processor.py:175} INFO - Processing /home/airflow/.local/lib/python3.7/site-packages/airflow/example_dags/example_sensors.py took 0.066 seconds
[2024-06-26T13:15:00.563+0000] {processor.py:153} INFO - Started process (PID=2065) to work on /home/airflow/.local/lib/python3.7/site-packages/airflow/example_dags/example_sensors.py
[2024-06-26T13:15:00.565+0000] {processor.py:743} INFO - Processing file /home/airflow/.local/lib/python3.7/site-packages/airflow/example_dags/example_sensors.py for tasks to queue
[2024-06-26T13:15:00.565+0000] {logging_mixin.py:137} INFO - [2024-06-26T13:15:00.565+0000] {dagbag.py:538} INFO - Filling up the DagBag from /home/airflow/.local/lib/python3.7/site-packages/airflow/example_dags/example_sensors.py
[2024-06-26T13:15:00.591+0000] {processor.py:753} INFO - DAG(s) dict_keys(['example_sensors']) retrieved from /home/airflow/.local/lib/python3.7/site-packages/airflow/example_dags/example_sensors.py
[2024-06-26T13:15:00.650+0000] {logging_mixin.py:137} INFO - [2024-06-26T13:15:00.650+0000] {dag.py:2690} INFO - Sync 1 DAGs
[2024-06-26T13:15:00.678+0000] {logging_mixin.py:137} INFO - [2024-06-26T13:15:00.678+0000] {dag.py:3441} INFO - Setting next_dagrun for example_sensors to None, run_after=None
[2024-06-26T13:15:00.714+0000] {processor.py:175} INFO - Processing /home/airflow/.local/lib/python3.7/site-packages/airflow/example_dags/example_sensors.py took 0.154 seconds
[2024-06-26T13:15:31.595+0000] {processor.py:153} INFO - Started process (PID=2155) to work on /home/airflow/.local/lib/python3.7/site-packages/airflow/example_dags/example_sensors.py
[2024-06-26T13:15:31.598+0000] {processor.py:743} INFO - Processing file /home/airflow/.local/lib/python3.7/site-packages/airflow/example_dags/example_sensors.py for tasks to queue
[2024-06-26T13:15:31.598+0000] {logging_mixin.py:137} INFO - [2024-06-26T13:15:31.598+0000] {dagbag.py:538} INFO - Filling up the DagBag from /home/airflow/.local/lib/python3.7/site-packages/airflow/example_dags/example_sensors.py
[2024-06-26T13:15:31.611+0000] {processor.py:753} INFO - DAG(s) dict_keys(['example_sensors']) retrieved from /home/airflow/.local/lib/python3.7/site-packages/airflow/example_dags/example_sensors.py
[2024-06-26T13:15:31.629+0000] {logging_mixin.py:137} INFO - [2024-06-26T13:15:31.629+0000] {dag.py:2690} INFO - Sync 1 DAGs
[2024-06-26T13:15:31.647+0000] {logging_mixin.py:137} INFO - [2024-06-26T13:15:31.647+0000] {dag.py:3441} INFO - Setting next_dagrun for example_sensors to None, run_after=None
[2024-06-26T13:15:31.659+0000] {processor.py:175} INFO - Processing /home/airflow/.local/lib/python3.7/site-packages/airflow/example_dags/example_sensors.py took 0.065 seconds
[2024-06-26T13:16:02.385+0000] {processor.py:153} INFO - Started process (PID=2254) to work on /home/airflow/.local/lib/python3.7/site-packages/airflow/example_dags/example_sensors.py
[2024-06-26T13:16:02.387+0000] {processor.py:743} INFO - Processing file /home/airflow/.local/lib/python3.7/site-packages/airflow/example_dags/example_sensors.py for tasks to queue
[2024-06-26T13:16:02.388+0000] {logging_mixin.py:137} INFO - [2024-06-26T13:16:02.388+0000] {dagbag.py:538} INFO - Filling up the DagBag from /home/airflow/.local/lib/python3.7/site-packages/airflow/example_dags/example_sensors.py
[2024-06-26T13:16:02.400+0000] {processor.py:753} INFO - DAG(s) dict_keys(['example_sensors']) retrieved from /home/airflow/.local/lib/python3.7/site-packages/airflow/example_dags/example_sensors.py
[2024-06-26T13:16:02.419+0000] {logging_mixin.py:137} INFO - [2024-06-26T13:16:02.418+0000] {dag.py:2690} INFO - Sync 1 DAGs
[2024-06-26T13:16:02.435+0000] {logging_mixin.py:137} INFO - [2024-06-26T13:16:02.435+0000] {dag.py:3441} INFO - Setting next_dagrun for example_sensors to None, run_after=None
[2024-06-26T13:16:02.448+0000] {processor.py:175} INFO - Processing /home/airflow/.local/lib/python3.7/site-packages/airflow/example_dags/example_sensors.py took 0.065 seconds
[2024-06-26T13:16:33.203+0000] {processor.py:153} INFO - Started process (PID=2333) to work on /home/airflow/.local/lib/python3.7/site-packages/airflow/example_dags/example_sensors.py
[2024-06-26T13:16:33.206+0000] {processor.py:743} INFO - Processing file /home/airflow/.local/lib/python3.7/site-packages/airflow/example_dags/example_sensors.py for tasks to queue
[2024-06-26T13:16:33.206+0000] {logging_mixin.py:137} INFO - [2024-06-26T13:16:33.206+0000] {dagbag.py:538} INFO - Filling up the DagBag from /home/airflow/.local/lib/python3.7/site-packages/airflow/example_dags/example_sensors.py
[2024-06-26T13:16:33.218+0000] {processor.py:753} INFO - DAG(s) dict_keys(['example_sensors']) retrieved from /home/airflow/.local/lib/python3.7/site-packages/airflow/example_dags/example_sensors.py
[2024-06-26T13:16:33.237+0000] {logging_mixin.py:137} INFO - [2024-06-26T13:16:33.237+0000] {dag.py:2690} INFO - Sync 1 DAGs
[2024-06-26T13:16:33.254+0000] {logging_mixin.py:137} INFO - [2024-06-26T13:16:33.254+0000] {dag.py:3441} INFO - Setting next_dagrun for example_sensors to None, run_after=None
[2024-06-26T13:16:33.267+0000] {processor.py:175} INFO - Processing /home/airflow/.local/lib/python3.7/site-packages/airflow/example_dags/example_sensors.py took 0.066 seconds
[2024-06-26T13:17:03.972+0000] {processor.py:153} INFO - Started process (PID=2432) to work on /home/airflow/.local/lib/python3.7/site-packages/airflow/example_dags/example_sensors.py
[2024-06-26T13:17:03.975+0000] {processor.py:743} INFO - Processing file /home/airflow/.local/lib/python3.7/site-packages/airflow/example_dags/example_sensors.py for tasks to queue
[2024-06-26T13:17:03.975+0000] {logging_mixin.py:137} INFO - [2024-06-26T13:17:03.975+0000] {dagbag.py:538} INFO - Filling up the DagBag from /home/airflow/.local/lib/python3.7/site-packages/airflow/example_dags/example_sensors.py
[2024-06-26T13:17:03.988+0000] {processor.py:753} INFO - DAG(s) dict_keys(['example_sensors']) retrieved from /home/airflow/.local/lib/python3.7/site-packages/airflow/example_dags/example_sensors.py
[2024-06-26T13:17:04.005+0000] {logging_mixin.py:137} INFO - [2024-06-26T13:17:04.005+0000] {dag.py:2690} INFO - Sync 1 DAGs
[2024-06-26T13:17:04.024+0000] {logging_mixin.py:137} INFO - [2024-06-26T13:17:04.024+0000] {dag.py:3441} INFO - Setting next_dagrun for example_sensors to None, run_after=None
[2024-06-26T13:17:04.038+0000] {processor.py:175} INFO - Processing /home/airflow/.local/lib/python3.7/site-packages/airflow/example_dags/example_sensors.py took 0.067 seconds
[2024-06-26T13:17:34.052+0000] {processor.py:153} INFO - Started process (PID=2530) to work on /home/airflow/.local/lib/python3.7/site-packages/airflow/example_dags/example_sensors.py
[2024-06-26T13:17:34.052+0000] {processor.py:743} INFO - Processing file /home/airflow/.local/lib/python3.7/site-packages/airflow/example_dags/example_sensors.py for tasks to queue
[2024-06-26T13:17:34.052+0000] {logging_mixin.py:137} INFO - [2024-06-26T13:17:34.052+0000] {dagbag.py:538} INFO - Filling up the DagBag from /home/airflow/.local/lib/python3.7/site-packages/airflow/example_dags/example_sensors.py
[2024-06-26T13:17:34.066+0000] {processor.py:753} INFO - DAG(s) dict_keys(['example_sensors']) retrieved from /home/airflow/.local/lib/python3.7/site-packages/airflow/example_dags/example_sensors.py
[2024-06-26T13:17:34.086+0000] {logging_mixin.py:137} INFO - [2024-06-26T13:17:34.085+0000] {dag.py:2690} INFO - Sync 1 DAGs
[2024-06-26T13:17:34.113+0000] {logging_mixin.py:137} INFO - [2024-06-26T13:17:34.113+0000] {dag.py:3441} INFO - Setting next_dagrun for example_sensors to None, run_after=None
[2024-06-26T13:17:34.127+0000] {processor.py:175} INFO - Processing /home/airflow/.local/lib/python3.7/site-packages/airflow/example_dags/example_sensors.py took 0.077 seconds
[2024-06-26T13:18:04.910+0000] {processor.py:153} INFO - Started process (PID=2609) to work on /home/airflow/.local/lib/python3.7/site-packages/airflow/example_dags/example_sensors.py
[2024-06-26T13:18:04.910+0000] {processor.py:743} INFO - Processing file /home/airflow/.local/lib/python3.7/site-packages/airflow/example_dags/example_sensors.py for tasks to queue
[2024-06-26T13:18:04.911+0000] {logging_mixin.py:137} INFO - [2024-06-26T13:18:04.910+0000] {dagbag.py:538} INFO - Filling up the DagBag from /home/airflow/.local/lib/python3.7/site-packages/airflow/example_dags/example_sensors.py
[2024-06-26T13:18:04.923+0000] {processor.py:753} INFO - DAG(s) dict_keys(['example_sensors']) retrieved from /home/airflow/.local/lib/python3.7/site-packages/airflow/example_dags/example_sensors.py
[2024-06-26T13:18:04.941+0000] {logging_mixin.py:137} INFO - [2024-06-26T13:18:04.941+0000] {dag.py:2690} INFO - Sync 1 DAGs
[2024-06-26T13:18:04.958+0000] {logging_mixin.py:137} INFO - [2024-06-26T13:18:04.958+0000] {dag.py:3441} INFO - Setting next_dagrun for example_sensors to None, run_after=None
[2024-06-26T13:18:04.969+0000] {processor.py:175} INFO - Processing /home/airflow/.local/lib/python3.7/site-packages/airflow/example_dags/example_sensors.py took 0.062 seconds
[2024-06-26T13:18:35.708+0000] {processor.py:153} INFO - Started process (PID=2708) to work on /home/airflow/.local/lib/python3.7/site-packages/airflow/example_dags/example_sensors.py
[2024-06-26T13:18:35.709+0000] {processor.py:743} INFO - Processing file /home/airflow/.local/lib/python3.7/site-packages/airflow/example_dags/example_sensors.py for tasks to queue
[2024-06-26T13:18:35.709+0000] {logging_mixin.py:137} INFO - [2024-06-26T13:18:35.709+0000] {dagbag.py:538} INFO - Filling up the DagBag from /home/airflow/.local/lib/python3.7/site-packages/airflow/example_dags/example_sensors.py
[2024-06-26T13:18:35.722+0000] {processor.py:753} INFO - DAG(s) dict_keys(['example_sensors']) retrieved from /home/airflow/.local/lib/python3.7/site-packages/airflow/example_dags/example_sensors.py
[2024-06-26T13:18:35.739+0000] {logging_mixin.py:137} INFO - [2024-06-26T13:18:35.739+0000] {dag.py:2690} INFO - Sync 1 DAGs
[2024-06-26T13:18:35.756+0000] {logging_mixin.py:137} INFO - [2024-06-26T13:18:35.756+0000] {dag.py:3441} INFO - Setting next_dagrun for example_sensors to None, run_after=None
[2024-06-26T13:18:35.768+0000] {processor.py:175} INFO - Processing /home/airflow/.local/lib/python3.7/site-packages/airflow/example_dags/example_sensors.py took 0.062 seconds
[2024-06-26T13:19:06.576+0000] {processor.py:153} INFO - Started process (PID=2794) to work on /home/airflow/.local/lib/python3.7/site-packages/airflow/example_dags/example_sensors.py
[2024-06-26T13:19:06.577+0000] {processor.py:743} INFO - Processing file /home/airflow/.local/lib/python3.7/site-packages/airflow/example_dags/example_sensors.py for tasks to queue
[2024-06-26T13:19:06.577+0000] {logging_mixin.py:137} INFO - [2024-06-26T13:19:06.577+0000] {dagbag.py:538} INFO - Filling up the DagBag from /home/airflow/.local/lib/python3.7/site-packages/airflow/example_dags/example_sensors.py
[2024-06-26T13:19:06.591+0000] {processor.py:753} INFO - DAG(s) dict_keys(['example_sensors']) retrieved from /home/airflow/.local/lib/python3.7/site-packages/airflow/example_dags/example_sensors.py
[2024-06-26T13:19:06.610+0000] {logging_mixin.py:137} INFO - [2024-06-26T13:19:06.610+0000] {dag.py:2690} INFO - Sync 1 DAGs
[2024-06-26T13:19:06.628+0000] {logging_mixin.py:137} INFO - [2024-06-26T13:19:06.628+0000] {dag.py:3441} INFO - Setting next_dagrun for example_sensors to None, run_after=None
[2024-06-26T13:19:06.642+0000] {processor.py:175} INFO - Processing /home/airflow/.local/lib/python3.7/site-packages/airflow/example_dags/example_sensors.py took 0.067 seconds
[2024-06-26T13:19:37.354+0000] {processor.py:153} INFO - Started process (PID=2886) to work on /home/airflow/.local/lib/python3.7/site-packages/airflow/example_dags/example_sensors.py
[2024-06-26T13:19:37.355+0000] {processor.py:743} INFO - Processing file /home/airflow/.local/lib/python3.7/site-packages/airflow/example_dags/example_sensors.py for tasks to queue
[2024-06-26T13:19:37.355+0000] {logging_mixin.py:137} INFO - [2024-06-26T13:19:37.355+0000] {dagbag.py:538} INFO - Filling up the DagBag from /home/airflow/.local/lib/python3.7/site-packages/airflow/example_dags/example_sensors.py
[2024-06-26T13:19:37.368+0000] {processor.py:753} INFO - DAG(s) dict_keys(['example_sensors']) retrieved from /home/airflow/.local/lib/python3.7/site-packages/airflow/example_dags/example_sensors.py
[2024-06-26T13:19:37.386+0000] {logging_mixin.py:137} INFO - [2024-06-26T13:19:37.386+0000] {dag.py:2690} INFO - Sync 1 DAGs
[2024-06-26T13:19:37.403+0000] {logging_mixin.py:137} INFO - [2024-06-26T13:19:37.403+0000] {dag.py:3441} INFO - Setting next_dagrun for example_sensors to None, run_after=None
[2024-06-26T13:19:37.415+0000] {processor.py:175} INFO - Processing /home/airflow/.local/lib/python3.7/site-packages/airflow/example_dags/example_sensors.py took 0.063 seconds
[2024-06-26T13:20:08.240+0000] {processor.py:153} INFO - Started process (PID=2986) to work on /home/airflow/.local/lib/python3.7/site-packages/airflow/example_dags/example_sensors.py
[2024-06-26T13:20:08.241+0000] {processor.py:743} INFO - Processing file /home/airflow/.local/lib/python3.7/site-packages/airflow/example_dags/example_sensors.py for tasks to queue
[2024-06-26T13:20:08.241+0000] {logging_mixin.py:137} INFO - [2024-06-26T13:20:08.241+0000] {dagbag.py:538} INFO - Filling up the DagBag from /home/airflow/.local/lib/python3.7/site-packages/airflow/example_dags/example_sensors.py
[2024-06-26T13:20:08.255+0000] {processor.py:753} INFO - DAG(s) dict_keys(['example_sensors']) retrieved from /home/airflow/.local/lib/python3.7/site-packages/airflow/example_dags/example_sensors.py
[2024-06-26T13:20:08.277+0000] {logging_mixin.py:137} INFO - [2024-06-26T13:20:08.277+0000] {dag.py:2690} INFO - Sync 1 DAGs
[2024-06-26T13:20:08.296+0000] {logging_mixin.py:137} INFO - [2024-06-26T13:20:08.296+0000] {dag.py:3441} INFO - Setting next_dagrun for example_sensors to None, run_after=None
[2024-06-26T13:20:08.312+0000] {processor.py:175} INFO - Processing /home/airflow/.local/lib/python3.7/site-packages/airflow/example_dags/example_sensors.py took 0.074 seconds
[2024-06-26T13:20:39.027+0000] {processor.py:153} INFO - Started process (PID=3065) to work on /home/airflow/.local/lib/python3.7/site-packages/airflow/example_dags/example_sensors.py
[2024-06-26T13:20:39.027+0000] {processor.py:743} INFO - Processing file /home/airflow/.local/lib/python3.7/site-packages/airflow/example_dags/example_sensors.py for tasks to queue
[2024-06-26T13:20:39.028+0000] {logging_mixin.py:137} INFO - [2024-06-26T13:20:39.028+0000] {dagbag.py:538} INFO - Filling up the DagBag from /home/airflow/.local/lib/python3.7/site-packages/airflow/example_dags/example_sensors.py
[2024-06-26T13:20:39.041+0000] {processor.py:753} INFO - DAG(s) dict_keys(['example_sensors']) retrieved from /home/airflow/.local/lib/python3.7/site-packages/airflow/example_dags/example_sensors.py
[2024-06-26T13:20:39.059+0000] {logging_mixin.py:137} INFO - [2024-06-26T13:20:39.059+0000] {dag.py:2690} INFO - Sync 1 DAGs
[2024-06-26T13:20:39.077+0000] {logging_mixin.py:137} INFO - [2024-06-26T13:20:39.077+0000] {dag.py:3441} INFO - Setting next_dagrun for example_sensors to None, run_after=None
[2024-06-26T13:20:39.090+0000] {processor.py:175} INFO - Processing /home/airflow/.local/lib/python3.7/site-packages/airflow/example_dags/example_sensors.py took 0.065 seconds
[2024-06-26T13:21:09.809+0000] {processor.py:153} INFO - Started process (PID=3164) to work on /home/airflow/.local/lib/python3.7/site-packages/airflow/example_dags/example_sensors.py
[2024-06-26T13:21:09.810+0000] {processor.py:743} INFO - Processing file /home/airflow/.local/lib/python3.7/site-packages/airflow/example_dags/example_sensors.py for tasks to queue
[2024-06-26T13:21:09.810+0000] {logging_mixin.py:137} INFO - [2024-06-26T13:21:09.810+0000] {dagbag.py:538} INFO - Filling up the DagBag from /home/airflow/.local/lib/python3.7/site-packages/airflow/example_dags/example_sensors.py
[2024-06-26T13:21:09.824+0000] {processor.py:753} INFO - DAG(s) dict_keys(['example_sensors']) retrieved from /home/airflow/.local/lib/python3.7/site-packages/airflow/example_dags/example_sensors.py
[2024-06-26T13:21:09.843+0000] {logging_mixin.py:137} INFO - [2024-06-26T13:21:09.843+0000] {dag.py:2690} INFO - Sync 1 DAGs
[2024-06-26T13:21:09.863+0000] {logging_mixin.py:137} INFO - [2024-06-26T13:21:09.863+0000] {dag.py:3441} INFO - Setting next_dagrun for example_sensors to None, run_after=None
[2024-06-26T13:21:09.875+0000] {processor.py:175} INFO - Processing /home/airflow/.local/lib/python3.7/site-packages/airflow/example_dags/example_sensors.py took 0.068 seconds
[2024-06-26T13:21:40.760+0000] {processor.py:153} INFO - Started process (PID=3263) to work on /home/airflow/.local/lib/python3.7/site-packages/airflow/example_dags/example_sensors.py
[2024-06-26T13:21:40.761+0000] {processor.py:743} INFO - Processing file /home/airflow/.local/lib/python3.7/site-packages/airflow/example_dags/example_sensors.py for tasks to queue
[2024-06-26T13:21:40.761+0000] {logging_mixin.py:137} INFO - [2024-06-26T13:21:40.761+0000] {dagbag.py:538} INFO - Filling up the DagBag from /home/airflow/.local/lib/python3.7/site-packages/airflow/example_dags/example_sensors.py
[2024-06-26T13:21:40.775+0000] {processor.py:753} INFO - DAG(s) dict_keys(['example_sensors']) retrieved from /home/airflow/.local/lib/python3.7/site-packages/airflow/example_dags/example_sensors.py
[2024-06-26T13:21:40.794+0000] {logging_mixin.py:137} INFO - [2024-06-26T13:21:40.794+0000] {dag.py:2690} INFO - Sync 1 DAGs
[2024-06-26T13:21:40.813+0000] {logging_mixin.py:137} INFO - [2024-06-26T13:21:40.813+0000] {dag.py:3441} INFO - Setting next_dagrun for example_sensors to None, run_after=None
[2024-06-26T13:21:40.827+0000] {processor.py:175} INFO - Processing /home/airflow/.local/lib/python3.7/site-packages/airflow/example_dags/example_sensors.py took 0.069 seconds
[2024-06-26T13:22:11.691+0000] {processor.py:153} INFO - Started process (PID=3342) to work on /home/airflow/.local/lib/python3.7/site-packages/airflow/example_dags/example_sensors.py
[2024-06-26T13:22:11.692+0000] {processor.py:743} INFO - Processing file /home/airflow/.local/lib/python3.7/site-packages/airflow/example_dags/example_sensors.py for tasks to queue
[2024-06-26T13:22:11.692+0000] {logging_mixin.py:137} INFO - [2024-06-26T13:22:11.692+0000] {dagbag.py:538} INFO - Filling up the DagBag from /home/airflow/.local/lib/python3.7/site-packages/airflow/example_dags/example_sensors.py
[2024-06-26T13:22:11.706+0000] {processor.py:753} INFO - DAG(s) dict_keys(['example_sensors']) retrieved from /home/airflow/.local/lib/python3.7/site-packages/airflow/example_dags/example_sensors.py
[2024-06-26T13:22:11.724+0000] {logging_mixin.py:137} INFO - [2024-06-26T13:22:11.724+0000] {dag.py:2690} INFO - Sync 1 DAGs
[2024-06-26T13:22:11.741+0000] {logging_mixin.py:137} INFO - [2024-06-26T13:22:11.741+0000] {dag.py:3441} INFO - Setting next_dagrun for example_sensors to None, run_after=None
[2024-06-26T13:22:11.755+0000] {processor.py:175} INFO - Processing /home/airflow/.local/lib/python3.7/site-packages/airflow/example_dags/example_sensors.py took 0.065 seconds
[2024-06-26T13:22:42.507+0000] {processor.py:153} INFO - Started process (PID=3441) to work on /home/airflow/.local/lib/python3.7/site-packages/airflow/example_dags/example_sensors.py
[2024-06-26T13:22:42.508+0000] {processor.py:743} INFO - Processing file /home/airflow/.local/lib/python3.7/site-packages/airflow/example_dags/example_sensors.py for tasks to queue
[2024-06-26T13:22:42.508+0000] {logging_mixin.py:137} INFO - [2024-06-26T13:22:42.508+0000] {dagbag.py:538} INFO - Filling up the DagBag from /home/airflow/.local/lib/python3.7/site-packages/airflow/example_dags/example_sensors.py
[2024-06-26T13:22:42.521+0000] {processor.py:753} INFO - DAG(s) dict_keys(['example_sensors']) retrieved from /home/airflow/.local/lib/python3.7/site-packages/airflow/example_dags/example_sensors.py
[2024-06-26T13:22:42.540+0000] {logging_mixin.py:137} INFO - [2024-06-26T13:22:42.540+0000] {dag.py:2690} INFO - Sync 1 DAGs
[2024-06-26T13:22:42.557+0000] {logging_mixin.py:137} INFO - [2024-06-26T13:22:42.557+0000] {dag.py:3441} INFO - Setting next_dagrun for example_sensors to None, run_after=None
[2024-06-26T13:22:42.570+0000] {processor.py:175} INFO - Processing /home/airflow/.local/lib/python3.7/site-packages/airflow/example_dags/example_sensors.py took 0.064 seconds
[2024-06-26T13:23:13.322+0000] {processor.py:153} INFO - Started process (PID=3520) to work on /home/airflow/.local/lib/python3.7/site-packages/airflow/example_dags/example_sensors.py
[2024-06-26T13:23:13.322+0000] {processor.py:743} INFO - Processing file /home/airflow/.local/lib/python3.7/site-packages/airflow/example_dags/example_sensors.py for tasks to queue
[2024-06-26T13:23:13.323+0000] {logging_mixin.py:137} INFO - [2024-06-26T13:23:13.323+0000] {dagbag.py:538} INFO - Filling up the DagBag from /home/airflow/.local/lib/python3.7/site-packages/airflow/example_dags/example_sensors.py
[2024-06-26T13:23:13.336+0000] {processor.py:753} INFO - DAG(s) dict_keys(['example_sensors']) retrieved from /home/airflow/.local/lib/python3.7/site-packages/airflow/example_dags/example_sensors.py
[2024-06-26T13:23:13.355+0000] {logging_mixin.py:137} INFO - [2024-06-26T13:23:13.355+0000] {dag.py:2690} INFO - Sync 1 DAGs
[2024-06-26T13:23:13.382+0000] {logging_mixin.py:137} INFO - [2024-06-26T13:23:13.382+0000] {dag.py:3441} INFO - Setting next_dagrun for example_sensors to None, run_after=None
[2024-06-26T13:23:13.394+0000] {processor.py:175} INFO - Processing /home/airflow/.local/lib/python3.7/site-packages/airflow/example_dags/example_sensors.py took 0.075 seconds
[2024-06-26T13:23:44.243+0000] {processor.py:153} INFO - Started process (PID=3619) to work on /home/airflow/.local/lib/python3.7/site-packages/airflow/example_dags/example_sensors.py
[2024-06-26T13:23:44.243+0000] {processor.py:743} INFO - Processing file /home/airflow/.local/lib/python3.7/site-packages/airflow/example_dags/example_sensors.py for tasks to queue
[2024-06-26T13:23:44.244+0000] {logging_mixin.py:137} INFO - [2024-06-26T13:23:44.243+0000] {dagbag.py:538} INFO - Filling up the DagBag from /home/airflow/.local/lib/python3.7/site-packages/airflow/example_dags/example_sensors.py
[2024-06-26T13:23:44.257+0000] {processor.py:753} INFO - DAG(s) dict_keys(['example_sensors']) retrieved from /home/airflow/.local/lib/python3.7/site-packages/airflow/example_dags/example_sensors.py
[2024-06-26T13:23:44.275+0000] {logging_mixin.py:137} INFO - [2024-06-26T13:23:44.275+0000] {dag.py:2690} INFO - Sync 1 DAGs
[2024-06-26T13:23:44.292+0000] {logging_mixin.py:137} INFO - [2024-06-26T13:23:44.292+0000] {dag.py:3441} INFO - Setting next_dagrun for example_sensors to None, run_after=None
[2024-06-26T13:23:44.304+0000] {processor.py:175} INFO - Processing /home/airflow/.local/lib/python3.7/site-packages/airflow/example_dags/example_sensors.py took 0.064 seconds
[2024-06-26T13:24:15.113+0000] {processor.py:153} INFO - Started process (PID=3718) to work on /home/airflow/.local/lib/python3.7/site-packages/airflow/example_dags/example_sensors.py
[2024-06-26T13:24:15.114+0000] {processor.py:743} INFO - Processing file /home/airflow/.local/lib/python3.7/site-packages/airflow/example_dags/example_sensors.py for tasks to queue
[2024-06-26T13:24:15.114+0000] {logging_mixin.py:137} INFO - [2024-06-26T13:24:15.114+0000] {dagbag.py:538} INFO - Filling up the DagBag from /home/airflow/.local/lib/python3.7/site-packages/airflow/example_dags/example_sensors.py
[2024-06-26T13:24:15.127+0000] {processor.py:753} INFO - DAG(s) dict_keys(['example_sensors']) retrieved from /home/airflow/.local/lib/python3.7/site-packages/airflow/example_dags/example_sensors.py
[2024-06-26T13:24:15.145+0000] {logging_mixin.py:137} INFO - [2024-06-26T13:24:15.145+0000] {dag.py:2690} INFO - Sync 1 DAGs
[2024-06-26T13:24:15.164+0000] {logging_mixin.py:137} INFO - [2024-06-26T13:24:15.164+0000] {dag.py:3441} INFO - Setting next_dagrun for example_sensors to None, run_after=None
[2024-06-26T13:24:15.177+0000] {processor.py:175} INFO - Processing /home/airflow/.local/lib/python3.7/site-packages/airflow/example_dags/example_sensors.py took 0.066 seconds
[2024-06-26T13:24:45.869+0000] {processor.py:153} INFO - Started process (PID=3797) to work on /home/airflow/.local/lib/python3.7/site-packages/airflow/example_dags/example_sensors.py
[2024-06-26T13:24:45.869+0000] {processor.py:743} INFO - Processing file /home/airflow/.local/lib/python3.7/site-packages/airflow/example_dags/example_sensors.py for tasks to queue
[2024-06-26T13:24:45.870+0000] {logging_mixin.py:137} INFO - [2024-06-26T13:24:45.870+0000] {dagbag.py:538} INFO - Filling up the DagBag from /home/airflow/.local/lib/python3.7/site-packages/airflow/example_dags/example_sensors.py
[2024-06-26T13:24:45.883+0000] {processor.py:753} INFO - DAG(s) dict_keys(['example_sensors']) retrieved from /home/airflow/.local/lib/python3.7/site-packages/airflow/example_dags/example_sensors.py
[2024-06-26T13:24:45.900+0000] {logging_mixin.py:137} INFO - [2024-06-26T13:24:45.900+0000] {dag.py:2690} INFO - Sync 1 DAGs
[2024-06-26T13:24:45.919+0000] {logging_mixin.py:137} INFO - [2024-06-26T13:24:45.919+0000] {dag.py:3441} INFO - Setting next_dagrun for example_sensors to None, run_after=None
[2024-06-26T13:24:45.932+0000] {processor.py:175} INFO - Processing /home/airflow/.local/lib/python3.7/site-packages/airflow/example_dags/example_sensors.py took 0.065 seconds
[2024-06-26T13:25:16.647+0000] {processor.py:153} INFO - Started process (PID=3896) to work on /home/airflow/.local/lib/python3.7/site-packages/airflow/example_dags/example_sensors.py
[2024-06-26T13:25:16.647+0000] {processor.py:743} INFO - Processing file /home/airflow/.local/lib/python3.7/site-packages/airflow/example_dags/example_sensors.py for tasks to queue
[2024-06-26T13:25:16.647+0000] {logging_mixin.py:137} INFO - [2024-06-26T13:25:16.647+0000] {dagbag.py:538} INFO - Filling up the DagBag from /home/airflow/.local/lib/python3.7/site-packages/airflow/example_dags/example_sensors.py
[2024-06-26T13:25:16.660+0000] {processor.py:753} INFO - DAG(s) dict_keys(['example_sensors']) retrieved from /home/airflow/.local/lib/python3.7/site-packages/airflow/example_dags/example_sensors.py
[2024-06-26T13:25:16.678+0000] {logging_mixin.py:137} INFO - [2024-06-26T13:25:16.678+0000] {dag.py:2690} INFO - Sync 1 DAGs
[2024-06-26T13:25:16.695+0000] {logging_mixin.py:137} INFO - [2024-06-26T13:25:16.695+0000] {dag.py:3441} INFO - Setting next_dagrun for example_sensors to None, run_after=None
[2024-06-26T13:25:16.709+0000] {processor.py:175} INFO - Processing /home/airflow/.local/lib/python3.7/site-packages/airflow/example_dags/example_sensors.py took 0.064 seconds
[2024-06-26T13:25:47.351+0000] {processor.py:153} INFO - Started process (PID=3984) to work on /home/airflow/.local/lib/python3.7/site-packages/airflow/example_dags/example_sensors.py
[2024-06-26T13:25:47.351+0000] {processor.py:743} INFO - Processing file /home/airflow/.local/lib/python3.7/site-packages/airflow/example_dags/example_sensors.py for tasks to queue
[2024-06-26T13:25:47.352+0000] {logging_mixin.py:137} INFO - [2024-06-26T13:25:47.352+0000] {dagbag.py:538} INFO - Filling up the DagBag from /home/airflow/.local/lib/python3.7/site-packages/airflow/example_dags/example_sensors.py
[2024-06-26T13:25:47.365+0000] {processor.py:753} INFO - DAG(s) dict_keys(['example_sensors']) retrieved from /home/airflow/.local/lib/python3.7/site-packages/airflow/example_dags/example_sensors.py
[2024-06-26T13:25:47.388+0000] {logging_mixin.py:137} INFO - [2024-06-26T13:25:47.388+0000] {dag.py:2690} INFO - Sync 1 DAGs
[2024-06-26T13:25:47.468+0000] {logging_mixin.py:137} INFO - [2024-06-26T13:25:47.468+0000] {dag.py:3441} INFO - Setting next_dagrun for example_sensors to None, run_after=None
[2024-06-26T13:25:47.507+0000] {processor.py:175} INFO - Processing /home/airflow/.local/lib/python3.7/site-packages/airflow/example_dags/example_sensors.py took 0.158 seconds
[2024-06-26T13:26:18.426+0000] {processor.py:153} INFO - Started process (PID=4074) to work on /home/airflow/.local/lib/python3.7/site-packages/airflow/example_dags/example_sensors.py
[2024-06-26T13:26:18.427+0000] {processor.py:743} INFO - Processing file /home/airflow/.local/lib/python3.7/site-packages/airflow/example_dags/example_sensors.py for tasks to queue
[2024-06-26T13:26:18.427+0000] {logging_mixin.py:137} INFO - [2024-06-26T13:26:18.427+0000] {dagbag.py:538} INFO - Filling up the DagBag from /home/airflow/.local/lib/python3.7/site-packages/airflow/example_dags/example_sensors.py
[2024-06-26T13:26:18.442+0000] {processor.py:753} INFO - DAG(s) dict_keys(['example_sensors']) retrieved from /home/airflow/.local/lib/python3.7/site-packages/airflow/example_dags/example_sensors.py
[2024-06-26T13:26:18.464+0000] {logging_mixin.py:137} INFO - [2024-06-26T13:26:18.464+0000] {dag.py:2690} INFO - Sync 1 DAGs
[2024-06-26T13:26:18.485+0000] {logging_mixin.py:137} INFO - [2024-06-26T13:26:18.485+0000] {dag.py:3441} INFO - Setting next_dagrun for example_sensors to None, run_after=None
[2024-06-26T13:26:18.499+0000] {processor.py:175} INFO - Processing /home/airflow/.local/lib/python3.7/site-packages/airflow/example_dags/example_sensors.py took 0.074 seconds
[2024-06-26T13:26:49.402+0000] {processor.py:153} INFO - Started process (PID=4173) to work on /home/airflow/.local/lib/python3.7/site-packages/airflow/example_dags/example_sensors.py
[2024-06-26T13:26:49.403+0000] {processor.py:743} INFO - Processing file /home/airflow/.local/lib/python3.7/site-packages/airflow/example_dags/example_sensors.py for tasks to queue
[2024-06-26T13:26:49.403+0000] {logging_mixin.py:137} INFO - [2024-06-26T13:26:49.403+0000] {dagbag.py:538} INFO - Filling up the DagBag from /home/airflow/.local/lib/python3.7/site-packages/airflow/example_dags/example_sensors.py
[2024-06-26T13:26:49.418+0000] {processor.py:753} INFO - DAG(s) dict_keys(['example_sensors']) retrieved from /home/airflow/.local/lib/python3.7/site-packages/airflow/example_dags/example_sensors.py
[2024-06-26T13:26:49.441+0000] {logging_mixin.py:137} INFO - [2024-06-26T13:26:49.441+0000] {dag.py:2690} INFO - Sync 1 DAGs
[2024-06-26T13:26:49.465+0000] {logging_mixin.py:137} INFO - [2024-06-26T13:26:49.465+0000] {dag.py:3441} INFO - Setting next_dagrun for example_sensors to None, run_after=None
[2024-06-26T13:26:49.484+0000] {processor.py:175} INFO - Processing /home/airflow/.local/lib/python3.7/site-packages/airflow/example_dags/example_sensors.py took 0.083 seconds
[2024-06-26T13:27:19.570+0000] {processor.py:153} INFO - Started process (PID=4252) to work on /home/airflow/.local/lib/python3.7/site-packages/airflow/example_dags/example_sensors.py
[2024-06-26T13:27:19.571+0000] {processor.py:743} INFO - Processing file /home/airflow/.local/lib/python3.7/site-packages/airflow/example_dags/example_sensors.py for tasks to queue
[2024-06-26T13:27:19.571+0000] {logging_mixin.py:137} INFO - [2024-06-26T13:27:19.571+0000] {dagbag.py:538} INFO - Filling up the DagBag from /home/airflow/.local/lib/python3.7/site-packages/airflow/example_dags/example_sensors.py
[2024-06-26T13:27:19.587+0000] {processor.py:753} INFO - DAG(s) dict_keys(['example_sensors']) retrieved from /home/airflow/.local/lib/python3.7/site-packages/airflow/example_dags/example_sensors.py
[2024-06-26T13:27:19.608+0000] {logging_mixin.py:137} INFO - [2024-06-26T13:27:19.608+0000] {dag.py:2690} INFO - Sync 1 DAGs
[2024-06-26T13:27:19.628+0000] {logging_mixin.py:137} INFO - [2024-06-26T13:27:19.628+0000] {dag.py:3441} INFO - Setting next_dagrun for example_sensors to None, run_after=None
[2024-06-26T13:27:19.644+0000] {processor.py:175} INFO - Processing /home/airflow/.local/lib/python3.7/site-packages/airflow/example_dags/example_sensors.py took 0.077 seconds
[2024-06-26T13:27:49.722+0000] {processor.py:153} INFO - Started process (PID=4351) to work on /home/airflow/.local/lib/python3.7/site-packages/airflow/example_dags/example_sensors.py
[2024-06-26T13:27:49.723+0000] {processor.py:743} INFO - Processing file /home/airflow/.local/lib/python3.7/site-packages/airflow/example_dags/example_sensors.py for tasks to queue
[2024-06-26T13:27:49.723+0000] {logging_mixin.py:137} INFO - [2024-06-26T13:27:49.723+0000] {dagbag.py:538} INFO - Filling up the DagBag from /home/airflow/.local/lib/python3.7/site-packages/airflow/example_dags/example_sensors.py
[2024-06-26T13:27:49.737+0000] {processor.py:753} INFO - DAG(s) dict_keys(['example_sensors']) retrieved from /home/airflow/.local/lib/python3.7/site-packages/airflow/example_dags/example_sensors.py
[2024-06-26T13:27:49.758+0000] {logging_mixin.py:137} INFO - [2024-06-26T13:27:49.758+0000] {dag.py:2690} INFO - Sync 1 DAGs
[2024-06-26T13:27:49.778+0000] {logging_mixin.py:137} INFO - [2024-06-26T13:27:49.778+0000] {dag.py:3441} INFO - Setting next_dagrun for example_sensors to None, run_after=None
[2024-06-26T13:27:49.795+0000] {processor.py:175} INFO - Processing /home/airflow/.local/lib/python3.7/site-packages/airflow/example_dags/example_sensors.py took 0.076 seconds
[2024-06-26T13:28:19.873+0000] {processor.py:153} INFO - Started process (PID=4430) to work on /home/airflow/.local/lib/python3.7/site-packages/airflow/example_dags/example_sensors.py
[2024-06-26T13:28:19.874+0000] {processor.py:743} INFO - Processing file /home/airflow/.local/lib/python3.7/site-packages/airflow/example_dags/example_sensors.py for tasks to queue
[2024-06-26T13:28:19.874+0000] {logging_mixin.py:137} INFO - [2024-06-26T13:28:19.874+0000] {dagbag.py:538} INFO - Filling up the DagBag from /home/airflow/.local/lib/python3.7/site-packages/airflow/example_dags/example_sensors.py
[2024-06-26T13:28:19.889+0000] {processor.py:753} INFO - DAG(s) dict_keys(['example_sensors']) retrieved from /home/airflow/.local/lib/python3.7/site-packages/airflow/example_dags/example_sensors.py
[2024-06-26T13:28:19.911+0000] {logging_mixin.py:137} INFO - [2024-06-26T13:28:19.911+0000] {dag.py:2690} INFO - Sync 1 DAGs
[2024-06-26T13:28:19.939+0000] {logging_mixin.py:137} INFO - [2024-06-26T13:28:19.939+0000] {dag.py:3441} INFO - Setting next_dagrun for example_sensors to None, run_after=None
[2024-06-26T13:28:19.956+0000] {processor.py:175} INFO - Processing /home/airflow/.local/lib/python3.7/site-packages/airflow/example_dags/example_sensors.py took 0.085 seconds
[2024-06-26T13:28:50.058+0000] {processor.py:153} INFO - Started process (PID=4529) to work on /home/airflow/.local/lib/python3.7/site-packages/airflow/example_dags/example_sensors.py
[2024-06-26T13:28:50.058+0000] {processor.py:743} INFO - Processing file /home/airflow/.local/lib/python3.7/site-packages/airflow/example_dags/example_sensors.py for tasks to queue
[2024-06-26T13:28:50.059+0000] {logging_mixin.py:137} INFO - [2024-06-26T13:28:50.059+0000] {dagbag.py:538} INFO - Filling up the DagBag from /home/airflow/.local/lib/python3.7/site-packages/airflow/example_dags/example_sensors.py
[2024-06-26T13:28:50.074+0000] {processor.py:753} INFO - DAG(s) dict_keys(['example_sensors']) retrieved from /home/airflow/.local/lib/python3.7/site-packages/airflow/example_dags/example_sensors.py
[2024-06-26T13:28:50.095+0000] {logging_mixin.py:137} INFO - [2024-06-26T13:28:50.094+0000] {dag.py:2690} INFO - Sync 1 DAGs
[2024-06-26T13:28:50.115+0000] {logging_mixin.py:137} INFO - [2024-06-26T13:28:50.114+0000] {dag.py:3441} INFO - Setting next_dagrun for example_sensors to None, run_after=None
[2024-06-26T13:28:50.131+0000] {processor.py:175} INFO - Processing /home/airflow/.local/lib/python3.7/site-packages/airflow/example_dags/example_sensors.py took 0.075 seconds
[2024-06-26T13:29:20.227+0000] {processor.py:153} INFO - Started process (PID=4608) to work on /home/airflow/.local/lib/python3.7/site-packages/airflow/example_dags/example_sensors.py
[2024-06-26T13:29:20.228+0000] {processor.py:743} INFO - Processing file /home/airflow/.local/lib/python3.7/site-packages/airflow/example_dags/example_sensors.py for tasks to queue
[2024-06-26T13:29:20.228+0000] {logging_mixin.py:137} INFO - [2024-06-26T13:29:20.228+0000] {dagbag.py:538} INFO - Filling up the DagBag from /home/airflow/.local/lib/python3.7/site-packages/airflow/example_dags/example_sensors.py
[2024-06-26T13:29:20.244+0000] {processor.py:753} INFO - DAG(s) dict_keys(['example_sensors']) retrieved from /home/airflow/.local/lib/python3.7/site-packages/airflow/example_dags/example_sensors.py
[2024-06-26T13:29:20.265+0000] {logging_mixin.py:137} INFO - [2024-06-26T13:29:20.265+0000] {dag.py:2690} INFO - Sync 1 DAGs
[2024-06-26T13:29:20.286+0000] {logging_mixin.py:137} INFO - [2024-06-26T13:29:20.285+0000] {dag.py:3441} INFO - Setting next_dagrun for example_sensors to None, run_after=None
[2024-06-26T13:29:20.300+0000] {processor.py:175} INFO - Processing /home/airflow/.local/lib/python3.7/site-packages/airflow/example_dags/example_sensors.py took 0.075 seconds
[2024-06-26T13:29:51.042+0000] {processor.py:153} INFO - Started process (PID=4707) to work on /home/airflow/.local/lib/python3.7/site-packages/airflow/example_dags/example_sensors.py
[2024-06-26T13:29:51.042+0000] {processor.py:743} INFO - Processing file /home/airflow/.local/lib/python3.7/site-packages/airflow/example_dags/example_sensors.py for tasks to queue
[2024-06-26T13:29:51.042+0000] {logging_mixin.py:137} INFO - [2024-06-26T13:29:51.042+0000] {dagbag.py:538} INFO - Filling up the DagBag from /home/airflow/.local/lib/python3.7/site-packages/airflow/example_dags/example_sensors.py
[2024-06-26T13:29:51.055+0000] {processor.py:753} INFO - DAG(s) dict_keys(['example_sensors']) retrieved from /home/airflow/.local/lib/python3.7/site-packages/airflow/example_dags/example_sensors.py
[2024-06-26T13:29:51.074+0000] {logging_mixin.py:137} INFO - [2024-06-26T13:29:51.074+0000] {dag.py:2690} INFO - Sync 1 DAGs
[2024-06-26T13:29:51.092+0000] {logging_mixin.py:137} INFO - [2024-06-26T13:29:51.092+0000] {dag.py:3441} INFO - Setting next_dagrun for example_sensors to None, run_after=None
[2024-06-26T13:29:51.104+0000] {processor.py:175} INFO - Processing /home/airflow/.local/lib/python3.7/site-packages/airflow/example_dags/example_sensors.py took 0.065 seconds
[2024-06-26T13:30:21.788+0000] {processor.py:153} INFO - Started process (PID=4786) to work on /home/airflow/.local/lib/python3.7/site-packages/airflow/example_dags/example_sensors.py
[2024-06-26T13:30:21.789+0000] {processor.py:743} INFO - Processing file /home/airflow/.local/lib/python3.7/site-packages/airflow/example_dags/example_sensors.py for tasks to queue
[2024-06-26T13:30:21.789+0000] {logging_mixin.py:137} INFO - [2024-06-26T13:30:21.789+0000] {dagbag.py:538} INFO - Filling up the DagBag from /home/airflow/.local/lib/python3.7/site-packages/airflow/example_dags/example_sensors.py
[2024-06-26T13:30:21.802+0000] {processor.py:753} INFO - DAG(s) dict_keys(['example_sensors']) retrieved from /home/airflow/.local/lib/python3.7/site-packages/airflow/example_dags/example_sensors.py
[2024-06-26T13:30:21.821+0000] {logging_mixin.py:137} INFO - [2024-06-26T13:30:21.821+0000] {dag.py:2690} INFO - Sync 1 DAGs
[2024-06-26T13:30:21.839+0000] {logging_mixin.py:137} INFO - [2024-06-26T13:30:21.839+0000] {dag.py:3441} INFO - Setting next_dagrun for example_sensors to None, run_after=None
[2024-06-26T13:30:21.851+0000] {processor.py:175} INFO - Processing /home/airflow/.local/lib/python3.7/site-packages/airflow/example_dags/example_sensors.py took 0.065 seconds
[2024-06-26T13:30:52.702+0000] {processor.py:153} INFO - Started process (PID=4885) to work on /home/airflow/.local/lib/python3.7/site-packages/airflow/example_dags/example_sensors.py
[2024-06-26T13:30:52.702+0000] {processor.py:743} INFO - Processing file /home/airflow/.local/lib/python3.7/site-packages/airflow/example_dags/example_sensors.py for tasks to queue
[2024-06-26T13:30:52.702+0000] {logging_mixin.py:137} INFO - [2024-06-26T13:30:52.702+0000] {dagbag.py:538} INFO - Filling up the DagBag from /home/airflow/.local/lib/python3.7/site-packages/airflow/example_dags/example_sensors.py
[2024-06-26T13:30:52.715+0000] {processor.py:753} INFO - DAG(s) dict_keys(['example_sensors']) retrieved from /home/airflow/.local/lib/python3.7/site-packages/airflow/example_dags/example_sensors.py
[2024-06-26T13:30:52.733+0000] {logging_mixin.py:137} INFO - [2024-06-26T13:30:52.733+0000] {dag.py:2690} INFO - Sync 1 DAGs
[2024-06-26T13:30:52.749+0000] {logging_mixin.py:137} INFO - [2024-06-26T13:30:52.749+0000] {dag.py:3441} INFO - Setting next_dagrun for example_sensors to None, run_after=None
[2024-06-26T13:30:52.761+0000] {processor.py:175} INFO - Processing /home/airflow/.local/lib/python3.7/site-packages/airflow/example_dags/example_sensors.py took 0.061 seconds
[2024-06-26T13:31:23.621+0000] {processor.py:153} INFO - Started process (PID=4984) to work on /home/airflow/.local/lib/python3.7/site-packages/airflow/example_dags/example_sensors.py
[2024-06-26T13:31:23.621+0000] {processor.py:743} INFO - Processing file /home/airflow/.local/lib/python3.7/site-packages/airflow/example_dags/example_sensors.py for tasks to queue
[2024-06-26T13:31:23.622+0000] {logging_mixin.py:137} INFO - [2024-06-26T13:31:23.622+0000] {dagbag.py:538} INFO - Filling up the DagBag from /home/airflow/.local/lib/python3.7/site-packages/airflow/example_dags/example_sensors.py
[2024-06-26T13:31:23.637+0000] {processor.py:753} INFO - DAG(s) dict_keys(['example_sensors']) retrieved from /home/airflow/.local/lib/python3.7/site-packages/airflow/example_dags/example_sensors.py
[2024-06-26T13:31:23.658+0000] {logging_mixin.py:137} INFO - [2024-06-26T13:31:23.658+0000] {dag.py:2690} INFO - Sync 1 DAGs
[2024-06-26T13:31:23.678+0000] {logging_mixin.py:137} INFO - [2024-06-26T13:31:23.678+0000] {dag.py:3441} INFO - Setting next_dagrun for example_sensors to None, run_after=None
[2024-06-26T13:31:23.695+0000] {processor.py:175} INFO - Processing /home/airflow/.local/lib/python3.7/site-packages/airflow/example_dags/example_sensors.py took 0.076 seconds
[2024-06-26T13:31:53.893+0000] {processor.py:153} INFO - Started process (PID=5063) to work on /home/airflow/.local/lib/python3.7/site-packages/airflow/example_dags/example_sensors.py
[2024-06-26T13:31:53.893+0000] {processor.py:743} INFO - Processing file /home/airflow/.local/lib/python3.7/site-packages/airflow/example_dags/example_sensors.py for tasks to queue
[2024-06-26T13:31:53.894+0000] {logging_mixin.py:137} INFO - [2024-06-26T13:31:53.894+0000] {dagbag.py:538} INFO - Filling up the DagBag from /home/airflow/.local/lib/python3.7/site-packages/airflow/example_dags/example_sensors.py
[2024-06-26T13:31:53.909+0000] {processor.py:753} INFO - DAG(s) dict_keys(['example_sensors']) retrieved from /home/airflow/.local/lib/python3.7/site-packages/airflow/example_dags/example_sensors.py
[2024-06-26T13:31:53.930+0000] {logging_mixin.py:137} INFO - [2024-06-26T13:31:53.930+0000] {dag.py:2690} INFO - Sync 1 DAGs
[2024-06-26T13:31:53.951+0000] {logging_mixin.py:137} INFO - [2024-06-26T13:31:53.951+0000] {dag.py:3441} INFO - Setting next_dagrun for example_sensors to None, run_after=None
[2024-06-26T13:31:53.966+0000] {processor.py:175} INFO - Processing /home/airflow/.local/lib/python3.7/site-packages/airflow/example_dags/example_sensors.py took 0.076 seconds
[2024-06-26T13:32:24.084+0000] {processor.py:153} INFO - Started process (PID=5162) to work on /home/airflow/.local/lib/python3.7/site-packages/airflow/example_dags/example_sensors.py
[2024-06-26T13:32:24.084+0000] {processor.py:743} INFO - Processing file /home/airflow/.local/lib/python3.7/site-packages/airflow/example_dags/example_sensors.py for tasks to queue
[2024-06-26T13:32:24.085+0000] {logging_mixin.py:137} INFO - [2024-06-26T13:32:24.085+0000] {dagbag.py:538} INFO - Filling up the DagBag from /home/airflow/.local/lib/python3.7/site-packages/airflow/example_dags/example_sensors.py
[2024-06-26T13:32:24.098+0000] {processor.py:753} INFO - DAG(s) dict_keys(['example_sensors']) retrieved from /home/airflow/.local/lib/python3.7/site-packages/airflow/example_dags/example_sensors.py
[2024-06-26T13:32:24.117+0000] {logging_mixin.py:137} INFO - [2024-06-26T13:32:24.117+0000] {dag.py:2690} INFO - Sync 1 DAGs
[2024-06-26T13:32:24.135+0000] {logging_mixin.py:137} INFO - [2024-06-26T13:32:24.135+0000] {dag.py:3441} INFO - Setting next_dagrun for example_sensors to None, run_after=None
[2024-06-26T13:32:24.148+0000] {processor.py:175} INFO - Processing /home/airflow/.local/lib/python3.7/site-packages/airflow/example_dags/example_sensors.py took 0.066 seconds
[2024-06-26T13:32:55.067+0000] {processor.py:153} INFO - Started process (PID=5241) to work on /home/airflow/.local/lib/python3.7/site-packages/airflow/example_dags/example_sensors.py
[2024-06-26T13:32:55.069+0000] {processor.py:743} INFO - Processing file /home/airflow/.local/lib/python3.7/site-packages/airflow/example_dags/example_sensors.py for tasks to queue
[2024-06-26T13:32:55.070+0000] {logging_mixin.py:137} INFO - [2024-06-26T13:32:55.070+0000] {dagbag.py:538} INFO - Filling up the DagBag from /home/airflow/.local/lib/python3.7/site-packages/airflow/example_dags/example_sensors.py
[2024-06-26T13:32:55.083+0000] {processor.py:753} INFO - DAG(s) dict_keys(['example_sensors']) retrieved from /home/airflow/.local/lib/python3.7/site-packages/airflow/example_dags/example_sensors.py
[2024-06-26T13:32:55.102+0000] {logging_mixin.py:137} INFO - [2024-06-26T13:32:55.102+0000] {dag.py:2690} INFO - Sync 1 DAGs
[2024-06-26T13:32:55.119+0000] {logging_mixin.py:137} INFO - [2024-06-26T13:32:55.119+0000] {dag.py:3441} INFO - Setting next_dagrun for example_sensors to None, run_after=None
[2024-06-26T13:32:55.131+0000] {processor.py:175} INFO - Processing /home/airflow/.local/lib/python3.7/site-packages/airflow/example_dags/example_sensors.py took 0.066 seconds
[2024-06-26T13:33:26.035+0000] {processor.py:153} INFO - Started process (PID=5340) to work on /home/airflow/.local/lib/python3.7/site-packages/airflow/example_dags/example_sensors.py
[2024-06-26T13:33:26.037+0000] {processor.py:743} INFO - Processing file /home/airflow/.local/lib/python3.7/site-packages/airflow/example_dags/example_sensors.py for tasks to queue
[2024-06-26T13:33:26.037+0000] {logging_mixin.py:137} INFO - [2024-06-26T13:33:26.037+0000] {dagbag.py:538} INFO - Filling up the DagBag from /home/airflow/.local/lib/python3.7/site-packages/airflow/example_dags/example_sensors.py
[2024-06-26T13:33:26.052+0000] {processor.py:753} INFO - DAG(s) dict_keys(['example_sensors']) retrieved from /home/airflow/.local/lib/python3.7/site-packages/airflow/example_dags/example_sensors.py
[2024-06-26T13:33:26.073+0000] {logging_mixin.py:137} INFO - [2024-06-26T13:33:26.073+0000] {dag.py:2690} INFO - Sync 1 DAGs
[2024-06-26T13:33:26.094+0000] {logging_mixin.py:137} INFO - [2024-06-26T13:33:26.094+0000] {dag.py:3441} INFO - Setting next_dagrun for example_sensors to None, run_after=None
[2024-06-26T13:33:26.110+0000] {processor.py:175} INFO - Processing /home/airflow/.local/lib/python3.7/site-packages/airflow/example_dags/example_sensors.py took 0.077 seconds
[2024-06-26T13:33:56.190+0000] {processor.py:153} INFO - Started process (PID=5419) to work on /home/airflow/.local/lib/python3.7/site-packages/airflow/example_dags/example_sensors.py
[2024-06-26T13:33:56.191+0000] {processor.py:743} INFO - Processing file /home/airflow/.local/lib/python3.7/site-packages/airflow/example_dags/example_sensors.py for tasks to queue
[2024-06-26T13:33:56.192+0000] {logging_mixin.py:137} INFO - [2024-06-26T13:33:56.192+0000] {dagbag.py:538} INFO - Filling up the DagBag from /home/airflow/.local/lib/python3.7/site-packages/airflow/example_dags/example_sensors.py
[2024-06-26T13:33:56.207+0000] {processor.py:753} INFO - DAG(s) dict_keys(['example_sensors']) retrieved from /home/airflow/.local/lib/python3.7/site-packages/airflow/example_dags/example_sensors.py
[2024-06-26T13:33:56.230+0000] {logging_mixin.py:137} INFO - [2024-06-26T13:33:56.230+0000] {dag.py:2690} INFO - Sync 1 DAGs
[2024-06-26T13:33:56.252+0000] {logging_mixin.py:137} INFO - [2024-06-26T13:33:56.252+0000] {dag.py:3441} INFO - Setting next_dagrun for example_sensors to None, run_after=None
[2024-06-26T13:33:56.266+0000] {processor.py:175} INFO - Processing /home/airflow/.local/lib/python3.7/site-packages/airflow/example_dags/example_sensors.py took 0.078 seconds
[2024-06-26T13:34:26.546+0000] {processor.py:153} INFO - Started process (PID=5518) to work on /home/airflow/.local/lib/python3.7/site-packages/airflow/example_dags/example_sensors.py
[2024-06-26T13:34:26.548+0000] {processor.py:743} INFO - Processing file /home/airflow/.local/lib/python3.7/site-packages/airflow/example_dags/example_sensors.py for tasks to queue
[2024-06-26T13:34:26.548+0000] {logging_mixin.py:137} INFO - [2024-06-26T13:34:26.548+0000] {dagbag.py:538} INFO - Filling up the DagBag from /home/airflow/.local/lib/python3.7/site-packages/airflow/example_dags/example_sensors.py
[2024-06-26T13:34:26.564+0000] {processor.py:753} INFO - DAG(s) dict_keys(['example_sensors']) retrieved from /home/airflow/.local/lib/python3.7/site-packages/airflow/example_dags/example_sensors.py
[2024-06-26T13:34:26.588+0000] {logging_mixin.py:137} INFO - [2024-06-26T13:34:26.588+0000] {dag.py:2690} INFO - Sync 1 DAGs
[2024-06-26T13:34:26.615+0000] {logging_mixin.py:137} INFO - [2024-06-26T13:34:26.615+0000] {dag.py:3441} INFO - Setting next_dagrun for example_sensors to None, run_after=None
[2024-06-26T13:34:26.634+0000] {processor.py:175} INFO - Processing /home/airflow/.local/lib/python3.7/site-packages/airflow/example_dags/example_sensors.py took 0.091 seconds
[2024-06-26T13:34:56.717+0000] {processor.py:153} INFO - Started process (PID=5597) to work on /home/airflow/.local/lib/python3.7/site-packages/airflow/example_dags/example_sensors.py
[2024-06-26T13:34:56.719+0000] {processor.py:743} INFO - Processing file /home/airflow/.local/lib/python3.7/site-packages/airflow/example_dags/example_sensors.py for tasks to queue
[2024-06-26T13:34:56.720+0000] {logging_mixin.py:137} INFO - [2024-06-26T13:34:56.720+0000] {dagbag.py:538} INFO - Filling up the DagBag from /home/airflow/.local/lib/python3.7/site-packages/airflow/example_dags/example_sensors.py
[2024-06-26T13:34:56.735+0000] {processor.py:753} INFO - DAG(s) dict_keys(['example_sensors']) retrieved from /home/airflow/.local/lib/python3.7/site-packages/airflow/example_dags/example_sensors.py
[2024-06-26T13:34:56.756+0000] {logging_mixin.py:137} INFO - [2024-06-26T13:34:56.756+0000] {dag.py:2690} INFO - Sync 1 DAGs
[2024-06-26T13:34:56.774+0000] {logging_mixin.py:137} INFO - [2024-06-26T13:34:56.774+0000] {dag.py:3441} INFO - Setting next_dagrun for example_sensors to None, run_after=None
[2024-06-26T13:34:56.790+0000] {processor.py:175} INFO - Processing /home/airflow/.local/lib/python3.7/site-packages/airflow/example_dags/example_sensors.py took 0.075 seconds
[2024-06-26T13:35:26.813+0000] {processor.py:153} INFO - Started process (PID=5695) to work on /home/airflow/.local/lib/python3.7/site-packages/airflow/example_dags/example_sensors.py
[2024-06-26T13:35:26.814+0000] {processor.py:743} INFO - Processing file /home/airflow/.local/lib/python3.7/site-packages/airflow/example_dags/example_sensors.py for tasks to queue
[2024-06-26T13:35:26.814+0000] {logging_mixin.py:137} INFO - [2024-06-26T13:35:26.814+0000] {dagbag.py:538} INFO - Filling up the DagBag from /home/airflow/.local/lib/python3.7/site-packages/airflow/example_dags/example_sensors.py
[2024-06-26T13:35:26.827+0000] {processor.py:753} INFO - DAG(s) dict_keys(['example_sensors']) retrieved from /home/airflow/.local/lib/python3.7/site-packages/airflow/example_dags/example_sensors.py
[2024-06-26T13:35:26.846+0000] {logging_mixin.py:137} INFO - [2024-06-26T13:35:26.845+0000] {dag.py:2690} INFO - Sync 1 DAGs
[2024-06-26T13:35:26.863+0000] {logging_mixin.py:137} INFO - [2024-06-26T13:35:26.863+0000] {dag.py:3441} INFO - Setting next_dagrun for example_sensors to None, run_after=None
[2024-06-26T13:35:26.875+0000] {processor.py:175} INFO - Processing /home/airflow/.local/lib/python3.7/site-packages/airflow/example_dags/example_sensors.py took 0.064 seconds
[2024-06-26T13:35:57.795+0000] {processor.py:153} INFO - Started process (PID=5775) to work on /home/airflow/.local/lib/python3.7/site-packages/airflow/example_dags/example_sensors.py
[2024-06-26T13:35:57.796+0000] {processor.py:743} INFO - Processing file /home/airflow/.local/lib/python3.7/site-packages/airflow/example_dags/example_sensors.py for tasks to queue
[2024-06-26T13:35:57.796+0000] {logging_mixin.py:137} INFO - [2024-06-26T13:35:57.796+0000] {dagbag.py:538} INFO - Filling up the DagBag from /home/airflow/.local/lib/python3.7/site-packages/airflow/example_dags/example_sensors.py
[2024-06-26T13:35:57.810+0000] {processor.py:753} INFO - DAG(s) dict_keys(['example_sensors']) retrieved from /home/airflow/.local/lib/python3.7/site-packages/airflow/example_dags/example_sensors.py
[2024-06-26T13:35:57.829+0000] {logging_mixin.py:137} INFO - [2024-06-26T13:35:57.829+0000] {dag.py:2690} INFO - Sync 1 DAGs
[2024-06-26T13:35:57.848+0000] {logging_mixin.py:137} INFO - [2024-06-26T13:35:57.847+0000] {dag.py:3441} INFO - Setting next_dagrun for example_sensors to None, run_after=None
[2024-06-26T13:35:57.862+0000] {processor.py:175} INFO - Processing /home/airflow/.local/lib/python3.7/site-packages/airflow/example_dags/example_sensors.py took 0.069 seconds
[2024-06-26T13:36:28.729+0000] {processor.py:153} INFO - Started process (PID=5874) to work on /home/airflow/.local/lib/python3.7/site-packages/airflow/example_dags/example_sensors.py
[2024-06-26T13:36:28.729+0000] {processor.py:743} INFO - Processing file /home/airflow/.local/lib/python3.7/site-packages/airflow/example_dags/example_sensors.py for tasks to queue
[2024-06-26T13:36:28.730+0000] {logging_mixin.py:137} INFO - [2024-06-26T13:36:28.729+0000] {dagbag.py:538} INFO - Filling up the DagBag from /home/airflow/.local/lib/python3.7/site-packages/airflow/example_dags/example_sensors.py
[2024-06-26T13:36:28.743+0000] {processor.py:753} INFO - DAG(s) dict_keys(['example_sensors']) retrieved from /home/airflow/.local/lib/python3.7/site-packages/airflow/example_dags/example_sensors.py
[2024-06-26T13:36:28.761+0000] {logging_mixin.py:137} INFO - [2024-06-26T13:36:28.761+0000] {dag.py:2690} INFO - Sync 1 DAGs
[2024-06-26T13:36:28.779+0000] {logging_mixin.py:137} INFO - [2024-06-26T13:36:28.778+0000] {dag.py:3441} INFO - Setting next_dagrun for example_sensors to None, run_after=None
[2024-06-26T13:36:28.791+0000] {processor.py:175} INFO - Processing /home/airflow/.local/lib/python3.7/site-packages/airflow/example_dags/example_sensors.py took 0.065 seconds
[2024-06-26T13:36:58.985+0000] {processor.py:153} INFO - Started process (PID=5973) to work on /home/airflow/.local/lib/python3.7/site-packages/airflow/example_dags/example_sensors.py
[2024-06-26T13:36:58.986+0000] {processor.py:743} INFO - Processing file /home/airflow/.local/lib/python3.7/site-packages/airflow/example_dags/example_sensors.py for tasks to queue
[2024-06-26T13:36:58.986+0000] {logging_mixin.py:137} INFO - [2024-06-26T13:36:58.986+0000] {dagbag.py:538} INFO - Filling up the DagBag from /home/airflow/.local/lib/python3.7/site-packages/airflow/example_dags/example_sensors.py
[2024-06-26T13:36:59.001+0000] {processor.py:753} INFO - DAG(s) dict_keys(['example_sensors']) retrieved from /home/airflow/.local/lib/python3.7/site-packages/airflow/example_dags/example_sensors.py
[2024-06-26T13:36:59.023+0000] {logging_mixin.py:137} INFO - [2024-06-26T13:36:59.022+0000] {dag.py:2690} INFO - Sync 1 DAGs
[2024-06-26T13:36:59.042+0000] {logging_mixin.py:137} INFO - [2024-06-26T13:36:59.042+0000] {dag.py:3441} INFO - Setting next_dagrun for example_sensors to None, run_after=None
[2024-06-26T13:36:59.058+0000] {processor.py:175} INFO - Processing /home/airflow/.local/lib/python3.7/site-packages/airflow/example_dags/example_sensors.py took 0.075 seconds
[2024-06-26T13:37:29.117+0000] {processor.py:153} INFO - Started process (PID=6052) to work on /home/airflow/.local/lib/python3.7/site-packages/airflow/example_dags/example_sensors.py
[2024-06-26T13:37:29.118+0000] {processor.py:743} INFO - Processing file /home/airflow/.local/lib/python3.7/site-packages/airflow/example_dags/example_sensors.py for tasks to queue
[2024-06-26T13:37:29.118+0000] {logging_mixin.py:137} INFO - [2024-06-26T13:37:29.118+0000] {dagbag.py:538} INFO - Filling up the DagBag from /home/airflow/.local/lib/python3.7/site-packages/airflow/example_dags/example_sensors.py
[2024-06-26T13:37:29.133+0000] {processor.py:753} INFO - DAG(s) dict_keys(['example_sensors']) retrieved from /home/airflow/.local/lib/python3.7/site-packages/airflow/example_dags/example_sensors.py
[2024-06-26T13:37:29.153+0000] {logging_mixin.py:137} INFO - [2024-06-26T13:37:29.153+0000] {dag.py:2690} INFO - Sync 1 DAGs
[2024-06-26T13:37:29.175+0000] {logging_mixin.py:137} INFO - [2024-06-26T13:37:29.174+0000] {dag.py:3441} INFO - Setting next_dagrun for example_sensors to None, run_after=None
[2024-06-26T13:37:29.191+0000] {processor.py:175} INFO - Processing /home/airflow/.local/lib/python3.7/site-packages/airflow/example_dags/example_sensors.py took 0.076 seconds
[2024-06-26T13:38:00.001+0000] {processor.py:153} INFO - Started process (PID=6151) to work on /home/airflow/.local/lib/python3.7/site-packages/airflow/example_dags/example_sensors.py
[2024-06-26T13:38:00.002+0000] {processor.py:743} INFO - Processing file /home/airflow/.local/lib/python3.7/site-packages/airflow/example_dags/example_sensors.py for tasks to queue
[2024-06-26T13:38:00.002+0000] {logging_mixin.py:137} INFO - [2024-06-26T13:38:00.002+0000] {dagbag.py:538} INFO - Filling up the DagBag from /home/airflow/.local/lib/python3.7/site-packages/airflow/example_dags/example_sensors.py
[2024-06-26T13:38:00.017+0000] {processor.py:753} INFO - DAG(s) dict_keys(['example_sensors']) retrieved from /home/airflow/.local/lib/python3.7/site-packages/airflow/example_dags/example_sensors.py
[2024-06-26T13:38:00.042+0000] {logging_mixin.py:137} INFO - [2024-06-26T13:38:00.042+0000] {dag.py:2690} INFO - Sync 1 DAGs
[2024-06-26T13:38:00.062+0000] {logging_mixin.py:137} INFO - [2024-06-26T13:38:00.061+0000] {dag.py:3441} INFO - Setting next_dagrun for example_sensors to None, run_after=None
[2024-06-26T13:38:00.075+0000] {processor.py:175} INFO - Processing /home/airflow/.local/lib/python3.7/site-packages/airflow/example_dags/example_sensors.py took 0.076 seconds
[2024-06-26T13:38:30.845+0000] {processor.py:153} INFO - Started process (PID=6230) to work on /home/airflow/.local/lib/python3.7/site-packages/airflow/example_dags/example_sensors.py
[2024-06-26T13:38:30.845+0000] {processor.py:743} INFO - Processing file /home/airflow/.local/lib/python3.7/site-packages/airflow/example_dags/example_sensors.py for tasks to queue
[2024-06-26T13:38:30.846+0000] {logging_mixin.py:137} INFO - [2024-06-26T13:38:30.846+0000] {dagbag.py:538} INFO - Filling up the DagBag from /home/airflow/.local/lib/python3.7/site-packages/airflow/example_dags/example_sensors.py
[2024-06-26T13:38:30.859+0000] {processor.py:753} INFO - DAG(s) dict_keys(['example_sensors']) retrieved from /home/airflow/.local/lib/python3.7/site-packages/airflow/example_dags/example_sensors.py
[2024-06-26T13:38:30.878+0000] {logging_mixin.py:137} INFO - [2024-06-26T13:38:30.878+0000] {dag.py:2690} INFO - Sync 1 DAGs
[2024-06-26T13:38:30.897+0000] {logging_mixin.py:137} INFO - [2024-06-26T13:38:30.897+0000] {dag.py:3441} INFO - Setting next_dagrun for example_sensors to None, run_after=None
[2024-06-26T13:38:30.910+0000] {processor.py:175} INFO - Processing /home/airflow/.local/lib/python3.7/site-packages/airflow/example_dags/example_sensors.py took 0.067 seconds
[2024-06-26T13:39:01.569+0000] {processor.py:153} INFO - Started process (PID=6329) to work on /home/airflow/.local/lib/python3.7/site-packages/airflow/example_dags/example_sensors.py
[2024-06-26T13:39:01.569+0000] {processor.py:743} INFO - Processing file /home/airflow/.local/lib/python3.7/site-packages/airflow/example_dags/example_sensors.py for tasks to queue
[2024-06-26T13:39:01.570+0000] {logging_mixin.py:137} INFO - [2024-06-26T13:39:01.570+0000] {dagbag.py:538} INFO - Filling up the DagBag from /home/airflow/.local/lib/python3.7/site-packages/airflow/example_dags/example_sensors.py
[2024-06-26T13:39:01.583+0000] {processor.py:753} INFO - DAG(s) dict_keys(['example_sensors']) retrieved from /home/airflow/.local/lib/python3.7/site-packages/airflow/example_dags/example_sensors.py
[2024-06-26T13:39:01.601+0000] {logging_mixin.py:137} INFO - [2024-06-26T13:39:01.601+0000] {dag.py:2690} INFO - Sync 1 DAGs
[2024-06-26T13:39:01.620+0000] {logging_mixin.py:137} INFO - [2024-06-26T13:39:01.619+0000] {dag.py:3441} INFO - Setting next_dagrun for example_sensors to None, run_after=None
[2024-06-26T13:39:01.633+0000] {processor.py:175} INFO - Processing /home/airflow/.local/lib/python3.7/site-packages/airflow/example_dags/example_sensors.py took 0.066 seconds
[2024-06-26T13:39:32.386+0000] {processor.py:153} INFO - Started process (PID=6408) to work on /home/airflow/.local/lib/python3.7/site-packages/airflow/example_dags/example_sensors.py
[2024-06-26T13:39:32.386+0000] {processor.py:743} INFO - Processing file /home/airflow/.local/lib/python3.7/site-packages/airflow/example_dags/example_sensors.py for tasks to queue
[2024-06-26T13:39:32.386+0000] {logging_mixin.py:137} INFO - [2024-06-26T13:39:32.386+0000] {dagbag.py:538} INFO - Filling up the DagBag from /home/airflow/.local/lib/python3.7/site-packages/airflow/example_dags/example_sensors.py
[2024-06-26T13:39:32.400+0000] {processor.py:753} INFO - DAG(s) dict_keys(['example_sensors']) retrieved from /home/airflow/.local/lib/python3.7/site-packages/airflow/example_dags/example_sensors.py
[2024-06-26T13:39:32.419+0000] {logging_mixin.py:137} INFO - [2024-06-26T13:39:32.419+0000] {dag.py:2690} INFO - Sync 1 DAGs
[2024-06-26T13:39:32.436+0000] {logging_mixin.py:137} INFO - [2024-06-26T13:39:32.436+0000] {dag.py:3441} INFO - Setting next_dagrun for example_sensors to None, run_after=None
[2024-06-26T13:39:32.449+0000] {processor.py:175} INFO - Processing /home/airflow/.local/lib/python3.7/site-packages/airflow/example_dags/example_sensors.py took 0.065 seconds
