[2024-06-26T13:03:45.280+0000] {processor.py:153} INFO - Started process (PID=74) to work on /home/airflow/.local/lib/python3.7/site-packages/airflow/example_dags/example_sla_dag.py
[2024-06-26T13:03:45.281+0000] {processor.py:743} INFO - Processing file /home/airflow/.local/lib/python3.7/site-packages/airflow/example_dags/example_sla_dag.py for tasks to queue
[2024-06-26T13:03:45.281+0000] {logging_mixin.py:137} INFO - [2024-06-26T13:03:45.281+0000] {dagbag.py:538} INFO - Filling up the DagBag from /home/airflow/.local/lib/python3.7/site-packages/airflow/example_dags/example_sla_dag.py
[2024-06-26T13:03:45.300+0000] {processor.py:753} INFO - DAG(s) dict_keys(['example_sla_dag']) retrieved from /home/airflow/.local/lib/python3.7/site-packages/airflow/example_dags/example_sla_dag.py
[2024-06-26T13:03:45.321+0000] {logging_mixin.py:137} INFO - [2024-06-26T13:03:45.320+0000] {dag.py:2690} INFO - Sync 1 DAGs
[2024-06-26T13:03:45.352+0000] {logging_mixin.py:137} INFO - [2024-06-26T13:03:45.352+0000] {dag.py:3441} INFO - Setting next_dagrun for example_sla_dag to 2024-06-26T13:00:00+00:00, run_after=2024-06-26T13:02:00+00:00
[2024-06-26T13:03:45.368+0000] {processor.py:175} INFO - Processing /home/airflow/.local/lib/python3.7/site-packages/airflow/example_dags/example_sla_dag.py took 0.089 seconds
[2024-06-26T13:04:15.958+0000] {processor.py:153} INFO - Started process (PID=173) to work on /home/airflow/.local/lib/python3.7/site-packages/airflow/example_dags/example_sla_dag.py
[2024-06-26T13:04:15.958+0000] {processor.py:743} INFO - Processing file /home/airflow/.local/lib/python3.7/site-packages/airflow/example_dags/example_sla_dag.py for tasks to queue
[2024-06-26T13:04:15.958+0000] {logging_mixin.py:137} INFO - [2024-06-26T13:04:15.958+0000] {dagbag.py:538} INFO - Filling up the DagBag from /home/airflow/.local/lib/python3.7/site-packages/airflow/example_dags/example_sla_dag.py
[2024-06-26T13:04:15.974+0000] {processor.py:753} INFO - DAG(s) dict_keys(['example_sla_dag']) retrieved from /home/airflow/.local/lib/python3.7/site-packages/airflow/example_dags/example_sla_dag.py
[2024-06-26T13:04:15.992+0000] {logging_mixin.py:137} INFO - [2024-06-26T13:04:15.992+0000] {dag.py:2690} INFO - Sync 1 DAGs
[2024-06-26T13:04:16.014+0000] {logging_mixin.py:137} INFO - [2024-06-26T13:04:16.014+0000] {dag.py:3441} INFO - Setting next_dagrun for example_sla_dag to 2024-06-26T13:02:00+00:00, run_after=2024-06-26T13:04:00+00:00
[2024-06-26T13:04:16.027+0000] {processor.py:175} INFO - Processing /home/airflow/.local/lib/python3.7/site-packages/airflow/example_dags/example_sla_dag.py took 0.071 seconds
[2024-06-26T13:04:46.686+0000] {processor.py:153} INFO - Started process (PID=252) to work on /home/airflow/.local/lib/python3.7/site-packages/airflow/example_dags/example_sla_dag.py
[2024-06-26T13:04:46.687+0000] {processor.py:743} INFO - Processing file /home/airflow/.local/lib/python3.7/site-packages/airflow/example_dags/example_sla_dag.py for tasks to queue
[2024-06-26T13:04:46.687+0000] {logging_mixin.py:137} INFO - [2024-06-26T13:04:46.687+0000] {dagbag.py:538} INFO - Filling up the DagBag from /home/airflow/.local/lib/python3.7/site-packages/airflow/example_dags/example_sla_dag.py
[2024-06-26T13:04:46.703+0000] {processor.py:753} INFO - DAG(s) dict_keys(['example_sla_dag']) retrieved from /home/airflow/.local/lib/python3.7/site-packages/airflow/example_dags/example_sla_dag.py
[2024-06-26T13:04:46.724+0000] {logging_mixin.py:137} INFO - [2024-06-26T13:04:46.724+0000] {dag.py:2690} INFO - Sync 1 DAGs
[2024-06-26T13:04:46.748+0000] {logging_mixin.py:137} INFO - [2024-06-26T13:04:46.748+0000] {dag.py:3441} INFO - Setting next_dagrun for example_sla_dag to 2024-06-26T13:02:00+00:00, run_after=2024-06-26T13:04:00+00:00
[2024-06-26T13:04:46.761+0000] {processor.py:175} INFO - Processing /home/airflow/.local/lib/python3.7/site-packages/airflow/example_dags/example_sla_dag.py took 0.077 seconds
[2024-06-26T13:05:17.465+0000] {processor.py:153} INFO - Started process (PID=351) to work on /home/airflow/.local/lib/python3.7/site-packages/airflow/example_dags/example_sla_dag.py
[2024-06-26T13:05:17.466+0000] {processor.py:743} INFO - Processing file /home/airflow/.local/lib/python3.7/site-packages/airflow/example_dags/example_sla_dag.py for tasks to queue
[2024-06-26T13:05:17.466+0000] {logging_mixin.py:137} INFO - [2024-06-26T13:05:17.466+0000] {dagbag.py:538} INFO - Filling up the DagBag from /home/airflow/.local/lib/python3.7/site-packages/airflow/example_dags/example_sla_dag.py
[2024-06-26T13:05:17.483+0000] {processor.py:753} INFO - DAG(s) dict_keys(['example_sla_dag']) retrieved from /home/airflow/.local/lib/python3.7/site-packages/airflow/example_dags/example_sla_dag.py
[2024-06-26T13:05:17.499+0000] {logging_mixin.py:137} INFO - [2024-06-26T13:05:17.499+0000] {dag.py:2690} INFO - Sync 1 DAGs
[2024-06-26T13:05:17.521+0000] {logging_mixin.py:137} INFO - [2024-06-26T13:05:17.521+0000] {dag.py:3441} INFO - Setting next_dagrun for example_sla_dag to 2024-06-26T13:02:00+00:00, run_after=2024-06-26T13:04:00+00:00
[2024-06-26T13:05:17.533+0000] {processor.py:175} INFO - Processing /home/airflow/.local/lib/python3.7/site-packages/airflow/example_dags/example_sla_dag.py took 0.069 seconds
[2024-06-26T13:05:48.293+0000] {processor.py:153} INFO - Started process (PID=450) to work on /home/airflow/.local/lib/python3.7/site-packages/airflow/example_dags/example_sla_dag.py
[2024-06-26T13:05:48.294+0000] {processor.py:743} INFO - Processing file /home/airflow/.local/lib/python3.7/site-packages/airflow/example_dags/example_sla_dag.py for tasks to queue
[2024-06-26T13:05:48.294+0000] {logging_mixin.py:137} INFO - [2024-06-26T13:05:48.294+0000] {dagbag.py:538} INFO - Filling up the DagBag from /home/airflow/.local/lib/python3.7/site-packages/airflow/example_dags/example_sla_dag.py
[2024-06-26T13:05:48.310+0000] {processor.py:753} INFO - DAG(s) dict_keys(['example_sla_dag']) retrieved from /home/airflow/.local/lib/python3.7/site-packages/airflow/example_dags/example_sla_dag.py
[2024-06-26T13:05:48.326+0000] {logging_mixin.py:137} INFO - [2024-06-26T13:05:48.326+0000] {dag.py:2690} INFO - Sync 1 DAGs
[2024-06-26T13:05:48.348+0000] {logging_mixin.py:137} INFO - [2024-06-26T13:05:48.348+0000] {dag.py:3441} INFO - Setting next_dagrun for example_sla_dag to 2024-06-26T13:02:00+00:00, run_after=2024-06-26T13:04:00+00:00
[2024-06-26T13:05:48.360+0000] {processor.py:175} INFO - Processing /home/airflow/.local/lib/python3.7/site-packages/airflow/example_dags/example_sla_dag.py took 0.068 seconds
[2024-06-26T13:06:18.927+0000] {processor.py:153} INFO - Started process (PID=529) to work on /home/airflow/.local/lib/python3.7/site-packages/airflow/example_dags/example_sla_dag.py
[2024-06-26T13:06:18.928+0000] {processor.py:743} INFO - Processing file /home/airflow/.local/lib/python3.7/site-packages/airflow/example_dags/example_sla_dag.py for tasks to queue
[2024-06-26T13:06:18.928+0000] {logging_mixin.py:137} INFO - [2024-06-26T13:06:18.928+0000] {dagbag.py:538} INFO - Filling up the DagBag from /home/airflow/.local/lib/python3.7/site-packages/airflow/example_dags/example_sla_dag.py
[2024-06-26T13:06:18.944+0000] {processor.py:753} INFO - DAG(s) dict_keys(['example_sla_dag']) retrieved from /home/airflow/.local/lib/python3.7/site-packages/airflow/example_dags/example_sla_dag.py
[2024-06-26T13:06:18.961+0000] {logging_mixin.py:137} INFO - [2024-06-26T13:06:18.961+0000] {dag.py:2690} INFO - Sync 1 DAGs
[2024-06-26T13:06:18.980+0000] {logging_mixin.py:137} INFO - [2024-06-26T13:06:18.980+0000] {dag.py:3441} INFO - Setting next_dagrun for example_sla_dag to 2024-06-26T13:04:00+00:00, run_after=2024-06-26T13:06:00+00:00
[2024-06-26T13:06:18.992+0000] {processor.py:175} INFO - Processing /home/airflow/.local/lib/python3.7/site-packages/airflow/example_dags/example_sla_dag.py took 0.067 seconds
[2024-06-26T13:06:50.024+0000] {processor.py:153} INFO - Started process (PID=628) to work on /home/airflow/.local/lib/python3.7/site-packages/airflow/example_dags/example_sla_dag.py
[2024-06-26T13:06:50.025+0000] {processor.py:743} INFO - Processing file /home/airflow/.local/lib/python3.7/site-packages/airflow/example_dags/example_sla_dag.py for tasks to queue
[2024-06-26T13:06:50.025+0000] {logging_mixin.py:137} INFO - [2024-06-26T13:06:50.025+0000] {dagbag.py:538} INFO - Filling up the DagBag from /home/airflow/.local/lib/python3.7/site-packages/airflow/example_dags/example_sla_dag.py
[2024-06-26T13:06:50.044+0000] {processor.py:753} INFO - DAG(s) dict_keys(['example_sla_dag']) retrieved from /home/airflow/.local/lib/python3.7/site-packages/airflow/example_dags/example_sla_dag.py
[2024-06-26T13:06:50.063+0000] {logging_mixin.py:137} INFO - [2024-06-26T13:06:50.063+0000] {dag.py:2690} INFO - Sync 1 DAGs
[2024-06-26T13:06:50.087+0000] {logging_mixin.py:137} INFO - [2024-06-26T13:06:50.087+0000] {dag.py:3441} INFO - Setting next_dagrun for example_sla_dag to 2024-06-26T13:04:00+00:00, run_after=2024-06-26T13:06:00+00:00
[2024-06-26T13:06:50.103+0000] {processor.py:175} INFO - Processing /home/airflow/.local/lib/python3.7/site-packages/airflow/example_dags/example_sla_dag.py took 0.081 seconds
[2024-06-26T13:07:20.239+0000] {processor.py:153} INFO - Started process (PID=707) to work on /home/airflow/.local/lib/python3.7/site-packages/airflow/example_dags/example_sla_dag.py
[2024-06-26T13:07:20.239+0000] {processor.py:743} INFO - Processing file /home/airflow/.local/lib/python3.7/site-packages/airflow/example_dags/example_sla_dag.py for tasks to queue
[2024-06-26T13:07:20.240+0000] {logging_mixin.py:137} INFO - [2024-06-26T13:07:20.239+0000] {dagbag.py:538} INFO - Filling up the DagBag from /home/airflow/.local/lib/python3.7/site-packages/airflow/example_dags/example_sla_dag.py
[2024-06-26T13:07:20.256+0000] {processor.py:753} INFO - DAG(s) dict_keys(['example_sla_dag']) retrieved from /home/airflow/.local/lib/python3.7/site-packages/airflow/example_dags/example_sla_dag.py
[2024-06-26T13:07:20.272+0000] {logging_mixin.py:137} INFO - [2024-06-26T13:07:20.272+0000] {dag.py:2690} INFO - Sync 1 DAGs
[2024-06-26T13:07:20.294+0000] {logging_mixin.py:137} INFO - [2024-06-26T13:07:20.294+0000] {dag.py:3441} INFO - Setting next_dagrun for example_sla_dag to 2024-06-26T13:04:00+00:00, run_after=2024-06-26T13:06:00+00:00
[2024-06-26T13:07:20.307+0000] {processor.py:175} INFO - Processing /home/airflow/.local/lib/python3.7/site-packages/airflow/example_dags/example_sla_dag.py took 0.071 seconds
[2024-06-26T13:07:50.486+0000] {processor.py:153} INFO - Started process (PID=806) to work on /home/airflow/.local/lib/python3.7/site-packages/airflow/example_dags/example_sla_dag.py
[2024-06-26T13:07:50.486+0000] {processor.py:743} INFO - Processing file /home/airflow/.local/lib/python3.7/site-packages/airflow/example_dags/example_sla_dag.py for tasks to queue
[2024-06-26T13:07:50.487+0000] {logging_mixin.py:137} INFO - [2024-06-26T13:07:50.487+0000] {dagbag.py:538} INFO - Filling up the DagBag from /home/airflow/.local/lib/python3.7/site-packages/airflow/example_dags/example_sla_dag.py
[2024-06-26T13:07:50.502+0000] {processor.py:753} INFO - DAG(s) dict_keys(['example_sla_dag']) retrieved from /home/airflow/.local/lib/python3.7/site-packages/airflow/example_dags/example_sla_dag.py
[2024-06-26T13:07:50.518+0000] {logging_mixin.py:137} INFO - [2024-06-26T13:07:50.518+0000] {dag.py:2690} INFO - Sync 1 DAGs
[2024-06-26T13:07:50.539+0000] {logging_mixin.py:137} INFO - [2024-06-26T13:07:50.539+0000] {dag.py:3441} INFO - Setting next_dagrun for example_sla_dag to 2024-06-26T13:04:00+00:00, run_after=2024-06-26T13:06:00+00:00
[2024-06-26T13:07:50.555+0000] {processor.py:175} INFO - Processing /home/airflow/.local/lib/python3.7/site-packages/airflow/example_dags/example_sla_dag.py took 0.071 seconds
[2024-06-26T13:08:20.582+0000] {processor.py:153} INFO - Started process (PID=905) to work on /home/airflow/.local/lib/python3.7/site-packages/airflow/example_dags/example_sla_dag.py
[2024-06-26T13:08:20.586+0000] {processor.py:743} INFO - Processing file /home/airflow/.local/lib/python3.7/site-packages/airflow/example_dags/example_sla_dag.py for tasks to queue
[2024-06-26T13:08:20.587+0000] {logging_mixin.py:137} INFO - [2024-06-26T13:08:20.587+0000] {dagbag.py:538} INFO - Filling up the DagBag from /home/airflow/.local/lib/python3.7/site-packages/airflow/example_dags/example_sla_dag.py
[2024-06-26T13:08:20.636+0000] {processor.py:753} INFO - DAG(s) dict_keys(['example_sla_dag']) retrieved from /home/airflow/.local/lib/python3.7/site-packages/airflow/example_dags/example_sla_dag.py
[2024-06-26T13:08:20.668+0000] {logging_mixin.py:137} INFO - [2024-06-26T13:08:20.668+0000] {dag.py:2690} INFO - Sync 1 DAGs
[2024-06-26T13:08:20.722+0000] {logging_mixin.py:137} INFO - [2024-06-26T13:08:20.722+0000] {dag.py:3441} INFO - Setting next_dagrun for example_sla_dag to 2024-06-26T13:06:00+00:00, run_after=2024-06-26T13:08:00+00:00
[2024-06-26T13:08:20.748+0000] {processor.py:175} INFO - Processing /home/airflow/.local/lib/python3.7/site-packages/airflow/example_dags/example_sla_dag.py took 0.171 seconds
[2024-06-26T13:08:51.524+0000] {processor.py:153} INFO - Started process (PID=984) to work on /home/airflow/.local/lib/python3.7/site-packages/airflow/example_dags/example_sla_dag.py
[2024-06-26T13:08:51.524+0000] {processor.py:743} INFO - Processing file /home/airflow/.local/lib/python3.7/site-packages/airflow/example_dags/example_sla_dag.py for tasks to queue
[2024-06-26T13:08:51.525+0000] {logging_mixin.py:137} INFO - [2024-06-26T13:08:51.525+0000] {dagbag.py:538} INFO - Filling up the DagBag from /home/airflow/.local/lib/python3.7/site-packages/airflow/example_dags/example_sla_dag.py
[2024-06-26T13:08:51.543+0000] {processor.py:753} INFO - DAG(s) dict_keys(['example_sla_dag']) retrieved from /home/airflow/.local/lib/python3.7/site-packages/airflow/example_dags/example_sla_dag.py
[2024-06-26T13:08:51.560+0000] {logging_mixin.py:137} INFO - [2024-06-26T13:08:51.560+0000] {dag.py:2690} INFO - Sync 1 DAGs
[2024-06-26T13:08:51.582+0000] {logging_mixin.py:137} INFO - [2024-06-26T13:08:51.582+0000] {dag.py:3441} INFO - Setting next_dagrun for example_sla_dag to 2024-06-26T13:06:00+00:00, run_after=2024-06-26T13:08:00+00:00
[2024-06-26T13:08:51.597+0000] {processor.py:175} INFO - Processing /home/airflow/.local/lib/python3.7/site-packages/airflow/example_dags/example_sla_dag.py took 0.075 seconds
[2024-06-26T13:09:22.316+0000] {processor.py:153} INFO - Started process (PID=1083) to work on /home/airflow/.local/lib/python3.7/site-packages/airflow/example_dags/example_sla_dag.py
[2024-06-26T13:09:22.317+0000] {processor.py:743} INFO - Processing file /home/airflow/.local/lib/python3.7/site-packages/airflow/example_dags/example_sla_dag.py for tasks to queue
[2024-06-26T13:09:22.317+0000] {logging_mixin.py:137} INFO - [2024-06-26T13:09:22.317+0000] {dagbag.py:538} INFO - Filling up the DagBag from /home/airflow/.local/lib/python3.7/site-packages/airflow/example_dags/example_sla_dag.py
[2024-06-26T13:09:22.332+0000] {processor.py:753} INFO - DAG(s) dict_keys(['example_sla_dag']) retrieved from /home/airflow/.local/lib/python3.7/site-packages/airflow/example_dags/example_sla_dag.py
[2024-06-26T13:09:22.348+0000] {logging_mixin.py:137} INFO - [2024-06-26T13:09:22.348+0000] {dag.py:2690} INFO - Sync 1 DAGs
[2024-06-26T13:09:22.368+0000] {logging_mixin.py:137} INFO - [2024-06-26T13:09:22.368+0000] {dag.py:3441} INFO - Setting next_dagrun for example_sla_dag to 2024-06-26T13:06:00+00:00, run_after=2024-06-26T13:08:00+00:00
[2024-06-26T13:09:22.381+0000] {processor.py:175} INFO - Processing /home/airflow/.local/lib/python3.7/site-packages/airflow/example_dags/example_sla_dag.py took 0.067 seconds
[2024-06-26T13:09:53.072+0000] {processor.py:153} INFO - Started process (PID=1162) to work on /home/airflow/.local/lib/python3.7/site-packages/airflow/example_dags/example_sla_dag.py
[2024-06-26T13:09:53.073+0000] {processor.py:743} INFO - Processing file /home/airflow/.local/lib/python3.7/site-packages/airflow/example_dags/example_sla_dag.py for tasks to queue
[2024-06-26T13:09:53.073+0000] {logging_mixin.py:137} INFO - [2024-06-26T13:09:53.073+0000] {dagbag.py:538} INFO - Filling up the DagBag from /home/airflow/.local/lib/python3.7/site-packages/airflow/example_dags/example_sla_dag.py
[2024-06-26T13:09:53.089+0000] {processor.py:753} INFO - DAG(s) dict_keys(['example_sla_dag']) retrieved from /home/airflow/.local/lib/python3.7/site-packages/airflow/example_dags/example_sla_dag.py
[2024-06-26T13:09:53.105+0000] {logging_mixin.py:137} INFO - [2024-06-26T13:09:53.105+0000] {dag.py:2690} INFO - Sync 1 DAGs
[2024-06-26T13:09:53.124+0000] {logging_mixin.py:137} INFO - [2024-06-26T13:09:53.124+0000] {dag.py:3441} INFO - Setting next_dagrun for example_sla_dag to 2024-06-26T13:06:00+00:00, run_after=2024-06-26T13:08:00+00:00
[2024-06-26T13:09:53.136+0000] {processor.py:175} INFO - Processing /home/airflow/.local/lib/python3.7/site-packages/airflow/example_dags/example_sla_dag.py took 0.065 seconds
[2024-06-26T13:10:23.909+0000] {processor.py:153} INFO - Started process (PID=1261) to work on /home/airflow/.local/lib/python3.7/site-packages/airflow/example_dags/example_sla_dag.py
[2024-06-26T13:10:23.909+0000] {processor.py:743} INFO - Processing file /home/airflow/.local/lib/python3.7/site-packages/airflow/example_dags/example_sla_dag.py for tasks to queue
[2024-06-26T13:10:23.910+0000] {logging_mixin.py:137} INFO - [2024-06-26T13:10:23.910+0000] {dagbag.py:538} INFO - Filling up the DagBag from /home/airflow/.local/lib/python3.7/site-packages/airflow/example_dags/example_sla_dag.py
[2024-06-26T13:10:23.925+0000] {processor.py:753} INFO - DAG(s) dict_keys(['example_sla_dag']) retrieved from /home/airflow/.local/lib/python3.7/site-packages/airflow/example_dags/example_sla_dag.py
[2024-06-26T13:10:23.942+0000] {logging_mixin.py:137} INFO - [2024-06-26T13:10:23.941+0000] {dag.py:2690} INFO - Sync 1 DAGs
[2024-06-26T13:10:23.961+0000] {logging_mixin.py:137} INFO - [2024-06-26T13:10:23.961+0000] {dag.py:3441} INFO - Setting next_dagrun for example_sla_dag to 2024-06-26T13:08:00+00:00, run_after=2024-06-26T13:10:00+00:00
[2024-06-26T13:10:23.973+0000] {processor.py:175} INFO - Processing /home/airflow/.local/lib/python3.7/site-packages/airflow/example_dags/example_sla_dag.py took 0.066 seconds
[2024-06-26T13:10:54.902+0000] {processor.py:153} INFO - Started process (PID=1360) to work on /home/airflow/.local/lib/python3.7/site-packages/airflow/example_dags/example_sla_dag.py
[2024-06-26T13:10:54.903+0000] {processor.py:743} INFO - Processing file /home/airflow/.local/lib/python3.7/site-packages/airflow/example_dags/example_sla_dag.py for tasks to queue
[2024-06-26T13:10:54.903+0000] {logging_mixin.py:137} INFO - [2024-06-26T13:10:54.903+0000] {dagbag.py:538} INFO - Filling up the DagBag from /home/airflow/.local/lib/python3.7/site-packages/airflow/example_dags/example_sla_dag.py
[2024-06-26T13:10:54.921+0000] {processor.py:753} INFO - DAG(s) dict_keys(['example_sla_dag']) retrieved from /home/airflow/.local/lib/python3.7/site-packages/airflow/example_dags/example_sla_dag.py
[2024-06-26T13:10:54.941+0000] {logging_mixin.py:137} INFO - [2024-06-26T13:10:54.940+0000] {dag.py:2690} INFO - Sync 1 DAGs
[2024-06-26T13:10:54.965+0000] {logging_mixin.py:137} INFO - [2024-06-26T13:10:54.965+0000] {dag.py:3441} INFO - Setting next_dagrun for example_sla_dag to 2024-06-26T13:08:00+00:00, run_after=2024-06-26T13:10:00+00:00
[2024-06-26T13:10:54.980+0000] {processor.py:175} INFO - Processing /home/airflow/.local/lib/python3.7/site-packages/airflow/example_dags/example_sla_dag.py took 0.080 seconds
[2024-06-26T13:11:25.658+0000] {processor.py:153} INFO - Started process (PID=1439) to work on /home/airflow/.local/lib/python3.7/site-packages/airflow/example_dags/example_sla_dag.py
[2024-06-26T13:11:25.659+0000] {processor.py:743} INFO - Processing file /home/airflow/.local/lib/python3.7/site-packages/airflow/example_dags/example_sla_dag.py for tasks to queue
[2024-06-26T13:11:25.659+0000] {logging_mixin.py:137} INFO - [2024-06-26T13:11:25.659+0000] {dagbag.py:538} INFO - Filling up the DagBag from /home/airflow/.local/lib/python3.7/site-packages/airflow/example_dags/example_sla_dag.py
[2024-06-26T13:11:25.674+0000] {processor.py:753} INFO - DAG(s) dict_keys(['example_sla_dag']) retrieved from /home/airflow/.local/lib/python3.7/site-packages/airflow/example_dags/example_sla_dag.py
[2024-06-26T13:11:25.689+0000] {logging_mixin.py:137} INFO - [2024-06-26T13:11:25.689+0000] {dag.py:2690} INFO - Sync 1 DAGs
[2024-06-26T13:11:25.709+0000] {logging_mixin.py:137} INFO - [2024-06-26T13:11:25.709+0000] {dag.py:3441} INFO - Setting next_dagrun for example_sla_dag to 2024-06-26T13:08:00+00:00, run_after=2024-06-26T13:10:00+00:00
[2024-06-26T13:11:25.722+0000] {processor.py:175} INFO - Processing /home/airflow/.local/lib/python3.7/site-packages/airflow/example_dags/example_sla_dag.py took 0.066 seconds
[2024-06-26T13:11:56.458+0000] {processor.py:153} INFO - Started process (PID=1538) to work on /home/airflow/.local/lib/python3.7/site-packages/airflow/example_dags/example_sla_dag.py
[2024-06-26T13:11:56.459+0000] {processor.py:743} INFO - Processing file /home/airflow/.local/lib/python3.7/site-packages/airflow/example_dags/example_sla_dag.py for tasks to queue
[2024-06-26T13:11:56.459+0000] {logging_mixin.py:137} INFO - [2024-06-26T13:11:56.459+0000] {dagbag.py:538} INFO - Filling up the DagBag from /home/airflow/.local/lib/python3.7/site-packages/airflow/example_dags/example_sla_dag.py
[2024-06-26T13:11:56.474+0000] {processor.py:753} INFO - DAG(s) dict_keys(['example_sla_dag']) retrieved from /home/airflow/.local/lib/python3.7/site-packages/airflow/example_dags/example_sla_dag.py
[2024-06-26T13:11:56.490+0000] {logging_mixin.py:137} INFO - [2024-06-26T13:11:56.490+0000] {dag.py:2690} INFO - Sync 1 DAGs
[2024-06-26T13:11:56.509+0000] {logging_mixin.py:137} INFO - [2024-06-26T13:11:56.508+0000] {dag.py:3441} INFO - Setting next_dagrun for example_sla_dag to 2024-06-26T13:08:00+00:00, run_after=2024-06-26T13:10:00+00:00
[2024-06-26T13:11:56.520+0000] {processor.py:175} INFO - Processing /home/airflow/.local/lib/python3.7/site-packages/airflow/example_dags/example_sla_dag.py took 0.063 seconds
[2024-06-26T13:12:27.254+0000] {processor.py:153} INFO - Started process (PID=1617) to work on /home/airflow/.local/lib/python3.7/site-packages/airflow/example_dags/example_sla_dag.py
[2024-06-26T13:12:27.255+0000] {processor.py:743} INFO - Processing file /home/airflow/.local/lib/python3.7/site-packages/airflow/example_dags/example_sla_dag.py for tasks to queue
[2024-06-26T13:12:27.255+0000] {logging_mixin.py:137} INFO - [2024-06-26T13:12:27.255+0000] {dagbag.py:538} INFO - Filling up the DagBag from /home/airflow/.local/lib/python3.7/site-packages/airflow/example_dags/example_sla_dag.py
[2024-06-26T13:12:27.271+0000] {processor.py:753} INFO - DAG(s) dict_keys(['example_sla_dag']) retrieved from /home/airflow/.local/lib/python3.7/site-packages/airflow/example_dags/example_sla_dag.py
[2024-06-26T13:12:27.287+0000] {logging_mixin.py:137} INFO - [2024-06-26T13:12:27.287+0000] {dag.py:2690} INFO - Sync 1 DAGs
[2024-06-26T13:12:27.306+0000] {logging_mixin.py:137} INFO - [2024-06-26T13:12:27.306+0000] {dag.py:3441} INFO - Setting next_dagrun for example_sla_dag to 2024-06-26T13:10:00+00:00, run_after=2024-06-26T13:12:00+00:00
[2024-06-26T13:12:27.317+0000] {processor.py:175} INFO - Processing /home/airflow/.local/lib/python3.7/site-packages/airflow/example_dags/example_sla_dag.py took 0.065 seconds
[2024-06-26T13:12:58.043+0000] {processor.py:153} INFO - Started process (PID=1716) to work on /home/airflow/.local/lib/python3.7/site-packages/airflow/example_dags/example_sla_dag.py
[2024-06-26T13:12:58.044+0000] {processor.py:743} INFO - Processing file /home/airflow/.local/lib/python3.7/site-packages/airflow/example_dags/example_sla_dag.py for tasks to queue
[2024-06-26T13:12:58.045+0000] {logging_mixin.py:137} INFO - [2024-06-26T13:12:58.044+0000] {dagbag.py:538} INFO - Filling up the DagBag from /home/airflow/.local/lib/python3.7/site-packages/airflow/example_dags/example_sla_dag.py
[2024-06-26T13:12:58.060+0000] {processor.py:753} INFO - DAG(s) dict_keys(['example_sla_dag']) retrieved from /home/airflow/.local/lib/python3.7/site-packages/airflow/example_dags/example_sla_dag.py
[2024-06-26T13:12:58.076+0000] {logging_mixin.py:137} INFO - [2024-06-26T13:12:58.076+0000] {dag.py:2690} INFO - Sync 1 DAGs
[2024-06-26T13:12:58.096+0000] {logging_mixin.py:137} INFO - [2024-06-26T13:12:58.096+0000] {dag.py:3441} INFO - Setting next_dagrun for example_sla_dag to 2024-06-26T13:10:00+00:00, run_after=2024-06-26T13:12:00+00:00
[2024-06-26T13:12:58.108+0000] {processor.py:175} INFO - Processing /home/airflow/.local/lib/python3.7/site-packages/airflow/example_dags/example_sla_dag.py took 0.067 seconds
[2024-06-26T13:13:29.012+0000] {processor.py:153} INFO - Started process (PID=1815) to work on /home/airflow/.local/lib/python3.7/site-packages/airflow/example_dags/example_sla_dag.py
[2024-06-26T13:13:29.012+0000] {processor.py:743} INFO - Processing file /home/airflow/.local/lib/python3.7/site-packages/airflow/example_dags/example_sla_dag.py for tasks to queue
[2024-06-26T13:13:29.013+0000] {logging_mixin.py:137} INFO - [2024-06-26T13:13:29.013+0000] {dagbag.py:538} INFO - Filling up the DagBag from /home/airflow/.local/lib/python3.7/site-packages/airflow/example_dags/example_sla_dag.py
[2024-06-26T13:13:29.029+0000] {processor.py:753} INFO - DAG(s) dict_keys(['example_sla_dag']) retrieved from /home/airflow/.local/lib/python3.7/site-packages/airflow/example_dags/example_sla_dag.py
[2024-06-26T13:13:29.045+0000] {logging_mixin.py:137} INFO - [2024-06-26T13:13:29.045+0000] {dag.py:2690} INFO - Sync 1 DAGs
[2024-06-26T13:13:29.064+0000] {logging_mixin.py:137} INFO - [2024-06-26T13:13:29.064+0000] {dag.py:3441} INFO - Setting next_dagrun for example_sla_dag to 2024-06-26T13:10:00+00:00, run_after=2024-06-26T13:12:00+00:00
[2024-06-26T13:13:29.076+0000] {processor.py:175} INFO - Processing /home/airflow/.local/lib/python3.7/site-packages/airflow/example_dags/example_sla_dag.py took 0.066 seconds
[2024-06-26T13:13:59.753+0000] {processor.py:153} INFO - Started process (PID=1894) to work on /home/airflow/.local/lib/python3.7/site-packages/airflow/example_dags/example_sla_dag.py
[2024-06-26T13:13:59.754+0000] {processor.py:743} INFO - Processing file /home/airflow/.local/lib/python3.7/site-packages/airflow/example_dags/example_sla_dag.py for tasks to queue
[2024-06-26T13:13:59.754+0000] {logging_mixin.py:137} INFO - [2024-06-26T13:13:59.754+0000] {dagbag.py:538} INFO - Filling up the DagBag from /home/airflow/.local/lib/python3.7/site-packages/airflow/example_dags/example_sla_dag.py
[2024-06-26T13:13:59.770+0000] {processor.py:753} INFO - DAG(s) dict_keys(['example_sla_dag']) retrieved from /home/airflow/.local/lib/python3.7/site-packages/airflow/example_dags/example_sla_dag.py
[2024-06-26T13:13:59.786+0000] {logging_mixin.py:137} INFO - [2024-06-26T13:13:59.785+0000] {dag.py:2690} INFO - Sync 1 DAGs
[2024-06-26T13:13:59.804+0000] {logging_mixin.py:137} INFO - [2024-06-26T13:13:59.804+0000] {dag.py:3441} INFO - Setting next_dagrun for example_sla_dag to 2024-06-26T13:10:00+00:00, run_after=2024-06-26T13:12:00+00:00
[2024-06-26T13:13:59.816+0000] {processor.py:175} INFO - Processing /home/airflow/.local/lib/python3.7/site-packages/airflow/example_dags/example_sla_dag.py took 0.064 seconds
[2024-06-26T13:14:30.489+0000] {processor.py:153} INFO - Started process (PID=1993) to work on /home/airflow/.local/lib/python3.7/site-packages/airflow/example_dags/example_sla_dag.py
[2024-06-26T13:14:30.490+0000] {processor.py:743} INFO - Processing file /home/airflow/.local/lib/python3.7/site-packages/airflow/example_dags/example_sla_dag.py for tasks to queue
[2024-06-26T13:14:30.490+0000] {logging_mixin.py:137} INFO - [2024-06-26T13:14:30.490+0000] {dagbag.py:538} INFO - Filling up the DagBag from /home/airflow/.local/lib/python3.7/site-packages/airflow/example_dags/example_sla_dag.py
[2024-06-26T13:14:30.505+0000] {processor.py:753} INFO - DAG(s) dict_keys(['example_sla_dag']) retrieved from /home/airflow/.local/lib/python3.7/site-packages/airflow/example_dags/example_sla_dag.py
[2024-06-26T13:14:30.521+0000] {logging_mixin.py:137} INFO - [2024-06-26T13:14:30.521+0000] {dag.py:2690} INFO - Sync 1 DAGs
[2024-06-26T13:14:30.540+0000] {logging_mixin.py:137} INFO - [2024-06-26T13:14:30.540+0000] {dag.py:3441} INFO - Setting next_dagrun for example_sla_dag to 2024-06-26T13:12:00+00:00, run_after=2024-06-26T13:14:00+00:00
[2024-06-26T13:14:30.553+0000] {processor.py:175} INFO - Processing /home/airflow/.local/lib/python3.7/site-packages/airflow/example_dags/example_sla_dag.py took 0.065 seconds
[2024-06-26T13:15:01.418+0000] {processor.py:153} INFO - Started process (PID=2092) to work on /home/airflow/.local/lib/python3.7/site-packages/airflow/example_dags/example_sla_dag.py
[2024-06-26T13:15:01.419+0000] {processor.py:743} INFO - Processing file /home/airflow/.local/lib/python3.7/site-packages/airflow/example_dags/example_sla_dag.py for tasks to queue
[2024-06-26T13:15:01.419+0000] {logging_mixin.py:137} INFO - [2024-06-26T13:15:01.419+0000] {dagbag.py:538} INFO - Filling up the DagBag from /home/airflow/.local/lib/python3.7/site-packages/airflow/example_dags/example_sla_dag.py
[2024-06-26T13:15:01.435+0000] {processor.py:753} INFO - DAG(s) dict_keys(['example_sla_dag']) retrieved from /home/airflow/.local/lib/python3.7/site-packages/airflow/example_dags/example_sla_dag.py
[2024-06-26T13:15:01.452+0000] {logging_mixin.py:137} INFO - [2024-06-26T13:15:01.452+0000] {dag.py:2690} INFO - Sync 1 DAGs
[2024-06-26T13:15:01.475+0000] {logging_mixin.py:137} INFO - [2024-06-26T13:15:01.475+0000] {dag.py:3441} INFO - Setting next_dagrun for example_sla_dag to 2024-06-26T13:12:00+00:00, run_after=2024-06-26T13:14:00+00:00
[2024-06-26T13:15:01.489+0000] {processor.py:175} INFO - Processing /home/airflow/.local/lib/python3.7/site-packages/airflow/example_dags/example_sla_dag.py took 0.073 seconds
[2024-06-26T13:15:32.292+0000] {processor.py:153} INFO - Started process (PID=2171) to work on /home/airflow/.local/lib/python3.7/site-packages/airflow/example_dags/example_sla_dag.py
[2024-06-26T13:15:32.293+0000] {processor.py:743} INFO - Processing file /home/airflow/.local/lib/python3.7/site-packages/airflow/example_dags/example_sla_dag.py for tasks to queue
[2024-06-26T13:15:32.293+0000] {logging_mixin.py:137} INFO - [2024-06-26T13:15:32.293+0000] {dagbag.py:538} INFO - Filling up the DagBag from /home/airflow/.local/lib/python3.7/site-packages/airflow/example_dags/example_sla_dag.py
[2024-06-26T13:15:32.308+0000] {processor.py:753} INFO - DAG(s) dict_keys(['example_sla_dag']) retrieved from /home/airflow/.local/lib/python3.7/site-packages/airflow/example_dags/example_sla_dag.py
[2024-06-26T13:15:32.324+0000] {logging_mixin.py:137} INFO - [2024-06-26T13:15:32.324+0000] {dag.py:2690} INFO - Sync 1 DAGs
[2024-06-26T13:15:32.343+0000] {logging_mixin.py:137} INFO - [2024-06-26T13:15:32.343+0000] {dag.py:3441} INFO - Setting next_dagrun for example_sla_dag to 2024-06-26T13:12:00+00:00, run_after=2024-06-26T13:14:00+00:00
[2024-06-26T13:15:32.355+0000] {processor.py:175} INFO - Processing /home/airflow/.local/lib/python3.7/site-packages/airflow/example_dags/example_sla_dag.py took 0.064 seconds
[2024-06-26T13:16:03.159+0000] {processor.py:153} INFO - Started process (PID=2270) to work on /home/airflow/.local/lib/python3.7/site-packages/airflow/example_dags/example_sla_dag.py
[2024-06-26T13:16:03.159+0000] {processor.py:743} INFO - Processing file /home/airflow/.local/lib/python3.7/site-packages/airflow/example_dags/example_sla_dag.py for tasks to queue
[2024-06-26T13:16:03.160+0000] {logging_mixin.py:137} INFO - [2024-06-26T13:16:03.160+0000] {dagbag.py:538} INFO - Filling up the DagBag from /home/airflow/.local/lib/python3.7/site-packages/airflow/example_dags/example_sla_dag.py
[2024-06-26T13:16:03.176+0000] {processor.py:753} INFO - DAG(s) dict_keys(['example_sla_dag']) retrieved from /home/airflow/.local/lib/python3.7/site-packages/airflow/example_dags/example_sla_dag.py
[2024-06-26T13:16:03.192+0000] {logging_mixin.py:137} INFO - [2024-06-26T13:16:03.192+0000] {dag.py:2690} INFO - Sync 1 DAGs
[2024-06-26T13:16:03.212+0000] {logging_mixin.py:137} INFO - [2024-06-26T13:16:03.212+0000] {dag.py:3441} INFO - Setting next_dagrun for example_sla_dag to 2024-06-26T13:14:00+00:00, run_after=2024-06-26T13:16:00+00:00
[2024-06-26T13:16:03.224+0000] {processor.py:175} INFO - Processing /home/airflow/.local/lib/python3.7/site-packages/airflow/example_dags/example_sla_dag.py took 0.067 seconds
[2024-06-26T13:16:33.904+0000] {processor.py:153} INFO - Started process (PID=2349) to work on /home/airflow/.local/lib/python3.7/site-packages/airflow/example_dags/example_sla_dag.py
[2024-06-26T13:16:33.905+0000] {processor.py:743} INFO - Processing file /home/airflow/.local/lib/python3.7/site-packages/airflow/example_dags/example_sla_dag.py for tasks to queue
[2024-06-26T13:16:33.905+0000] {logging_mixin.py:137} INFO - [2024-06-26T13:16:33.905+0000] {dagbag.py:538} INFO - Filling up the DagBag from /home/airflow/.local/lib/python3.7/site-packages/airflow/example_dags/example_sla_dag.py
[2024-06-26T13:16:33.921+0000] {processor.py:753} INFO - DAG(s) dict_keys(['example_sla_dag']) retrieved from /home/airflow/.local/lib/python3.7/site-packages/airflow/example_dags/example_sla_dag.py
[2024-06-26T13:16:33.937+0000] {logging_mixin.py:137} INFO - [2024-06-26T13:16:33.937+0000] {dag.py:2690} INFO - Sync 1 DAGs
[2024-06-26T13:16:33.957+0000] {logging_mixin.py:137} INFO - [2024-06-26T13:16:33.957+0000] {dag.py:3441} INFO - Setting next_dagrun for example_sla_dag to 2024-06-26T13:14:00+00:00, run_after=2024-06-26T13:16:00+00:00
[2024-06-26T13:16:33.969+0000] {processor.py:175} INFO - Processing /home/airflow/.local/lib/python3.7/site-packages/airflow/example_dags/example_sla_dag.py took 0.066 seconds
[2024-06-26T13:17:04.782+0000] {processor.py:153} INFO - Started process (PID=2448) to work on /home/airflow/.local/lib/python3.7/site-packages/airflow/example_dags/example_sla_dag.py
[2024-06-26T13:17:04.782+0000] {processor.py:743} INFO - Processing file /home/airflow/.local/lib/python3.7/site-packages/airflow/example_dags/example_sla_dag.py for tasks to queue
[2024-06-26T13:17:04.782+0000] {logging_mixin.py:137} INFO - [2024-06-26T13:17:04.782+0000] {dagbag.py:538} INFO - Filling up the DagBag from /home/airflow/.local/lib/python3.7/site-packages/airflow/example_dags/example_sla_dag.py
[2024-06-26T13:17:04.798+0000] {processor.py:753} INFO - DAG(s) dict_keys(['example_sla_dag']) retrieved from /home/airflow/.local/lib/python3.7/site-packages/airflow/example_dags/example_sla_dag.py
[2024-06-26T13:17:04.813+0000] {logging_mixin.py:137} INFO - [2024-06-26T13:17:04.813+0000] {dag.py:2690} INFO - Sync 1 DAGs
[2024-06-26T13:17:04.834+0000] {logging_mixin.py:137} INFO - [2024-06-26T13:17:04.833+0000] {dag.py:3441} INFO - Setting next_dagrun for example_sla_dag to 2024-06-26T13:14:00+00:00, run_after=2024-06-26T13:16:00+00:00
[2024-06-26T13:17:04.846+0000] {processor.py:175} INFO - Processing /home/airflow/.local/lib/python3.7/site-packages/airflow/example_dags/example_sla_dag.py took 0.067 seconds
[2024-06-26T13:17:35.795+0000] {processor.py:153} INFO - Started process (PID=2547) to work on /home/airflow/.local/lib/python3.7/site-packages/airflow/example_dags/example_sla_dag.py
[2024-06-26T13:17:35.795+0000] {processor.py:743} INFO - Processing file /home/airflow/.local/lib/python3.7/site-packages/airflow/example_dags/example_sla_dag.py for tasks to queue
[2024-06-26T13:17:35.796+0000] {logging_mixin.py:137} INFO - [2024-06-26T13:17:35.796+0000] {dagbag.py:538} INFO - Filling up the DagBag from /home/airflow/.local/lib/python3.7/site-packages/airflow/example_dags/example_sla_dag.py
[2024-06-26T13:17:35.810+0000] {processor.py:753} INFO - DAG(s) dict_keys(['example_sla_dag']) retrieved from /home/airflow/.local/lib/python3.7/site-packages/airflow/example_dags/example_sla_dag.py
[2024-06-26T13:17:35.827+0000] {logging_mixin.py:137} INFO - [2024-06-26T13:17:35.827+0000] {dag.py:2690} INFO - Sync 1 DAGs
[2024-06-26T13:17:35.846+0000] {logging_mixin.py:137} INFO - [2024-06-26T13:17:35.846+0000] {dag.py:3441} INFO - Setting next_dagrun for example_sla_dag to 2024-06-26T13:14:00+00:00, run_after=2024-06-26T13:16:00+00:00
[2024-06-26T13:17:35.857+0000] {processor.py:175} INFO - Processing /home/airflow/.local/lib/python3.7/site-packages/airflow/example_dags/example_sla_dag.py took 0.064 seconds
[2024-06-26T13:18:06.587+0000] {processor.py:153} INFO - Started process (PID=2626) to work on /home/airflow/.local/lib/python3.7/site-packages/airflow/example_dags/example_sla_dag.py
[2024-06-26T13:18:06.588+0000] {processor.py:743} INFO - Processing file /home/airflow/.local/lib/python3.7/site-packages/airflow/example_dags/example_sla_dag.py for tasks to queue
[2024-06-26T13:18:06.588+0000] {logging_mixin.py:137} INFO - [2024-06-26T13:18:06.588+0000] {dagbag.py:538} INFO - Filling up the DagBag from /home/airflow/.local/lib/python3.7/site-packages/airflow/example_dags/example_sla_dag.py
[2024-06-26T13:18:06.604+0000] {processor.py:753} INFO - DAG(s) dict_keys(['example_sla_dag']) retrieved from /home/airflow/.local/lib/python3.7/site-packages/airflow/example_dags/example_sla_dag.py
[2024-06-26T13:18:06.621+0000] {logging_mixin.py:137} INFO - [2024-06-26T13:18:06.621+0000] {dag.py:2690} INFO - Sync 1 DAGs
[2024-06-26T13:18:06.641+0000] {logging_mixin.py:137} INFO - [2024-06-26T13:18:06.641+0000] {dag.py:3441} INFO - Setting next_dagrun for example_sla_dag to 2024-06-26T13:16:00+00:00, run_after=2024-06-26T13:18:00+00:00
[2024-06-26T13:18:06.654+0000] {processor.py:175} INFO - Processing /home/airflow/.local/lib/python3.7/site-packages/airflow/example_dags/example_sla_dag.py took 0.068 seconds
[2024-06-26T13:18:37.398+0000] {processor.py:153} INFO - Started process (PID=2725) to work on /home/airflow/.local/lib/python3.7/site-packages/airflow/example_dags/example_sla_dag.py
[2024-06-26T13:18:37.399+0000] {processor.py:743} INFO - Processing file /home/airflow/.local/lib/python3.7/site-packages/airflow/example_dags/example_sla_dag.py for tasks to queue
[2024-06-26T13:18:37.399+0000] {logging_mixin.py:137} INFO - [2024-06-26T13:18:37.399+0000] {dagbag.py:538} INFO - Filling up the DagBag from /home/airflow/.local/lib/python3.7/site-packages/airflow/example_dags/example_sla_dag.py
[2024-06-26T13:18:37.414+0000] {processor.py:753} INFO - DAG(s) dict_keys(['example_sla_dag']) retrieved from /home/airflow/.local/lib/python3.7/site-packages/airflow/example_dags/example_sla_dag.py
[2024-06-26T13:18:37.430+0000] {logging_mixin.py:137} INFO - [2024-06-26T13:18:37.430+0000] {dag.py:2690} INFO - Sync 1 DAGs
[2024-06-26T13:18:37.450+0000] {logging_mixin.py:137} INFO - [2024-06-26T13:18:37.450+0000] {dag.py:3441} INFO - Setting next_dagrun for example_sla_dag to 2024-06-26T13:16:00+00:00, run_after=2024-06-26T13:18:00+00:00
[2024-06-26T13:18:37.461+0000] {processor.py:175} INFO - Processing /home/airflow/.local/lib/python3.7/site-packages/airflow/example_dags/example_sla_dag.py took 0.064 seconds
[2024-06-26T13:19:08.271+0000] {processor.py:153} INFO - Started process (PID=2824) to work on /home/airflow/.local/lib/python3.7/site-packages/airflow/example_dags/example_sla_dag.py
[2024-06-26T13:19:08.272+0000] {processor.py:743} INFO - Processing file /home/airflow/.local/lib/python3.7/site-packages/airflow/example_dags/example_sla_dag.py for tasks to queue
[2024-06-26T13:19:08.272+0000] {logging_mixin.py:137} INFO - [2024-06-26T13:19:08.272+0000] {dagbag.py:538} INFO - Filling up the DagBag from /home/airflow/.local/lib/python3.7/site-packages/airflow/example_dags/example_sla_dag.py
[2024-06-26T13:19:08.289+0000] {processor.py:753} INFO - DAG(s) dict_keys(['example_sla_dag']) retrieved from /home/airflow/.local/lib/python3.7/site-packages/airflow/example_dags/example_sla_dag.py
[2024-06-26T13:19:08.308+0000] {logging_mixin.py:137} INFO - [2024-06-26T13:19:08.308+0000] {dag.py:2690} INFO - Sync 1 DAGs
[2024-06-26T13:19:08.330+0000] {logging_mixin.py:137} INFO - [2024-06-26T13:19:08.329+0000] {dag.py:3441} INFO - Setting next_dagrun for example_sla_dag to 2024-06-26T13:16:00+00:00, run_after=2024-06-26T13:18:00+00:00
[2024-06-26T13:19:08.341+0000] {processor.py:175} INFO - Processing /home/airflow/.local/lib/python3.7/site-packages/airflow/example_dags/example_sla_dag.py took 0.072 seconds
[2024-06-26T13:19:38.997+0000] {processor.py:153} INFO - Started process (PID=2903) to work on /home/airflow/.local/lib/python3.7/site-packages/airflow/example_dags/example_sla_dag.py
[2024-06-26T13:19:38.997+0000] {processor.py:743} INFO - Processing file /home/airflow/.local/lib/python3.7/site-packages/airflow/example_dags/example_sla_dag.py for tasks to queue
[2024-06-26T13:19:38.998+0000] {logging_mixin.py:137} INFO - [2024-06-26T13:19:38.998+0000] {dagbag.py:538} INFO - Filling up the DagBag from /home/airflow/.local/lib/python3.7/site-packages/airflow/example_dags/example_sla_dag.py
[2024-06-26T13:19:39.013+0000] {processor.py:753} INFO - DAG(s) dict_keys(['example_sla_dag']) retrieved from /home/airflow/.local/lib/python3.7/site-packages/airflow/example_dags/example_sla_dag.py
[2024-06-26T13:19:39.029+0000] {logging_mixin.py:137} INFO - [2024-06-26T13:19:39.029+0000] {dag.py:2690} INFO - Sync 1 DAGs
[2024-06-26T13:19:39.050+0000] {logging_mixin.py:137} INFO - [2024-06-26T13:19:39.049+0000] {dag.py:3441} INFO - Setting next_dagrun for example_sla_dag to 2024-06-26T13:16:00+00:00, run_after=2024-06-26T13:18:00+00:00
[2024-06-26T13:19:39.061+0000] {processor.py:175} INFO - Processing /home/airflow/.local/lib/python3.7/site-packages/airflow/example_dags/example_sla_dag.py took 0.067 seconds
[2024-06-26T13:20:09.891+0000] {processor.py:153} INFO - Started process (PID=3002) to work on /home/airflow/.local/lib/python3.7/site-packages/airflow/example_dags/example_sla_dag.py
[2024-06-26T13:20:09.892+0000] {processor.py:743} INFO - Processing file /home/airflow/.local/lib/python3.7/site-packages/airflow/example_dags/example_sla_dag.py for tasks to queue
[2024-06-26T13:20:09.892+0000] {logging_mixin.py:137} INFO - [2024-06-26T13:20:09.892+0000] {dagbag.py:538} INFO - Filling up the DagBag from /home/airflow/.local/lib/python3.7/site-packages/airflow/example_dags/example_sla_dag.py
[2024-06-26T13:20:09.907+0000] {processor.py:753} INFO - DAG(s) dict_keys(['example_sla_dag']) retrieved from /home/airflow/.local/lib/python3.7/site-packages/airflow/example_dags/example_sla_dag.py
[2024-06-26T13:20:09.923+0000] {logging_mixin.py:137} INFO - [2024-06-26T13:20:09.923+0000] {dag.py:2690} INFO - Sync 1 DAGs
[2024-06-26T13:20:09.942+0000] {logging_mixin.py:137} INFO - [2024-06-26T13:20:09.942+0000] {dag.py:3441} INFO - Setting next_dagrun for example_sla_dag to 2024-06-26T13:18:00+00:00, run_after=2024-06-26T13:20:00+00:00
[2024-06-26T13:20:09.954+0000] {processor.py:175} INFO - Processing /home/airflow/.local/lib/python3.7/site-packages/airflow/example_dags/example_sla_dag.py took 0.065 seconds
[2024-06-26T13:20:40.666+0000] {processor.py:153} INFO - Started process (PID=3088) to work on /home/airflow/.local/lib/python3.7/site-packages/airflow/example_dags/example_sla_dag.py
[2024-06-26T13:20:40.666+0000] {processor.py:743} INFO - Processing file /home/airflow/.local/lib/python3.7/site-packages/airflow/example_dags/example_sla_dag.py for tasks to queue
[2024-06-26T13:20:40.667+0000] {logging_mixin.py:137} INFO - [2024-06-26T13:20:40.667+0000] {dagbag.py:538} INFO - Filling up the DagBag from /home/airflow/.local/lib/python3.7/site-packages/airflow/example_dags/example_sla_dag.py
[2024-06-26T13:20:40.685+0000] {processor.py:753} INFO - DAG(s) dict_keys(['example_sla_dag']) retrieved from /home/airflow/.local/lib/python3.7/site-packages/airflow/example_dags/example_sla_dag.py
[2024-06-26T13:20:40.707+0000] {logging_mixin.py:137} INFO - [2024-06-26T13:20:40.706+0000] {dag.py:2690} INFO - Sync 1 DAGs
[2024-06-26T13:20:40.728+0000] {logging_mixin.py:137} INFO - [2024-06-26T13:20:40.728+0000] {dag.py:3441} INFO - Setting next_dagrun for example_sla_dag to 2024-06-26T13:18:00+00:00, run_after=2024-06-26T13:20:00+00:00
[2024-06-26T13:20:40.740+0000] {processor.py:175} INFO - Processing /home/airflow/.local/lib/python3.7/site-packages/airflow/example_dags/example_sla_dag.py took 0.077 seconds
[2024-06-26T13:21:11.424+0000] {processor.py:153} INFO - Started process (PID=3180) to work on /home/airflow/.local/lib/python3.7/site-packages/airflow/example_dags/example_sla_dag.py
[2024-06-26T13:21:11.425+0000] {processor.py:743} INFO - Processing file /home/airflow/.local/lib/python3.7/site-packages/airflow/example_dags/example_sla_dag.py for tasks to queue
[2024-06-26T13:21:11.425+0000] {logging_mixin.py:137} INFO - [2024-06-26T13:21:11.425+0000] {dagbag.py:538} INFO - Filling up the DagBag from /home/airflow/.local/lib/python3.7/site-packages/airflow/example_dags/example_sla_dag.py
[2024-06-26T13:21:11.440+0000] {processor.py:753} INFO - DAG(s) dict_keys(['example_sla_dag']) retrieved from /home/airflow/.local/lib/python3.7/site-packages/airflow/example_dags/example_sla_dag.py
[2024-06-26T13:21:11.457+0000] {logging_mixin.py:137} INFO - [2024-06-26T13:21:11.457+0000] {dag.py:2690} INFO - Sync 1 DAGs
[2024-06-26T13:21:11.478+0000] {logging_mixin.py:137} INFO - [2024-06-26T13:21:11.478+0000] {dag.py:3441} INFO - Setting next_dagrun for example_sla_dag to 2024-06-26T13:18:00+00:00, run_after=2024-06-26T13:20:00+00:00
[2024-06-26T13:21:11.490+0000] {processor.py:175} INFO - Processing /home/airflow/.local/lib/python3.7/site-packages/airflow/example_dags/example_sla_dag.py took 0.067 seconds
[2024-06-26T13:21:41.533+0000] {processor.py:153} INFO - Started process (PID=3279) to work on /home/airflow/.local/lib/python3.7/site-packages/airflow/example_dags/example_sla_dag.py
[2024-06-26T13:21:41.534+0000] {processor.py:743} INFO - Processing file /home/airflow/.local/lib/python3.7/site-packages/airflow/example_dags/example_sla_dag.py for tasks to queue
[2024-06-26T13:21:41.534+0000] {logging_mixin.py:137} INFO - [2024-06-26T13:21:41.534+0000] {dagbag.py:538} INFO - Filling up the DagBag from /home/airflow/.local/lib/python3.7/site-packages/airflow/example_dags/example_sla_dag.py
[2024-06-26T13:21:41.550+0000] {processor.py:753} INFO - DAG(s) dict_keys(['example_sla_dag']) retrieved from /home/airflow/.local/lib/python3.7/site-packages/airflow/example_dags/example_sla_dag.py
[2024-06-26T13:21:41.565+0000] {logging_mixin.py:137} INFO - [2024-06-26T13:21:41.565+0000] {dag.py:2690} INFO - Sync 1 DAGs
[2024-06-26T13:21:41.585+0000] {logging_mixin.py:137} INFO - [2024-06-26T13:21:41.584+0000] {dag.py:3441} INFO - Setting next_dagrun for example_sla_dag to 2024-06-26T13:18:00+00:00, run_after=2024-06-26T13:20:00+00:00
[2024-06-26T13:21:41.597+0000] {processor.py:175} INFO - Processing /home/airflow/.local/lib/python3.7/site-packages/airflow/example_dags/example_sla_dag.py took 0.065 seconds
[2024-06-26T13:22:12.362+0000] {processor.py:153} INFO - Started process (PID=3358) to work on /home/airflow/.local/lib/python3.7/site-packages/airflow/example_dags/example_sla_dag.py
[2024-06-26T13:22:12.362+0000] {processor.py:743} INFO - Processing file /home/airflow/.local/lib/python3.7/site-packages/airflow/example_dags/example_sla_dag.py for tasks to queue
[2024-06-26T13:22:12.363+0000] {logging_mixin.py:137} INFO - [2024-06-26T13:22:12.363+0000] {dagbag.py:538} INFO - Filling up the DagBag from /home/airflow/.local/lib/python3.7/site-packages/airflow/example_dags/example_sla_dag.py
[2024-06-26T13:22:12.378+0000] {processor.py:753} INFO - DAG(s) dict_keys(['example_sla_dag']) retrieved from /home/airflow/.local/lib/python3.7/site-packages/airflow/example_dags/example_sla_dag.py
[2024-06-26T13:22:12.394+0000] {logging_mixin.py:137} INFO - [2024-06-26T13:22:12.393+0000] {dag.py:2690} INFO - Sync 1 DAGs
[2024-06-26T13:22:12.413+0000] {logging_mixin.py:137} INFO - [2024-06-26T13:22:12.413+0000] {dag.py:3441} INFO - Setting next_dagrun for example_sla_dag to 2024-06-26T13:20:00+00:00, run_after=2024-06-26T13:22:00+00:00
[2024-06-26T13:22:12.426+0000] {processor.py:175} INFO - Processing /home/airflow/.local/lib/python3.7/site-packages/airflow/example_dags/example_sla_dag.py took 0.065 seconds
[2024-06-26T13:22:43.221+0000] {processor.py:153} INFO - Started process (PID=3457) to work on /home/airflow/.local/lib/python3.7/site-packages/airflow/example_dags/example_sla_dag.py
[2024-06-26T13:22:43.222+0000] {processor.py:743} INFO - Processing file /home/airflow/.local/lib/python3.7/site-packages/airflow/example_dags/example_sla_dag.py for tasks to queue
[2024-06-26T13:22:43.223+0000] {logging_mixin.py:137} INFO - [2024-06-26T13:22:43.223+0000] {dagbag.py:538} INFO - Filling up the DagBag from /home/airflow/.local/lib/python3.7/site-packages/airflow/example_dags/example_sla_dag.py
[2024-06-26T13:22:43.246+0000] {processor.py:753} INFO - DAG(s) dict_keys(['example_sla_dag']) retrieved from /home/airflow/.local/lib/python3.7/site-packages/airflow/example_dags/example_sla_dag.py
[2024-06-26T13:22:43.272+0000] {logging_mixin.py:137} INFO - [2024-06-26T13:22:43.271+0000] {dag.py:2690} INFO - Sync 1 DAGs
[2024-06-26T13:22:43.301+0000] {logging_mixin.py:137} INFO - [2024-06-26T13:22:43.300+0000] {dag.py:3441} INFO - Setting next_dagrun for example_sla_dag to 2024-06-26T13:20:00+00:00, run_after=2024-06-26T13:22:00+00:00
[2024-06-26T13:22:43.320+0000] {processor.py:175} INFO - Processing /home/airflow/.local/lib/python3.7/site-packages/airflow/example_dags/example_sla_dag.py took 0.101 seconds
[2024-06-26T13:23:14.002+0000] {processor.py:153} INFO - Started process (PID=3536) to work on /home/airflow/.local/lib/python3.7/site-packages/airflow/example_dags/example_sla_dag.py
[2024-06-26T13:23:14.003+0000] {processor.py:743} INFO - Processing file /home/airflow/.local/lib/python3.7/site-packages/airflow/example_dags/example_sla_dag.py for tasks to queue
[2024-06-26T13:23:14.003+0000] {logging_mixin.py:137} INFO - [2024-06-26T13:23:14.003+0000] {dagbag.py:538} INFO - Filling up the DagBag from /home/airflow/.local/lib/python3.7/site-packages/airflow/example_dags/example_sla_dag.py
[2024-06-26T13:23:14.018+0000] {processor.py:753} INFO - DAG(s) dict_keys(['example_sla_dag']) retrieved from /home/airflow/.local/lib/python3.7/site-packages/airflow/example_dags/example_sla_dag.py
[2024-06-26T13:23:14.035+0000] {logging_mixin.py:137} INFO - [2024-06-26T13:23:14.034+0000] {dag.py:2690} INFO - Sync 1 DAGs
[2024-06-26T13:23:14.054+0000] {logging_mixin.py:137} INFO - [2024-06-26T13:23:14.054+0000] {dag.py:3441} INFO - Setting next_dagrun for example_sla_dag to 2024-06-26T13:20:00+00:00, run_after=2024-06-26T13:22:00+00:00
[2024-06-26T13:23:14.070+0000] {processor.py:175} INFO - Processing /home/airflow/.local/lib/python3.7/site-packages/airflow/example_dags/example_sla_dag.py took 0.070 seconds
[2024-06-26T13:23:44.834+0000] {processor.py:153} INFO - Started process (PID=3635) to work on /home/airflow/.local/lib/python3.7/site-packages/airflow/example_dags/example_sla_dag.py
[2024-06-26T13:23:44.834+0000] {processor.py:743} INFO - Processing file /home/airflow/.local/lib/python3.7/site-packages/airflow/example_dags/example_sla_dag.py for tasks to queue
[2024-06-26T13:23:44.834+0000] {logging_mixin.py:137} INFO - [2024-06-26T13:23:44.834+0000] {dagbag.py:538} INFO - Filling up the DagBag from /home/airflow/.local/lib/python3.7/site-packages/airflow/example_dags/example_sla_dag.py
[2024-06-26T13:23:44.850+0000] {processor.py:753} INFO - DAG(s) dict_keys(['example_sla_dag']) retrieved from /home/airflow/.local/lib/python3.7/site-packages/airflow/example_dags/example_sla_dag.py
[2024-06-26T13:23:44.866+0000] {logging_mixin.py:137} INFO - [2024-06-26T13:23:44.866+0000] {dag.py:2690} INFO - Sync 1 DAGs
[2024-06-26T13:23:44.886+0000] {logging_mixin.py:137} INFO - [2024-06-26T13:23:44.886+0000] {dag.py:3441} INFO - Setting next_dagrun for example_sla_dag to 2024-06-26T13:20:00+00:00, run_after=2024-06-26T13:22:00+00:00
[2024-06-26T13:23:44.899+0000] {processor.py:175} INFO - Processing /home/airflow/.local/lib/python3.7/site-packages/airflow/example_dags/example_sla_dag.py took 0.068 seconds
[2024-06-26T13:24:15.788+0000] {processor.py:153} INFO - Started process (PID=3734) to work on /home/airflow/.local/lib/python3.7/site-packages/airflow/example_dags/example_sla_dag.py
[2024-06-26T13:24:15.788+0000] {processor.py:743} INFO - Processing file /home/airflow/.local/lib/python3.7/site-packages/airflow/example_dags/example_sla_dag.py for tasks to queue
[2024-06-26T13:24:15.789+0000] {logging_mixin.py:137} INFO - [2024-06-26T13:24:15.788+0000] {dagbag.py:538} INFO - Filling up the DagBag from /home/airflow/.local/lib/python3.7/site-packages/airflow/example_dags/example_sla_dag.py
[2024-06-26T13:24:15.804+0000] {processor.py:753} INFO - DAG(s) dict_keys(['example_sla_dag']) retrieved from /home/airflow/.local/lib/python3.7/site-packages/airflow/example_dags/example_sla_dag.py
[2024-06-26T13:24:15.820+0000] {logging_mixin.py:137} INFO - [2024-06-26T13:24:15.820+0000] {dag.py:2690} INFO - Sync 1 DAGs
[2024-06-26T13:24:15.840+0000] {logging_mixin.py:137} INFO - [2024-06-26T13:24:15.840+0000] {dag.py:3441} INFO - Setting next_dagrun for example_sla_dag to 2024-06-26T13:22:00+00:00, run_after=2024-06-26T13:24:00+00:00
[2024-06-26T13:24:15.854+0000] {processor.py:175} INFO - Processing /home/airflow/.local/lib/python3.7/site-packages/airflow/example_dags/example_sla_dag.py took 0.068 seconds
[2024-06-26T13:24:46.526+0000] {processor.py:153} INFO - Started process (PID=3813) to work on /home/airflow/.local/lib/python3.7/site-packages/airflow/example_dags/example_sla_dag.py
[2024-06-26T13:24:46.527+0000] {processor.py:743} INFO - Processing file /home/airflow/.local/lib/python3.7/site-packages/airflow/example_dags/example_sla_dag.py for tasks to queue
[2024-06-26T13:24:46.527+0000] {logging_mixin.py:137} INFO - [2024-06-26T13:24:46.527+0000] {dagbag.py:538} INFO - Filling up the DagBag from /home/airflow/.local/lib/python3.7/site-packages/airflow/example_dags/example_sla_dag.py
[2024-06-26T13:24:46.543+0000] {processor.py:753} INFO - DAG(s) dict_keys(['example_sla_dag']) retrieved from /home/airflow/.local/lib/python3.7/site-packages/airflow/example_dags/example_sla_dag.py
[2024-06-26T13:24:46.559+0000] {logging_mixin.py:137} INFO - [2024-06-26T13:24:46.558+0000] {dag.py:2690} INFO - Sync 1 DAGs
[2024-06-26T13:24:46.579+0000] {logging_mixin.py:137} INFO - [2024-06-26T13:24:46.579+0000] {dag.py:3441} INFO - Setting next_dagrun for example_sla_dag to 2024-06-26T13:22:00+00:00, run_after=2024-06-26T13:24:00+00:00
[2024-06-26T13:24:46.591+0000] {processor.py:175} INFO - Processing /home/airflow/.local/lib/python3.7/site-packages/airflow/example_dags/example_sla_dag.py took 0.067 seconds
[2024-06-26T13:25:17.313+0000] {processor.py:153} INFO - Started process (PID=3912) to work on /home/airflow/.local/lib/python3.7/site-packages/airflow/example_dags/example_sla_dag.py
[2024-06-26T13:25:17.314+0000] {processor.py:743} INFO - Processing file /home/airflow/.local/lib/python3.7/site-packages/airflow/example_dags/example_sla_dag.py for tasks to queue
[2024-06-26T13:25:17.314+0000] {logging_mixin.py:137} INFO - [2024-06-26T13:25:17.314+0000] {dagbag.py:538} INFO - Filling up the DagBag from /home/airflow/.local/lib/python3.7/site-packages/airflow/example_dags/example_sla_dag.py
[2024-06-26T13:25:17.330+0000] {processor.py:753} INFO - DAG(s) dict_keys(['example_sla_dag']) retrieved from /home/airflow/.local/lib/python3.7/site-packages/airflow/example_dags/example_sla_dag.py
[2024-06-26T13:25:17.345+0000] {logging_mixin.py:137} INFO - [2024-06-26T13:25:17.345+0000] {dag.py:2690} INFO - Sync 1 DAGs
[2024-06-26T13:25:17.365+0000] {logging_mixin.py:137} INFO - [2024-06-26T13:25:17.365+0000] {dag.py:3441} INFO - Setting next_dagrun for example_sla_dag to 2024-06-26T13:22:00+00:00, run_after=2024-06-26T13:24:00+00:00
[2024-06-26T13:25:17.378+0000] {processor.py:175} INFO - Processing /home/airflow/.local/lib/python3.7/site-packages/airflow/example_dags/example_sla_dag.py took 0.067 seconds
[2024-06-26T13:25:48.150+0000] {processor.py:153} INFO - Started process (PID=4011) to work on /home/airflow/.local/lib/python3.7/site-packages/airflow/example_dags/example_sla_dag.py
[2024-06-26T13:25:48.151+0000] {processor.py:743} INFO - Processing file /home/airflow/.local/lib/python3.7/site-packages/airflow/example_dags/example_sla_dag.py for tasks to queue
[2024-06-26T13:25:48.151+0000] {logging_mixin.py:137} INFO - [2024-06-26T13:25:48.151+0000] {dagbag.py:538} INFO - Filling up the DagBag from /home/airflow/.local/lib/python3.7/site-packages/airflow/example_dags/example_sla_dag.py
[2024-06-26T13:25:48.168+0000] {processor.py:753} INFO - DAG(s) dict_keys(['example_sla_dag']) retrieved from /home/airflow/.local/lib/python3.7/site-packages/airflow/example_dags/example_sla_dag.py
[2024-06-26T13:25:48.185+0000] {logging_mixin.py:137} INFO - [2024-06-26T13:25:48.185+0000] {dag.py:2690} INFO - Sync 1 DAGs
[2024-06-26T13:25:48.206+0000] {logging_mixin.py:137} INFO - [2024-06-26T13:25:48.206+0000] {dag.py:3441} INFO - Setting next_dagrun for example_sla_dag to 2024-06-26T13:22:00+00:00, run_after=2024-06-26T13:24:00+00:00
[2024-06-26T13:25:48.220+0000] {processor.py:175} INFO - Processing /home/airflow/.local/lib/python3.7/site-packages/airflow/example_dags/example_sla_dag.py took 0.072 seconds
[2024-06-26T13:26:19.123+0000] {processor.py:153} INFO - Started process (PID=4090) to work on /home/airflow/.local/lib/python3.7/site-packages/airflow/example_dags/example_sla_dag.py
[2024-06-26T13:26:19.123+0000] {processor.py:743} INFO - Processing file /home/airflow/.local/lib/python3.7/site-packages/airflow/example_dags/example_sla_dag.py for tasks to queue
[2024-06-26T13:26:19.124+0000] {logging_mixin.py:137} INFO - [2024-06-26T13:26:19.124+0000] {dagbag.py:538} INFO - Filling up the DagBag from /home/airflow/.local/lib/python3.7/site-packages/airflow/example_dags/example_sla_dag.py
[2024-06-26T13:26:19.140+0000] {processor.py:753} INFO - DAG(s) dict_keys(['example_sla_dag']) retrieved from /home/airflow/.local/lib/python3.7/site-packages/airflow/example_dags/example_sla_dag.py
[2024-06-26T13:26:19.158+0000] {logging_mixin.py:137} INFO - [2024-06-26T13:26:19.158+0000] {dag.py:2690} INFO - Sync 1 DAGs
[2024-06-26T13:26:19.181+0000] {logging_mixin.py:137} INFO - [2024-06-26T13:26:19.181+0000] {dag.py:3441} INFO - Setting next_dagrun for example_sla_dag to 2024-06-26T13:24:00+00:00, run_after=2024-06-26T13:26:00+00:00
[2024-06-26T13:26:19.198+0000] {processor.py:175} INFO - Processing /home/airflow/.local/lib/python3.7/site-packages/airflow/example_dags/example_sla_dag.py took 0.078 seconds
[2024-06-26T13:26:50.164+0000] {processor.py:153} INFO - Started process (PID=4189) to work on /home/airflow/.local/lib/python3.7/site-packages/airflow/example_dags/example_sla_dag.py
[2024-06-26T13:26:50.165+0000] {processor.py:743} INFO - Processing file /home/airflow/.local/lib/python3.7/site-packages/airflow/example_dags/example_sla_dag.py for tasks to queue
[2024-06-26T13:26:50.165+0000] {logging_mixin.py:137} INFO - [2024-06-26T13:26:50.165+0000] {dagbag.py:538} INFO - Filling up the DagBag from /home/airflow/.local/lib/python3.7/site-packages/airflow/example_dags/example_sla_dag.py
[2024-06-26T13:26:50.183+0000] {processor.py:753} INFO - DAG(s) dict_keys(['example_sla_dag']) retrieved from /home/airflow/.local/lib/python3.7/site-packages/airflow/example_dags/example_sla_dag.py
[2024-06-26T13:26:50.202+0000] {logging_mixin.py:137} INFO - [2024-06-26T13:26:50.202+0000] {dag.py:2690} INFO - Sync 1 DAGs
[2024-06-26T13:26:50.226+0000] {logging_mixin.py:137} INFO - [2024-06-26T13:26:50.226+0000] {dag.py:3441} INFO - Setting next_dagrun for example_sla_dag to 2024-06-26T13:24:00+00:00, run_after=2024-06-26T13:26:00+00:00
[2024-06-26T13:26:50.240+0000] {processor.py:175} INFO - Processing /home/airflow/.local/lib/python3.7/site-packages/airflow/example_dags/example_sla_dag.py took 0.078 seconds
[2024-06-26T13:27:20.444+0000] {processor.py:153} INFO - Started process (PID=4268) to work on /home/airflow/.local/lib/python3.7/site-packages/airflow/example_dags/example_sla_dag.py
[2024-06-26T13:27:20.445+0000] {processor.py:743} INFO - Processing file /home/airflow/.local/lib/python3.7/site-packages/airflow/example_dags/example_sla_dag.py for tasks to queue
[2024-06-26T13:27:20.445+0000] {logging_mixin.py:137} INFO - [2024-06-26T13:27:20.445+0000] {dagbag.py:538} INFO - Filling up the DagBag from /home/airflow/.local/lib/python3.7/site-packages/airflow/example_dags/example_sla_dag.py
[2024-06-26T13:27:20.467+0000] {processor.py:753} INFO - DAG(s) dict_keys(['example_sla_dag']) retrieved from /home/airflow/.local/lib/python3.7/site-packages/airflow/example_dags/example_sla_dag.py
[2024-06-26T13:27:20.486+0000] {logging_mixin.py:137} INFO - [2024-06-26T13:27:20.486+0000] {dag.py:2690} INFO - Sync 1 DAGs
[2024-06-26T13:27:20.509+0000] {logging_mixin.py:137} INFO - [2024-06-26T13:27:20.509+0000] {dag.py:3441} INFO - Setting next_dagrun for example_sla_dag to 2024-06-26T13:24:00+00:00, run_after=2024-06-26T13:26:00+00:00
[2024-06-26T13:27:20.526+0000] {processor.py:175} INFO - Processing /home/airflow/.local/lib/python3.7/site-packages/airflow/example_dags/example_sla_dag.py took 0.084 seconds
[2024-06-26T13:27:50.598+0000] {processor.py:153} INFO - Started process (PID=4367) to work on /home/airflow/.local/lib/python3.7/site-packages/airflow/example_dags/example_sla_dag.py
[2024-06-26T13:27:50.599+0000] {processor.py:743} INFO - Processing file /home/airflow/.local/lib/python3.7/site-packages/airflow/example_dags/example_sla_dag.py for tasks to queue
[2024-06-26T13:27:50.599+0000] {logging_mixin.py:137} INFO - [2024-06-26T13:27:50.599+0000] {dagbag.py:538} INFO - Filling up the DagBag from /home/airflow/.local/lib/python3.7/site-packages/airflow/example_dags/example_sla_dag.py
[2024-06-26T13:27:50.617+0000] {processor.py:753} INFO - DAG(s) dict_keys(['example_sla_dag']) retrieved from /home/airflow/.local/lib/python3.7/site-packages/airflow/example_dags/example_sla_dag.py
[2024-06-26T13:27:50.635+0000] {logging_mixin.py:137} INFO - [2024-06-26T13:27:50.635+0000] {dag.py:2690} INFO - Sync 1 DAGs
[2024-06-26T13:27:50.660+0000] {logging_mixin.py:137} INFO - [2024-06-26T13:27:50.660+0000] {dag.py:3441} INFO - Setting next_dagrun for example_sla_dag to 2024-06-26T13:24:00+00:00, run_after=2024-06-26T13:26:00+00:00
[2024-06-26T13:27:50.675+0000] {processor.py:175} INFO - Processing /home/airflow/.local/lib/python3.7/site-packages/airflow/example_dags/example_sla_dag.py took 0.079 seconds
[2024-06-26T13:28:20.744+0000] {processor.py:153} INFO - Started process (PID=4446) to work on /home/airflow/.local/lib/python3.7/site-packages/airflow/example_dags/example_sla_dag.py
[2024-06-26T13:28:20.745+0000] {processor.py:743} INFO - Processing file /home/airflow/.local/lib/python3.7/site-packages/airflow/example_dags/example_sla_dag.py for tasks to queue
[2024-06-26T13:28:20.745+0000] {logging_mixin.py:137} INFO - [2024-06-26T13:28:20.745+0000] {dagbag.py:538} INFO - Filling up the DagBag from /home/airflow/.local/lib/python3.7/site-packages/airflow/example_dags/example_sla_dag.py
[2024-06-26T13:28:20.763+0000] {processor.py:753} INFO - DAG(s) dict_keys(['example_sla_dag']) retrieved from /home/airflow/.local/lib/python3.7/site-packages/airflow/example_dags/example_sla_dag.py
[2024-06-26T13:28:20.786+0000] {logging_mixin.py:137} INFO - [2024-06-26T13:28:20.786+0000] {dag.py:2690} INFO - Sync 1 DAGs
[2024-06-26T13:28:20.816+0000] {logging_mixin.py:137} INFO - [2024-06-26T13:28:20.816+0000] {dag.py:3441} INFO - Setting next_dagrun for example_sla_dag to 2024-06-26T13:26:00+00:00, run_after=2024-06-26T13:28:00+00:00
[2024-06-26T13:28:20.832+0000] {processor.py:175} INFO - Processing /home/airflow/.local/lib/python3.7/site-packages/airflow/example_dags/example_sla_dag.py took 0.089 seconds
[2024-06-26T13:28:50.908+0000] {processor.py:153} INFO - Started process (PID=4545) to work on /home/airflow/.local/lib/python3.7/site-packages/airflow/example_dags/example_sla_dag.py
[2024-06-26T13:28:50.909+0000] {processor.py:743} INFO - Processing file /home/airflow/.local/lib/python3.7/site-packages/airflow/example_dags/example_sla_dag.py for tasks to queue
[2024-06-26T13:28:50.909+0000] {logging_mixin.py:137} INFO - [2024-06-26T13:28:50.909+0000] {dagbag.py:538} INFO - Filling up the DagBag from /home/airflow/.local/lib/python3.7/site-packages/airflow/example_dags/example_sla_dag.py
[2024-06-26T13:28:50.928+0000] {processor.py:753} INFO - DAG(s) dict_keys(['example_sla_dag']) retrieved from /home/airflow/.local/lib/python3.7/site-packages/airflow/example_dags/example_sla_dag.py
[2024-06-26T13:28:50.952+0000] {logging_mixin.py:137} INFO - [2024-06-26T13:28:50.952+0000] {dag.py:2690} INFO - Sync 1 DAGs
[2024-06-26T13:28:50.980+0000] {logging_mixin.py:137} INFO - [2024-06-26T13:28:50.980+0000] {dag.py:3441} INFO - Setting next_dagrun for example_sla_dag to 2024-06-26T13:26:00+00:00, run_after=2024-06-26T13:28:00+00:00
[2024-06-26T13:28:50.994+0000] {processor.py:175} INFO - Processing /home/airflow/.local/lib/python3.7/site-packages/airflow/example_dags/example_sla_dag.py took 0.088 seconds
[2024-06-26T13:29:21.916+0000] {processor.py:153} INFO - Started process (PID=4624) to work on /home/airflow/.local/lib/python3.7/site-packages/airflow/example_dags/example_sla_dag.py
[2024-06-26T13:29:21.919+0000] {processor.py:743} INFO - Processing file /home/airflow/.local/lib/python3.7/site-packages/airflow/example_dags/example_sla_dag.py for tasks to queue
[2024-06-26T13:29:21.919+0000] {logging_mixin.py:137} INFO - [2024-06-26T13:29:21.919+0000] {dagbag.py:538} INFO - Filling up the DagBag from /home/airflow/.local/lib/python3.7/site-packages/airflow/example_dags/example_sla_dag.py
[2024-06-26T13:29:21.938+0000] {processor.py:753} INFO - DAG(s) dict_keys(['example_sla_dag']) retrieved from /home/airflow/.local/lib/python3.7/site-packages/airflow/example_dags/example_sla_dag.py
[2024-06-26T13:29:21.957+0000] {logging_mixin.py:137} INFO - [2024-06-26T13:29:21.957+0000] {dag.py:2690} INFO - Sync 1 DAGs
[2024-06-26T13:29:21.982+0000] {logging_mixin.py:137} INFO - [2024-06-26T13:29:21.982+0000] {dag.py:3441} INFO - Setting next_dagrun for example_sla_dag to 2024-06-26T13:26:00+00:00, run_after=2024-06-26T13:28:00+00:00
[2024-06-26T13:29:21.998+0000] {processor.py:175} INFO - Processing /home/airflow/.local/lib/python3.7/site-packages/airflow/example_dags/example_sla_dag.py took 0.084 seconds
[2024-06-26T13:29:52.649+0000] {processor.py:153} INFO - Started process (PID=4723) to work on /home/airflow/.local/lib/python3.7/site-packages/airflow/example_dags/example_sla_dag.py
[2024-06-26T13:29:52.651+0000] {processor.py:743} INFO - Processing file /home/airflow/.local/lib/python3.7/site-packages/airflow/example_dags/example_sla_dag.py for tasks to queue
[2024-06-26T13:29:52.652+0000] {logging_mixin.py:137} INFO - [2024-06-26T13:29:52.652+0000] {dagbag.py:538} INFO - Filling up the DagBag from /home/airflow/.local/lib/python3.7/site-packages/airflow/example_dags/example_sla_dag.py
[2024-06-26T13:29:52.667+0000] {processor.py:753} INFO - DAG(s) dict_keys(['example_sla_dag']) retrieved from /home/airflow/.local/lib/python3.7/site-packages/airflow/example_dags/example_sla_dag.py
[2024-06-26T13:29:52.682+0000] {logging_mixin.py:137} INFO - [2024-06-26T13:29:52.682+0000] {dag.py:2690} INFO - Sync 1 DAGs
[2024-06-26T13:29:52.703+0000] {logging_mixin.py:137} INFO - [2024-06-26T13:29:52.702+0000] {dag.py:3441} INFO - Setting next_dagrun for example_sla_dag to 2024-06-26T13:26:00+00:00, run_after=2024-06-26T13:28:00+00:00
[2024-06-26T13:29:52.715+0000] {processor.py:175} INFO - Processing /home/airflow/.local/lib/python3.7/site-packages/airflow/example_dags/example_sla_dag.py took 0.068 seconds
[2024-06-26T13:30:23.396+0000] {processor.py:153} INFO - Started process (PID=4822) to work on /home/airflow/.local/lib/python3.7/site-packages/airflow/example_dags/example_sla_dag.py
[2024-06-26T13:30:23.398+0000] {processor.py:743} INFO - Processing file /home/airflow/.local/lib/python3.7/site-packages/airflow/example_dags/example_sla_dag.py for tasks to queue
[2024-06-26T13:30:23.398+0000] {logging_mixin.py:137} INFO - [2024-06-26T13:30:23.398+0000] {dagbag.py:538} INFO - Filling up the DagBag from /home/airflow/.local/lib/python3.7/site-packages/airflow/example_dags/example_sla_dag.py
[2024-06-26T13:30:23.416+0000] {processor.py:753} INFO - DAG(s) dict_keys(['example_sla_dag']) retrieved from /home/airflow/.local/lib/python3.7/site-packages/airflow/example_dags/example_sla_dag.py
[2024-06-26T13:30:23.439+0000] {logging_mixin.py:137} INFO - [2024-06-26T13:30:23.438+0000] {dag.py:2690} INFO - Sync 1 DAGs
[2024-06-26T13:30:23.462+0000] {logging_mixin.py:137} INFO - [2024-06-26T13:30:23.462+0000] {dag.py:3441} INFO - Setting next_dagrun for example_sla_dag to 2024-06-26T13:28:00+00:00, run_after=2024-06-26T13:30:00+00:00
[2024-06-26T13:30:23.476+0000] {processor.py:175} INFO - Processing /home/airflow/.local/lib/python3.7/site-packages/airflow/example_dags/example_sla_dag.py took 0.083 seconds
[2024-06-26T13:30:54.325+0000] {processor.py:153} INFO - Started process (PID=4901) to work on /home/airflow/.local/lib/python3.7/site-packages/airflow/example_dags/example_sla_dag.py
[2024-06-26T13:30:54.327+0000] {processor.py:743} INFO - Processing file /home/airflow/.local/lib/python3.7/site-packages/airflow/example_dags/example_sla_dag.py for tasks to queue
[2024-06-26T13:30:54.328+0000] {logging_mixin.py:137} INFO - [2024-06-26T13:30:54.328+0000] {dagbag.py:538} INFO - Filling up the DagBag from /home/airflow/.local/lib/python3.7/site-packages/airflow/example_dags/example_sla_dag.py
[2024-06-26T13:30:54.343+0000] {processor.py:753} INFO - DAG(s) dict_keys(['example_sla_dag']) retrieved from /home/airflow/.local/lib/python3.7/site-packages/airflow/example_dags/example_sla_dag.py
[2024-06-26T13:30:54.359+0000] {logging_mixin.py:137} INFO - [2024-06-26T13:30:54.359+0000] {dag.py:2690} INFO - Sync 1 DAGs
[2024-06-26T13:30:54.379+0000] {logging_mixin.py:137} INFO - [2024-06-26T13:30:54.379+0000] {dag.py:3441} INFO - Setting next_dagrun for example_sla_dag to 2024-06-26T13:28:00+00:00, run_after=2024-06-26T13:30:00+00:00
[2024-06-26T13:30:54.391+0000] {processor.py:175} INFO - Processing /home/airflow/.local/lib/python3.7/site-packages/airflow/example_dags/example_sla_dag.py took 0.068 seconds
[2024-06-26T13:31:24.407+0000] {processor.py:153} INFO - Started process (PID=4999) to work on /home/airflow/.local/lib/python3.7/site-packages/airflow/example_dags/example_sla_dag.py
[2024-06-26T13:31:24.407+0000] {processor.py:743} INFO - Processing file /home/airflow/.local/lib/python3.7/site-packages/airflow/example_dags/example_sla_dag.py for tasks to queue
[2024-06-26T13:31:24.408+0000] {logging_mixin.py:137} INFO - [2024-06-26T13:31:24.408+0000] {dagbag.py:538} INFO - Filling up the DagBag from /home/airflow/.local/lib/python3.7/site-packages/airflow/example_dags/example_sla_dag.py
[2024-06-26T13:31:24.424+0000] {processor.py:753} INFO - DAG(s) dict_keys(['example_sla_dag']) retrieved from /home/airflow/.local/lib/python3.7/site-packages/airflow/example_dags/example_sla_dag.py
[2024-06-26T13:31:24.442+0000] {logging_mixin.py:137} INFO - [2024-06-26T13:31:24.442+0000] {dag.py:2690} INFO - Sync 1 DAGs
[2024-06-26T13:31:24.464+0000] {logging_mixin.py:137} INFO - [2024-06-26T13:31:24.464+0000] {dag.py:3441} INFO - Setting next_dagrun for example_sla_dag to 2024-06-26T13:28:00+00:00, run_after=2024-06-26T13:30:00+00:00
[2024-06-26T13:31:24.479+0000] {processor.py:175} INFO - Processing /home/airflow/.local/lib/python3.7/site-packages/airflow/example_dags/example_sla_dag.py took 0.074 seconds
[2024-06-26T13:31:54.631+0000] {processor.py:153} INFO - Started process (PID=5079) to work on /home/airflow/.local/lib/python3.7/site-packages/airflow/example_dags/example_sla_dag.py
[2024-06-26T13:31:54.632+0000] {processor.py:743} INFO - Processing file /home/airflow/.local/lib/python3.7/site-packages/airflow/example_dags/example_sla_dag.py for tasks to queue
[2024-06-26T13:31:54.632+0000] {logging_mixin.py:137} INFO - [2024-06-26T13:31:54.632+0000] {dagbag.py:538} INFO - Filling up the DagBag from /home/airflow/.local/lib/python3.7/site-packages/airflow/example_dags/example_sla_dag.py
[2024-06-26T13:31:54.650+0000] {processor.py:753} INFO - DAG(s) dict_keys(['example_sla_dag']) retrieved from /home/airflow/.local/lib/python3.7/site-packages/airflow/example_dags/example_sla_dag.py
[2024-06-26T13:31:54.669+0000] {logging_mixin.py:137} INFO - [2024-06-26T13:31:54.669+0000] {dag.py:2690} INFO - Sync 1 DAGs
[2024-06-26T13:31:54.695+0000] {logging_mixin.py:137} INFO - [2024-06-26T13:31:54.695+0000] {dag.py:3441} INFO - Setting next_dagrun for example_sla_dag to 2024-06-26T13:28:00+00:00, run_after=2024-06-26T13:30:00+00:00
[2024-06-26T13:31:54.712+0000] {processor.py:175} INFO - Processing /home/airflow/.local/lib/python3.7/site-packages/airflow/example_dags/example_sla_dag.py took 0.083 seconds
[2024-06-26T13:32:24.759+0000] {processor.py:153} INFO - Started process (PID=5178) to work on /home/airflow/.local/lib/python3.7/site-packages/airflow/example_dags/example_sla_dag.py
[2024-06-26T13:32:24.760+0000] {processor.py:743} INFO - Processing file /home/airflow/.local/lib/python3.7/site-packages/airflow/example_dags/example_sla_dag.py for tasks to queue
[2024-06-26T13:32:24.760+0000] {logging_mixin.py:137} INFO - [2024-06-26T13:32:24.760+0000] {dagbag.py:538} INFO - Filling up the DagBag from /home/airflow/.local/lib/python3.7/site-packages/airflow/example_dags/example_sla_dag.py
[2024-06-26T13:32:24.775+0000] {processor.py:753} INFO - DAG(s) dict_keys(['example_sla_dag']) retrieved from /home/airflow/.local/lib/python3.7/site-packages/airflow/example_dags/example_sla_dag.py
[2024-06-26T13:32:24.792+0000] {logging_mixin.py:137} INFO - [2024-06-26T13:32:24.792+0000] {dag.py:2690} INFO - Sync 1 DAGs
[2024-06-26T13:32:24.812+0000] {logging_mixin.py:137} INFO - [2024-06-26T13:32:24.812+0000] {dag.py:3441} INFO - Setting next_dagrun for example_sla_dag to 2024-06-26T13:30:00+00:00, run_after=2024-06-26T13:32:00+00:00
[2024-06-26T13:32:24.825+0000] {processor.py:175} INFO - Processing /home/airflow/.local/lib/python3.7/site-packages/airflow/example_dags/example_sla_dag.py took 0.067 seconds
[2024-06-26T13:32:55.771+0000] {processor.py:153} INFO - Started process (PID=5257) to work on /home/airflow/.local/lib/python3.7/site-packages/airflow/example_dags/example_sla_dag.py
[2024-06-26T13:32:55.772+0000] {processor.py:743} INFO - Processing file /home/airflow/.local/lib/python3.7/site-packages/airflow/example_dags/example_sla_dag.py for tasks to queue
[2024-06-26T13:32:55.772+0000] {logging_mixin.py:137} INFO - [2024-06-26T13:32:55.772+0000] {dagbag.py:538} INFO - Filling up the DagBag from /home/airflow/.local/lib/python3.7/site-packages/airflow/example_dags/example_sla_dag.py
[2024-06-26T13:32:55.787+0000] {processor.py:753} INFO - DAG(s) dict_keys(['example_sla_dag']) retrieved from /home/airflow/.local/lib/python3.7/site-packages/airflow/example_dags/example_sla_dag.py
[2024-06-26T13:32:55.802+0000] {logging_mixin.py:137} INFO - [2024-06-26T13:32:55.802+0000] {dag.py:2690} INFO - Sync 1 DAGs
[2024-06-26T13:32:55.821+0000] {logging_mixin.py:137} INFO - [2024-06-26T13:32:55.821+0000] {dag.py:3441} INFO - Setting next_dagrun for example_sla_dag to 2024-06-26T13:30:00+00:00, run_after=2024-06-26T13:32:00+00:00
[2024-06-26T13:32:55.834+0000] {processor.py:175} INFO - Processing /home/airflow/.local/lib/python3.7/site-packages/airflow/example_dags/example_sla_dag.py took 0.065 seconds
[2024-06-26T13:33:26.878+0000] {processor.py:153} INFO - Started process (PID=5356) to work on /home/airflow/.local/lib/python3.7/site-packages/airflow/example_dags/example_sla_dag.py
[2024-06-26T13:33:26.879+0000] {processor.py:743} INFO - Processing file /home/airflow/.local/lib/python3.7/site-packages/airflow/example_dags/example_sla_dag.py for tasks to queue
[2024-06-26T13:33:26.879+0000] {logging_mixin.py:137} INFO - [2024-06-26T13:33:26.879+0000] {dagbag.py:538} INFO - Filling up the DagBag from /home/airflow/.local/lib/python3.7/site-packages/airflow/example_dags/example_sla_dag.py
[2024-06-26T13:33:26.897+0000] {processor.py:753} INFO - DAG(s) dict_keys(['example_sla_dag']) retrieved from /home/airflow/.local/lib/python3.7/site-packages/airflow/example_dags/example_sla_dag.py
[2024-06-26T13:33:26.914+0000] {logging_mixin.py:137} INFO - [2024-06-26T13:33:26.914+0000] {dag.py:2690} INFO - Sync 1 DAGs
[2024-06-26T13:33:26.938+0000] {logging_mixin.py:137} INFO - [2024-06-26T13:33:26.938+0000] {dag.py:3441} INFO - Setting next_dagrun for example_sla_dag to 2024-06-26T13:30:00+00:00, run_after=2024-06-26T13:32:00+00:00
[2024-06-26T13:33:26.955+0000] {processor.py:175} INFO - Processing /home/airflow/.local/lib/python3.7/site-packages/airflow/example_dags/example_sla_dag.py took 0.078 seconds
[2024-06-26T13:33:57.158+0000] {processor.py:153} INFO - Started process (PID=5442) to work on /home/airflow/.local/lib/python3.7/site-packages/airflow/example_dags/example_sla_dag.py
[2024-06-26T13:33:57.159+0000] {processor.py:743} INFO - Processing file /home/airflow/.local/lib/python3.7/site-packages/airflow/example_dags/example_sla_dag.py for tasks to queue
[2024-06-26T13:33:57.160+0000] {logging_mixin.py:137} INFO - [2024-06-26T13:33:57.160+0000] {dagbag.py:538} INFO - Filling up the DagBag from /home/airflow/.local/lib/python3.7/site-packages/airflow/example_dags/example_sla_dag.py
[2024-06-26T13:33:57.189+0000] {processor.py:753} INFO - DAG(s) dict_keys(['example_sla_dag']) retrieved from /home/airflow/.local/lib/python3.7/site-packages/airflow/example_dags/example_sla_dag.py
[2024-06-26T13:33:57.218+0000] {logging_mixin.py:137} INFO - [2024-06-26T13:33:57.218+0000] {dag.py:2690} INFO - Sync 1 DAGs
[2024-06-26T13:33:57.258+0000] {logging_mixin.py:137} INFO - [2024-06-26T13:33:57.258+0000] {dag.py:3441} INFO - Setting next_dagrun for example_sla_dag to 2024-06-26T13:30:00+00:00, run_after=2024-06-26T13:32:00+00:00
[2024-06-26T13:33:57.278+0000] {processor.py:175} INFO - Processing /home/airflow/.local/lib/python3.7/site-packages/airflow/example_dags/example_sla_dag.py took 0.124 seconds
[2024-06-26T13:34:27.462+0000] {processor.py:153} INFO - Started process (PID=5534) to work on /home/airflow/.local/lib/python3.7/site-packages/airflow/example_dags/example_sla_dag.py
[2024-06-26T13:34:27.462+0000] {processor.py:743} INFO - Processing file /home/airflow/.local/lib/python3.7/site-packages/airflow/example_dags/example_sla_dag.py for tasks to queue
[2024-06-26T13:34:27.463+0000] {logging_mixin.py:137} INFO - [2024-06-26T13:34:27.463+0000] {dagbag.py:538} INFO - Filling up the DagBag from /home/airflow/.local/lib/python3.7/site-packages/airflow/example_dags/example_sla_dag.py
[2024-06-26T13:34:27.484+0000] {processor.py:753} INFO - DAG(s) dict_keys(['example_sla_dag']) retrieved from /home/airflow/.local/lib/python3.7/site-packages/airflow/example_dags/example_sla_dag.py
[2024-06-26T13:34:27.504+0000] {logging_mixin.py:137} INFO - [2024-06-26T13:34:27.504+0000] {dag.py:2690} INFO - Sync 1 DAGs
[2024-06-26T13:34:27.528+0000] {logging_mixin.py:137} INFO - [2024-06-26T13:34:27.528+0000] {dag.py:3441} INFO - Setting next_dagrun for example_sla_dag to 2024-06-26T13:32:00+00:00, run_after=2024-06-26T13:34:00+00:00
[2024-06-26T13:34:27.547+0000] {processor.py:175} INFO - Processing /home/airflow/.local/lib/python3.7/site-packages/airflow/example_dags/example_sla_dag.py took 0.088 seconds
[2024-06-26T13:34:57.638+0000] {processor.py:153} INFO - Started process (PID=5613) to work on /home/airflow/.local/lib/python3.7/site-packages/airflow/example_dags/example_sla_dag.py
[2024-06-26T13:34:57.638+0000] {processor.py:743} INFO - Processing file /home/airflow/.local/lib/python3.7/site-packages/airflow/example_dags/example_sla_dag.py for tasks to queue
[2024-06-26T13:34:57.639+0000] {logging_mixin.py:137} INFO - [2024-06-26T13:34:57.639+0000] {dagbag.py:538} INFO - Filling up the DagBag from /home/airflow/.local/lib/python3.7/site-packages/airflow/example_dags/example_sla_dag.py
[2024-06-26T13:34:57.657+0000] {processor.py:753} INFO - DAG(s) dict_keys(['example_sla_dag']) retrieved from /home/airflow/.local/lib/python3.7/site-packages/airflow/example_dags/example_sla_dag.py
[2024-06-26T13:34:57.676+0000] {logging_mixin.py:137} INFO - [2024-06-26T13:34:57.676+0000] {dag.py:2690} INFO - Sync 1 DAGs
[2024-06-26T13:34:57.700+0000] {logging_mixin.py:137} INFO - [2024-06-26T13:34:57.699+0000] {dag.py:3441} INFO - Setting next_dagrun for example_sla_dag to 2024-06-26T13:32:00+00:00, run_after=2024-06-26T13:34:00+00:00
[2024-06-26T13:34:57.715+0000] {processor.py:175} INFO - Processing /home/airflow/.local/lib/python3.7/site-packages/airflow/example_dags/example_sla_dag.py took 0.079 seconds
[2024-06-26T13:35:28.664+0000] {processor.py:153} INFO - Started process (PID=5712) to work on /home/airflow/.local/lib/python3.7/site-packages/airflow/example_dags/example_sla_dag.py
[2024-06-26T13:35:28.665+0000] {processor.py:743} INFO - Processing file /home/airflow/.local/lib/python3.7/site-packages/airflow/example_dags/example_sla_dag.py for tasks to queue
[2024-06-26T13:35:28.665+0000] {logging_mixin.py:137} INFO - [2024-06-26T13:35:28.665+0000] {dagbag.py:538} INFO - Filling up the DagBag from /home/airflow/.local/lib/python3.7/site-packages/airflow/example_dags/example_sla_dag.py
[2024-06-26T13:35:28.681+0000] {processor.py:753} INFO - DAG(s) dict_keys(['example_sla_dag']) retrieved from /home/airflow/.local/lib/python3.7/site-packages/airflow/example_dags/example_sla_dag.py
[2024-06-26T13:35:28.698+0000] {logging_mixin.py:137} INFO - [2024-06-26T13:35:28.698+0000] {dag.py:2690} INFO - Sync 1 DAGs
[2024-06-26T13:35:28.719+0000] {logging_mixin.py:137} INFO - [2024-06-26T13:35:28.719+0000] {dag.py:3441} INFO - Setting next_dagrun for example_sla_dag to 2024-06-26T13:32:00+00:00, run_after=2024-06-26T13:34:00+00:00
[2024-06-26T13:35:28.731+0000] {processor.py:175} INFO - Processing /home/airflow/.local/lib/python3.7/site-packages/airflow/example_dags/example_sla_dag.py took 0.069 seconds
[2024-06-26T13:35:59.580+0000] {processor.py:153} INFO - Started process (PID=5811) to work on /home/airflow/.local/lib/python3.7/site-packages/airflow/example_dags/example_sla_dag.py
[2024-06-26T13:35:59.581+0000] {processor.py:743} INFO - Processing file /home/airflow/.local/lib/python3.7/site-packages/airflow/example_dags/example_sla_dag.py for tasks to queue
[2024-06-26T13:35:59.581+0000] {logging_mixin.py:137} INFO - [2024-06-26T13:35:59.581+0000] {dagbag.py:538} INFO - Filling up the DagBag from /home/airflow/.local/lib/python3.7/site-packages/airflow/example_dags/example_sla_dag.py
[2024-06-26T13:35:59.599+0000] {processor.py:753} INFO - DAG(s) dict_keys(['example_sla_dag']) retrieved from /home/airflow/.local/lib/python3.7/site-packages/airflow/example_dags/example_sla_dag.py
[2024-06-26T13:35:59.617+0000] {logging_mixin.py:137} INFO - [2024-06-26T13:35:59.617+0000] {dag.py:2690} INFO - Sync 1 DAGs
[2024-06-26T13:35:59.639+0000] {logging_mixin.py:137} INFO - [2024-06-26T13:35:59.639+0000] {dag.py:3441} INFO - Setting next_dagrun for example_sla_dag to 2024-06-26T13:32:00+00:00, run_after=2024-06-26T13:34:00+00:00
[2024-06-26T13:35:59.653+0000] {processor.py:175} INFO - Processing /home/airflow/.local/lib/python3.7/site-packages/airflow/example_dags/example_sla_dag.py took 0.074 seconds
[2024-06-26T13:36:30.442+0000] {processor.py:153} INFO - Started process (PID=5890) to work on /home/airflow/.local/lib/python3.7/site-packages/airflow/example_dags/example_sla_dag.py
[2024-06-26T13:36:30.443+0000] {processor.py:743} INFO - Processing file /home/airflow/.local/lib/python3.7/site-packages/airflow/example_dags/example_sla_dag.py for tasks to queue
[2024-06-26T13:36:30.443+0000] {logging_mixin.py:137} INFO - [2024-06-26T13:36:30.443+0000] {dagbag.py:538} INFO - Filling up the DagBag from /home/airflow/.local/lib/python3.7/site-packages/airflow/example_dags/example_sla_dag.py
[2024-06-26T13:36:30.460+0000] {processor.py:753} INFO - DAG(s) dict_keys(['example_sla_dag']) retrieved from /home/airflow/.local/lib/python3.7/site-packages/airflow/example_dags/example_sla_dag.py
[2024-06-26T13:36:30.478+0000] {logging_mixin.py:137} INFO - [2024-06-26T13:36:30.478+0000] {dag.py:2690} INFO - Sync 1 DAGs
[2024-06-26T13:36:30.500+0000] {logging_mixin.py:137} INFO - [2024-06-26T13:36:30.500+0000] {dag.py:3441} INFO - Setting next_dagrun for example_sla_dag to 2024-06-26T13:34:00+00:00, run_after=2024-06-26T13:36:00+00:00
[2024-06-26T13:36:30.514+0000] {processor.py:175} INFO - Processing /home/airflow/.local/lib/python3.7/site-packages/airflow/example_dags/example_sla_dag.py took 0.074 seconds
[2024-06-26T13:37:00.913+0000] {processor.py:153} INFO - Started process (PID=5989) to work on /home/airflow/.local/lib/python3.7/site-packages/airflow/example_dags/example_sla_dag.py
[2024-06-26T13:37:00.914+0000] {processor.py:743} INFO - Processing file /home/airflow/.local/lib/python3.7/site-packages/airflow/example_dags/example_sla_dag.py for tasks to queue
[2024-06-26T13:37:00.914+0000] {logging_mixin.py:137} INFO - [2024-06-26T13:37:00.914+0000] {dagbag.py:538} INFO - Filling up the DagBag from /home/airflow/.local/lib/python3.7/site-packages/airflow/example_dags/example_sla_dag.py
[2024-06-26T13:37:00.932+0000] {processor.py:753} INFO - DAG(s) dict_keys(['example_sla_dag']) retrieved from /home/airflow/.local/lib/python3.7/site-packages/airflow/example_dags/example_sla_dag.py
[2024-06-26T13:37:00.950+0000] {logging_mixin.py:137} INFO - [2024-06-26T13:37:00.950+0000] {dag.py:2690} INFO - Sync 1 DAGs
[2024-06-26T13:37:00.974+0000] {logging_mixin.py:137} INFO - [2024-06-26T13:37:00.974+0000] {dag.py:3441} INFO - Setting next_dagrun for example_sla_dag to 2024-06-26T13:34:00+00:00, run_after=2024-06-26T13:36:00+00:00
[2024-06-26T13:37:00.988+0000] {processor.py:175} INFO - Processing /home/airflow/.local/lib/python3.7/site-packages/airflow/example_dags/example_sla_dag.py took 0.078 seconds
[2024-06-26T13:37:31.840+0000] {processor.py:153} INFO - Started process (PID=6068) to work on /home/airflow/.local/lib/python3.7/site-packages/airflow/example_dags/example_sla_dag.py
[2024-06-26T13:37:31.840+0000] {processor.py:743} INFO - Processing file /home/airflow/.local/lib/python3.7/site-packages/airflow/example_dags/example_sla_dag.py for tasks to queue
[2024-06-26T13:37:31.840+0000] {logging_mixin.py:137} INFO - [2024-06-26T13:37:31.840+0000] {dagbag.py:538} INFO - Filling up the DagBag from /home/airflow/.local/lib/python3.7/site-packages/airflow/example_dags/example_sla_dag.py
[2024-06-26T13:37:31.859+0000] {processor.py:753} INFO - DAG(s) dict_keys(['example_sla_dag']) retrieved from /home/airflow/.local/lib/python3.7/site-packages/airflow/example_dags/example_sla_dag.py
[2024-06-26T13:37:31.877+0000] {logging_mixin.py:137} INFO - [2024-06-26T13:37:31.877+0000] {dag.py:2690} INFO - Sync 1 DAGs
[2024-06-26T13:37:31.901+0000] {logging_mixin.py:137} INFO - [2024-06-26T13:37:31.901+0000] {dag.py:3441} INFO - Setting next_dagrun for example_sla_dag to 2024-06-26T13:34:00+00:00, run_after=2024-06-26T13:36:00+00:00
[2024-06-26T13:37:31.915+0000] {processor.py:175} INFO - Processing /home/airflow/.local/lib/python3.7/site-packages/airflow/example_dags/example_sla_dag.py took 0.078 seconds
[2024-06-26T13:38:02.709+0000] {processor.py:153} INFO - Started process (PID=6167) to work on /home/airflow/.local/lib/python3.7/site-packages/airflow/example_dags/example_sla_dag.py
[2024-06-26T13:38:02.709+0000] {processor.py:743} INFO - Processing file /home/airflow/.local/lib/python3.7/site-packages/airflow/example_dags/example_sla_dag.py for tasks to queue
[2024-06-26T13:38:02.710+0000] {logging_mixin.py:137} INFO - [2024-06-26T13:38:02.710+0000] {dagbag.py:538} INFO - Filling up the DagBag from /home/airflow/.local/lib/python3.7/site-packages/airflow/example_dags/example_sla_dag.py
[2024-06-26T13:38:02.726+0000] {processor.py:753} INFO - DAG(s) dict_keys(['example_sla_dag']) retrieved from /home/airflow/.local/lib/python3.7/site-packages/airflow/example_dags/example_sla_dag.py
[2024-06-26T13:38:02.742+0000] {logging_mixin.py:137} INFO - [2024-06-26T13:38:02.742+0000] {dag.py:2690} INFO - Sync 1 DAGs
[2024-06-26T13:38:02.762+0000] {logging_mixin.py:137} INFO - [2024-06-26T13:38:02.762+0000] {dag.py:3441} INFO - Setting next_dagrun for example_sla_dag to 2024-06-26T13:36:00+00:00, run_after=2024-06-26T13:38:00+00:00
[2024-06-26T13:38:02.774+0000] {processor.py:175} INFO - Processing /home/airflow/.local/lib/python3.7/site-packages/airflow/example_dags/example_sla_dag.py took 0.067 seconds
[2024-06-26T13:38:33.479+0000] {processor.py:153} INFO - Started process (PID=6246) to work on /home/airflow/.local/lib/python3.7/site-packages/airflow/example_dags/example_sla_dag.py
[2024-06-26T13:38:33.479+0000] {processor.py:743} INFO - Processing file /home/airflow/.local/lib/python3.7/site-packages/airflow/example_dags/example_sla_dag.py for tasks to queue
[2024-06-26T13:38:33.480+0000] {logging_mixin.py:137} INFO - [2024-06-26T13:38:33.480+0000] {dagbag.py:538} INFO - Filling up the DagBag from /home/airflow/.local/lib/python3.7/site-packages/airflow/example_dags/example_sla_dag.py
[2024-06-26T13:38:33.495+0000] {processor.py:753} INFO - DAG(s) dict_keys(['example_sla_dag']) retrieved from /home/airflow/.local/lib/python3.7/site-packages/airflow/example_dags/example_sla_dag.py
[2024-06-26T13:38:33.511+0000] {logging_mixin.py:137} INFO - [2024-06-26T13:38:33.511+0000] {dag.py:2690} INFO - Sync 1 DAGs
[2024-06-26T13:38:33.531+0000] {logging_mixin.py:137} INFO - [2024-06-26T13:38:33.531+0000] {dag.py:3441} INFO - Setting next_dagrun for example_sla_dag to 2024-06-26T13:36:00+00:00, run_after=2024-06-26T13:38:00+00:00
[2024-06-26T13:38:33.542+0000] {processor.py:175} INFO - Processing /home/airflow/.local/lib/python3.7/site-packages/airflow/example_dags/example_sla_dag.py took 0.065 seconds
[2024-06-26T13:39:04.275+0000] {processor.py:153} INFO - Started process (PID=6345) to work on /home/airflow/.local/lib/python3.7/site-packages/airflow/example_dags/example_sla_dag.py
[2024-06-26T13:39:04.275+0000] {processor.py:743} INFO - Processing file /home/airflow/.local/lib/python3.7/site-packages/airflow/example_dags/example_sla_dag.py for tasks to queue
[2024-06-26T13:39:04.275+0000] {logging_mixin.py:137} INFO - [2024-06-26T13:39:04.275+0000] {dagbag.py:538} INFO - Filling up the DagBag from /home/airflow/.local/lib/python3.7/site-packages/airflow/example_dags/example_sla_dag.py
[2024-06-26T13:39:04.292+0000] {processor.py:753} INFO - DAG(s) dict_keys(['example_sla_dag']) retrieved from /home/airflow/.local/lib/python3.7/site-packages/airflow/example_dags/example_sla_dag.py
[2024-06-26T13:39:04.309+0000] {logging_mixin.py:137} INFO - [2024-06-26T13:39:04.309+0000] {dag.py:2690} INFO - Sync 1 DAGs
[2024-06-26T13:39:04.330+0000] {logging_mixin.py:137} INFO - [2024-06-26T13:39:04.330+0000] {dag.py:3441} INFO - Setting next_dagrun for example_sla_dag to 2024-06-26T13:36:00+00:00, run_after=2024-06-26T13:38:00+00:00
[2024-06-26T13:39:04.343+0000] {processor.py:175} INFO - Processing /home/airflow/.local/lib/python3.7/site-packages/airflow/example_dags/example_sla_dag.py took 0.070 seconds
[2024-06-26T13:39:35.072+0000] {processor.py:153} INFO - Started process (PID=6444) to work on /home/airflow/.local/lib/python3.7/site-packages/airflow/example_dags/example_sla_dag.py
[2024-06-26T13:39:35.073+0000] {processor.py:743} INFO - Processing file /home/airflow/.local/lib/python3.7/site-packages/airflow/example_dags/example_sla_dag.py for tasks to queue
[2024-06-26T13:39:35.073+0000] {logging_mixin.py:137} INFO - [2024-06-26T13:39:35.073+0000] {dagbag.py:538} INFO - Filling up the DagBag from /home/airflow/.local/lib/python3.7/site-packages/airflow/example_dags/example_sla_dag.py
[2024-06-26T13:39:35.093+0000] {processor.py:753} INFO - DAG(s) dict_keys(['example_sla_dag']) retrieved from /home/airflow/.local/lib/python3.7/site-packages/airflow/example_dags/example_sla_dag.py
[2024-06-26T13:39:35.114+0000] {logging_mixin.py:137} INFO - [2024-06-26T13:39:35.114+0000] {dag.py:2690} INFO - Sync 1 DAGs
[2024-06-26T13:39:35.140+0000] {logging_mixin.py:137} INFO - [2024-06-26T13:39:35.140+0000] {dag.py:3441} INFO - Setting next_dagrun for example_sla_dag to 2024-06-26T13:36:00+00:00, run_after=2024-06-26T13:38:00+00:00
[2024-06-26T13:39:35.156+0000] {processor.py:175} INFO - Processing /home/airflow/.local/lib/python3.7/site-packages/airflow/example_dags/example_sla_dag.py took 0.086 seconds
