[2024-06-26T13:03:43.857+0000] {processor.py:153} INFO - Started process (PID=45) to work on /home/airflow/.local/lib/python3.7/site-packages/airflow/example_dags/example_latest_only.py
[2024-06-26T13:03:43.857+0000] {processor.py:743} INFO - Processing file /home/airflow/.local/lib/python3.7/site-packages/airflow/example_dags/example_latest_only.py for tasks to queue
[2024-06-26T13:03:43.858+0000] {logging_mixin.py:137} INFO - [2024-06-26T13:03:43.858+0000] {dagbag.py:538} INFO - Filling up the DagBag from /home/airflow/.local/lib/python3.7/site-packages/airflow/example_dags/example_latest_only.py
[2024-06-26T13:03:43.867+0000] {processor.py:753} INFO - DAG(s) dict_keys(['latest_only']) retrieved from /home/airflow/.local/lib/python3.7/site-packages/airflow/example_dags/example_latest_only.py
[2024-06-26T13:03:43.883+0000] {logging_mixin.py:137} INFO - [2024-06-26T13:03:43.883+0000] {dag.py:2690} INFO - Sync 1 DAGs
[2024-06-26T13:03:43.901+0000] {logging_mixin.py:137} INFO - [2024-06-26T13:03:43.900+0000] {dag.py:3441} INFO - Setting next_dagrun for latest_only to 2024-06-26T09:03:43.900766+00:00, run_after=2024-06-26T13:03:43.900766+00:00
[2024-06-26T13:03:43.914+0000] {processor.py:175} INFO - Processing /home/airflow/.local/lib/python3.7/site-packages/airflow/example_dags/example_latest_only.py took 0.058 seconds
[2024-06-26T13:04:14.802+0000] {processor.py:153} INFO - Started process (PID=144) to work on /home/airflow/.local/lib/python3.7/site-packages/airflow/example_dags/example_latest_only.py
[2024-06-26T13:04:14.803+0000] {processor.py:743} INFO - Processing file /home/airflow/.local/lib/python3.7/site-packages/airflow/example_dags/example_latest_only.py for tasks to queue
[2024-06-26T13:04:14.803+0000] {logging_mixin.py:137} INFO - [2024-06-26T13:04:14.803+0000] {dagbag.py:538} INFO - Filling up the DagBag from /home/airflow/.local/lib/python3.7/site-packages/airflow/example_dags/example_latest_only.py
[2024-06-26T13:04:14.811+0000] {processor.py:753} INFO - DAG(s) dict_keys(['latest_only']) retrieved from /home/airflow/.local/lib/python3.7/site-packages/airflow/example_dags/example_latest_only.py
[2024-06-26T13:04:14.828+0000] {logging_mixin.py:137} INFO - [2024-06-26T13:04:14.828+0000] {dag.py:2690} INFO - Sync 1 DAGs
[2024-06-26T13:04:14.846+0000] {logging_mixin.py:137} INFO - [2024-06-26T13:04:14.846+0000] {dag.py:3441} INFO - Setting next_dagrun for latest_only to 2024-06-26T09:04:14.846009+00:00, run_after=2024-06-26T13:04:14.846009+00:00
[2024-06-26T13:04:14.858+0000] {processor.py:175} INFO - Processing /home/airflow/.local/lib/python3.7/site-packages/airflow/example_dags/example_latest_only.py took 0.058 seconds
[2024-06-26T13:04:45.518+0000] {processor.py:153} INFO - Started process (PID=223) to work on /home/airflow/.local/lib/python3.7/site-packages/airflow/example_dags/example_latest_only.py
[2024-06-26T13:04:45.518+0000] {processor.py:743} INFO - Processing file /home/airflow/.local/lib/python3.7/site-packages/airflow/example_dags/example_latest_only.py for tasks to queue
[2024-06-26T13:04:45.519+0000] {logging_mixin.py:137} INFO - [2024-06-26T13:04:45.519+0000] {dagbag.py:538} INFO - Filling up the DagBag from /home/airflow/.local/lib/python3.7/site-packages/airflow/example_dags/example_latest_only.py
[2024-06-26T13:04:45.528+0000] {processor.py:753} INFO - DAG(s) dict_keys(['latest_only']) retrieved from /home/airflow/.local/lib/python3.7/site-packages/airflow/example_dags/example_latest_only.py
[2024-06-26T13:04:45.545+0000] {logging_mixin.py:137} INFO - [2024-06-26T13:04:45.545+0000] {dag.py:2690} INFO - Sync 1 DAGs
[2024-06-26T13:04:45.562+0000] {logging_mixin.py:137} INFO - [2024-06-26T13:04:45.562+0000] {dag.py:3441} INFO - Setting next_dagrun for latest_only to 2024-06-26T09:04:45.562505+00:00, run_after=2024-06-26T13:04:45.562505+00:00
[2024-06-26T13:04:45.575+0000] {processor.py:175} INFO - Processing /home/airflow/.local/lib/python3.7/site-packages/airflow/example_dags/example_latest_only.py took 0.060 seconds
[2024-06-26T13:05:16.229+0000] {processor.py:153} INFO - Started process (PID=322) to work on /home/airflow/.local/lib/python3.7/site-packages/airflow/example_dags/example_latest_only.py
[2024-06-26T13:05:16.230+0000] {processor.py:743} INFO - Processing file /home/airflow/.local/lib/python3.7/site-packages/airflow/example_dags/example_latest_only.py for tasks to queue
[2024-06-26T13:05:16.230+0000] {logging_mixin.py:137} INFO - [2024-06-26T13:05:16.230+0000] {dagbag.py:538} INFO - Filling up the DagBag from /home/airflow/.local/lib/python3.7/site-packages/airflow/example_dags/example_latest_only.py
[2024-06-26T13:05:16.239+0000] {processor.py:753} INFO - DAG(s) dict_keys(['latest_only']) retrieved from /home/airflow/.local/lib/python3.7/site-packages/airflow/example_dags/example_latest_only.py
[2024-06-26T13:05:16.256+0000] {logging_mixin.py:137} INFO - [2024-06-26T13:05:16.255+0000] {dag.py:2690} INFO - Sync 1 DAGs
[2024-06-26T13:05:16.273+0000] {logging_mixin.py:137} INFO - [2024-06-26T13:05:16.273+0000] {dag.py:3441} INFO - Setting next_dagrun for latest_only to 2024-06-26T09:05:16.273578+00:00, run_after=2024-06-26T13:05:16.273578+00:00
[2024-06-26T13:05:16.286+0000] {processor.py:175} INFO - Processing /home/airflow/.local/lib/python3.7/site-packages/airflow/example_dags/example_latest_only.py took 0.059 seconds
[2024-06-26T13:05:47.053+0000] {processor.py:153} INFO - Started process (PID=421) to work on /home/airflow/.local/lib/python3.7/site-packages/airflow/example_dags/example_latest_only.py
[2024-06-26T13:05:47.054+0000] {processor.py:743} INFO - Processing file /home/airflow/.local/lib/python3.7/site-packages/airflow/example_dags/example_latest_only.py for tasks to queue
[2024-06-26T13:05:47.054+0000] {logging_mixin.py:137} INFO - [2024-06-26T13:05:47.054+0000] {dagbag.py:538} INFO - Filling up the DagBag from /home/airflow/.local/lib/python3.7/site-packages/airflow/example_dags/example_latest_only.py
[2024-06-26T13:05:47.063+0000] {processor.py:753} INFO - DAG(s) dict_keys(['latest_only']) retrieved from /home/airflow/.local/lib/python3.7/site-packages/airflow/example_dags/example_latest_only.py
[2024-06-26T13:05:47.081+0000] {logging_mixin.py:137} INFO - [2024-06-26T13:05:47.081+0000] {dag.py:2690} INFO - Sync 1 DAGs
[2024-06-26T13:05:47.109+0000] {logging_mixin.py:137} INFO - [2024-06-26T13:05:47.108+0000] {dag.py:3441} INFO - Setting next_dagrun for latest_only to 2024-06-26T09:05:47.108742+00:00, run_after=2024-06-26T13:05:47.108742+00:00
[2024-06-26T13:05:47.122+0000] {processor.py:175} INFO - Processing /home/airflow/.local/lib/python3.7/site-packages/airflow/example_dags/example_latest_only.py took 0.071 seconds
[2024-06-26T13:06:17.776+0000] {processor.py:153} INFO - Started process (PID=500) to work on /home/airflow/.local/lib/python3.7/site-packages/airflow/example_dags/example_latest_only.py
[2024-06-26T13:06:17.777+0000] {processor.py:743} INFO - Processing file /home/airflow/.local/lib/python3.7/site-packages/airflow/example_dags/example_latest_only.py for tasks to queue
[2024-06-26T13:06:17.777+0000] {logging_mixin.py:137} INFO - [2024-06-26T13:06:17.777+0000] {dagbag.py:538} INFO - Filling up the DagBag from /home/airflow/.local/lib/python3.7/site-packages/airflow/example_dags/example_latest_only.py
[2024-06-26T13:06:17.786+0000] {processor.py:753} INFO - DAG(s) dict_keys(['latest_only']) retrieved from /home/airflow/.local/lib/python3.7/site-packages/airflow/example_dags/example_latest_only.py
[2024-06-26T13:06:17.802+0000] {logging_mixin.py:137} INFO - [2024-06-26T13:06:17.802+0000] {dag.py:2690} INFO - Sync 1 DAGs
[2024-06-26T13:06:17.820+0000] {logging_mixin.py:137} INFO - [2024-06-26T13:06:17.820+0000] {dag.py:3441} INFO - Setting next_dagrun for latest_only to 2024-06-26T09:06:17.820430+00:00, run_after=2024-06-26T13:06:17.820430+00:00
[2024-06-26T13:06:17.833+0000] {processor.py:175} INFO - Processing /home/airflow/.local/lib/python3.7/site-packages/airflow/example_dags/example_latest_only.py took 0.058 seconds
[2024-06-26T13:06:48.520+0000] {processor.py:153} INFO - Started process (PID=599) to work on /home/airflow/.local/lib/python3.7/site-packages/airflow/example_dags/example_latest_only.py
[2024-06-26T13:06:48.521+0000] {processor.py:743} INFO - Processing file /home/airflow/.local/lib/python3.7/site-packages/airflow/example_dags/example_latest_only.py for tasks to queue
[2024-06-26T13:06:48.521+0000] {logging_mixin.py:137} INFO - [2024-06-26T13:06:48.521+0000] {dagbag.py:538} INFO - Filling up the DagBag from /home/airflow/.local/lib/python3.7/site-packages/airflow/example_dags/example_latest_only.py
[2024-06-26T13:06:48.531+0000] {processor.py:753} INFO - DAG(s) dict_keys(['latest_only']) retrieved from /home/airflow/.local/lib/python3.7/site-packages/airflow/example_dags/example_latest_only.py
[2024-06-26T13:06:48.552+0000] {logging_mixin.py:137} INFO - [2024-06-26T13:06:48.551+0000] {dag.py:2690} INFO - Sync 1 DAGs
[2024-06-26T13:06:48.574+0000] {logging_mixin.py:137} INFO - [2024-06-26T13:06:48.574+0000] {dag.py:3441} INFO - Setting next_dagrun for latest_only to 2024-06-26T09:06:48.574699+00:00, run_after=2024-06-26T13:06:48.574699+00:00
[2024-06-26T13:06:48.591+0000] {processor.py:175} INFO - Processing /home/airflow/.local/lib/python3.7/site-packages/airflow/example_dags/example_latest_only.py took 0.072 seconds
[2024-06-26T13:07:18.674+0000] {processor.py:153} INFO - Started process (PID=678) to work on /home/airflow/.local/lib/python3.7/site-packages/airflow/example_dags/example_latest_only.py
[2024-06-26T13:07:18.675+0000] {processor.py:743} INFO - Processing file /home/airflow/.local/lib/python3.7/site-packages/airflow/example_dags/example_latest_only.py for tasks to queue
[2024-06-26T13:07:18.676+0000] {logging_mixin.py:137} INFO - [2024-06-26T13:07:18.676+0000] {dagbag.py:538} INFO - Filling up the DagBag from /home/airflow/.local/lib/python3.7/site-packages/airflow/example_dags/example_latest_only.py
[2024-06-26T13:07:18.686+0000] {processor.py:753} INFO - DAG(s) dict_keys(['latest_only']) retrieved from /home/airflow/.local/lib/python3.7/site-packages/airflow/example_dags/example_latest_only.py
[2024-06-26T13:07:18.702+0000] {logging_mixin.py:137} INFO - [2024-06-26T13:07:18.702+0000] {dag.py:2690} INFO - Sync 1 DAGs
[2024-06-26T13:07:18.720+0000] {logging_mixin.py:137} INFO - [2024-06-26T13:07:18.720+0000] {dag.py:3441} INFO - Setting next_dagrun for latest_only to 2024-06-26T09:07:18.720619+00:00, run_after=2024-06-26T13:07:18.720619+00:00
[2024-06-26T13:07:18.733+0000] {processor.py:175} INFO - Processing /home/airflow/.local/lib/python3.7/site-packages/airflow/example_dags/example_latest_only.py took 0.061 seconds
[2024-06-26T13:07:48.803+0000] {processor.py:153} INFO - Started process (PID=777) to work on /home/airflow/.local/lib/python3.7/site-packages/airflow/example_dags/example_latest_only.py
[2024-06-26T13:07:48.804+0000] {processor.py:743} INFO - Processing file /home/airflow/.local/lib/python3.7/site-packages/airflow/example_dags/example_latest_only.py for tasks to queue
[2024-06-26T13:07:48.804+0000] {logging_mixin.py:137} INFO - [2024-06-26T13:07:48.804+0000] {dagbag.py:538} INFO - Filling up the DagBag from /home/airflow/.local/lib/python3.7/site-packages/airflow/example_dags/example_latest_only.py
[2024-06-26T13:07:48.816+0000] {processor.py:753} INFO - DAG(s) dict_keys(['latest_only']) retrieved from /home/airflow/.local/lib/python3.7/site-packages/airflow/example_dags/example_latest_only.py
[2024-06-26T13:07:48.834+0000] {logging_mixin.py:137} INFO - [2024-06-26T13:07:48.834+0000] {dag.py:2690} INFO - Sync 1 DAGs
[2024-06-26T13:07:48.855+0000] {logging_mixin.py:137} INFO - [2024-06-26T13:07:48.855+0000] {dag.py:3441} INFO - Setting next_dagrun for latest_only to 2024-06-26T09:07:48.854866+00:00, run_after=2024-06-26T13:07:48.854866+00:00
[2024-06-26T13:07:48.870+0000] {processor.py:175} INFO - Processing /home/airflow/.local/lib/python3.7/site-packages/airflow/example_dags/example_latest_only.py took 0.069 seconds
[2024-06-26T13:08:19.021+0000] {processor.py:153} INFO - Started process (PID=856) to work on /home/airflow/.local/lib/python3.7/site-packages/airflow/example_dags/example_latest_only.py
[2024-06-26T13:08:19.022+0000] {processor.py:743} INFO - Processing file /home/airflow/.local/lib/python3.7/site-packages/airflow/example_dags/example_latest_only.py for tasks to queue
[2024-06-26T13:08:19.022+0000] {logging_mixin.py:137} INFO - [2024-06-26T13:08:19.022+0000] {dagbag.py:538} INFO - Filling up the DagBag from /home/airflow/.local/lib/python3.7/site-packages/airflow/example_dags/example_latest_only.py
[2024-06-26T13:08:19.031+0000] {processor.py:753} INFO - DAG(s) dict_keys(['latest_only']) retrieved from /home/airflow/.local/lib/python3.7/site-packages/airflow/example_dags/example_latest_only.py
[2024-06-26T13:08:19.047+0000] {logging_mixin.py:137} INFO - [2024-06-26T13:08:19.047+0000] {dag.py:2690} INFO - Sync 1 DAGs
[2024-06-26T13:08:19.065+0000] {logging_mixin.py:137} INFO - [2024-06-26T13:08:19.064+0000] {dag.py:3441} INFO - Setting next_dagrun for latest_only to 2024-06-26T09:08:19.064847+00:00, run_after=2024-06-26T13:08:19.064847+00:00
[2024-06-26T13:08:19.079+0000] {processor.py:175} INFO - Processing /home/airflow/.local/lib/python3.7/site-packages/airflow/example_dags/example_latest_only.py took 0.059 seconds
[2024-06-26T13:08:49.185+0000] {processor.py:153} INFO - Started process (PID=954) to work on /home/airflow/.local/lib/python3.7/site-packages/airflow/example_dags/example_latest_only.py
[2024-06-26T13:08:49.186+0000] {processor.py:743} INFO - Processing file /home/airflow/.local/lib/python3.7/site-packages/airflow/example_dags/example_latest_only.py for tasks to queue
[2024-06-26T13:08:49.186+0000] {logging_mixin.py:137} INFO - [2024-06-26T13:08:49.186+0000] {dagbag.py:538} INFO - Filling up the DagBag from /home/airflow/.local/lib/python3.7/site-packages/airflow/example_dags/example_latest_only.py
[2024-06-26T13:08:49.194+0000] {processor.py:753} INFO - DAG(s) dict_keys(['latest_only']) retrieved from /home/airflow/.local/lib/python3.7/site-packages/airflow/example_dags/example_latest_only.py
[2024-06-26T13:08:49.210+0000] {logging_mixin.py:137} INFO - [2024-06-26T13:08:49.210+0000] {dag.py:2690} INFO - Sync 1 DAGs
[2024-06-26T13:08:49.227+0000] {logging_mixin.py:137} INFO - [2024-06-26T13:08:49.227+0000] {dag.py:3441} INFO - Setting next_dagrun for latest_only to 2024-06-26T09:08:49.227640+00:00, run_after=2024-06-26T13:08:49.227640+00:00
[2024-06-26T13:08:49.240+0000] {processor.py:175} INFO - Processing /home/airflow/.local/lib/python3.7/site-packages/airflow/example_dags/example_latest_only.py took 0.057 seconds
[2024-06-26T13:09:20.089+0000] {processor.py:153} INFO - Started process (PID=1054) to work on /home/airflow/.local/lib/python3.7/site-packages/airflow/example_dags/example_latest_only.py
[2024-06-26T13:09:20.090+0000] {processor.py:743} INFO - Processing file /home/airflow/.local/lib/python3.7/site-packages/airflow/example_dags/example_latest_only.py for tasks to queue
[2024-06-26T13:09:20.090+0000] {logging_mixin.py:137} INFO - [2024-06-26T13:09:20.090+0000] {dagbag.py:538} INFO - Filling up the DagBag from /home/airflow/.local/lib/python3.7/site-packages/airflow/example_dags/example_latest_only.py
[2024-06-26T13:09:20.100+0000] {processor.py:753} INFO - DAG(s) dict_keys(['latest_only']) retrieved from /home/airflow/.local/lib/python3.7/site-packages/airflow/example_dags/example_latest_only.py
[2024-06-26T13:09:20.116+0000] {logging_mixin.py:137} INFO - [2024-06-26T13:09:20.116+0000] {dag.py:2690} INFO - Sync 1 DAGs
[2024-06-26T13:09:20.135+0000] {logging_mixin.py:137} INFO - [2024-06-26T13:09:20.135+0000] {dag.py:3441} INFO - Setting next_dagrun for latest_only to 2024-06-26T09:09:20.134925+00:00, run_after=2024-06-26T13:09:20.134925+00:00
[2024-06-26T13:09:20.149+0000] {processor.py:175} INFO - Processing /home/airflow/.local/lib/python3.7/site-packages/airflow/example_dags/example_latest_only.py took 0.061 seconds
[2024-06-26T13:09:50.884+0000] {processor.py:153} INFO - Started process (PID=1133) to work on /home/airflow/.local/lib/python3.7/site-packages/airflow/example_dags/example_latest_only.py
[2024-06-26T13:09:50.884+0000] {processor.py:743} INFO - Processing file /home/airflow/.local/lib/python3.7/site-packages/airflow/example_dags/example_latest_only.py for tasks to queue
[2024-06-26T13:09:50.885+0000] {logging_mixin.py:137} INFO - [2024-06-26T13:09:50.885+0000] {dagbag.py:538} INFO - Filling up the DagBag from /home/airflow/.local/lib/python3.7/site-packages/airflow/example_dags/example_latest_only.py
[2024-06-26T13:09:50.894+0000] {processor.py:753} INFO - DAG(s) dict_keys(['latest_only']) retrieved from /home/airflow/.local/lib/python3.7/site-packages/airflow/example_dags/example_latest_only.py
[2024-06-26T13:09:50.910+0000] {logging_mixin.py:137} INFO - [2024-06-26T13:09:50.910+0000] {dag.py:2690} INFO - Sync 1 DAGs
[2024-06-26T13:09:50.927+0000] {logging_mixin.py:137} INFO - [2024-06-26T13:09:50.927+0000] {dag.py:3441} INFO - Setting next_dagrun for latest_only to 2024-06-26T09:09:50.927445+00:00, run_after=2024-06-26T13:09:50.927445+00:00
[2024-06-26T13:09:50.939+0000] {processor.py:175} INFO - Processing /home/airflow/.local/lib/python3.7/site-packages/airflow/example_dags/example_latest_only.py took 0.057 seconds
[2024-06-26T13:10:21.665+0000] {processor.py:153} INFO - Started process (PID=1232) to work on /home/airflow/.local/lib/python3.7/site-packages/airflow/example_dags/example_latest_only.py
[2024-06-26T13:10:21.666+0000] {processor.py:743} INFO - Processing file /home/airflow/.local/lib/python3.7/site-packages/airflow/example_dags/example_latest_only.py for tasks to queue
[2024-06-26T13:10:21.666+0000] {logging_mixin.py:137} INFO - [2024-06-26T13:10:21.666+0000] {dagbag.py:538} INFO - Filling up the DagBag from /home/airflow/.local/lib/python3.7/site-packages/airflow/example_dags/example_latest_only.py
[2024-06-26T13:10:21.675+0000] {processor.py:753} INFO - DAG(s) dict_keys(['latest_only']) retrieved from /home/airflow/.local/lib/python3.7/site-packages/airflow/example_dags/example_latest_only.py
[2024-06-26T13:10:21.691+0000] {logging_mixin.py:137} INFO - [2024-06-26T13:10:21.691+0000] {dag.py:2690} INFO - Sync 1 DAGs
[2024-06-26T13:10:21.708+0000] {logging_mixin.py:137} INFO - [2024-06-26T13:10:21.708+0000] {dag.py:3441} INFO - Setting next_dagrun for latest_only to 2024-06-26T09:10:21.708027+00:00, run_after=2024-06-26T13:10:21.708027+00:00
[2024-06-26T13:10:21.720+0000] {processor.py:175} INFO - Processing /home/airflow/.local/lib/python3.7/site-packages/airflow/example_dags/example_latest_only.py took 0.057 seconds
[2024-06-26T13:10:52.464+0000] {processor.py:153} INFO - Started process (PID=1311) to work on /home/airflow/.local/lib/python3.7/site-packages/airflow/example_dags/example_latest_only.py
[2024-06-26T13:10:52.465+0000] {processor.py:743} INFO - Processing file /home/airflow/.local/lib/python3.7/site-packages/airflow/example_dags/example_latest_only.py for tasks to queue
[2024-06-26T13:10:52.465+0000] {logging_mixin.py:137} INFO - [2024-06-26T13:10:52.465+0000] {dagbag.py:538} INFO - Filling up the DagBag from /home/airflow/.local/lib/python3.7/site-packages/airflow/example_dags/example_latest_only.py
[2024-06-26T13:10:52.475+0000] {processor.py:753} INFO - DAG(s) dict_keys(['latest_only']) retrieved from /home/airflow/.local/lib/python3.7/site-packages/airflow/example_dags/example_latest_only.py
[2024-06-26T13:10:52.493+0000] {logging_mixin.py:137} INFO - [2024-06-26T13:10:52.493+0000] {dag.py:2690} INFO - Sync 1 DAGs
[2024-06-26T13:10:52.513+0000] {logging_mixin.py:137} INFO - [2024-06-26T13:10:52.513+0000] {dag.py:3441} INFO - Setting next_dagrun for latest_only to 2024-06-26T09:10:52.513154+00:00, run_after=2024-06-26T13:10:52.513154+00:00
[2024-06-26T13:10:52.529+0000] {processor.py:175} INFO - Processing /home/airflow/.local/lib/python3.7/site-packages/airflow/example_dags/example_latest_only.py took 0.066 seconds
[2024-06-26T13:11:23.474+0000] {processor.py:153} INFO - Started process (PID=1410) to work on /home/airflow/.local/lib/python3.7/site-packages/airflow/example_dags/example_latest_only.py
[2024-06-26T13:11:23.474+0000] {processor.py:743} INFO - Processing file /home/airflow/.local/lib/python3.7/site-packages/airflow/example_dags/example_latest_only.py for tasks to queue
[2024-06-26T13:11:23.475+0000] {logging_mixin.py:137} INFO - [2024-06-26T13:11:23.475+0000] {dagbag.py:538} INFO - Filling up the DagBag from /home/airflow/.local/lib/python3.7/site-packages/airflow/example_dags/example_latest_only.py
[2024-06-26T13:11:23.483+0000] {processor.py:753} INFO - DAG(s) dict_keys(['latest_only']) retrieved from /home/airflow/.local/lib/python3.7/site-packages/airflow/example_dags/example_latest_only.py
[2024-06-26T13:11:23.499+0000] {logging_mixin.py:137} INFO - [2024-06-26T13:11:23.499+0000] {dag.py:2690} INFO - Sync 1 DAGs
[2024-06-26T13:11:23.517+0000] {logging_mixin.py:137} INFO - [2024-06-26T13:11:23.517+0000] {dag.py:3441} INFO - Setting next_dagrun for latest_only to 2024-06-26T09:11:23.517719+00:00, run_after=2024-06-26T13:11:23.517719+00:00
[2024-06-26T13:11:23.530+0000] {processor.py:175} INFO - Processing /home/airflow/.local/lib/python3.7/site-packages/airflow/example_dags/example_latest_only.py took 0.058 seconds
[2024-06-26T13:11:54.263+0000] {processor.py:153} INFO - Started process (PID=1509) to work on /home/airflow/.local/lib/python3.7/site-packages/airflow/example_dags/example_latest_only.py
[2024-06-26T13:11:54.264+0000] {processor.py:743} INFO - Processing file /home/airflow/.local/lib/python3.7/site-packages/airflow/example_dags/example_latest_only.py for tasks to queue
[2024-06-26T13:11:54.264+0000] {logging_mixin.py:137} INFO - [2024-06-26T13:11:54.264+0000] {dagbag.py:538} INFO - Filling up the DagBag from /home/airflow/.local/lib/python3.7/site-packages/airflow/example_dags/example_latest_only.py
[2024-06-26T13:11:54.273+0000] {processor.py:753} INFO - DAG(s) dict_keys(['latest_only']) retrieved from /home/airflow/.local/lib/python3.7/site-packages/airflow/example_dags/example_latest_only.py
[2024-06-26T13:11:54.289+0000] {logging_mixin.py:137} INFO - [2024-06-26T13:11:54.289+0000] {dag.py:2690} INFO - Sync 1 DAGs
[2024-06-26T13:11:54.307+0000] {logging_mixin.py:137} INFO - [2024-06-26T13:11:54.307+0000] {dag.py:3441} INFO - Setting next_dagrun for latest_only to 2024-06-26T09:11:54.306989+00:00, run_after=2024-06-26T13:11:54.306989+00:00
[2024-06-26T13:11:54.319+0000] {processor.py:175} INFO - Processing /home/airflow/.local/lib/python3.7/site-packages/airflow/example_dags/example_latest_only.py took 0.057 seconds
[2024-06-26T13:12:25.081+0000] {processor.py:153} INFO - Started process (PID=1588) to work on /home/airflow/.local/lib/python3.7/site-packages/airflow/example_dags/example_latest_only.py
[2024-06-26T13:12:25.082+0000] {processor.py:743} INFO - Processing file /home/airflow/.local/lib/python3.7/site-packages/airflow/example_dags/example_latest_only.py for tasks to queue
[2024-06-26T13:12:25.082+0000] {logging_mixin.py:137} INFO - [2024-06-26T13:12:25.082+0000] {dagbag.py:538} INFO - Filling up the DagBag from /home/airflow/.local/lib/python3.7/site-packages/airflow/example_dags/example_latest_only.py
[2024-06-26T13:12:25.091+0000] {processor.py:753} INFO - DAG(s) dict_keys(['latest_only']) retrieved from /home/airflow/.local/lib/python3.7/site-packages/airflow/example_dags/example_latest_only.py
[2024-06-26T13:12:25.107+0000] {logging_mixin.py:137} INFO - [2024-06-26T13:12:25.107+0000] {dag.py:2690} INFO - Sync 1 DAGs
[2024-06-26T13:12:25.125+0000] {logging_mixin.py:137} INFO - [2024-06-26T13:12:25.125+0000] {dag.py:3441} INFO - Setting next_dagrun for latest_only to 2024-06-26T09:12:25.125188+00:00, run_after=2024-06-26T13:12:25.125188+00:00
[2024-06-26T13:12:25.138+0000] {processor.py:175} INFO - Processing /home/airflow/.local/lib/python3.7/site-packages/airflow/example_dags/example_latest_only.py took 0.058 seconds
[2024-06-26T13:12:55.850+0000] {processor.py:153} INFO - Started process (PID=1687) to work on /home/airflow/.local/lib/python3.7/site-packages/airflow/example_dags/example_latest_only.py
[2024-06-26T13:12:55.851+0000] {processor.py:743} INFO - Processing file /home/airflow/.local/lib/python3.7/site-packages/airflow/example_dags/example_latest_only.py for tasks to queue
[2024-06-26T13:12:55.851+0000] {logging_mixin.py:137} INFO - [2024-06-26T13:12:55.851+0000] {dagbag.py:538} INFO - Filling up the DagBag from /home/airflow/.local/lib/python3.7/site-packages/airflow/example_dags/example_latest_only.py
[2024-06-26T13:12:55.860+0000] {processor.py:753} INFO - DAG(s) dict_keys(['latest_only']) retrieved from /home/airflow/.local/lib/python3.7/site-packages/airflow/example_dags/example_latest_only.py
[2024-06-26T13:12:55.876+0000] {logging_mixin.py:137} INFO - [2024-06-26T13:12:55.876+0000] {dag.py:2690} INFO - Sync 1 DAGs
[2024-06-26T13:12:55.893+0000] {logging_mixin.py:137} INFO - [2024-06-26T13:12:55.893+0000] {dag.py:3441} INFO - Setting next_dagrun for latest_only to 2024-06-26T09:12:55.892994+00:00, run_after=2024-06-26T13:12:55.892994+00:00
[2024-06-26T13:12:55.905+0000] {processor.py:175} INFO - Processing /home/airflow/.local/lib/python3.7/site-packages/airflow/example_dags/example_latest_only.py took 0.056 seconds
[2024-06-26T13:13:26.655+0000] {processor.py:153} INFO - Started process (PID=1775) to work on /home/airflow/.local/lib/python3.7/site-packages/airflow/example_dags/example_latest_only.py
[2024-06-26T13:13:26.656+0000] {processor.py:743} INFO - Processing file /home/airflow/.local/lib/python3.7/site-packages/airflow/example_dags/example_latest_only.py for tasks to queue
[2024-06-26T13:13:26.656+0000] {logging_mixin.py:137} INFO - [2024-06-26T13:13:26.656+0000] {dagbag.py:538} INFO - Filling up the DagBag from /home/airflow/.local/lib/python3.7/site-packages/airflow/example_dags/example_latest_only.py
[2024-06-26T13:13:26.667+0000] {processor.py:753} INFO - DAG(s) dict_keys(['latest_only']) retrieved from /home/airflow/.local/lib/python3.7/site-packages/airflow/example_dags/example_latest_only.py
[2024-06-26T13:13:26.684+0000] {logging_mixin.py:137} INFO - [2024-06-26T13:13:26.684+0000] {dag.py:2690} INFO - Sync 1 DAGs
[2024-06-26T13:13:26.703+0000] {logging_mixin.py:137} INFO - [2024-06-26T13:13:26.703+0000] {dag.py:3441} INFO - Setting next_dagrun for latest_only to 2024-06-26T09:13:26.703095+00:00, run_after=2024-06-26T13:13:26.703095+00:00
[2024-06-26T13:13:26.716+0000] {processor.py:175} INFO - Processing /home/airflow/.local/lib/python3.7/site-packages/airflow/example_dags/example_latest_only.py took 0.063 seconds
[2024-06-26T13:13:57.576+0000] {processor.py:153} INFO - Started process (PID=1865) to work on /home/airflow/.local/lib/python3.7/site-packages/airflow/example_dags/example_latest_only.py
[2024-06-26T13:13:57.577+0000] {processor.py:743} INFO - Processing file /home/airflow/.local/lib/python3.7/site-packages/airflow/example_dags/example_latest_only.py for tasks to queue
[2024-06-26T13:13:57.577+0000] {logging_mixin.py:137} INFO - [2024-06-26T13:13:57.577+0000] {dagbag.py:538} INFO - Filling up the DagBag from /home/airflow/.local/lib/python3.7/site-packages/airflow/example_dags/example_latest_only.py
[2024-06-26T13:13:57.585+0000] {processor.py:753} INFO - DAG(s) dict_keys(['latest_only']) retrieved from /home/airflow/.local/lib/python3.7/site-packages/airflow/example_dags/example_latest_only.py
[2024-06-26T13:13:57.601+0000] {logging_mixin.py:137} INFO - [2024-06-26T13:13:57.601+0000] {dag.py:2690} INFO - Sync 1 DAGs
[2024-06-26T13:13:57.618+0000] {logging_mixin.py:137} INFO - [2024-06-26T13:13:57.618+0000] {dag.py:3441} INFO - Setting next_dagrun for latest_only to 2024-06-26T09:13:57.618640+00:00, run_after=2024-06-26T13:13:57.618640+00:00
[2024-06-26T13:13:57.631+0000] {processor.py:175} INFO - Processing /home/airflow/.local/lib/python3.7/site-packages/airflow/example_dags/example_latest_only.py took 0.056 seconds
[2024-06-26T13:14:28.332+0000] {processor.py:153} INFO - Started process (PID=1964) to work on /home/airflow/.local/lib/python3.7/site-packages/airflow/example_dags/example_latest_only.py
[2024-06-26T13:14:28.333+0000] {processor.py:743} INFO - Processing file /home/airflow/.local/lib/python3.7/site-packages/airflow/example_dags/example_latest_only.py for tasks to queue
[2024-06-26T13:14:28.333+0000] {logging_mixin.py:137} INFO - [2024-06-26T13:14:28.333+0000] {dagbag.py:538} INFO - Filling up the DagBag from /home/airflow/.local/lib/python3.7/site-packages/airflow/example_dags/example_latest_only.py
[2024-06-26T13:14:28.343+0000] {processor.py:753} INFO - DAG(s) dict_keys(['latest_only']) retrieved from /home/airflow/.local/lib/python3.7/site-packages/airflow/example_dags/example_latest_only.py
[2024-06-26T13:14:28.358+0000] {logging_mixin.py:137} INFO - [2024-06-26T13:14:28.358+0000] {dag.py:2690} INFO - Sync 1 DAGs
[2024-06-26T13:14:28.376+0000] {logging_mixin.py:137} INFO - [2024-06-26T13:14:28.376+0000] {dag.py:3441} INFO - Setting next_dagrun for latest_only to 2024-06-26T09:14:28.376037+00:00, run_after=2024-06-26T13:14:28.376037+00:00
[2024-06-26T13:14:28.389+0000] {processor.py:175} INFO - Processing /home/airflow/.local/lib/python3.7/site-packages/airflow/example_dags/example_latest_only.py took 0.058 seconds
[2024-06-26T13:14:59.081+0000] {processor.py:153} INFO - Started process (PID=2043) to work on /home/airflow/.local/lib/python3.7/site-packages/airflow/example_dags/example_latest_only.py
[2024-06-26T13:14:59.082+0000] {processor.py:743} INFO - Processing file /home/airflow/.local/lib/python3.7/site-packages/airflow/example_dags/example_latest_only.py for tasks to queue
[2024-06-26T13:14:59.082+0000] {logging_mixin.py:137} INFO - [2024-06-26T13:14:59.082+0000] {dagbag.py:538} INFO - Filling up the DagBag from /home/airflow/.local/lib/python3.7/site-packages/airflow/example_dags/example_latest_only.py
[2024-06-26T13:14:59.090+0000] {processor.py:753} INFO - DAG(s) dict_keys(['latest_only']) retrieved from /home/airflow/.local/lib/python3.7/site-packages/airflow/example_dags/example_latest_only.py
[2024-06-26T13:14:59.106+0000] {logging_mixin.py:137} INFO - [2024-06-26T13:14:59.106+0000] {dag.py:2690} INFO - Sync 1 DAGs
[2024-06-26T13:14:59.124+0000] {logging_mixin.py:137} INFO - [2024-06-26T13:14:59.124+0000] {dag.py:3441} INFO - Setting next_dagrun for latest_only to 2024-06-26T09:14:59.124230+00:00, run_after=2024-06-26T13:14:59.124230+00:00
[2024-06-26T13:14:59.136+0000] {processor.py:175} INFO - Processing /home/airflow/.local/lib/python3.7/site-packages/airflow/example_dags/example_latest_only.py took 0.057 seconds
[2024-06-26T13:15:30.103+0000] {processor.py:153} INFO - Started process (PID=2142) to work on /home/airflow/.local/lib/python3.7/site-packages/airflow/example_dags/example_latest_only.py
[2024-06-26T13:15:30.104+0000] {processor.py:743} INFO - Processing file /home/airflow/.local/lib/python3.7/site-packages/airflow/example_dags/example_latest_only.py for tasks to queue
[2024-06-26T13:15:30.104+0000] {logging_mixin.py:137} INFO - [2024-06-26T13:15:30.104+0000] {dagbag.py:538} INFO - Filling up the DagBag from /home/airflow/.local/lib/python3.7/site-packages/airflow/example_dags/example_latest_only.py
[2024-06-26T13:15:30.114+0000] {processor.py:753} INFO - DAG(s) dict_keys(['latest_only']) retrieved from /home/airflow/.local/lib/python3.7/site-packages/airflow/example_dags/example_latest_only.py
[2024-06-26T13:15:30.131+0000] {logging_mixin.py:137} INFO - [2024-06-26T13:15:30.130+0000] {dag.py:2690} INFO - Sync 1 DAGs
[2024-06-26T13:15:30.150+0000] {logging_mixin.py:137} INFO - [2024-06-26T13:15:30.149+0000] {dag.py:3441} INFO - Setting next_dagrun for latest_only to 2024-06-26T09:15:30.149845+00:00, run_after=2024-06-26T13:15:30.149845+00:00
[2024-06-26T13:15:30.162+0000] {processor.py:175} INFO - Processing /home/airflow/.local/lib/python3.7/site-packages/airflow/example_dags/example_latest_only.py took 0.061 seconds
[2024-06-26T13:16:00.852+0000] {processor.py:153} INFO - Started process (PID=2241) to work on /home/airflow/.local/lib/python3.7/site-packages/airflow/example_dags/example_latest_only.py
[2024-06-26T13:16:00.853+0000] {processor.py:743} INFO - Processing file /home/airflow/.local/lib/python3.7/site-packages/airflow/example_dags/example_latest_only.py for tasks to queue
[2024-06-26T13:16:00.853+0000] {logging_mixin.py:137} INFO - [2024-06-26T13:16:00.853+0000] {dagbag.py:538} INFO - Filling up the DagBag from /home/airflow/.local/lib/python3.7/site-packages/airflow/example_dags/example_latest_only.py
[2024-06-26T13:16:00.861+0000] {processor.py:753} INFO - DAG(s) dict_keys(['latest_only']) retrieved from /home/airflow/.local/lib/python3.7/site-packages/airflow/example_dags/example_latest_only.py
[2024-06-26T13:16:00.877+0000] {logging_mixin.py:137} INFO - [2024-06-26T13:16:00.877+0000] {dag.py:2690} INFO - Sync 1 DAGs
[2024-06-26T13:16:00.894+0000] {logging_mixin.py:137} INFO - [2024-06-26T13:16:00.894+0000] {dag.py:3441} INFO - Setting next_dagrun for latest_only to 2024-06-26T09:16:00.894529+00:00, run_after=2024-06-26T13:16:00.894529+00:00
[2024-06-26T13:16:00.907+0000] {processor.py:175} INFO - Processing /home/airflow/.local/lib/python3.7/site-packages/airflow/example_dags/example_latest_only.py took 0.057 seconds
[2024-06-26T13:16:31.726+0000] {processor.py:153} INFO - Started process (PID=2320) to work on /home/airflow/.local/lib/python3.7/site-packages/airflow/example_dags/example_latest_only.py
[2024-06-26T13:16:31.726+0000] {processor.py:743} INFO - Processing file /home/airflow/.local/lib/python3.7/site-packages/airflow/example_dags/example_latest_only.py for tasks to queue
[2024-06-26T13:16:31.726+0000] {logging_mixin.py:137} INFO - [2024-06-26T13:16:31.726+0000] {dagbag.py:538} INFO - Filling up the DagBag from /home/airflow/.local/lib/python3.7/site-packages/airflow/example_dags/example_latest_only.py
[2024-06-26T13:16:31.735+0000] {processor.py:753} INFO - DAG(s) dict_keys(['latest_only']) retrieved from /home/airflow/.local/lib/python3.7/site-packages/airflow/example_dags/example_latest_only.py
[2024-06-26T13:16:31.753+0000] {logging_mixin.py:137} INFO - [2024-06-26T13:16:31.753+0000] {dag.py:2690} INFO - Sync 1 DAGs
[2024-06-26T13:16:31.770+0000] {logging_mixin.py:137} INFO - [2024-06-26T13:16:31.770+0000] {dag.py:3441} INFO - Setting next_dagrun for latest_only to 2024-06-26T09:16:31.770512+00:00, run_after=2024-06-26T13:16:31.770512+00:00
[2024-06-26T13:16:31.783+0000] {processor.py:175} INFO - Processing /home/airflow/.local/lib/python3.7/site-packages/airflow/example_dags/example_latest_only.py took 0.060 seconds
[2024-06-26T13:17:02.475+0000] {processor.py:153} INFO - Started process (PID=2419) to work on /home/airflow/.local/lib/python3.7/site-packages/airflow/example_dags/example_latest_only.py
[2024-06-26T13:17:02.475+0000] {processor.py:743} INFO - Processing file /home/airflow/.local/lib/python3.7/site-packages/airflow/example_dags/example_latest_only.py for tasks to queue
[2024-06-26T13:17:02.475+0000] {logging_mixin.py:137} INFO - [2024-06-26T13:17:02.475+0000] {dagbag.py:538} INFO - Filling up the DagBag from /home/airflow/.local/lib/python3.7/site-packages/airflow/example_dags/example_latest_only.py
[2024-06-26T13:17:02.484+0000] {processor.py:753} INFO - DAG(s) dict_keys(['latest_only']) retrieved from /home/airflow/.local/lib/python3.7/site-packages/airflow/example_dags/example_latest_only.py
[2024-06-26T13:17:02.500+0000] {logging_mixin.py:137} INFO - [2024-06-26T13:17:02.500+0000] {dag.py:2690} INFO - Sync 1 DAGs
[2024-06-26T13:17:02.518+0000] {logging_mixin.py:137} INFO - [2024-06-26T13:17:02.518+0000] {dag.py:3441} INFO - Setting next_dagrun for latest_only to 2024-06-26T09:17:02.518682+00:00, run_after=2024-06-26T13:17:02.518682+00:00
[2024-06-26T13:17:02.531+0000] {processor.py:175} INFO - Processing /home/airflow/.local/lib/python3.7/site-packages/airflow/example_dags/example_latest_only.py took 0.059 seconds
[2024-06-26T13:17:33.469+0000] {processor.py:153} INFO - Started process (PID=2518) to work on /home/airflow/.local/lib/python3.7/site-packages/airflow/example_dags/example_latest_only.py
[2024-06-26T13:17:33.470+0000] {processor.py:743} INFO - Processing file /home/airflow/.local/lib/python3.7/site-packages/airflow/example_dags/example_latest_only.py for tasks to queue
[2024-06-26T13:17:33.470+0000] {logging_mixin.py:137} INFO - [2024-06-26T13:17:33.470+0000] {dagbag.py:538} INFO - Filling up the DagBag from /home/airflow/.local/lib/python3.7/site-packages/airflow/example_dags/example_latest_only.py
[2024-06-26T13:17:33.480+0000] {processor.py:753} INFO - DAG(s) dict_keys(['latest_only']) retrieved from /home/airflow/.local/lib/python3.7/site-packages/airflow/example_dags/example_latest_only.py
[2024-06-26T13:17:33.498+0000] {logging_mixin.py:137} INFO - [2024-06-26T13:17:33.498+0000] {dag.py:2690} INFO - Sync 1 DAGs
[2024-06-26T13:17:33.519+0000] {logging_mixin.py:137} INFO - [2024-06-26T13:17:33.519+0000] {dag.py:3441} INFO - Setting next_dagrun for latest_only to 2024-06-26T09:17:33.519064+00:00, run_after=2024-06-26T13:17:33.519064+00:00
[2024-06-26T13:17:33.532+0000] {processor.py:175} INFO - Processing /home/airflow/.local/lib/python3.7/site-packages/airflow/example_dags/example_latest_only.py took 0.065 seconds
[2024-06-26T13:18:04.382+0000] {processor.py:153} INFO - Started process (PID=2597) to work on /home/airflow/.local/lib/python3.7/site-packages/airflow/example_dags/example_latest_only.py
[2024-06-26T13:18:04.382+0000] {processor.py:743} INFO - Processing file /home/airflow/.local/lib/python3.7/site-packages/airflow/example_dags/example_latest_only.py for tasks to queue
[2024-06-26T13:18:04.382+0000] {logging_mixin.py:137} INFO - [2024-06-26T13:18:04.382+0000] {dagbag.py:538} INFO - Filling up the DagBag from /home/airflow/.local/lib/python3.7/site-packages/airflow/example_dags/example_latest_only.py
[2024-06-26T13:18:04.392+0000] {processor.py:753} INFO - DAG(s) dict_keys(['latest_only']) retrieved from /home/airflow/.local/lib/python3.7/site-packages/airflow/example_dags/example_latest_only.py
[2024-06-26T13:18:04.407+0000] {logging_mixin.py:137} INFO - [2024-06-26T13:18:04.407+0000] {dag.py:2690} INFO - Sync 1 DAGs
[2024-06-26T13:18:04.424+0000] {logging_mixin.py:137} INFO - [2024-06-26T13:18:04.424+0000] {dag.py:3441} INFO - Setting next_dagrun for latest_only to 2024-06-26T09:18:04.424644+00:00, run_after=2024-06-26T13:18:04.424644+00:00
[2024-06-26T13:18:04.437+0000] {processor.py:175} INFO - Processing /home/airflow/.local/lib/python3.7/site-packages/airflow/example_dags/example_latest_only.py took 0.057 seconds
[2024-06-26T13:18:35.177+0000] {processor.py:153} INFO - Started process (PID=2696) to work on /home/airflow/.local/lib/python3.7/site-packages/airflow/example_dags/example_latest_only.py
[2024-06-26T13:18:35.178+0000] {processor.py:743} INFO - Processing file /home/airflow/.local/lib/python3.7/site-packages/airflow/example_dags/example_latest_only.py for tasks to queue
[2024-06-26T13:18:35.178+0000] {logging_mixin.py:137} INFO - [2024-06-26T13:18:35.178+0000] {dagbag.py:538} INFO - Filling up the DagBag from /home/airflow/.local/lib/python3.7/site-packages/airflow/example_dags/example_latest_only.py
[2024-06-26T13:18:35.187+0000] {processor.py:753} INFO - DAG(s) dict_keys(['latest_only']) retrieved from /home/airflow/.local/lib/python3.7/site-packages/airflow/example_dags/example_latest_only.py
[2024-06-26T13:18:35.203+0000] {logging_mixin.py:137} INFO - [2024-06-26T13:18:35.203+0000] {dag.py:2690} INFO - Sync 1 DAGs
[2024-06-26T13:18:35.220+0000] {logging_mixin.py:137} INFO - [2024-06-26T13:18:35.220+0000] {dag.py:3441} INFO - Setting next_dagrun for latest_only to 2024-06-26T09:18:35.220009+00:00, run_after=2024-06-26T13:18:35.220009+00:00
[2024-06-26T13:18:35.233+0000] {processor.py:175} INFO - Processing /home/airflow/.local/lib/python3.7/site-packages/airflow/example_dags/example_latest_only.py took 0.057 seconds
[2024-06-26T13:19:06.038+0000] {processor.py:153} INFO - Started process (PID=2775) to work on /home/airflow/.local/lib/python3.7/site-packages/airflow/example_dags/example_latest_only.py
[2024-06-26T13:19:06.038+0000] {processor.py:743} INFO - Processing file /home/airflow/.local/lib/python3.7/site-packages/airflow/example_dags/example_latest_only.py for tasks to queue
[2024-06-26T13:19:06.038+0000] {logging_mixin.py:137} INFO - [2024-06-26T13:19:06.038+0000] {dagbag.py:538} INFO - Filling up the DagBag from /home/airflow/.local/lib/python3.7/site-packages/airflow/example_dags/example_latest_only.py
[2024-06-26T13:19:06.048+0000] {processor.py:753} INFO - DAG(s) dict_keys(['latest_only']) retrieved from /home/airflow/.local/lib/python3.7/site-packages/airflow/example_dags/example_latest_only.py
[2024-06-26T13:19:06.063+0000] {logging_mixin.py:137} INFO - [2024-06-26T13:19:06.063+0000] {dag.py:2690} INFO - Sync 1 DAGs
[2024-06-26T13:19:06.081+0000] {logging_mixin.py:137} INFO - [2024-06-26T13:19:06.081+0000] {dag.py:3441} INFO - Setting next_dagrun for latest_only to 2024-06-26T09:19:06.080893+00:00, run_after=2024-06-26T13:19:06.080893+00:00
[2024-06-26T13:19:06.093+0000] {processor.py:175} INFO - Processing /home/airflow/.local/lib/python3.7/site-packages/airflow/example_dags/example_latest_only.py took 0.057 seconds
[2024-06-26T13:19:36.836+0000] {processor.py:153} INFO - Started process (PID=2874) to work on /home/airflow/.local/lib/python3.7/site-packages/airflow/example_dags/example_latest_only.py
[2024-06-26T13:19:36.836+0000] {processor.py:743} INFO - Processing file /home/airflow/.local/lib/python3.7/site-packages/airflow/example_dags/example_latest_only.py for tasks to queue
[2024-06-26T13:19:36.837+0000] {logging_mixin.py:137} INFO - [2024-06-26T13:19:36.837+0000] {dagbag.py:538} INFO - Filling up the DagBag from /home/airflow/.local/lib/python3.7/site-packages/airflow/example_dags/example_latest_only.py
[2024-06-26T13:19:36.845+0000] {processor.py:753} INFO - DAG(s) dict_keys(['latest_only']) retrieved from /home/airflow/.local/lib/python3.7/site-packages/airflow/example_dags/example_latest_only.py
[2024-06-26T13:19:36.862+0000] {logging_mixin.py:137} INFO - [2024-06-26T13:19:36.861+0000] {dag.py:2690} INFO - Sync 1 DAGs
[2024-06-26T13:19:36.879+0000] {logging_mixin.py:137} INFO - [2024-06-26T13:19:36.879+0000] {dag.py:3441} INFO - Setting next_dagrun for latest_only to 2024-06-26T09:19:36.878964+00:00, run_after=2024-06-26T13:19:36.878964+00:00
[2024-06-26T13:19:36.891+0000] {processor.py:175} INFO - Processing /home/airflow/.local/lib/python3.7/site-packages/airflow/example_dags/example_latest_only.py took 0.057 seconds
[2024-06-26T13:20:07.571+0000] {processor.py:153} INFO - Started process (PID=2973) to work on /home/airflow/.local/lib/python3.7/site-packages/airflow/example_dags/example_latest_only.py
[2024-06-26T13:20:07.572+0000] {processor.py:743} INFO - Processing file /home/airflow/.local/lib/python3.7/site-packages/airflow/example_dags/example_latest_only.py for tasks to queue
[2024-06-26T13:20:07.572+0000] {logging_mixin.py:137} INFO - [2024-06-26T13:20:07.572+0000] {dagbag.py:538} INFO - Filling up the DagBag from /home/airflow/.local/lib/python3.7/site-packages/airflow/example_dags/example_latest_only.py
[2024-06-26T13:20:07.581+0000] {processor.py:753} INFO - DAG(s) dict_keys(['latest_only']) retrieved from /home/airflow/.local/lib/python3.7/site-packages/airflow/example_dags/example_latest_only.py
[2024-06-26T13:20:07.596+0000] {logging_mixin.py:137} INFO - [2024-06-26T13:20:07.596+0000] {dag.py:2690} INFO - Sync 1 DAGs
[2024-06-26T13:20:07.614+0000] {logging_mixin.py:137} INFO - [2024-06-26T13:20:07.614+0000] {dag.py:3441} INFO - Setting next_dagrun for latest_only to 2024-06-26T09:20:07.614026+00:00, run_after=2024-06-26T13:20:07.614026+00:00
[2024-06-26T13:20:07.626+0000] {processor.py:175} INFO - Processing /home/airflow/.local/lib/python3.7/site-packages/airflow/example_dags/example_latest_only.py took 0.057 seconds
[2024-06-26T13:20:38.486+0000] {processor.py:153} INFO - Started process (PID=3052) to work on /home/airflow/.local/lib/python3.7/site-packages/airflow/example_dags/example_latest_only.py
[2024-06-26T13:20:38.487+0000] {processor.py:743} INFO - Processing file /home/airflow/.local/lib/python3.7/site-packages/airflow/example_dags/example_latest_only.py for tasks to queue
[2024-06-26T13:20:38.487+0000] {logging_mixin.py:137} INFO - [2024-06-26T13:20:38.487+0000] {dagbag.py:538} INFO - Filling up the DagBag from /home/airflow/.local/lib/python3.7/site-packages/airflow/example_dags/example_latest_only.py
[2024-06-26T13:20:38.495+0000] {processor.py:753} INFO - DAG(s) dict_keys(['latest_only']) retrieved from /home/airflow/.local/lib/python3.7/site-packages/airflow/example_dags/example_latest_only.py
[2024-06-26T13:20:38.511+0000] {logging_mixin.py:137} INFO - [2024-06-26T13:20:38.511+0000] {dag.py:2690} INFO - Sync 1 DAGs
[2024-06-26T13:20:38.528+0000] {logging_mixin.py:137} INFO - [2024-06-26T13:20:38.527+0000] {dag.py:3441} INFO - Setting next_dagrun for latest_only to 2024-06-26T09:20:38.527823+00:00, run_after=2024-06-26T13:20:38.527823+00:00
[2024-06-26T13:20:38.540+0000] {processor.py:175} INFO - Processing /home/airflow/.local/lib/python3.7/site-packages/airflow/example_dags/example_latest_only.py took 0.056 seconds
[2024-06-26T13:21:09.272+0000] {processor.py:153} INFO - Started process (PID=3151) to work on /home/airflow/.local/lib/python3.7/site-packages/airflow/example_dags/example_latest_only.py
[2024-06-26T13:21:09.272+0000] {processor.py:743} INFO - Processing file /home/airflow/.local/lib/python3.7/site-packages/airflow/example_dags/example_latest_only.py for tasks to queue
[2024-06-26T13:21:09.272+0000] {logging_mixin.py:137} INFO - [2024-06-26T13:21:09.272+0000] {dagbag.py:538} INFO - Filling up the DagBag from /home/airflow/.local/lib/python3.7/site-packages/airflow/example_dags/example_latest_only.py
[2024-06-26T13:21:09.281+0000] {processor.py:753} INFO - DAG(s) dict_keys(['latest_only']) retrieved from /home/airflow/.local/lib/python3.7/site-packages/airflow/example_dags/example_latest_only.py
[2024-06-26T13:21:09.296+0000] {logging_mixin.py:137} INFO - [2024-06-26T13:21:09.296+0000] {dag.py:2690} INFO - Sync 1 DAGs
[2024-06-26T13:21:09.314+0000] {logging_mixin.py:137} INFO - [2024-06-26T13:21:09.314+0000] {dag.py:3441} INFO - Setting next_dagrun for latest_only to 2024-06-26T09:21:09.314251+00:00, run_after=2024-06-26T13:21:09.314251+00:00
[2024-06-26T13:21:09.326+0000] {processor.py:175} INFO - Processing /home/airflow/.local/lib/python3.7/site-packages/airflow/example_dags/example_latest_only.py took 0.057 seconds
[2024-06-26T13:21:40.025+0000] {processor.py:153} INFO - Started process (PID=3239) to work on /home/airflow/.local/lib/python3.7/site-packages/airflow/example_dags/example_latest_only.py
[2024-06-26T13:21:40.026+0000] {processor.py:743} INFO - Processing file /home/airflow/.local/lib/python3.7/site-packages/airflow/example_dags/example_latest_only.py for tasks to queue
[2024-06-26T13:21:40.026+0000] {logging_mixin.py:137} INFO - [2024-06-26T13:21:40.026+0000] {dagbag.py:538} INFO - Filling up the DagBag from /home/airflow/.local/lib/python3.7/site-packages/airflow/example_dags/example_latest_only.py
[2024-06-26T13:21:40.036+0000] {processor.py:753} INFO - DAG(s) dict_keys(['latest_only']) retrieved from /home/airflow/.local/lib/python3.7/site-packages/airflow/example_dags/example_latest_only.py
[2024-06-26T13:21:40.055+0000] {logging_mixin.py:137} INFO - [2024-06-26T13:21:40.055+0000] {dag.py:2690} INFO - Sync 1 DAGs
[2024-06-26T13:21:40.075+0000] {logging_mixin.py:137} INFO - [2024-06-26T13:21:40.075+0000] {dag.py:3441} INFO - Setting next_dagrun for latest_only to 2024-06-26T09:21:40.075495+00:00, run_after=2024-06-26T13:21:40.075495+00:00
[2024-06-26T13:21:40.090+0000] {processor.py:175} INFO - Processing /home/airflow/.local/lib/python3.7/site-packages/airflow/example_dags/example_latest_only.py took 0.067 seconds
[2024-06-26T13:22:10.145+0000] {processor.py:153} INFO - Started process (PID=3329) to work on /home/airflow/.local/lib/python3.7/site-packages/airflow/example_dags/example_latest_only.py
[2024-06-26T13:22:10.145+0000] {processor.py:743} INFO - Processing file /home/airflow/.local/lib/python3.7/site-packages/airflow/example_dags/example_latest_only.py for tasks to queue
[2024-06-26T13:22:10.145+0000] {logging_mixin.py:137} INFO - [2024-06-26T13:22:10.145+0000] {dagbag.py:538} INFO - Filling up the DagBag from /home/airflow/.local/lib/python3.7/site-packages/airflow/example_dags/example_latest_only.py
[2024-06-26T13:22:10.154+0000] {processor.py:753} INFO - DAG(s) dict_keys(['latest_only']) retrieved from /home/airflow/.local/lib/python3.7/site-packages/airflow/example_dags/example_latest_only.py
[2024-06-26T13:22:10.170+0000] {logging_mixin.py:137} INFO - [2024-06-26T13:22:10.170+0000] {dag.py:2690} INFO - Sync 1 DAGs
[2024-06-26T13:22:10.187+0000] {logging_mixin.py:137} INFO - [2024-06-26T13:22:10.187+0000] {dag.py:3441} INFO - Setting next_dagrun for latest_only to 2024-06-26T09:22:10.187228+00:00, run_after=2024-06-26T13:22:10.187228+00:00
[2024-06-26T13:22:10.199+0000] {processor.py:175} INFO - Processing /home/airflow/.local/lib/python3.7/site-packages/airflow/example_dags/example_latest_only.py took 0.057 seconds
[2024-06-26T13:22:40.951+0000] {processor.py:153} INFO - Started process (PID=3428) to work on /home/airflow/.local/lib/python3.7/site-packages/airflow/example_dags/example_latest_only.py
[2024-06-26T13:22:40.952+0000] {processor.py:743} INFO - Processing file /home/airflow/.local/lib/python3.7/site-packages/airflow/example_dags/example_latest_only.py for tasks to queue
[2024-06-26T13:22:40.952+0000] {logging_mixin.py:137} INFO - [2024-06-26T13:22:40.952+0000] {dagbag.py:538} INFO - Filling up the DagBag from /home/airflow/.local/lib/python3.7/site-packages/airflow/example_dags/example_latest_only.py
[2024-06-26T13:22:40.961+0000] {processor.py:753} INFO - DAG(s) dict_keys(['latest_only']) retrieved from /home/airflow/.local/lib/python3.7/site-packages/airflow/example_dags/example_latest_only.py
[2024-06-26T13:22:40.976+0000] {logging_mixin.py:137} INFO - [2024-06-26T13:22:40.976+0000] {dag.py:2690} INFO - Sync 1 DAGs
[2024-06-26T13:22:40.994+0000] {logging_mixin.py:137} INFO - [2024-06-26T13:22:40.994+0000] {dag.py:3441} INFO - Setting next_dagrun for latest_only to 2024-06-26T09:22:40.994562+00:00, run_after=2024-06-26T13:22:40.994562+00:00
[2024-06-26T13:22:41.007+0000] {processor.py:175} INFO - Processing /home/airflow/.local/lib/python3.7/site-packages/airflow/example_dags/example_latest_only.py took 0.058 seconds
[2024-06-26T13:23:11.771+0000] {processor.py:153} INFO - Started process (PID=3507) to work on /home/airflow/.local/lib/python3.7/site-packages/airflow/example_dags/example_latest_only.py
[2024-06-26T13:23:11.772+0000] {processor.py:743} INFO - Processing file /home/airflow/.local/lib/python3.7/site-packages/airflow/example_dags/example_latest_only.py for tasks to queue
[2024-06-26T13:23:11.772+0000] {logging_mixin.py:137} INFO - [2024-06-26T13:23:11.772+0000] {dagbag.py:538} INFO - Filling up the DagBag from /home/airflow/.local/lib/python3.7/site-packages/airflow/example_dags/example_latest_only.py
[2024-06-26T13:23:11.781+0000] {processor.py:753} INFO - DAG(s) dict_keys(['latest_only']) retrieved from /home/airflow/.local/lib/python3.7/site-packages/airflow/example_dags/example_latest_only.py
[2024-06-26T13:23:11.797+0000] {logging_mixin.py:137} INFO - [2024-06-26T13:23:11.797+0000] {dag.py:2690} INFO - Sync 1 DAGs
[2024-06-26T13:23:11.815+0000] {logging_mixin.py:137} INFO - [2024-06-26T13:23:11.814+0000] {dag.py:3441} INFO - Setting next_dagrun for latest_only to 2024-06-26T09:23:11.814818+00:00, run_after=2024-06-26T13:23:11.814818+00:00
[2024-06-26T13:23:11.827+0000] {processor.py:175} INFO - Processing /home/airflow/.local/lib/python3.7/site-packages/airflow/example_dags/example_latest_only.py took 0.057 seconds
[2024-06-26T13:23:42.635+0000] {processor.py:153} INFO - Started process (PID=3606) to work on /home/airflow/.local/lib/python3.7/site-packages/airflow/example_dags/example_latest_only.py
[2024-06-26T13:23:42.635+0000] {processor.py:743} INFO - Processing file /home/airflow/.local/lib/python3.7/site-packages/airflow/example_dags/example_latest_only.py for tasks to queue
[2024-06-26T13:23:42.636+0000] {logging_mixin.py:137} INFO - [2024-06-26T13:23:42.636+0000] {dagbag.py:538} INFO - Filling up the DagBag from /home/airflow/.local/lib/python3.7/site-packages/airflow/example_dags/example_latest_only.py
[2024-06-26T13:23:42.644+0000] {processor.py:753} INFO - DAG(s) dict_keys(['latest_only']) retrieved from /home/airflow/.local/lib/python3.7/site-packages/airflow/example_dags/example_latest_only.py
[2024-06-26T13:23:42.660+0000] {logging_mixin.py:137} INFO - [2024-06-26T13:23:42.660+0000] {dag.py:2690} INFO - Sync 1 DAGs
[2024-06-26T13:23:42.678+0000] {logging_mixin.py:137} INFO - [2024-06-26T13:23:42.677+0000] {dag.py:3441} INFO - Setting next_dagrun for latest_only to 2024-06-26T09:23:42.677860+00:00, run_after=2024-06-26T13:23:42.677860+00:00
[2024-06-26T13:23:42.690+0000] {processor.py:175} INFO - Processing /home/airflow/.local/lib/python3.7/site-packages/airflow/example_dags/example_latest_only.py took 0.057 seconds
[2024-06-26T13:24:13.426+0000] {processor.py:153} INFO - Started process (PID=3694) to work on /home/airflow/.local/lib/python3.7/site-packages/airflow/example_dags/example_latest_only.py
[2024-06-26T13:24:13.427+0000] {processor.py:743} INFO - Processing file /home/airflow/.local/lib/python3.7/site-packages/airflow/example_dags/example_latest_only.py for tasks to queue
[2024-06-26T13:24:13.427+0000] {logging_mixin.py:137} INFO - [2024-06-26T13:24:13.427+0000] {dagbag.py:538} INFO - Filling up the DagBag from /home/airflow/.local/lib/python3.7/site-packages/airflow/example_dags/example_latest_only.py
[2024-06-26T13:24:13.440+0000] {processor.py:753} INFO - DAG(s) dict_keys(['latest_only']) retrieved from /home/airflow/.local/lib/python3.7/site-packages/airflow/example_dags/example_latest_only.py
[2024-06-26T13:24:13.456+0000] {logging_mixin.py:137} INFO - [2024-06-26T13:24:13.456+0000] {dag.py:2690} INFO - Sync 1 DAGs
[2024-06-26T13:24:13.526+0000] {logging_mixin.py:137} INFO - [2024-06-26T13:24:13.525+0000] {dag.py:3441} INFO - Setting next_dagrun for latest_only to 2024-06-26T09:24:13.525614+00:00, run_after=2024-06-26T13:24:13.525614+00:00
[2024-06-26T13:24:13.557+0000] {processor.py:175} INFO - Processing /home/airflow/.local/lib/python3.7/site-packages/airflow/example_dags/example_latest_only.py took 0.133 seconds
[2024-06-26T13:24:44.317+0000] {processor.py:153} INFO - Started process (PID=3784) to work on /home/airflow/.local/lib/python3.7/site-packages/airflow/example_dags/example_latest_only.py
[2024-06-26T13:24:44.318+0000] {processor.py:743} INFO - Processing file /home/airflow/.local/lib/python3.7/site-packages/airflow/example_dags/example_latest_only.py for tasks to queue
[2024-06-26T13:24:44.318+0000] {logging_mixin.py:137} INFO - [2024-06-26T13:24:44.318+0000] {dagbag.py:538} INFO - Filling up the DagBag from /home/airflow/.local/lib/python3.7/site-packages/airflow/example_dags/example_latest_only.py
[2024-06-26T13:24:44.327+0000] {processor.py:753} INFO - DAG(s) dict_keys(['latest_only']) retrieved from /home/airflow/.local/lib/python3.7/site-packages/airflow/example_dags/example_latest_only.py
[2024-06-26T13:24:44.343+0000] {logging_mixin.py:137} INFO - [2024-06-26T13:24:44.343+0000] {dag.py:2690} INFO - Sync 1 DAGs
[2024-06-26T13:24:44.363+0000] {logging_mixin.py:137} INFO - [2024-06-26T13:24:44.363+0000] {dag.py:3441} INFO - Setting next_dagrun for latest_only to 2024-06-26T09:24:44.363161+00:00, run_after=2024-06-26T13:24:44.363161+00:00
[2024-06-26T13:24:44.375+0000] {processor.py:175} INFO - Processing /home/airflow/.local/lib/python3.7/site-packages/airflow/example_dags/example_latest_only.py took 0.060 seconds
[2024-06-26T13:25:15.092+0000] {processor.py:153} INFO - Started process (PID=3883) to work on /home/airflow/.local/lib/python3.7/site-packages/airflow/example_dags/example_latest_only.py
[2024-06-26T13:25:15.092+0000] {processor.py:743} INFO - Processing file /home/airflow/.local/lib/python3.7/site-packages/airflow/example_dags/example_latest_only.py for tasks to queue
[2024-06-26T13:25:15.093+0000] {logging_mixin.py:137} INFO - [2024-06-26T13:25:15.093+0000] {dagbag.py:538} INFO - Filling up the DagBag from /home/airflow/.local/lib/python3.7/site-packages/airflow/example_dags/example_latest_only.py
[2024-06-26T13:25:15.102+0000] {processor.py:753} INFO - DAG(s) dict_keys(['latest_only']) retrieved from /home/airflow/.local/lib/python3.7/site-packages/airflow/example_dags/example_latest_only.py
[2024-06-26T13:25:15.117+0000] {logging_mixin.py:137} INFO - [2024-06-26T13:25:15.117+0000] {dag.py:2690} INFO - Sync 1 DAGs
[2024-06-26T13:25:15.135+0000] {logging_mixin.py:137} INFO - [2024-06-26T13:25:15.135+0000] {dag.py:3441} INFO - Setting next_dagrun for latest_only to 2024-06-26T09:25:15.135569+00:00, run_after=2024-06-26T13:25:15.135569+00:00
[2024-06-26T13:25:15.149+0000] {processor.py:175} INFO - Processing /home/airflow/.local/lib/python3.7/site-packages/airflow/example_dags/example_latest_only.py took 0.059 seconds
[2024-06-26T13:25:45.830+0000] {processor.py:153} INFO - Started process (PID=3962) to work on /home/airflow/.local/lib/python3.7/site-packages/airflow/example_dags/example_latest_only.py
[2024-06-26T13:25:45.831+0000] {processor.py:743} INFO - Processing file /home/airflow/.local/lib/python3.7/site-packages/airflow/example_dags/example_latest_only.py for tasks to queue
[2024-06-26T13:25:45.831+0000] {logging_mixin.py:137} INFO - [2024-06-26T13:25:45.831+0000] {dagbag.py:538} INFO - Filling up the DagBag from /home/airflow/.local/lib/python3.7/site-packages/airflow/example_dags/example_latest_only.py
[2024-06-26T13:25:45.840+0000] {processor.py:753} INFO - DAG(s) dict_keys(['latest_only']) retrieved from /home/airflow/.local/lib/python3.7/site-packages/airflow/example_dags/example_latest_only.py
[2024-06-26T13:25:45.856+0000] {logging_mixin.py:137} INFO - [2024-06-26T13:25:45.856+0000] {dag.py:2690} INFO - Sync 1 DAGs
[2024-06-26T13:25:45.873+0000] {logging_mixin.py:137} INFO - [2024-06-26T13:25:45.873+0000] {dag.py:3441} INFO - Setting next_dagrun for latest_only to 2024-06-26T09:25:45.873693+00:00, run_after=2024-06-26T13:25:45.873693+00:00
[2024-06-26T13:25:45.886+0000] {processor.py:175} INFO - Processing /home/airflow/.local/lib/python3.7/site-packages/airflow/example_dags/example_latest_only.py took 0.057 seconds
[2024-06-26T13:26:16.772+0000] {processor.py:153} INFO - Started process (PID=4061) to work on /home/airflow/.local/lib/python3.7/site-packages/airflow/example_dags/example_latest_only.py
[2024-06-26T13:26:16.773+0000] {processor.py:743} INFO - Processing file /home/airflow/.local/lib/python3.7/site-packages/airflow/example_dags/example_latest_only.py for tasks to queue
[2024-06-26T13:26:16.773+0000] {logging_mixin.py:137} INFO - [2024-06-26T13:26:16.773+0000] {dagbag.py:538} INFO - Filling up the DagBag from /home/airflow/.local/lib/python3.7/site-packages/airflow/example_dags/example_latest_only.py
[2024-06-26T13:26:16.783+0000] {processor.py:753} INFO - DAG(s) dict_keys(['latest_only']) retrieved from /home/airflow/.local/lib/python3.7/site-packages/airflow/example_dags/example_latest_only.py
[2024-06-26T13:26:16.801+0000] {logging_mixin.py:137} INFO - [2024-06-26T13:26:16.801+0000] {dag.py:2690} INFO - Sync 1 DAGs
[2024-06-26T13:26:16.822+0000] {logging_mixin.py:137} INFO - [2024-06-26T13:26:16.822+0000] {dag.py:3441} INFO - Setting next_dagrun for latest_only to 2024-06-26T09:26:16.822390+00:00, run_after=2024-06-26T13:26:16.822390+00:00
[2024-06-26T13:26:16.835+0000] {processor.py:175} INFO - Processing /home/airflow/.local/lib/python3.7/site-packages/airflow/example_dags/example_latest_only.py took 0.066 seconds
[2024-06-26T13:26:47.737+0000] {processor.py:153} INFO - Started process (PID=4160) to work on /home/airflow/.local/lib/python3.7/site-packages/airflow/example_dags/example_latest_only.py
[2024-06-26T13:26:47.738+0000] {processor.py:743} INFO - Processing file /home/airflow/.local/lib/python3.7/site-packages/airflow/example_dags/example_latest_only.py for tasks to queue
[2024-06-26T13:26:47.738+0000] {logging_mixin.py:137} INFO - [2024-06-26T13:26:47.738+0000] {dagbag.py:538} INFO - Filling up the DagBag from /home/airflow/.local/lib/python3.7/site-packages/airflow/example_dags/example_latest_only.py
[2024-06-26T13:26:47.749+0000] {processor.py:753} INFO - DAG(s) dict_keys(['latest_only']) retrieved from /home/airflow/.local/lib/python3.7/site-packages/airflow/example_dags/example_latest_only.py
[2024-06-26T13:26:47.769+0000] {logging_mixin.py:137} INFO - [2024-06-26T13:26:47.769+0000] {dag.py:2690} INFO - Sync 1 DAGs
[2024-06-26T13:26:47.795+0000] {logging_mixin.py:137} INFO - [2024-06-26T13:26:47.795+0000] {dag.py:3441} INFO - Setting next_dagrun for latest_only to 2024-06-26T09:26:47.794974+00:00, run_after=2024-06-26T13:26:47.794974+00:00
[2024-06-26T13:26:47.812+0000] {processor.py:175} INFO - Processing /home/airflow/.local/lib/python3.7/site-packages/airflow/example_dags/example_latest_only.py took 0.077 seconds
[2024-06-26T13:27:18.811+0000] {processor.py:153} INFO - Started process (PID=4239) to work on /home/airflow/.local/lib/python3.7/site-packages/airflow/example_dags/example_latest_only.py
[2024-06-26T13:27:18.812+0000] {processor.py:743} INFO - Processing file /home/airflow/.local/lib/python3.7/site-packages/airflow/example_dags/example_latest_only.py for tasks to queue
[2024-06-26T13:27:18.812+0000] {logging_mixin.py:137} INFO - [2024-06-26T13:27:18.812+0000] {dagbag.py:538} INFO - Filling up the DagBag from /home/airflow/.local/lib/python3.7/site-packages/airflow/example_dags/example_latest_only.py
[2024-06-26T13:27:18.822+0000] {processor.py:753} INFO - DAG(s) dict_keys(['latest_only']) retrieved from /home/airflow/.local/lib/python3.7/site-packages/airflow/example_dags/example_latest_only.py
[2024-06-26T13:27:18.841+0000] {logging_mixin.py:137} INFO - [2024-06-26T13:27:18.841+0000] {dag.py:2690} INFO - Sync 1 DAGs
[2024-06-26T13:27:18.862+0000] {logging_mixin.py:137} INFO - [2024-06-26T13:27:18.861+0000] {dag.py:3441} INFO - Setting next_dagrun for latest_only to 2024-06-26T09:27:18.861823+00:00, run_after=2024-06-26T13:27:18.861823+00:00
[2024-06-26T13:27:18.878+0000] {processor.py:175} INFO - Processing /home/airflow/.local/lib/python3.7/site-packages/airflow/example_dags/example_latest_only.py took 0.069 seconds
[2024-06-26T13:27:49.048+0000] {processor.py:153} INFO - Started process (PID=4338) to work on /home/airflow/.local/lib/python3.7/site-packages/airflow/example_dags/example_latest_only.py
[2024-06-26T13:27:49.049+0000] {processor.py:743} INFO - Processing file /home/airflow/.local/lib/python3.7/site-packages/airflow/example_dags/example_latest_only.py for tasks to queue
[2024-06-26T13:27:49.049+0000] {logging_mixin.py:137} INFO - [2024-06-26T13:27:49.049+0000] {dagbag.py:538} INFO - Filling up the DagBag from /home/airflow/.local/lib/python3.7/site-packages/airflow/example_dags/example_latest_only.py
[2024-06-26T13:27:49.060+0000] {processor.py:753} INFO - DAG(s) dict_keys(['latest_only']) retrieved from /home/airflow/.local/lib/python3.7/site-packages/airflow/example_dags/example_latest_only.py
[2024-06-26T13:27:49.078+0000] {logging_mixin.py:137} INFO - [2024-06-26T13:27:49.078+0000] {dag.py:2690} INFO - Sync 1 DAGs
[2024-06-26T13:27:49.097+0000] {logging_mixin.py:137} INFO - [2024-06-26T13:27:49.097+0000] {dag.py:3441} INFO - Setting next_dagrun for latest_only to 2024-06-26T09:27:49.097669+00:00, run_after=2024-06-26T13:27:49.097669+00:00
[2024-06-26T13:27:49.113+0000] {processor.py:175} INFO - Processing /home/airflow/.local/lib/python3.7/site-packages/airflow/example_dags/example_latest_only.py took 0.067 seconds
[2024-06-26T13:28:19.187+0000] {processor.py:153} INFO - Started process (PID=4417) to work on /home/airflow/.local/lib/python3.7/site-packages/airflow/example_dags/example_latest_only.py
[2024-06-26T13:28:19.187+0000] {processor.py:743} INFO - Processing file /home/airflow/.local/lib/python3.7/site-packages/airflow/example_dags/example_latest_only.py for tasks to queue
[2024-06-26T13:28:19.188+0000] {logging_mixin.py:137} INFO - [2024-06-26T13:28:19.188+0000] {dagbag.py:538} INFO - Filling up the DagBag from /home/airflow/.local/lib/python3.7/site-packages/airflow/example_dags/example_latest_only.py
[2024-06-26T13:28:19.198+0000] {processor.py:753} INFO - DAG(s) dict_keys(['latest_only']) retrieved from /home/airflow/.local/lib/python3.7/site-packages/airflow/example_dags/example_latest_only.py
[2024-06-26T13:28:19.216+0000] {logging_mixin.py:137} INFO - [2024-06-26T13:28:19.216+0000] {dag.py:2690} INFO - Sync 1 DAGs
[2024-06-26T13:28:19.239+0000] {logging_mixin.py:137} INFO - [2024-06-26T13:28:19.238+0000] {dag.py:3441} INFO - Setting next_dagrun for latest_only to 2024-06-26T09:28:19.238462+00:00, run_after=2024-06-26T13:28:19.238462+00:00
[2024-06-26T13:28:19.253+0000] {processor.py:175} INFO - Processing /home/airflow/.local/lib/python3.7/site-packages/airflow/example_dags/example_latest_only.py took 0.068 seconds
[2024-06-26T13:28:49.365+0000] {processor.py:153} INFO - Started process (PID=4516) to work on /home/airflow/.local/lib/python3.7/site-packages/airflow/example_dags/example_latest_only.py
[2024-06-26T13:28:49.366+0000] {processor.py:743} INFO - Processing file /home/airflow/.local/lib/python3.7/site-packages/airflow/example_dags/example_latest_only.py for tasks to queue
[2024-06-26T13:28:49.366+0000] {logging_mixin.py:137} INFO - [2024-06-26T13:28:49.366+0000] {dagbag.py:538} INFO - Filling up the DagBag from /home/airflow/.local/lib/python3.7/site-packages/airflow/example_dags/example_latest_only.py
[2024-06-26T13:28:49.377+0000] {processor.py:753} INFO - DAG(s) dict_keys(['latest_only']) retrieved from /home/airflow/.local/lib/python3.7/site-packages/airflow/example_dags/example_latest_only.py
[2024-06-26T13:28:49.396+0000] {logging_mixin.py:137} INFO - [2024-06-26T13:28:49.395+0000] {dag.py:2690} INFO - Sync 1 DAGs
[2024-06-26T13:28:49.417+0000] {logging_mixin.py:137} INFO - [2024-06-26T13:28:49.417+0000] {dag.py:3441} INFO - Setting next_dagrun for latest_only to 2024-06-26T09:28:49.417631+00:00, run_after=2024-06-26T13:28:49.417631+00:00
[2024-06-26T13:28:49.437+0000] {processor.py:175} INFO - Processing /home/airflow/.local/lib/python3.7/site-packages/airflow/example_dags/example_latest_only.py took 0.074 seconds
[2024-06-26T13:29:19.495+0000] {processor.py:153} INFO - Started process (PID=4595) to work on /home/airflow/.local/lib/python3.7/site-packages/airflow/example_dags/example_latest_only.py
[2024-06-26T13:29:19.495+0000] {processor.py:743} INFO - Processing file /home/airflow/.local/lib/python3.7/site-packages/airflow/example_dags/example_latest_only.py for tasks to queue
[2024-06-26T13:29:19.496+0000] {logging_mixin.py:137} INFO - [2024-06-26T13:29:19.496+0000] {dagbag.py:538} INFO - Filling up the DagBag from /home/airflow/.local/lib/python3.7/site-packages/airflow/example_dags/example_latest_only.py
[2024-06-26T13:29:19.506+0000] {processor.py:753} INFO - DAG(s) dict_keys(['latest_only']) retrieved from /home/airflow/.local/lib/python3.7/site-packages/airflow/example_dags/example_latest_only.py
[2024-06-26T13:29:19.524+0000] {logging_mixin.py:137} INFO - [2024-06-26T13:29:19.524+0000] {dag.py:2690} INFO - Sync 1 DAGs
[2024-06-26T13:29:19.544+0000] {logging_mixin.py:137} INFO - [2024-06-26T13:29:19.544+0000] {dag.py:3441} INFO - Setting next_dagrun for latest_only to 2024-06-26T09:29:19.544088+00:00, run_after=2024-06-26T13:29:19.544088+00:00
[2024-06-26T13:29:19.559+0000] {processor.py:175} INFO - Processing /home/airflow/.local/lib/python3.7/site-packages/airflow/example_dags/example_latest_only.py took 0.066 seconds
[2024-06-26T13:29:50.505+0000] {processor.py:153} INFO - Started process (PID=4694) to work on /home/airflow/.local/lib/python3.7/site-packages/airflow/example_dags/example_latest_only.py
[2024-06-26T13:29:50.506+0000] {processor.py:743} INFO - Processing file /home/airflow/.local/lib/python3.7/site-packages/airflow/example_dags/example_latest_only.py for tasks to queue
[2024-06-26T13:29:50.506+0000] {logging_mixin.py:137} INFO - [2024-06-26T13:29:50.506+0000] {dagbag.py:538} INFO - Filling up the DagBag from /home/airflow/.local/lib/python3.7/site-packages/airflow/example_dags/example_latest_only.py
[2024-06-26T13:29:50.515+0000] {processor.py:753} INFO - DAG(s) dict_keys(['latest_only']) retrieved from /home/airflow/.local/lib/python3.7/site-packages/airflow/example_dags/example_latest_only.py
[2024-06-26T13:29:50.531+0000] {logging_mixin.py:137} INFO - [2024-06-26T13:29:50.531+0000] {dag.py:2690} INFO - Sync 1 DAGs
[2024-06-26T13:29:50.548+0000] {logging_mixin.py:137} INFO - [2024-06-26T13:29:50.548+0000] {dag.py:3441} INFO - Setting next_dagrun for latest_only to 2024-06-26T09:29:50.548506+00:00, run_after=2024-06-26T13:29:50.548506+00:00
[2024-06-26T13:29:50.561+0000] {processor.py:175} INFO - Processing /home/airflow/.local/lib/python3.7/site-packages/airflow/example_dags/example_latest_only.py took 0.057 seconds
[2024-06-26T13:30:21.200+0000] {processor.py:153} INFO - Started process (PID=4773) to work on /home/airflow/.local/lib/python3.7/site-packages/airflow/example_dags/example_latest_only.py
[2024-06-26T13:30:21.200+0000] {processor.py:743} INFO - Processing file /home/airflow/.local/lib/python3.7/site-packages/airflow/example_dags/example_latest_only.py for tasks to queue
[2024-06-26T13:30:21.201+0000] {logging_mixin.py:137} INFO - [2024-06-26T13:30:21.201+0000] {dagbag.py:538} INFO - Filling up the DagBag from /home/airflow/.local/lib/python3.7/site-packages/airflow/example_dags/example_latest_only.py
[2024-06-26T13:30:21.210+0000] {processor.py:753} INFO - DAG(s) dict_keys(['latest_only']) retrieved from /home/airflow/.local/lib/python3.7/site-packages/airflow/example_dags/example_latest_only.py
[2024-06-26T13:30:21.227+0000] {logging_mixin.py:137} INFO - [2024-06-26T13:30:21.227+0000] {dag.py:2690} INFO - Sync 1 DAGs
[2024-06-26T13:30:21.246+0000] {logging_mixin.py:137} INFO - [2024-06-26T13:30:21.246+0000] {dag.py:3441} INFO - Setting next_dagrun for latest_only to 2024-06-26T09:30:21.246231+00:00, run_after=2024-06-26T13:30:21.246231+00:00
[2024-06-26T13:30:21.259+0000] {processor.py:175} INFO - Processing /home/airflow/.local/lib/python3.7/site-packages/airflow/example_dags/example_latest_only.py took 0.061 seconds
[2024-06-26T13:30:52.050+0000] {processor.py:153} INFO - Started process (PID=4872) to work on /home/airflow/.local/lib/python3.7/site-packages/airflow/example_dags/example_latest_only.py
[2024-06-26T13:30:52.050+0000] {processor.py:743} INFO - Processing file /home/airflow/.local/lib/python3.7/site-packages/airflow/example_dags/example_latest_only.py for tasks to queue
[2024-06-26T13:30:52.050+0000] {logging_mixin.py:137} INFO - [2024-06-26T13:30:52.050+0000] {dagbag.py:538} INFO - Filling up the DagBag from /home/airflow/.local/lib/python3.7/site-packages/airflow/example_dags/example_latest_only.py
[2024-06-26T13:30:52.060+0000] {processor.py:753} INFO - DAG(s) dict_keys(['latest_only']) retrieved from /home/airflow/.local/lib/python3.7/site-packages/airflow/example_dags/example_latest_only.py
[2024-06-26T13:30:52.076+0000] {logging_mixin.py:137} INFO - [2024-06-26T13:30:52.076+0000] {dag.py:2690} INFO - Sync 1 DAGs
[2024-06-26T13:30:52.093+0000] {logging_mixin.py:137} INFO - [2024-06-26T13:30:52.093+0000] {dag.py:3441} INFO - Setting next_dagrun for latest_only to 2024-06-26T09:30:52.093311+00:00, run_after=2024-06-26T13:30:52.093311+00:00
[2024-06-26T13:30:52.105+0000] {processor.py:175} INFO - Processing /home/airflow/.local/lib/python3.7/site-packages/airflow/example_dags/example_latest_only.py took 0.057 seconds
[2024-06-26T13:31:22.953+0000] {processor.py:153} INFO - Started process (PID=4971) to work on /home/airflow/.local/lib/python3.7/site-packages/airflow/example_dags/example_latest_only.py
[2024-06-26T13:31:22.954+0000] {processor.py:743} INFO - Processing file /home/airflow/.local/lib/python3.7/site-packages/airflow/example_dags/example_latest_only.py for tasks to queue
[2024-06-26T13:31:22.955+0000] {logging_mixin.py:137} INFO - [2024-06-26T13:31:22.955+0000] {dagbag.py:538} INFO - Filling up the DagBag from /home/airflow/.local/lib/python3.7/site-packages/airflow/example_dags/example_latest_only.py
[2024-06-26T13:31:22.966+0000] {processor.py:753} INFO - DAG(s) dict_keys(['latest_only']) retrieved from /home/airflow/.local/lib/python3.7/site-packages/airflow/example_dags/example_latest_only.py
[2024-06-26T13:31:22.988+0000] {logging_mixin.py:137} INFO - [2024-06-26T13:31:22.988+0000] {dag.py:2690} INFO - Sync 1 DAGs
[2024-06-26T13:31:23.011+0000] {logging_mixin.py:137} INFO - [2024-06-26T13:31:23.011+0000] {dag.py:3441} INFO - Setting next_dagrun for latest_only to 2024-06-26T09:31:23.010902+00:00, run_after=2024-06-26T13:31:23.010902+00:00
[2024-06-26T13:31:23.030+0000] {processor.py:175} INFO - Processing /home/airflow/.local/lib/python3.7/site-packages/airflow/example_dags/example_latest_only.py took 0.080 seconds
[2024-06-26T13:31:53.158+0000] {processor.py:153} INFO - Started process (PID=5050) to work on /home/airflow/.local/lib/python3.7/site-packages/airflow/example_dags/example_latest_only.py
[2024-06-26T13:31:53.159+0000] {processor.py:743} INFO - Processing file /home/airflow/.local/lib/python3.7/site-packages/airflow/example_dags/example_latest_only.py for tasks to queue
[2024-06-26T13:31:53.159+0000] {logging_mixin.py:137} INFO - [2024-06-26T13:31:53.159+0000] {dagbag.py:538} INFO - Filling up the DagBag from /home/airflow/.local/lib/python3.7/site-packages/airflow/example_dags/example_latest_only.py
[2024-06-26T13:31:53.169+0000] {processor.py:753} INFO - DAG(s) dict_keys(['latest_only']) retrieved from /home/airflow/.local/lib/python3.7/site-packages/airflow/example_dags/example_latest_only.py
[2024-06-26T13:31:53.188+0000] {logging_mixin.py:137} INFO - [2024-06-26T13:31:53.188+0000] {dag.py:2690} INFO - Sync 1 DAGs
[2024-06-26T13:31:53.210+0000] {logging_mixin.py:137} INFO - [2024-06-26T13:31:53.210+0000] {dag.py:3441} INFO - Setting next_dagrun for latest_only to 2024-06-26T09:31:53.210482+00:00, run_after=2024-06-26T13:31:53.210482+00:00
[2024-06-26T13:31:53.226+0000] {processor.py:175} INFO - Processing /home/airflow/.local/lib/python3.7/site-packages/airflow/example_dags/example_latest_only.py took 0.071 seconds
[2024-06-26T13:32:23.291+0000] {processor.py:153} INFO - Started process (PID=5149) to work on /home/airflow/.local/lib/python3.7/site-packages/airflow/example_dags/example_latest_only.py
[2024-06-26T13:32:23.291+0000] {processor.py:743} INFO - Processing file /home/airflow/.local/lib/python3.7/site-packages/airflow/example_dags/example_latest_only.py for tasks to queue
[2024-06-26T13:32:23.292+0000] {logging_mixin.py:137} INFO - [2024-06-26T13:32:23.292+0000] {dagbag.py:538} INFO - Filling up the DagBag from /home/airflow/.local/lib/python3.7/site-packages/airflow/example_dags/example_latest_only.py
[2024-06-26T13:32:23.301+0000] {processor.py:753} INFO - DAG(s) dict_keys(['latest_only']) retrieved from /home/airflow/.local/lib/python3.7/site-packages/airflow/example_dags/example_latest_only.py
[2024-06-26T13:32:23.318+0000] {logging_mixin.py:137} INFO - [2024-06-26T13:32:23.318+0000] {dag.py:2690} INFO - Sync 1 DAGs
[2024-06-26T13:32:23.337+0000] {logging_mixin.py:137} INFO - [2024-06-26T13:32:23.337+0000] {dag.py:3441} INFO - Setting next_dagrun for latest_only to 2024-06-26T09:32:23.337674+00:00, run_after=2024-06-26T13:32:23.337674+00:00
[2024-06-26T13:32:23.351+0000] {processor.py:175} INFO - Processing /home/airflow/.local/lib/python3.7/site-packages/airflow/example_dags/example_latest_only.py took 0.063 seconds
[2024-06-26T13:32:53.386+0000] {processor.py:153} INFO - Started process (PID=5228) to work on /home/airflow/.local/lib/python3.7/site-packages/airflow/example_dags/example_latest_only.py
[2024-06-26T13:32:53.387+0000] {processor.py:743} INFO - Processing file /home/airflow/.local/lib/python3.7/site-packages/airflow/example_dags/example_latest_only.py for tasks to queue
[2024-06-26T13:32:53.387+0000] {logging_mixin.py:137} INFO - [2024-06-26T13:32:53.387+0000] {dagbag.py:538} INFO - Filling up the DagBag from /home/airflow/.local/lib/python3.7/site-packages/airflow/example_dags/example_latest_only.py
[2024-06-26T13:32:53.396+0000] {processor.py:753} INFO - DAG(s) dict_keys(['latest_only']) retrieved from /home/airflow/.local/lib/python3.7/site-packages/airflow/example_dags/example_latest_only.py
[2024-06-26T13:32:53.413+0000] {logging_mixin.py:137} INFO - [2024-06-26T13:32:53.413+0000] {dag.py:2690} INFO - Sync 1 DAGs
[2024-06-26T13:32:53.432+0000] {logging_mixin.py:137} INFO - [2024-06-26T13:32:53.432+0000] {dag.py:3441} INFO - Setting next_dagrun for latest_only to 2024-06-26T09:32:53.431949+00:00, run_after=2024-06-26T13:32:53.431949+00:00
[2024-06-26T13:32:53.444+0000] {processor.py:175} INFO - Processing /home/airflow/.local/lib/python3.7/site-packages/airflow/example_dags/example_latest_only.py took 0.060 seconds
[2024-06-26T13:33:24.331+0000] {processor.py:153} INFO - Started process (PID=5327) to work on /home/airflow/.local/lib/python3.7/site-packages/airflow/example_dags/example_latest_only.py
[2024-06-26T13:33:24.332+0000] {processor.py:743} INFO - Processing file /home/airflow/.local/lib/python3.7/site-packages/airflow/example_dags/example_latest_only.py for tasks to queue
[2024-06-26T13:33:24.332+0000] {logging_mixin.py:137} INFO - [2024-06-26T13:33:24.332+0000] {dagbag.py:538} INFO - Filling up the DagBag from /home/airflow/.local/lib/python3.7/site-packages/airflow/example_dags/example_latest_only.py
[2024-06-26T13:33:24.343+0000] {processor.py:753} INFO - DAG(s) dict_keys(['latest_only']) retrieved from /home/airflow/.local/lib/python3.7/site-packages/airflow/example_dags/example_latest_only.py
[2024-06-26T13:33:24.363+0000] {logging_mixin.py:137} INFO - [2024-06-26T13:33:24.363+0000] {dag.py:2690} INFO - Sync 1 DAGs
[2024-06-26T13:33:24.385+0000] {logging_mixin.py:137} INFO - [2024-06-26T13:33:24.384+0000] {dag.py:3441} INFO - Setting next_dagrun for latest_only to 2024-06-26T09:33:24.384765+00:00, run_after=2024-06-26T13:33:24.384765+00:00
[2024-06-26T13:33:24.407+0000] {processor.py:175} INFO - Processing /home/airflow/.local/lib/python3.7/site-packages/airflow/example_dags/example_latest_only.py took 0.078 seconds
[2024-06-26T13:33:54.439+0000] {processor.py:153} INFO - Started process (PID=5406) to work on /home/airflow/.local/lib/python3.7/site-packages/airflow/example_dags/example_latest_only.py
[2024-06-26T13:33:54.439+0000] {processor.py:743} INFO - Processing file /home/airflow/.local/lib/python3.7/site-packages/airflow/example_dags/example_latest_only.py for tasks to queue
[2024-06-26T13:33:54.440+0000] {logging_mixin.py:137} INFO - [2024-06-26T13:33:54.440+0000] {dagbag.py:538} INFO - Filling up the DagBag from /home/airflow/.local/lib/python3.7/site-packages/airflow/example_dags/example_latest_only.py
[2024-06-26T13:33:54.450+0000] {processor.py:753} INFO - DAG(s) dict_keys(['latest_only']) retrieved from /home/airflow/.local/lib/python3.7/site-packages/airflow/example_dags/example_latest_only.py
[2024-06-26T13:33:54.471+0000] {logging_mixin.py:137} INFO - [2024-06-26T13:33:54.470+0000] {dag.py:2690} INFO - Sync 1 DAGs
[2024-06-26T13:33:54.494+0000] {logging_mixin.py:137} INFO - [2024-06-26T13:33:54.494+0000] {dag.py:3441} INFO - Setting next_dagrun for latest_only to 2024-06-26T09:33:54.494283+00:00, run_after=2024-06-26T13:33:54.494283+00:00
[2024-06-26T13:33:54.515+0000] {processor.py:175} INFO - Processing /home/airflow/.local/lib/python3.7/site-packages/airflow/example_dags/example_latest_only.py took 0.078 seconds
[2024-06-26T13:34:24.863+0000] {processor.py:153} INFO - Started process (PID=5505) to work on /home/airflow/.local/lib/python3.7/site-packages/airflow/example_dags/example_latest_only.py
[2024-06-26T13:34:24.863+0000] {processor.py:743} INFO - Processing file /home/airflow/.local/lib/python3.7/site-packages/airflow/example_dags/example_latest_only.py for tasks to queue
[2024-06-26T13:34:24.864+0000] {logging_mixin.py:137} INFO - [2024-06-26T13:34:24.864+0000] {dagbag.py:538} INFO - Filling up the DagBag from /home/airflow/.local/lib/python3.7/site-packages/airflow/example_dags/example_latest_only.py
[2024-06-26T13:34:24.875+0000] {processor.py:753} INFO - DAG(s) dict_keys(['latest_only']) retrieved from /home/airflow/.local/lib/python3.7/site-packages/airflow/example_dags/example_latest_only.py
[2024-06-26T13:34:24.895+0000] {logging_mixin.py:137} INFO - [2024-06-26T13:34:24.895+0000] {dag.py:2690} INFO - Sync 1 DAGs
[2024-06-26T13:34:24.919+0000] {logging_mixin.py:137} INFO - [2024-06-26T13:34:24.919+0000] {dag.py:3441} INFO - Setting next_dagrun for latest_only to 2024-06-26T09:34:24.919131+00:00, run_after=2024-06-26T13:34:24.919131+00:00
[2024-06-26T13:34:24.939+0000] {processor.py:175} INFO - Processing /home/airflow/.local/lib/python3.7/site-packages/airflow/example_dags/example_latest_only.py took 0.079 seconds
[2024-06-26T13:34:55.118+0000] {processor.py:153} INFO - Started process (PID=5584) to work on /home/airflow/.local/lib/python3.7/site-packages/airflow/example_dags/example_latest_only.py
[2024-06-26T13:34:55.119+0000] {processor.py:743} INFO - Processing file /home/airflow/.local/lib/python3.7/site-packages/airflow/example_dags/example_latest_only.py for tasks to queue
[2024-06-26T13:34:55.119+0000] {logging_mixin.py:137} INFO - [2024-06-26T13:34:55.119+0000] {dagbag.py:538} INFO - Filling up the DagBag from /home/airflow/.local/lib/python3.7/site-packages/airflow/example_dags/example_latest_only.py
[2024-06-26T13:34:55.129+0000] {processor.py:753} INFO - DAG(s) dict_keys(['latest_only']) retrieved from /home/airflow/.local/lib/python3.7/site-packages/airflow/example_dags/example_latest_only.py
[2024-06-26T13:34:55.147+0000] {logging_mixin.py:137} INFO - [2024-06-26T13:34:55.147+0000] {dag.py:2690} INFO - Sync 1 DAGs
[2024-06-26T13:34:55.167+0000] {logging_mixin.py:137} INFO - [2024-06-26T13:34:55.166+0000] {dag.py:3441} INFO - Setting next_dagrun for latest_only to 2024-06-26T09:34:55.166812+00:00, run_after=2024-06-26T13:34:55.166812+00:00
[2024-06-26T13:34:55.183+0000] {processor.py:175} INFO - Processing /home/airflow/.local/lib/python3.7/site-packages/airflow/example_dags/example_latest_only.py took 0.067 seconds
[2024-06-26T13:35:25.252+0000] {processor.py:153} INFO - Started process (PID=5683) to work on /home/airflow/.local/lib/python3.7/site-packages/airflow/example_dags/example_latest_only.py
[2024-06-26T13:35:25.253+0000] {processor.py:743} INFO - Processing file /home/airflow/.local/lib/python3.7/site-packages/airflow/example_dags/example_latest_only.py for tasks to queue
[2024-06-26T13:35:25.253+0000] {logging_mixin.py:137} INFO - [2024-06-26T13:35:25.253+0000] {dagbag.py:538} INFO - Filling up the DagBag from /home/airflow/.local/lib/python3.7/site-packages/airflow/example_dags/example_latest_only.py
[2024-06-26T13:35:25.262+0000] {processor.py:753} INFO - DAG(s) dict_keys(['latest_only']) retrieved from /home/airflow/.local/lib/python3.7/site-packages/airflow/example_dags/example_latest_only.py
[2024-06-26T13:35:25.278+0000] {logging_mixin.py:137} INFO - [2024-06-26T13:35:25.278+0000] {dag.py:2690} INFO - Sync 1 DAGs
[2024-06-26T13:35:25.295+0000] {logging_mixin.py:137} INFO - [2024-06-26T13:35:25.295+0000] {dag.py:3441} INFO - Setting next_dagrun for latest_only to 2024-06-26T09:35:25.295472+00:00, run_after=2024-06-26T13:35:25.295472+00:00
[2024-06-26T13:35:25.308+0000] {processor.py:175} INFO - Processing /home/airflow/.local/lib/python3.7/site-packages/airflow/example_dags/example_latest_only.py took 0.058 seconds
[2024-06-26T13:35:56.195+0000] {processor.py:153} INFO - Started process (PID=5762) to work on /home/airflow/.local/lib/python3.7/site-packages/airflow/example_dags/example_latest_only.py
[2024-06-26T13:35:56.196+0000] {processor.py:743} INFO - Processing file /home/airflow/.local/lib/python3.7/site-packages/airflow/example_dags/example_latest_only.py for tasks to queue
[2024-06-26T13:35:56.196+0000] {logging_mixin.py:137} INFO - [2024-06-26T13:35:56.196+0000] {dagbag.py:538} INFO - Filling up the DagBag from /home/airflow/.local/lib/python3.7/site-packages/airflow/example_dags/example_latest_only.py
[2024-06-26T13:35:56.205+0000] {processor.py:753} INFO - DAG(s) dict_keys(['latest_only']) retrieved from /home/airflow/.local/lib/python3.7/site-packages/airflow/example_dags/example_latest_only.py
[2024-06-26T13:35:56.223+0000] {logging_mixin.py:137} INFO - [2024-06-26T13:35:56.223+0000] {dag.py:2690} INFO - Sync 1 DAGs
[2024-06-26T13:35:56.244+0000] {logging_mixin.py:137} INFO - [2024-06-26T13:35:56.244+0000] {dag.py:3441} INFO - Setting next_dagrun for latest_only to 2024-06-26T09:35:56.244375+00:00, run_after=2024-06-26T13:35:56.244375+00:00
[2024-06-26T13:35:56.259+0000] {processor.py:175} INFO - Processing /home/airflow/.local/lib/python3.7/site-packages/airflow/example_dags/example_latest_only.py took 0.065 seconds
[2024-06-26T13:36:27.175+0000] {processor.py:153} INFO - Started process (PID=5861) to work on /home/airflow/.local/lib/python3.7/site-packages/airflow/example_dags/example_latest_only.py
[2024-06-26T13:36:27.176+0000] {processor.py:743} INFO - Processing file /home/airflow/.local/lib/python3.7/site-packages/airflow/example_dags/example_latest_only.py for tasks to queue
[2024-06-26T13:36:27.176+0000] {logging_mixin.py:137} INFO - [2024-06-26T13:36:27.176+0000] {dagbag.py:538} INFO - Filling up the DagBag from /home/airflow/.local/lib/python3.7/site-packages/airflow/example_dags/example_latest_only.py
[2024-06-26T13:36:27.185+0000] {processor.py:753} INFO - DAG(s) dict_keys(['latest_only']) retrieved from /home/airflow/.local/lib/python3.7/site-packages/airflow/example_dags/example_latest_only.py
[2024-06-26T13:36:27.201+0000] {logging_mixin.py:137} INFO - [2024-06-26T13:36:27.201+0000] {dag.py:2690} INFO - Sync 1 DAGs
[2024-06-26T13:36:27.219+0000] {logging_mixin.py:137} INFO - [2024-06-26T13:36:27.218+0000] {dag.py:3441} INFO - Setting next_dagrun for latest_only to 2024-06-26T09:36:27.218861+00:00, run_after=2024-06-26T13:36:27.218861+00:00
[2024-06-26T13:36:27.231+0000] {processor.py:175} INFO - Processing /home/airflow/.local/lib/python3.7/site-packages/airflow/example_dags/example_latest_only.py took 0.058 seconds
[2024-06-26T13:36:58.108+0000] {processor.py:153} INFO - Started process (PID=5949) to work on /home/airflow/.local/lib/python3.7/site-packages/airflow/example_dags/example_latest_only.py
[2024-06-26T13:36:58.109+0000] {processor.py:743} INFO - Processing file /home/airflow/.local/lib/python3.7/site-packages/airflow/example_dags/example_latest_only.py for tasks to queue
[2024-06-26T13:36:58.109+0000] {logging_mixin.py:137} INFO - [2024-06-26T13:36:58.109+0000] {dagbag.py:538} INFO - Filling up the DagBag from /home/airflow/.local/lib/python3.7/site-packages/airflow/example_dags/example_latest_only.py
[2024-06-26T13:36:58.120+0000] {processor.py:753} INFO - DAG(s) dict_keys(['latest_only']) retrieved from /home/airflow/.local/lib/python3.7/site-packages/airflow/example_dags/example_latest_only.py
[2024-06-26T13:36:58.146+0000] {logging_mixin.py:137} INFO - [2024-06-26T13:36:58.146+0000] {dag.py:2690} INFO - Sync 1 DAGs
[2024-06-26T13:36:58.180+0000] {logging_mixin.py:137} INFO - [2024-06-26T13:36:58.180+0000] {dag.py:3441} INFO - Setting next_dagrun for latest_only to 2024-06-26T09:36:58.180169+00:00, run_after=2024-06-26T13:36:58.180169+00:00
[2024-06-26T13:36:58.203+0000] {processor.py:175} INFO - Processing /home/airflow/.local/lib/python3.7/site-packages/airflow/example_dags/example_latest_only.py took 0.098 seconds
[2024-06-26T13:37:28.459+0000] {processor.py:153} INFO - Started process (PID=6039) to work on /home/airflow/.local/lib/python3.7/site-packages/airflow/example_dags/example_latest_only.py
[2024-06-26T13:37:28.460+0000] {processor.py:743} INFO - Processing file /home/airflow/.local/lib/python3.7/site-packages/airflow/example_dags/example_latest_only.py for tasks to queue
[2024-06-26T13:37:28.461+0000] {logging_mixin.py:137} INFO - [2024-06-26T13:37:28.461+0000] {dagbag.py:538} INFO - Filling up the DagBag from /home/airflow/.local/lib/python3.7/site-packages/airflow/example_dags/example_latest_only.py
[2024-06-26T13:37:28.471+0000] {processor.py:753} INFO - DAG(s) dict_keys(['latest_only']) retrieved from /home/airflow/.local/lib/python3.7/site-packages/airflow/example_dags/example_latest_only.py
[2024-06-26T13:37:28.491+0000] {logging_mixin.py:137} INFO - [2024-06-26T13:37:28.491+0000] {dag.py:2690} INFO - Sync 1 DAGs
[2024-06-26T13:37:28.513+0000] {logging_mixin.py:137} INFO - [2024-06-26T13:37:28.513+0000] {dag.py:3441} INFO - Setting next_dagrun for latest_only to 2024-06-26T09:37:28.513547+00:00, run_after=2024-06-26T13:37:28.513547+00:00
[2024-06-26T13:37:28.530+0000] {processor.py:175} INFO - Processing /home/airflow/.local/lib/python3.7/site-packages/airflow/example_dags/example_latest_only.py took 0.074 seconds
[2024-06-26T13:37:59.341+0000] {processor.py:153} INFO - Started process (PID=6138) to work on /home/airflow/.local/lib/python3.7/site-packages/airflow/example_dags/example_latest_only.py
[2024-06-26T13:37:59.342+0000] {processor.py:743} INFO - Processing file /home/airflow/.local/lib/python3.7/site-packages/airflow/example_dags/example_latest_only.py for tasks to queue
[2024-06-26T13:37:59.342+0000] {logging_mixin.py:137} INFO - [2024-06-26T13:37:59.342+0000] {dagbag.py:538} INFO - Filling up the DagBag from /home/airflow/.local/lib/python3.7/site-packages/airflow/example_dags/example_latest_only.py
[2024-06-26T13:37:59.351+0000] {processor.py:753} INFO - DAG(s) dict_keys(['latest_only']) retrieved from /home/airflow/.local/lib/python3.7/site-packages/airflow/example_dags/example_latest_only.py
[2024-06-26T13:37:59.370+0000] {logging_mixin.py:137} INFO - [2024-06-26T13:37:59.370+0000] {dag.py:2690} INFO - Sync 1 DAGs
[2024-06-26T13:37:59.391+0000] {logging_mixin.py:137} INFO - [2024-06-26T13:37:59.390+0000] {dag.py:3441} INFO - Setting next_dagrun for latest_only to 2024-06-26T09:37:59.390724+00:00, run_after=2024-06-26T13:37:59.390724+00:00
[2024-06-26T13:37:59.405+0000] {processor.py:175} INFO - Processing /home/airflow/.local/lib/python3.7/site-packages/airflow/example_dags/example_latest_only.py took 0.066 seconds
[2024-06-26T13:38:30.293+0000] {processor.py:153} INFO - Started process (PID=6217) to work on /home/airflow/.local/lib/python3.7/site-packages/airflow/example_dags/example_latest_only.py
[2024-06-26T13:38:30.293+0000] {processor.py:743} INFO - Processing file /home/airflow/.local/lib/python3.7/site-packages/airflow/example_dags/example_latest_only.py for tasks to queue
[2024-06-26T13:38:30.294+0000] {logging_mixin.py:137} INFO - [2024-06-26T13:38:30.294+0000] {dagbag.py:538} INFO - Filling up the DagBag from /home/airflow/.local/lib/python3.7/site-packages/airflow/example_dags/example_latest_only.py
[2024-06-26T13:38:30.302+0000] {processor.py:753} INFO - DAG(s) dict_keys(['latest_only']) retrieved from /home/airflow/.local/lib/python3.7/site-packages/airflow/example_dags/example_latest_only.py
[2024-06-26T13:38:30.319+0000] {logging_mixin.py:137} INFO - [2024-06-26T13:38:30.319+0000] {dag.py:2690} INFO - Sync 1 DAGs
[2024-06-26T13:38:30.337+0000] {logging_mixin.py:137} INFO - [2024-06-26T13:38:30.337+0000] {dag.py:3441} INFO - Setting next_dagrun for latest_only to 2024-06-26T09:38:30.336971+00:00, run_after=2024-06-26T13:38:30.336971+00:00
[2024-06-26T13:38:30.349+0000] {processor.py:175} INFO - Processing /home/airflow/.local/lib/python3.7/site-packages/airflow/example_dags/example_latest_only.py took 0.059 seconds
[2024-06-26T13:39:00.982+0000] {processor.py:153} INFO - Started process (PID=6316) to work on /home/airflow/.local/lib/python3.7/site-packages/airflow/example_dags/example_latest_only.py
[2024-06-26T13:39:00.983+0000] {processor.py:743} INFO - Processing file /home/airflow/.local/lib/python3.7/site-packages/airflow/example_dags/example_latest_only.py for tasks to queue
[2024-06-26T13:39:00.983+0000] {logging_mixin.py:137} INFO - [2024-06-26T13:39:00.983+0000] {dagbag.py:538} INFO - Filling up the DagBag from /home/airflow/.local/lib/python3.7/site-packages/airflow/example_dags/example_latest_only.py
[2024-06-26T13:39:00.992+0000] {processor.py:753} INFO - DAG(s) dict_keys(['latest_only']) retrieved from /home/airflow/.local/lib/python3.7/site-packages/airflow/example_dags/example_latest_only.py
[2024-06-26T13:39:01.008+0000] {logging_mixin.py:137} INFO - [2024-06-26T13:39:01.008+0000] {dag.py:2690} INFO - Sync 1 DAGs
[2024-06-26T13:39:01.026+0000] {logging_mixin.py:137} INFO - [2024-06-26T13:39:01.026+0000] {dag.py:3441} INFO - Setting next_dagrun for latest_only to 2024-06-26T09:39:01.026294+00:00, run_after=2024-06-26T13:39:01.026294+00:00
[2024-06-26T13:39:01.040+0000] {processor.py:175} INFO - Processing /home/airflow/.local/lib/python3.7/site-packages/airflow/example_dags/example_latest_only.py took 0.059 seconds
[2024-06-26T13:39:31.797+0000] {processor.py:153} INFO - Started process (PID=6395) to work on /home/airflow/.local/lib/python3.7/site-packages/airflow/example_dags/example_latest_only.py
[2024-06-26T13:39:31.798+0000] {processor.py:743} INFO - Processing file /home/airflow/.local/lib/python3.7/site-packages/airflow/example_dags/example_latest_only.py for tasks to queue
[2024-06-26T13:39:31.798+0000] {logging_mixin.py:137} INFO - [2024-06-26T13:39:31.798+0000] {dagbag.py:538} INFO - Filling up the DagBag from /home/airflow/.local/lib/python3.7/site-packages/airflow/example_dags/example_latest_only.py
[2024-06-26T13:39:31.808+0000] {processor.py:753} INFO - DAG(s) dict_keys(['latest_only']) retrieved from /home/airflow/.local/lib/python3.7/site-packages/airflow/example_dags/example_latest_only.py
[2024-06-26T13:39:31.824+0000] {logging_mixin.py:137} INFO - [2024-06-26T13:39:31.824+0000] {dag.py:2690} INFO - Sync 1 DAGs
[2024-06-26T13:39:31.845+0000] {logging_mixin.py:137} INFO - [2024-06-26T13:39:31.844+0000] {dag.py:3441} INFO - Setting next_dagrun for latest_only to 2024-06-26T09:39:31.844725+00:00, run_after=2024-06-26T13:39:31.844725+00:00
[2024-06-26T13:39:31.859+0000] {processor.py:175} INFO - Processing /home/airflow/.local/lib/python3.7/site-packages/airflow/example_dags/example_latest_only.py took 0.063 seconds
