[2024-06-26T13:03:44.022+0000] {processor.py:153} INFO - Started process (PID=49) to work on /home/airflow/.local/lib/python3.7/site-packages/airflow/example_dags/example_kubernetes_executor.py
[2024-06-26T13:03:44.023+0000] {processor.py:743} INFO - Processing file /home/airflow/.local/lib/python3.7/site-packages/airflow/example_dags/example_kubernetes_executor.py for tasks to queue
[2024-06-26T13:03:44.023+0000] {logging_mixin.py:137} INFO - [2024-06-26T13:03:44.023+0000] {dagbag.py:538} INFO - Filling up the DagBag from /home/airflow/.local/lib/python3.7/site-packages/airflow/example_dags/example_kubernetes_executor.py
[2024-06-26T13:03:44.046+0000] {processor.py:753} INFO - DAG(s) dict_keys(['example_kubernetes_executor']) retrieved from /home/airflow/.local/lib/python3.7/site-packages/airflow/example_dags/example_kubernetes_executor.py
[2024-06-26T13:03:44.067+0000] {logging_mixin.py:137} INFO - [2024-06-26T13:03:44.067+0000] {dag.py:2690} INFO - Sync 1 DAGs
[2024-06-26T13:03:44.087+0000] {logging_mixin.py:137} INFO - [2024-06-26T13:03:44.086+0000] {dag.py:3441} INFO - Setting next_dagrun for example_kubernetes_executor to None, run_after=None
[2024-06-26T13:03:44.101+0000] {processor.py:175} INFO - Processing /home/airflow/.local/lib/python3.7/site-packages/airflow/example_dags/example_kubernetes_executor.py took 0.081 seconds
[2024-06-26T13:04:14.957+0000] {processor.py:153} INFO - Started process (PID=148) to work on /home/airflow/.local/lib/python3.7/site-packages/airflow/example_dags/example_kubernetes_executor.py
[2024-06-26T13:04:14.957+0000] {processor.py:743} INFO - Processing file /home/airflow/.local/lib/python3.7/site-packages/airflow/example_dags/example_kubernetes_executor.py for tasks to queue
[2024-06-26T13:04:14.958+0000] {logging_mixin.py:137} INFO - [2024-06-26T13:04:14.958+0000] {dagbag.py:538} INFO - Filling up the DagBag from /home/airflow/.local/lib/python3.7/site-packages/airflow/example_dags/example_kubernetes_executor.py
[2024-06-26T13:04:14.977+0000] {processor.py:753} INFO - DAG(s) dict_keys(['example_kubernetes_executor']) retrieved from /home/airflow/.local/lib/python3.7/site-packages/airflow/example_dags/example_kubernetes_executor.py
[2024-06-26T13:04:14.996+0000] {logging_mixin.py:137} INFO - [2024-06-26T13:04:14.996+0000] {dag.py:2690} INFO - Sync 1 DAGs
[2024-06-26T13:04:15.014+0000] {logging_mixin.py:137} INFO - [2024-06-26T13:04:15.014+0000] {dag.py:3441} INFO - Setting next_dagrun for example_kubernetes_executor to None, run_after=None
[2024-06-26T13:04:15.027+0000] {processor.py:175} INFO - Processing /home/airflow/.local/lib/python3.7/site-packages/airflow/example_dags/example_kubernetes_executor.py took 0.072 seconds
[2024-06-26T13:04:45.677+0000] {processor.py:153} INFO - Started process (PID=227) to work on /home/airflow/.local/lib/python3.7/site-packages/airflow/example_dags/example_kubernetes_executor.py
[2024-06-26T13:04:45.677+0000] {processor.py:743} INFO - Processing file /home/airflow/.local/lib/python3.7/site-packages/airflow/example_dags/example_kubernetes_executor.py for tasks to queue
[2024-06-26T13:04:45.678+0000] {logging_mixin.py:137} INFO - [2024-06-26T13:04:45.678+0000] {dagbag.py:538} INFO - Filling up the DagBag from /home/airflow/.local/lib/python3.7/site-packages/airflow/example_dags/example_kubernetes_executor.py
[2024-06-26T13:04:45.697+0000] {processor.py:753} INFO - DAG(s) dict_keys(['example_kubernetes_executor']) retrieved from /home/airflow/.local/lib/python3.7/site-packages/airflow/example_dags/example_kubernetes_executor.py
[2024-06-26T13:04:45.716+0000] {logging_mixin.py:137} INFO - [2024-06-26T13:04:45.716+0000] {dag.py:2690} INFO - Sync 1 DAGs
[2024-06-26T13:04:45.735+0000] {logging_mixin.py:137} INFO - [2024-06-26T13:04:45.735+0000] {dag.py:3441} INFO - Setting next_dagrun for example_kubernetes_executor to None, run_after=None
[2024-06-26T13:04:45.748+0000] {processor.py:175} INFO - Processing /home/airflow/.local/lib/python3.7/site-packages/airflow/example_dags/example_kubernetes_executor.py took 0.073 seconds
[2024-06-26T13:05:16.409+0000] {processor.py:153} INFO - Started process (PID=326) to work on /home/airflow/.local/lib/python3.7/site-packages/airflow/example_dags/example_kubernetes_executor.py
[2024-06-26T13:05:16.410+0000] {processor.py:743} INFO - Processing file /home/airflow/.local/lib/python3.7/site-packages/airflow/example_dags/example_kubernetes_executor.py for tasks to queue
[2024-06-26T13:05:16.410+0000] {logging_mixin.py:137} INFO - [2024-06-26T13:05:16.410+0000] {dagbag.py:538} INFO - Filling up the DagBag from /home/airflow/.local/lib/python3.7/site-packages/airflow/example_dags/example_kubernetes_executor.py
[2024-06-26T13:05:16.430+0000] {processor.py:753} INFO - DAG(s) dict_keys(['example_kubernetes_executor']) retrieved from /home/airflow/.local/lib/python3.7/site-packages/airflow/example_dags/example_kubernetes_executor.py
[2024-06-26T13:05:16.450+0000] {logging_mixin.py:137} INFO - [2024-06-26T13:05:16.450+0000] {dag.py:2690} INFO - Sync 1 DAGs
[2024-06-26T13:05:16.468+0000] {logging_mixin.py:137} INFO - [2024-06-26T13:05:16.468+0000] {dag.py:3441} INFO - Setting next_dagrun for example_kubernetes_executor to None, run_after=None
[2024-06-26T13:05:16.482+0000] {processor.py:175} INFO - Processing /home/airflow/.local/lib/python3.7/site-packages/airflow/example_dags/example_kubernetes_executor.py took 0.074 seconds
[2024-06-26T13:05:47.216+0000] {processor.py:153} INFO - Started process (PID=425) to work on /home/airflow/.local/lib/python3.7/site-packages/airflow/example_dags/example_kubernetes_executor.py
[2024-06-26T13:05:47.216+0000] {processor.py:743} INFO - Processing file /home/airflow/.local/lib/python3.7/site-packages/airflow/example_dags/example_kubernetes_executor.py for tasks to queue
[2024-06-26T13:05:47.217+0000] {logging_mixin.py:137} INFO - [2024-06-26T13:05:47.217+0000] {dagbag.py:538} INFO - Filling up the DagBag from /home/airflow/.local/lib/python3.7/site-packages/airflow/example_dags/example_kubernetes_executor.py
[2024-06-26T13:05:47.237+0000] {processor.py:753} INFO - DAG(s) dict_keys(['example_kubernetes_executor']) retrieved from /home/airflow/.local/lib/python3.7/site-packages/airflow/example_dags/example_kubernetes_executor.py
[2024-06-26T13:05:47.257+0000] {logging_mixin.py:137} INFO - [2024-06-26T13:05:47.257+0000] {dag.py:2690} INFO - Sync 1 DAGs
[2024-06-26T13:05:47.277+0000] {logging_mixin.py:137} INFO - [2024-06-26T13:05:47.276+0000] {dag.py:3441} INFO - Setting next_dagrun for example_kubernetes_executor to None, run_after=None
[2024-06-26T13:05:47.290+0000] {processor.py:175} INFO - Processing /home/airflow/.local/lib/python3.7/site-packages/airflow/example_dags/example_kubernetes_executor.py took 0.076 seconds
[2024-06-26T13:06:17.929+0000] {processor.py:153} INFO - Started process (PID=504) to work on /home/airflow/.local/lib/python3.7/site-packages/airflow/example_dags/example_kubernetes_executor.py
[2024-06-26T13:06:17.929+0000] {processor.py:743} INFO - Processing file /home/airflow/.local/lib/python3.7/site-packages/airflow/example_dags/example_kubernetes_executor.py for tasks to queue
[2024-06-26T13:06:17.930+0000] {logging_mixin.py:137} INFO - [2024-06-26T13:06:17.929+0000] {dagbag.py:538} INFO - Filling up the DagBag from /home/airflow/.local/lib/python3.7/site-packages/airflow/example_dags/example_kubernetes_executor.py
[2024-06-26T13:06:17.950+0000] {processor.py:753} INFO - DAG(s) dict_keys(['example_kubernetes_executor']) retrieved from /home/airflow/.local/lib/python3.7/site-packages/airflow/example_dags/example_kubernetes_executor.py
[2024-06-26T13:06:17.968+0000] {logging_mixin.py:137} INFO - [2024-06-26T13:06:17.968+0000] {dag.py:2690} INFO - Sync 1 DAGs
[2024-06-26T13:06:17.987+0000] {logging_mixin.py:137} INFO - [2024-06-26T13:06:17.987+0000] {dag.py:3441} INFO - Setting next_dagrun for example_kubernetes_executor to None, run_after=None
[2024-06-26T13:06:18.000+0000] {processor.py:175} INFO - Processing /home/airflow/.local/lib/python3.7/site-packages/airflow/example_dags/example_kubernetes_executor.py took 0.073 seconds
[2024-06-26T13:06:48.699+0000] {processor.py:153} INFO - Started process (PID=603) to work on /home/airflow/.local/lib/python3.7/site-packages/airflow/example_dags/example_kubernetes_executor.py
[2024-06-26T13:06:48.700+0000] {processor.py:743} INFO - Processing file /home/airflow/.local/lib/python3.7/site-packages/airflow/example_dags/example_kubernetes_executor.py for tasks to queue
[2024-06-26T13:06:48.700+0000] {logging_mixin.py:137} INFO - [2024-06-26T13:06:48.700+0000] {dagbag.py:538} INFO - Filling up the DagBag from /home/airflow/.local/lib/python3.7/site-packages/airflow/example_dags/example_kubernetes_executor.py
[2024-06-26T13:06:48.727+0000] {processor.py:753} INFO - DAG(s) dict_keys(['example_kubernetes_executor']) retrieved from /home/airflow/.local/lib/python3.7/site-packages/airflow/example_dags/example_kubernetes_executor.py
[2024-06-26T13:06:48.748+0000] {logging_mixin.py:137} INFO - [2024-06-26T13:06:48.748+0000] {dag.py:2690} INFO - Sync 1 DAGs
[2024-06-26T13:06:48.768+0000] {logging_mixin.py:137} INFO - [2024-06-26T13:06:48.768+0000] {dag.py:3441} INFO - Setting next_dagrun for example_kubernetes_executor to None, run_after=None
[2024-06-26T13:06:48.783+0000] {processor.py:175} INFO - Processing /home/airflow/.local/lib/python3.7/site-packages/airflow/example_dags/example_kubernetes_executor.py took 0.087 seconds
[2024-06-26T13:07:18.908+0000] {processor.py:153} INFO - Started process (PID=682) to work on /home/airflow/.local/lib/python3.7/site-packages/airflow/example_dags/example_kubernetes_executor.py
[2024-06-26T13:07:18.908+0000] {processor.py:743} INFO - Processing file /home/airflow/.local/lib/python3.7/site-packages/airflow/example_dags/example_kubernetes_executor.py for tasks to queue
[2024-06-26T13:07:18.909+0000] {logging_mixin.py:137} INFO - [2024-06-26T13:07:18.908+0000] {dagbag.py:538} INFO - Filling up the DagBag from /home/airflow/.local/lib/python3.7/site-packages/airflow/example_dags/example_kubernetes_executor.py
[2024-06-26T13:07:18.929+0000] {processor.py:753} INFO - DAG(s) dict_keys(['example_kubernetes_executor']) retrieved from /home/airflow/.local/lib/python3.7/site-packages/airflow/example_dags/example_kubernetes_executor.py
[2024-06-26T13:07:18.950+0000] {logging_mixin.py:137} INFO - [2024-06-26T13:07:18.950+0000] {dag.py:2690} INFO - Sync 1 DAGs
[2024-06-26T13:07:18.969+0000] {logging_mixin.py:137} INFO - [2024-06-26T13:07:18.969+0000] {dag.py:3441} INFO - Setting next_dagrun for example_kubernetes_executor to None, run_after=None
[2024-06-26T13:07:18.983+0000] {processor.py:175} INFO - Processing /home/airflow/.local/lib/python3.7/site-packages/airflow/example_dags/example_kubernetes_executor.py took 0.078 seconds
[2024-06-26T13:07:49.063+0000] {processor.py:153} INFO - Started process (PID=781) to work on /home/airflow/.local/lib/python3.7/site-packages/airflow/example_dags/example_kubernetes_executor.py
[2024-06-26T13:07:49.064+0000] {processor.py:743} INFO - Processing file /home/airflow/.local/lib/python3.7/site-packages/airflow/example_dags/example_kubernetes_executor.py for tasks to queue
[2024-06-26T13:07:49.065+0000] {logging_mixin.py:137} INFO - [2024-06-26T13:07:49.065+0000] {dagbag.py:538} INFO - Filling up the DagBag from /home/airflow/.local/lib/python3.7/site-packages/airflow/example_dags/example_kubernetes_executor.py
[2024-06-26T13:07:49.087+0000] {processor.py:753} INFO - DAG(s) dict_keys(['example_kubernetes_executor']) retrieved from /home/airflow/.local/lib/python3.7/site-packages/airflow/example_dags/example_kubernetes_executor.py
[2024-06-26T13:07:49.109+0000] {logging_mixin.py:137} INFO - [2024-06-26T13:07:49.109+0000] {dag.py:2690} INFO - Sync 1 DAGs
[2024-06-26T13:07:49.132+0000] {logging_mixin.py:137} INFO - [2024-06-26T13:07:49.132+0000] {dag.py:3441} INFO - Setting next_dagrun for example_kubernetes_executor to None, run_after=None
[2024-06-26T13:07:49.151+0000] {processor.py:175} INFO - Processing /home/airflow/.local/lib/python3.7/site-packages/airflow/example_dags/example_kubernetes_executor.py took 0.091 seconds
[2024-06-26T13:08:19.193+0000] {processor.py:153} INFO - Started process (PID=860) to work on /home/airflow/.local/lib/python3.7/site-packages/airflow/example_dags/example_kubernetes_executor.py
[2024-06-26T13:08:19.193+0000] {processor.py:743} INFO - Processing file /home/airflow/.local/lib/python3.7/site-packages/airflow/example_dags/example_kubernetes_executor.py for tasks to queue
[2024-06-26T13:08:19.194+0000] {logging_mixin.py:137} INFO - [2024-06-26T13:08:19.194+0000] {dagbag.py:538} INFO - Filling up the DagBag from /home/airflow/.local/lib/python3.7/site-packages/airflow/example_dags/example_kubernetes_executor.py
[2024-06-26T13:08:19.217+0000] {processor.py:753} INFO - DAG(s) dict_keys(['example_kubernetes_executor']) retrieved from /home/airflow/.local/lib/python3.7/site-packages/airflow/example_dags/example_kubernetes_executor.py
[2024-06-26T13:08:19.241+0000] {logging_mixin.py:137} INFO - [2024-06-26T13:08:19.241+0000] {dag.py:2690} INFO - Sync 1 DAGs
[2024-06-26T13:08:19.263+0000] {logging_mixin.py:137} INFO - [2024-06-26T13:08:19.262+0000] {dag.py:3441} INFO - Setting next_dagrun for example_kubernetes_executor to None, run_after=None
[2024-06-26T13:08:19.277+0000] {processor.py:175} INFO - Processing /home/airflow/.local/lib/python3.7/site-packages/airflow/example_dags/example_kubernetes_executor.py took 0.088 seconds
[2024-06-26T13:08:49.395+0000] {processor.py:153} INFO - Started process (PID=959) to work on /home/airflow/.local/lib/python3.7/site-packages/airflow/example_dags/example_kubernetes_executor.py
[2024-06-26T13:08:49.396+0000] {processor.py:743} INFO - Processing file /home/airflow/.local/lib/python3.7/site-packages/airflow/example_dags/example_kubernetes_executor.py for tasks to queue
[2024-06-26T13:08:49.396+0000] {logging_mixin.py:137} INFO - [2024-06-26T13:08:49.396+0000] {dagbag.py:538} INFO - Filling up the DagBag from /home/airflow/.local/lib/python3.7/site-packages/airflow/example_dags/example_kubernetes_executor.py
[2024-06-26T13:08:49.417+0000] {processor.py:753} INFO - DAG(s) dict_keys(['example_kubernetes_executor']) retrieved from /home/airflow/.local/lib/python3.7/site-packages/airflow/example_dags/example_kubernetes_executor.py
[2024-06-26T13:08:49.438+0000] {logging_mixin.py:137} INFO - [2024-06-26T13:08:49.438+0000] {dag.py:2690} INFO - Sync 1 DAGs
[2024-06-26T13:08:49.462+0000] {logging_mixin.py:137} INFO - [2024-06-26T13:08:49.462+0000] {dag.py:3441} INFO - Setting next_dagrun for example_kubernetes_executor to None, run_after=None
[2024-06-26T13:08:49.476+0000] {processor.py:175} INFO - Processing /home/airflow/.local/lib/python3.7/site-packages/airflow/example_dags/example_kubernetes_executor.py took 0.083 seconds
[2024-06-26T13:09:20.261+0000] {processor.py:153} INFO - Started process (PID=1058) to work on /home/airflow/.local/lib/python3.7/site-packages/airflow/example_dags/example_kubernetes_executor.py
[2024-06-26T13:09:20.262+0000] {processor.py:743} INFO - Processing file /home/airflow/.local/lib/python3.7/site-packages/airflow/example_dags/example_kubernetes_executor.py for tasks to queue
[2024-06-26T13:09:20.262+0000] {logging_mixin.py:137} INFO - [2024-06-26T13:09:20.262+0000] {dagbag.py:538} INFO - Filling up the DagBag from /home/airflow/.local/lib/python3.7/site-packages/airflow/example_dags/example_kubernetes_executor.py
[2024-06-26T13:09:20.283+0000] {processor.py:753} INFO - DAG(s) dict_keys(['example_kubernetes_executor']) retrieved from /home/airflow/.local/lib/python3.7/site-packages/airflow/example_dags/example_kubernetes_executor.py
[2024-06-26T13:09:20.303+0000] {logging_mixin.py:137} INFO - [2024-06-26T13:09:20.303+0000] {dag.py:2690} INFO - Sync 1 DAGs
[2024-06-26T13:09:20.323+0000] {logging_mixin.py:137} INFO - [2024-06-26T13:09:20.323+0000] {dag.py:3441} INFO - Setting next_dagrun for example_kubernetes_executor to None, run_after=None
[2024-06-26T13:09:20.337+0000] {processor.py:175} INFO - Processing /home/airflow/.local/lib/python3.7/site-packages/airflow/example_dags/example_kubernetes_executor.py took 0.078 seconds
[2024-06-26T13:09:51.035+0000] {processor.py:153} INFO - Started process (PID=1137) to work on /home/airflow/.local/lib/python3.7/site-packages/airflow/example_dags/example_kubernetes_executor.py
[2024-06-26T13:09:51.036+0000] {processor.py:743} INFO - Processing file /home/airflow/.local/lib/python3.7/site-packages/airflow/example_dags/example_kubernetes_executor.py for tasks to queue
[2024-06-26T13:09:51.036+0000] {logging_mixin.py:137} INFO - [2024-06-26T13:09:51.036+0000] {dagbag.py:538} INFO - Filling up the DagBag from /home/airflow/.local/lib/python3.7/site-packages/airflow/example_dags/example_kubernetes_executor.py
[2024-06-26T13:09:51.055+0000] {processor.py:753} INFO - DAG(s) dict_keys(['example_kubernetes_executor']) retrieved from /home/airflow/.local/lib/python3.7/site-packages/airflow/example_dags/example_kubernetes_executor.py
[2024-06-26T13:09:51.074+0000] {logging_mixin.py:137} INFO - [2024-06-26T13:09:51.074+0000] {dag.py:2690} INFO - Sync 1 DAGs
[2024-06-26T13:09:51.092+0000] {logging_mixin.py:137} INFO - [2024-06-26T13:09:51.092+0000] {dag.py:3441} INFO - Setting next_dagrun for example_kubernetes_executor to None, run_after=None
[2024-06-26T13:09:51.104+0000] {processor.py:175} INFO - Processing /home/airflow/.local/lib/python3.7/site-packages/airflow/example_dags/example_kubernetes_executor.py took 0.071 seconds
[2024-06-26T13:10:21.834+0000] {processor.py:153} INFO - Started process (PID=1236) to work on /home/airflow/.local/lib/python3.7/site-packages/airflow/example_dags/example_kubernetes_executor.py
[2024-06-26T13:10:21.834+0000] {processor.py:743} INFO - Processing file /home/airflow/.local/lib/python3.7/site-packages/airflow/example_dags/example_kubernetes_executor.py for tasks to queue
[2024-06-26T13:10:21.835+0000] {logging_mixin.py:137} INFO - [2024-06-26T13:10:21.835+0000] {dagbag.py:538} INFO - Filling up the DagBag from /home/airflow/.local/lib/python3.7/site-packages/airflow/example_dags/example_kubernetes_executor.py
[2024-06-26T13:10:21.856+0000] {processor.py:753} INFO - DAG(s) dict_keys(['example_kubernetes_executor']) retrieved from /home/airflow/.local/lib/python3.7/site-packages/airflow/example_dags/example_kubernetes_executor.py
[2024-06-26T13:10:21.878+0000] {logging_mixin.py:137} INFO - [2024-06-26T13:10:21.878+0000] {dag.py:2690} INFO - Sync 1 DAGs
[2024-06-26T13:10:21.899+0000] {logging_mixin.py:137} INFO - [2024-06-26T13:10:21.899+0000] {dag.py:3441} INFO - Setting next_dagrun for example_kubernetes_executor to None, run_after=None
[2024-06-26T13:10:21.914+0000] {processor.py:175} INFO - Processing /home/airflow/.local/lib/python3.7/site-packages/airflow/example_dags/example_kubernetes_executor.py took 0.082 seconds
[2024-06-26T13:10:52.645+0000] {processor.py:153} INFO - Started process (PID=1315) to work on /home/airflow/.local/lib/python3.7/site-packages/airflow/example_dags/example_kubernetes_executor.py
[2024-06-26T13:10:52.645+0000] {processor.py:743} INFO - Processing file /home/airflow/.local/lib/python3.7/site-packages/airflow/example_dags/example_kubernetes_executor.py for tasks to queue
[2024-06-26T13:10:52.645+0000] {logging_mixin.py:137} INFO - [2024-06-26T13:10:52.645+0000] {dagbag.py:538} INFO - Filling up the DagBag from /home/airflow/.local/lib/python3.7/site-packages/airflow/example_dags/example_kubernetes_executor.py
[2024-06-26T13:10:52.669+0000] {processor.py:753} INFO - DAG(s) dict_keys(['example_kubernetes_executor']) retrieved from /home/airflow/.local/lib/python3.7/site-packages/airflow/example_dags/example_kubernetes_executor.py
[2024-06-26T13:10:52.693+0000] {logging_mixin.py:137} INFO - [2024-06-26T13:10:52.693+0000] {dag.py:2690} INFO - Sync 1 DAGs
[2024-06-26T13:10:52.715+0000] {logging_mixin.py:137} INFO - [2024-06-26T13:10:52.715+0000] {dag.py:3441} INFO - Setting next_dagrun for example_kubernetes_executor to None, run_after=None
[2024-06-26T13:10:52.731+0000] {processor.py:175} INFO - Processing /home/airflow/.local/lib/python3.7/site-packages/airflow/example_dags/example_kubernetes_executor.py took 0.089 seconds
[2024-06-26T13:11:23.628+0000] {processor.py:153} INFO - Started process (PID=1414) to work on /home/airflow/.local/lib/python3.7/site-packages/airflow/example_dags/example_kubernetes_executor.py
[2024-06-26T13:11:23.628+0000] {processor.py:743} INFO - Processing file /home/airflow/.local/lib/python3.7/site-packages/airflow/example_dags/example_kubernetes_executor.py for tasks to queue
[2024-06-26T13:11:23.629+0000] {logging_mixin.py:137} INFO - [2024-06-26T13:11:23.628+0000] {dagbag.py:538} INFO - Filling up the DagBag from /home/airflow/.local/lib/python3.7/site-packages/airflow/example_dags/example_kubernetes_executor.py
[2024-06-26T13:11:23.648+0000] {processor.py:753} INFO - DAG(s) dict_keys(['example_kubernetes_executor']) retrieved from /home/airflow/.local/lib/python3.7/site-packages/airflow/example_dags/example_kubernetes_executor.py
[2024-06-26T13:11:23.668+0000] {logging_mixin.py:137} INFO - [2024-06-26T13:11:23.668+0000] {dag.py:2690} INFO - Sync 1 DAGs
[2024-06-26T13:11:23.686+0000] {logging_mixin.py:137} INFO - [2024-06-26T13:11:23.686+0000] {dag.py:3441} INFO - Setting next_dagrun for example_kubernetes_executor to None, run_after=None
[2024-06-26T13:11:23.699+0000] {processor.py:175} INFO - Processing /home/airflow/.local/lib/python3.7/site-packages/airflow/example_dags/example_kubernetes_executor.py took 0.073 seconds
[2024-06-26T13:11:54.417+0000] {processor.py:153} INFO - Started process (PID=1513) to work on /home/airflow/.local/lib/python3.7/site-packages/airflow/example_dags/example_kubernetes_executor.py
[2024-06-26T13:11:54.418+0000] {processor.py:743} INFO - Processing file /home/airflow/.local/lib/python3.7/site-packages/airflow/example_dags/example_kubernetes_executor.py for tasks to queue
[2024-06-26T13:11:54.418+0000] {logging_mixin.py:137} INFO - [2024-06-26T13:11:54.418+0000] {dagbag.py:538} INFO - Filling up the DagBag from /home/airflow/.local/lib/python3.7/site-packages/airflow/example_dags/example_kubernetes_executor.py
[2024-06-26T13:11:54.437+0000] {processor.py:753} INFO - DAG(s) dict_keys(['example_kubernetes_executor']) retrieved from /home/airflow/.local/lib/python3.7/site-packages/airflow/example_dags/example_kubernetes_executor.py
[2024-06-26T13:11:54.456+0000] {logging_mixin.py:137} INFO - [2024-06-26T13:11:54.456+0000] {dag.py:2690} INFO - Sync 1 DAGs
[2024-06-26T13:11:54.474+0000] {logging_mixin.py:137} INFO - [2024-06-26T13:11:54.474+0000] {dag.py:3441} INFO - Setting next_dagrun for example_kubernetes_executor to None, run_after=None
[2024-06-26T13:11:54.486+0000] {processor.py:175} INFO - Processing /home/airflow/.local/lib/python3.7/site-packages/airflow/example_dags/example_kubernetes_executor.py took 0.071 seconds
[2024-06-26T13:12:25.232+0000] {processor.py:153} INFO - Started process (PID=1592) to work on /home/airflow/.local/lib/python3.7/site-packages/airflow/example_dags/example_kubernetes_executor.py
[2024-06-26T13:12:25.232+0000] {processor.py:743} INFO - Processing file /home/airflow/.local/lib/python3.7/site-packages/airflow/example_dags/example_kubernetes_executor.py for tasks to queue
[2024-06-26T13:12:25.232+0000] {logging_mixin.py:137} INFO - [2024-06-26T13:12:25.232+0000] {dagbag.py:538} INFO - Filling up the DagBag from /home/airflow/.local/lib/python3.7/site-packages/airflow/example_dags/example_kubernetes_executor.py
[2024-06-26T13:12:25.251+0000] {processor.py:753} INFO - DAG(s) dict_keys(['example_kubernetes_executor']) retrieved from /home/airflow/.local/lib/python3.7/site-packages/airflow/example_dags/example_kubernetes_executor.py
[2024-06-26T13:12:25.270+0000] {logging_mixin.py:137} INFO - [2024-06-26T13:12:25.270+0000] {dag.py:2690} INFO - Sync 1 DAGs
[2024-06-26T13:12:25.288+0000] {logging_mixin.py:137} INFO - [2024-06-26T13:12:25.288+0000] {dag.py:3441} INFO - Setting next_dagrun for example_kubernetes_executor to None, run_after=None
[2024-06-26T13:12:25.301+0000] {processor.py:175} INFO - Processing /home/airflow/.local/lib/python3.7/site-packages/airflow/example_dags/example_kubernetes_executor.py took 0.071 seconds
[2024-06-26T13:12:56.002+0000] {processor.py:153} INFO - Started process (PID=1691) to work on /home/airflow/.local/lib/python3.7/site-packages/airflow/example_dags/example_kubernetes_executor.py
[2024-06-26T13:12:56.003+0000] {processor.py:743} INFO - Processing file /home/airflow/.local/lib/python3.7/site-packages/airflow/example_dags/example_kubernetes_executor.py for tasks to queue
[2024-06-26T13:12:56.003+0000] {logging_mixin.py:137} INFO - [2024-06-26T13:12:56.003+0000] {dagbag.py:538} INFO - Filling up the DagBag from /home/airflow/.local/lib/python3.7/site-packages/airflow/example_dags/example_kubernetes_executor.py
[2024-06-26T13:12:56.022+0000] {processor.py:753} INFO - DAG(s) dict_keys(['example_kubernetes_executor']) retrieved from /home/airflow/.local/lib/python3.7/site-packages/airflow/example_dags/example_kubernetes_executor.py
[2024-06-26T13:12:56.041+0000] {logging_mixin.py:137} INFO - [2024-06-26T13:12:56.041+0000] {dag.py:2690} INFO - Sync 1 DAGs
[2024-06-26T13:12:56.061+0000] {logging_mixin.py:137} INFO - [2024-06-26T13:12:56.060+0000] {dag.py:3441} INFO - Setting next_dagrun for example_kubernetes_executor to None, run_after=None
[2024-06-26T13:12:56.073+0000] {processor.py:175} INFO - Processing /home/airflow/.local/lib/python3.7/site-packages/airflow/example_dags/example_kubernetes_executor.py took 0.072 seconds
[2024-06-26T13:13:26.967+0000] {processor.py:153} INFO - Started process (PID=1790) to work on /home/airflow/.local/lib/python3.7/site-packages/airflow/example_dags/example_kubernetes_executor.py
[2024-06-26T13:13:26.968+0000] {processor.py:743} INFO - Processing file /home/airflow/.local/lib/python3.7/site-packages/airflow/example_dags/example_kubernetes_executor.py for tasks to queue
[2024-06-26T13:13:26.968+0000] {logging_mixin.py:137} INFO - [2024-06-26T13:13:26.968+0000] {dagbag.py:538} INFO - Filling up the DagBag from /home/airflow/.local/lib/python3.7/site-packages/airflow/example_dags/example_kubernetes_executor.py
[2024-06-26T13:13:26.988+0000] {processor.py:753} INFO - DAG(s) dict_keys(['example_kubernetes_executor']) retrieved from /home/airflow/.local/lib/python3.7/site-packages/airflow/example_dags/example_kubernetes_executor.py
[2024-06-26T13:13:27.008+0000] {logging_mixin.py:137} INFO - [2024-06-26T13:13:27.008+0000] {dag.py:2690} INFO - Sync 1 DAGs
[2024-06-26T13:13:27.026+0000] {logging_mixin.py:137} INFO - [2024-06-26T13:13:27.026+0000] {dag.py:3441} INFO - Setting next_dagrun for example_kubernetes_executor to None, run_after=None
[2024-06-26T13:13:27.040+0000] {processor.py:175} INFO - Processing /home/airflow/.local/lib/python3.7/site-packages/airflow/example_dags/example_kubernetes_executor.py took 0.075 seconds
[2024-06-26T13:13:57.726+0000] {processor.py:153} INFO - Started process (PID=1869) to work on /home/airflow/.local/lib/python3.7/site-packages/airflow/example_dags/example_kubernetes_executor.py
[2024-06-26T13:13:57.726+0000] {processor.py:743} INFO - Processing file /home/airflow/.local/lib/python3.7/site-packages/airflow/example_dags/example_kubernetes_executor.py for tasks to queue
[2024-06-26T13:13:57.727+0000] {logging_mixin.py:137} INFO - [2024-06-26T13:13:57.726+0000] {dagbag.py:538} INFO - Filling up the DagBag from /home/airflow/.local/lib/python3.7/site-packages/airflow/example_dags/example_kubernetes_executor.py
[2024-06-26T13:13:57.746+0000] {processor.py:753} INFO - DAG(s) dict_keys(['example_kubernetes_executor']) retrieved from /home/airflow/.local/lib/python3.7/site-packages/airflow/example_dags/example_kubernetes_executor.py
[2024-06-26T13:13:57.764+0000] {logging_mixin.py:137} INFO - [2024-06-26T13:13:57.764+0000] {dag.py:2690} INFO - Sync 1 DAGs
[2024-06-26T13:13:57.782+0000] {logging_mixin.py:137} INFO - [2024-06-26T13:13:57.782+0000] {dag.py:3441} INFO - Setting next_dagrun for example_kubernetes_executor to None, run_after=None
[2024-06-26T13:13:57.795+0000] {processor.py:175} INFO - Processing /home/airflow/.local/lib/python3.7/site-packages/airflow/example_dags/example_kubernetes_executor.py took 0.071 seconds
[2024-06-26T13:14:28.476+0000] {processor.py:153} INFO - Started process (PID=1968) to work on /home/airflow/.local/lib/python3.7/site-packages/airflow/example_dags/example_kubernetes_executor.py
[2024-06-26T13:14:28.476+0000] {processor.py:743} INFO - Processing file /home/airflow/.local/lib/python3.7/site-packages/airflow/example_dags/example_kubernetes_executor.py for tasks to queue
[2024-06-26T13:14:28.477+0000] {logging_mixin.py:137} INFO - [2024-06-26T13:14:28.476+0000] {dagbag.py:538} INFO - Filling up the DagBag from /home/airflow/.local/lib/python3.7/site-packages/airflow/example_dags/example_kubernetes_executor.py
[2024-06-26T13:14:28.496+0000] {processor.py:753} INFO - DAG(s) dict_keys(['example_kubernetes_executor']) retrieved from /home/airflow/.local/lib/python3.7/site-packages/airflow/example_dags/example_kubernetes_executor.py
[2024-06-26T13:14:28.515+0000] {logging_mixin.py:137} INFO - [2024-06-26T13:14:28.515+0000] {dag.py:2690} INFO - Sync 1 DAGs
[2024-06-26T13:14:28.533+0000] {logging_mixin.py:137} INFO - [2024-06-26T13:14:28.533+0000] {dag.py:3441} INFO - Setting next_dagrun for example_kubernetes_executor to None, run_after=None
[2024-06-26T13:14:28.546+0000] {processor.py:175} INFO - Processing /home/airflow/.local/lib/python3.7/site-packages/airflow/example_dags/example_kubernetes_executor.py took 0.072 seconds
[2024-06-26T13:14:59.234+0000] {processor.py:153} INFO - Started process (PID=2047) to work on /home/airflow/.local/lib/python3.7/site-packages/airflow/example_dags/example_kubernetes_executor.py
[2024-06-26T13:14:59.235+0000] {processor.py:743} INFO - Processing file /home/airflow/.local/lib/python3.7/site-packages/airflow/example_dags/example_kubernetes_executor.py for tasks to queue
[2024-06-26T13:14:59.235+0000] {logging_mixin.py:137} INFO - [2024-06-26T13:14:59.235+0000] {dagbag.py:538} INFO - Filling up the DagBag from /home/airflow/.local/lib/python3.7/site-packages/airflow/example_dags/example_kubernetes_executor.py
[2024-06-26T13:14:59.254+0000] {processor.py:753} INFO - DAG(s) dict_keys(['example_kubernetes_executor']) retrieved from /home/airflow/.local/lib/python3.7/site-packages/airflow/example_dags/example_kubernetes_executor.py
[2024-06-26T13:14:59.273+0000] {logging_mixin.py:137} INFO - [2024-06-26T13:14:59.273+0000] {dag.py:2690} INFO - Sync 1 DAGs
[2024-06-26T13:14:59.292+0000] {logging_mixin.py:137} INFO - [2024-06-26T13:14:59.292+0000] {dag.py:3441} INFO - Setting next_dagrun for example_kubernetes_executor to None, run_after=None
[2024-06-26T13:14:59.304+0000] {processor.py:175} INFO - Processing /home/airflow/.local/lib/python3.7/site-packages/airflow/example_dags/example_kubernetes_executor.py took 0.072 seconds
[2024-06-26T13:15:30.269+0000] {processor.py:153} INFO - Started process (PID=2146) to work on /home/airflow/.local/lib/python3.7/site-packages/airflow/example_dags/example_kubernetes_executor.py
[2024-06-26T13:15:30.270+0000] {processor.py:743} INFO - Processing file /home/airflow/.local/lib/python3.7/site-packages/airflow/example_dags/example_kubernetes_executor.py for tasks to queue
[2024-06-26T13:15:30.270+0000] {logging_mixin.py:137} INFO - [2024-06-26T13:15:30.270+0000] {dagbag.py:538} INFO - Filling up the DagBag from /home/airflow/.local/lib/python3.7/site-packages/airflow/example_dags/example_kubernetes_executor.py
[2024-06-26T13:15:30.290+0000] {processor.py:753} INFO - DAG(s) dict_keys(['example_kubernetes_executor']) retrieved from /home/airflow/.local/lib/python3.7/site-packages/airflow/example_dags/example_kubernetes_executor.py
[2024-06-26T13:15:30.310+0000] {logging_mixin.py:137} INFO - [2024-06-26T13:15:30.310+0000] {dag.py:2690} INFO - Sync 1 DAGs
[2024-06-26T13:15:30.327+0000] {logging_mixin.py:137} INFO - [2024-06-26T13:15:30.327+0000] {dag.py:3441} INFO - Setting next_dagrun for example_kubernetes_executor to None, run_after=None
[2024-06-26T13:15:30.340+0000] {processor.py:175} INFO - Processing /home/airflow/.local/lib/python3.7/site-packages/airflow/example_dags/example_kubernetes_executor.py took 0.072 seconds
[2024-06-26T13:16:01.010+0000] {processor.py:153} INFO - Started process (PID=2245) to work on /home/airflow/.local/lib/python3.7/site-packages/airflow/example_dags/example_kubernetes_executor.py
[2024-06-26T13:16:01.010+0000] {processor.py:743} INFO - Processing file /home/airflow/.local/lib/python3.7/site-packages/airflow/example_dags/example_kubernetes_executor.py for tasks to queue
[2024-06-26T13:16:01.011+0000] {logging_mixin.py:137} INFO - [2024-06-26T13:16:01.011+0000] {dagbag.py:538} INFO - Filling up the DagBag from /home/airflow/.local/lib/python3.7/site-packages/airflow/example_dags/example_kubernetes_executor.py
[2024-06-26T13:16:01.031+0000] {processor.py:753} INFO - DAG(s) dict_keys(['example_kubernetes_executor']) retrieved from /home/airflow/.local/lib/python3.7/site-packages/airflow/example_dags/example_kubernetes_executor.py
[2024-06-26T13:16:01.052+0000] {logging_mixin.py:137} INFO - [2024-06-26T13:16:01.052+0000] {dag.py:2690} INFO - Sync 1 DAGs
[2024-06-26T13:16:01.071+0000] {logging_mixin.py:137} INFO - [2024-06-26T13:16:01.070+0000] {dag.py:3441} INFO - Setting next_dagrun for example_kubernetes_executor to None, run_after=None
[2024-06-26T13:16:01.084+0000] {processor.py:175} INFO - Processing /home/airflow/.local/lib/python3.7/site-packages/airflow/example_dags/example_kubernetes_executor.py took 0.076 seconds
[2024-06-26T13:16:31.878+0000] {processor.py:153} INFO - Started process (PID=2324) to work on /home/airflow/.local/lib/python3.7/site-packages/airflow/example_dags/example_kubernetes_executor.py
[2024-06-26T13:16:31.878+0000] {processor.py:743} INFO - Processing file /home/airflow/.local/lib/python3.7/site-packages/airflow/example_dags/example_kubernetes_executor.py for tasks to queue
[2024-06-26T13:16:31.879+0000] {logging_mixin.py:137} INFO - [2024-06-26T13:16:31.878+0000] {dagbag.py:538} INFO - Filling up the DagBag from /home/airflow/.local/lib/python3.7/site-packages/airflow/example_dags/example_kubernetes_executor.py
[2024-06-26T13:16:31.898+0000] {processor.py:753} INFO - DAG(s) dict_keys(['example_kubernetes_executor']) retrieved from /home/airflow/.local/lib/python3.7/site-packages/airflow/example_dags/example_kubernetes_executor.py
[2024-06-26T13:16:31.916+0000] {logging_mixin.py:137} INFO - [2024-06-26T13:16:31.916+0000] {dag.py:2690} INFO - Sync 1 DAGs
[2024-06-26T13:16:31.934+0000] {logging_mixin.py:137} INFO - [2024-06-26T13:16:31.934+0000] {dag.py:3441} INFO - Setting next_dagrun for example_kubernetes_executor to None, run_after=None
[2024-06-26T13:16:31.947+0000] {processor.py:175} INFO - Processing /home/airflow/.local/lib/python3.7/site-packages/airflow/example_dags/example_kubernetes_executor.py took 0.071 seconds
[2024-06-26T13:17:02.634+0000] {processor.py:153} INFO - Started process (PID=2423) to work on /home/airflow/.local/lib/python3.7/site-packages/airflow/example_dags/example_kubernetes_executor.py
[2024-06-26T13:17:02.634+0000] {processor.py:743} INFO - Processing file /home/airflow/.local/lib/python3.7/site-packages/airflow/example_dags/example_kubernetes_executor.py for tasks to queue
[2024-06-26T13:17:02.634+0000] {logging_mixin.py:137} INFO - [2024-06-26T13:17:02.634+0000] {dagbag.py:538} INFO - Filling up the DagBag from /home/airflow/.local/lib/python3.7/site-packages/airflow/example_dags/example_kubernetes_executor.py
[2024-06-26T13:17:02.654+0000] {processor.py:753} INFO - DAG(s) dict_keys(['example_kubernetes_executor']) retrieved from /home/airflow/.local/lib/python3.7/site-packages/airflow/example_dags/example_kubernetes_executor.py
[2024-06-26T13:17:02.672+0000] {logging_mixin.py:137} INFO - [2024-06-26T13:17:02.672+0000] {dag.py:2690} INFO - Sync 1 DAGs
[2024-06-26T13:17:02.691+0000] {logging_mixin.py:137} INFO - [2024-06-26T13:17:02.691+0000] {dag.py:3441} INFO - Setting next_dagrun for example_kubernetes_executor to None, run_after=None
[2024-06-26T13:17:02.704+0000] {processor.py:175} INFO - Processing /home/airflow/.local/lib/python3.7/site-packages/airflow/example_dags/example_kubernetes_executor.py took 0.072 seconds
[2024-06-26T13:17:33.637+0000] {processor.py:153} INFO - Started process (PID=2522) to work on /home/airflow/.local/lib/python3.7/site-packages/airflow/example_dags/example_kubernetes_executor.py
[2024-06-26T13:17:33.637+0000] {processor.py:743} INFO - Processing file /home/airflow/.local/lib/python3.7/site-packages/airflow/example_dags/example_kubernetes_executor.py for tasks to queue
[2024-06-26T13:17:33.638+0000] {logging_mixin.py:137} INFO - [2024-06-26T13:17:33.638+0000] {dagbag.py:538} INFO - Filling up the DagBag from /home/airflow/.local/lib/python3.7/site-packages/airflow/example_dags/example_kubernetes_executor.py
[2024-06-26T13:17:33.658+0000] {processor.py:753} INFO - DAG(s) dict_keys(['example_kubernetes_executor']) retrieved from /home/airflow/.local/lib/python3.7/site-packages/airflow/example_dags/example_kubernetes_executor.py
[2024-06-26T13:17:33.679+0000] {logging_mixin.py:137} INFO - [2024-06-26T13:17:33.679+0000] {dag.py:2690} INFO - Sync 1 DAGs
[2024-06-26T13:17:33.697+0000] {logging_mixin.py:137} INFO - [2024-06-26T13:17:33.697+0000] {dag.py:3441} INFO - Setting next_dagrun for example_kubernetes_executor to None, run_after=None
[2024-06-26T13:17:33.712+0000] {processor.py:175} INFO - Processing /home/airflow/.local/lib/python3.7/site-packages/airflow/example_dags/example_kubernetes_executor.py took 0.077 seconds
[2024-06-26T13:18:04.535+0000] {processor.py:153} INFO - Started process (PID=2601) to work on /home/airflow/.local/lib/python3.7/site-packages/airflow/example_dags/example_kubernetes_executor.py
[2024-06-26T13:18:04.536+0000] {processor.py:743} INFO - Processing file /home/airflow/.local/lib/python3.7/site-packages/airflow/example_dags/example_kubernetes_executor.py for tasks to queue
[2024-06-26T13:18:04.536+0000] {logging_mixin.py:137} INFO - [2024-06-26T13:18:04.536+0000] {dagbag.py:538} INFO - Filling up the DagBag from /home/airflow/.local/lib/python3.7/site-packages/airflow/example_dags/example_kubernetes_executor.py
[2024-06-26T13:18:04.555+0000] {processor.py:753} INFO - DAG(s) dict_keys(['example_kubernetes_executor']) retrieved from /home/airflow/.local/lib/python3.7/site-packages/airflow/example_dags/example_kubernetes_executor.py
[2024-06-26T13:18:04.574+0000] {logging_mixin.py:137} INFO - [2024-06-26T13:18:04.574+0000] {dag.py:2690} INFO - Sync 1 DAGs
[2024-06-26T13:18:04.594+0000] {logging_mixin.py:137} INFO - [2024-06-26T13:18:04.594+0000] {dag.py:3441} INFO - Setting next_dagrun for example_kubernetes_executor to None, run_after=None
[2024-06-26T13:18:04.608+0000] {processor.py:175} INFO - Processing /home/airflow/.local/lib/python3.7/site-packages/airflow/example_dags/example_kubernetes_executor.py took 0.075 seconds
[2024-06-26T13:18:35.336+0000] {processor.py:153} INFO - Started process (PID=2700) to work on /home/airflow/.local/lib/python3.7/site-packages/airflow/example_dags/example_kubernetes_executor.py
[2024-06-26T13:18:35.337+0000] {processor.py:743} INFO - Processing file /home/airflow/.local/lib/python3.7/site-packages/airflow/example_dags/example_kubernetes_executor.py for tasks to queue
[2024-06-26T13:18:35.337+0000] {logging_mixin.py:137} INFO - [2024-06-26T13:18:35.337+0000] {dagbag.py:538} INFO - Filling up the DagBag from /home/airflow/.local/lib/python3.7/site-packages/airflow/example_dags/example_kubernetes_executor.py
[2024-06-26T13:18:35.356+0000] {processor.py:753} INFO - DAG(s) dict_keys(['example_kubernetes_executor']) retrieved from /home/airflow/.local/lib/python3.7/site-packages/airflow/example_dags/example_kubernetes_executor.py
[2024-06-26T13:18:35.374+0000] {logging_mixin.py:137} INFO - [2024-06-26T13:18:35.374+0000] {dag.py:2690} INFO - Sync 1 DAGs
[2024-06-26T13:18:35.393+0000] {logging_mixin.py:137} INFO - [2024-06-26T13:18:35.393+0000] {dag.py:3441} INFO - Setting next_dagrun for example_kubernetes_executor to None, run_after=None
[2024-06-26T13:18:35.406+0000] {processor.py:175} INFO - Processing /home/airflow/.local/lib/python3.7/site-packages/airflow/example_dags/example_kubernetes_executor.py took 0.071 seconds
[2024-06-26T13:19:06.197+0000] {processor.py:153} INFO - Started process (PID=2779) to work on /home/airflow/.local/lib/python3.7/site-packages/airflow/example_dags/example_kubernetes_executor.py
[2024-06-26T13:19:06.198+0000] {processor.py:743} INFO - Processing file /home/airflow/.local/lib/python3.7/site-packages/airflow/example_dags/example_kubernetes_executor.py for tasks to queue
[2024-06-26T13:19:06.198+0000] {logging_mixin.py:137} INFO - [2024-06-26T13:19:06.198+0000] {dagbag.py:538} INFO - Filling up the DagBag from /home/airflow/.local/lib/python3.7/site-packages/airflow/example_dags/example_kubernetes_executor.py
[2024-06-26T13:19:06.217+0000] {processor.py:753} INFO - DAG(s) dict_keys(['example_kubernetes_executor']) retrieved from /home/airflow/.local/lib/python3.7/site-packages/airflow/example_dags/example_kubernetes_executor.py
[2024-06-26T13:19:06.236+0000] {logging_mixin.py:137} INFO - [2024-06-26T13:19:06.236+0000] {dag.py:2690} INFO - Sync 1 DAGs
[2024-06-26T13:19:06.253+0000] {logging_mixin.py:137} INFO - [2024-06-26T13:19:06.253+0000] {dag.py:3441} INFO - Setting next_dagrun for example_kubernetes_executor to None, run_after=None
[2024-06-26T13:19:06.266+0000] {processor.py:175} INFO - Processing /home/airflow/.local/lib/python3.7/site-packages/airflow/example_dags/example_kubernetes_executor.py took 0.070 seconds
[2024-06-26T13:19:36.986+0000] {processor.py:153} INFO - Started process (PID=2878) to work on /home/airflow/.local/lib/python3.7/site-packages/airflow/example_dags/example_kubernetes_executor.py
[2024-06-26T13:19:36.987+0000] {processor.py:743} INFO - Processing file /home/airflow/.local/lib/python3.7/site-packages/airflow/example_dags/example_kubernetes_executor.py for tasks to queue
[2024-06-26T13:19:36.987+0000] {logging_mixin.py:137} INFO - [2024-06-26T13:19:36.987+0000] {dagbag.py:538} INFO - Filling up the DagBag from /home/airflow/.local/lib/python3.7/site-packages/airflow/example_dags/example_kubernetes_executor.py
[2024-06-26T13:19:37.006+0000] {processor.py:753} INFO - DAG(s) dict_keys(['example_kubernetes_executor']) retrieved from /home/airflow/.local/lib/python3.7/site-packages/airflow/example_dags/example_kubernetes_executor.py
[2024-06-26T13:19:37.025+0000] {logging_mixin.py:137} INFO - [2024-06-26T13:19:37.025+0000] {dag.py:2690} INFO - Sync 1 DAGs
[2024-06-26T13:19:37.043+0000] {logging_mixin.py:137} INFO - [2024-06-26T13:19:37.042+0000] {dag.py:3441} INFO - Setting next_dagrun for example_kubernetes_executor to None, run_after=None
[2024-06-26T13:19:37.056+0000] {processor.py:175} INFO - Processing /home/airflow/.local/lib/python3.7/site-packages/airflow/example_dags/example_kubernetes_executor.py took 0.071 seconds
[2024-06-26T13:20:07.728+0000] {processor.py:153} INFO - Started process (PID=2977) to work on /home/airflow/.local/lib/python3.7/site-packages/airflow/example_dags/example_kubernetes_executor.py
[2024-06-26T13:20:07.729+0000] {processor.py:743} INFO - Processing file /home/airflow/.local/lib/python3.7/site-packages/airflow/example_dags/example_kubernetes_executor.py for tasks to queue
[2024-06-26T13:20:07.729+0000] {logging_mixin.py:137} INFO - [2024-06-26T13:20:07.729+0000] {dagbag.py:538} INFO - Filling up the DagBag from /home/airflow/.local/lib/python3.7/site-packages/airflow/example_dags/example_kubernetes_executor.py
[2024-06-26T13:20:07.749+0000] {processor.py:753} INFO - DAG(s) dict_keys(['example_kubernetes_executor']) retrieved from /home/airflow/.local/lib/python3.7/site-packages/airflow/example_dags/example_kubernetes_executor.py
[2024-06-26T13:20:07.768+0000] {logging_mixin.py:137} INFO - [2024-06-26T13:20:07.767+0000] {dag.py:2690} INFO - Sync 1 DAGs
[2024-06-26T13:20:07.785+0000] {logging_mixin.py:137} INFO - [2024-06-26T13:20:07.785+0000] {dag.py:3441} INFO - Setting next_dagrun for example_kubernetes_executor to None, run_after=None
[2024-06-26T13:20:07.798+0000] {processor.py:175} INFO - Processing /home/airflow/.local/lib/python3.7/site-packages/airflow/example_dags/example_kubernetes_executor.py took 0.072 seconds
[2024-06-26T13:20:38.642+0000] {processor.py:153} INFO - Started process (PID=3056) to work on /home/airflow/.local/lib/python3.7/site-packages/airflow/example_dags/example_kubernetes_executor.py
[2024-06-26T13:20:38.642+0000] {processor.py:743} INFO - Processing file /home/airflow/.local/lib/python3.7/site-packages/airflow/example_dags/example_kubernetes_executor.py for tasks to queue
[2024-06-26T13:20:38.643+0000] {logging_mixin.py:137} INFO - [2024-06-26T13:20:38.643+0000] {dagbag.py:538} INFO - Filling up the DagBag from /home/airflow/.local/lib/python3.7/site-packages/airflow/example_dags/example_kubernetes_executor.py
[2024-06-26T13:20:38.662+0000] {processor.py:753} INFO - DAG(s) dict_keys(['example_kubernetes_executor']) retrieved from /home/airflow/.local/lib/python3.7/site-packages/airflow/example_dags/example_kubernetes_executor.py
[2024-06-26T13:20:38.681+0000] {logging_mixin.py:137} INFO - [2024-06-26T13:20:38.681+0000] {dag.py:2690} INFO - Sync 1 DAGs
[2024-06-26T13:20:38.700+0000] {logging_mixin.py:137} INFO - [2024-06-26T13:20:38.700+0000] {dag.py:3441} INFO - Setting next_dagrun for example_kubernetes_executor to None, run_after=None
[2024-06-26T13:20:38.713+0000] {processor.py:175} INFO - Processing /home/airflow/.local/lib/python3.7/site-packages/airflow/example_dags/example_kubernetes_executor.py took 0.073 seconds
[2024-06-26T13:21:09.427+0000] {processor.py:153} INFO - Started process (PID=3155) to work on /home/airflow/.local/lib/python3.7/site-packages/airflow/example_dags/example_kubernetes_executor.py
[2024-06-26T13:21:09.427+0000] {processor.py:743} INFO - Processing file /home/airflow/.local/lib/python3.7/site-packages/airflow/example_dags/example_kubernetes_executor.py for tasks to queue
[2024-06-26T13:21:09.427+0000] {logging_mixin.py:137} INFO - [2024-06-26T13:21:09.427+0000] {dagbag.py:538} INFO - Filling up the DagBag from /home/airflow/.local/lib/python3.7/site-packages/airflow/example_dags/example_kubernetes_executor.py
[2024-06-26T13:21:09.447+0000] {processor.py:753} INFO - DAG(s) dict_keys(['example_kubernetes_executor']) retrieved from /home/airflow/.local/lib/python3.7/site-packages/airflow/example_dags/example_kubernetes_executor.py
[2024-06-26T13:21:09.466+0000] {logging_mixin.py:137} INFO - [2024-06-26T13:21:09.466+0000] {dag.py:2690} INFO - Sync 1 DAGs
[2024-06-26T13:21:09.485+0000] {logging_mixin.py:137} INFO - [2024-06-26T13:21:09.485+0000] {dag.py:3441} INFO - Setting next_dagrun for example_kubernetes_executor to None, run_after=None
[2024-06-26T13:21:09.499+0000] {processor.py:175} INFO - Processing /home/airflow/.local/lib/python3.7/site-packages/airflow/example_dags/example_kubernetes_executor.py took 0.074 seconds
[2024-06-26T13:21:40.287+0000] {processor.py:153} INFO - Started process (PID=3243) to work on /home/airflow/.local/lib/python3.7/site-packages/airflow/example_dags/example_kubernetes_executor.py
[2024-06-26T13:21:40.288+0000] {processor.py:743} INFO - Processing file /home/airflow/.local/lib/python3.7/site-packages/airflow/example_dags/example_kubernetes_executor.py for tasks to queue
[2024-06-26T13:21:40.288+0000] {logging_mixin.py:137} INFO - [2024-06-26T13:21:40.288+0000] {dagbag.py:538} INFO - Filling up the DagBag from /home/airflow/.local/lib/python3.7/site-packages/airflow/example_dags/example_kubernetes_executor.py
[2024-06-26T13:21:40.311+0000] {processor.py:753} INFO - DAG(s) dict_keys(['example_kubernetes_executor']) retrieved from /home/airflow/.local/lib/python3.7/site-packages/airflow/example_dags/example_kubernetes_executor.py
[2024-06-26T13:21:40.349+0000] {logging_mixin.py:137} INFO - [2024-06-26T13:21:40.349+0000] {dag.py:2690} INFO - Sync 1 DAGs
[2024-06-26T13:21:40.385+0000] {logging_mixin.py:137} INFO - [2024-06-26T13:21:40.385+0000] {dag.py:3441} INFO - Setting next_dagrun for example_kubernetes_executor to None, run_after=None
[2024-06-26T13:21:40.411+0000] {processor.py:175} INFO - Processing /home/airflow/.local/lib/python3.7/site-packages/airflow/example_dags/example_kubernetes_executor.py took 0.127 seconds
[2024-06-26T13:22:11.310+0000] {processor.py:153} INFO - Started process (PID=3333) to work on /home/airflow/.local/lib/python3.7/site-packages/airflow/example_dags/example_kubernetes_executor.py
[2024-06-26T13:22:11.316+0000] {processor.py:743} INFO - Processing file /home/airflow/.local/lib/python3.7/site-packages/airflow/example_dags/example_kubernetes_executor.py for tasks to queue
[2024-06-26T13:22:11.316+0000] {logging_mixin.py:137} INFO - [2024-06-26T13:22:11.316+0000] {dagbag.py:538} INFO - Filling up the DagBag from /home/airflow/.local/lib/python3.7/site-packages/airflow/example_dags/example_kubernetes_executor.py
[2024-06-26T13:22:11.336+0000] {processor.py:753} INFO - DAG(s) dict_keys(['example_kubernetes_executor']) retrieved from /home/airflow/.local/lib/python3.7/site-packages/airflow/example_dags/example_kubernetes_executor.py
[2024-06-26T13:22:11.354+0000] {logging_mixin.py:137} INFO - [2024-06-26T13:22:11.354+0000] {dag.py:2690} INFO - Sync 1 DAGs
[2024-06-26T13:22:11.372+0000] {logging_mixin.py:137} INFO - [2024-06-26T13:22:11.372+0000] {dag.py:3441} INFO - Setting next_dagrun for example_kubernetes_executor to None, run_after=None
[2024-06-26T13:22:11.385+0000] {processor.py:175} INFO - Processing /home/airflow/.local/lib/python3.7/site-packages/airflow/example_dags/example_kubernetes_executor.py took 0.076 seconds
[2024-06-26T13:22:42.112+0000] {processor.py:153} INFO - Started process (PID=3432) to work on /home/airflow/.local/lib/python3.7/site-packages/airflow/example_dags/example_kubernetes_executor.py
[2024-06-26T13:22:42.113+0000] {processor.py:743} INFO - Processing file /home/airflow/.local/lib/python3.7/site-packages/airflow/example_dags/example_kubernetes_executor.py for tasks to queue
[2024-06-26T13:22:42.114+0000] {logging_mixin.py:137} INFO - [2024-06-26T13:22:42.114+0000] {dagbag.py:538} INFO - Filling up the DagBag from /home/airflow/.local/lib/python3.7/site-packages/airflow/example_dags/example_kubernetes_executor.py
[2024-06-26T13:22:42.133+0000] {processor.py:753} INFO - DAG(s) dict_keys(['example_kubernetes_executor']) retrieved from /home/airflow/.local/lib/python3.7/site-packages/airflow/example_dags/example_kubernetes_executor.py
[2024-06-26T13:22:42.161+0000] {logging_mixin.py:137} INFO - [2024-06-26T13:22:42.161+0000] {dag.py:2690} INFO - Sync 1 DAGs
[2024-06-26T13:22:42.179+0000] {logging_mixin.py:137} INFO - [2024-06-26T13:22:42.179+0000] {dag.py:3441} INFO - Setting next_dagrun for example_kubernetes_executor to None, run_after=None
[2024-06-26T13:22:42.191+0000] {processor.py:175} INFO - Processing /home/airflow/.local/lib/python3.7/site-packages/airflow/example_dags/example_kubernetes_executor.py took 0.081 seconds
[2024-06-26T13:23:12.936+0000] {processor.py:153} INFO - Started process (PID=3511) to work on /home/airflow/.local/lib/python3.7/site-packages/airflow/example_dags/example_kubernetes_executor.py
[2024-06-26T13:23:12.942+0000] {processor.py:743} INFO - Processing file /home/airflow/.local/lib/python3.7/site-packages/airflow/example_dags/example_kubernetes_executor.py for tasks to queue
[2024-06-26T13:23:12.942+0000] {logging_mixin.py:137} INFO - [2024-06-26T13:23:12.942+0000] {dagbag.py:538} INFO - Filling up the DagBag from /home/airflow/.local/lib/python3.7/site-packages/airflow/example_dags/example_kubernetes_executor.py
[2024-06-26T13:23:12.961+0000] {processor.py:753} INFO - DAG(s) dict_keys(['example_kubernetes_executor']) retrieved from /home/airflow/.local/lib/python3.7/site-packages/airflow/example_dags/example_kubernetes_executor.py
[2024-06-26T13:23:12.980+0000] {logging_mixin.py:137} INFO - [2024-06-26T13:23:12.980+0000] {dag.py:2690} INFO - Sync 1 DAGs
[2024-06-26T13:23:12.996+0000] {logging_mixin.py:137} INFO - [2024-06-26T13:23:12.996+0000] {dag.py:3441} INFO - Setting next_dagrun for example_kubernetes_executor to None, run_after=None
[2024-06-26T13:23:13.009+0000] {processor.py:175} INFO - Processing /home/airflow/.local/lib/python3.7/site-packages/airflow/example_dags/example_kubernetes_executor.py took 0.074 seconds
[2024-06-26T13:23:43.797+0000] {processor.py:153} INFO - Started process (PID=3610) to work on /home/airflow/.local/lib/python3.7/site-packages/airflow/example_dags/example_kubernetes_executor.py
[2024-06-26T13:23:43.803+0000] {processor.py:743} INFO - Processing file /home/airflow/.local/lib/python3.7/site-packages/airflow/example_dags/example_kubernetes_executor.py for tasks to queue
[2024-06-26T13:23:43.804+0000] {logging_mixin.py:137} INFO - [2024-06-26T13:23:43.804+0000] {dagbag.py:538} INFO - Filling up the DagBag from /home/airflow/.local/lib/python3.7/site-packages/airflow/example_dags/example_kubernetes_executor.py
[2024-06-26T13:23:43.822+0000] {processor.py:753} INFO - DAG(s) dict_keys(['example_kubernetes_executor']) retrieved from /home/airflow/.local/lib/python3.7/site-packages/airflow/example_dags/example_kubernetes_executor.py
[2024-06-26T13:23:43.841+0000] {logging_mixin.py:137} INFO - [2024-06-26T13:23:43.841+0000] {dag.py:2690} INFO - Sync 1 DAGs
[2024-06-26T13:23:43.859+0000] {logging_mixin.py:137} INFO - [2024-06-26T13:23:43.858+0000] {dag.py:3441} INFO - Setting next_dagrun for example_kubernetes_executor to None, run_after=None
[2024-06-26T13:23:43.872+0000] {processor.py:175} INFO - Processing /home/airflow/.local/lib/python3.7/site-packages/airflow/example_dags/example_kubernetes_executor.py took 0.076 seconds
[2024-06-26T13:24:14.733+0000] {processor.py:153} INFO - Started process (PID=3709) to work on /home/airflow/.local/lib/python3.7/site-packages/airflow/example_dags/example_kubernetes_executor.py
[2024-06-26T13:24:14.734+0000] {processor.py:743} INFO - Processing file /home/airflow/.local/lib/python3.7/site-packages/airflow/example_dags/example_kubernetes_executor.py for tasks to queue
[2024-06-26T13:24:14.735+0000] {logging_mixin.py:137} INFO - [2024-06-26T13:24:14.735+0000] {dagbag.py:538} INFO - Filling up the DagBag from /home/airflow/.local/lib/python3.7/site-packages/airflow/example_dags/example_kubernetes_executor.py
[2024-06-26T13:24:14.754+0000] {processor.py:753} INFO - DAG(s) dict_keys(['example_kubernetes_executor']) retrieved from /home/airflow/.local/lib/python3.7/site-packages/airflow/example_dags/example_kubernetes_executor.py
[2024-06-26T13:24:14.773+0000] {logging_mixin.py:137} INFO - [2024-06-26T13:24:14.773+0000] {dag.py:2690} INFO - Sync 1 DAGs
[2024-06-26T13:24:14.790+0000] {logging_mixin.py:137} INFO - [2024-06-26T13:24:14.790+0000] {dag.py:3441} INFO - Setting next_dagrun for example_kubernetes_executor to None, run_after=None
[2024-06-26T13:24:14.803+0000] {processor.py:175} INFO - Processing /home/airflow/.local/lib/python3.7/site-packages/airflow/example_dags/example_kubernetes_executor.py took 0.074 seconds
[2024-06-26T13:24:45.490+0000] {processor.py:153} INFO - Started process (PID=3788) to work on /home/airflow/.local/lib/python3.7/site-packages/airflow/example_dags/example_kubernetes_executor.py
[2024-06-26T13:24:45.496+0000] {processor.py:743} INFO - Processing file /home/airflow/.local/lib/python3.7/site-packages/airflow/example_dags/example_kubernetes_executor.py for tasks to queue
[2024-06-26T13:24:45.497+0000] {logging_mixin.py:137} INFO - [2024-06-26T13:24:45.496+0000] {dagbag.py:538} INFO - Filling up the DagBag from /home/airflow/.local/lib/python3.7/site-packages/airflow/example_dags/example_kubernetes_executor.py
[2024-06-26T13:24:45.515+0000] {processor.py:753} INFO - DAG(s) dict_keys(['example_kubernetes_executor']) retrieved from /home/airflow/.local/lib/python3.7/site-packages/airflow/example_dags/example_kubernetes_executor.py
[2024-06-26T13:24:45.534+0000] {logging_mixin.py:137} INFO - [2024-06-26T13:24:45.533+0000] {dag.py:2690} INFO - Sync 1 DAGs
[2024-06-26T13:24:45.550+0000] {logging_mixin.py:137} INFO - [2024-06-26T13:24:45.550+0000] {dag.py:3441} INFO - Setting next_dagrun for example_kubernetes_executor to None, run_after=None
[2024-06-26T13:24:45.563+0000] {processor.py:175} INFO - Processing /home/airflow/.local/lib/python3.7/site-packages/airflow/example_dags/example_kubernetes_executor.py took 0.081 seconds
[2024-06-26T13:25:16.258+0000] {processor.py:153} INFO - Started process (PID=3887) to work on /home/airflow/.local/lib/python3.7/site-packages/airflow/example_dags/example_kubernetes_executor.py
[2024-06-26T13:25:16.263+0000] {processor.py:743} INFO - Processing file /home/airflow/.local/lib/python3.7/site-packages/airflow/example_dags/example_kubernetes_executor.py for tasks to queue
[2024-06-26T13:25:16.265+0000] {logging_mixin.py:137} INFO - [2024-06-26T13:25:16.265+0000] {dagbag.py:538} INFO - Filling up the DagBag from /home/airflow/.local/lib/python3.7/site-packages/airflow/example_dags/example_kubernetes_executor.py
[2024-06-26T13:25:16.287+0000] {processor.py:753} INFO - DAG(s) dict_keys(['example_kubernetes_executor']) retrieved from /home/airflow/.local/lib/python3.7/site-packages/airflow/example_dags/example_kubernetes_executor.py
[2024-06-26T13:25:16.305+0000] {logging_mixin.py:137} INFO - [2024-06-26T13:25:16.305+0000] {dag.py:2690} INFO - Sync 1 DAGs
[2024-06-26T13:25:16.322+0000] {logging_mixin.py:137} INFO - [2024-06-26T13:25:16.322+0000] {dag.py:3441} INFO - Setting next_dagrun for example_kubernetes_executor to None, run_after=None
[2024-06-26T13:25:16.335+0000] {processor.py:175} INFO - Processing /home/airflow/.local/lib/python3.7/site-packages/airflow/example_dags/example_kubernetes_executor.py took 0.079 seconds
[2024-06-26T13:25:46.977+0000] {processor.py:153} INFO - Started process (PID=3975) to work on /home/airflow/.local/lib/python3.7/site-packages/airflow/example_dags/example_kubernetes_executor.py
[2024-06-26T13:25:46.982+0000] {processor.py:743} INFO - Processing file /home/airflow/.local/lib/python3.7/site-packages/airflow/example_dags/example_kubernetes_executor.py for tasks to queue
[2024-06-26T13:25:46.983+0000] {logging_mixin.py:137} INFO - [2024-06-26T13:25:46.983+0000] {dagbag.py:538} INFO - Filling up the DagBag from /home/airflow/.local/lib/python3.7/site-packages/airflow/example_dags/example_kubernetes_executor.py
[2024-06-26T13:25:47.003+0000] {processor.py:753} INFO - DAG(s) dict_keys(['example_kubernetes_executor']) retrieved from /home/airflow/.local/lib/python3.7/site-packages/airflow/example_dags/example_kubernetes_executor.py
[2024-06-26T13:25:47.022+0000] {logging_mixin.py:137} INFO - [2024-06-26T13:25:47.022+0000] {dag.py:2690} INFO - Sync 1 DAGs
[2024-06-26T13:25:47.040+0000] {logging_mixin.py:137} INFO - [2024-06-26T13:25:47.040+0000] {dag.py:3441} INFO - Setting next_dagrun for example_kubernetes_executor to None, run_after=None
[2024-06-26T13:25:47.055+0000] {processor.py:175} INFO - Processing /home/airflow/.local/lib/python3.7/site-packages/airflow/example_dags/example_kubernetes_executor.py took 0.080 seconds
[2024-06-26T13:26:17.954+0000] {processor.py:153} INFO - Started process (PID=4065) to work on /home/airflow/.local/lib/python3.7/site-packages/airflow/example_dags/example_kubernetes_executor.py
[2024-06-26T13:26:17.960+0000] {processor.py:743} INFO - Processing file /home/airflow/.local/lib/python3.7/site-packages/airflow/example_dags/example_kubernetes_executor.py for tasks to queue
[2024-06-26T13:26:17.960+0000] {logging_mixin.py:137} INFO - [2024-06-26T13:26:17.960+0000] {dagbag.py:538} INFO - Filling up the DagBag from /home/airflow/.local/lib/python3.7/site-packages/airflow/example_dags/example_kubernetes_executor.py
[2024-06-26T13:26:17.982+0000] {processor.py:753} INFO - DAG(s) dict_keys(['example_kubernetes_executor']) retrieved from /home/airflow/.local/lib/python3.7/site-packages/airflow/example_dags/example_kubernetes_executor.py
[2024-06-26T13:26:18.004+0000] {logging_mixin.py:137} INFO - [2024-06-26T13:26:18.004+0000] {dag.py:2690} INFO - Sync 1 DAGs
[2024-06-26T13:26:18.025+0000] {logging_mixin.py:137} INFO - [2024-06-26T13:26:18.025+0000] {dag.py:3441} INFO - Setting next_dagrun for example_kubernetes_executor to None, run_after=None
[2024-06-26T13:26:18.038+0000] {processor.py:175} INFO - Processing /home/airflow/.local/lib/python3.7/site-packages/airflow/example_dags/example_kubernetes_executor.py took 0.086 seconds
[2024-06-26T13:26:48.937+0000] {processor.py:153} INFO - Started process (PID=4164) to work on /home/airflow/.local/lib/python3.7/site-packages/airflow/example_dags/example_kubernetes_executor.py
[2024-06-26T13:26:48.943+0000] {processor.py:743} INFO - Processing file /home/airflow/.local/lib/python3.7/site-packages/airflow/example_dags/example_kubernetes_executor.py for tasks to queue
[2024-06-26T13:26:48.944+0000] {logging_mixin.py:137} INFO - [2024-06-26T13:26:48.944+0000] {dagbag.py:538} INFO - Filling up the DagBag from /home/airflow/.local/lib/python3.7/site-packages/airflow/example_dags/example_kubernetes_executor.py
[2024-06-26T13:26:48.966+0000] {processor.py:753} INFO - DAG(s) dict_keys(['example_kubernetes_executor']) retrieved from /home/airflow/.local/lib/python3.7/site-packages/airflow/example_dags/example_kubernetes_executor.py
[2024-06-26T13:26:48.990+0000] {logging_mixin.py:137} INFO - [2024-06-26T13:26:48.990+0000] {dag.py:2690} INFO - Sync 1 DAGs
[2024-06-26T13:26:49.017+0000] {logging_mixin.py:137} INFO - [2024-06-26T13:26:49.017+0000] {dag.py:3441} INFO - Setting next_dagrun for example_kubernetes_executor to None, run_after=None
[2024-06-26T13:26:49.035+0000] {processor.py:175} INFO - Processing /home/airflow/.local/lib/python3.7/site-packages/airflow/example_dags/example_kubernetes_executor.py took 0.099 seconds
[2024-06-26T13:27:19.063+0000] {processor.py:153} INFO - Started process (PID=4243) to work on /home/airflow/.local/lib/python3.7/site-packages/airflow/example_dags/example_kubernetes_executor.py
[2024-06-26T13:27:19.063+0000] {processor.py:743} INFO - Processing file /home/airflow/.local/lib/python3.7/site-packages/airflow/example_dags/example_kubernetes_executor.py for tasks to queue
[2024-06-26T13:27:19.063+0000] {logging_mixin.py:137} INFO - [2024-06-26T13:27:19.063+0000] {dagbag.py:538} INFO - Filling up the DagBag from /home/airflow/.local/lib/python3.7/site-packages/airflow/example_dags/example_kubernetes_executor.py
[2024-06-26T13:27:19.086+0000] {processor.py:753} INFO - DAG(s) dict_keys(['example_kubernetes_executor']) retrieved from /home/airflow/.local/lib/python3.7/site-packages/airflow/example_dags/example_kubernetes_executor.py
[2024-06-26T13:27:19.108+0000] {logging_mixin.py:137} INFO - [2024-06-26T13:27:19.108+0000] {dag.py:2690} INFO - Sync 1 DAGs
[2024-06-26T13:27:19.129+0000] {logging_mixin.py:137} INFO - [2024-06-26T13:27:19.129+0000] {dag.py:3441} INFO - Setting next_dagrun for example_kubernetes_executor to None, run_after=None
[2024-06-26T13:27:19.144+0000] {processor.py:175} INFO - Processing /home/airflow/.local/lib/python3.7/site-packages/airflow/example_dags/example_kubernetes_executor.py took 0.084 seconds
[2024-06-26T13:27:49.233+0000] {processor.py:153} INFO - Started process (PID=4342) to work on /home/airflow/.local/lib/python3.7/site-packages/airflow/example_dags/example_kubernetes_executor.py
[2024-06-26T13:27:49.233+0000] {processor.py:743} INFO - Processing file /home/airflow/.local/lib/python3.7/site-packages/airflow/example_dags/example_kubernetes_executor.py for tasks to queue
[2024-06-26T13:27:49.234+0000] {logging_mixin.py:137} INFO - [2024-06-26T13:27:49.234+0000] {dagbag.py:538} INFO - Filling up the DagBag from /home/airflow/.local/lib/python3.7/site-packages/airflow/example_dags/example_kubernetes_executor.py
[2024-06-26T13:27:49.256+0000] {processor.py:753} INFO - DAG(s) dict_keys(['example_kubernetes_executor']) retrieved from /home/airflow/.local/lib/python3.7/site-packages/airflow/example_dags/example_kubernetes_executor.py
[2024-06-26T13:27:49.279+0000] {logging_mixin.py:137} INFO - [2024-06-26T13:27:49.279+0000] {dag.py:2690} INFO - Sync 1 DAGs
[2024-06-26T13:27:49.300+0000] {logging_mixin.py:137} INFO - [2024-06-26T13:27:49.300+0000] {dag.py:3441} INFO - Setting next_dagrun for example_kubernetes_executor to None, run_after=None
[2024-06-26T13:27:49.314+0000] {processor.py:175} INFO - Processing /home/airflow/.local/lib/python3.7/site-packages/airflow/example_dags/example_kubernetes_executor.py took 0.085 seconds
[2024-06-26T13:28:19.370+0000] {processor.py:153} INFO - Started process (PID=4421) to work on /home/airflow/.local/lib/python3.7/site-packages/airflow/example_dags/example_kubernetes_executor.py
[2024-06-26T13:28:19.371+0000] {processor.py:743} INFO - Processing file /home/airflow/.local/lib/python3.7/site-packages/airflow/example_dags/example_kubernetes_executor.py for tasks to queue
[2024-06-26T13:28:19.372+0000] {logging_mixin.py:137} INFO - [2024-06-26T13:28:19.372+0000] {dagbag.py:538} INFO - Filling up the DagBag from /home/airflow/.local/lib/python3.7/site-packages/airflow/example_dags/example_kubernetes_executor.py
[2024-06-26T13:28:19.396+0000] {processor.py:753} INFO - DAG(s) dict_keys(['example_kubernetes_executor']) retrieved from /home/airflow/.local/lib/python3.7/site-packages/airflow/example_dags/example_kubernetes_executor.py
[2024-06-26T13:28:19.419+0000] {logging_mixin.py:137} INFO - [2024-06-26T13:28:19.419+0000] {dag.py:2690} INFO - Sync 1 DAGs
[2024-06-26T13:28:19.443+0000] {logging_mixin.py:137} INFO - [2024-06-26T13:28:19.442+0000] {dag.py:3441} INFO - Setting next_dagrun for example_kubernetes_executor to None, run_after=None
[2024-06-26T13:28:19.459+0000] {processor.py:175} INFO - Processing /home/airflow/.local/lib/python3.7/site-packages/airflow/example_dags/example_kubernetes_executor.py took 0.092 seconds
[2024-06-26T13:28:49.559+0000] {processor.py:153} INFO - Started process (PID=4520) to work on /home/airflow/.local/lib/python3.7/site-packages/airflow/example_dags/example_kubernetes_executor.py
[2024-06-26T13:28:49.560+0000] {processor.py:743} INFO - Processing file /home/airflow/.local/lib/python3.7/site-packages/airflow/example_dags/example_kubernetes_executor.py for tasks to queue
[2024-06-26T13:28:49.560+0000] {logging_mixin.py:137} INFO - [2024-06-26T13:28:49.560+0000] {dagbag.py:538} INFO - Filling up the DagBag from /home/airflow/.local/lib/python3.7/site-packages/airflow/example_dags/example_kubernetes_executor.py
[2024-06-26T13:28:49.582+0000] {processor.py:753} INFO - DAG(s) dict_keys(['example_kubernetes_executor']) retrieved from /home/airflow/.local/lib/python3.7/site-packages/airflow/example_dags/example_kubernetes_executor.py
[2024-06-26T13:28:49.607+0000] {logging_mixin.py:137} INFO - [2024-06-26T13:28:49.607+0000] {dag.py:2690} INFO - Sync 1 DAGs
[2024-06-26T13:28:49.639+0000] {logging_mixin.py:137} INFO - [2024-06-26T13:28:49.639+0000] {dag.py:3441} INFO - Setting next_dagrun for example_kubernetes_executor to None, run_after=None
[2024-06-26T13:28:49.653+0000] {processor.py:175} INFO - Processing /home/airflow/.local/lib/python3.7/site-packages/airflow/example_dags/example_kubernetes_executor.py took 0.096 seconds
[2024-06-26T13:29:19.680+0000] {processor.py:153} INFO - Started process (PID=4599) to work on /home/airflow/.local/lib/python3.7/site-packages/airflow/example_dags/example_kubernetes_executor.py
[2024-06-26T13:29:19.681+0000] {processor.py:743} INFO - Processing file /home/airflow/.local/lib/python3.7/site-packages/airflow/example_dags/example_kubernetes_executor.py for tasks to queue
[2024-06-26T13:29:19.681+0000] {logging_mixin.py:137} INFO - [2024-06-26T13:29:19.681+0000] {dagbag.py:538} INFO - Filling up the DagBag from /home/airflow/.local/lib/python3.7/site-packages/airflow/example_dags/example_kubernetes_executor.py
[2024-06-26T13:29:19.705+0000] {processor.py:753} INFO - DAG(s) dict_keys(['example_kubernetes_executor']) retrieved from /home/airflow/.local/lib/python3.7/site-packages/airflow/example_dags/example_kubernetes_executor.py
[2024-06-26T13:29:19.728+0000] {logging_mixin.py:137} INFO - [2024-06-26T13:29:19.728+0000] {dag.py:2690} INFO - Sync 1 DAGs
[2024-06-26T13:29:19.748+0000] {logging_mixin.py:137} INFO - [2024-06-26T13:29:19.748+0000] {dag.py:3441} INFO - Setting next_dagrun for example_kubernetes_executor to None, run_after=None
[2024-06-26T13:29:19.765+0000] {processor.py:175} INFO - Processing /home/airflow/.local/lib/python3.7/site-packages/airflow/example_dags/example_kubernetes_executor.py took 0.088 seconds
[2024-06-26T13:29:50.659+0000] {processor.py:153} INFO - Started process (PID=4698) to work on /home/airflow/.local/lib/python3.7/site-packages/airflow/example_dags/example_kubernetes_executor.py
[2024-06-26T13:29:50.659+0000] {processor.py:743} INFO - Processing file /home/airflow/.local/lib/python3.7/site-packages/airflow/example_dags/example_kubernetes_executor.py for tasks to queue
[2024-06-26T13:29:50.660+0000] {logging_mixin.py:137} INFO - [2024-06-26T13:29:50.659+0000] {dagbag.py:538} INFO - Filling up the DagBag from /home/airflow/.local/lib/python3.7/site-packages/airflow/example_dags/example_kubernetes_executor.py
[2024-06-26T13:29:50.679+0000] {processor.py:753} INFO - DAG(s) dict_keys(['example_kubernetes_executor']) retrieved from /home/airflow/.local/lib/python3.7/site-packages/airflow/example_dags/example_kubernetes_executor.py
[2024-06-26T13:29:50.698+0000] {logging_mixin.py:137} INFO - [2024-06-26T13:29:50.698+0000] {dag.py:2690} INFO - Sync 1 DAGs
[2024-06-26T13:29:50.717+0000] {logging_mixin.py:137} INFO - [2024-06-26T13:29:50.717+0000] {dag.py:3441} INFO - Setting next_dagrun for example_kubernetes_executor to None, run_after=None
[2024-06-26T13:29:50.732+0000] {processor.py:175} INFO - Processing /home/airflow/.local/lib/python3.7/site-packages/airflow/example_dags/example_kubernetes_executor.py took 0.075 seconds
[2024-06-26T13:30:21.358+0000] {processor.py:153} INFO - Started process (PID=4777) to work on /home/airflow/.local/lib/python3.7/site-packages/airflow/example_dags/example_kubernetes_executor.py
[2024-06-26T13:30:21.358+0000] {processor.py:743} INFO - Processing file /home/airflow/.local/lib/python3.7/site-packages/airflow/example_dags/example_kubernetes_executor.py for tasks to queue
[2024-06-26T13:30:21.358+0000] {logging_mixin.py:137} INFO - [2024-06-26T13:30:21.358+0000] {dagbag.py:538} INFO - Filling up the DagBag from /home/airflow/.local/lib/python3.7/site-packages/airflow/example_dags/example_kubernetes_executor.py
[2024-06-26T13:30:21.377+0000] {processor.py:753} INFO - DAG(s) dict_keys(['example_kubernetes_executor']) retrieved from /home/airflow/.local/lib/python3.7/site-packages/airflow/example_dags/example_kubernetes_executor.py
[2024-06-26T13:30:21.397+0000] {logging_mixin.py:137} INFO - [2024-06-26T13:30:21.397+0000] {dag.py:2690} INFO - Sync 1 DAGs
[2024-06-26T13:30:21.414+0000] {logging_mixin.py:137} INFO - [2024-06-26T13:30:21.414+0000] {dag.py:3441} INFO - Setting next_dagrun for example_kubernetes_executor to None, run_after=None
[2024-06-26T13:30:21.429+0000] {processor.py:175} INFO - Processing /home/airflow/.local/lib/python3.7/site-packages/airflow/example_dags/example_kubernetes_executor.py took 0.073 seconds
[2024-06-26T13:30:52.201+0000] {processor.py:153} INFO - Started process (PID=4876) to work on /home/airflow/.local/lib/python3.7/site-packages/airflow/example_dags/example_kubernetes_executor.py
[2024-06-26T13:30:52.201+0000] {processor.py:743} INFO - Processing file /home/airflow/.local/lib/python3.7/site-packages/airflow/example_dags/example_kubernetes_executor.py for tasks to queue
[2024-06-26T13:30:52.201+0000] {logging_mixin.py:137} INFO - [2024-06-26T13:30:52.201+0000] {dagbag.py:538} INFO - Filling up the DagBag from /home/airflow/.local/lib/python3.7/site-packages/airflow/example_dags/example_kubernetes_executor.py
[2024-06-26T13:30:52.221+0000] {processor.py:753} INFO - DAG(s) dict_keys(['example_kubernetes_executor']) retrieved from /home/airflow/.local/lib/python3.7/site-packages/airflow/example_dags/example_kubernetes_executor.py
[2024-06-26T13:30:52.242+0000] {logging_mixin.py:137} INFO - [2024-06-26T13:30:52.242+0000] {dag.py:2690} INFO - Sync 1 DAGs
[2024-06-26T13:30:52.260+0000] {logging_mixin.py:137} INFO - [2024-06-26T13:30:52.259+0000] {dag.py:3441} INFO - Setting next_dagrun for example_kubernetes_executor to None, run_after=None
[2024-06-26T13:30:52.273+0000] {processor.py:175} INFO - Processing /home/airflow/.local/lib/python3.7/site-packages/airflow/example_dags/example_kubernetes_executor.py took 0.074 seconds
[2024-06-26T13:31:23.162+0000] {processor.py:153} INFO - Started process (PID=4975) to work on /home/airflow/.local/lib/python3.7/site-packages/airflow/example_dags/example_kubernetes_executor.py
[2024-06-26T13:31:23.163+0000] {processor.py:743} INFO - Processing file /home/airflow/.local/lib/python3.7/site-packages/airflow/example_dags/example_kubernetes_executor.py for tasks to queue
[2024-06-26T13:31:23.163+0000] {logging_mixin.py:137} INFO - [2024-06-26T13:31:23.163+0000] {dagbag.py:538} INFO - Filling up the DagBag from /home/airflow/.local/lib/python3.7/site-packages/airflow/example_dags/example_kubernetes_executor.py
[2024-06-26T13:31:23.191+0000] {processor.py:753} INFO - DAG(s) dict_keys(['example_kubernetes_executor']) retrieved from /home/airflow/.local/lib/python3.7/site-packages/airflow/example_dags/example_kubernetes_executor.py
[2024-06-26T13:31:23.223+0000] {logging_mixin.py:137} INFO - [2024-06-26T13:31:23.223+0000] {dag.py:2690} INFO - Sync 1 DAGs
[2024-06-26T13:31:23.254+0000] {logging_mixin.py:137} INFO - [2024-06-26T13:31:23.254+0000] {dag.py:3441} INFO - Setting next_dagrun for example_kubernetes_executor to None, run_after=None
[2024-06-26T13:31:23.274+0000] {processor.py:175} INFO - Processing /home/airflow/.local/lib/python3.7/site-packages/airflow/example_dags/example_kubernetes_executor.py took 0.114 seconds
[2024-06-26T13:31:53.423+0000] {processor.py:153} INFO - Started process (PID=5054) to work on /home/airflow/.local/lib/python3.7/site-packages/airflow/example_dags/example_kubernetes_executor.py
[2024-06-26T13:31:53.424+0000] {processor.py:743} INFO - Processing file /home/airflow/.local/lib/python3.7/site-packages/airflow/example_dags/example_kubernetes_executor.py for tasks to queue
[2024-06-26T13:31:53.425+0000] {logging_mixin.py:137} INFO - [2024-06-26T13:31:53.424+0000] {dagbag.py:538} INFO - Filling up the DagBag from /home/airflow/.local/lib/python3.7/site-packages/airflow/example_dags/example_kubernetes_executor.py
[2024-06-26T13:31:53.446+0000] {processor.py:753} INFO - DAG(s) dict_keys(['example_kubernetes_executor']) retrieved from /home/airflow/.local/lib/python3.7/site-packages/airflow/example_dags/example_kubernetes_executor.py
[2024-06-26T13:31:53.467+0000] {logging_mixin.py:137} INFO - [2024-06-26T13:31:53.467+0000] {dag.py:2690} INFO - Sync 1 DAGs
[2024-06-26T13:31:53.489+0000] {logging_mixin.py:137} INFO - [2024-06-26T13:31:53.489+0000] {dag.py:3441} INFO - Setting next_dagrun for example_kubernetes_executor to None, run_after=None
[2024-06-26T13:31:53.503+0000] {processor.py:175} INFO - Processing /home/airflow/.local/lib/python3.7/site-packages/airflow/example_dags/example_kubernetes_executor.py took 0.083 seconds
[2024-06-26T13:32:23.518+0000] {processor.py:153} INFO - Started process (PID=5153) to work on /home/airflow/.local/lib/python3.7/site-packages/airflow/example_dags/example_kubernetes_executor.py
[2024-06-26T13:32:23.518+0000] {processor.py:743} INFO - Processing file /home/airflow/.local/lib/python3.7/site-packages/airflow/example_dags/example_kubernetes_executor.py for tasks to queue
[2024-06-26T13:32:23.519+0000] {logging_mixin.py:137} INFO - [2024-06-26T13:32:23.519+0000] {dagbag.py:538} INFO - Filling up the DagBag from /home/airflow/.local/lib/python3.7/site-packages/airflow/example_dags/example_kubernetes_executor.py
[2024-06-26T13:32:23.538+0000] {processor.py:753} INFO - DAG(s) dict_keys(['example_kubernetes_executor']) retrieved from /home/airflow/.local/lib/python3.7/site-packages/airflow/example_dags/example_kubernetes_executor.py
[2024-06-26T13:32:23.557+0000] {logging_mixin.py:137} INFO - [2024-06-26T13:32:23.557+0000] {dag.py:2690} INFO - Sync 1 DAGs
[2024-06-26T13:32:23.573+0000] {logging_mixin.py:137} INFO - [2024-06-26T13:32:23.573+0000] {dag.py:3441} INFO - Setting next_dagrun for example_kubernetes_executor to None, run_after=None
[2024-06-26T13:32:23.585+0000] {processor.py:175} INFO - Processing /home/airflow/.local/lib/python3.7/site-packages/airflow/example_dags/example_kubernetes_executor.py took 0.069 seconds
[2024-06-26T13:32:53.604+0000] {processor.py:153} INFO - Started process (PID=5232) to work on /home/airflow/.local/lib/python3.7/site-packages/airflow/example_dags/example_kubernetes_executor.py
[2024-06-26T13:32:53.605+0000] {processor.py:743} INFO - Processing file /home/airflow/.local/lib/python3.7/site-packages/airflow/example_dags/example_kubernetes_executor.py for tasks to queue
[2024-06-26T13:32:53.605+0000] {logging_mixin.py:137} INFO - [2024-06-26T13:32:53.605+0000] {dagbag.py:538} INFO - Filling up the DagBag from /home/airflow/.local/lib/python3.7/site-packages/airflow/example_dags/example_kubernetes_executor.py
[2024-06-26T13:32:53.624+0000] {processor.py:753} INFO - DAG(s) dict_keys(['example_kubernetes_executor']) retrieved from /home/airflow/.local/lib/python3.7/site-packages/airflow/example_dags/example_kubernetes_executor.py
[2024-06-26T13:32:53.642+0000] {logging_mixin.py:137} INFO - [2024-06-26T13:32:53.642+0000] {dag.py:2690} INFO - Sync 1 DAGs
[2024-06-26T13:32:53.658+0000] {logging_mixin.py:137} INFO - [2024-06-26T13:32:53.658+0000] {dag.py:3441} INFO - Setting next_dagrun for example_kubernetes_executor to None, run_after=None
[2024-06-26T13:32:53.670+0000] {processor.py:175} INFO - Processing /home/airflow/.local/lib/python3.7/site-packages/airflow/example_dags/example_kubernetes_executor.py took 0.068 seconds
[2024-06-26T13:33:24.532+0000] {processor.py:153} INFO - Started process (PID=5331) to work on /home/airflow/.local/lib/python3.7/site-packages/airflow/example_dags/example_kubernetes_executor.py
[2024-06-26T13:33:24.533+0000] {processor.py:743} INFO - Processing file /home/airflow/.local/lib/python3.7/site-packages/airflow/example_dags/example_kubernetes_executor.py for tasks to queue
[2024-06-26T13:33:24.533+0000] {logging_mixin.py:137} INFO - [2024-06-26T13:33:24.533+0000] {dagbag.py:538} INFO - Filling up the DagBag from /home/airflow/.local/lib/python3.7/site-packages/airflow/example_dags/example_kubernetes_executor.py
[2024-06-26T13:33:24.557+0000] {processor.py:753} INFO - DAG(s) dict_keys(['example_kubernetes_executor']) retrieved from /home/airflow/.local/lib/python3.7/site-packages/airflow/example_dags/example_kubernetes_executor.py
[2024-06-26T13:33:24.579+0000] {logging_mixin.py:137} INFO - [2024-06-26T13:33:24.579+0000] {dag.py:2690} INFO - Sync 1 DAGs
[2024-06-26T13:33:24.602+0000] {logging_mixin.py:137} INFO - [2024-06-26T13:33:24.602+0000] {dag.py:3441} INFO - Setting next_dagrun for example_kubernetes_executor to None, run_after=None
[2024-06-26T13:33:24.618+0000] {processor.py:175} INFO - Processing /home/airflow/.local/lib/python3.7/site-packages/airflow/example_dags/example_kubernetes_executor.py took 0.088 seconds
[2024-06-26T13:33:54.707+0000] {processor.py:153} INFO - Started process (PID=5410) to work on /home/airflow/.local/lib/python3.7/site-packages/airflow/example_dags/example_kubernetes_executor.py
[2024-06-26T13:33:54.707+0000] {processor.py:743} INFO - Processing file /home/airflow/.local/lib/python3.7/site-packages/airflow/example_dags/example_kubernetes_executor.py for tasks to queue
[2024-06-26T13:33:54.708+0000] {logging_mixin.py:137} INFO - [2024-06-26T13:33:54.708+0000] {dagbag.py:538} INFO - Filling up the DagBag from /home/airflow/.local/lib/python3.7/site-packages/airflow/example_dags/example_kubernetes_executor.py
[2024-06-26T13:33:54.731+0000] {processor.py:753} INFO - DAG(s) dict_keys(['example_kubernetes_executor']) retrieved from /home/airflow/.local/lib/python3.7/site-packages/airflow/example_dags/example_kubernetes_executor.py
[2024-06-26T13:33:54.755+0000] {logging_mixin.py:137} INFO - [2024-06-26T13:33:54.754+0000] {dag.py:2690} INFO - Sync 1 DAGs
[2024-06-26T13:33:54.775+0000] {logging_mixin.py:137} INFO - [2024-06-26T13:33:54.775+0000] {dag.py:3441} INFO - Setting next_dagrun for example_kubernetes_executor to None, run_after=None
[2024-06-26T13:33:54.789+0000] {processor.py:175} INFO - Processing /home/airflow/.local/lib/python3.7/site-packages/airflow/example_dags/example_kubernetes_executor.py took 0.085 seconds
[2024-06-26T13:34:25.096+0000] {processor.py:153} INFO - Started process (PID=5509) to work on /home/airflow/.local/lib/python3.7/site-packages/airflow/example_dags/example_kubernetes_executor.py
[2024-06-26T13:34:25.096+0000] {processor.py:743} INFO - Processing file /home/airflow/.local/lib/python3.7/site-packages/airflow/example_dags/example_kubernetes_executor.py for tasks to queue
[2024-06-26T13:34:25.097+0000] {logging_mixin.py:137} INFO - [2024-06-26T13:34:25.097+0000] {dagbag.py:538} INFO - Filling up the DagBag from /home/airflow/.local/lib/python3.7/site-packages/airflow/example_dags/example_kubernetes_executor.py
[2024-06-26T13:34:25.123+0000] {processor.py:753} INFO - DAG(s) dict_keys(['example_kubernetes_executor']) retrieved from /home/airflow/.local/lib/python3.7/site-packages/airflow/example_dags/example_kubernetes_executor.py
[2024-06-26T13:34:25.156+0000] {logging_mixin.py:137} INFO - [2024-06-26T13:34:25.156+0000] {dag.py:2690} INFO - Sync 1 DAGs
[2024-06-26T13:34:25.188+0000] {logging_mixin.py:137} INFO - [2024-06-26T13:34:25.188+0000] {dag.py:3441} INFO - Setting next_dagrun for example_kubernetes_executor to None, run_after=None
[2024-06-26T13:34:25.206+0000] {processor.py:175} INFO - Processing /home/airflow/.local/lib/python3.7/site-packages/airflow/example_dags/example_kubernetes_executor.py took 0.112 seconds
[2024-06-26T13:34:55.301+0000] {processor.py:153} INFO - Started process (PID=5588) to work on /home/airflow/.local/lib/python3.7/site-packages/airflow/example_dags/example_kubernetes_executor.py
[2024-06-26T13:34:55.302+0000] {processor.py:743} INFO - Processing file /home/airflow/.local/lib/python3.7/site-packages/airflow/example_dags/example_kubernetes_executor.py for tasks to queue
[2024-06-26T13:34:55.303+0000] {logging_mixin.py:137} INFO - [2024-06-26T13:34:55.303+0000] {dagbag.py:538} INFO - Filling up the DagBag from /home/airflow/.local/lib/python3.7/site-packages/airflow/example_dags/example_kubernetes_executor.py
[2024-06-26T13:34:55.327+0000] {processor.py:753} INFO - DAG(s) dict_keys(['example_kubernetes_executor']) retrieved from /home/airflow/.local/lib/python3.7/site-packages/airflow/example_dags/example_kubernetes_executor.py
[2024-06-26T13:34:55.348+0000] {logging_mixin.py:137} INFO - [2024-06-26T13:34:55.348+0000] {dag.py:2690} INFO - Sync 1 DAGs
[2024-06-26T13:34:55.369+0000] {logging_mixin.py:137} INFO - [2024-06-26T13:34:55.369+0000] {dag.py:3441} INFO - Setting next_dagrun for example_kubernetes_executor to None, run_after=None
[2024-06-26T13:34:55.384+0000] {processor.py:175} INFO - Processing /home/airflow/.local/lib/python3.7/site-packages/airflow/example_dags/example_kubernetes_executor.py took 0.085 seconds
[2024-06-26T13:35:25.406+0000] {processor.py:153} INFO - Started process (PID=5687) to work on /home/airflow/.local/lib/python3.7/site-packages/airflow/example_dags/example_kubernetes_executor.py
[2024-06-26T13:35:25.407+0000] {processor.py:743} INFO - Processing file /home/airflow/.local/lib/python3.7/site-packages/airflow/example_dags/example_kubernetes_executor.py for tasks to queue
[2024-06-26T13:35:25.407+0000] {logging_mixin.py:137} INFO - [2024-06-26T13:35:25.407+0000] {dagbag.py:538} INFO - Filling up the DagBag from /home/airflow/.local/lib/python3.7/site-packages/airflow/example_dags/example_kubernetes_executor.py
[2024-06-26T13:35:25.427+0000] {processor.py:753} INFO - DAG(s) dict_keys(['example_kubernetes_executor']) retrieved from /home/airflow/.local/lib/python3.7/site-packages/airflow/example_dags/example_kubernetes_executor.py
[2024-06-26T13:35:25.447+0000] {logging_mixin.py:137} INFO - [2024-06-26T13:35:25.446+0000] {dag.py:2690} INFO - Sync 1 DAGs
[2024-06-26T13:35:25.467+0000] {logging_mixin.py:137} INFO - [2024-06-26T13:35:25.466+0000] {dag.py:3441} INFO - Setting next_dagrun for example_kubernetes_executor to None, run_after=None
[2024-06-26T13:35:25.480+0000] {processor.py:175} INFO - Processing /home/airflow/.local/lib/python3.7/site-packages/airflow/example_dags/example_kubernetes_executor.py took 0.075 seconds
[2024-06-26T13:35:56.369+0000] {processor.py:153} INFO - Started process (PID=5766) to work on /home/airflow/.local/lib/python3.7/site-packages/airflow/example_dags/example_kubernetes_executor.py
[2024-06-26T13:35:56.369+0000] {processor.py:743} INFO - Processing file /home/airflow/.local/lib/python3.7/site-packages/airflow/example_dags/example_kubernetes_executor.py for tasks to queue
[2024-06-26T13:35:56.369+0000] {logging_mixin.py:137} INFO - [2024-06-26T13:35:56.369+0000] {dagbag.py:538} INFO - Filling up the DagBag from /home/airflow/.local/lib/python3.7/site-packages/airflow/example_dags/example_kubernetes_executor.py
[2024-06-26T13:35:56.391+0000] {processor.py:753} INFO - DAG(s) dict_keys(['example_kubernetes_executor']) retrieved from /home/airflow/.local/lib/python3.7/site-packages/airflow/example_dags/example_kubernetes_executor.py
[2024-06-26T13:35:56.416+0000] {logging_mixin.py:137} INFO - [2024-06-26T13:35:56.416+0000] {dag.py:2690} INFO - Sync 1 DAGs
[2024-06-26T13:35:56.436+0000] {logging_mixin.py:137} INFO - [2024-06-26T13:35:56.436+0000] {dag.py:3441} INFO - Setting next_dagrun for example_kubernetes_executor to None, run_after=None
[2024-06-26T13:35:56.451+0000] {processor.py:175} INFO - Processing /home/airflow/.local/lib/python3.7/site-packages/airflow/example_dags/example_kubernetes_executor.py took 0.084 seconds
[2024-06-26T13:36:27.332+0000] {processor.py:153} INFO - Started process (PID=5865) to work on /home/airflow/.local/lib/python3.7/site-packages/airflow/example_dags/example_kubernetes_executor.py
[2024-06-26T13:36:27.333+0000] {processor.py:743} INFO - Processing file /home/airflow/.local/lib/python3.7/site-packages/airflow/example_dags/example_kubernetes_executor.py for tasks to queue
[2024-06-26T13:36:27.333+0000] {logging_mixin.py:137} INFO - [2024-06-26T13:36:27.333+0000] {dagbag.py:538} INFO - Filling up the DagBag from /home/airflow/.local/lib/python3.7/site-packages/airflow/example_dags/example_kubernetes_executor.py
[2024-06-26T13:36:27.353+0000] {processor.py:753} INFO - DAG(s) dict_keys(['example_kubernetes_executor']) retrieved from /home/airflow/.local/lib/python3.7/site-packages/airflow/example_dags/example_kubernetes_executor.py
[2024-06-26T13:36:27.373+0000] {logging_mixin.py:137} INFO - [2024-06-26T13:36:27.372+0000] {dag.py:2690} INFO - Sync 1 DAGs
[2024-06-26T13:36:27.391+0000] {logging_mixin.py:137} INFO - [2024-06-26T13:36:27.391+0000] {dag.py:3441} INFO - Setting next_dagrun for example_kubernetes_executor to None, run_after=None
[2024-06-26T13:36:27.405+0000] {processor.py:175} INFO - Processing /home/airflow/.local/lib/python3.7/site-packages/airflow/example_dags/example_kubernetes_executor.py took 0.075 seconds
[2024-06-26T13:36:58.319+0000] {processor.py:153} INFO - Started process (PID=5953) to work on /home/airflow/.local/lib/python3.7/site-packages/airflow/example_dags/example_kubernetes_executor.py
[2024-06-26T13:36:58.320+0000] {processor.py:743} INFO - Processing file /home/airflow/.local/lib/python3.7/site-packages/airflow/example_dags/example_kubernetes_executor.py for tasks to queue
[2024-06-26T13:36:58.320+0000] {logging_mixin.py:137} INFO - [2024-06-26T13:36:58.320+0000] {dagbag.py:538} INFO - Filling up the DagBag from /home/airflow/.local/lib/python3.7/site-packages/airflow/example_dags/example_kubernetes_executor.py
[2024-06-26T13:36:58.344+0000] {processor.py:753} INFO - DAG(s) dict_keys(['example_kubernetes_executor']) retrieved from /home/airflow/.local/lib/python3.7/site-packages/airflow/example_dags/example_kubernetes_executor.py
[2024-06-26T13:36:58.370+0000] {logging_mixin.py:137} INFO - [2024-06-26T13:36:58.369+0000] {dag.py:2690} INFO - Sync 1 DAGs
[2024-06-26T13:36:58.397+0000] {logging_mixin.py:137} INFO - [2024-06-26T13:36:58.397+0000] {dag.py:3441} INFO - Setting next_dagrun for example_kubernetes_executor to None, run_after=None
[2024-06-26T13:36:58.454+0000] {processor.py:175} INFO - Processing /home/airflow/.local/lib/python3.7/site-packages/airflow/example_dags/example_kubernetes_executor.py took 0.137 seconds
[2024-06-26T13:37:28.666+0000] {processor.py:153} INFO - Started process (PID=6043) to work on /home/airflow/.local/lib/python3.7/site-packages/airflow/example_dags/example_kubernetes_executor.py
[2024-06-26T13:37:28.666+0000] {processor.py:743} INFO - Processing file /home/airflow/.local/lib/python3.7/site-packages/airflow/example_dags/example_kubernetes_executor.py for tasks to queue
[2024-06-26T13:37:28.667+0000] {logging_mixin.py:137} INFO - [2024-06-26T13:37:28.667+0000] {dagbag.py:538} INFO - Filling up the DagBag from /home/airflow/.local/lib/python3.7/site-packages/airflow/example_dags/example_kubernetes_executor.py
[2024-06-26T13:37:28.689+0000] {processor.py:753} INFO - DAG(s) dict_keys(['example_kubernetes_executor']) retrieved from /home/airflow/.local/lib/python3.7/site-packages/airflow/example_dags/example_kubernetes_executor.py
[2024-06-26T13:37:28.714+0000] {logging_mixin.py:137} INFO - [2024-06-26T13:37:28.714+0000] {dag.py:2690} INFO - Sync 1 DAGs
[2024-06-26T13:37:28.736+0000] {logging_mixin.py:137} INFO - [2024-06-26T13:37:28.736+0000] {dag.py:3441} INFO - Setting next_dagrun for example_kubernetes_executor to None, run_after=None
[2024-06-26T13:37:28.752+0000] {processor.py:175} INFO - Processing /home/airflow/.local/lib/python3.7/site-packages/airflow/example_dags/example_kubernetes_executor.py took 0.088 seconds
[2024-06-26T13:37:59.511+0000] {processor.py:153} INFO - Started process (PID=6142) to work on /home/airflow/.local/lib/python3.7/site-packages/airflow/example_dags/example_kubernetes_executor.py
[2024-06-26T13:37:59.512+0000] {processor.py:743} INFO - Processing file /home/airflow/.local/lib/python3.7/site-packages/airflow/example_dags/example_kubernetes_executor.py for tasks to queue
[2024-06-26T13:37:59.512+0000] {logging_mixin.py:137} INFO - [2024-06-26T13:37:59.512+0000] {dagbag.py:538} INFO - Filling up the DagBag from /home/airflow/.local/lib/python3.7/site-packages/airflow/example_dags/example_kubernetes_executor.py
[2024-06-26T13:37:59.534+0000] {processor.py:753} INFO - DAG(s) dict_keys(['example_kubernetes_executor']) retrieved from /home/airflow/.local/lib/python3.7/site-packages/airflow/example_dags/example_kubernetes_executor.py
[2024-06-26T13:37:59.556+0000] {logging_mixin.py:137} INFO - [2024-06-26T13:37:59.556+0000] {dag.py:2690} INFO - Sync 1 DAGs
[2024-06-26T13:37:59.576+0000] {logging_mixin.py:137} INFO - [2024-06-26T13:37:59.576+0000] {dag.py:3441} INFO - Setting next_dagrun for example_kubernetes_executor to None, run_after=None
[2024-06-26T13:37:59.590+0000] {processor.py:175} INFO - Processing /home/airflow/.local/lib/python3.7/site-packages/airflow/example_dags/example_kubernetes_executor.py took 0.081 seconds
[2024-06-26T13:38:30.449+0000] {processor.py:153} INFO - Started process (PID=6221) to work on /home/airflow/.local/lib/python3.7/site-packages/airflow/example_dags/example_kubernetes_executor.py
[2024-06-26T13:38:30.449+0000] {processor.py:743} INFO - Processing file /home/airflow/.local/lib/python3.7/site-packages/airflow/example_dags/example_kubernetes_executor.py for tasks to queue
[2024-06-26T13:38:30.449+0000] {logging_mixin.py:137} INFO - [2024-06-26T13:38:30.449+0000] {dagbag.py:538} INFO - Filling up the DagBag from /home/airflow/.local/lib/python3.7/site-packages/airflow/example_dags/example_kubernetes_executor.py
[2024-06-26T13:38:30.469+0000] {processor.py:753} INFO - DAG(s) dict_keys(['example_kubernetes_executor']) retrieved from /home/airflow/.local/lib/python3.7/site-packages/airflow/example_dags/example_kubernetes_executor.py
[2024-06-26T13:38:30.489+0000] {logging_mixin.py:137} INFO - [2024-06-26T13:38:30.488+0000] {dag.py:2690} INFO - Sync 1 DAGs
[2024-06-26T13:38:30.507+0000] {logging_mixin.py:137} INFO - [2024-06-26T13:38:30.507+0000] {dag.py:3441} INFO - Setting next_dagrun for example_kubernetes_executor to None, run_after=None
[2024-06-26T13:38:30.520+0000] {processor.py:175} INFO - Processing /home/airflow/.local/lib/python3.7/site-packages/airflow/example_dags/example_kubernetes_executor.py took 0.073 seconds
[2024-06-26T13:39:01.136+0000] {processor.py:153} INFO - Started process (PID=6320) to work on /home/airflow/.local/lib/python3.7/site-packages/airflow/example_dags/example_kubernetes_executor.py
[2024-06-26T13:39:01.136+0000] {processor.py:743} INFO - Processing file /home/airflow/.local/lib/python3.7/site-packages/airflow/example_dags/example_kubernetes_executor.py for tasks to queue
[2024-06-26T13:39:01.136+0000] {logging_mixin.py:137} INFO - [2024-06-26T13:39:01.136+0000] {dagbag.py:538} INFO - Filling up the DagBag from /home/airflow/.local/lib/python3.7/site-packages/airflow/example_dags/example_kubernetes_executor.py
[2024-06-26T13:39:01.156+0000] {processor.py:753} INFO - DAG(s) dict_keys(['example_kubernetes_executor']) retrieved from /home/airflow/.local/lib/python3.7/site-packages/airflow/example_dags/example_kubernetes_executor.py
[2024-06-26T13:39:01.175+0000] {logging_mixin.py:137} INFO - [2024-06-26T13:39:01.175+0000] {dag.py:2690} INFO - Sync 1 DAGs
[2024-06-26T13:39:01.194+0000] {logging_mixin.py:137} INFO - [2024-06-26T13:39:01.194+0000] {dag.py:3441} INFO - Setting next_dagrun for example_kubernetes_executor to None, run_after=None
[2024-06-26T13:39:01.209+0000] {processor.py:175} INFO - Processing /home/airflow/.local/lib/python3.7/site-packages/airflow/example_dags/example_kubernetes_executor.py took 0.075 seconds
[2024-06-26T13:39:31.955+0000] {processor.py:153} INFO - Started process (PID=6399) to work on /home/airflow/.local/lib/python3.7/site-packages/airflow/example_dags/example_kubernetes_executor.py
[2024-06-26T13:39:31.955+0000] {processor.py:743} INFO - Processing file /home/airflow/.local/lib/python3.7/site-packages/airflow/example_dags/example_kubernetes_executor.py for tasks to queue
[2024-06-26T13:39:31.956+0000] {logging_mixin.py:137} INFO - [2024-06-26T13:39:31.956+0000] {dagbag.py:538} INFO - Filling up the DagBag from /home/airflow/.local/lib/python3.7/site-packages/airflow/example_dags/example_kubernetes_executor.py
[2024-06-26T13:39:31.977+0000] {processor.py:753} INFO - DAG(s) dict_keys(['example_kubernetes_executor']) retrieved from /home/airflow/.local/lib/python3.7/site-packages/airflow/example_dags/example_kubernetes_executor.py
[2024-06-26T13:39:31.997+0000] {logging_mixin.py:137} INFO - [2024-06-26T13:39:31.997+0000] {dag.py:2690} INFO - Sync 1 DAGs
[2024-06-26T13:39:32.015+0000] {logging_mixin.py:137} INFO - [2024-06-26T13:39:32.015+0000] {dag.py:3441} INFO - Setting next_dagrun for example_kubernetes_executor to None, run_after=None
[2024-06-26T13:39:32.028+0000] {processor.py:175} INFO - Processing /home/airflow/.local/lib/python3.7/site-packages/airflow/example_dags/example_kubernetes_executor.py took 0.075 seconds
