[2024-06-26T13:03:45.337+0000] {processor.py:153} INFO - Started process (PID=75) to work on /home/airflow/.local/lib/python3.7/site-packages/airflow/example_dags/example_xcom.py
[2024-06-26T13:03:45.337+0000] {processor.py:743} INFO - Processing file /home/airflow/.local/lib/python3.7/site-packages/airflow/example_dags/example_xcom.py for tasks to queue
[2024-06-26T13:03:45.338+0000] {logging_mixin.py:137} INFO - [2024-06-26T13:03:45.338+0000] {dagbag.py:538} INFO - Filling up the DagBag from /home/airflow/.local/lib/python3.7/site-packages/airflow/example_dags/example_xcom.py
[2024-06-26T13:03:45.358+0000] {processor.py:753} INFO - DAG(s) dict_keys(['example_xcom']) retrieved from /home/airflow/.local/lib/python3.7/site-packages/airflow/example_dags/example_xcom.py
[2024-06-26T13:03:45.377+0000] {logging_mixin.py:137} INFO - [2024-06-26T13:03:45.377+0000] {dag.py:2690} INFO - Sync 1 DAGs
[2024-06-26T13:03:45.403+0000] {logging_mixin.py:137} INFO - [2024-06-26T13:03:45.403+0000] {dag.py:3441} INFO - Setting next_dagrun for example_xcom to 2021-01-01T00:00:00+00:00, run_after=2021-01-01T00:00:00+00:00
[2024-06-26T13:03:45.421+0000] {processor.py:175} INFO - Processing /home/airflow/.local/lib/python3.7/site-packages/airflow/example_dags/example_xcom.py took 0.085 seconds
[2024-06-26T13:04:16.016+0000] {processor.py:153} INFO - Started process (PID=174) to work on /home/airflow/.local/lib/python3.7/site-packages/airflow/example_dags/example_xcom.py
[2024-06-26T13:04:16.017+0000] {processor.py:743} INFO - Processing file /home/airflow/.local/lib/python3.7/site-packages/airflow/example_dags/example_xcom.py for tasks to queue
[2024-06-26T13:04:16.017+0000] {logging_mixin.py:137} INFO - [2024-06-26T13:04:16.017+0000] {dagbag.py:538} INFO - Filling up the DagBag from /home/airflow/.local/lib/python3.7/site-packages/airflow/example_dags/example_xcom.py
[2024-06-26T13:04:16.034+0000] {processor.py:753} INFO - DAG(s) dict_keys(['example_xcom']) retrieved from /home/airflow/.local/lib/python3.7/site-packages/airflow/example_dags/example_xcom.py
[2024-06-26T13:04:16.051+0000] {logging_mixin.py:137} INFO - [2024-06-26T13:04:16.051+0000] {dag.py:2690} INFO - Sync 1 DAGs
[2024-06-26T13:04:16.069+0000] {logging_mixin.py:137} INFO - [2024-06-26T13:04:16.069+0000] {dag.py:3441} INFO - Setting next_dagrun for example_xcom to 2021-01-01T00:00:00+00:00, run_after=2021-01-01T00:00:00+00:00
[2024-06-26T13:04:16.083+0000] {processor.py:175} INFO - Processing /home/airflow/.local/lib/python3.7/site-packages/airflow/example_dags/example_xcom.py took 0.069 seconds
[2024-06-26T13:04:46.744+0000] {processor.py:153} INFO - Started process (PID=253) to work on /home/airflow/.local/lib/python3.7/site-packages/airflow/example_dags/example_xcom.py
[2024-06-26T13:04:46.745+0000] {processor.py:743} INFO - Processing file /home/airflow/.local/lib/python3.7/site-packages/airflow/example_dags/example_xcom.py for tasks to queue
[2024-06-26T13:04:46.745+0000] {logging_mixin.py:137} INFO - [2024-06-26T13:04:46.745+0000] {dagbag.py:538} INFO - Filling up the DagBag from /home/airflow/.local/lib/python3.7/site-packages/airflow/example_dags/example_xcom.py
[2024-06-26T13:04:46.762+0000] {processor.py:753} INFO - DAG(s) dict_keys(['example_xcom']) retrieved from /home/airflow/.local/lib/python3.7/site-packages/airflow/example_dags/example_xcom.py
[2024-06-26T13:04:46.779+0000] {logging_mixin.py:137} INFO - [2024-06-26T13:04:46.779+0000] {dag.py:2690} INFO - Sync 1 DAGs
[2024-06-26T13:04:46.797+0000] {logging_mixin.py:137} INFO - [2024-06-26T13:04:46.797+0000] {dag.py:3441} INFO - Setting next_dagrun for example_xcom to 2021-01-01T00:00:00+00:00, run_after=2021-01-01T00:00:00+00:00
[2024-06-26T13:04:46.810+0000] {processor.py:175} INFO - Processing /home/airflow/.local/lib/python3.7/site-packages/airflow/example_dags/example_xcom.py took 0.068 seconds
[2024-06-26T13:05:17.487+0000] {processor.py:153} INFO - Started process (PID=352) to work on /home/airflow/.local/lib/python3.7/site-packages/airflow/example_dags/example_xcom.py
[2024-06-26T13:05:17.488+0000] {processor.py:743} INFO - Processing file /home/airflow/.local/lib/python3.7/site-packages/airflow/example_dags/example_xcom.py for tasks to queue
[2024-06-26T13:05:17.488+0000] {logging_mixin.py:137} INFO - [2024-06-26T13:05:17.488+0000] {dagbag.py:538} INFO - Filling up the DagBag from /home/airflow/.local/lib/python3.7/site-packages/airflow/example_dags/example_xcom.py
[2024-06-26T13:05:17.505+0000] {processor.py:753} INFO - DAG(s) dict_keys(['example_xcom']) retrieved from /home/airflow/.local/lib/python3.7/site-packages/airflow/example_dags/example_xcom.py
[2024-06-26T13:05:17.522+0000] {logging_mixin.py:137} INFO - [2024-06-26T13:05:17.522+0000] {dag.py:2690} INFO - Sync 1 DAGs
[2024-06-26T13:05:17.541+0000] {logging_mixin.py:137} INFO - [2024-06-26T13:05:17.541+0000] {dag.py:3441} INFO - Setting next_dagrun for example_xcom to 2021-01-01T00:00:00+00:00, run_after=2021-01-01T00:00:00+00:00
[2024-06-26T13:05:17.555+0000] {processor.py:175} INFO - Processing /home/airflow/.local/lib/python3.7/site-packages/airflow/example_dags/example_xcom.py took 0.069 seconds
[2024-06-26T13:05:48.349+0000] {processor.py:153} INFO - Started process (PID=451) to work on /home/airflow/.local/lib/python3.7/site-packages/airflow/example_dags/example_xcom.py
[2024-06-26T13:05:48.350+0000] {processor.py:743} INFO - Processing file /home/airflow/.local/lib/python3.7/site-packages/airflow/example_dags/example_xcom.py for tasks to queue
[2024-06-26T13:05:48.350+0000] {logging_mixin.py:137} INFO - [2024-06-26T13:05:48.350+0000] {dagbag.py:538} INFO - Filling up the DagBag from /home/airflow/.local/lib/python3.7/site-packages/airflow/example_dags/example_xcom.py
[2024-06-26T13:05:48.366+0000] {processor.py:753} INFO - DAG(s) dict_keys(['example_xcom']) retrieved from /home/airflow/.local/lib/python3.7/site-packages/airflow/example_dags/example_xcom.py
[2024-06-26T13:05:48.383+0000] {logging_mixin.py:137} INFO - [2024-06-26T13:05:48.383+0000] {dag.py:2690} INFO - Sync 1 DAGs
[2024-06-26T13:05:48.401+0000] {logging_mixin.py:137} INFO - [2024-06-26T13:05:48.401+0000] {dag.py:3441} INFO - Setting next_dagrun for example_xcom to 2021-01-01T00:00:00+00:00, run_after=2021-01-01T00:00:00+00:00
[2024-06-26T13:05:48.413+0000] {processor.py:175} INFO - Processing /home/airflow/.local/lib/python3.7/site-packages/airflow/example_dags/example_xcom.py took 0.066 seconds
[2024-06-26T13:06:18.989+0000] {processor.py:153} INFO - Started process (PID=530) to work on /home/airflow/.local/lib/python3.7/site-packages/airflow/example_dags/example_xcom.py
[2024-06-26T13:06:18.990+0000] {processor.py:743} INFO - Processing file /home/airflow/.local/lib/python3.7/site-packages/airflow/example_dags/example_xcom.py for tasks to queue
[2024-06-26T13:06:18.990+0000] {logging_mixin.py:137} INFO - [2024-06-26T13:06:18.990+0000] {dagbag.py:538} INFO - Filling up the DagBag from /home/airflow/.local/lib/python3.7/site-packages/airflow/example_dags/example_xcom.py
[2024-06-26T13:06:19.006+0000] {processor.py:753} INFO - DAG(s) dict_keys(['example_xcom']) retrieved from /home/airflow/.local/lib/python3.7/site-packages/airflow/example_dags/example_xcom.py
[2024-06-26T13:06:19.023+0000] {logging_mixin.py:137} INFO - [2024-06-26T13:06:19.022+0000] {dag.py:2690} INFO - Sync 1 DAGs
[2024-06-26T13:06:19.040+0000] {logging_mixin.py:137} INFO - [2024-06-26T13:06:19.039+0000] {dag.py:3441} INFO - Setting next_dagrun for example_xcom to 2021-01-01T00:00:00+00:00, run_after=2021-01-01T00:00:00+00:00
[2024-06-26T13:06:19.052+0000] {processor.py:175} INFO - Processing /home/airflow/.local/lib/python3.7/site-packages/airflow/example_dags/example_xcom.py took 0.065 seconds
[2024-06-26T13:06:50.103+0000] {processor.py:153} INFO - Started process (PID=629) to work on /home/airflow/.local/lib/python3.7/site-packages/airflow/example_dags/example_xcom.py
[2024-06-26T13:06:50.104+0000] {processor.py:743} INFO - Processing file /home/airflow/.local/lib/python3.7/site-packages/airflow/example_dags/example_xcom.py for tasks to queue
[2024-06-26T13:06:50.104+0000] {logging_mixin.py:137} INFO - [2024-06-26T13:06:50.104+0000] {dagbag.py:538} INFO - Filling up the DagBag from /home/airflow/.local/lib/python3.7/site-packages/airflow/example_dags/example_xcom.py
[2024-06-26T13:06:50.123+0000] {processor.py:753} INFO - DAG(s) dict_keys(['example_xcom']) retrieved from /home/airflow/.local/lib/python3.7/site-packages/airflow/example_dags/example_xcom.py
[2024-06-26T13:06:50.143+0000] {logging_mixin.py:137} INFO - [2024-06-26T13:06:50.143+0000] {dag.py:2690} INFO - Sync 1 DAGs
[2024-06-26T13:06:50.165+0000] {logging_mixin.py:137} INFO - [2024-06-26T13:06:50.165+0000] {dag.py:3441} INFO - Setting next_dagrun for example_xcom to 2021-01-01T00:00:00+00:00, run_after=2021-01-01T00:00:00+00:00
[2024-06-26T13:06:50.179+0000] {processor.py:175} INFO - Processing /home/airflow/.local/lib/python3.7/site-packages/airflow/example_dags/example_xcom.py took 0.078 seconds
[2024-06-26T13:07:20.306+0000] {processor.py:153} INFO - Started process (PID=708) to work on /home/airflow/.local/lib/python3.7/site-packages/airflow/example_dags/example_xcom.py
[2024-06-26T13:07:20.307+0000] {processor.py:743} INFO - Processing file /home/airflow/.local/lib/python3.7/site-packages/airflow/example_dags/example_xcom.py for tasks to queue
[2024-06-26T13:07:20.307+0000] {logging_mixin.py:137} INFO - [2024-06-26T13:07:20.307+0000] {dagbag.py:538} INFO - Filling up the DagBag from /home/airflow/.local/lib/python3.7/site-packages/airflow/example_dags/example_xcom.py
[2024-06-26T13:07:20.326+0000] {processor.py:753} INFO - DAG(s) dict_keys(['example_xcom']) retrieved from /home/airflow/.local/lib/python3.7/site-packages/airflow/example_dags/example_xcom.py
[2024-06-26T13:07:20.344+0000] {logging_mixin.py:137} INFO - [2024-06-26T13:07:20.343+0000] {dag.py:2690} INFO - Sync 1 DAGs
[2024-06-26T13:07:20.364+0000] {logging_mixin.py:137} INFO - [2024-06-26T13:07:20.364+0000] {dag.py:3441} INFO - Setting next_dagrun for example_xcom to 2021-01-01T00:00:00+00:00, run_after=2021-01-01T00:00:00+00:00
[2024-06-26T13:07:20.377+0000] {processor.py:175} INFO - Processing /home/airflow/.local/lib/python3.7/site-packages/airflow/example_dags/example_xcom.py took 0.073 seconds
[2024-06-26T13:07:50.488+0000] {processor.py:153} INFO - Started process (PID=807) to work on /home/airflow/.local/lib/python3.7/site-packages/airflow/example_dags/example_xcom.py
[2024-06-26T13:07:50.489+0000] {processor.py:743} INFO - Processing file /home/airflow/.local/lib/python3.7/site-packages/airflow/example_dags/example_xcom.py for tasks to queue
[2024-06-26T13:07:50.489+0000] {logging_mixin.py:137} INFO - [2024-06-26T13:07:50.489+0000] {dagbag.py:538} INFO - Filling up the DagBag from /home/airflow/.local/lib/python3.7/site-packages/airflow/example_dags/example_xcom.py
[2024-06-26T13:07:50.504+0000] {processor.py:753} INFO - DAG(s) dict_keys(['example_xcom']) retrieved from /home/airflow/.local/lib/python3.7/site-packages/airflow/example_dags/example_xcom.py
[2024-06-26T13:07:50.521+0000] {logging_mixin.py:137} INFO - [2024-06-26T13:07:50.521+0000] {dag.py:2690} INFO - Sync 1 DAGs
[2024-06-26T13:07:50.539+0000] {logging_mixin.py:137} INFO - [2024-06-26T13:07:50.539+0000] {dag.py:3441} INFO - Setting next_dagrun for example_xcom to 2021-01-01T00:00:00+00:00, run_after=2021-01-01T00:00:00+00:00
[2024-06-26T13:07:50.553+0000] {processor.py:175} INFO - Processing /home/airflow/.local/lib/python3.7/site-packages/airflow/example_dags/example_xcom.py took 0.067 seconds
[2024-06-26T13:08:20.592+0000] {processor.py:153} INFO - Started process (PID=906) to work on /home/airflow/.local/lib/python3.7/site-packages/airflow/example_dags/example_xcom.py
[2024-06-26T13:08:20.596+0000] {processor.py:743} INFO - Processing file /home/airflow/.local/lib/python3.7/site-packages/airflow/example_dags/example_xcom.py for tasks to queue
[2024-06-26T13:08:20.597+0000] {logging_mixin.py:137} INFO - [2024-06-26T13:08:20.596+0000] {dagbag.py:538} INFO - Filling up the DagBag from /home/airflow/.local/lib/python3.7/site-packages/airflow/example_dags/example_xcom.py
[2024-06-26T13:08:20.644+0000] {processor.py:753} INFO - DAG(s) dict_keys(['example_xcom']) retrieved from /home/airflow/.local/lib/python3.7/site-packages/airflow/example_dags/example_xcom.py
[2024-06-26T13:08:20.682+0000] {logging_mixin.py:137} INFO - [2024-06-26T13:08:20.681+0000] {dag.py:2690} INFO - Sync 1 DAGs
[2024-06-26T13:08:20.713+0000] {logging_mixin.py:137} INFO - [2024-06-26T13:08:20.712+0000] {dag.py:3441} INFO - Setting next_dagrun for example_xcom to 2021-01-01T00:00:00+00:00, run_after=2021-01-01T00:00:00+00:00
[2024-06-26T13:08:20.747+0000] {processor.py:175} INFO - Processing /home/airflow/.local/lib/python3.7/site-packages/airflow/example_dags/example_xcom.py took 0.163 seconds
[2024-06-26T13:08:51.527+0000] {processor.py:153} INFO - Started process (PID=985) to work on /home/airflow/.local/lib/python3.7/site-packages/airflow/example_dags/example_xcom.py
[2024-06-26T13:08:51.528+0000] {processor.py:743} INFO - Processing file /home/airflow/.local/lib/python3.7/site-packages/airflow/example_dags/example_xcom.py for tasks to queue
[2024-06-26T13:08:51.528+0000] {logging_mixin.py:137} INFO - [2024-06-26T13:08:51.528+0000] {dagbag.py:538} INFO - Filling up the DagBag from /home/airflow/.local/lib/python3.7/site-packages/airflow/example_dags/example_xcom.py
[2024-06-26T13:08:51.546+0000] {processor.py:753} INFO - DAG(s) dict_keys(['example_xcom']) retrieved from /home/airflow/.local/lib/python3.7/site-packages/airflow/example_dags/example_xcom.py
[2024-06-26T13:08:51.565+0000] {logging_mixin.py:137} INFO - [2024-06-26T13:08:51.564+0000] {dag.py:2690} INFO - Sync 1 DAGs
[2024-06-26T13:08:51.583+0000] {logging_mixin.py:137} INFO - [2024-06-26T13:08:51.583+0000] {dag.py:3441} INFO - Setting next_dagrun for example_xcom to 2021-01-01T00:00:00+00:00, run_after=2021-01-01T00:00:00+00:00
[2024-06-26T13:08:51.596+0000] {processor.py:175} INFO - Processing /home/airflow/.local/lib/python3.7/site-packages/airflow/example_dags/example_xcom.py took 0.071 seconds
[2024-06-26T13:09:22.385+0000] {processor.py:153} INFO - Started process (PID=1084) to work on /home/airflow/.local/lib/python3.7/site-packages/airflow/example_dags/example_xcom.py
[2024-06-26T13:09:22.386+0000] {processor.py:743} INFO - Processing file /home/airflow/.local/lib/python3.7/site-packages/airflow/example_dags/example_xcom.py for tasks to queue
[2024-06-26T13:09:22.386+0000] {logging_mixin.py:137} INFO - [2024-06-26T13:09:22.386+0000] {dagbag.py:538} INFO - Filling up the DagBag from /home/airflow/.local/lib/python3.7/site-packages/airflow/example_dags/example_xcom.py
[2024-06-26T13:09:22.403+0000] {processor.py:753} INFO - DAG(s) dict_keys(['example_xcom']) retrieved from /home/airflow/.local/lib/python3.7/site-packages/airflow/example_dags/example_xcom.py
[2024-06-26T13:09:22.422+0000] {logging_mixin.py:137} INFO - [2024-06-26T13:09:22.422+0000] {dag.py:2690} INFO - Sync 1 DAGs
[2024-06-26T13:09:22.449+0000] {logging_mixin.py:137} INFO - [2024-06-26T13:09:22.449+0000] {dag.py:3441} INFO - Setting next_dagrun for example_xcom to 2021-01-01T00:00:00+00:00, run_after=2021-01-01T00:00:00+00:00
[2024-06-26T13:09:22.465+0000] {processor.py:175} INFO - Processing /home/airflow/.local/lib/python3.7/site-packages/airflow/example_dags/example_xcom.py took 0.082 seconds
[2024-06-26T13:09:53.148+0000] {processor.py:153} INFO - Started process (PID=1163) to work on /home/airflow/.local/lib/python3.7/site-packages/airflow/example_dags/example_xcom.py
[2024-06-26T13:09:53.148+0000] {processor.py:743} INFO - Processing file /home/airflow/.local/lib/python3.7/site-packages/airflow/example_dags/example_xcom.py for tasks to queue
[2024-06-26T13:09:53.149+0000] {logging_mixin.py:137} INFO - [2024-06-26T13:09:53.149+0000] {dagbag.py:538} INFO - Filling up the DagBag from /home/airflow/.local/lib/python3.7/site-packages/airflow/example_dags/example_xcom.py
[2024-06-26T13:09:53.164+0000] {processor.py:753} INFO - DAG(s) dict_keys(['example_xcom']) retrieved from /home/airflow/.local/lib/python3.7/site-packages/airflow/example_dags/example_xcom.py
[2024-06-26T13:09:53.180+0000] {logging_mixin.py:137} INFO - [2024-06-26T13:09:53.180+0000] {dag.py:2690} INFO - Sync 1 DAGs
[2024-06-26T13:09:53.196+0000] {logging_mixin.py:137} INFO - [2024-06-26T13:09:53.196+0000] {dag.py:3441} INFO - Setting next_dagrun for example_xcom to 2021-01-01T00:00:00+00:00, run_after=2021-01-01T00:00:00+00:00
[2024-06-26T13:09:53.207+0000] {processor.py:175} INFO - Processing /home/airflow/.local/lib/python3.7/site-packages/airflow/example_dags/example_xcom.py took 0.061 seconds
[2024-06-26T13:10:23.985+0000] {processor.py:153} INFO - Started process (PID=1262) to work on /home/airflow/.local/lib/python3.7/site-packages/airflow/example_dags/example_xcom.py
[2024-06-26T13:10:23.986+0000] {processor.py:743} INFO - Processing file /home/airflow/.local/lib/python3.7/site-packages/airflow/example_dags/example_xcom.py for tasks to queue
[2024-06-26T13:10:23.986+0000] {logging_mixin.py:137} INFO - [2024-06-26T13:10:23.986+0000] {dagbag.py:538} INFO - Filling up the DagBag from /home/airflow/.local/lib/python3.7/site-packages/airflow/example_dags/example_xcom.py
[2024-06-26T13:10:24.002+0000] {processor.py:753} INFO - DAG(s) dict_keys(['example_xcom']) retrieved from /home/airflow/.local/lib/python3.7/site-packages/airflow/example_dags/example_xcom.py
[2024-06-26T13:10:24.019+0000] {logging_mixin.py:137} INFO - [2024-06-26T13:10:24.018+0000] {dag.py:2690} INFO - Sync 1 DAGs
[2024-06-26T13:10:24.036+0000] {logging_mixin.py:137} INFO - [2024-06-26T13:10:24.036+0000] {dag.py:3441} INFO - Setting next_dagrun for example_xcom to 2021-01-01T00:00:00+00:00, run_after=2021-01-01T00:00:00+00:00
[2024-06-26T13:10:24.049+0000] {processor.py:175} INFO - Processing /home/airflow/.local/lib/python3.7/site-packages/airflow/example_dags/example_xcom.py took 0.065 seconds
[2024-06-26T13:10:54.974+0000] {processor.py:153} INFO - Started process (PID=1361) to work on /home/airflow/.local/lib/python3.7/site-packages/airflow/example_dags/example_xcom.py
[2024-06-26T13:10:54.974+0000] {processor.py:743} INFO - Processing file /home/airflow/.local/lib/python3.7/site-packages/airflow/example_dags/example_xcom.py for tasks to queue
[2024-06-26T13:10:54.975+0000] {logging_mixin.py:137} INFO - [2024-06-26T13:10:54.975+0000] {dagbag.py:538} INFO - Filling up the DagBag from /home/airflow/.local/lib/python3.7/site-packages/airflow/example_dags/example_xcom.py
[2024-06-26T13:10:54.992+0000] {processor.py:753} INFO - DAG(s) dict_keys(['example_xcom']) retrieved from /home/airflow/.local/lib/python3.7/site-packages/airflow/example_dags/example_xcom.py
[2024-06-26T13:10:55.015+0000] {logging_mixin.py:137} INFO - [2024-06-26T13:10:55.015+0000] {dag.py:2690} INFO - Sync 1 DAGs
[2024-06-26T13:10:55.044+0000] {logging_mixin.py:137} INFO - [2024-06-26T13:10:55.044+0000] {dag.py:3441} INFO - Setting next_dagrun for example_xcom to 2021-01-01T00:00:00+00:00, run_after=2021-01-01T00:00:00+00:00
[2024-06-26T13:10:55.058+0000] {processor.py:175} INFO - Processing /home/airflow/.local/lib/python3.7/site-packages/airflow/example_dags/example_xcom.py took 0.087 seconds
[2024-06-26T13:11:25.735+0000] {processor.py:153} INFO - Started process (PID=1440) to work on /home/airflow/.local/lib/python3.7/site-packages/airflow/example_dags/example_xcom.py
[2024-06-26T13:11:25.735+0000] {processor.py:743} INFO - Processing file /home/airflow/.local/lib/python3.7/site-packages/airflow/example_dags/example_xcom.py for tasks to queue
[2024-06-26T13:11:25.736+0000] {logging_mixin.py:137} INFO - [2024-06-26T13:11:25.736+0000] {dagbag.py:538} INFO - Filling up the DagBag from /home/airflow/.local/lib/python3.7/site-packages/airflow/example_dags/example_xcom.py
[2024-06-26T13:11:25.751+0000] {processor.py:753} INFO - DAG(s) dict_keys(['example_xcom']) retrieved from /home/airflow/.local/lib/python3.7/site-packages/airflow/example_dags/example_xcom.py
[2024-06-26T13:11:25.767+0000] {logging_mixin.py:137} INFO - [2024-06-26T13:11:25.767+0000] {dag.py:2690} INFO - Sync 1 DAGs
[2024-06-26T13:11:25.785+0000] {logging_mixin.py:137} INFO - [2024-06-26T13:11:25.785+0000] {dag.py:3441} INFO - Setting next_dagrun for example_xcom to 2021-01-01T00:00:00+00:00, run_after=2021-01-01T00:00:00+00:00
[2024-06-26T13:11:25.797+0000] {processor.py:175} INFO - Processing /home/airflow/.local/lib/python3.7/site-packages/airflow/example_dags/example_xcom.py took 0.064 seconds
[2024-06-26T13:11:56.532+0000] {processor.py:153} INFO - Started process (PID=1539) to work on /home/airflow/.local/lib/python3.7/site-packages/airflow/example_dags/example_xcom.py
[2024-06-26T13:11:56.533+0000] {processor.py:743} INFO - Processing file /home/airflow/.local/lib/python3.7/site-packages/airflow/example_dags/example_xcom.py for tasks to queue
[2024-06-26T13:11:56.533+0000] {logging_mixin.py:137} INFO - [2024-06-26T13:11:56.533+0000] {dagbag.py:538} INFO - Filling up the DagBag from /home/airflow/.local/lib/python3.7/site-packages/airflow/example_dags/example_xcom.py
[2024-06-26T13:11:56.549+0000] {processor.py:753} INFO - DAG(s) dict_keys(['example_xcom']) retrieved from /home/airflow/.local/lib/python3.7/site-packages/airflow/example_dags/example_xcom.py
[2024-06-26T13:11:56.566+0000] {logging_mixin.py:137} INFO - [2024-06-26T13:11:56.566+0000] {dag.py:2690} INFO - Sync 1 DAGs
[2024-06-26T13:11:56.583+0000] {logging_mixin.py:137} INFO - [2024-06-26T13:11:56.583+0000] {dag.py:3441} INFO - Setting next_dagrun for example_xcom to 2021-01-01T00:00:00+00:00, run_after=2021-01-01T00:00:00+00:00
[2024-06-26T13:11:56.595+0000] {processor.py:175} INFO - Processing /home/airflow/.local/lib/python3.7/site-packages/airflow/example_dags/example_xcom.py took 0.065 seconds
[2024-06-26T13:12:27.329+0000] {processor.py:153} INFO - Started process (PID=1618) to work on /home/airflow/.local/lib/python3.7/site-packages/airflow/example_dags/example_xcom.py
[2024-06-26T13:12:27.330+0000] {processor.py:743} INFO - Processing file /home/airflow/.local/lib/python3.7/site-packages/airflow/example_dags/example_xcom.py for tasks to queue
[2024-06-26T13:12:27.330+0000] {logging_mixin.py:137} INFO - [2024-06-26T13:12:27.330+0000] {dagbag.py:538} INFO - Filling up the DagBag from /home/airflow/.local/lib/python3.7/site-packages/airflow/example_dags/example_xcom.py
[2024-06-26T13:12:27.345+0000] {processor.py:753} INFO - DAG(s) dict_keys(['example_xcom']) retrieved from /home/airflow/.local/lib/python3.7/site-packages/airflow/example_dags/example_xcom.py
[2024-06-26T13:12:27.361+0000] {logging_mixin.py:137} INFO - [2024-06-26T13:12:27.361+0000] {dag.py:2690} INFO - Sync 1 DAGs
[2024-06-26T13:12:27.378+0000] {logging_mixin.py:137} INFO - [2024-06-26T13:12:27.378+0000] {dag.py:3441} INFO - Setting next_dagrun for example_xcom to 2021-01-01T00:00:00+00:00, run_after=2021-01-01T00:00:00+00:00
[2024-06-26T13:12:27.389+0000] {processor.py:175} INFO - Processing /home/airflow/.local/lib/python3.7/site-packages/airflow/example_dags/example_xcom.py took 0.061 seconds
[2024-06-26T13:12:58.103+0000] {processor.py:153} INFO - Started process (PID=1717) to work on /home/airflow/.local/lib/python3.7/site-packages/airflow/example_dags/example_xcom.py
[2024-06-26T13:12:58.103+0000] {processor.py:743} INFO - Processing file /home/airflow/.local/lib/python3.7/site-packages/airflow/example_dags/example_xcom.py for tasks to queue
[2024-06-26T13:12:58.104+0000] {logging_mixin.py:137} INFO - [2024-06-26T13:12:58.103+0000] {dagbag.py:538} INFO - Filling up the DagBag from /home/airflow/.local/lib/python3.7/site-packages/airflow/example_dags/example_xcom.py
[2024-06-26T13:12:58.119+0000] {processor.py:753} INFO - DAG(s) dict_keys(['example_xcom']) retrieved from /home/airflow/.local/lib/python3.7/site-packages/airflow/example_dags/example_xcom.py
[2024-06-26T13:12:58.135+0000] {logging_mixin.py:137} INFO - [2024-06-26T13:12:58.135+0000] {dag.py:2690} INFO - Sync 1 DAGs
[2024-06-26T13:12:58.153+0000] {logging_mixin.py:137} INFO - [2024-06-26T13:12:58.153+0000] {dag.py:3441} INFO - Setting next_dagrun for example_xcom to 2021-01-01T00:00:00+00:00, run_after=2021-01-01T00:00:00+00:00
[2024-06-26T13:12:58.166+0000] {processor.py:175} INFO - Processing /home/airflow/.local/lib/python3.7/site-packages/airflow/example_dags/example_xcom.py took 0.065 seconds
[2024-06-26T13:13:29.077+0000] {processor.py:153} INFO - Started process (PID=1816) to work on /home/airflow/.local/lib/python3.7/site-packages/airflow/example_dags/example_xcom.py
[2024-06-26T13:13:29.077+0000] {processor.py:743} INFO - Processing file /home/airflow/.local/lib/python3.7/site-packages/airflow/example_dags/example_xcom.py for tasks to queue
[2024-06-26T13:13:29.077+0000] {logging_mixin.py:137} INFO - [2024-06-26T13:13:29.077+0000] {dagbag.py:538} INFO - Filling up the DagBag from /home/airflow/.local/lib/python3.7/site-packages/airflow/example_dags/example_xcom.py
[2024-06-26T13:13:29.093+0000] {processor.py:753} INFO - DAG(s) dict_keys(['example_xcom']) retrieved from /home/airflow/.local/lib/python3.7/site-packages/airflow/example_dags/example_xcom.py
[2024-06-26T13:13:29.110+0000] {logging_mixin.py:137} INFO - [2024-06-26T13:13:29.110+0000] {dag.py:2690} INFO - Sync 1 DAGs
[2024-06-26T13:13:29.127+0000] {logging_mixin.py:137} INFO - [2024-06-26T13:13:29.127+0000] {dag.py:3441} INFO - Setting next_dagrun for example_xcom to 2021-01-01T00:00:00+00:00, run_after=2021-01-01T00:00:00+00:00
[2024-06-26T13:13:29.140+0000] {processor.py:175} INFO - Processing /home/airflow/.local/lib/python3.7/site-packages/airflow/example_dags/example_xcom.py took 0.065 seconds
[2024-06-26T13:13:59.828+0000] {processor.py:153} INFO - Started process (PID=1895) to work on /home/airflow/.local/lib/python3.7/site-packages/airflow/example_dags/example_xcom.py
[2024-06-26T13:13:59.828+0000] {processor.py:743} INFO - Processing file /home/airflow/.local/lib/python3.7/site-packages/airflow/example_dags/example_xcom.py for tasks to queue
[2024-06-26T13:13:59.828+0000] {logging_mixin.py:137} INFO - [2024-06-26T13:13:59.828+0000] {dagbag.py:538} INFO - Filling up the DagBag from /home/airflow/.local/lib/python3.7/site-packages/airflow/example_dags/example_xcom.py
[2024-06-26T13:13:59.844+0000] {processor.py:753} INFO - DAG(s) dict_keys(['example_xcom']) retrieved from /home/airflow/.local/lib/python3.7/site-packages/airflow/example_dags/example_xcom.py
[2024-06-26T13:13:59.861+0000] {logging_mixin.py:137} INFO - [2024-06-26T13:13:59.861+0000] {dag.py:2690} INFO - Sync 1 DAGs
[2024-06-26T13:13:59.878+0000] {logging_mixin.py:137} INFO - [2024-06-26T13:13:59.878+0000] {dag.py:3441} INFO - Setting next_dagrun for example_xcom to 2021-01-01T00:00:00+00:00, run_after=2021-01-01T00:00:00+00:00
[2024-06-26T13:13:59.890+0000] {processor.py:175} INFO - Processing /home/airflow/.local/lib/python3.7/site-packages/airflow/example_dags/example_xcom.py took 0.064 seconds
[2024-06-26T13:14:30.566+0000] {processor.py:153} INFO - Started process (PID=1994) to work on /home/airflow/.local/lib/python3.7/site-packages/airflow/example_dags/example_xcom.py
[2024-06-26T13:14:30.566+0000] {processor.py:743} INFO - Processing file /home/airflow/.local/lib/python3.7/site-packages/airflow/example_dags/example_xcom.py for tasks to queue
[2024-06-26T13:14:30.566+0000] {logging_mixin.py:137} INFO - [2024-06-26T13:14:30.566+0000] {dagbag.py:538} INFO - Filling up the DagBag from /home/airflow/.local/lib/python3.7/site-packages/airflow/example_dags/example_xcom.py
[2024-06-26T13:14:30.582+0000] {processor.py:753} INFO - DAG(s) dict_keys(['example_xcom']) retrieved from /home/airflow/.local/lib/python3.7/site-packages/airflow/example_dags/example_xcom.py
[2024-06-26T13:14:30.598+0000] {logging_mixin.py:137} INFO - [2024-06-26T13:14:30.597+0000] {dag.py:2690} INFO - Sync 1 DAGs
[2024-06-26T13:14:30.614+0000] {logging_mixin.py:137} INFO - [2024-06-26T13:14:30.614+0000] {dag.py:3441} INFO - Setting next_dagrun for example_xcom to 2021-01-01T00:00:00+00:00, run_after=2021-01-01T00:00:00+00:00
[2024-06-26T13:14:30.626+0000] {processor.py:175} INFO - Processing /home/airflow/.local/lib/python3.7/site-packages/airflow/example_dags/example_xcom.py took 0.062 seconds
[2024-06-26T13:15:01.504+0000] {processor.py:153} INFO - Started process (PID=2093) to work on /home/airflow/.local/lib/python3.7/site-packages/airflow/example_dags/example_xcom.py
[2024-06-26T13:15:01.504+0000] {processor.py:743} INFO - Processing file /home/airflow/.local/lib/python3.7/site-packages/airflow/example_dags/example_xcom.py for tasks to queue
[2024-06-26T13:15:01.505+0000] {logging_mixin.py:137} INFO - [2024-06-26T13:15:01.505+0000] {dagbag.py:538} INFO - Filling up the DagBag from /home/airflow/.local/lib/python3.7/site-packages/airflow/example_dags/example_xcom.py
[2024-06-26T13:15:01.521+0000] {processor.py:753} INFO - DAG(s) dict_keys(['example_xcom']) retrieved from /home/airflow/.local/lib/python3.7/site-packages/airflow/example_dags/example_xcom.py
[2024-06-26T13:15:01.539+0000] {logging_mixin.py:137} INFO - [2024-06-26T13:15:01.539+0000] {dag.py:2690} INFO - Sync 1 DAGs
[2024-06-26T13:15:01.559+0000] {logging_mixin.py:137} INFO - [2024-06-26T13:15:01.559+0000] {dag.py:3441} INFO - Setting next_dagrun for example_xcom to 2021-01-01T00:00:00+00:00, run_after=2021-01-01T00:00:00+00:00
[2024-06-26T13:15:01.574+0000] {processor.py:175} INFO - Processing /home/airflow/.local/lib/python3.7/site-packages/airflow/example_dags/example_xcom.py took 0.072 seconds
[2024-06-26T13:15:32.298+0000] {processor.py:153} INFO - Started process (PID=2172) to work on /home/airflow/.local/lib/python3.7/site-packages/airflow/example_dags/example_xcom.py
[2024-06-26T13:15:32.299+0000] {processor.py:743} INFO - Processing file /home/airflow/.local/lib/python3.7/site-packages/airflow/example_dags/example_xcom.py for tasks to queue
[2024-06-26T13:15:32.299+0000] {logging_mixin.py:137} INFO - [2024-06-26T13:15:32.299+0000] {dagbag.py:538} INFO - Filling up the DagBag from /home/airflow/.local/lib/python3.7/site-packages/airflow/example_dags/example_xcom.py
[2024-06-26T13:15:32.315+0000] {processor.py:753} INFO - DAG(s) dict_keys(['example_xcom']) retrieved from /home/airflow/.local/lib/python3.7/site-packages/airflow/example_dags/example_xcom.py
[2024-06-26T13:15:32.331+0000] {logging_mixin.py:137} INFO - [2024-06-26T13:15:32.331+0000] {dag.py:2690} INFO - Sync 1 DAGs
[2024-06-26T13:15:32.348+0000] {logging_mixin.py:137} INFO - [2024-06-26T13:15:32.347+0000] {dag.py:3441} INFO - Setting next_dagrun for example_xcom to 2021-01-01T00:00:00+00:00, run_after=2021-01-01T00:00:00+00:00
[2024-06-26T13:15:32.360+0000] {processor.py:175} INFO - Processing /home/airflow/.local/lib/python3.7/site-packages/airflow/example_dags/example_xcom.py took 0.063 seconds
[2024-06-26T13:16:03.162+0000] {processor.py:153} INFO - Started process (PID=2271) to work on /home/airflow/.local/lib/python3.7/site-packages/airflow/example_dags/example_xcom.py
[2024-06-26T13:16:03.162+0000] {processor.py:743} INFO - Processing file /home/airflow/.local/lib/python3.7/site-packages/airflow/example_dags/example_xcom.py for tasks to queue
[2024-06-26T13:16:03.163+0000] {logging_mixin.py:137} INFO - [2024-06-26T13:16:03.163+0000] {dagbag.py:538} INFO - Filling up the DagBag from /home/airflow/.local/lib/python3.7/site-packages/airflow/example_dags/example_xcom.py
[2024-06-26T13:16:03.179+0000] {processor.py:753} INFO - DAG(s) dict_keys(['example_xcom']) retrieved from /home/airflow/.local/lib/python3.7/site-packages/airflow/example_dags/example_xcom.py
[2024-06-26T13:16:03.194+0000] {logging_mixin.py:137} INFO - [2024-06-26T13:16:03.194+0000] {dag.py:2690} INFO - Sync 1 DAGs
[2024-06-26T13:16:03.211+0000] {logging_mixin.py:137} INFO - [2024-06-26T13:16:03.211+0000] {dag.py:3441} INFO - Setting next_dagrun for example_xcom to 2021-01-01T00:00:00+00:00, run_after=2021-01-01T00:00:00+00:00
[2024-06-26T13:16:03.223+0000] {processor.py:175} INFO - Processing /home/airflow/.local/lib/python3.7/site-packages/airflow/example_dags/example_xcom.py took 0.063 seconds
[2024-06-26T13:16:33.915+0000] {processor.py:153} INFO - Started process (PID=2350) to work on /home/airflow/.local/lib/python3.7/site-packages/airflow/example_dags/example_xcom.py
[2024-06-26T13:16:33.915+0000] {processor.py:743} INFO - Processing file /home/airflow/.local/lib/python3.7/site-packages/airflow/example_dags/example_xcom.py for tasks to queue
[2024-06-26T13:16:33.916+0000] {logging_mixin.py:137} INFO - [2024-06-26T13:16:33.916+0000] {dagbag.py:538} INFO - Filling up the DagBag from /home/airflow/.local/lib/python3.7/site-packages/airflow/example_dags/example_xcom.py
[2024-06-26T13:16:33.932+0000] {processor.py:753} INFO - DAG(s) dict_keys(['example_xcom']) retrieved from /home/airflow/.local/lib/python3.7/site-packages/airflow/example_dags/example_xcom.py
[2024-06-26T13:16:33.949+0000] {logging_mixin.py:137} INFO - [2024-06-26T13:16:33.948+0000] {dag.py:2690} INFO - Sync 1 DAGs
[2024-06-26T13:16:33.966+0000] {logging_mixin.py:137} INFO - [2024-06-26T13:16:33.966+0000] {dag.py:3441} INFO - Setting next_dagrun for example_xcom to 2021-01-01T00:00:00+00:00, run_after=2021-01-01T00:00:00+00:00
[2024-06-26T13:16:33.979+0000] {processor.py:175} INFO - Processing /home/airflow/.local/lib/python3.7/site-packages/airflow/example_dags/example_xcom.py took 0.066 seconds
[2024-06-26T13:17:04.860+0000] {processor.py:153} INFO - Started process (PID=2449) to work on /home/airflow/.local/lib/python3.7/site-packages/airflow/example_dags/example_xcom.py
[2024-06-26T13:17:04.860+0000] {processor.py:743} INFO - Processing file /home/airflow/.local/lib/python3.7/site-packages/airflow/example_dags/example_xcom.py for tasks to queue
[2024-06-26T13:17:04.861+0000] {logging_mixin.py:137} INFO - [2024-06-26T13:17:04.861+0000] {dagbag.py:538} INFO - Filling up the DagBag from /home/airflow/.local/lib/python3.7/site-packages/airflow/example_dags/example_xcom.py
[2024-06-26T13:17:04.877+0000] {processor.py:753} INFO - DAG(s) dict_keys(['example_xcom']) retrieved from /home/airflow/.local/lib/python3.7/site-packages/airflow/example_dags/example_xcom.py
[2024-06-26T13:17:04.895+0000] {logging_mixin.py:137} INFO - [2024-06-26T13:17:04.894+0000] {dag.py:2690} INFO - Sync 1 DAGs
[2024-06-26T13:17:04.914+0000] {logging_mixin.py:137} INFO - [2024-06-26T13:17:04.914+0000] {dag.py:3441} INFO - Setting next_dagrun for example_xcom to 2021-01-01T00:00:00+00:00, run_after=2021-01-01T00:00:00+00:00
[2024-06-26T13:17:04.932+0000] {processor.py:175} INFO - Processing /home/airflow/.local/lib/python3.7/site-packages/airflow/example_dags/example_xcom.py took 0.074 seconds
[2024-06-26T13:17:35.869+0000] {processor.py:153} INFO - Started process (PID=2548) to work on /home/airflow/.local/lib/python3.7/site-packages/airflow/example_dags/example_xcom.py
[2024-06-26T13:17:35.869+0000] {processor.py:743} INFO - Processing file /home/airflow/.local/lib/python3.7/site-packages/airflow/example_dags/example_xcom.py for tasks to queue
[2024-06-26T13:17:35.870+0000] {logging_mixin.py:137} INFO - [2024-06-26T13:17:35.870+0000] {dagbag.py:538} INFO - Filling up the DagBag from /home/airflow/.local/lib/python3.7/site-packages/airflow/example_dags/example_xcom.py
[2024-06-26T13:17:35.885+0000] {processor.py:753} INFO - DAG(s) dict_keys(['example_xcom']) retrieved from /home/airflow/.local/lib/python3.7/site-packages/airflow/example_dags/example_xcom.py
[2024-06-26T13:17:35.902+0000] {logging_mixin.py:137} INFO - [2024-06-26T13:17:35.902+0000] {dag.py:2690} INFO - Sync 1 DAGs
[2024-06-26T13:17:35.919+0000] {logging_mixin.py:137} INFO - [2024-06-26T13:17:35.919+0000] {dag.py:3441} INFO - Setting next_dagrun for example_xcom to 2021-01-01T00:00:00+00:00, run_after=2021-01-01T00:00:00+00:00
[2024-06-26T13:17:35.931+0000] {processor.py:175} INFO - Processing /home/airflow/.local/lib/python3.7/site-packages/airflow/example_dags/example_xcom.py took 0.064 seconds
[2024-06-26T13:18:06.666+0000] {processor.py:153} INFO - Started process (PID=2627) to work on /home/airflow/.local/lib/python3.7/site-packages/airflow/example_dags/example_xcom.py
[2024-06-26T13:18:06.666+0000] {processor.py:743} INFO - Processing file /home/airflow/.local/lib/python3.7/site-packages/airflow/example_dags/example_xcom.py for tasks to queue
[2024-06-26T13:18:06.667+0000] {logging_mixin.py:137} INFO - [2024-06-26T13:18:06.667+0000] {dagbag.py:538} INFO - Filling up the DagBag from /home/airflow/.local/lib/python3.7/site-packages/airflow/example_dags/example_xcom.py
[2024-06-26T13:18:06.683+0000] {processor.py:753} INFO - DAG(s) dict_keys(['example_xcom']) retrieved from /home/airflow/.local/lib/python3.7/site-packages/airflow/example_dags/example_xcom.py
[2024-06-26T13:18:06.700+0000] {logging_mixin.py:137} INFO - [2024-06-26T13:18:06.700+0000] {dag.py:2690} INFO - Sync 1 DAGs
[2024-06-26T13:18:06.718+0000] {logging_mixin.py:137} INFO - [2024-06-26T13:18:06.718+0000] {dag.py:3441} INFO - Setting next_dagrun for example_xcom to 2021-01-01T00:00:00+00:00, run_after=2021-01-01T00:00:00+00:00
[2024-06-26T13:18:06.731+0000] {processor.py:175} INFO - Processing /home/airflow/.local/lib/python3.7/site-packages/airflow/example_dags/example_xcom.py took 0.067 seconds
[2024-06-26T13:18:37.472+0000] {processor.py:153} INFO - Started process (PID=2726) to work on /home/airflow/.local/lib/python3.7/site-packages/airflow/example_dags/example_xcom.py
[2024-06-26T13:18:37.473+0000] {processor.py:743} INFO - Processing file /home/airflow/.local/lib/python3.7/site-packages/airflow/example_dags/example_xcom.py for tasks to queue
[2024-06-26T13:18:37.473+0000] {logging_mixin.py:137} INFO - [2024-06-26T13:18:37.473+0000] {dagbag.py:538} INFO - Filling up the DagBag from /home/airflow/.local/lib/python3.7/site-packages/airflow/example_dags/example_xcom.py
[2024-06-26T13:18:37.488+0000] {processor.py:753} INFO - DAG(s) dict_keys(['example_xcom']) retrieved from /home/airflow/.local/lib/python3.7/site-packages/airflow/example_dags/example_xcom.py
[2024-06-26T13:18:37.505+0000] {logging_mixin.py:137} INFO - [2024-06-26T13:18:37.505+0000] {dag.py:2690} INFO - Sync 1 DAGs
[2024-06-26T13:18:37.522+0000] {logging_mixin.py:137} INFO - [2024-06-26T13:18:37.522+0000] {dag.py:3441} INFO - Setting next_dagrun for example_xcom to 2021-01-01T00:00:00+00:00, run_after=2021-01-01T00:00:00+00:00
[2024-06-26T13:18:37.535+0000] {processor.py:175} INFO - Processing /home/airflow/.local/lib/python3.7/site-packages/airflow/example_dags/example_xcom.py took 0.064 seconds
[2024-06-26T13:19:08.352+0000] {processor.py:153} INFO - Started process (PID=2825) to work on /home/airflow/.local/lib/python3.7/site-packages/airflow/example_dags/example_xcom.py
[2024-06-26T13:19:08.353+0000] {processor.py:743} INFO - Processing file /home/airflow/.local/lib/python3.7/site-packages/airflow/example_dags/example_xcom.py for tasks to queue
[2024-06-26T13:19:08.353+0000] {logging_mixin.py:137} INFO - [2024-06-26T13:19:08.353+0000] {dagbag.py:538} INFO - Filling up the DagBag from /home/airflow/.local/lib/python3.7/site-packages/airflow/example_dags/example_xcom.py
[2024-06-26T13:19:08.369+0000] {processor.py:753} INFO - DAG(s) dict_keys(['example_xcom']) retrieved from /home/airflow/.local/lib/python3.7/site-packages/airflow/example_dags/example_xcom.py
[2024-06-26T13:19:08.386+0000] {logging_mixin.py:137} INFO - [2024-06-26T13:19:08.386+0000] {dag.py:2690} INFO - Sync 1 DAGs
[2024-06-26T13:19:08.403+0000] {logging_mixin.py:137} INFO - [2024-06-26T13:19:08.403+0000] {dag.py:3441} INFO - Setting next_dagrun for example_xcom to 2021-01-01T00:00:00+00:00, run_after=2021-01-01T00:00:00+00:00
[2024-06-26T13:19:08.416+0000] {processor.py:175} INFO - Processing /home/airflow/.local/lib/python3.7/site-packages/airflow/example_dags/example_xcom.py took 0.066 seconds
[2024-06-26T13:19:39.004+0000] {processor.py:153} INFO - Started process (PID=2904) to work on /home/airflow/.local/lib/python3.7/site-packages/airflow/example_dags/example_xcom.py
[2024-06-26T13:19:39.005+0000] {processor.py:743} INFO - Processing file /home/airflow/.local/lib/python3.7/site-packages/airflow/example_dags/example_xcom.py for tasks to queue
[2024-06-26T13:19:39.005+0000] {logging_mixin.py:137} INFO - [2024-06-26T13:19:39.005+0000] {dagbag.py:538} INFO - Filling up the DagBag from /home/airflow/.local/lib/python3.7/site-packages/airflow/example_dags/example_xcom.py
[2024-06-26T13:19:39.022+0000] {processor.py:753} INFO - DAG(s) dict_keys(['example_xcom']) retrieved from /home/airflow/.local/lib/python3.7/site-packages/airflow/example_dags/example_xcom.py
[2024-06-26T13:19:39.039+0000] {logging_mixin.py:137} INFO - [2024-06-26T13:19:39.039+0000] {dag.py:2690} INFO - Sync 1 DAGs
[2024-06-26T13:19:39.056+0000] {logging_mixin.py:137} INFO - [2024-06-26T13:19:39.056+0000] {dag.py:3441} INFO - Setting next_dagrun for example_xcom to 2021-01-01T00:00:00+00:00, run_after=2021-01-01T00:00:00+00:00
[2024-06-26T13:19:39.068+0000] {processor.py:175} INFO - Processing /home/airflow/.local/lib/python3.7/site-packages/airflow/example_dags/example_xcom.py took 0.066 seconds
[2024-06-26T13:20:09.966+0000] {processor.py:153} INFO - Started process (PID=3003) to work on /home/airflow/.local/lib/python3.7/site-packages/airflow/example_dags/example_xcom.py
[2024-06-26T13:20:09.967+0000] {processor.py:743} INFO - Processing file /home/airflow/.local/lib/python3.7/site-packages/airflow/example_dags/example_xcom.py for tasks to queue
[2024-06-26T13:20:09.967+0000] {logging_mixin.py:137} INFO - [2024-06-26T13:20:09.967+0000] {dagbag.py:538} INFO - Filling up the DagBag from /home/airflow/.local/lib/python3.7/site-packages/airflow/example_dags/example_xcom.py
[2024-06-26T13:20:09.983+0000] {processor.py:753} INFO - DAG(s) dict_keys(['example_xcom']) retrieved from /home/airflow/.local/lib/python3.7/site-packages/airflow/example_dags/example_xcom.py
[2024-06-26T13:20:10.000+0000] {logging_mixin.py:137} INFO - [2024-06-26T13:20:10.000+0000] {dag.py:2690} INFO - Sync 1 DAGs
[2024-06-26T13:20:10.017+0000] {logging_mixin.py:137} INFO - [2024-06-26T13:20:10.017+0000] {dag.py:3441} INFO - Setting next_dagrun for example_xcom to 2021-01-01T00:00:00+00:00, run_after=2021-01-01T00:00:00+00:00
[2024-06-26T13:20:10.030+0000] {processor.py:175} INFO - Processing /home/airflow/.local/lib/python3.7/site-packages/airflow/example_dags/example_xcom.py took 0.066 seconds
[2024-06-26T13:20:40.673+0000] {processor.py:153} INFO - Started process (PID=3089) to work on /home/airflow/.local/lib/python3.7/site-packages/airflow/example_dags/example_xcom.py
[2024-06-26T13:20:40.674+0000] {processor.py:743} INFO - Processing file /home/airflow/.local/lib/python3.7/site-packages/airflow/example_dags/example_xcom.py for tasks to queue
[2024-06-26T13:20:40.674+0000] {logging_mixin.py:137} INFO - [2024-06-26T13:20:40.674+0000] {dagbag.py:538} INFO - Filling up the DagBag from /home/airflow/.local/lib/python3.7/site-packages/airflow/example_dags/example_xcom.py
[2024-06-26T13:20:40.692+0000] {processor.py:753} INFO - DAG(s) dict_keys(['example_xcom']) retrieved from /home/airflow/.local/lib/python3.7/site-packages/airflow/example_dags/example_xcom.py
[2024-06-26T13:20:40.710+0000] {logging_mixin.py:137} INFO - [2024-06-26T13:20:40.710+0000] {dag.py:2690} INFO - Sync 1 DAGs
[2024-06-26T13:20:40.729+0000] {logging_mixin.py:137} INFO - [2024-06-26T13:20:40.729+0000] {dag.py:3441} INFO - Setting next_dagrun for example_xcom to 2021-01-01T00:00:00+00:00, run_after=2021-01-01T00:00:00+00:00
[2024-06-26T13:20:40.742+0000] {processor.py:175} INFO - Processing /home/airflow/.local/lib/python3.7/site-packages/airflow/example_dags/example_xcom.py took 0.071 seconds
[2024-06-26T13:21:11.501+0000] {processor.py:153} INFO - Started process (PID=3181) to work on /home/airflow/.local/lib/python3.7/site-packages/airflow/example_dags/example_xcom.py
[2024-06-26T13:21:11.502+0000] {processor.py:743} INFO - Processing file /home/airflow/.local/lib/python3.7/site-packages/airflow/example_dags/example_xcom.py for tasks to queue
[2024-06-26T13:21:11.502+0000] {logging_mixin.py:137} INFO - [2024-06-26T13:21:11.502+0000] {dagbag.py:538} INFO - Filling up the DagBag from /home/airflow/.local/lib/python3.7/site-packages/airflow/example_dags/example_xcom.py
[2024-06-26T13:21:11.518+0000] {processor.py:753} INFO - DAG(s) dict_keys(['example_xcom']) retrieved from /home/airflow/.local/lib/python3.7/site-packages/airflow/example_dags/example_xcom.py
[2024-06-26T13:21:11.536+0000] {logging_mixin.py:137} INFO - [2024-06-26T13:21:11.536+0000] {dag.py:2690} INFO - Sync 1 DAGs
[2024-06-26T13:21:11.553+0000] {logging_mixin.py:137} INFO - [2024-06-26T13:21:11.553+0000] {dag.py:3441} INFO - Setting next_dagrun for example_xcom to 2021-01-01T00:00:00+00:00, run_after=2021-01-01T00:00:00+00:00
[2024-06-26T13:21:11.565+0000] {processor.py:175} INFO - Processing /home/airflow/.local/lib/python3.7/site-packages/airflow/example_dags/example_xcom.py took 0.066 seconds
[2024-06-26T13:21:41.608+0000] {processor.py:153} INFO - Started process (PID=3280) to work on /home/airflow/.local/lib/python3.7/site-packages/airflow/example_dags/example_xcom.py
[2024-06-26T13:21:41.609+0000] {processor.py:743} INFO - Processing file /home/airflow/.local/lib/python3.7/site-packages/airflow/example_dags/example_xcom.py for tasks to queue
[2024-06-26T13:21:41.609+0000] {logging_mixin.py:137} INFO - [2024-06-26T13:21:41.609+0000] {dagbag.py:538} INFO - Filling up the DagBag from /home/airflow/.local/lib/python3.7/site-packages/airflow/example_dags/example_xcom.py
[2024-06-26T13:21:41.625+0000] {processor.py:753} INFO - DAG(s) dict_keys(['example_xcom']) retrieved from /home/airflow/.local/lib/python3.7/site-packages/airflow/example_dags/example_xcom.py
[2024-06-26T13:21:41.642+0000] {logging_mixin.py:137} INFO - [2024-06-26T13:21:41.642+0000] {dag.py:2690} INFO - Sync 1 DAGs
[2024-06-26T13:21:41.659+0000] {logging_mixin.py:137} INFO - [2024-06-26T13:21:41.659+0000] {dag.py:3441} INFO - Setting next_dagrun for example_xcom to 2021-01-01T00:00:00+00:00, run_after=2021-01-01T00:00:00+00:00
[2024-06-26T13:21:41.671+0000] {processor.py:175} INFO - Processing /home/airflow/.local/lib/python3.7/site-packages/airflow/example_dags/example_xcom.py took 0.065 seconds
[2024-06-26T13:22:12.438+0000] {processor.py:153} INFO - Started process (PID=3359) to work on /home/airflow/.local/lib/python3.7/site-packages/airflow/example_dags/example_xcom.py
[2024-06-26T13:22:12.439+0000] {processor.py:743} INFO - Processing file /home/airflow/.local/lib/python3.7/site-packages/airflow/example_dags/example_xcom.py for tasks to queue
[2024-06-26T13:22:12.439+0000] {logging_mixin.py:137} INFO - [2024-06-26T13:22:12.439+0000] {dagbag.py:538} INFO - Filling up the DagBag from /home/airflow/.local/lib/python3.7/site-packages/airflow/example_dags/example_xcom.py
[2024-06-26T13:22:12.454+0000] {processor.py:753} INFO - DAG(s) dict_keys(['example_xcom']) retrieved from /home/airflow/.local/lib/python3.7/site-packages/airflow/example_dags/example_xcom.py
[2024-06-26T13:22:12.470+0000] {logging_mixin.py:137} INFO - [2024-06-26T13:22:12.470+0000] {dag.py:2690} INFO - Sync 1 DAGs
[2024-06-26T13:22:12.487+0000] {logging_mixin.py:137} INFO - [2024-06-26T13:22:12.487+0000] {dag.py:3441} INFO - Setting next_dagrun for example_xcom to 2021-01-01T00:00:00+00:00, run_after=2021-01-01T00:00:00+00:00
[2024-06-26T13:22:12.499+0000] {processor.py:175} INFO - Processing /home/airflow/.local/lib/python3.7/site-packages/airflow/example_dags/example_xcom.py took 0.063 seconds
[2024-06-26T13:22:43.271+0000] {processor.py:153} INFO - Started process (PID=3458) to work on /home/airflow/.local/lib/python3.7/site-packages/airflow/example_dags/example_xcom.py
[2024-06-26T13:22:43.272+0000] {processor.py:743} INFO - Processing file /home/airflow/.local/lib/python3.7/site-packages/airflow/example_dags/example_xcom.py for tasks to queue
[2024-06-26T13:22:43.272+0000] {logging_mixin.py:137} INFO - [2024-06-26T13:22:43.272+0000] {dagbag.py:538} INFO - Filling up the DagBag from /home/airflow/.local/lib/python3.7/site-packages/airflow/example_dags/example_xcom.py
[2024-06-26T13:22:43.294+0000] {processor.py:753} INFO - DAG(s) dict_keys(['example_xcom']) retrieved from /home/airflow/.local/lib/python3.7/site-packages/airflow/example_dags/example_xcom.py
[2024-06-26T13:22:43.317+0000] {logging_mixin.py:137} INFO - [2024-06-26T13:22:43.317+0000] {dag.py:2690} INFO - Sync 1 DAGs
[2024-06-26T13:22:43.349+0000] {logging_mixin.py:137} INFO - [2024-06-26T13:22:43.349+0000] {dag.py:3441} INFO - Setting next_dagrun for example_xcom to 2021-01-01T00:00:00+00:00, run_after=2021-01-01T00:00:00+00:00
[2024-06-26T13:22:43.370+0000] {processor.py:175} INFO - Processing /home/airflow/.local/lib/python3.7/site-packages/airflow/example_dags/example_xcom.py took 0.102 seconds
[2024-06-26T13:23:14.084+0000] {processor.py:153} INFO - Started process (PID=3537) to work on /home/airflow/.local/lib/python3.7/site-packages/airflow/example_dags/example_xcom.py
[2024-06-26T13:23:14.084+0000] {processor.py:743} INFO - Processing file /home/airflow/.local/lib/python3.7/site-packages/airflow/example_dags/example_xcom.py for tasks to queue
[2024-06-26T13:23:14.084+0000] {logging_mixin.py:137} INFO - [2024-06-26T13:23:14.084+0000] {dagbag.py:538} INFO - Filling up the DagBag from /home/airflow/.local/lib/python3.7/site-packages/airflow/example_dags/example_xcom.py
[2024-06-26T13:23:14.099+0000] {processor.py:753} INFO - DAG(s) dict_keys(['example_xcom']) retrieved from /home/airflow/.local/lib/python3.7/site-packages/airflow/example_dags/example_xcom.py
[2024-06-26T13:23:14.116+0000] {logging_mixin.py:137} INFO - [2024-06-26T13:23:14.116+0000] {dag.py:2690} INFO - Sync 1 DAGs
[2024-06-26T13:23:14.133+0000] {logging_mixin.py:137} INFO - [2024-06-26T13:23:14.133+0000] {dag.py:3441} INFO - Setting next_dagrun for example_xcom to 2021-01-01T00:00:00+00:00, run_after=2021-01-01T00:00:00+00:00
[2024-06-26T13:23:14.149+0000] {processor.py:175} INFO - Processing /home/airflow/.local/lib/python3.7/site-packages/airflow/example_dags/example_xcom.py took 0.067 seconds
[2024-06-26T13:23:44.892+0000] {processor.py:153} INFO - Started process (PID=3636) to work on /home/airflow/.local/lib/python3.7/site-packages/airflow/example_dags/example_xcom.py
[2024-06-26T13:23:44.893+0000] {processor.py:743} INFO - Processing file /home/airflow/.local/lib/python3.7/site-packages/airflow/example_dags/example_xcom.py for tasks to queue
[2024-06-26T13:23:44.893+0000] {logging_mixin.py:137} INFO - [2024-06-26T13:23:44.893+0000] {dagbag.py:538} INFO - Filling up the DagBag from /home/airflow/.local/lib/python3.7/site-packages/airflow/example_dags/example_xcom.py
[2024-06-26T13:23:44.910+0000] {processor.py:753} INFO - DAG(s) dict_keys(['example_xcom']) retrieved from /home/airflow/.local/lib/python3.7/site-packages/airflow/example_dags/example_xcom.py
[2024-06-26T13:23:44.925+0000] {logging_mixin.py:137} INFO - [2024-06-26T13:23:44.925+0000] {dag.py:2690} INFO - Sync 1 DAGs
[2024-06-26T13:23:44.943+0000] {logging_mixin.py:137} INFO - [2024-06-26T13:23:44.943+0000] {dag.py:3441} INFO - Setting next_dagrun for example_xcom to 2021-01-01T00:00:00+00:00, run_after=2021-01-01T00:00:00+00:00
[2024-06-26T13:23:44.955+0000] {processor.py:175} INFO - Processing /home/airflow/.local/lib/python3.7/site-packages/airflow/example_dags/example_xcom.py took 0.065 seconds
[2024-06-26T13:24:15.803+0000] {processor.py:153} INFO - Started process (PID=3735) to work on /home/airflow/.local/lib/python3.7/site-packages/airflow/example_dags/example_xcom.py
[2024-06-26T13:24:15.803+0000] {processor.py:743} INFO - Processing file /home/airflow/.local/lib/python3.7/site-packages/airflow/example_dags/example_xcom.py for tasks to queue
[2024-06-26T13:24:15.803+0000] {logging_mixin.py:137} INFO - [2024-06-26T13:24:15.803+0000] {dagbag.py:538} INFO - Filling up the DagBag from /home/airflow/.local/lib/python3.7/site-packages/airflow/example_dags/example_xcom.py
[2024-06-26T13:24:15.819+0000] {processor.py:753} INFO - DAG(s) dict_keys(['example_xcom']) retrieved from /home/airflow/.local/lib/python3.7/site-packages/airflow/example_dags/example_xcom.py
[2024-06-26T13:24:15.836+0000] {logging_mixin.py:137} INFO - [2024-06-26T13:24:15.836+0000] {dag.py:2690} INFO - Sync 1 DAGs
[2024-06-26T13:24:15.855+0000] {logging_mixin.py:137} INFO - [2024-06-26T13:24:15.855+0000] {dag.py:3441} INFO - Setting next_dagrun for example_xcom to 2021-01-01T00:00:00+00:00, run_after=2021-01-01T00:00:00+00:00
[2024-06-26T13:24:15.868+0000] {processor.py:175} INFO - Processing /home/airflow/.local/lib/python3.7/site-packages/airflow/example_dags/example_xcom.py took 0.067 seconds
[2024-06-26T13:24:46.550+0000] {processor.py:153} INFO - Started process (PID=3814) to work on /home/airflow/.local/lib/python3.7/site-packages/airflow/example_dags/example_xcom.py
[2024-06-26T13:24:46.551+0000] {processor.py:743} INFO - Processing file /home/airflow/.local/lib/python3.7/site-packages/airflow/example_dags/example_xcom.py for tasks to queue
[2024-06-26T13:24:46.551+0000] {logging_mixin.py:137} INFO - [2024-06-26T13:24:46.551+0000] {dagbag.py:538} INFO - Filling up the DagBag from /home/airflow/.local/lib/python3.7/site-packages/airflow/example_dags/example_xcom.py
[2024-06-26T13:24:46.567+0000] {processor.py:753} INFO - DAG(s) dict_keys(['example_xcom']) retrieved from /home/airflow/.local/lib/python3.7/site-packages/airflow/example_dags/example_xcom.py
[2024-06-26T13:24:46.584+0000] {logging_mixin.py:137} INFO - [2024-06-26T13:24:46.584+0000] {dag.py:2690} INFO - Sync 1 DAGs
[2024-06-26T13:24:46.602+0000] {logging_mixin.py:137} INFO - [2024-06-26T13:24:46.602+0000] {dag.py:3441} INFO - Setting next_dagrun for example_xcom to 2021-01-01T00:00:00+00:00, run_after=2021-01-01T00:00:00+00:00
[2024-06-26T13:24:46.618+0000] {processor.py:175} INFO - Processing /home/airflow/.local/lib/python3.7/site-packages/airflow/example_dags/example_xcom.py took 0.070 seconds
[2024-06-26T13:25:17.323+0000] {processor.py:153} INFO - Started process (PID=3913) to work on /home/airflow/.local/lib/python3.7/site-packages/airflow/example_dags/example_xcom.py
[2024-06-26T13:25:17.324+0000] {processor.py:743} INFO - Processing file /home/airflow/.local/lib/python3.7/site-packages/airflow/example_dags/example_xcom.py for tasks to queue
[2024-06-26T13:25:17.324+0000] {logging_mixin.py:137} INFO - [2024-06-26T13:25:17.324+0000] {dagbag.py:538} INFO - Filling up the DagBag from /home/airflow/.local/lib/python3.7/site-packages/airflow/example_dags/example_xcom.py
[2024-06-26T13:25:17.340+0000] {processor.py:753} INFO - DAG(s) dict_keys(['example_xcom']) retrieved from /home/airflow/.local/lib/python3.7/site-packages/airflow/example_dags/example_xcom.py
[2024-06-26T13:25:17.356+0000] {logging_mixin.py:137} INFO - [2024-06-26T13:25:17.356+0000] {dag.py:2690} INFO - Sync 1 DAGs
[2024-06-26T13:25:17.374+0000] {logging_mixin.py:137} INFO - [2024-06-26T13:25:17.374+0000] {dag.py:3441} INFO - Setting next_dagrun for example_xcom to 2021-01-01T00:00:00+00:00, run_after=2021-01-01T00:00:00+00:00
[2024-06-26T13:25:17.386+0000] {processor.py:175} INFO - Processing /home/airflow/.local/lib/python3.7/site-packages/airflow/example_dags/example_xcom.py took 0.065 seconds
[2024-06-26T13:25:48.175+0000] {processor.py:153} INFO - Started process (PID=4012) to work on /home/airflow/.local/lib/python3.7/site-packages/airflow/example_dags/example_xcom.py
[2024-06-26T13:25:48.175+0000] {processor.py:743} INFO - Processing file /home/airflow/.local/lib/python3.7/site-packages/airflow/example_dags/example_xcom.py for tasks to queue
[2024-06-26T13:25:48.175+0000] {logging_mixin.py:137} INFO - [2024-06-26T13:25:48.175+0000] {dagbag.py:538} INFO - Filling up the DagBag from /home/airflow/.local/lib/python3.7/site-packages/airflow/example_dags/example_xcom.py
[2024-06-26T13:25:48.192+0000] {processor.py:753} INFO - DAG(s) dict_keys(['example_xcom']) retrieved from /home/airflow/.local/lib/python3.7/site-packages/airflow/example_dags/example_xcom.py
[2024-06-26T13:25:48.209+0000] {logging_mixin.py:137} INFO - [2024-06-26T13:25:48.209+0000] {dag.py:2690} INFO - Sync 1 DAGs
[2024-06-26T13:25:48.230+0000] {logging_mixin.py:137} INFO - [2024-06-26T13:25:48.229+0000] {dag.py:3441} INFO - Setting next_dagrun for example_xcom to 2021-01-01T00:00:00+00:00, run_after=2021-01-01T00:00:00+00:00
[2024-06-26T13:25:48.243+0000] {processor.py:175} INFO - Processing /home/airflow/.local/lib/python3.7/site-packages/airflow/example_dags/example_xcom.py took 0.070 seconds
[2024-06-26T13:26:19.173+0000] {processor.py:153} INFO - Started process (PID=4091) to work on /home/airflow/.local/lib/python3.7/site-packages/airflow/example_dags/example_xcom.py
[2024-06-26T13:26:19.174+0000] {processor.py:743} INFO - Processing file /home/airflow/.local/lib/python3.7/site-packages/airflow/example_dags/example_xcom.py for tasks to queue
[2024-06-26T13:26:19.174+0000] {logging_mixin.py:137} INFO - [2024-06-26T13:26:19.174+0000] {dagbag.py:538} INFO - Filling up the DagBag from /home/airflow/.local/lib/python3.7/site-packages/airflow/example_dags/example_xcom.py
[2024-06-26T13:26:19.193+0000] {processor.py:753} INFO - DAG(s) dict_keys(['example_xcom']) retrieved from /home/airflow/.local/lib/python3.7/site-packages/airflow/example_dags/example_xcom.py
[2024-06-26T13:26:19.214+0000] {logging_mixin.py:137} INFO - [2024-06-26T13:26:19.214+0000] {dag.py:2690} INFO - Sync 1 DAGs
[2024-06-26T13:26:19.237+0000] {logging_mixin.py:137} INFO - [2024-06-26T13:26:19.237+0000] {dag.py:3441} INFO - Setting next_dagrun for example_xcom to 2021-01-01T00:00:00+00:00, run_after=2021-01-01T00:00:00+00:00
[2024-06-26T13:26:19.252+0000] {processor.py:175} INFO - Processing /home/airflow/.local/lib/python3.7/site-packages/airflow/example_dags/example_xcom.py took 0.081 seconds
[2024-06-26T13:26:50.228+0000] {processor.py:153} INFO - Started process (PID=4190) to work on /home/airflow/.local/lib/python3.7/site-packages/airflow/example_dags/example_xcom.py
[2024-06-26T13:26:50.229+0000] {processor.py:743} INFO - Processing file /home/airflow/.local/lib/python3.7/site-packages/airflow/example_dags/example_xcom.py for tasks to queue
[2024-06-26T13:26:50.229+0000] {logging_mixin.py:137} INFO - [2024-06-26T13:26:50.229+0000] {dagbag.py:538} INFO - Filling up the DagBag from /home/airflow/.local/lib/python3.7/site-packages/airflow/example_dags/example_xcom.py
[2024-06-26T13:26:50.247+0000] {processor.py:753} INFO - DAG(s) dict_keys(['example_xcom']) retrieved from /home/airflow/.local/lib/python3.7/site-packages/airflow/example_dags/example_xcom.py
[2024-06-26T13:26:50.272+0000] {logging_mixin.py:137} INFO - [2024-06-26T13:26:50.271+0000] {dag.py:2690} INFO - Sync 1 DAGs
[2024-06-26T13:26:50.296+0000] {logging_mixin.py:137} INFO - [2024-06-26T13:26:50.295+0000] {dag.py:3441} INFO - Setting next_dagrun for example_xcom to 2021-01-01T00:00:00+00:00, run_after=2021-01-01T00:00:00+00:00
[2024-06-26T13:26:50.313+0000] {processor.py:175} INFO - Processing /home/airflow/.local/lib/python3.7/site-packages/airflow/example_dags/example_xcom.py took 0.087 seconds
[2024-06-26T13:27:20.539+0000] {processor.py:153} INFO - Started process (PID=4269) to work on /home/airflow/.local/lib/python3.7/site-packages/airflow/example_dags/example_xcom.py
[2024-06-26T13:27:20.540+0000] {processor.py:743} INFO - Processing file /home/airflow/.local/lib/python3.7/site-packages/airflow/example_dags/example_xcom.py for tasks to queue
[2024-06-26T13:27:20.540+0000] {logging_mixin.py:137} INFO - [2024-06-26T13:27:20.540+0000] {dagbag.py:538} INFO - Filling up the DagBag from /home/airflow/.local/lib/python3.7/site-packages/airflow/example_dags/example_xcom.py
[2024-06-26T13:27:20.559+0000] {processor.py:753} INFO - DAG(s) dict_keys(['example_xcom']) retrieved from /home/airflow/.local/lib/python3.7/site-packages/airflow/example_dags/example_xcom.py
[2024-06-26T13:27:20.577+0000] {logging_mixin.py:137} INFO - [2024-06-26T13:27:20.577+0000] {dag.py:2690} INFO - Sync 1 DAGs
[2024-06-26T13:27:20.597+0000] {logging_mixin.py:137} INFO - [2024-06-26T13:27:20.596+0000] {dag.py:3441} INFO - Setting next_dagrun for example_xcom to 2021-01-01T00:00:00+00:00, run_after=2021-01-01T00:00:00+00:00
[2024-06-26T13:27:20.611+0000] {processor.py:175} INFO - Processing /home/airflow/.local/lib/python3.7/site-packages/airflow/example_dags/example_xcom.py took 0.075 seconds
[2024-06-26T13:27:50.675+0000] {processor.py:153} INFO - Started process (PID=4368) to work on /home/airflow/.local/lib/python3.7/site-packages/airflow/example_dags/example_xcom.py
[2024-06-26T13:27:50.676+0000] {processor.py:743} INFO - Processing file /home/airflow/.local/lib/python3.7/site-packages/airflow/example_dags/example_xcom.py for tasks to queue
[2024-06-26T13:27:50.676+0000] {logging_mixin.py:137} INFO - [2024-06-26T13:27:50.676+0000] {dagbag.py:538} INFO - Filling up the DagBag from /home/airflow/.local/lib/python3.7/site-packages/airflow/example_dags/example_xcom.py
[2024-06-26T13:27:50.696+0000] {processor.py:753} INFO - DAG(s) dict_keys(['example_xcom']) retrieved from /home/airflow/.local/lib/python3.7/site-packages/airflow/example_dags/example_xcom.py
[2024-06-26T13:27:50.715+0000] {logging_mixin.py:137} INFO - [2024-06-26T13:27:50.715+0000] {dag.py:2690} INFO - Sync 1 DAGs
[2024-06-26T13:27:50.736+0000] {logging_mixin.py:137} INFO - [2024-06-26T13:27:50.736+0000] {dag.py:3441} INFO - Setting next_dagrun for example_xcom to 2021-01-01T00:00:00+00:00, run_after=2021-01-01T00:00:00+00:00
[2024-06-26T13:27:50.750+0000] {processor.py:175} INFO - Processing /home/airflow/.local/lib/python3.7/site-packages/airflow/example_dags/example_xcom.py took 0.077 seconds
[2024-06-26T13:28:20.836+0000] {processor.py:153} INFO - Started process (PID=4447) to work on /home/airflow/.local/lib/python3.7/site-packages/airflow/example_dags/example_xcom.py
[2024-06-26T13:28:20.836+0000] {processor.py:743} INFO - Processing file /home/airflow/.local/lib/python3.7/site-packages/airflow/example_dags/example_xcom.py for tasks to queue
[2024-06-26T13:28:20.836+0000] {logging_mixin.py:137} INFO - [2024-06-26T13:28:20.836+0000] {dagbag.py:538} INFO - Filling up the DagBag from /home/airflow/.local/lib/python3.7/site-packages/airflow/example_dags/example_xcom.py
[2024-06-26T13:28:20.855+0000] {processor.py:753} INFO - DAG(s) dict_keys(['example_xcom']) retrieved from /home/airflow/.local/lib/python3.7/site-packages/airflow/example_dags/example_xcom.py
[2024-06-26T13:28:20.875+0000] {logging_mixin.py:137} INFO - [2024-06-26T13:28:20.875+0000] {dag.py:2690} INFO - Sync 1 DAGs
[2024-06-26T13:28:20.895+0000] {logging_mixin.py:137} INFO - [2024-06-26T13:28:20.895+0000] {dag.py:3441} INFO - Setting next_dagrun for example_xcom to 2021-01-01T00:00:00+00:00, run_after=2021-01-01T00:00:00+00:00
[2024-06-26T13:28:20.910+0000] {processor.py:175} INFO - Processing /home/airflow/.local/lib/python3.7/site-packages/airflow/example_dags/example_xcom.py took 0.077 seconds
[2024-06-26T13:28:51.003+0000] {processor.py:153} INFO - Started process (PID=4546) to work on /home/airflow/.local/lib/python3.7/site-packages/airflow/example_dags/example_xcom.py
[2024-06-26T13:28:51.004+0000] {processor.py:743} INFO - Processing file /home/airflow/.local/lib/python3.7/site-packages/airflow/example_dags/example_xcom.py for tasks to queue
[2024-06-26T13:28:51.004+0000] {logging_mixin.py:137} INFO - [2024-06-26T13:28:51.004+0000] {dagbag.py:538} INFO - Filling up the DagBag from /home/airflow/.local/lib/python3.7/site-packages/airflow/example_dags/example_xcom.py
[2024-06-26T13:28:51.022+0000] {processor.py:753} INFO - DAG(s) dict_keys(['example_xcom']) retrieved from /home/airflow/.local/lib/python3.7/site-packages/airflow/example_dags/example_xcom.py
[2024-06-26T13:28:51.040+0000] {logging_mixin.py:137} INFO - [2024-06-26T13:28:51.040+0000] {dag.py:2690} INFO - Sync 1 DAGs
[2024-06-26T13:28:51.060+0000] {logging_mixin.py:137} INFO - [2024-06-26T13:28:51.060+0000] {dag.py:3441} INFO - Setting next_dagrun for example_xcom to 2021-01-01T00:00:00+00:00, run_after=2021-01-01T00:00:00+00:00
[2024-06-26T13:28:51.074+0000] {processor.py:175} INFO - Processing /home/airflow/.local/lib/python3.7/site-packages/airflow/example_dags/example_xcom.py took 0.073 seconds
[2024-06-26T13:29:22.013+0000] {processor.py:153} INFO - Started process (PID=4625) to work on /home/airflow/.local/lib/python3.7/site-packages/airflow/example_dags/example_xcom.py
[2024-06-26T13:29:22.014+0000] {processor.py:743} INFO - Processing file /home/airflow/.local/lib/python3.7/site-packages/airflow/example_dags/example_xcom.py for tasks to queue
[2024-06-26T13:29:22.014+0000] {logging_mixin.py:137} INFO - [2024-06-26T13:29:22.014+0000] {dagbag.py:538} INFO - Filling up the DagBag from /home/airflow/.local/lib/python3.7/site-packages/airflow/example_dags/example_xcom.py
[2024-06-26T13:29:22.036+0000] {processor.py:753} INFO - DAG(s) dict_keys(['example_xcom']) retrieved from /home/airflow/.local/lib/python3.7/site-packages/airflow/example_dags/example_xcom.py
[2024-06-26T13:29:22.056+0000] {logging_mixin.py:137} INFO - [2024-06-26T13:29:22.056+0000] {dag.py:2690} INFO - Sync 1 DAGs
[2024-06-26T13:29:22.077+0000] {logging_mixin.py:137} INFO - [2024-06-26T13:29:22.077+0000] {dag.py:3441} INFO - Setting next_dagrun for example_xcom to 2021-01-01T00:00:00+00:00, run_after=2021-01-01T00:00:00+00:00
[2024-06-26T13:29:22.093+0000] {processor.py:175} INFO - Processing /home/airflow/.local/lib/python3.7/site-packages/airflow/example_dags/example_xcom.py took 0.082 seconds
[2024-06-26T13:29:52.727+0000] {processor.py:153} INFO - Started process (PID=4724) to work on /home/airflow/.local/lib/python3.7/site-packages/airflow/example_dags/example_xcom.py
[2024-06-26T13:29:52.728+0000] {processor.py:743} INFO - Processing file /home/airflow/.local/lib/python3.7/site-packages/airflow/example_dags/example_xcom.py for tasks to queue
[2024-06-26T13:29:52.728+0000] {logging_mixin.py:137} INFO - [2024-06-26T13:29:52.728+0000] {dagbag.py:538} INFO - Filling up the DagBag from /home/airflow/.local/lib/python3.7/site-packages/airflow/example_dags/example_xcom.py
[2024-06-26T13:29:52.744+0000] {processor.py:753} INFO - DAG(s) dict_keys(['example_xcom']) retrieved from /home/airflow/.local/lib/python3.7/site-packages/airflow/example_dags/example_xcom.py
[2024-06-26T13:29:52.761+0000] {logging_mixin.py:137} INFO - [2024-06-26T13:29:52.760+0000] {dag.py:2690} INFO - Sync 1 DAGs
[2024-06-26T13:29:52.779+0000] {logging_mixin.py:137} INFO - [2024-06-26T13:29:52.779+0000] {dag.py:3441} INFO - Setting next_dagrun for example_xcom to 2021-01-01T00:00:00+00:00, run_after=2021-01-01T00:00:00+00:00
[2024-06-26T13:29:52.791+0000] {processor.py:175} INFO - Processing /home/airflow/.local/lib/python3.7/site-packages/airflow/example_dags/example_xcom.py took 0.066 seconds
[2024-06-26T13:30:23.489+0000] {processor.py:153} INFO - Started process (PID=4823) to work on /home/airflow/.local/lib/python3.7/site-packages/airflow/example_dags/example_xcom.py
[2024-06-26T13:30:23.489+0000] {processor.py:743} INFO - Processing file /home/airflow/.local/lib/python3.7/site-packages/airflow/example_dags/example_xcom.py for tasks to queue
[2024-06-26T13:30:23.490+0000] {logging_mixin.py:137} INFO - [2024-06-26T13:30:23.489+0000] {dagbag.py:538} INFO - Filling up the DagBag from /home/airflow/.local/lib/python3.7/site-packages/airflow/example_dags/example_xcom.py
[2024-06-26T13:30:23.507+0000] {processor.py:753} INFO - DAG(s) dict_keys(['example_xcom']) retrieved from /home/airflow/.local/lib/python3.7/site-packages/airflow/example_dags/example_xcom.py
[2024-06-26T13:30:23.530+0000] {logging_mixin.py:137} INFO - [2024-06-26T13:30:23.530+0000] {dag.py:2690} INFO - Sync 1 DAGs
[2024-06-26T13:30:23.549+0000] {logging_mixin.py:137} INFO - [2024-06-26T13:30:23.549+0000] {dag.py:3441} INFO - Setting next_dagrun for example_xcom to 2021-01-01T00:00:00+00:00, run_after=2021-01-01T00:00:00+00:00
[2024-06-26T13:30:23.563+0000] {processor.py:175} INFO - Processing /home/airflow/.local/lib/python3.7/site-packages/airflow/example_dags/example_xcom.py took 0.076 seconds
[2024-06-26T13:30:54.404+0000] {processor.py:153} INFO - Started process (PID=4902) to work on /home/airflow/.local/lib/python3.7/site-packages/airflow/example_dags/example_xcom.py
[2024-06-26T13:30:54.404+0000] {processor.py:743} INFO - Processing file /home/airflow/.local/lib/python3.7/site-packages/airflow/example_dags/example_xcom.py for tasks to queue
[2024-06-26T13:30:54.405+0000] {logging_mixin.py:137} INFO - [2024-06-26T13:30:54.404+0000] {dagbag.py:538} INFO - Filling up the DagBag from /home/airflow/.local/lib/python3.7/site-packages/airflow/example_dags/example_xcom.py
[2024-06-26T13:30:54.421+0000] {processor.py:753} INFO - DAG(s) dict_keys(['example_xcom']) retrieved from /home/airflow/.local/lib/python3.7/site-packages/airflow/example_dags/example_xcom.py
[2024-06-26T13:30:54.438+0000] {logging_mixin.py:137} INFO - [2024-06-26T13:30:54.438+0000] {dag.py:2690} INFO - Sync 1 DAGs
[2024-06-26T13:30:54.456+0000] {logging_mixin.py:137} INFO - [2024-06-26T13:30:54.455+0000] {dag.py:3441} INFO - Setting next_dagrun for example_xcom to 2021-01-01T00:00:00+00:00, run_after=2021-01-01T00:00:00+00:00
[2024-06-26T13:30:54.468+0000] {processor.py:175} INFO - Processing /home/airflow/.local/lib/python3.7/site-packages/airflow/example_dags/example_xcom.py took 0.066 seconds
[2024-06-26T13:31:24.498+0000] {processor.py:153} INFO - Started process (PID=5001) to work on /home/airflow/.local/lib/python3.7/site-packages/airflow/example_dags/example_xcom.py
[2024-06-26T13:31:24.498+0000] {processor.py:743} INFO - Processing file /home/airflow/.local/lib/python3.7/site-packages/airflow/example_dags/example_xcom.py for tasks to queue
[2024-06-26T13:31:24.499+0000] {logging_mixin.py:137} INFO - [2024-06-26T13:31:24.499+0000] {dagbag.py:538} INFO - Filling up the DagBag from /home/airflow/.local/lib/python3.7/site-packages/airflow/example_dags/example_xcom.py
[2024-06-26T13:31:24.518+0000] {processor.py:753} INFO - DAG(s) dict_keys(['example_xcom']) retrieved from /home/airflow/.local/lib/python3.7/site-packages/airflow/example_dags/example_xcom.py
[2024-06-26T13:31:24.538+0000] {logging_mixin.py:137} INFO - [2024-06-26T13:31:24.538+0000] {dag.py:2690} INFO - Sync 1 DAGs
[2024-06-26T13:31:24.565+0000] {logging_mixin.py:137} INFO - [2024-06-26T13:31:24.565+0000] {dag.py:3441} INFO - Setting next_dagrun for example_xcom to 2021-01-01T00:00:00+00:00, run_after=2021-01-01T00:00:00+00:00
[2024-06-26T13:31:24.585+0000] {processor.py:175} INFO - Processing /home/airflow/.local/lib/python3.7/site-packages/airflow/example_dags/example_xcom.py took 0.090 seconds
[2024-06-26T13:31:54.701+0000] {processor.py:153} INFO - Started process (PID=5080) to work on /home/airflow/.local/lib/python3.7/site-packages/airflow/example_dags/example_xcom.py
[2024-06-26T13:31:54.702+0000] {processor.py:743} INFO - Processing file /home/airflow/.local/lib/python3.7/site-packages/airflow/example_dags/example_xcom.py for tasks to queue
[2024-06-26T13:31:54.702+0000] {logging_mixin.py:137} INFO - [2024-06-26T13:31:54.702+0000] {dagbag.py:538} INFO - Filling up the DagBag from /home/airflow/.local/lib/python3.7/site-packages/airflow/example_dags/example_xcom.py
[2024-06-26T13:31:54.720+0000] {processor.py:753} INFO - DAG(s) dict_keys(['example_xcom']) retrieved from /home/airflow/.local/lib/python3.7/site-packages/airflow/example_dags/example_xcom.py
[2024-06-26T13:31:54.740+0000] {logging_mixin.py:137} INFO - [2024-06-26T13:31:54.740+0000] {dag.py:2690} INFO - Sync 1 DAGs
[2024-06-26T13:31:54.762+0000] {logging_mixin.py:137} INFO - [2024-06-26T13:31:54.761+0000] {dag.py:3441} INFO - Setting next_dagrun for example_xcom to 2021-01-01T00:00:00+00:00, run_after=2021-01-01T00:00:00+00:00
[2024-06-26T13:31:54.777+0000] {processor.py:175} INFO - Processing /home/airflow/.local/lib/python3.7/site-packages/airflow/example_dags/example_xcom.py took 0.077 seconds
[2024-06-26T13:32:24.837+0000] {processor.py:153} INFO - Started process (PID=5179) to work on /home/airflow/.local/lib/python3.7/site-packages/airflow/example_dags/example_xcom.py
[2024-06-26T13:32:24.838+0000] {processor.py:743} INFO - Processing file /home/airflow/.local/lib/python3.7/site-packages/airflow/example_dags/example_xcom.py for tasks to queue
[2024-06-26T13:32:24.838+0000] {logging_mixin.py:137} INFO - [2024-06-26T13:32:24.838+0000] {dagbag.py:538} INFO - Filling up the DagBag from /home/airflow/.local/lib/python3.7/site-packages/airflow/example_dags/example_xcom.py
[2024-06-26T13:32:24.853+0000] {processor.py:753} INFO - DAG(s) dict_keys(['example_xcom']) retrieved from /home/airflow/.local/lib/python3.7/site-packages/airflow/example_dags/example_xcom.py
[2024-06-26T13:32:24.870+0000] {logging_mixin.py:137} INFO - [2024-06-26T13:32:24.870+0000] {dag.py:2690} INFO - Sync 1 DAGs
[2024-06-26T13:32:24.887+0000] {logging_mixin.py:137} INFO - [2024-06-26T13:32:24.887+0000] {dag.py:3441} INFO - Setting next_dagrun for example_xcom to 2021-01-01T00:00:00+00:00, run_after=2021-01-01T00:00:00+00:00
[2024-06-26T13:32:24.901+0000] {processor.py:175} INFO - Processing /home/airflow/.local/lib/python3.7/site-packages/airflow/example_dags/example_xcom.py took 0.065 seconds
[2024-06-26T13:32:55.847+0000] {processor.py:153} INFO - Started process (PID=5258) to work on /home/airflow/.local/lib/python3.7/site-packages/airflow/example_dags/example_xcom.py
[2024-06-26T13:32:55.847+0000] {processor.py:743} INFO - Processing file /home/airflow/.local/lib/python3.7/site-packages/airflow/example_dags/example_xcom.py for tasks to queue
[2024-06-26T13:32:55.848+0000] {logging_mixin.py:137} INFO - [2024-06-26T13:32:55.848+0000] {dagbag.py:538} INFO - Filling up the DagBag from /home/airflow/.local/lib/python3.7/site-packages/airflow/example_dags/example_xcom.py
[2024-06-26T13:32:55.863+0000] {processor.py:753} INFO - DAG(s) dict_keys(['example_xcom']) retrieved from /home/airflow/.local/lib/python3.7/site-packages/airflow/example_dags/example_xcom.py
[2024-06-26T13:32:55.880+0000] {logging_mixin.py:137} INFO - [2024-06-26T13:32:55.880+0000] {dag.py:2690} INFO - Sync 1 DAGs
[2024-06-26T13:32:55.897+0000] {logging_mixin.py:137} INFO - [2024-06-26T13:32:55.897+0000] {dag.py:3441} INFO - Setting next_dagrun for example_xcom to 2021-01-01T00:00:00+00:00, run_after=2021-01-01T00:00:00+00:00
[2024-06-26T13:32:55.909+0000] {processor.py:175} INFO - Processing /home/airflow/.local/lib/python3.7/site-packages/airflow/example_dags/example_xcom.py took 0.064 seconds
[2024-06-26T13:33:26.973+0000] {processor.py:153} INFO - Started process (PID=5357) to work on /home/airflow/.local/lib/python3.7/site-packages/airflow/example_dags/example_xcom.py
[2024-06-26T13:33:26.973+0000] {processor.py:743} INFO - Processing file /home/airflow/.local/lib/python3.7/site-packages/airflow/example_dags/example_xcom.py for tasks to queue
[2024-06-26T13:33:26.974+0000] {logging_mixin.py:137} INFO - [2024-06-26T13:33:26.973+0000] {dagbag.py:538} INFO - Filling up the DagBag from /home/airflow/.local/lib/python3.7/site-packages/airflow/example_dags/example_xcom.py
[2024-06-26T13:33:26.993+0000] {processor.py:753} INFO - DAG(s) dict_keys(['example_xcom']) retrieved from /home/airflow/.local/lib/python3.7/site-packages/airflow/example_dags/example_xcom.py
[2024-06-26T13:33:27.012+0000] {logging_mixin.py:137} INFO - [2024-06-26T13:33:27.012+0000] {dag.py:2690} INFO - Sync 1 DAGs
[2024-06-26T13:33:27.033+0000] {logging_mixin.py:137} INFO - [2024-06-26T13:33:27.033+0000] {dag.py:3441} INFO - Setting next_dagrun for example_xcom to 2021-01-01T00:00:00+00:00, run_after=2021-01-01T00:00:00+00:00
[2024-06-26T13:33:27.048+0000] {processor.py:175} INFO - Processing /home/airflow/.local/lib/python3.7/site-packages/airflow/example_dags/example_xcom.py took 0.078 seconds
[2024-06-26T13:33:57.297+0000] {processor.py:153} INFO - Started process (PID=5445) to work on /home/airflow/.local/lib/python3.7/site-packages/airflow/example_dags/example_xcom.py
[2024-06-26T13:33:57.298+0000] {processor.py:743} INFO - Processing file /home/airflow/.local/lib/python3.7/site-packages/airflow/example_dags/example_xcom.py for tasks to queue
[2024-06-26T13:33:57.298+0000] {logging_mixin.py:137} INFO - [2024-06-26T13:33:57.298+0000] {dagbag.py:538} INFO - Filling up the DagBag from /home/airflow/.local/lib/python3.7/site-packages/airflow/example_dags/example_xcom.py
[2024-06-26T13:33:57.321+0000] {processor.py:753} INFO - DAG(s) dict_keys(['example_xcom']) retrieved from /home/airflow/.local/lib/python3.7/site-packages/airflow/example_dags/example_xcom.py
[2024-06-26T13:33:57.346+0000] {logging_mixin.py:137} INFO - [2024-06-26T13:33:57.346+0000] {dag.py:2690} INFO - Sync 1 DAGs
[2024-06-26T13:33:57.383+0000] {logging_mixin.py:137} INFO - [2024-06-26T13:33:57.383+0000] {dag.py:3441} INFO - Setting next_dagrun for example_xcom to 2021-01-01T00:00:00+00:00, run_after=2021-01-01T00:00:00+00:00
[2024-06-26T13:33:57.409+0000] {processor.py:175} INFO - Processing /home/airflow/.local/lib/python3.7/site-packages/airflow/example_dags/example_xcom.py took 0.114 seconds
[2024-06-26T13:34:27.568+0000] {processor.py:153} INFO - Started process (PID=5535) to work on /home/airflow/.local/lib/python3.7/site-packages/airflow/example_dags/example_xcom.py
[2024-06-26T13:34:27.569+0000] {processor.py:743} INFO - Processing file /home/airflow/.local/lib/python3.7/site-packages/airflow/example_dags/example_xcom.py for tasks to queue
[2024-06-26T13:34:27.570+0000] {logging_mixin.py:137} INFO - [2024-06-26T13:34:27.569+0000] {dagbag.py:538} INFO - Filling up the DagBag from /home/airflow/.local/lib/python3.7/site-packages/airflow/example_dags/example_xcom.py
[2024-06-26T13:34:27.595+0000] {processor.py:753} INFO - DAG(s) dict_keys(['example_xcom']) retrieved from /home/airflow/.local/lib/python3.7/site-packages/airflow/example_dags/example_xcom.py
[2024-06-26T13:34:27.615+0000] {logging_mixin.py:137} INFO - [2024-06-26T13:34:27.615+0000] {dag.py:2690} INFO - Sync 1 DAGs
[2024-06-26T13:34:27.637+0000] {logging_mixin.py:137} INFO - [2024-06-26T13:34:27.636+0000] {dag.py:3441} INFO - Setting next_dagrun for example_xcom to 2021-01-01T00:00:00+00:00, run_after=2021-01-01T00:00:00+00:00
[2024-06-26T13:34:27.651+0000] {processor.py:175} INFO - Processing /home/airflow/.local/lib/python3.7/site-packages/airflow/example_dags/example_xcom.py took 0.087 seconds
[2024-06-26T13:34:57.729+0000] {processor.py:153} INFO - Started process (PID=5614) to work on /home/airflow/.local/lib/python3.7/site-packages/airflow/example_dags/example_xcom.py
[2024-06-26T13:34:57.730+0000] {processor.py:743} INFO - Processing file /home/airflow/.local/lib/python3.7/site-packages/airflow/example_dags/example_xcom.py for tasks to queue
[2024-06-26T13:34:57.730+0000] {logging_mixin.py:137} INFO - [2024-06-26T13:34:57.730+0000] {dagbag.py:538} INFO - Filling up the DagBag from /home/airflow/.local/lib/python3.7/site-packages/airflow/example_dags/example_xcom.py
[2024-06-26T13:34:57.748+0000] {processor.py:753} INFO - DAG(s) dict_keys(['example_xcom']) retrieved from /home/airflow/.local/lib/python3.7/site-packages/airflow/example_dags/example_xcom.py
[2024-06-26T13:34:57.766+0000] {logging_mixin.py:137} INFO - [2024-06-26T13:34:57.766+0000] {dag.py:2690} INFO - Sync 1 DAGs
[2024-06-26T13:34:57.787+0000] {logging_mixin.py:137} INFO - [2024-06-26T13:34:57.787+0000] {dag.py:3441} INFO - Setting next_dagrun for example_xcom to 2021-01-01T00:00:00+00:00, run_after=2021-01-01T00:00:00+00:00
[2024-06-26T13:34:57.803+0000] {processor.py:175} INFO - Processing /home/airflow/.local/lib/python3.7/site-packages/airflow/example_dags/example_xcom.py took 0.076 seconds
[2024-06-26T13:35:28.744+0000] {processor.py:153} INFO - Started process (PID=5713) to work on /home/airflow/.local/lib/python3.7/site-packages/airflow/example_dags/example_xcom.py
[2024-06-26T13:35:28.744+0000] {processor.py:743} INFO - Processing file /home/airflow/.local/lib/python3.7/site-packages/airflow/example_dags/example_xcom.py for tasks to queue
[2024-06-26T13:35:28.745+0000] {logging_mixin.py:137} INFO - [2024-06-26T13:35:28.744+0000] {dagbag.py:538} INFO - Filling up the DagBag from /home/airflow/.local/lib/python3.7/site-packages/airflow/example_dags/example_xcom.py
[2024-06-26T13:35:28.761+0000] {processor.py:753} INFO - DAG(s) dict_keys(['example_xcom']) retrieved from /home/airflow/.local/lib/python3.7/site-packages/airflow/example_dags/example_xcom.py
[2024-06-26T13:35:28.778+0000] {logging_mixin.py:137} INFO - [2024-06-26T13:35:28.778+0000] {dag.py:2690} INFO - Sync 1 DAGs
[2024-06-26T13:35:28.798+0000] {logging_mixin.py:137} INFO - [2024-06-26T13:35:28.798+0000] {dag.py:3441} INFO - Setting next_dagrun for example_xcom to 2021-01-01T00:00:00+00:00, run_after=2021-01-01T00:00:00+00:00
[2024-06-26T13:35:28.813+0000] {processor.py:175} INFO - Processing /home/airflow/.local/lib/python3.7/site-packages/airflow/example_dags/example_xcom.py took 0.071 seconds
[2024-06-26T13:35:59.666+0000] {processor.py:153} INFO - Started process (PID=5812) to work on /home/airflow/.local/lib/python3.7/site-packages/airflow/example_dags/example_xcom.py
[2024-06-26T13:35:59.667+0000] {processor.py:743} INFO - Processing file /home/airflow/.local/lib/python3.7/site-packages/airflow/example_dags/example_xcom.py for tasks to queue
[2024-06-26T13:35:59.667+0000] {logging_mixin.py:137} INFO - [2024-06-26T13:35:59.667+0000] {dagbag.py:538} INFO - Filling up the DagBag from /home/airflow/.local/lib/python3.7/site-packages/airflow/example_dags/example_xcom.py
[2024-06-26T13:35:59.685+0000] {processor.py:753} INFO - DAG(s) dict_keys(['example_xcom']) retrieved from /home/airflow/.local/lib/python3.7/site-packages/airflow/example_dags/example_xcom.py
[2024-06-26T13:35:59.704+0000] {logging_mixin.py:137} INFO - [2024-06-26T13:35:59.704+0000] {dag.py:2690} INFO - Sync 1 DAGs
[2024-06-26T13:35:59.726+0000] {logging_mixin.py:137} INFO - [2024-06-26T13:35:59.726+0000] {dag.py:3441} INFO - Setting next_dagrun for example_xcom to 2021-01-01T00:00:00+00:00, run_after=2021-01-01T00:00:00+00:00
[2024-06-26T13:35:59.745+0000] {processor.py:175} INFO - Processing /home/airflow/.local/lib/python3.7/site-packages/airflow/example_dags/example_xcom.py took 0.081 seconds
[2024-06-26T13:36:30.528+0000] {processor.py:153} INFO - Started process (PID=5891) to work on /home/airflow/.local/lib/python3.7/site-packages/airflow/example_dags/example_xcom.py
[2024-06-26T13:36:30.529+0000] {processor.py:743} INFO - Processing file /home/airflow/.local/lib/python3.7/site-packages/airflow/example_dags/example_xcom.py for tasks to queue
[2024-06-26T13:36:30.529+0000] {logging_mixin.py:137} INFO - [2024-06-26T13:36:30.529+0000] {dagbag.py:538} INFO - Filling up the DagBag from /home/airflow/.local/lib/python3.7/site-packages/airflow/example_dags/example_xcom.py
[2024-06-26T13:36:30.547+0000] {processor.py:753} INFO - DAG(s) dict_keys(['example_xcom']) retrieved from /home/airflow/.local/lib/python3.7/site-packages/airflow/example_dags/example_xcom.py
[2024-06-26T13:36:30.566+0000] {logging_mixin.py:137} INFO - [2024-06-26T13:36:30.566+0000] {dag.py:2690} INFO - Sync 1 DAGs
[2024-06-26T13:36:30.586+0000] {logging_mixin.py:137} INFO - [2024-06-26T13:36:30.586+0000] {dag.py:3441} INFO - Setting next_dagrun for example_xcom to 2021-01-01T00:00:00+00:00, run_after=2021-01-01T00:00:00+00:00
[2024-06-26T13:36:30.602+0000] {processor.py:175} INFO - Processing /home/airflow/.local/lib/python3.7/site-packages/airflow/example_dags/example_xcom.py took 0.076 seconds
[2024-06-26T13:37:01.002+0000] {processor.py:153} INFO - Started process (PID=5990) to work on /home/airflow/.local/lib/python3.7/site-packages/airflow/example_dags/example_xcom.py
[2024-06-26T13:37:01.002+0000] {processor.py:743} INFO - Processing file /home/airflow/.local/lib/python3.7/site-packages/airflow/example_dags/example_xcom.py for tasks to queue
[2024-06-26T13:37:01.003+0000] {logging_mixin.py:137} INFO - [2024-06-26T13:37:01.003+0000] {dagbag.py:538} INFO - Filling up the DagBag from /home/airflow/.local/lib/python3.7/site-packages/airflow/example_dags/example_xcom.py
[2024-06-26T13:37:01.022+0000] {processor.py:753} INFO - DAG(s) dict_keys(['example_xcom']) retrieved from /home/airflow/.local/lib/python3.7/site-packages/airflow/example_dags/example_xcom.py
[2024-06-26T13:37:01.041+0000] {logging_mixin.py:137} INFO - [2024-06-26T13:37:01.041+0000] {dag.py:2690} INFO - Sync 1 DAGs
[2024-06-26T13:37:01.064+0000] {logging_mixin.py:137} INFO - [2024-06-26T13:37:01.064+0000] {dag.py:3441} INFO - Setting next_dagrun for example_xcom to 2021-01-01T00:00:00+00:00, run_after=2021-01-01T00:00:00+00:00
[2024-06-26T13:37:01.079+0000] {processor.py:175} INFO - Processing /home/airflow/.local/lib/python3.7/site-packages/airflow/example_dags/example_xcom.py took 0.079 seconds
[2024-06-26T13:37:31.847+0000] {processor.py:153} INFO - Started process (PID=6069) to work on /home/airflow/.local/lib/python3.7/site-packages/airflow/example_dags/example_xcom.py
[2024-06-26T13:37:31.848+0000] {processor.py:743} INFO - Processing file /home/airflow/.local/lib/python3.7/site-packages/airflow/example_dags/example_xcom.py for tasks to queue
[2024-06-26T13:37:31.848+0000] {logging_mixin.py:137} INFO - [2024-06-26T13:37:31.848+0000] {dagbag.py:538} INFO - Filling up the DagBag from /home/airflow/.local/lib/python3.7/site-packages/airflow/example_dags/example_xcom.py
[2024-06-26T13:37:31.867+0000] {processor.py:753} INFO - DAG(s) dict_keys(['example_xcom']) retrieved from /home/airflow/.local/lib/python3.7/site-packages/airflow/example_dags/example_xcom.py
[2024-06-26T13:37:31.886+0000] {logging_mixin.py:137} INFO - [2024-06-26T13:37:31.886+0000] {dag.py:2690} INFO - Sync 1 DAGs
[2024-06-26T13:37:31.907+0000] {logging_mixin.py:137} INFO - [2024-06-26T13:37:31.906+0000] {dag.py:3441} INFO - Setting next_dagrun for example_xcom to 2021-01-01T00:00:00+00:00, run_after=2021-01-01T00:00:00+00:00
[2024-06-26T13:37:31.920+0000] {processor.py:175} INFO - Processing /home/airflow/.local/lib/python3.7/site-packages/airflow/example_dags/example_xcom.py took 0.075 seconds
[2024-06-26T13:38:02.786+0000] {processor.py:153} INFO - Started process (PID=6168) to work on /home/airflow/.local/lib/python3.7/site-packages/airflow/example_dags/example_xcom.py
[2024-06-26T13:38:02.786+0000] {processor.py:743} INFO - Processing file /home/airflow/.local/lib/python3.7/site-packages/airflow/example_dags/example_xcom.py for tasks to queue
[2024-06-26T13:38:02.787+0000] {logging_mixin.py:137} INFO - [2024-06-26T13:38:02.787+0000] {dagbag.py:538} INFO - Filling up the DagBag from /home/airflow/.local/lib/python3.7/site-packages/airflow/example_dags/example_xcom.py
[2024-06-26T13:38:02.803+0000] {processor.py:753} INFO - DAG(s) dict_keys(['example_xcom']) retrieved from /home/airflow/.local/lib/python3.7/site-packages/airflow/example_dags/example_xcom.py
[2024-06-26T13:38:02.821+0000] {logging_mixin.py:137} INFO - [2024-06-26T13:38:02.821+0000] {dag.py:2690} INFO - Sync 1 DAGs
[2024-06-26T13:38:02.839+0000] {logging_mixin.py:137} INFO - [2024-06-26T13:38:02.839+0000] {dag.py:3441} INFO - Setting next_dagrun for example_xcom to 2021-01-01T00:00:00+00:00, run_after=2021-01-01T00:00:00+00:00
[2024-06-26T13:38:02.852+0000] {processor.py:175} INFO - Processing /home/airflow/.local/lib/python3.7/site-packages/airflow/example_dags/example_xcom.py took 0.068 seconds
[2024-06-26T13:38:33.554+0000] {processor.py:153} INFO - Started process (PID=6247) to work on /home/airflow/.local/lib/python3.7/site-packages/airflow/example_dags/example_xcom.py
[2024-06-26T13:38:33.555+0000] {processor.py:743} INFO - Processing file /home/airflow/.local/lib/python3.7/site-packages/airflow/example_dags/example_xcom.py for tasks to queue
[2024-06-26T13:38:33.555+0000] {logging_mixin.py:137} INFO - [2024-06-26T13:38:33.555+0000] {dagbag.py:538} INFO - Filling up the DagBag from /home/airflow/.local/lib/python3.7/site-packages/airflow/example_dags/example_xcom.py
[2024-06-26T13:38:33.571+0000] {processor.py:753} INFO - DAG(s) dict_keys(['example_xcom']) retrieved from /home/airflow/.local/lib/python3.7/site-packages/airflow/example_dags/example_xcom.py
[2024-06-26T13:38:33.590+0000] {logging_mixin.py:137} INFO - [2024-06-26T13:38:33.590+0000] {dag.py:2690} INFO - Sync 1 DAGs
[2024-06-26T13:38:33.609+0000] {logging_mixin.py:137} INFO - [2024-06-26T13:38:33.609+0000] {dag.py:3441} INFO - Setting next_dagrun for example_xcom to 2021-01-01T00:00:00+00:00, run_after=2021-01-01T00:00:00+00:00
[2024-06-26T13:38:33.623+0000] {processor.py:175} INFO - Processing /home/airflow/.local/lib/python3.7/site-packages/airflow/example_dags/example_xcom.py took 0.071 seconds
[2024-06-26T13:39:04.281+0000] {processor.py:153} INFO - Started process (PID=6346) to work on /home/airflow/.local/lib/python3.7/site-packages/airflow/example_dags/example_xcom.py
[2024-06-26T13:39:04.282+0000] {processor.py:743} INFO - Processing file /home/airflow/.local/lib/python3.7/site-packages/airflow/example_dags/example_xcom.py for tasks to queue
[2024-06-26T13:39:04.282+0000] {logging_mixin.py:137} INFO - [2024-06-26T13:39:04.282+0000] {dagbag.py:538} INFO - Filling up the DagBag from /home/airflow/.local/lib/python3.7/site-packages/airflow/example_dags/example_xcom.py
[2024-06-26T13:39:04.300+0000] {processor.py:753} INFO - DAG(s) dict_keys(['example_xcom']) retrieved from /home/airflow/.local/lib/python3.7/site-packages/airflow/example_dags/example_xcom.py
[2024-06-26T13:39:04.318+0000] {logging_mixin.py:137} INFO - [2024-06-26T13:39:04.318+0000] {dag.py:2690} INFO - Sync 1 DAGs
[2024-06-26T13:39:04.336+0000] {logging_mixin.py:137} INFO - [2024-06-26T13:39:04.336+0000] {dag.py:3441} INFO - Setting next_dagrun for example_xcom to 2021-01-01T00:00:00+00:00, run_after=2021-01-01T00:00:00+00:00
[2024-06-26T13:39:04.350+0000] {processor.py:175} INFO - Processing /home/airflow/.local/lib/python3.7/site-packages/airflow/example_dags/example_xcom.py took 0.071 seconds
[2024-06-26T13:39:35.083+0000] {processor.py:153} INFO - Started process (PID=6445) to work on /home/airflow/.local/lib/python3.7/site-packages/airflow/example_dags/example_xcom.py
[2024-06-26T13:39:35.084+0000] {processor.py:743} INFO - Processing file /home/airflow/.local/lib/python3.7/site-packages/airflow/example_dags/example_xcom.py for tasks to queue
[2024-06-26T13:39:35.084+0000] {logging_mixin.py:137} INFO - [2024-06-26T13:39:35.084+0000] {dagbag.py:538} INFO - Filling up the DagBag from /home/airflow/.local/lib/python3.7/site-packages/airflow/example_dags/example_xcom.py
[2024-06-26T13:39:35.105+0000] {processor.py:753} INFO - DAG(s) dict_keys(['example_xcom']) retrieved from /home/airflow/.local/lib/python3.7/site-packages/airflow/example_dags/example_xcom.py
[2024-06-26T13:39:35.135+0000] {logging_mixin.py:137} INFO - [2024-06-26T13:39:35.134+0000] {dag.py:2690} INFO - Sync 1 DAGs
[2024-06-26T13:39:35.168+0000] {logging_mixin.py:137} INFO - [2024-06-26T13:39:35.167+0000] {dag.py:3441} INFO - Setting next_dagrun for example_xcom to 2021-01-01T00:00:00+00:00, run_after=2021-01-01T00:00:00+00:00
[2024-06-26T13:39:35.183+0000] {processor.py:175} INFO - Processing /home/airflow/.local/lib/python3.7/site-packages/airflow/example_dags/example_xcom.py took 0.103 seconds
