[2024-06-26T13:03:43.926+0000] {processor.py:153} INFO - Started process (PID=46) to work on /home/airflow/.local/lib/python3.7/site-packages/airflow/example_dags/tutorial.py
[2024-06-26T13:03:43.927+0000] {processor.py:743} INFO - Processing file /home/airflow/.local/lib/python3.7/site-packages/airflow/example_dags/tutorial.py for tasks to queue
[2024-06-26T13:03:43.927+0000] {logging_mixin.py:137} INFO - [2024-06-26T13:03:43.927+0000] {dagbag.py:538} INFO - Filling up the DagBag from /home/airflow/.local/lib/python3.7/site-packages/airflow/example_dags/tutorial.py
[2024-06-26T13:03:43.939+0000] {processor.py:753} INFO - DAG(s) dict_keys(['tutorial']) retrieved from /home/airflow/.local/lib/python3.7/site-packages/airflow/example_dags/tutorial.py
[2024-06-26T13:03:43.955+0000] {logging_mixin.py:137} INFO - [2024-06-26T13:03:43.955+0000] {dag.py:2690} INFO - Sync 1 DAGs
[2024-06-26T13:03:43.975+0000] {logging_mixin.py:137} INFO - [2024-06-26T13:03:43.975+0000] {dag.py:3441} INFO - Setting next_dagrun for tutorial to 2024-06-25T13:03:43.974961+00:00, run_after=2024-06-26T13:03:43.974961+00:00
[2024-06-26T13:03:43.989+0000] {processor.py:175} INFO - Processing /home/airflow/.local/lib/python3.7/site-packages/airflow/example_dags/tutorial.py took 0.065 seconds
[2024-06-26T13:04:14.871+0000] {processor.py:153} INFO - Started process (PID=145) to work on /home/airflow/.local/lib/python3.7/site-packages/airflow/example_dags/tutorial.py
[2024-06-26T13:04:14.871+0000] {processor.py:743} INFO - Processing file /home/airflow/.local/lib/python3.7/site-packages/airflow/example_dags/tutorial.py for tasks to queue
[2024-06-26T13:04:14.872+0000] {logging_mixin.py:137} INFO - [2024-06-26T13:04:14.871+0000] {dagbag.py:538} INFO - Filling up the DagBag from /home/airflow/.local/lib/python3.7/site-packages/airflow/example_dags/tutorial.py
[2024-06-26T13:04:14.880+0000] {processor.py:753} INFO - DAG(s) dict_keys(['tutorial']) retrieved from /home/airflow/.local/lib/python3.7/site-packages/airflow/example_dags/tutorial.py
[2024-06-26T13:04:14.896+0000] {logging_mixin.py:137} INFO - [2024-06-26T13:04:14.896+0000] {dag.py:2690} INFO - Sync 1 DAGs
[2024-06-26T13:04:14.915+0000] {logging_mixin.py:137} INFO - [2024-06-26T13:04:14.915+0000] {dag.py:3441} INFO - Setting next_dagrun for tutorial to 2024-06-25T13:04:14.914939+00:00, run_after=2024-06-26T13:04:14.914939+00:00
[2024-06-26T13:04:14.927+0000] {processor.py:175} INFO - Processing /home/airflow/.local/lib/python3.7/site-packages/airflow/example_dags/tutorial.py took 0.058 seconds
[2024-06-26T13:04:45.589+0000] {processor.py:153} INFO - Started process (PID=224) to work on /home/airflow/.local/lib/python3.7/site-packages/airflow/example_dags/tutorial.py
[2024-06-26T13:04:45.590+0000] {processor.py:743} INFO - Processing file /home/airflow/.local/lib/python3.7/site-packages/airflow/example_dags/tutorial.py for tasks to queue
[2024-06-26T13:04:45.590+0000] {logging_mixin.py:137} INFO - [2024-06-26T13:04:45.590+0000] {dagbag.py:538} INFO - Filling up the DagBag from /home/airflow/.local/lib/python3.7/site-packages/airflow/example_dags/tutorial.py
[2024-06-26T13:04:45.599+0000] {processor.py:753} INFO - DAG(s) dict_keys(['tutorial']) retrieved from /home/airflow/.local/lib/python3.7/site-packages/airflow/example_dags/tutorial.py
[2024-06-26T13:04:45.616+0000] {logging_mixin.py:137} INFO - [2024-06-26T13:04:45.616+0000] {dag.py:2690} INFO - Sync 1 DAGs
[2024-06-26T13:04:45.635+0000] {logging_mixin.py:137} INFO - [2024-06-26T13:04:45.635+0000] {dag.py:3441} INFO - Setting next_dagrun for tutorial to 2024-06-25T13:04:45.635106+00:00, run_after=2024-06-26T13:04:45.635106+00:00
[2024-06-26T13:04:45.648+0000] {processor.py:175} INFO - Processing /home/airflow/.local/lib/python3.7/site-packages/airflow/example_dags/tutorial.py took 0.060 seconds
[2024-06-26T13:05:16.298+0000] {processor.py:153} INFO - Started process (PID=323) to work on /home/airflow/.local/lib/python3.7/site-packages/airflow/example_dags/tutorial.py
[2024-06-26T13:05:16.299+0000] {processor.py:743} INFO - Processing file /home/airflow/.local/lib/python3.7/site-packages/airflow/example_dags/tutorial.py for tasks to queue
[2024-06-26T13:05:16.299+0000] {logging_mixin.py:137} INFO - [2024-06-26T13:05:16.299+0000] {dagbag.py:538} INFO - Filling up the DagBag from /home/airflow/.local/lib/python3.7/site-packages/airflow/example_dags/tutorial.py
[2024-06-26T13:05:16.308+0000] {processor.py:753} INFO - DAG(s) dict_keys(['tutorial']) retrieved from /home/airflow/.local/lib/python3.7/site-packages/airflow/example_dags/tutorial.py
[2024-06-26T13:05:16.327+0000] {logging_mixin.py:137} INFO - [2024-06-26T13:05:16.327+0000] {dag.py:2690} INFO - Sync 1 DAGs
[2024-06-26T13:05:16.347+0000] {logging_mixin.py:137} INFO - [2024-06-26T13:05:16.346+0000] {dag.py:3441} INFO - Setting next_dagrun for tutorial to 2024-06-25T13:05:16.346772+00:00, run_after=2024-06-26T13:05:16.346772+00:00
[2024-06-26T13:05:16.360+0000] {processor.py:175} INFO - Processing /home/airflow/.local/lib/python3.7/site-packages/airflow/example_dags/tutorial.py took 0.063 seconds
[2024-06-26T13:05:47.089+0000] {processor.py:153} INFO - Started process (PID=422) to work on /home/airflow/.local/lib/python3.7/site-packages/airflow/example_dags/tutorial.py
[2024-06-26T13:05:47.089+0000] {processor.py:743} INFO - Processing file /home/airflow/.local/lib/python3.7/site-packages/airflow/example_dags/tutorial.py for tasks to queue
[2024-06-26T13:05:47.090+0000] {logging_mixin.py:137} INFO - [2024-06-26T13:05:47.090+0000] {dagbag.py:538} INFO - Filling up the DagBag from /home/airflow/.local/lib/python3.7/site-packages/airflow/example_dags/tutorial.py
[2024-06-26T13:05:47.099+0000] {processor.py:753} INFO - DAG(s) dict_keys(['tutorial']) retrieved from /home/airflow/.local/lib/python3.7/site-packages/airflow/example_dags/tutorial.py
[2024-06-26T13:05:47.115+0000] {logging_mixin.py:137} INFO - [2024-06-26T13:05:47.115+0000] {dag.py:2690} INFO - Sync 1 DAGs
[2024-06-26T13:05:47.135+0000] {logging_mixin.py:137} INFO - [2024-06-26T13:05:47.135+0000] {dag.py:3441} INFO - Setting next_dagrun for tutorial to 2024-06-25T13:05:47.134923+00:00, run_after=2024-06-26T13:05:47.134923+00:00
[2024-06-26T13:05:47.149+0000] {processor.py:175} INFO - Processing /home/airflow/.local/lib/python3.7/site-packages/airflow/example_dags/tutorial.py took 0.062 seconds
[2024-06-26T13:06:17.847+0000] {processor.py:153} INFO - Started process (PID=501) to work on /home/airflow/.local/lib/python3.7/site-packages/airflow/example_dags/tutorial.py
[2024-06-26T13:06:17.847+0000] {processor.py:743} INFO - Processing file /home/airflow/.local/lib/python3.7/site-packages/airflow/example_dags/tutorial.py for tasks to queue
[2024-06-26T13:06:17.848+0000] {logging_mixin.py:137} INFO - [2024-06-26T13:06:17.848+0000] {dagbag.py:538} INFO - Filling up the DagBag from /home/airflow/.local/lib/python3.7/site-packages/airflow/example_dags/tutorial.py
[2024-06-26T13:06:17.857+0000] {processor.py:753} INFO - DAG(s) dict_keys(['tutorial']) retrieved from /home/airflow/.local/lib/python3.7/site-packages/airflow/example_dags/tutorial.py
[2024-06-26T13:06:17.874+0000] {logging_mixin.py:137} INFO - [2024-06-26T13:06:17.874+0000] {dag.py:2690} INFO - Sync 1 DAGs
[2024-06-26T13:06:17.892+0000] {logging_mixin.py:137} INFO - [2024-06-26T13:06:17.892+0000] {dag.py:3441} INFO - Setting next_dagrun for tutorial to 2024-06-25T13:06:17.891924+00:00, run_after=2024-06-26T13:06:17.891924+00:00
[2024-06-26T13:06:17.904+0000] {processor.py:175} INFO - Processing /home/airflow/.local/lib/python3.7/site-packages/airflow/example_dags/tutorial.py took 0.059 seconds
[2024-06-26T13:06:48.538+0000] {processor.py:153} INFO - Started process (PID=600) to work on /home/airflow/.local/lib/python3.7/site-packages/airflow/example_dags/tutorial.py
[2024-06-26T13:06:48.539+0000] {processor.py:743} INFO - Processing file /home/airflow/.local/lib/python3.7/site-packages/airflow/example_dags/tutorial.py for tasks to queue
[2024-06-26T13:06:48.540+0000] {logging_mixin.py:137} INFO - [2024-06-26T13:06:48.539+0000] {dagbag.py:538} INFO - Filling up the DagBag from /home/airflow/.local/lib/python3.7/site-packages/airflow/example_dags/tutorial.py
[2024-06-26T13:06:48.551+0000] {processor.py:753} INFO - DAG(s) dict_keys(['tutorial']) retrieved from /home/airflow/.local/lib/python3.7/site-packages/airflow/example_dags/tutorial.py
[2024-06-26T13:06:48.572+0000] {logging_mixin.py:137} INFO - [2024-06-26T13:06:48.571+0000] {dag.py:2690} INFO - Sync 1 DAGs
[2024-06-26T13:06:48.595+0000] {logging_mixin.py:137} INFO - [2024-06-26T13:06:48.595+0000] {dag.py:3441} INFO - Setting next_dagrun for tutorial to 2024-06-25T13:06:48.595333+00:00, run_after=2024-06-26T13:06:48.595333+00:00
[2024-06-26T13:06:48.612+0000] {processor.py:175} INFO - Processing /home/airflow/.local/lib/python3.7/site-packages/airflow/example_dags/tutorial.py took 0.076 seconds
[2024-06-26T13:07:18.678+0000] {processor.py:153} INFO - Started process (PID=679) to work on /home/airflow/.local/lib/python3.7/site-packages/airflow/example_dags/tutorial.py
[2024-06-26T13:07:18.678+0000] {processor.py:743} INFO - Processing file /home/airflow/.local/lib/python3.7/site-packages/airflow/example_dags/tutorial.py for tasks to queue
[2024-06-26T13:07:18.679+0000] {logging_mixin.py:137} INFO - [2024-06-26T13:07:18.679+0000] {dagbag.py:538} INFO - Filling up the DagBag from /home/airflow/.local/lib/python3.7/site-packages/airflow/example_dags/tutorial.py
[2024-06-26T13:07:18.689+0000] {processor.py:753} INFO - DAG(s) dict_keys(['tutorial']) retrieved from /home/airflow/.local/lib/python3.7/site-packages/airflow/example_dags/tutorial.py
[2024-06-26T13:07:18.704+0000] {logging_mixin.py:137} INFO - [2024-06-26T13:07:18.704+0000] {dag.py:2690} INFO - Sync 1 DAGs
[2024-06-26T13:07:18.723+0000] {logging_mixin.py:137} INFO - [2024-06-26T13:07:18.722+0000] {dag.py:3441} INFO - Setting next_dagrun for tutorial to 2024-06-25T13:07:18.722788+00:00, run_after=2024-06-26T13:07:18.722788+00:00
[2024-06-26T13:07:18.735+0000] {processor.py:175} INFO - Processing /home/airflow/.local/lib/python3.7/site-packages/airflow/example_dags/tutorial.py took 0.059 seconds
[2024-06-26T13:07:48.885+0000] {processor.py:153} INFO - Started process (PID=778) to work on /home/airflow/.local/lib/python3.7/site-packages/airflow/example_dags/tutorial.py
[2024-06-26T13:07:48.885+0000] {processor.py:743} INFO - Processing file /home/airflow/.local/lib/python3.7/site-packages/airflow/example_dags/tutorial.py for tasks to queue
[2024-06-26T13:07:48.886+0000] {logging_mixin.py:137} INFO - [2024-06-26T13:07:48.885+0000] {dagbag.py:538} INFO - Filling up the DagBag from /home/airflow/.local/lib/python3.7/site-packages/airflow/example_dags/tutorial.py
[2024-06-26T13:07:48.896+0000] {processor.py:753} INFO - DAG(s) dict_keys(['tutorial']) retrieved from /home/airflow/.local/lib/python3.7/site-packages/airflow/example_dags/tutorial.py
[2024-06-26T13:07:48.913+0000] {logging_mixin.py:137} INFO - [2024-06-26T13:07:48.913+0000] {dag.py:2690} INFO - Sync 1 DAGs
[2024-06-26T13:07:48.935+0000] {logging_mixin.py:137} INFO - [2024-06-26T13:07:48.934+0000] {dag.py:3441} INFO - Setting next_dagrun for tutorial to 2024-06-25T13:07:48.934739+00:00, run_after=2024-06-26T13:07:48.934739+00:00
[2024-06-26T13:07:48.951+0000] {processor.py:175} INFO - Processing /home/airflow/.local/lib/python3.7/site-packages/airflow/example_dags/tutorial.py took 0.069 seconds
[2024-06-26T13:08:19.092+0000] {processor.py:153} INFO - Started process (PID=857) to work on /home/airflow/.local/lib/python3.7/site-packages/airflow/example_dags/tutorial.py
[2024-06-26T13:08:19.092+0000] {processor.py:743} INFO - Processing file /home/airflow/.local/lib/python3.7/site-packages/airflow/example_dags/tutorial.py for tasks to queue
[2024-06-26T13:08:19.093+0000] {logging_mixin.py:137} INFO - [2024-06-26T13:08:19.093+0000] {dagbag.py:538} INFO - Filling up the DagBag from /home/airflow/.local/lib/python3.7/site-packages/airflow/example_dags/tutorial.py
[2024-06-26T13:08:19.102+0000] {processor.py:753} INFO - DAG(s) dict_keys(['tutorial']) retrieved from /home/airflow/.local/lib/python3.7/site-packages/airflow/example_dags/tutorial.py
[2024-06-26T13:08:19.121+0000] {logging_mixin.py:137} INFO - [2024-06-26T13:08:19.121+0000] {dag.py:2690} INFO - Sync 1 DAGs
[2024-06-26T13:08:19.144+0000] {logging_mixin.py:137} INFO - [2024-06-26T13:08:19.143+0000] {dag.py:3441} INFO - Setting next_dagrun for tutorial to 2024-06-25T13:08:19.143471+00:00, run_after=2024-06-26T13:08:19.143471+00:00
[2024-06-26T13:08:19.163+0000] {processor.py:175} INFO - Processing /home/airflow/.local/lib/python3.7/site-packages/airflow/example_dags/tutorial.py took 0.073 seconds
[2024-06-26T13:08:49.255+0000] {processor.py:153} INFO - Started process (PID=956) to work on /home/airflow/.local/lib/python3.7/site-packages/airflow/example_dags/tutorial.py
[2024-06-26T13:08:49.255+0000] {processor.py:743} INFO - Processing file /home/airflow/.local/lib/python3.7/site-packages/airflow/example_dags/tutorial.py for tasks to queue
[2024-06-26T13:08:49.256+0000] {logging_mixin.py:137} INFO - [2024-06-26T13:08:49.256+0000] {dagbag.py:538} INFO - Filling up the DagBag from /home/airflow/.local/lib/python3.7/site-packages/airflow/example_dags/tutorial.py
[2024-06-26T13:08:49.264+0000] {processor.py:753} INFO - DAG(s) dict_keys(['tutorial']) retrieved from /home/airflow/.local/lib/python3.7/site-packages/airflow/example_dags/tutorial.py
[2024-06-26T13:08:49.280+0000] {logging_mixin.py:137} INFO - [2024-06-26T13:08:49.280+0000] {dag.py:2690} INFO - Sync 1 DAGs
[2024-06-26T13:08:49.298+0000] {logging_mixin.py:137} INFO - [2024-06-26T13:08:49.298+0000] {dag.py:3441} INFO - Setting next_dagrun for tutorial to 2024-06-25T13:08:49.297989+00:00, run_after=2024-06-26T13:08:49.297989+00:00
[2024-06-26T13:08:49.310+0000] {processor.py:175} INFO - Processing /home/airflow/.local/lib/python3.7/site-packages/airflow/example_dags/tutorial.py took 0.057 seconds
[2024-06-26T13:09:20.154+0000] {processor.py:153} INFO - Started process (PID=1055) to work on /home/airflow/.local/lib/python3.7/site-packages/airflow/example_dags/tutorial.py
[2024-06-26T13:09:20.154+0000] {processor.py:743} INFO - Processing file /home/airflow/.local/lib/python3.7/site-packages/airflow/example_dags/tutorial.py for tasks to queue
[2024-06-26T13:09:20.155+0000] {logging_mixin.py:137} INFO - [2024-06-26T13:09:20.155+0000] {dagbag.py:538} INFO - Filling up the DagBag from /home/airflow/.local/lib/python3.7/site-packages/airflow/example_dags/tutorial.py
[2024-06-26T13:09:20.164+0000] {processor.py:753} INFO - DAG(s) dict_keys(['tutorial']) retrieved from /home/airflow/.local/lib/python3.7/site-packages/airflow/example_dags/tutorial.py
[2024-06-26T13:09:20.181+0000] {logging_mixin.py:137} INFO - [2024-06-26T13:09:20.181+0000] {dag.py:2690} INFO - Sync 1 DAGs
[2024-06-26T13:09:20.199+0000] {logging_mixin.py:137} INFO - [2024-06-26T13:09:20.199+0000] {dag.py:3441} INFO - Setting next_dagrun for tutorial to 2024-06-25T13:09:20.199518+00:00, run_after=2024-06-26T13:09:20.199518+00:00
[2024-06-26T13:09:20.214+0000] {processor.py:175} INFO - Processing /home/airflow/.local/lib/python3.7/site-packages/airflow/example_dags/tutorial.py took 0.062 seconds
[2024-06-26T13:09:50.951+0000] {processor.py:153} INFO - Started process (PID=1134) to work on /home/airflow/.local/lib/python3.7/site-packages/airflow/example_dags/tutorial.py
[2024-06-26T13:09:50.951+0000] {processor.py:743} INFO - Processing file /home/airflow/.local/lib/python3.7/site-packages/airflow/example_dags/tutorial.py for tasks to queue
[2024-06-26T13:09:50.951+0000] {logging_mixin.py:137} INFO - [2024-06-26T13:09:50.951+0000] {dagbag.py:538} INFO - Filling up the DagBag from /home/airflow/.local/lib/python3.7/site-packages/airflow/example_dags/tutorial.py
[2024-06-26T13:09:50.960+0000] {processor.py:753} INFO - DAG(s) dict_keys(['tutorial']) retrieved from /home/airflow/.local/lib/python3.7/site-packages/airflow/example_dags/tutorial.py
[2024-06-26T13:09:50.977+0000] {logging_mixin.py:137} INFO - [2024-06-26T13:09:50.977+0000] {dag.py:2690} INFO - Sync 1 DAGs
[2024-06-26T13:09:50.995+0000] {logging_mixin.py:137} INFO - [2024-06-26T13:09:50.995+0000] {dag.py:3441} INFO - Setting next_dagrun for tutorial to 2024-06-25T13:09:50.995343+00:00, run_after=2024-06-26T13:09:50.995343+00:00
[2024-06-26T13:09:51.007+0000] {processor.py:175} INFO - Processing /home/airflow/.local/lib/python3.7/site-packages/airflow/example_dags/tutorial.py took 0.059 seconds
[2024-06-26T13:10:21.734+0000] {processor.py:153} INFO - Started process (PID=1233) to work on /home/airflow/.local/lib/python3.7/site-packages/airflow/example_dags/tutorial.py
[2024-06-26T13:10:21.734+0000] {processor.py:743} INFO - Processing file /home/airflow/.local/lib/python3.7/site-packages/airflow/example_dags/tutorial.py for tasks to queue
[2024-06-26T13:10:21.735+0000] {logging_mixin.py:137} INFO - [2024-06-26T13:10:21.735+0000] {dagbag.py:538} INFO - Filling up the DagBag from /home/airflow/.local/lib/python3.7/site-packages/airflow/example_dags/tutorial.py
[2024-06-26T13:10:21.746+0000] {processor.py:753} INFO - DAG(s) dict_keys(['tutorial']) retrieved from /home/airflow/.local/lib/python3.7/site-packages/airflow/example_dags/tutorial.py
[2024-06-26T13:10:21.767+0000] {logging_mixin.py:137} INFO - [2024-06-26T13:10:21.767+0000] {dag.py:2690} INFO - Sync 1 DAGs
[2024-06-26T13:10:21.788+0000] {logging_mixin.py:137} INFO - [2024-06-26T13:10:21.788+0000] {dag.py:3441} INFO - Setting next_dagrun for tutorial to 2024-06-25T13:10:21.787948+00:00, run_after=2024-06-26T13:10:21.787948+00:00
[2024-06-26T13:10:21.802+0000] {processor.py:175} INFO - Processing /home/airflow/.local/lib/python3.7/site-packages/airflow/example_dags/tutorial.py took 0.070 seconds
[2024-06-26T13:10:52.544+0000] {processor.py:153} INFO - Started process (PID=1312) to work on /home/airflow/.local/lib/python3.7/site-packages/airflow/example_dags/tutorial.py
[2024-06-26T13:10:52.544+0000] {processor.py:743} INFO - Processing file /home/airflow/.local/lib/python3.7/site-packages/airflow/example_dags/tutorial.py for tasks to queue
[2024-06-26T13:10:52.545+0000] {logging_mixin.py:137} INFO - [2024-06-26T13:10:52.545+0000] {dagbag.py:538} INFO - Filling up the DagBag from /home/airflow/.local/lib/python3.7/site-packages/airflow/example_dags/tutorial.py
[2024-06-26T13:10:52.556+0000] {processor.py:753} INFO - DAG(s) dict_keys(['tutorial']) retrieved from /home/airflow/.local/lib/python3.7/site-packages/airflow/example_dags/tutorial.py
[2024-06-26T13:10:52.577+0000] {logging_mixin.py:137} INFO - [2024-06-26T13:10:52.576+0000] {dag.py:2690} INFO - Sync 1 DAGs
[2024-06-26T13:10:52.599+0000] {logging_mixin.py:137} INFO - [2024-06-26T13:10:52.599+0000] {dag.py:3441} INFO - Setting next_dagrun for tutorial to 2024-06-25T13:10:52.599100+00:00, run_after=2024-06-26T13:10:52.599100+00:00
[2024-06-26T13:10:52.615+0000] {processor.py:175} INFO - Processing /home/airflow/.local/lib/python3.7/site-packages/airflow/example_dags/tutorial.py took 0.075 seconds
[2024-06-26T13:11:23.543+0000] {processor.py:153} INFO - Started process (PID=1411) to work on /home/airflow/.local/lib/python3.7/site-packages/airflow/example_dags/tutorial.py
[2024-06-26T13:11:23.543+0000] {processor.py:743} INFO - Processing file /home/airflow/.local/lib/python3.7/site-packages/airflow/example_dags/tutorial.py for tasks to queue
[2024-06-26T13:11:23.544+0000] {logging_mixin.py:137} INFO - [2024-06-26T13:11:23.544+0000] {dagbag.py:538} INFO - Filling up the DagBag from /home/airflow/.local/lib/python3.7/site-packages/airflow/example_dags/tutorial.py
[2024-06-26T13:11:23.553+0000] {processor.py:753} INFO - DAG(s) dict_keys(['tutorial']) retrieved from /home/airflow/.local/lib/python3.7/site-packages/airflow/example_dags/tutorial.py
[2024-06-26T13:11:23.570+0000] {logging_mixin.py:137} INFO - [2024-06-26T13:11:23.570+0000] {dag.py:2690} INFO - Sync 1 DAGs
[2024-06-26T13:11:23.588+0000] {logging_mixin.py:137} INFO - [2024-06-26T13:11:23.588+0000] {dag.py:3441} INFO - Setting next_dagrun for tutorial to 2024-06-25T13:11:23.588696+00:00, run_after=2024-06-26T13:11:23.588696+00:00
[2024-06-26T13:11:23.601+0000] {processor.py:175} INFO - Processing /home/airflow/.local/lib/python3.7/site-packages/airflow/example_dags/tutorial.py took 0.060 seconds
[2024-06-26T13:11:54.331+0000] {processor.py:153} INFO - Started process (PID=1510) to work on /home/airflow/.local/lib/python3.7/site-packages/airflow/example_dags/tutorial.py
[2024-06-26T13:11:54.332+0000] {processor.py:743} INFO - Processing file /home/airflow/.local/lib/python3.7/site-packages/airflow/example_dags/tutorial.py for tasks to queue
[2024-06-26T13:11:54.332+0000] {logging_mixin.py:137} INFO - [2024-06-26T13:11:54.332+0000] {dagbag.py:538} INFO - Filling up the DagBag from /home/airflow/.local/lib/python3.7/site-packages/airflow/example_dags/tutorial.py
[2024-06-26T13:11:54.341+0000] {processor.py:753} INFO - DAG(s) dict_keys(['tutorial']) retrieved from /home/airflow/.local/lib/python3.7/site-packages/airflow/example_dags/tutorial.py
[2024-06-26T13:11:54.357+0000] {logging_mixin.py:137} INFO - [2024-06-26T13:11:54.357+0000] {dag.py:2690} INFO - Sync 1 DAGs
[2024-06-26T13:11:54.376+0000] {logging_mixin.py:137} INFO - [2024-06-26T13:11:54.376+0000] {dag.py:3441} INFO - Setting next_dagrun for tutorial to 2024-06-25T13:11:54.376174+00:00, run_after=2024-06-26T13:11:54.376174+00:00
[2024-06-26T13:11:54.388+0000] {processor.py:175} INFO - Processing /home/airflow/.local/lib/python3.7/site-packages/airflow/example_dags/tutorial.py took 0.059 seconds
[2024-06-26T13:12:25.150+0000] {processor.py:153} INFO - Started process (PID=1589) to work on /home/airflow/.local/lib/python3.7/site-packages/airflow/example_dags/tutorial.py
[2024-06-26T13:12:25.151+0000] {processor.py:743} INFO - Processing file /home/airflow/.local/lib/python3.7/site-packages/airflow/example_dags/tutorial.py for tasks to queue
[2024-06-26T13:12:25.151+0000] {logging_mixin.py:137} INFO - [2024-06-26T13:12:25.151+0000] {dagbag.py:538} INFO - Filling up the DagBag from /home/airflow/.local/lib/python3.7/site-packages/airflow/example_dags/tutorial.py
[2024-06-26T13:12:25.160+0000] {processor.py:753} INFO - DAG(s) dict_keys(['tutorial']) retrieved from /home/airflow/.local/lib/python3.7/site-packages/airflow/example_dags/tutorial.py
[2024-06-26T13:12:25.177+0000] {logging_mixin.py:137} INFO - [2024-06-26T13:12:25.177+0000] {dag.py:2690} INFO - Sync 1 DAGs
[2024-06-26T13:12:25.196+0000] {logging_mixin.py:137} INFO - [2024-06-26T13:12:25.196+0000] {dag.py:3441} INFO - Setting next_dagrun for tutorial to 2024-06-25T13:12:25.195942+00:00, run_after=2024-06-26T13:12:25.195942+00:00
[2024-06-26T13:12:25.208+0000] {processor.py:175} INFO - Processing /home/airflow/.local/lib/python3.7/site-packages/airflow/example_dags/tutorial.py took 0.059 seconds
[2024-06-26T13:12:55.917+0000] {processor.py:153} INFO - Started process (PID=1688) to work on /home/airflow/.local/lib/python3.7/site-packages/airflow/example_dags/tutorial.py
[2024-06-26T13:12:55.918+0000] {processor.py:743} INFO - Processing file /home/airflow/.local/lib/python3.7/site-packages/airflow/example_dags/tutorial.py for tasks to queue
[2024-06-26T13:12:55.918+0000] {logging_mixin.py:137} INFO - [2024-06-26T13:12:55.918+0000] {dagbag.py:538} INFO - Filling up the DagBag from /home/airflow/.local/lib/python3.7/site-packages/airflow/example_dags/tutorial.py
[2024-06-26T13:12:55.927+0000] {processor.py:753} INFO - DAG(s) dict_keys(['tutorial']) retrieved from /home/airflow/.local/lib/python3.7/site-packages/airflow/example_dags/tutorial.py
[2024-06-26T13:12:55.944+0000] {logging_mixin.py:137} INFO - [2024-06-26T13:12:55.943+0000] {dag.py:2690} INFO - Sync 1 DAGs
[2024-06-26T13:12:55.968+0000] {logging_mixin.py:137} INFO - [2024-06-26T13:12:55.968+0000] {dag.py:3441} INFO - Setting next_dagrun for tutorial to 2024-06-25T13:12:55.968354+00:00, run_after=2024-06-26T13:12:55.968354+00:00
[2024-06-26T13:12:55.981+0000] {processor.py:175} INFO - Processing /home/airflow/.local/lib/python3.7/site-packages/airflow/example_dags/tutorial.py took 0.066 seconds
[2024-06-26T13:13:26.731+0000] {processor.py:153} INFO - Started process (PID=1776) to work on /home/airflow/.local/lib/python3.7/site-packages/airflow/example_dags/tutorial.py
[2024-06-26T13:13:26.731+0000] {processor.py:743} INFO - Processing file /home/airflow/.local/lib/python3.7/site-packages/airflow/example_dags/tutorial.py for tasks to queue
[2024-06-26T13:13:26.732+0000] {logging_mixin.py:137} INFO - [2024-06-26T13:13:26.732+0000] {dagbag.py:538} INFO - Filling up the DagBag from /home/airflow/.local/lib/python3.7/site-packages/airflow/example_dags/tutorial.py
[2024-06-26T13:13:26.741+0000] {processor.py:753} INFO - DAG(s) dict_keys(['tutorial']) retrieved from /home/airflow/.local/lib/python3.7/site-packages/airflow/example_dags/tutorial.py
[2024-06-26T13:13:26.765+0000] {logging_mixin.py:137} INFO - [2024-06-26T13:13:26.765+0000] {dag.py:2690} INFO - Sync 1 DAGs
[2024-06-26T13:13:26.794+0000] {logging_mixin.py:137} INFO - [2024-06-26T13:13:26.793+0000] {dag.py:3441} INFO - Setting next_dagrun for tutorial to 2024-06-25T13:13:26.793756+00:00, run_after=2024-06-26T13:13:26.793756+00:00
[2024-06-26T13:13:26.840+0000] {processor.py:175} INFO - Processing /home/airflow/.local/lib/python3.7/site-packages/airflow/example_dags/tutorial.py took 0.111 seconds
[2024-06-26T13:13:57.643+0000] {processor.py:153} INFO - Started process (PID=1866) to work on /home/airflow/.local/lib/python3.7/site-packages/airflow/example_dags/tutorial.py
[2024-06-26T13:13:57.643+0000] {processor.py:743} INFO - Processing file /home/airflow/.local/lib/python3.7/site-packages/airflow/example_dags/tutorial.py for tasks to queue
[2024-06-26T13:13:57.644+0000] {logging_mixin.py:137} INFO - [2024-06-26T13:13:57.644+0000] {dagbag.py:538} INFO - Filling up the DagBag from /home/airflow/.local/lib/python3.7/site-packages/airflow/example_dags/tutorial.py
[2024-06-26T13:13:57.653+0000] {processor.py:753} INFO - DAG(s) dict_keys(['tutorial']) retrieved from /home/airflow/.local/lib/python3.7/site-packages/airflow/example_dags/tutorial.py
[2024-06-26T13:13:57.670+0000] {logging_mixin.py:137} INFO - [2024-06-26T13:13:57.670+0000] {dag.py:2690} INFO - Sync 1 DAGs
[2024-06-26T13:13:57.688+0000] {logging_mixin.py:137} INFO - [2024-06-26T13:13:57.688+0000] {dag.py:3441} INFO - Setting next_dagrun for tutorial to 2024-06-25T13:13:57.688434+00:00, run_after=2024-06-26T13:13:57.688434+00:00
[2024-06-26T13:13:57.700+0000] {processor.py:175} INFO - Processing /home/airflow/.local/lib/python3.7/site-packages/airflow/example_dags/tutorial.py took 0.059 seconds
[2024-06-26T13:14:28.347+0000] {processor.py:153} INFO - Started process (PID=1965) to work on /home/airflow/.local/lib/python3.7/site-packages/airflow/example_dags/tutorial.py
[2024-06-26T13:14:28.348+0000] {processor.py:743} INFO - Processing file /home/airflow/.local/lib/python3.7/site-packages/airflow/example_dags/tutorial.py for tasks to queue
[2024-06-26T13:14:28.348+0000] {logging_mixin.py:137} INFO - [2024-06-26T13:14:28.348+0000] {dagbag.py:538} INFO - Filling up the DagBag from /home/airflow/.local/lib/python3.7/site-packages/airflow/example_dags/tutorial.py
[2024-06-26T13:14:28.358+0000] {processor.py:753} INFO - DAG(s) dict_keys(['tutorial']) retrieved from /home/airflow/.local/lib/python3.7/site-packages/airflow/example_dags/tutorial.py
[2024-06-26T13:14:28.374+0000] {logging_mixin.py:137} INFO - [2024-06-26T13:14:28.374+0000] {dag.py:2690} INFO - Sync 1 DAGs
[2024-06-26T13:14:28.391+0000] {logging_mixin.py:137} INFO - [2024-06-26T13:14:28.391+0000] {dag.py:3441} INFO - Setting next_dagrun for tutorial to 2024-06-25T13:14:28.391074+00:00, run_after=2024-06-26T13:14:28.391074+00:00
[2024-06-26T13:14:28.404+0000] {processor.py:175} INFO - Processing /home/airflow/.local/lib/python3.7/site-packages/airflow/example_dags/tutorial.py took 0.058 seconds
[2024-06-26T13:14:59.148+0000] {processor.py:153} INFO - Started process (PID=2044) to work on /home/airflow/.local/lib/python3.7/site-packages/airflow/example_dags/tutorial.py
[2024-06-26T13:14:59.148+0000] {processor.py:743} INFO - Processing file /home/airflow/.local/lib/python3.7/site-packages/airflow/example_dags/tutorial.py for tasks to queue
[2024-06-26T13:14:59.149+0000] {logging_mixin.py:137} INFO - [2024-06-26T13:14:59.148+0000] {dagbag.py:538} INFO - Filling up the DagBag from /home/airflow/.local/lib/python3.7/site-packages/airflow/example_dags/tutorial.py
[2024-06-26T13:14:59.157+0000] {processor.py:753} INFO - DAG(s) dict_keys(['tutorial']) retrieved from /home/airflow/.local/lib/python3.7/site-packages/airflow/example_dags/tutorial.py
[2024-06-26T13:14:59.173+0000] {logging_mixin.py:137} INFO - [2024-06-26T13:14:59.173+0000] {dag.py:2690} INFO - Sync 1 DAGs
[2024-06-26T13:14:59.192+0000] {logging_mixin.py:137} INFO - [2024-06-26T13:14:59.192+0000] {dag.py:3441} INFO - Setting next_dagrun for tutorial to 2024-06-25T13:14:59.192299+00:00, run_after=2024-06-26T13:14:59.192299+00:00
[2024-06-26T13:14:59.204+0000] {processor.py:175} INFO - Processing /home/airflow/.local/lib/python3.7/site-packages/airflow/example_dags/tutorial.py took 0.058 seconds
[2024-06-26T13:15:30.178+0000] {processor.py:153} INFO - Started process (PID=2143) to work on /home/airflow/.local/lib/python3.7/site-packages/airflow/example_dags/tutorial.py
[2024-06-26T13:15:30.178+0000] {processor.py:743} INFO - Processing file /home/airflow/.local/lib/python3.7/site-packages/airflow/example_dags/tutorial.py for tasks to queue
[2024-06-26T13:15:30.179+0000] {logging_mixin.py:137} INFO - [2024-06-26T13:15:30.179+0000] {dagbag.py:538} INFO - Filling up the DagBag from /home/airflow/.local/lib/python3.7/site-packages/airflow/example_dags/tutorial.py
[2024-06-26T13:15:30.189+0000] {processor.py:753} INFO - DAG(s) dict_keys(['tutorial']) retrieved from /home/airflow/.local/lib/python3.7/site-packages/airflow/example_dags/tutorial.py
[2024-06-26T13:15:30.208+0000] {logging_mixin.py:137} INFO - [2024-06-26T13:15:30.208+0000] {dag.py:2690} INFO - Sync 1 DAGs
[2024-06-26T13:15:30.227+0000] {logging_mixin.py:137} INFO - [2024-06-26T13:15:30.227+0000] {dag.py:3441} INFO - Setting next_dagrun for tutorial to 2024-06-25T13:15:30.227067+00:00, run_after=2024-06-26T13:15:30.227067+00:00
[2024-06-26T13:15:30.239+0000] {processor.py:175} INFO - Processing /home/airflow/.local/lib/python3.7/site-packages/airflow/example_dags/tutorial.py took 0.065 seconds
[2024-06-26T13:16:00.920+0000] {processor.py:153} INFO - Started process (PID=2242) to work on /home/airflow/.local/lib/python3.7/site-packages/airflow/example_dags/tutorial.py
[2024-06-26T13:16:00.921+0000] {processor.py:743} INFO - Processing file /home/airflow/.local/lib/python3.7/site-packages/airflow/example_dags/tutorial.py for tasks to queue
[2024-06-26T13:16:00.921+0000] {logging_mixin.py:137} INFO - [2024-06-26T13:16:00.921+0000] {dagbag.py:538} INFO - Filling up the DagBag from /home/airflow/.local/lib/python3.7/site-packages/airflow/example_dags/tutorial.py
[2024-06-26T13:16:00.931+0000] {processor.py:753} INFO - DAG(s) dict_keys(['tutorial']) retrieved from /home/airflow/.local/lib/python3.7/site-packages/airflow/example_dags/tutorial.py
[2024-06-26T13:16:00.950+0000] {logging_mixin.py:137} INFO - [2024-06-26T13:16:00.950+0000] {dag.py:2690} INFO - Sync 1 DAGs
[2024-06-26T13:16:00.969+0000] {logging_mixin.py:137} INFO - [2024-06-26T13:16:00.968+0000] {dag.py:3441} INFO - Setting next_dagrun for tutorial to 2024-06-25T13:16:00.968799+00:00, run_after=2024-06-26T13:16:00.968799+00:00
[2024-06-26T13:16:00.982+0000] {processor.py:175} INFO - Processing /home/airflow/.local/lib/python3.7/site-packages/airflow/example_dags/tutorial.py took 0.063 seconds
[2024-06-26T13:16:31.795+0000] {processor.py:153} INFO - Started process (PID=2321) to work on /home/airflow/.local/lib/python3.7/site-packages/airflow/example_dags/tutorial.py
[2024-06-26T13:16:31.796+0000] {processor.py:743} INFO - Processing file /home/airflow/.local/lib/python3.7/site-packages/airflow/example_dags/tutorial.py for tasks to queue
[2024-06-26T13:16:31.796+0000] {logging_mixin.py:137} INFO - [2024-06-26T13:16:31.796+0000] {dagbag.py:538} INFO - Filling up the DagBag from /home/airflow/.local/lib/python3.7/site-packages/airflow/example_dags/tutorial.py
[2024-06-26T13:16:31.805+0000] {processor.py:753} INFO - DAG(s) dict_keys(['tutorial']) retrieved from /home/airflow/.local/lib/python3.7/site-packages/airflow/example_dags/tutorial.py
[2024-06-26T13:16:31.821+0000] {logging_mixin.py:137} INFO - [2024-06-26T13:16:31.821+0000] {dag.py:2690} INFO - Sync 1 DAGs
[2024-06-26T13:16:31.839+0000] {logging_mixin.py:137} INFO - [2024-06-26T13:16:31.839+0000] {dag.py:3441} INFO - Setting next_dagrun for tutorial to 2024-06-25T13:16:31.839068+00:00, run_after=2024-06-26T13:16:31.839068+00:00
[2024-06-26T13:16:31.851+0000] {processor.py:175} INFO - Processing /home/airflow/.local/lib/python3.7/site-packages/airflow/example_dags/tutorial.py took 0.058 seconds
[2024-06-26T13:17:02.544+0000] {processor.py:153} INFO - Started process (PID=2420) to work on /home/airflow/.local/lib/python3.7/site-packages/airflow/example_dags/tutorial.py
[2024-06-26T13:17:02.544+0000] {processor.py:743} INFO - Processing file /home/airflow/.local/lib/python3.7/site-packages/airflow/example_dags/tutorial.py for tasks to queue
[2024-06-26T13:17:02.544+0000] {logging_mixin.py:137} INFO - [2024-06-26T13:17:02.544+0000] {dagbag.py:538} INFO - Filling up the DagBag from /home/airflow/.local/lib/python3.7/site-packages/airflow/example_dags/tutorial.py
[2024-06-26T13:17:02.553+0000] {processor.py:753} INFO - DAG(s) dict_keys(['tutorial']) retrieved from /home/airflow/.local/lib/python3.7/site-packages/airflow/example_dags/tutorial.py
[2024-06-26T13:17:02.571+0000] {logging_mixin.py:137} INFO - [2024-06-26T13:17:02.570+0000] {dag.py:2690} INFO - Sync 1 DAGs
[2024-06-26T13:17:02.590+0000] {logging_mixin.py:137} INFO - [2024-06-26T13:17:02.590+0000] {dag.py:3441} INFO - Setting next_dagrun for tutorial to 2024-06-25T13:17:02.590272+00:00, run_after=2024-06-26T13:17:02.590272+00:00
[2024-06-26T13:17:02.604+0000] {processor.py:175} INFO - Processing /home/airflow/.local/lib/python3.7/site-packages/airflow/example_dags/tutorial.py took 0.062 seconds
[2024-06-26T13:17:33.545+0000] {processor.py:153} INFO - Started process (PID=2519) to work on /home/airflow/.local/lib/python3.7/site-packages/airflow/example_dags/tutorial.py
[2024-06-26T13:17:33.546+0000] {processor.py:743} INFO - Processing file /home/airflow/.local/lib/python3.7/site-packages/airflow/example_dags/tutorial.py for tasks to queue
[2024-06-26T13:17:33.546+0000] {logging_mixin.py:137} INFO - [2024-06-26T13:17:33.546+0000] {dagbag.py:538} INFO - Filling up the DagBag from /home/airflow/.local/lib/python3.7/site-packages/airflow/example_dags/tutorial.py
[2024-06-26T13:17:33.555+0000] {processor.py:753} INFO - DAG(s) dict_keys(['tutorial']) retrieved from /home/airflow/.local/lib/python3.7/site-packages/airflow/example_dags/tutorial.py
[2024-06-26T13:17:33.573+0000] {logging_mixin.py:137} INFO - [2024-06-26T13:17:33.572+0000] {dag.py:2690} INFO - Sync 1 DAGs
[2024-06-26T13:17:33.591+0000] {logging_mixin.py:137} INFO - [2024-06-26T13:17:33.591+0000] {dag.py:3441} INFO - Setting next_dagrun for tutorial to 2024-06-25T13:17:33.591325+00:00, run_after=2024-06-26T13:17:33.591325+00:00
[2024-06-26T13:17:33.604+0000] {processor.py:175} INFO - Processing /home/airflow/.local/lib/python3.7/site-packages/airflow/example_dags/tutorial.py took 0.061 seconds
[2024-06-26T13:18:04.449+0000] {processor.py:153} INFO - Started process (PID=2598) to work on /home/airflow/.local/lib/python3.7/site-packages/airflow/example_dags/tutorial.py
[2024-06-26T13:18:04.450+0000] {processor.py:743} INFO - Processing file /home/airflow/.local/lib/python3.7/site-packages/airflow/example_dags/tutorial.py for tasks to queue
[2024-06-26T13:18:04.450+0000] {logging_mixin.py:137} INFO - [2024-06-26T13:18:04.450+0000] {dagbag.py:538} INFO - Filling up the DagBag from /home/airflow/.local/lib/python3.7/site-packages/airflow/example_dags/tutorial.py
[2024-06-26T13:18:04.459+0000] {processor.py:753} INFO - DAG(s) dict_keys(['tutorial']) retrieved from /home/airflow/.local/lib/python3.7/site-packages/airflow/example_dags/tutorial.py
[2024-06-26T13:18:04.475+0000] {logging_mixin.py:137} INFO - [2024-06-26T13:18:04.475+0000] {dag.py:2690} INFO - Sync 1 DAGs
[2024-06-26T13:18:04.496+0000] {logging_mixin.py:137} INFO - [2024-06-26T13:18:04.496+0000] {dag.py:3441} INFO - Setting next_dagrun for tutorial to 2024-06-25T13:18:04.496688+00:00, run_after=2024-06-26T13:18:04.496688+00:00
[2024-06-26T13:18:04.509+0000] {processor.py:175} INFO - Processing /home/airflow/.local/lib/python3.7/site-packages/airflow/example_dags/tutorial.py took 0.062 seconds
[2024-06-26T13:18:35.246+0000] {processor.py:153} INFO - Started process (PID=2697) to work on /home/airflow/.local/lib/python3.7/site-packages/airflow/example_dags/tutorial.py
[2024-06-26T13:18:35.246+0000] {processor.py:743} INFO - Processing file /home/airflow/.local/lib/python3.7/site-packages/airflow/example_dags/tutorial.py for tasks to queue
[2024-06-26T13:18:35.247+0000] {logging_mixin.py:137} INFO - [2024-06-26T13:18:35.247+0000] {dagbag.py:538} INFO - Filling up the DagBag from /home/airflow/.local/lib/python3.7/site-packages/airflow/example_dags/tutorial.py
[2024-06-26T13:18:35.255+0000] {processor.py:753} INFO - DAG(s) dict_keys(['tutorial']) retrieved from /home/airflow/.local/lib/python3.7/site-packages/airflow/example_dags/tutorial.py
[2024-06-26T13:18:35.272+0000] {logging_mixin.py:137} INFO - [2024-06-26T13:18:35.271+0000] {dag.py:2690} INFO - Sync 1 DAGs
[2024-06-26T13:18:35.289+0000] {logging_mixin.py:137} INFO - [2024-06-26T13:18:35.289+0000] {dag.py:3441} INFO - Setting next_dagrun for tutorial to 2024-06-25T13:18:35.289670+00:00, run_after=2024-06-26T13:18:35.289670+00:00
[2024-06-26T13:18:35.303+0000] {processor.py:175} INFO - Processing /home/airflow/.local/lib/python3.7/site-packages/airflow/example_dags/tutorial.py took 0.059 seconds
[2024-06-26T13:19:06.105+0000] {processor.py:153} INFO - Started process (PID=2776) to work on /home/airflow/.local/lib/python3.7/site-packages/airflow/example_dags/tutorial.py
[2024-06-26T13:19:06.106+0000] {processor.py:743} INFO - Processing file /home/airflow/.local/lib/python3.7/site-packages/airflow/example_dags/tutorial.py for tasks to queue
[2024-06-26T13:19:06.106+0000] {logging_mixin.py:137} INFO - [2024-06-26T13:19:06.106+0000] {dagbag.py:538} INFO - Filling up the DagBag from /home/airflow/.local/lib/python3.7/site-packages/airflow/example_dags/tutorial.py
[2024-06-26T13:19:06.115+0000] {processor.py:753} INFO - DAG(s) dict_keys(['tutorial']) retrieved from /home/airflow/.local/lib/python3.7/site-packages/airflow/example_dags/tutorial.py
[2024-06-26T13:19:06.131+0000] {logging_mixin.py:137} INFO - [2024-06-26T13:19:06.131+0000] {dag.py:2690} INFO - Sync 1 DAGs
[2024-06-26T13:19:06.150+0000] {logging_mixin.py:137} INFO - [2024-06-26T13:19:06.150+0000] {dag.py:3441} INFO - Setting next_dagrun for tutorial to 2024-06-25T13:19:06.150496+00:00, run_after=2024-06-26T13:19:06.150496+00:00
[2024-06-26T13:19:06.163+0000] {processor.py:175} INFO - Processing /home/airflow/.local/lib/python3.7/site-packages/airflow/example_dags/tutorial.py took 0.060 seconds
[2024-06-26T13:19:36.902+0000] {processor.py:153} INFO - Started process (PID=2875) to work on /home/airflow/.local/lib/python3.7/site-packages/airflow/example_dags/tutorial.py
[2024-06-26T13:19:36.903+0000] {processor.py:743} INFO - Processing file /home/airflow/.local/lib/python3.7/site-packages/airflow/example_dags/tutorial.py for tasks to queue
[2024-06-26T13:19:36.904+0000] {logging_mixin.py:137} INFO - [2024-06-26T13:19:36.904+0000] {dagbag.py:538} INFO - Filling up the DagBag from /home/airflow/.local/lib/python3.7/site-packages/airflow/example_dags/tutorial.py
[2024-06-26T13:19:36.913+0000] {processor.py:753} INFO - DAG(s) dict_keys(['tutorial']) retrieved from /home/airflow/.local/lib/python3.7/site-packages/airflow/example_dags/tutorial.py
[2024-06-26T13:19:36.929+0000] {logging_mixin.py:137} INFO - [2024-06-26T13:19:36.929+0000] {dag.py:2690} INFO - Sync 1 DAGs
[2024-06-26T13:19:36.948+0000] {logging_mixin.py:137} INFO - [2024-06-26T13:19:36.947+0000] {dag.py:3441} INFO - Setting next_dagrun for tutorial to 2024-06-25T13:19:36.947833+00:00, run_after=2024-06-26T13:19:36.947833+00:00
[2024-06-26T13:19:36.960+0000] {processor.py:175} INFO - Processing /home/airflow/.local/lib/python3.7/site-packages/airflow/example_dags/tutorial.py took 0.059 seconds
[2024-06-26T13:20:07.639+0000] {processor.py:153} INFO - Started process (PID=2974) to work on /home/airflow/.local/lib/python3.7/site-packages/airflow/example_dags/tutorial.py
[2024-06-26T13:20:07.640+0000] {processor.py:743} INFO - Processing file /home/airflow/.local/lib/python3.7/site-packages/airflow/example_dags/tutorial.py for tasks to queue
[2024-06-26T13:20:07.640+0000] {logging_mixin.py:137} INFO - [2024-06-26T13:20:07.640+0000] {dagbag.py:538} INFO - Filling up the DagBag from /home/airflow/.local/lib/python3.7/site-packages/airflow/example_dags/tutorial.py
[2024-06-26T13:20:07.651+0000] {processor.py:753} INFO - DAG(s) dict_keys(['tutorial']) retrieved from /home/airflow/.local/lib/python3.7/site-packages/airflow/example_dags/tutorial.py
[2024-06-26T13:20:07.666+0000] {logging_mixin.py:137} INFO - [2024-06-26T13:20:07.666+0000] {dag.py:2690} INFO - Sync 1 DAGs
[2024-06-26T13:20:07.684+0000] {logging_mixin.py:137} INFO - [2024-06-26T13:20:07.684+0000] {dag.py:3441} INFO - Setting next_dagrun for tutorial to 2024-06-25T13:20:07.684016+00:00, run_after=2024-06-26T13:20:07.684016+00:00
[2024-06-26T13:20:07.696+0000] {processor.py:175} INFO - Processing /home/airflow/.local/lib/python3.7/site-packages/airflow/example_dags/tutorial.py took 0.059 seconds
[2024-06-26T13:20:38.553+0000] {processor.py:153} INFO - Started process (PID=3053) to work on /home/airflow/.local/lib/python3.7/site-packages/airflow/example_dags/tutorial.py
[2024-06-26T13:20:38.554+0000] {processor.py:743} INFO - Processing file /home/airflow/.local/lib/python3.7/site-packages/airflow/example_dags/tutorial.py for tasks to queue
[2024-06-26T13:20:38.554+0000] {logging_mixin.py:137} INFO - [2024-06-26T13:20:38.554+0000] {dagbag.py:538} INFO - Filling up the DagBag from /home/airflow/.local/lib/python3.7/site-packages/airflow/example_dags/tutorial.py
[2024-06-26T13:20:38.563+0000] {processor.py:753} INFO - DAG(s) dict_keys(['tutorial']) retrieved from /home/airflow/.local/lib/python3.7/site-packages/airflow/example_dags/tutorial.py
[2024-06-26T13:20:38.581+0000] {logging_mixin.py:137} INFO - [2024-06-26T13:20:38.581+0000] {dag.py:2690} INFO - Sync 1 DAGs
[2024-06-26T13:20:38.599+0000] {logging_mixin.py:137} INFO - [2024-06-26T13:20:38.599+0000] {dag.py:3441} INFO - Setting next_dagrun for tutorial to 2024-06-25T13:20:38.599279+00:00, run_after=2024-06-26T13:20:38.599279+00:00
[2024-06-26T13:20:38.612+0000] {processor.py:175} INFO - Processing /home/airflow/.local/lib/python3.7/site-packages/airflow/example_dags/tutorial.py took 0.061 seconds
[2024-06-26T13:21:09.340+0000] {processor.py:153} INFO - Started process (PID=3152) to work on /home/airflow/.local/lib/python3.7/site-packages/airflow/example_dags/tutorial.py
[2024-06-26T13:21:09.340+0000] {processor.py:743} INFO - Processing file /home/airflow/.local/lib/python3.7/site-packages/airflow/example_dags/tutorial.py for tasks to queue
[2024-06-26T13:21:09.340+0000] {logging_mixin.py:137} INFO - [2024-06-26T13:21:09.340+0000] {dagbag.py:538} INFO - Filling up the DagBag from /home/airflow/.local/lib/python3.7/site-packages/airflow/example_dags/tutorial.py
[2024-06-26T13:21:09.350+0000] {processor.py:753} INFO - DAG(s) dict_keys(['tutorial']) retrieved from /home/airflow/.local/lib/python3.7/site-packages/airflow/example_dags/tutorial.py
[2024-06-26T13:21:09.367+0000] {logging_mixin.py:137} INFO - [2024-06-26T13:21:09.367+0000] {dag.py:2690} INFO - Sync 1 DAGs
[2024-06-26T13:21:09.386+0000] {logging_mixin.py:137} INFO - [2024-06-26T13:21:09.386+0000] {dag.py:3441} INFO - Setting next_dagrun for tutorial to 2024-06-25T13:21:09.386342+00:00, run_after=2024-06-26T13:21:09.386342+00:00
[2024-06-26T13:21:09.399+0000] {processor.py:175} INFO - Processing /home/airflow/.local/lib/python3.7/site-packages/airflow/example_dags/tutorial.py took 0.061 seconds
[2024-06-26T13:21:40.106+0000] {processor.py:153} INFO - Started process (PID=3240) to work on /home/airflow/.local/lib/python3.7/site-packages/airflow/example_dags/tutorial.py
[2024-06-26T13:21:40.106+0000] {processor.py:743} INFO - Processing file /home/airflow/.local/lib/python3.7/site-packages/airflow/example_dags/tutorial.py for tasks to queue
[2024-06-26T13:21:40.107+0000] {logging_mixin.py:137} INFO - [2024-06-26T13:21:40.107+0000] {dagbag.py:538} INFO - Filling up the DagBag from /home/airflow/.local/lib/python3.7/site-packages/airflow/example_dags/tutorial.py
[2024-06-26T13:21:40.117+0000] {processor.py:753} INFO - DAG(s) dict_keys(['tutorial']) retrieved from /home/airflow/.local/lib/python3.7/site-packages/airflow/example_dags/tutorial.py
[2024-06-26T13:21:40.141+0000] {logging_mixin.py:137} INFO - [2024-06-26T13:21:40.141+0000] {dag.py:2690} INFO - Sync 1 DAGs
[2024-06-26T13:21:40.163+0000] {logging_mixin.py:137} INFO - [2024-06-26T13:21:40.163+0000] {dag.py:3441} INFO - Setting next_dagrun for tutorial to 2024-06-25T13:21:40.163441+00:00, run_after=2024-06-26T13:21:40.163441+00:00
[2024-06-26T13:21:40.183+0000] {processor.py:175} INFO - Processing /home/airflow/.local/lib/python3.7/site-packages/airflow/example_dags/tutorial.py took 0.080 seconds
[2024-06-26T13:22:10.213+0000] {processor.py:153} INFO - Started process (PID=3330) to work on /home/airflow/.local/lib/python3.7/site-packages/airflow/example_dags/tutorial.py
[2024-06-26T13:22:10.214+0000] {processor.py:743} INFO - Processing file /home/airflow/.local/lib/python3.7/site-packages/airflow/example_dags/tutorial.py for tasks to queue
[2024-06-26T13:22:10.214+0000] {logging_mixin.py:137} INFO - [2024-06-26T13:22:10.214+0000] {dagbag.py:538} INFO - Filling up the DagBag from /home/airflow/.local/lib/python3.7/site-packages/airflow/example_dags/tutorial.py
[2024-06-26T13:22:10.223+0000] {processor.py:753} INFO - DAG(s) dict_keys(['tutorial']) retrieved from /home/airflow/.local/lib/python3.7/site-packages/airflow/example_dags/tutorial.py
[2024-06-26T13:22:10.240+0000] {logging_mixin.py:137} INFO - [2024-06-26T13:22:10.240+0000] {dag.py:2690} INFO - Sync 1 DAGs
[2024-06-26T13:22:10.257+0000] {logging_mixin.py:137} INFO - [2024-06-26T13:22:10.257+0000] {dag.py:3441} INFO - Setting next_dagrun for tutorial to 2024-06-25T13:22:10.257702+00:00, run_after=2024-06-26T13:22:10.257702+00:00
[2024-06-26T13:22:10.270+0000] {processor.py:175} INFO - Processing /home/airflow/.local/lib/python3.7/site-packages/airflow/example_dags/tutorial.py took 0.059 seconds
[2024-06-26T13:22:41.019+0000] {processor.py:153} INFO - Started process (PID=3429) to work on /home/airflow/.local/lib/python3.7/site-packages/airflow/example_dags/tutorial.py
[2024-06-26T13:22:41.020+0000] {processor.py:743} INFO - Processing file /home/airflow/.local/lib/python3.7/site-packages/airflow/example_dags/tutorial.py for tasks to queue
[2024-06-26T13:22:41.020+0000] {logging_mixin.py:137} INFO - [2024-06-26T13:22:41.020+0000] {dagbag.py:538} INFO - Filling up the DagBag from /home/airflow/.local/lib/python3.7/site-packages/airflow/example_dags/tutorial.py
[2024-06-26T13:22:41.029+0000] {processor.py:753} INFO - DAG(s) dict_keys(['tutorial']) retrieved from /home/airflow/.local/lib/python3.7/site-packages/airflow/example_dags/tutorial.py
[2024-06-26T13:22:41.046+0000] {logging_mixin.py:137} INFO - [2024-06-26T13:22:41.046+0000] {dag.py:2690} INFO - Sync 1 DAGs
[2024-06-26T13:22:41.064+0000] {logging_mixin.py:137} INFO - [2024-06-26T13:22:41.064+0000] {dag.py:3441} INFO - Setting next_dagrun for tutorial to 2024-06-25T13:22:41.063973+00:00, run_after=2024-06-26T13:22:41.063973+00:00
[2024-06-26T13:22:41.076+0000] {processor.py:175} INFO - Processing /home/airflow/.local/lib/python3.7/site-packages/airflow/example_dags/tutorial.py took 0.058 seconds
[2024-06-26T13:23:11.839+0000] {processor.py:153} INFO - Started process (PID=3508) to work on /home/airflow/.local/lib/python3.7/site-packages/airflow/example_dags/tutorial.py
[2024-06-26T13:23:11.840+0000] {processor.py:743} INFO - Processing file /home/airflow/.local/lib/python3.7/site-packages/airflow/example_dags/tutorial.py for tasks to queue
[2024-06-26T13:23:11.840+0000] {logging_mixin.py:137} INFO - [2024-06-26T13:23:11.840+0000] {dagbag.py:538} INFO - Filling up the DagBag from /home/airflow/.local/lib/python3.7/site-packages/airflow/example_dags/tutorial.py
[2024-06-26T13:23:11.849+0000] {processor.py:753} INFO - DAG(s) dict_keys(['tutorial']) retrieved from /home/airflow/.local/lib/python3.7/site-packages/airflow/example_dags/tutorial.py
[2024-06-26T13:23:11.865+0000] {logging_mixin.py:137} INFO - [2024-06-26T13:23:11.865+0000] {dag.py:2690} INFO - Sync 1 DAGs
[2024-06-26T13:23:11.884+0000] {logging_mixin.py:137} INFO - [2024-06-26T13:23:11.884+0000] {dag.py:3441} INFO - Setting next_dagrun for tutorial to 2024-06-25T13:23:11.883954+00:00, run_after=2024-06-26T13:23:11.883954+00:00
[2024-06-26T13:23:11.896+0000] {processor.py:175} INFO - Processing /home/airflow/.local/lib/python3.7/site-packages/airflow/example_dags/tutorial.py took 0.058 seconds
[2024-06-26T13:23:42.702+0000] {processor.py:153} INFO - Started process (PID=3607) to work on /home/airflow/.local/lib/python3.7/site-packages/airflow/example_dags/tutorial.py
[2024-06-26T13:23:42.703+0000] {processor.py:743} INFO - Processing file /home/airflow/.local/lib/python3.7/site-packages/airflow/example_dags/tutorial.py for tasks to queue
[2024-06-26T13:23:42.703+0000] {logging_mixin.py:137} INFO - [2024-06-26T13:23:42.703+0000] {dagbag.py:538} INFO - Filling up the DagBag from /home/airflow/.local/lib/python3.7/site-packages/airflow/example_dags/tutorial.py
[2024-06-26T13:23:42.712+0000] {processor.py:753} INFO - DAG(s) dict_keys(['tutorial']) retrieved from /home/airflow/.local/lib/python3.7/site-packages/airflow/example_dags/tutorial.py
[2024-06-26T13:23:42.728+0000] {logging_mixin.py:137} INFO - [2024-06-26T13:23:42.728+0000] {dag.py:2690} INFO - Sync 1 DAGs
[2024-06-26T13:23:42.746+0000] {logging_mixin.py:137} INFO - [2024-06-26T13:23:42.746+0000] {dag.py:3441} INFO - Setting next_dagrun for tutorial to 2024-06-25T13:23:42.746687+00:00, run_after=2024-06-26T13:23:42.746687+00:00
[2024-06-26T13:23:42.759+0000] {processor.py:175} INFO - Processing /home/airflow/.local/lib/python3.7/site-packages/airflow/example_dags/tutorial.py took 0.059 seconds
[2024-06-26T13:24:13.574+0000] {processor.py:153} INFO - Started process (PID=3706) to work on /home/airflow/.local/lib/python3.7/site-packages/airflow/example_dags/tutorial.py
[2024-06-26T13:24:13.574+0000] {processor.py:743} INFO - Processing file /home/airflow/.local/lib/python3.7/site-packages/airflow/example_dags/tutorial.py for tasks to queue
[2024-06-26T13:24:13.575+0000] {logging_mixin.py:137} INFO - [2024-06-26T13:24:13.575+0000] {dagbag.py:538} INFO - Filling up the DagBag from /home/airflow/.local/lib/python3.7/site-packages/airflow/example_dags/tutorial.py
[2024-06-26T13:24:13.584+0000] {processor.py:753} INFO - DAG(s) dict_keys(['tutorial']) retrieved from /home/airflow/.local/lib/python3.7/site-packages/airflow/example_dags/tutorial.py
[2024-06-26T13:24:13.600+0000] {logging_mixin.py:137} INFO - [2024-06-26T13:24:13.600+0000] {dag.py:2690} INFO - Sync 1 DAGs
[2024-06-26T13:24:13.618+0000] {logging_mixin.py:137} INFO - [2024-06-26T13:24:13.618+0000] {dag.py:3441} INFO - Setting next_dagrun for tutorial to 2024-06-25T13:24:13.618167+00:00, run_after=2024-06-26T13:24:13.618167+00:00
[2024-06-26T13:24:13.632+0000] {processor.py:175} INFO - Processing /home/airflow/.local/lib/python3.7/site-packages/airflow/example_dags/tutorial.py took 0.060 seconds
[2024-06-26T13:24:44.345+0000] {processor.py:153} INFO - Started process (PID=3785) to work on /home/airflow/.local/lib/python3.7/site-packages/airflow/example_dags/tutorial.py
[2024-06-26T13:24:44.345+0000] {processor.py:743} INFO - Processing file /home/airflow/.local/lib/python3.7/site-packages/airflow/example_dags/tutorial.py for tasks to queue
[2024-06-26T13:24:44.345+0000] {logging_mixin.py:137} INFO - [2024-06-26T13:24:44.345+0000] {dagbag.py:538} INFO - Filling up the DagBag from /home/airflow/.local/lib/python3.7/site-packages/airflow/example_dags/tutorial.py
[2024-06-26T13:24:44.355+0000] {processor.py:753} INFO - DAG(s) dict_keys(['tutorial']) retrieved from /home/airflow/.local/lib/python3.7/site-packages/airflow/example_dags/tutorial.py
[2024-06-26T13:24:44.371+0000] {logging_mixin.py:137} INFO - [2024-06-26T13:24:44.371+0000] {dag.py:2690} INFO - Sync 1 DAGs
[2024-06-26T13:24:44.389+0000] {logging_mixin.py:137} INFO - [2024-06-26T13:24:44.389+0000] {dag.py:3441} INFO - Setting next_dagrun for tutorial to 2024-06-25T13:24:44.389096+00:00, run_after=2024-06-26T13:24:44.389096+00:00
[2024-06-26T13:24:44.402+0000] {processor.py:175} INFO - Processing /home/airflow/.local/lib/python3.7/site-packages/airflow/example_dags/tutorial.py took 0.059 seconds
[2024-06-26T13:25:15.107+0000] {processor.py:153} INFO - Started process (PID=3884) to work on /home/airflow/.local/lib/python3.7/site-packages/airflow/example_dags/tutorial.py
[2024-06-26T13:25:15.107+0000] {processor.py:743} INFO - Processing file /home/airflow/.local/lib/python3.7/site-packages/airflow/example_dags/tutorial.py for tasks to queue
[2024-06-26T13:25:15.108+0000] {logging_mixin.py:137} INFO - [2024-06-26T13:25:15.107+0000] {dagbag.py:538} INFO - Filling up the DagBag from /home/airflow/.local/lib/python3.7/site-packages/airflow/example_dags/tutorial.py
[2024-06-26T13:25:15.116+0000] {processor.py:753} INFO - DAG(s) dict_keys(['tutorial']) retrieved from /home/airflow/.local/lib/python3.7/site-packages/airflow/example_dags/tutorial.py
[2024-06-26T13:25:15.132+0000] {logging_mixin.py:137} INFO - [2024-06-26T13:25:15.132+0000] {dag.py:2690} INFO - Sync 1 DAGs
[2024-06-26T13:25:15.153+0000] {logging_mixin.py:137} INFO - [2024-06-26T13:25:15.152+0000] {dag.py:3441} INFO - Setting next_dagrun for tutorial to 2024-06-25T13:25:15.152685+00:00, run_after=2024-06-26T13:25:15.152685+00:00
[2024-06-26T13:25:15.166+0000] {processor.py:175} INFO - Processing /home/airflow/.local/lib/python3.7/site-packages/airflow/example_dags/tutorial.py took 0.062 seconds
[2024-06-26T13:25:45.850+0000] {processor.py:153} INFO - Started process (PID=3963) to work on /home/airflow/.local/lib/python3.7/site-packages/airflow/example_dags/tutorial.py
[2024-06-26T13:25:45.851+0000] {processor.py:743} INFO - Processing file /home/airflow/.local/lib/python3.7/site-packages/airflow/example_dags/tutorial.py for tasks to queue
[2024-06-26T13:25:45.851+0000] {logging_mixin.py:137} INFO - [2024-06-26T13:25:45.851+0000] {dagbag.py:538} INFO - Filling up the DagBag from /home/airflow/.local/lib/python3.7/site-packages/airflow/example_dags/tutorial.py
[2024-06-26T13:25:45.860+0000] {processor.py:753} INFO - DAG(s) dict_keys(['tutorial']) retrieved from /home/airflow/.local/lib/python3.7/site-packages/airflow/example_dags/tutorial.py
[2024-06-26T13:25:45.876+0000] {logging_mixin.py:137} INFO - [2024-06-26T13:25:45.876+0000] {dag.py:2690} INFO - Sync 1 DAGs
[2024-06-26T13:25:45.893+0000] {logging_mixin.py:137} INFO - [2024-06-26T13:25:45.893+0000] {dag.py:3441} INFO - Setting next_dagrun for tutorial to 2024-06-25T13:25:45.893375+00:00, run_after=2024-06-26T13:25:45.893375+00:00
[2024-06-26T13:25:45.906+0000] {processor.py:175} INFO - Processing /home/airflow/.local/lib/python3.7/site-packages/airflow/example_dags/tutorial.py took 0.058 seconds
[2024-06-26T13:26:16.850+0000] {processor.py:153} INFO - Started process (PID=4062) to work on /home/airflow/.local/lib/python3.7/site-packages/airflow/example_dags/tutorial.py
[2024-06-26T13:26:16.851+0000] {processor.py:743} INFO - Processing file /home/airflow/.local/lib/python3.7/site-packages/airflow/example_dags/tutorial.py for tasks to queue
[2024-06-26T13:26:16.851+0000] {logging_mixin.py:137} INFO - [2024-06-26T13:26:16.851+0000] {dagbag.py:538} INFO - Filling up the DagBag from /home/airflow/.local/lib/python3.7/site-packages/airflow/example_dags/tutorial.py
[2024-06-26T13:26:16.862+0000] {processor.py:753} INFO - DAG(s) dict_keys(['tutorial']) retrieved from /home/airflow/.local/lib/python3.7/site-packages/airflow/example_dags/tutorial.py
[2024-06-26T13:26:16.880+0000] {logging_mixin.py:137} INFO - [2024-06-26T13:26:16.880+0000] {dag.py:2690} INFO - Sync 1 DAGs
[2024-06-26T13:26:16.899+0000] {logging_mixin.py:137} INFO - [2024-06-26T13:26:16.899+0000] {dag.py:3441} INFO - Setting next_dagrun for tutorial to 2024-06-25T13:26:16.899124+00:00, run_after=2024-06-26T13:26:16.899124+00:00
[2024-06-26T13:26:16.914+0000] {processor.py:175} INFO - Processing /home/airflow/.local/lib/python3.7/site-packages/airflow/example_dags/tutorial.py took 0.066 seconds
[2024-06-26T13:26:47.826+0000] {processor.py:153} INFO - Started process (PID=4161) to work on /home/airflow/.local/lib/python3.7/site-packages/airflow/example_dags/tutorial.py
[2024-06-26T13:26:47.826+0000] {processor.py:743} INFO - Processing file /home/airflow/.local/lib/python3.7/site-packages/airflow/example_dags/tutorial.py for tasks to queue
[2024-06-26T13:26:47.827+0000] {logging_mixin.py:137} INFO - [2024-06-26T13:26:47.826+0000] {dagbag.py:538} INFO - Filling up the DagBag from /home/airflow/.local/lib/python3.7/site-packages/airflow/example_dags/tutorial.py
[2024-06-26T13:26:47.837+0000] {processor.py:753} INFO - DAG(s) dict_keys(['tutorial']) retrieved from /home/airflow/.local/lib/python3.7/site-packages/airflow/example_dags/tutorial.py
[2024-06-26T13:26:47.862+0000] {logging_mixin.py:137} INFO - [2024-06-26T13:26:47.862+0000] {dag.py:2690} INFO - Sync 1 DAGs
[2024-06-26T13:26:47.886+0000] {logging_mixin.py:137} INFO - [2024-06-26T13:26:47.886+0000] {dag.py:3441} INFO - Setting next_dagrun for tutorial to 2024-06-25T13:26:47.885906+00:00, run_after=2024-06-26T13:26:47.885906+00:00
[2024-06-26T13:26:47.902+0000] {processor.py:175} INFO - Processing /home/airflow/.local/lib/python3.7/site-packages/airflow/example_dags/tutorial.py took 0.079 seconds
[2024-06-26T13:27:18.893+0000] {processor.py:153} INFO - Started process (PID=4240) to work on /home/airflow/.local/lib/python3.7/site-packages/airflow/example_dags/tutorial.py
[2024-06-26T13:27:18.894+0000] {processor.py:743} INFO - Processing file /home/airflow/.local/lib/python3.7/site-packages/airflow/example_dags/tutorial.py for tasks to queue
[2024-06-26T13:27:18.894+0000] {logging_mixin.py:137} INFO - [2024-06-26T13:27:18.894+0000] {dagbag.py:538} INFO - Filling up the DagBag from /home/airflow/.local/lib/python3.7/site-packages/airflow/example_dags/tutorial.py
[2024-06-26T13:27:18.906+0000] {processor.py:753} INFO - DAG(s) dict_keys(['tutorial']) retrieved from /home/airflow/.local/lib/python3.7/site-packages/airflow/example_dags/tutorial.py
[2024-06-26T13:27:18.924+0000] {logging_mixin.py:137} INFO - [2024-06-26T13:27:18.924+0000] {dag.py:2690} INFO - Sync 1 DAGs
[2024-06-26T13:27:18.943+0000] {logging_mixin.py:137} INFO - [2024-06-26T13:27:18.943+0000] {dag.py:3441} INFO - Setting next_dagrun for tutorial to 2024-06-25T13:27:18.943460+00:00, run_after=2024-06-26T13:27:18.943460+00:00
[2024-06-26T13:27:18.957+0000] {processor.py:175} INFO - Processing /home/airflow/.local/lib/python3.7/site-packages/airflow/example_dags/tutorial.py took 0.066 seconds
[2024-06-26T13:27:49.129+0000] {processor.py:153} INFO - Started process (PID=4339) to work on /home/airflow/.local/lib/python3.7/site-packages/airflow/example_dags/tutorial.py
[2024-06-26T13:27:49.130+0000] {processor.py:743} INFO - Processing file /home/airflow/.local/lib/python3.7/site-packages/airflow/example_dags/tutorial.py for tasks to queue
[2024-06-26T13:27:49.130+0000] {logging_mixin.py:137} INFO - [2024-06-26T13:27:49.130+0000] {dagbag.py:538} INFO - Filling up the DagBag from /home/airflow/.local/lib/python3.7/site-packages/airflow/example_dags/tutorial.py
[2024-06-26T13:27:49.142+0000] {processor.py:753} INFO - DAG(s) dict_keys(['tutorial']) retrieved from /home/airflow/.local/lib/python3.7/site-packages/airflow/example_dags/tutorial.py
[2024-06-26T13:27:49.164+0000] {logging_mixin.py:137} INFO - [2024-06-26T13:27:49.164+0000] {dag.py:2690} INFO - Sync 1 DAGs
[2024-06-26T13:27:49.186+0000] {logging_mixin.py:137} INFO - [2024-06-26T13:27:49.186+0000] {dag.py:3441} INFO - Setting next_dagrun for tutorial to 2024-06-25T13:27:49.186067+00:00, run_after=2024-06-26T13:27:49.186067+00:00
[2024-06-26T13:27:49.201+0000] {processor.py:175} INFO - Processing /home/airflow/.local/lib/python3.7/site-packages/airflow/example_dags/tutorial.py took 0.074 seconds
[2024-06-26T13:28:19.269+0000] {processor.py:153} INFO - Started process (PID=4418) to work on /home/airflow/.local/lib/python3.7/site-packages/airflow/example_dags/tutorial.py
[2024-06-26T13:28:19.270+0000] {processor.py:743} INFO - Processing file /home/airflow/.local/lib/python3.7/site-packages/airflow/example_dags/tutorial.py for tasks to queue
[2024-06-26T13:28:19.270+0000] {logging_mixin.py:137} INFO - [2024-06-26T13:28:19.270+0000] {dagbag.py:538} INFO - Filling up the DagBag from /home/airflow/.local/lib/python3.7/site-packages/airflow/example_dags/tutorial.py
[2024-06-26T13:28:19.281+0000] {processor.py:753} INFO - DAG(s) dict_keys(['tutorial']) retrieved from /home/airflow/.local/lib/python3.7/site-packages/airflow/example_dags/tutorial.py
[2024-06-26T13:28:19.299+0000] {logging_mixin.py:137} INFO - [2024-06-26T13:28:19.299+0000] {dag.py:2690} INFO - Sync 1 DAGs
[2024-06-26T13:28:19.320+0000] {logging_mixin.py:137} INFO - [2024-06-26T13:28:19.320+0000] {dag.py:3441} INFO - Setting next_dagrun for tutorial to 2024-06-25T13:28:19.320326+00:00, run_after=2024-06-26T13:28:19.320326+00:00
[2024-06-26T13:28:19.335+0000] {processor.py:175} INFO - Processing /home/airflow/.local/lib/python3.7/site-packages/airflow/example_dags/tutorial.py took 0.068 seconds
[2024-06-26T13:28:49.454+0000] {processor.py:153} INFO - Started process (PID=4517) to work on /home/airflow/.local/lib/python3.7/site-packages/airflow/example_dags/tutorial.py
[2024-06-26T13:28:49.455+0000] {processor.py:743} INFO - Processing file /home/airflow/.local/lib/python3.7/site-packages/airflow/example_dags/tutorial.py for tasks to queue
[2024-06-26T13:28:49.456+0000] {logging_mixin.py:137} INFO - [2024-06-26T13:28:49.456+0000] {dagbag.py:538} INFO - Filling up the DagBag from /home/airflow/.local/lib/python3.7/site-packages/airflow/example_dags/tutorial.py
[2024-06-26T13:28:49.466+0000] {processor.py:753} INFO - DAG(s) dict_keys(['tutorial']) retrieved from /home/airflow/.local/lib/python3.7/site-packages/airflow/example_dags/tutorial.py
[2024-06-26T13:28:49.486+0000] {logging_mixin.py:137} INFO - [2024-06-26T13:28:49.486+0000] {dag.py:2690} INFO - Sync 1 DAGs
[2024-06-26T13:28:49.511+0000] {logging_mixin.py:137} INFO - [2024-06-26T13:28:49.510+0000] {dag.py:3441} INFO - Setting next_dagrun for tutorial to 2024-06-25T13:28:49.510691+00:00, run_after=2024-06-26T13:28:49.510691+00:00
[2024-06-26T13:28:49.527+0000] {processor.py:175} INFO - Processing /home/airflow/.local/lib/python3.7/site-packages/airflow/example_dags/tutorial.py took 0.075 seconds
[2024-06-26T13:29:19.576+0000] {processor.py:153} INFO - Started process (PID=4596) to work on /home/airflow/.local/lib/python3.7/site-packages/airflow/example_dags/tutorial.py
[2024-06-26T13:29:19.577+0000] {processor.py:743} INFO - Processing file /home/airflow/.local/lib/python3.7/site-packages/airflow/example_dags/tutorial.py for tasks to queue
[2024-06-26T13:29:19.577+0000] {logging_mixin.py:137} INFO - [2024-06-26T13:29:19.577+0000] {dagbag.py:538} INFO - Filling up the DagBag from /home/airflow/.local/lib/python3.7/site-packages/airflow/example_dags/tutorial.py
[2024-06-26T13:29:19.589+0000] {processor.py:753} INFO - DAG(s) dict_keys(['tutorial']) retrieved from /home/airflow/.local/lib/python3.7/site-packages/airflow/example_dags/tutorial.py
[2024-06-26T13:29:19.606+0000] {logging_mixin.py:137} INFO - [2024-06-26T13:29:19.606+0000] {dag.py:2690} INFO - Sync 1 DAGs
[2024-06-26T13:29:19.627+0000] {logging_mixin.py:137} INFO - [2024-06-26T13:29:19.627+0000] {dag.py:3441} INFO - Setting next_dagrun for tutorial to 2024-06-25T13:29:19.626880+00:00, run_after=2024-06-26T13:29:19.626880+00:00
[2024-06-26T13:29:19.643+0000] {processor.py:175} INFO - Processing /home/airflow/.local/lib/python3.7/site-packages/airflow/example_dags/tutorial.py took 0.069 seconds
[2024-06-26T13:29:50.574+0000] {processor.py:153} INFO - Started process (PID=4695) to work on /home/airflow/.local/lib/python3.7/site-packages/airflow/example_dags/tutorial.py
[2024-06-26T13:29:50.574+0000] {processor.py:743} INFO - Processing file /home/airflow/.local/lib/python3.7/site-packages/airflow/example_dags/tutorial.py for tasks to queue
[2024-06-26T13:29:50.575+0000] {logging_mixin.py:137} INFO - [2024-06-26T13:29:50.574+0000] {dagbag.py:538} INFO - Filling up the DagBag from /home/airflow/.local/lib/python3.7/site-packages/airflow/example_dags/tutorial.py
[2024-06-26T13:29:50.584+0000] {processor.py:753} INFO - DAG(s) dict_keys(['tutorial']) retrieved from /home/airflow/.local/lib/python3.7/site-packages/airflow/example_dags/tutorial.py
[2024-06-26T13:29:50.602+0000] {logging_mixin.py:137} INFO - [2024-06-26T13:29:50.602+0000] {dag.py:2690} INFO - Sync 1 DAGs
[2024-06-26T13:29:50.620+0000] {logging_mixin.py:137} INFO - [2024-06-26T13:29:50.620+0000] {dag.py:3441} INFO - Setting next_dagrun for tutorial to 2024-06-25T13:29:50.620624+00:00, run_after=2024-06-26T13:29:50.620624+00:00
[2024-06-26T13:29:50.634+0000] {processor.py:175} INFO - Processing /home/airflow/.local/lib/python3.7/site-packages/airflow/example_dags/tutorial.py took 0.062 seconds
[2024-06-26T13:30:21.272+0000] {processor.py:153} INFO - Started process (PID=4774) to work on /home/airflow/.local/lib/python3.7/site-packages/airflow/example_dags/tutorial.py
[2024-06-26T13:30:21.272+0000] {processor.py:743} INFO - Processing file /home/airflow/.local/lib/python3.7/site-packages/airflow/example_dags/tutorial.py for tasks to queue
[2024-06-26T13:30:21.273+0000] {logging_mixin.py:137} INFO - [2024-06-26T13:30:21.272+0000] {dagbag.py:538} INFO - Filling up the DagBag from /home/airflow/.local/lib/python3.7/site-packages/airflow/example_dags/tutorial.py
[2024-06-26T13:30:21.282+0000] {processor.py:753} INFO - DAG(s) dict_keys(['tutorial']) retrieved from /home/airflow/.local/lib/python3.7/site-packages/airflow/example_dags/tutorial.py
[2024-06-26T13:30:21.298+0000] {logging_mixin.py:137} INFO - [2024-06-26T13:30:21.298+0000] {dag.py:2690} INFO - Sync 1 DAGs
[2024-06-26T13:30:21.317+0000] {logging_mixin.py:137} INFO - [2024-06-26T13:30:21.317+0000] {dag.py:3441} INFO - Setting next_dagrun for tutorial to 2024-06-25T13:30:21.317555+00:00, run_after=2024-06-26T13:30:21.317555+00:00
[2024-06-26T13:30:21.330+0000] {processor.py:175} INFO - Processing /home/airflow/.local/lib/python3.7/site-packages/airflow/example_dags/tutorial.py took 0.060 seconds
[2024-06-26T13:30:52.118+0000] {processor.py:153} INFO - Started process (PID=4873) to work on /home/airflow/.local/lib/python3.7/site-packages/airflow/example_dags/tutorial.py
[2024-06-26T13:30:52.118+0000] {processor.py:743} INFO - Processing file /home/airflow/.local/lib/python3.7/site-packages/airflow/example_dags/tutorial.py for tasks to queue
[2024-06-26T13:30:52.119+0000] {logging_mixin.py:137} INFO - [2024-06-26T13:30:52.119+0000] {dagbag.py:538} INFO - Filling up the DagBag from /home/airflow/.local/lib/python3.7/site-packages/airflow/example_dags/tutorial.py
[2024-06-26T13:30:52.128+0000] {processor.py:753} INFO - DAG(s) dict_keys(['tutorial']) retrieved from /home/airflow/.local/lib/python3.7/site-packages/airflow/example_dags/tutorial.py
[2024-06-26T13:30:52.144+0000] {logging_mixin.py:137} INFO - [2024-06-26T13:30:52.144+0000] {dag.py:2690} INFO - Sync 1 DAGs
[2024-06-26T13:30:52.162+0000] {logging_mixin.py:137} INFO - [2024-06-26T13:30:52.162+0000] {dag.py:3441} INFO - Setting next_dagrun for tutorial to 2024-06-25T13:30:52.162535+00:00, run_after=2024-06-26T13:30:52.162535+00:00
[2024-06-26T13:30:52.174+0000] {processor.py:175} INFO - Processing /home/airflow/.local/lib/python3.7/site-packages/airflow/example_dags/tutorial.py took 0.058 seconds
[2024-06-26T13:31:22.982+0000] {processor.py:153} INFO - Started process (PID=4972) to work on /home/airflow/.local/lib/python3.7/site-packages/airflow/example_dags/tutorial.py
[2024-06-26T13:31:22.983+0000] {processor.py:743} INFO - Processing file /home/airflow/.local/lib/python3.7/site-packages/airflow/example_dags/tutorial.py for tasks to queue
[2024-06-26T13:31:22.983+0000] {logging_mixin.py:137} INFO - [2024-06-26T13:31:22.983+0000] {dagbag.py:538} INFO - Filling up the DagBag from /home/airflow/.local/lib/python3.7/site-packages/airflow/example_dags/tutorial.py
[2024-06-26T13:31:22.993+0000] {processor.py:753} INFO - DAG(s) dict_keys(['tutorial']) retrieved from /home/airflow/.local/lib/python3.7/site-packages/airflow/example_dags/tutorial.py
[2024-06-26T13:31:23.013+0000] {logging_mixin.py:137} INFO - [2024-06-26T13:31:23.013+0000] {dag.py:2690} INFO - Sync 1 DAGs
[2024-06-26T13:31:23.036+0000] {logging_mixin.py:137} INFO - [2024-06-26T13:31:23.036+0000] {dag.py:3441} INFO - Setting next_dagrun for tutorial to 2024-06-25T13:31:23.036286+00:00, run_after=2024-06-26T13:31:23.036286+00:00
[2024-06-26T13:31:23.057+0000] {processor.py:175} INFO - Processing /home/airflow/.local/lib/python3.7/site-packages/airflow/example_dags/tutorial.py took 0.077 seconds
[2024-06-26T13:31:53.162+0000] {processor.py:153} INFO - Started process (PID=5051) to work on /home/airflow/.local/lib/python3.7/site-packages/airflow/example_dags/tutorial.py
[2024-06-26T13:31:53.162+0000] {processor.py:743} INFO - Processing file /home/airflow/.local/lib/python3.7/site-packages/airflow/example_dags/tutorial.py for tasks to queue
[2024-06-26T13:31:53.163+0000] {logging_mixin.py:137} INFO - [2024-06-26T13:31:53.163+0000] {dagbag.py:538} INFO - Filling up the DagBag from /home/airflow/.local/lib/python3.7/site-packages/airflow/example_dags/tutorial.py
[2024-06-26T13:31:53.173+0000] {processor.py:753} INFO - DAG(s) dict_keys(['tutorial']) retrieved from /home/airflow/.local/lib/python3.7/site-packages/airflow/example_dags/tutorial.py
[2024-06-26T13:31:53.192+0000] {logging_mixin.py:137} INFO - [2024-06-26T13:31:53.192+0000] {dag.py:2690} INFO - Sync 1 DAGs
[2024-06-26T13:31:53.213+0000] {logging_mixin.py:137} INFO - [2024-06-26T13:31:53.213+0000] {dag.py:3441} INFO - Setting next_dagrun for tutorial to 2024-06-25T13:31:53.212894+00:00, run_after=2024-06-26T13:31:53.212894+00:00
[2024-06-26T13:31:53.229+0000] {processor.py:175} INFO - Processing /home/airflow/.local/lib/python3.7/site-packages/airflow/example_dags/tutorial.py took 0.069 seconds
[2024-06-26T13:32:23.294+0000] {processor.py:153} INFO - Started process (PID=5150) to work on /home/airflow/.local/lib/python3.7/site-packages/airflow/example_dags/tutorial.py
[2024-06-26T13:32:23.295+0000] {processor.py:743} INFO - Processing file /home/airflow/.local/lib/python3.7/site-packages/airflow/example_dags/tutorial.py for tasks to queue
[2024-06-26T13:32:23.295+0000] {logging_mixin.py:137} INFO - [2024-06-26T13:32:23.295+0000] {dagbag.py:538} INFO - Filling up the DagBag from /home/airflow/.local/lib/python3.7/site-packages/airflow/example_dags/tutorial.py
[2024-06-26T13:32:23.305+0000] {processor.py:753} INFO - DAG(s) dict_keys(['tutorial']) retrieved from /home/airflow/.local/lib/python3.7/site-packages/airflow/example_dags/tutorial.py
[2024-06-26T13:32:23.322+0000] {logging_mixin.py:137} INFO - [2024-06-26T13:32:23.322+0000] {dag.py:2690} INFO - Sync 1 DAGs
[2024-06-26T13:32:23.341+0000] {logging_mixin.py:137} INFO - [2024-06-26T13:32:23.341+0000] {dag.py:3441} INFO - Setting next_dagrun for tutorial to 2024-06-25T13:32:23.341441+00:00, run_after=2024-06-26T13:32:23.341441+00:00
[2024-06-26T13:32:23.355+0000] {processor.py:175} INFO - Processing /home/airflow/.local/lib/python3.7/site-packages/airflow/example_dags/tutorial.py took 0.063 seconds
[2024-06-26T13:32:53.457+0000] {processor.py:153} INFO - Started process (PID=5229) to work on /home/airflow/.local/lib/python3.7/site-packages/airflow/example_dags/tutorial.py
[2024-06-26T13:32:53.457+0000] {processor.py:743} INFO - Processing file /home/airflow/.local/lib/python3.7/site-packages/airflow/example_dags/tutorial.py for tasks to queue
[2024-06-26T13:32:53.458+0000] {logging_mixin.py:137} INFO - [2024-06-26T13:32:53.458+0000] {dagbag.py:538} INFO - Filling up the DagBag from /home/airflow/.local/lib/python3.7/site-packages/airflow/example_dags/tutorial.py
[2024-06-26T13:32:53.467+0000] {processor.py:753} INFO - DAG(s) dict_keys(['tutorial']) retrieved from /home/airflow/.local/lib/python3.7/site-packages/airflow/example_dags/tutorial.py
[2024-06-26T13:32:53.483+0000] {logging_mixin.py:137} INFO - [2024-06-26T13:32:53.483+0000] {dag.py:2690} INFO - Sync 1 DAGs
[2024-06-26T13:32:53.501+0000] {logging_mixin.py:137} INFO - [2024-06-26T13:32:53.501+0000] {dag.py:3441} INFO - Setting next_dagrun for tutorial to 2024-06-25T13:32:53.501542+00:00, run_after=2024-06-26T13:32:53.501542+00:00
[2024-06-26T13:32:53.514+0000] {processor.py:175} INFO - Processing /home/airflow/.local/lib/python3.7/site-packages/airflow/example_dags/tutorial.py took 0.058 seconds
[2024-06-26T13:33:24.424+0000] {processor.py:153} INFO - Started process (PID=5328) to work on /home/airflow/.local/lib/python3.7/site-packages/airflow/example_dags/tutorial.py
[2024-06-26T13:33:24.425+0000] {processor.py:743} INFO - Processing file /home/airflow/.local/lib/python3.7/site-packages/airflow/example_dags/tutorial.py for tasks to queue
[2024-06-26T13:33:24.426+0000] {logging_mixin.py:137} INFO - [2024-06-26T13:33:24.425+0000] {dagbag.py:538} INFO - Filling up the DagBag from /home/airflow/.local/lib/python3.7/site-packages/airflow/example_dags/tutorial.py
[2024-06-26T13:33:24.437+0000] {processor.py:753} INFO - DAG(s) dict_keys(['tutorial']) retrieved from /home/airflow/.local/lib/python3.7/site-packages/airflow/example_dags/tutorial.py
[2024-06-26T13:33:24.456+0000] {logging_mixin.py:137} INFO - [2024-06-26T13:33:24.456+0000] {dag.py:2690} INFO - Sync 1 DAGs
[2024-06-26T13:33:24.480+0000] {logging_mixin.py:137} INFO - [2024-06-26T13:33:24.480+0000] {dag.py:3441} INFO - Setting next_dagrun for tutorial to 2024-06-25T13:33:24.480107+00:00, run_after=2024-06-26T13:33:24.480107+00:00
[2024-06-26T13:33:24.499+0000] {processor.py:175} INFO - Processing /home/airflow/.local/lib/python3.7/site-packages/airflow/example_dags/tutorial.py took 0.078 seconds
[2024-06-26T13:33:54.532+0000] {processor.py:153} INFO - Started process (PID=5407) to work on /home/airflow/.local/lib/python3.7/site-packages/airflow/example_dags/tutorial.py
[2024-06-26T13:33:54.532+0000] {processor.py:743} INFO - Processing file /home/airflow/.local/lib/python3.7/site-packages/airflow/example_dags/tutorial.py for tasks to queue
[2024-06-26T13:33:54.533+0000] {logging_mixin.py:137} INFO - [2024-06-26T13:33:54.533+0000] {dagbag.py:538} INFO - Filling up the DagBag from /home/airflow/.local/lib/python3.7/site-packages/airflow/example_dags/tutorial.py
[2024-06-26T13:33:54.543+0000] {processor.py:753} INFO - DAG(s) dict_keys(['tutorial']) retrieved from /home/airflow/.local/lib/python3.7/site-packages/airflow/example_dags/tutorial.py
[2024-06-26T13:33:54.562+0000] {logging_mixin.py:137} INFO - [2024-06-26T13:33:54.562+0000] {dag.py:2690} INFO - Sync 1 DAGs
[2024-06-26T13:33:54.584+0000] {logging_mixin.py:137} INFO - [2024-06-26T13:33:54.584+0000] {dag.py:3441} INFO - Setting next_dagrun for tutorial to 2024-06-25T13:33:54.584270+00:00, run_after=2024-06-26T13:33:54.584270+00:00
[2024-06-26T13:33:54.598+0000] {processor.py:175} INFO - Processing /home/airflow/.local/lib/python3.7/site-packages/airflow/example_dags/tutorial.py took 0.068 seconds
[2024-06-26T13:34:24.957+0000] {processor.py:153} INFO - Started process (PID=5506) to work on /home/airflow/.local/lib/python3.7/site-packages/airflow/example_dags/tutorial.py
[2024-06-26T13:34:24.958+0000] {processor.py:743} INFO - Processing file /home/airflow/.local/lib/python3.7/site-packages/airflow/example_dags/tutorial.py for tasks to queue
[2024-06-26T13:34:24.958+0000] {logging_mixin.py:137} INFO - [2024-06-26T13:34:24.958+0000] {dagbag.py:538} INFO - Filling up the DagBag from /home/airflow/.local/lib/python3.7/site-packages/airflow/example_dags/tutorial.py
[2024-06-26T13:34:24.970+0000] {processor.py:753} INFO - DAG(s) dict_keys(['tutorial']) retrieved from /home/airflow/.local/lib/python3.7/site-packages/airflow/example_dags/tutorial.py
[2024-06-26T13:34:24.993+0000] {logging_mixin.py:137} INFO - [2024-06-26T13:34:24.992+0000] {dag.py:2690} INFO - Sync 1 DAGs
[2024-06-26T13:34:25.022+0000] {logging_mixin.py:137} INFO - [2024-06-26T13:34:25.022+0000] {dag.py:3441} INFO - Setting next_dagrun for tutorial to 2024-06-25T13:34:25.022457+00:00, run_after=2024-06-26T13:34:25.022457+00:00
[2024-06-26T13:34:25.045+0000] {processor.py:175} INFO - Processing /home/airflow/.local/lib/python3.7/site-packages/airflow/example_dags/tutorial.py took 0.090 seconds
[2024-06-26T13:34:55.198+0000] {processor.py:153} INFO - Started process (PID=5585) to work on /home/airflow/.local/lib/python3.7/site-packages/airflow/example_dags/tutorial.py
[2024-06-26T13:34:55.199+0000] {processor.py:743} INFO - Processing file /home/airflow/.local/lib/python3.7/site-packages/airflow/example_dags/tutorial.py for tasks to queue
[2024-06-26T13:34:55.199+0000] {logging_mixin.py:137} INFO - [2024-06-26T13:34:55.199+0000] {dagbag.py:538} INFO - Filling up the DagBag from /home/airflow/.local/lib/python3.7/site-packages/airflow/example_dags/tutorial.py
[2024-06-26T13:34:55.211+0000] {processor.py:753} INFO - DAG(s) dict_keys(['tutorial']) retrieved from /home/airflow/.local/lib/python3.7/site-packages/airflow/example_dags/tutorial.py
[2024-06-26T13:34:55.229+0000] {logging_mixin.py:137} INFO - [2024-06-26T13:34:55.229+0000] {dag.py:2690} INFO - Sync 1 DAGs
[2024-06-26T13:34:55.251+0000] {logging_mixin.py:137} INFO - [2024-06-26T13:34:55.251+0000] {dag.py:3441} INFO - Setting next_dagrun for tutorial to 2024-06-25T13:34:55.251478+00:00, run_after=2024-06-26T13:34:55.251478+00:00
[2024-06-26T13:34:55.266+0000] {processor.py:175} INFO - Processing /home/airflow/.local/lib/python3.7/site-packages/airflow/example_dags/tutorial.py took 0.070 seconds
[2024-06-26T13:35:25.321+0000] {processor.py:153} INFO - Started process (PID=5684) to work on /home/airflow/.local/lib/python3.7/site-packages/airflow/example_dags/tutorial.py
[2024-06-26T13:35:25.322+0000] {processor.py:743} INFO - Processing file /home/airflow/.local/lib/python3.7/site-packages/airflow/example_dags/tutorial.py for tasks to queue
[2024-06-26T13:35:25.322+0000] {logging_mixin.py:137} INFO - [2024-06-26T13:35:25.322+0000] {dagbag.py:538} INFO - Filling up the DagBag from /home/airflow/.local/lib/python3.7/site-packages/airflow/example_dags/tutorial.py
[2024-06-26T13:35:25.331+0000] {processor.py:753} INFO - DAG(s) dict_keys(['tutorial']) retrieved from /home/airflow/.local/lib/python3.7/site-packages/airflow/example_dags/tutorial.py
[2024-06-26T13:35:25.348+0000] {logging_mixin.py:137} INFO - [2024-06-26T13:35:25.348+0000] {dag.py:2690} INFO - Sync 1 DAGs
[2024-06-26T13:35:25.366+0000] {logging_mixin.py:137} INFO - [2024-06-26T13:35:25.366+0000] {dag.py:3441} INFO - Setting next_dagrun for tutorial to 2024-06-25T13:35:25.366493+00:00, run_after=2024-06-26T13:35:25.366493+00:00
[2024-06-26T13:35:25.380+0000] {processor.py:175} INFO - Processing /home/airflow/.local/lib/python3.7/site-packages/airflow/example_dags/tutorial.py took 0.060 seconds
[2024-06-26T13:35:56.273+0000] {processor.py:153} INFO - Started process (PID=5763) to work on /home/airflow/.local/lib/python3.7/site-packages/airflow/example_dags/tutorial.py
[2024-06-26T13:35:56.273+0000] {processor.py:743} INFO - Processing file /home/airflow/.local/lib/python3.7/site-packages/airflow/example_dags/tutorial.py for tasks to queue
[2024-06-26T13:35:56.273+0000] {logging_mixin.py:137} INFO - [2024-06-26T13:35:56.273+0000] {dagbag.py:538} INFO - Filling up the DagBag from /home/airflow/.local/lib/python3.7/site-packages/airflow/example_dags/tutorial.py
[2024-06-26T13:35:56.284+0000] {processor.py:753} INFO - DAG(s) dict_keys(['tutorial']) retrieved from /home/airflow/.local/lib/python3.7/site-packages/airflow/example_dags/tutorial.py
[2024-06-26T13:35:56.302+0000] {logging_mixin.py:137} INFO - [2024-06-26T13:35:56.302+0000] {dag.py:2690} INFO - Sync 1 DAGs
[2024-06-26T13:35:56.324+0000] {logging_mixin.py:137} INFO - [2024-06-26T13:35:56.324+0000] {dag.py:3441} INFO - Setting next_dagrun for tutorial to 2024-06-25T13:35:56.323786+00:00, run_after=2024-06-26T13:35:56.323786+00:00
[2024-06-26T13:35:56.338+0000] {processor.py:175} INFO - Processing /home/airflow/.local/lib/python3.7/site-packages/airflow/example_dags/tutorial.py took 0.068 seconds
[2024-06-26T13:36:27.244+0000] {processor.py:153} INFO - Started process (PID=5862) to work on /home/airflow/.local/lib/python3.7/site-packages/airflow/example_dags/tutorial.py
[2024-06-26T13:36:27.245+0000] {processor.py:743} INFO - Processing file /home/airflow/.local/lib/python3.7/site-packages/airflow/example_dags/tutorial.py for tasks to queue
[2024-06-26T13:36:27.245+0000] {logging_mixin.py:137} INFO - [2024-06-26T13:36:27.245+0000] {dagbag.py:538} INFO - Filling up the DagBag from /home/airflow/.local/lib/python3.7/site-packages/airflow/example_dags/tutorial.py
[2024-06-26T13:36:27.254+0000] {processor.py:753} INFO - DAG(s) dict_keys(['tutorial']) retrieved from /home/airflow/.local/lib/python3.7/site-packages/airflow/example_dags/tutorial.py
[2024-06-26T13:36:27.272+0000] {logging_mixin.py:137} INFO - [2024-06-26T13:36:27.272+0000] {dag.py:2690} INFO - Sync 1 DAGs
[2024-06-26T13:36:27.291+0000] {logging_mixin.py:137} INFO - [2024-06-26T13:36:27.290+0000] {dag.py:3441} INFO - Setting next_dagrun for tutorial to 2024-06-25T13:36:27.290781+00:00, run_after=2024-06-26T13:36:27.290781+00:00
[2024-06-26T13:36:27.303+0000] {processor.py:175} INFO - Processing /home/airflow/.local/lib/python3.7/site-packages/airflow/example_dags/tutorial.py took 0.061 seconds
[2024-06-26T13:36:58.206+0000] {processor.py:153} INFO - Started process (PID=5950) to work on /home/airflow/.local/lib/python3.7/site-packages/airflow/example_dags/tutorial.py
[2024-06-26T13:36:58.206+0000] {processor.py:743} INFO - Processing file /home/airflow/.local/lib/python3.7/site-packages/airflow/example_dags/tutorial.py for tasks to queue
[2024-06-26T13:36:58.207+0000] {logging_mixin.py:137} INFO - [2024-06-26T13:36:58.207+0000] {dagbag.py:538} INFO - Filling up the DagBag from /home/airflow/.local/lib/python3.7/site-packages/airflow/example_dags/tutorial.py
[2024-06-26T13:36:58.218+0000] {processor.py:753} INFO - DAG(s) dict_keys(['tutorial']) retrieved from /home/airflow/.local/lib/python3.7/site-packages/airflow/example_dags/tutorial.py
[2024-06-26T13:36:58.239+0000] {logging_mixin.py:137} INFO - [2024-06-26T13:36:58.238+0000] {dag.py:2690} INFO - Sync 1 DAGs
[2024-06-26T13:36:58.262+0000] {logging_mixin.py:137} INFO - [2024-06-26T13:36:58.262+0000] {dag.py:3441} INFO - Setting next_dagrun for tutorial to 2024-06-25T13:36:58.262361+00:00, run_after=2024-06-26T13:36:58.262361+00:00
[2024-06-26T13:36:58.280+0000] {processor.py:175} INFO - Processing /home/airflow/.local/lib/python3.7/site-packages/airflow/example_dags/tutorial.py took 0.077 seconds
[2024-06-26T13:37:28.546+0000] {processor.py:153} INFO - Started process (PID=6040) to work on /home/airflow/.local/lib/python3.7/site-packages/airflow/example_dags/tutorial.py
[2024-06-26T13:37:28.546+0000] {processor.py:743} INFO - Processing file /home/airflow/.local/lib/python3.7/site-packages/airflow/example_dags/tutorial.py for tasks to queue
[2024-06-26T13:37:28.547+0000] {logging_mixin.py:137} INFO - [2024-06-26T13:37:28.547+0000] {dagbag.py:538} INFO - Filling up the DagBag from /home/airflow/.local/lib/python3.7/site-packages/airflow/example_dags/tutorial.py
[2024-06-26T13:37:28.557+0000] {processor.py:753} INFO - DAG(s) dict_keys(['tutorial']) retrieved from /home/airflow/.local/lib/python3.7/site-packages/airflow/example_dags/tutorial.py
[2024-06-26T13:37:28.577+0000] {logging_mixin.py:137} INFO - [2024-06-26T13:37:28.577+0000] {dag.py:2690} INFO - Sync 1 DAGs
[2024-06-26T13:37:28.604+0000] {logging_mixin.py:137} INFO - [2024-06-26T13:37:28.604+0000] {dag.py:3441} INFO - Setting next_dagrun for tutorial to 2024-06-25T13:37:28.604273+00:00, run_after=2024-06-26T13:37:28.604273+00:00
[2024-06-26T13:37:28.620+0000] {processor.py:175} INFO - Processing /home/airflow/.local/lib/python3.7/site-packages/airflow/example_dags/tutorial.py took 0.077 seconds
[2024-06-26T13:37:59.420+0000] {processor.py:153} INFO - Started process (PID=6139) to work on /home/airflow/.local/lib/python3.7/site-packages/airflow/example_dags/tutorial.py
[2024-06-26T13:37:59.420+0000] {processor.py:743} INFO - Processing file /home/airflow/.local/lib/python3.7/site-packages/airflow/example_dags/tutorial.py for tasks to queue
[2024-06-26T13:37:59.421+0000] {logging_mixin.py:137} INFO - [2024-06-26T13:37:59.421+0000] {dagbag.py:538} INFO - Filling up the DagBag from /home/airflow/.local/lib/python3.7/site-packages/airflow/example_dags/tutorial.py
[2024-06-26T13:37:59.431+0000] {processor.py:753} INFO - DAG(s) dict_keys(['tutorial']) retrieved from /home/airflow/.local/lib/python3.7/site-packages/airflow/example_dags/tutorial.py
[2024-06-26T13:37:59.447+0000] {logging_mixin.py:137} INFO - [2024-06-26T13:37:59.447+0000] {dag.py:2690} INFO - Sync 1 DAGs
[2024-06-26T13:37:59.468+0000] {logging_mixin.py:137} INFO - [2024-06-26T13:37:59.468+0000] {dag.py:3441} INFO - Setting next_dagrun for tutorial to 2024-06-25T13:37:59.467926+00:00, run_after=2024-06-26T13:37:59.467926+00:00
[2024-06-26T13:37:59.482+0000] {processor.py:175} INFO - Processing /home/airflow/.local/lib/python3.7/site-packages/airflow/example_dags/tutorial.py took 0.065 seconds
[2024-06-26T13:38:30.362+0000] {processor.py:153} INFO - Started process (PID=6218) to work on /home/airflow/.local/lib/python3.7/site-packages/airflow/example_dags/tutorial.py
[2024-06-26T13:38:30.363+0000] {processor.py:743} INFO - Processing file /home/airflow/.local/lib/python3.7/site-packages/airflow/example_dags/tutorial.py for tasks to queue
[2024-06-26T13:38:30.363+0000] {logging_mixin.py:137} INFO - [2024-06-26T13:38:30.363+0000] {dagbag.py:538} INFO - Filling up the DagBag from /home/airflow/.local/lib/python3.7/site-packages/airflow/example_dags/tutorial.py
[2024-06-26T13:38:30.372+0000] {processor.py:753} INFO - DAG(s) dict_keys(['tutorial']) retrieved from /home/airflow/.local/lib/python3.7/site-packages/airflow/example_dags/tutorial.py
[2024-06-26T13:38:30.388+0000] {logging_mixin.py:137} INFO - [2024-06-26T13:38:30.388+0000] {dag.py:2690} INFO - Sync 1 DAGs
[2024-06-26T13:38:30.406+0000] {logging_mixin.py:137} INFO - [2024-06-26T13:38:30.406+0000] {dag.py:3441} INFO - Setting next_dagrun for tutorial to 2024-06-25T13:38:30.406424+00:00, run_after=2024-06-26T13:38:30.406424+00:00
[2024-06-26T13:38:30.419+0000] {processor.py:175} INFO - Processing /home/airflow/.local/lib/python3.7/site-packages/airflow/example_dags/tutorial.py took 0.059 seconds
[2024-06-26T13:39:01.052+0000] {processor.py:153} INFO - Started process (PID=6317) to work on /home/airflow/.local/lib/python3.7/site-packages/airflow/example_dags/tutorial.py
[2024-06-26T13:39:01.053+0000] {processor.py:743} INFO - Processing file /home/airflow/.local/lib/python3.7/site-packages/airflow/example_dags/tutorial.py for tasks to queue
[2024-06-26T13:39:01.053+0000] {logging_mixin.py:137} INFO - [2024-06-26T13:39:01.053+0000] {dagbag.py:538} INFO - Filling up the DagBag from /home/airflow/.local/lib/python3.7/site-packages/airflow/example_dags/tutorial.py
[2024-06-26T13:39:01.062+0000] {processor.py:753} INFO - DAG(s) dict_keys(['tutorial']) retrieved from /home/airflow/.local/lib/python3.7/site-packages/airflow/example_dags/tutorial.py
[2024-06-26T13:39:01.078+0000] {logging_mixin.py:137} INFO - [2024-06-26T13:39:01.078+0000] {dag.py:2690} INFO - Sync 1 DAGs
[2024-06-26T13:39:01.096+0000] {logging_mixin.py:137} INFO - [2024-06-26T13:39:01.096+0000] {dag.py:3441} INFO - Setting next_dagrun for tutorial to 2024-06-25T13:39:01.096569+00:00, run_after=2024-06-26T13:39:01.096569+00:00
[2024-06-26T13:39:01.110+0000] {processor.py:175} INFO - Processing /home/airflow/.local/lib/python3.7/site-packages/airflow/example_dags/tutorial.py took 0.059 seconds
[2024-06-26T13:39:31.828+0000] {processor.py:153} INFO - Started process (PID=6396) to work on /home/airflow/.local/lib/python3.7/site-packages/airflow/example_dags/tutorial.py
[2024-06-26T13:39:31.829+0000] {processor.py:743} INFO - Processing file /home/airflow/.local/lib/python3.7/site-packages/airflow/example_dags/tutorial.py for tasks to queue
[2024-06-26T13:39:31.829+0000] {logging_mixin.py:137} INFO - [2024-06-26T13:39:31.829+0000] {dagbag.py:538} INFO - Filling up the DagBag from /home/airflow/.local/lib/python3.7/site-packages/airflow/example_dags/tutorial.py
[2024-06-26T13:39:31.839+0000] {processor.py:753} INFO - DAG(s) dict_keys(['tutorial']) retrieved from /home/airflow/.local/lib/python3.7/site-packages/airflow/example_dags/tutorial.py
[2024-06-26T13:39:31.856+0000] {logging_mixin.py:137} INFO - [2024-06-26T13:39:31.856+0000] {dag.py:2690} INFO - Sync 1 DAGs
[2024-06-26T13:39:31.876+0000] {logging_mixin.py:137} INFO - [2024-06-26T13:39:31.876+0000] {dag.py:3441} INFO - Setting next_dagrun for tutorial to 2024-06-25T13:39:31.876358+00:00, run_after=2024-06-26T13:39:31.876358+00:00
[2024-06-26T13:39:31.891+0000] {processor.py:175} INFO - Processing /home/airflow/.local/lib/python3.7/site-packages/airflow/example_dags/tutorial.py took 0.064 seconds
