[2024-06-26T13:03:43.691+0000] {processor.py:153} INFO - Started process (PID=41) to work on /home/airflow/.local/lib/python3.7/site-packages/airflow/example_dags/tutorial_taskflow_api.py
[2024-06-26T13:03:43.692+0000] {processor.py:743} INFO - Processing file /home/airflow/.local/lib/python3.7/site-packages/airflow/example_dags/tutorial_taskflow_api.py for tasks to queue
[2024-06-26T13:03:43.692+0000] {logging_mixin.py:137} INFO - [2024-06-26T13:03:43.692+0000] {dagbag.py:538} INFO - Filling up the DagBag from /home/airflow/.local/lib/python3.7/site-packages/airflow/example_dags/tutorial_taskflow_api.py
[2024-06-26T13:03:43.710+0000] {processor.py:753} INFO - DAG(s) dict_keys(['tutorial_taskflow_api']) retrieved from /home/airflow/.local/lib/python3.7/site-packages/airflow/example_dags/tutorial_taskflow_api.py
[2024-06-26T13:03:43.737+0000] {logging_mixin.py:137} INFO - [2024-06-26T13:03:43.737+0000] {dag.py:2690} INFO - Sync 1 DAGs
[2024-06-26T13:03:43.757+0000] {logging_mixin.py:137} INFO - [2024-06-26T13:03:43.757+0000] {dag.py:3441} INFO - Setting next_dagrun for tutorial_taskflow_api to None, run_after=None
[2024-06-26T13:03:43.774+0000] {processor.py:175} INFO - Processing /home/airflow/.local/lib/python3.7/site-packages/airflow/example_dags/tutorial_taskflow_api.py took 0.084 seconds
[2024-06-26T13:04:14.659+0000] {processor.py:153} INFO - Started process (PID=140) to work on /home/airflow/.local/lib/python3.7/site-packages/airflow/example_dags/tutorial_taskflow_api.py
[2024-06-26T13:04:14.664+0000] {processor.py:743} INFO - Processing file /home/airflow/.local/lib/python3.7/site-packages/airflow/example_dags/tutorial_taskflow_api.py for tasks to queue
[2024-06-26T13:04:14.665+0000] {logging_mixin.py:137} INFO - [2024-06-26T13:04:14.665+0000] {dagbag.py:538} INFO - Filling up the DagBag from /home/airflow/.local/lib/python3.7/site-packages/airflow/example_dags/tutorial_taskflow_api.py
[2024-06-26T13:04:14.679+0000] {processor.py:753} INFO - DAG(s) dict_keys(['tutorial_taskflow_api']) retrieved from /home/airflow/.local/lib/python3.7/site-packages/airflow/example_dags/tutorial_taskflow_api.py
[2024-06-26T13:04:14.695+0000] {logging_mixin.py:137} INFO - [2024-06-26T13:04:14.695+0000] {dag.py:2690} INFO - Sync 1 DAGs
[2024-06-26T13:04:14.712+0000] {logging_mixin.py:137} INFO - [2024-06-26T13:04:14.712+0000] {dag.py:3441} INFO - Setting next_dagrun for tutorial_taskflow_api to None, run_after=None
[2024-06-26T13:04:14.725+0000] {processor.py:175} INFO - Processing /home/airflow/.local/lib/python3.7/site-packages/airflow/example_dags/tutorial_taskflow_api.py took 0.068 seconds
[2024-06-26T13:04:45.369+0000] {processor.py:153} INFO - Started process (PID=219) to work on /home/airflow/.local/lib/python3.7/site-packages/airflow/example_dags/tutorial_taskflow_api.py
[2024-06-26T13:04:45.375+0000] {processor.py:743} INFO - Processing file /home/airflow/.local/lib/python3.7/site-packages/airflow/example_dags/tutorial_taskflow_api.py for tasks to queue
[2024-06-26T13:04:45.375+0000] {logging_mixin.py:137} INFO - [2024-06-26T13:04:45.375+0000] {dagbag.py:538} INFO - Filling up the DagBag from /home/airflow/.local/lib/python3.7/site-packages/airflow/example_dags/tutorial_taskflow_api.py
[2024-06-26T13:04:45.390+0000] {processor.py:753} INFO - DAG(s) dict_keys(['tutorial_taskflow_api']) retrieved from /home/airflow/.local/lib/python3.7/site-packages/airflow/example_dags/tutorial_taskflow_api.py
[2024-06-26T13:04:45.406+0000] {logging_mixin.py:137} INFO - [2024-06-26T13:04:45.406+0000] {dag.py:2690} INFO - Sync 1 DAGs
[2024-06-26T13:04:45.424+0000] {logging_mixin.py:137} INFO - [2024-06-26T13:04:45.424+0000] {dag.py:3441} INFO - Setting next_dagrun for tutorial_taskflow_api to None, run_after=None
[2024-06-26T13:04:45.437+0000] {processor.py:175} INFO - Processing /home/airflow/.local/lib/python3.7/site-packages/airflow/example_dags/tutorial_taskflow_api.py took 0.069 seconds
[2024-06-26T13:05:16.082+0000] {processor.py:153} INFO - Started process (PID=318) to work on /home/airflow/.local/lib/python3.7/site-packages/airflow/example_dags/tutorial_taskflow_api.py
[2024-06-26T13:05:16.087+0000] {processor.py:743} INFO - Processing file /home/airflow/.local/lib/python3.7/site-packages/airflow/example_dags/tutorial_taskflow_api.py for tasks to queue
[2024-06-26T13:05:16.087+0000] {logging_mixin.py:137} INFO - [2024-06-26T13:05:16.087+0000] {dagbag.py:538} INFO - Filling up the DagBag from /home/airflow/.local/lib/python3.7/site-packages/airflow/example_dags/tutorial_taskflow_api.py
[2024-06-26T13:05:16.102+0000] {processor.py:753} INFO - DAG(s) dict_keys(['tutorial_taskflow_api']) retrieved from /home/airflow/.local/lib/python3.7/site-packages/airflow/example_dags/tutorial_taskflow_api.py
[2024-06-26T13:05:16.118+0000] {logging_mixin.py:137} INFO - [2024-06-26T13:05:16.118+0000] {dag.py:2690} INFO - Sync 1 DAGs
[2024-06-26T13:05:16.135+0000] {logging_mixin.py:137} INFO - [2024-06-26T13:05:16.135+0000] {dag.py:3441} INFO - Setting next_dagrun for tutorial_taskflow_api to None, run_after=None
[2024-06-26T13:05:16.149+0000] {processor.py:175} INFO - Processing /home/airflow/.local/lib/python3.7/site-packages/airflow/example_dags/tutorial_taskflow_api.py took 0.069 seconds
[2024-06-26T13:05:46.858+0000] {processor.py:153} INFO - Started process (PID=417) to work on /home/airflow/.local/lib/python3.7/site-packages/airflow/example_dags/tutorial_taskflow_api.py
[2024-06-26T13:05:46.866+0000] {processor.py:743} INFO - Processing file /home/airflow/.local/lib/python3.7/site-packages/airflow/example_dags/tutorial_taskflow_api.py for tasks to queue
[2024-06-26T13:05:46.867+0000] {logging_mixin.py:137} INFO - [2024-06-26T13:05:46.867+0000] {dagbag.py:538} INFO - Filling up the DagBag from /home/airflow/.local/lib/python3.7/site-packages/airflow/example_dags/tutorial_taskflow_api.py
[2024-06-26T13:05:46.922+0000] {processor.py:753} INFO - DAG(s) dict_keys(['tutorial_taskflow_api']) retrieved from /home/airflow/.local/lib/python3.7/site-packages/airflow/example_dags/tutorial_taskflow_api.py
[2024-06-26T13:05:46.945+0000] {logging_mixin.py:137} INFO - [2024-06-26T13:05:46.944+0000] {dag.py:2690} INFO - Sync 1 DAGs
[2024-06-26T13:05:46.970+0000] {logging_mixin.py:137} INFO - [2024-06-26T13:05:46.970+0000] {dag.py:3441} INFO - Setting next_dagrun for tutorial_taskflow_api to None, run_after=None
[2024-06-26T13:05:46.989+0000] {processor.py:175} INFO - Processing /home/airflow/.local/lib/python3.7/site-packages/airflow/example_dags/tutorial_taskflow_api.py took 0.142 seconds
[2024-06-26T13:06:17.630+0000] {processor.py:153} INFO - Started process (PID=496) to work on /home/airflow/.local/lib/python3.7/site-packages/airflow/example_dags/tutorial_taskflow_api.py
[2024-06-26T13:06:17.636+0000] {processor.py:743} INFO - Processing file /home/airflow/.local/lib/python3.7/site-packages/airflow/example_dags/tutorial_taskflow_api.py for tasks to queue
[2024-06-26T13:06:17.636+0000] {logging_mixin.py:137} INFO - [2024-06-26T13:06:17.636+0000] {dagbag.py:538} INFO - Filling up the DagBag from /home/airflow/.local/lib/python3.7/site-packages/airflow/example_dags/tutorial_taskflow_api.py
[2024-06-26T13:06:17.651+0000] {processor.py:753} INFO - DAG(s) dict_keys(['tutorial_taskflow_api']) retrieved from /home/airflow/.local/lib/python3.7/site-packages/airflow/example_dags/tutorial_taskflow_api.py
[2024-06-26T13:06:17.667+0000] {logging_mixin.py:137} INFO - [2024-06-26T13:06:17.667+0000] {dag.py:2690} INFO - Sync 1 DAGs
[2024-06-26T13:06:17.683+0000] {logging_mixin.py:137} INFO - [2024-06-26T13:06:17.683+0000] {dag.py:3441} INFO - Setting next_dagrun for tutorial_taskflow_api to None, run_after=None
[2024-06-26T13:06:17.696+0000] {processor.py:175} INFO - Processing /home/airflow/.local/lib/python3.7/site-packages/airflow/example_dags/tutorial_taskflow_api.py took 0.067 seconds
[2024-06-26T13:06:48.341+0000] {processor.py:153} INFO - Started process (PID=595) to work on /home/airflow/.local/lib/python3.7/site-packages/airflow/example_dags/tutorial_taskflow_api.py
[2024-06-26T13:06:48.343+0000] {processor.py:743} INFO - Processing file /home/airflow/.local/lib/python3.7/site-packages/airflow/example_dags/tutorial_taskflow_api.py for tasks to queue
[2024-06-26T13:06:48.344+0000] {logging_mixin.py:137} INFO - [2024-06-26T13:06:48.344+0000] {dagbag.py:538} INFO - Filling up the DagBag from /home/airflow/.local/lib/python3.7/site-packages/airflow/example_dags/tutorial_taskflow_api.py
[2024-06-26T13:06:48.375+0000] {processor.py:753} INFO - DAG(s) dict_keys(['tutorial_taskflow_api']) retrieved from /home/airflow/.local/lib/python3.7/site-packages/airflow/example_dags/tutorial_taskflow_api.py
[2024-06-26T13:06:48.392+0000] {logging_mixin.py:137} INFO - [2024-06-26T13:06:48.391+0000] {dag.py:2690} INFO - Sync 1 DAGs
[2024-06-26T13:06:48.411+0000] {logging_mixin.py:137} INFO - [2024-06-26T13:06:48.411+0000] {dag.py:3441} INFO - Setting next_dagrun for tutorial_taskflow_api to None, run_after=None
[2024-06-26T13:06:48.426+0000] {processor.py:175} INFO - Processing /home/airflow/.local/lib/python3.7/site-packages/airflow/example_dags/tutorial_taskflow_api.py took 0.093 seconds
[2024-06-26T13:07:18.438+0000] {processor.py:153} INFO - Started process (PID=674) to work on /home/airflow/.local/lib/python3.7/site-packages/airflow/example_dags/tutorial_taskflow_api.py
[2024-06-26T13:07:18.444+0000] {processor.py:743} INFO - Processing file /home/airflow/.local/lib/python3.7/site-packages/airflow/example_dags/tutorial_taskflow_api.py for tasks to queue
[2024-06-26T13:07:18.444+0000] {logging_mixin.py:137} INFO - [2024-06-26T13:07:18.444+0000] {dagbag.py:538} INFO - Filling up the DagBag from /home/airflow/.local/lib/python3.7/site-packages/airflow/example_dags/tutorial_taskflow_api.py
[2024-06-26T13:07:18.458+0000] {processor.py:753} INFO - DAG(s) dict_keys(['tutorial_taskflow_api']) retrieved from /home/airflow/.local/lib/python3.7/site-packages/airflow/example_dags/tutorial_taskflow_api.py
[2024-06-26T13:07:18.474+0000] {logging_mixin.py:137} INFO - [2024-06-26T13:07:18.474+0000] {dag.py:2690} INFO - Sync 1 DAGs
[2024-06-26T13:07:18.492+0000] {logging_mixin.py:137} INFO - [2024-06-26T13:07:18.492+0000] {dag.py:3441} INFO - Setting next_dagrun for tutorial_taskflow_api to None, run_after=None
[2024-06-26T13:07:18.506+0000] {processor.py:175} INFO - Processing /home/airflow/.local/lib/python3.7/site-packages/airflow/example_dags/tutorial_taskflow_api.py took 0.069 seconds
[2024-06-26T13:07:48.602+0000] {processor.py:153} INFO - Started process (PID=773) to work on /home/airflow/.local/lib/python3.7/site-packages/airflow/example_dags/tutorial_taskflow_api.py
[2024-06-26T13:07:48.608+0000] {processor.py:743} INFO - Processing file /home/airflow/.local/lib/python3.7/site-packages/airflow/example_dags/tutorial_taskflow_api.py for tasks to queue
[2024-06-26T13:07:48.610+0000] {logging_mixin.py:137} INFO - [2024-06-26T13:07:48.609+0000] {dagbag.py:538} INFO - Filling up the DagBag from /home/airflow/.local/lib/python3.7/site-packages/airflow/example_dags/tutorial_taskflow_api.py
[2024-06-26T13:07:48.658+0000] {processor.py:753} INFO - DAG(s) dict_keys(['tutorial_taskflow_api']) retrieved from /home/airflow/.local/lib/python3.7/site-packages/airflow/example_dags/tutorial_taskflow_api.py
[2024-06-26T13:07:48.674+0000] {logging_mixin.py:137} INFO - [2024-06-26T13:07:48.674+0000] {dag.py:2690} INFO - Sync 1 DAGs
[2024-06-26T13:07:48.692+0000] {logging_mixin.py:137} INFO - [2024-06-26T13:07:48.691+0000] {dag.py:3441} INFO - Setting next_dagrun for tutorial_taskflow_api to None, run_after=None
[2024-06-26T13:07:48.704+0000] {processor.py:175} INFO - Processing /home/airflow/.local/lib/python3.7/site-packages/airflow/example_dags/tutorial_taskflow_api.py took 0.104 seconds
[2024-06-26T13:08:18.875+0000] {processor.py:153} INFO - Started process (PID=852) to work on /home/airflow/.local/lib/python3.7/site-packages/airflow/example_dags/tutorial_taskflow_api.py
[2024-06-26T13:08:18.881+0000] {processor.py:743} INFO - Processing file /home/airflow/.local/lib/python3.7/site-packages/airflow/example_dags/tutorial_taskflow_api.py for tasks to queue
[2024-06-26T13:08:18.881+0000] {logging_mixin.py:137} INFO - [2024-06-26T13:08:18.881+0000] {dagbag.py:538} INFO - Filling up the DagBag from /home/airflow/.local/lib/python3.7/site-packages/airflow/example_dags/tutorial_taskflow_api.py
[2024-06-26T13:08:18.895+0000] {processor.py:753} INFO - DAG(s) dict_keys(['tutorial_taskflow_api']) retrieved from /home/airflow/.local/lib/python3.7/site-packages/airflow/example_dags/tutorial_taskflow_api.py
[2024-06-26T13:08:18.912+0000] {logging_mixin.py:137} INFO - [2024-06-26T13:08:18.912+0000] {dag.py:2690} INFO - Sync 1 DAGs
[2024-06-26T13:08:18.930+0000] {logging_mixin.py:137} INFO - [2024-06-26T13:08:18.930+0000] {dag.py:3441} INFO - Setting next_dagrun for tutorial_taskflow_api to None, run_after=None
[2024-06-26T13:08:18.942+0000] {processor.py:175} INFO - Processing /home/airflow/.local/lib/python3.7/site-packages/airflow/example_dags/tutorial_taskflow_api.py took 0.068 seconds
[2024-06-26T13:08:49.103+0000] {processor.py:153} INFO - Started process (PID=951) to work on /home/airflow/.local/lib/python3.7/site-packages/airflow/example_dags/tutorial_taskflow_api.py
[2024-06-26T13:08:49.109+0000] {processor.py:743} INFO - Processing file /home/airflow/.local/lib/python3.7/site-packages/airflow/example_dags/tutorial_taskflow_api.py for tasks to queue
[2024-06-26T13:08:49.110+0000] {logging_mixin.py:137} INFO - [2024-06-26T13:08:49.110+0000] {dagbag.py:538} INFO - Filling up the DagBag from /home/airflow/.local/lib/python3.7/site-packages/airflow/example_dags/tutorial_taskflow_api.py
[2024-06-26T13:08:49.127+0000] {processor.py:753} INFO - DAG(s) dict_keys(['tutorial_taskflow_api']) retrieved from /home/airflow/.local/lib/python3.7/site-packages/airflow/example_dags/tutorial_taskflow_api.py
[2024-06-26T13:08:49.142+0000] {logging_mixin.py:137} INFO - [2024-06-26T13:08:49.142+0000] {dag.py:2690} INFO - Sync 1 DAGs
[2024-06-26T13:08:49.158+0000] {logging_mixin.py:137} INFO - [2024-06-26T13:08:49.158+0000] {dag.py:3441} INFO - Setting next_dagrun for tutorial_taskflow_api to None, run_after=None
[2024-06-26T13:08:49.171+0000] {processor.py:175} INFO - Processing /home/airflow/.local/lib/python3.7/site-packages/airflow/example_dags/tutorial_taskflow_api.py took 0.071 seconds
[2024-06-26T13:09:19.933+0000] {processor.py:153} INFO - Started process (PID=1050) to work on /home/airflow/.local/lib/python3.7/site-packages/airflow/example_dags/tutorial_taskflow_api.py
[2024-06-26T13:09:19.938+0000] {processor.py:743} INFO - Processing file /home/airflow/.local/lib/python3.7/site-packages/airflow/example_dags/tutorial_taskflow_api.py for tasks to queue
[2024-06-26T13:09:19.939+0000] {logging_mixin.py:137} INFO - [2024-06-26T13:09:19.938+0000] {dagbag.py:538} INFO - Filling up the DagBag from /home/airflow/.local/lib/python3.7/site-packages/airflow/example_dags/tutorial_taskflow_api.py
[2024-06-26T13:09:19.954+0000] {processor.py:753} INFO - DAG(s) dict_keys(['tutorial_taskflow_api']) retrieved from /home/airflow/.local/lib/python3.7/site-packages/airflow/example_dags/tutorial_taskflow_api.py
[2024-06-26T13:09:19.975+0000] {logging_mixin.py:137} INFO - [2024-06-26T13:09:19.975+0000] {dag.py:2690} INFO - Sync 1 DAGs
[2024-06-26T13:09:20.006+0000] {logging_mixin.py:137} INFO - [2024-06-26T13:09:20.006+0000] {dag.py:3441} INFO - Setting next_dagrun for tutorial_taskflow_api to None, run_after=None
[2024-06-26T13:09:20.026+0000] {processor.py:175} INFO - Processing /home/airflow/.local/lib/python3.7/site-packages/airflow/example_dags/tutorial_taskflow_api.py took 0.095 seconds
[2024-06-26T13:09:50.739+0000] {processor.py:153} INFO - Started process (PID=1129) to work on /home/airflow/.local/lib/python3.7/site-packages/airflow/example_dags/tutorial_taskflow_api.py
[2024-06-26T13:09:50.744+0000] {processor.py:743} INFO - Processing file /home/airflow/.local/lib/python3.7/site-packages/airflow/example_dags/tutorial_taskflow_api.py for tasks to queue
[2024-06-26T13:09:50.745+0000] {logging_mixin.py:137} INFO - [2024-06-26T13:09:50.745+0000] {dagbag.py:538} INFO - Filling up the DagBag from /home/airflow/.local/lib/python3.7/site-packages/airflow/example_dags/tutorial_taskflow_api.py
[2024-06-26T13:09:50.759+0000] {processor.py:753} INFO - DAG(s) dict_keys(['tutorial_taskflow_api']) retrieved from /home/airflow/.local/lib/python3.7/site-packages/airflow/example_dags/tutorial_taskflow_api.py
[2024-06-26T13:09:50.775+0000] {logging_mixin.py:137} INFO - [2024-06-26T13:09:50.775+0000] {dag.py:2690} INFO - Sync 1 DAGs
[2024-06-26T13:09:50.792+0000] {logging_mixin.py:137} INFO - [2024-06-26T13:09:50.792+0000] {dag.py:3441} INFO - Setting next_dagrun for tutorial_taskflow_api to None, run_after=None
[2024-06-26T13:09:50.805+0000] {processor.py:175} INFO - Processing /home/airflow/.local/lib/python3.7/site-packages/airflow/example_dags/tutorial_taskflow_api.py took 0.068 seconds
[2024-06-26T13:10:21.525+0000] {processor.py:153} INFO - Started process (PID=1228) to work on /home/airflow/.local/lib/python3.7/site-packages/airflow/example_dags/tutorial_taskflow_api.py
[2024-06-26T13:10:21.526+0000] {processor.py:743} INFO - Processing file /home/airflow/.local/lib/python3.7/site-packages/airflow/example_dags/tutorial_taskflow_api.py for tasks to queue
[2024-06-26T13:10:21.526+0000] {logging_mixin.py:137} INFO - [2024-06-26T13:10:21.526+0000] {dagbag.py:538} INFO - Filling up the DagBag from /home/airflow/.local/lib/python3.7/site-packages/airflow/example_dags/tutorial_taskflow_api.py
[2024-06-26T13:10:21.541+0000] {processor.py:753} INFO - DAG(s) dict_keys(['tutorial_taskflow_api']) retrieved from /home/airflow/.local/lib/python3.7/site-packages/airflow/example_dags/tutorial_taskflow_api.py
[2024-06-26T13:10:21.556+0000] {logging_mixin.py:137} INFO - [2024-06-26T13:10:21.556+0000] {dag.py:2690} INFO - Sync 1 DAGs
[2024-06-26T13:10:21.572+0000] {logging_mixin.py:137} INFO - [2024-06-26T13:10:21.572+0000] {dag.py:3441} INFO - Setting next_dagrun for tutorial_taskflow_api to None, run_after=None
[2024-06-26T13:10:21.584+0000] {processor.py:175} INFO - Processing /home/airflow/.local/lib/python3.7/site-packages/airflow/example_dags/tutorial_taskflow_api.py took 0.060 seconds
[2024-06-26T13:10:52.318+0000] {processor.py:153} INFO - Started process (PID=1307) to work on /home/airflow/.local/lib/python3.7/site-packages/airflow/example_dags/tutorial_taskflow_api.py
[2024-06-26T13:10:52.324+0000] {processor.py:743} INFO - Processing file /home/airflow/.local/lib/python3.7/site-packages/airflow/example_dags/tutorial_taskflow_api.py for tasks to queue
[2024-06-26T13:10:52.324+0000] {logging_mixin.py:137} INFO - [2024-06-26T13:10:52.324+0000] {dagbag.py:538} INFO - Filling up the DagBag from /home/airflow/.local/lib/python3.7/site-packages/airflow/example_dags/tutorial_taskflow_api.py
[2024-06-26T13:10:52.338+0000] {processor.py:753} INFO - DAG(s) dict_keys(['tutorial_taskflow_api']) retrieved from /home/airflow/.local/lib/python3.7/site-packages/airflow/example_dags/tutorial_taskflow_api.py
[2024-06-26T13:10:52.352+0000] {logging_mixin.py:137} INFO - [2024-06-26T13:10:52.352+0000] {dag.py:2690} INFO - Sync 1 DAGs
[2024-06-26T13:10:52.369+0000] {logging_mixin.py:137} INFO - [2024-06-26T13:10:52.368+0000] {dag.py:3441} INFO - Setting next_dagrun for tutorial_taskflow_api to None, run_after=None
[2024-06-26T13:10:52.382+0000] {processor.py:175} INFO - Processing /home/airflow/.local/lib/python3.7/site-packages/airflow/example_dags/tutorial_taskflow_api.py took 0.066 seconds
[2024-06-26T13:11:23.306+0000] {processor.py:153} INFO - Started process (PID=1406) to work on /home/airflow/.local/lib/python3.7/site-packages/airflow/example_dags/tutorial_taskflow_api.py
[2024-06-26T13:11:23.312+0000] {processor.py:743} INFO - Processing file /home/airflow/.local/lib/python3.7/site-packages/airflow/example_dags/tutorial_taskflow_api.py for tasks to queue
[2024-06-26T13:11:23.312+0000] {logging_mixin.py:137} INFO - [2024-06-26T13:11:23.312+0000] {dagbag.py:538} INFO - Filling up the DagBag from /home/airflow/.local/lib/python3.7/site-packages/airflow/example_dags/tutorial_taskflow_api.py
[2024-06-26T13:11:23.327+0000] {processor.py:753} INFO - DAG(s) dict_keys(['tutorial_taskflow_api']) retrieved from /home/airflow/.local/lib/python3.7/site-packages/airflow/example_dags/tutorial_taskflow_api.py
[2024-06-26T13:11:23.343+0000] {logging_mixin.py:137} INFO - [2024-06-26T13:11:23.343+0000] {dag.py:2690} INFO - Sync 1 DAGs
[2024-06-26T13:11:23.362+0000] {logging_mixin.py:137} INFO - [2024-06-26T13:11:23.362+0000] {dag.py:3441} INFO - Setting next_dagrun for tutorial_taskflow_api to None, run_after=None
[2024-06-26T13:11:23.377+0000] {processor.py:175} INFO - Processing /home/airflow/.local/lib/python3.7/site-packages/airflow/example_dags/tutorial_taskflow_api.py took 0.073 seconds
[2024-06-26T13:11:54.120+0000] {processor.py:153} INFO - Started process (PID=1505) to work on /home/airflow/.local/lib/python3.7/site-packages/airflow/example_dags/tutorial_taskflow_api.py
[2024-06-26T13:11:54.121+0000] {processor.py:743} INFO - Processing file /home/airflow/.local/lib/python3.7/site-packages/airflow/example_dags/tutorial_taskflow_api.py for tasks to queue
[2024-06-26T13:11:54.121+0000] {logging_mixin.py:137} INFO - [2024-06-26T13:11:54.121+0000] {dagbag.py:538} INFO - Filling up the DagBag from /home/airflow/.local/lib/python3.7/site-packages/airflow/example_dags/tutorial_taskflow_api.py
[2024-06-26T13:11:54.136+0000] {processor.py:753} INFO - DAG(s) dict_keys(['tutorial_taskflow_api']) retrieved from /home/airflow/.local/lib/python3.7/site-packages/airflow/example_dags/tutorial_taskflow_api.py
[2024-06-26T13:11:54.151+0000] {logging_mixin.py:137} INFO - [2024-06-26T13:11:54.151+0000] {dag.py:2690} INFO - Sync 1 DAGs
[2024-06-26T13:11:54.168+0000] {logging_mixin.py:137} INFO - [2024-06-26T13:11:54.168+0000] {dag.py:3441} INFO - Setting next_dagrun for tutorial_taskflow_api to None, run_after=None
[2024-06-26T13:11:54.180+0000] {processor.py:175} INFO - Processing /home/airflow/.local/lib/python3.7/site-packages/airflow/example_dags/tutorial_taskflow_api.py took 0.062 seconds
[2024-06-26T13:12:24.930+0000] {processor.py:153} INFO - Started process (PID=1584) to work on /home/airflow/.local/lib/python3.7/site-packages/airflow/example_dags/tutorial_taskflow_api.py
[2024-06-26T13:12:24.936+0000] {processor.py:743} INFO - Processing file /home/airflow/.local/lib/python3.7/site-packages/airflow/example_dags/tutorial_taskflow_api.py for tasks to queue
[2024-06-26T13:12:24.936+0000] {logging_mixin.py:137} INFO - [2024-06-26T13:12:24.936+0000] {dagbag.py:538} INFO - Filling up the DagBag from /home/airflow/.local/lib/python3.7/site-packages/airflow/example_dags/tutorial_taskflow_api.py
[2024-06-26T13:12:24.950+0000] {processor.py:753} INFO - DAG(s) dict_keys(['tutorial_taskflow_api']) retrieved from /home/airflow/.local/lib/python3.7/site-packages/airflow/example_dags/tutorial_taskflow_api.py
[2024-06-26T13:12:24.966+0000] {logging_mixin.py:137} INFO - [2024-06-26T13:12:24.965+0000] {dag.py:2690} INFO - Sync 1 DAGs
[2024-06-26T13:12:24.982+0000] {logging_mixin.py:137} INFO - [2024-06-26T13:12:24.982+0000] {dag.py:3441} INFO - Setting next_dagrun for tutorial_taskflow_api to None, run_after=None
[2024-06-26T13:12:24.994+0000] {processor.py:175} INFO - Processing /home/airflow/.local/lib/python3.7/site-packages/airflow/example_dags/tutorial_taskflow_api.py took 0.066 seconds
[2024-06-26T13:12:55.698+0000] {processor.py:153} INFO - Started process (PID=1683) to work on /home/airflow/.local/lib/python3.7/site-packages/airflow/example_dags/tutorial_taskflow_api.py
[2024-06-26T13:12:55.703+0000] {processor.py:743} INFO - Processing file /home/airflow/.local/lib/python3.7/site-packages/airflow/example_dags/tutorial_taskflow_api.py for tasks to queue
[2024-06-26T13:12:55.704+0000] {logging_mixin.py:137} INFO - [2024-06-26T13:12:55.704+0000] {dagbag.py:538} INFO - Filling up the DagBag from /home/airflow/.local/lib/python3.7/site-packages/airflow/example_dags/tutorial_taskflow_api.py
[2024-06-26T13:12:55.718+0000] {processor.py:753} INFO - DAG(s) dict_keys(['tutorial_taskflow_api']) retrieved from /home/airflow/.local/lib/python3.7/site-packages/airflow/example_dags/tutorial_taskflow_api.py
[2024-06-26T13:12:55.733+0000] {logging_mixin.py:137} INFO - [2024-06-26T13:12:55.733+0000] {dag.py:2690} INFO - Sync 1 DAGs
[2024-06-26T13:12:55.750+0000] {logging_mixin.py:137} INFO - [2024-06-26T13:12:55.750+0000] {dag.py:3441} INFO - Setting next_dagrun for tutorial_taskflow_api to None, run_after=None
[2024-06-26T13:12:55.764+0000] {processor.py:175} INFO - Processing /home/airflow/.local/lib/python3.7/site-packages/airflow/example_dags/tutorial_taskflow_api.py took 0.068 seconds
[2024-06-26T13:13:26.501+0000] {processor.py:153} INFO - Started process (PID=1771) to work on /home/airflow/.local/lib/python3.7/site-packages/airflow/example_dags/tutorial_taskflow_api.py
[2024-06-26T13:13:26.506+0000] {processor.py:743} INFO - Processing file /home/airflow/.local/lib/python3.7/site-packages/airflow/example_dags/tutorial_taskflow_api.py for tasks to queue
[2024-06-26T13:13:26.507+0000] {logging_mixin.py:137} INFO - [2024-06-26T13:13:26.506+0000] {dagbag.py:538} INFO - Filling up the DagBag from /home/airflow/.local/lib/python3.7/site-packages/airflow/example_dags/tutorial_taskflow_api.py
[2024-06-26T13:13:26.520+0000] {processor.py:753} INFO - DAG(s) dict_keys(['tutorial_taskflow_api']) retrieved from /home/airflow/.local/lib/python3.7/site-packages/airflow/example_dags/tutorial_taskflow_api.py
[2024-06-26T13:13:26.536+0000] {logging_mixin.py:137} INFO - [2024-06-26T13:13:26.536+0000] {dag.py:2690} INFO - Sync 1 DAGs
[2024-06-26T13:13:26.555+0000] {logging_mixin.py:137} INFO - [2024-06-26T13:13:26.555+0000] {dag.py:3441} INFO - Setting next_dagrun for tutorial_taskflow_api to None, run_after=None
[2024-06-26T13:13:26.568+0000] {processor.py:175} INFO - Processing /home/airflow/.local/lib/python3.7/site-packages/airflow/example_dags/tutorial_taskflow_api.py took 0.069 seconds
[2024-06-26T13:13:57.430+0000] {processor.py:153} INFO - Started process (PID=1861) to work on /home/airflow/.local/lib/python3.7/site-packages/airflow/example_dags/tutorial_taskflow_api.py
[2024-06-26T13:13:57.436+0000] {processor.py:743} INFO - Processing file /home/airflow/.local/lib/python3.7/site-packages/airflow/example_dags/tutorial_taskflow_api.py for tasks to queue
[2024-06-26T13:13:57.436+0000] {logging_mixin.py:137} INFO - [2024-06-26T13:13:57.436+0000] {dagbag.py:538} INFO - Filling up the DagBag from /home/airflow/.local/lib/python3.7/site-packages/airflow/example_dags/tutorial_taskflow_api.py
[2024-06-26T13:13:57.450+0000] {processor.py:753} INFO - DAG(s) dict_keys(['tutorial_taskflow_api']) retrieved from /home/airflow/.local/lib/python3.7/site-packages/airflow/example_dags/tutorial_taskflow_api.py
[2024-06-26T13:13:57.466+0000] {logging_mixin.py:137} INFO - [2024-06-26T13:13:57.466+0000] {dag.py:2690} INFO - Sync 1 DAGs
[2024-06-26T13:13:57.483+0000] {logging_mixin.py:137} INFO - [2024-06-26T13:13:57.483+0000] {dag.py:3441} INFO - Setting next_dagrun for tutorial_taskflow_api to None, run_after=None
[2024-06-26T13:13:57.496+0000] {processor.py:175} INFO - Processing /home/airflow/.local/lib/python3.7/site-packages/airflow/example_dags/tutorial_taskflow_api.py took 0.068 seconds
[2024-06-26T13:14:28.190+0000] {processor.py:153} INFO - Started process (PID=1960) to work on /home/airflow/.local/lib/python3.7/site-packages/airflow/example_dags/tutorial_taskflow_api.py
[2024-06-26T13:14:28.190+0000] {processor.py:743} INFO - Processing file /home/airflow/.local/lib/python3.7/site-packages/airflow/example_dags/tutorial_taskflow_api.py for tasks to queue
[2024-06-26T13:14:28.191+0000] {logging_mixin.py:137} INFO - [2024-06-26T13:14:28.191+0000] {dagbag.py:538} INFO - Filling up the DagBag from /home/airflow/.local/lib/python3.7/site-packages/airflow/example_dags/tutorial_taskflow_api.py
[2024-06-26T13:14:28.205+0000] {processor.py:753} INFO - DAG(s) dict_keys(['tutorial_taskflow_api']) retrieved from /home/airflow/.local/lib/python3.7/site-packages/airflow/example_dags/tutorial_taskflow_api.py
[2024-06-26T13:14:28.220+0000] {logging_mixin.py:137} INFO - [2024-06-26T13:14:28.220+0000] {dag.py:2690} INFO - Sync 1 DAGs
[2024-06-26T13:14:28.237+0000] {logging_mixin.py:137} INFO - [2024-06-26T13:14:28.237+0000] {dag.py:3441} INFO - Setting next_dagrun for tutorial_taskflow_api to None, run_after=None
[2024-06-26T13:14:28.250+0000] {processor.py:175} INFO - Processing /home/airflow/.local/lib/python3.7/site-packages/airflow/example_dags/tutorial_taskflow_api.py took 0.062 seconds
[2024-06-26T13:14:58.938+0000] {processor.py:153} INFO - Started process (PID=2039) to work on /home/airflow/.local/lib/python3.7/site-packages/airflow/example_dags/tutorial_taskflow_api.py
[2024-06-26T13:14:58.939+0000] {processor.py:743} INFO - Processing file /home/airflow/.local/lib/python3.7/site-packages/airflow/example_dags/tutorial_taskflow_api.py for tasks to queue
[2024-06-26T13:14:58.940+0000] {logging_mixin.py:137} INFO - [2024-06-26T13:14:58.940+0000] {dagbag.py:538} INFO - Filling up the DagBag from /home/airflow/.local/lib/python3.7/site-packages/airflow/example_dags/tutorial_taskflow_api.py
[2024-06-26T13:14:58.954+0000] {processor.py:753} INFO - DAG(s) dict_keys(['tutorial_taskflow_api']) retrieved from /home/airflow/.local/lib/python3.7/site-packages/airflow/example_dags/tutorial_taskflow_api.py
[2024-06-26T13:14:58.969+0000] {logging_mixin.py:137} INFO - [2024-06-26T13:14:58.969+0000] {dag.py:2690} INFO - Sync 1 DAGs
[2024-06-26T13:14:58.986+0000] {logging_mixin.py:137} INFO - [2024-06-26T13:14:58.986+0000] {dag.py:3441} INFO - Setting next_dagrun for tutorial_taskflow_api to None, run_after=None
[2024-06-26T13:14:58.999+0000] {processor.py:175} INFO - Processing /home/airflow/.local/lib/python3.7/site-packages/airflow/example_dags/tutorial_taskflow_api.py took 0.063 seconds
[2024-06-26T13:15:29.930+0000] {processor.py:153} INFO - Started process (PID=2138) to work on /home/airflow/.local/lib/python3.7/site-packages/airflow/example_dags/tutorial_taskflow_api.py
[2024-06-26T13:15:29.936+0000] {processor.py:743} INFO - Processing file /home/airflow/.local/lib/python3.7/site-packages/airflow/example_dags/tutorial_taskflow_api.py for tasks to queue
[2024-06-26T13:15:29.937+0000] {logging_mixin.py:137} INFO - [2024-06-26T13:15:29.937+0000] {dagbag.py:538} INFO - Filling up the DagBag from /home/airflow/.local/lib/python3.7/site-packages/airflow/example_dags/tutorial_taskflow_api.py
[2024-06-26T13:15:29.964+0000] {processor.py:753} INFO - DAG(s) dict_keys(['tutorial_taskflow_api']) retrieved from /home/airflow/.local/lib/python3.7/site-packages/airflow/example_dags/tutorial_taskflow_api.py
[2024-06-26T13:15:29.983+0000] {logging_mixin.py:137} INFO - [2024-06-26T13:15:29.982+0000] {dag.py:2690} INFO - Sync 1 DAGs
[2024-06-26T13:15:30.000+0000] {logging_mixin.py:137} INFO - [2024-06-26T13:15:30.000+0000] {dag.py:3441} INFO - Setting next_dagrun for tutorial_taskflow_api to None, run_after=None
[2024-06-26T13:15:30.014+0000] {processor.py:175} INFO - Processing /home/airflow/.local/lib/python3.7/site-packages/airflow/example_dags/tutorial_taskflow_api.py took 0.092 seconds
[2024-06-26T13:16:00.703+0000] {processor.py:153} INFO - Started process (PID=2237) to work on /home/airflow/.local/lib/python3.7/site-packages/airflow/example_dags/tutorial_taskflow_api.py
[2024-06-26T13:16:00.704+0000] {processor.py:743} INFO - Processing file /home/airflow/.local/lib/python3.7/site-packages/airflow/example_dags/tutorial_taskflow_api.py for tasks to queue
[2024-06-26T13:16:00.704+0000] {logging_mixin.py:137} INFO - [2024-06-26T13:16:00.704+0000] {dagbag.py:538} INFO - Filling up the DagBag from /home/airflow/.local/lib/python3.7/site-packages/airflow/example_dags/tutorial_taskflow_api.py
[2024-06-26T13:16:00.718+0000] {processor.py:753} INFO - DAG(s) dict_keys(['tutorial_taskflow_api']) retrieved from /home/airflow/.local/lib/python3.7/site-packages/airflow/example_dags/tutorial_taskflow_api.py
[2024-06-26T13:16:00.734+0000] {logging_mixin.py:137} INFO - [2024-06-26T13:16:00.734+0000] {dag.py:2690} INFO - Sync 1 DAGs
[2024-06-26T13:16:00.751+0000] {logging_mixin.py:137} INFO - [2024-06-26T13:16:00.751+0000] {dag.py:3441} INFO - Setting next_dagrun for tutorial_taskflow_api to None, run_after=None
[2024-06-26T13:16:00.765+0000] {processor.py:175} INFO - Processing /home/airflow/.local/lib/python3.7/site-packages/airflow/example_dags/tutorial_taskflow_api.py took 0.064 seconds
[2024-06-26T13:16:31.578+0000] {processor.py:153} INFO - Started process (PID=2316) to work on /home/airflow/.local/lib/python3.7/site-packages/airflow/example_dags/tutorial_taskflow_api.py
[2024-06-26T13:16:31.584+0000] {processor.py:743} INFO - Processing file /home/airflow/.local/lib/python3.7/site-packages/airflow/example_dags/tutorial_taskflow_api.py for tasks to queue
[2024-06-26T13:16:31.584+0000] {logging_mixin.py:137} INFO - [2024-06-26T13:16:31.584+0000] {dagbag.py:538} INFO - Filling up the DagBag from /home/airflow/.local/lib/python3.7/site-packages/airflow/example_dags/tutorial_taskflow_api.py
[2024-06-26T13:16:31.598+0000] {processor.py:753} INFO - DAG(s) dict_keys(['tutorial_taskflow_api']) retrieved from /home/airflow/.local/lib/python3.7/site-packages/airflow/example_dags/tutorial_taskflow_api.py
[2024-06-26T13:16:31.613+0000] {logging_mixin.py:137} INFO - [2024-06-26T13:16:31.613+0000] {dag.py:2690} INFO - Sync 1 DAGs
[2024-06-26T13:16:31.629+0000] {logging_mixin.py:137} INFO - [2024-06-26T13:16:31.629+0000] {dag.py:3441} INFO - Setting next_dagrun for tutorial_taskflow_api to None, run_after=None
[2024-06-26T13:16:31.643+0000] {processor.py:175} INFO - Processing /home/airflow/.local/lib/python3.7/site-packages/airflow/example_dags/tutorial_taskflow_api.py took 0.066 seconds
[2024-06-26T13:17:02.323+0000] {processor.py:153} INFO - Started process (PID=2415) to work on /home/airflow/.local/lib/python3.7/site-packages/airflow/example_dags/tutorial_taskflow_api.py
[2024-06-26T13:17:02.329+0000] {processor.py:743} INFO - Processing file /home/airflow/.local/lib/python3.7/site-packages/airflow/example_dags/tutorial_taskflow_api.py for tasks to queue
[2024-06-26T13:17:02.329+0000] {logging_mixin.py:137} INFO - [2024-06-26T13:17:02.329+0000] {dagbag.py:538} INFO - Filling up the DagBag from /home/airflow/.local/lib/python3.7/site-packages/airflow/example_dags/tutorial_taskflow_api.py
[2024-06-26T13:17:02.343+0000] {processor.py:753} INFO - DAG(s) dict_keys(['tutorial_taskflow_api']) retrieved from /home/airflow/.local/lib/python3.7/site-packages/airflow/example_dags/tutorial_taskflow_api.py
[2024-06-26T13:17:02.359+0000] {logging_mixin.py:137} INFO - [2024-06-26T13:17:02.359+0000] {dag.py:2690} INFO - Sync 1 DAGs
[2024-06-26T13:17:02.376+0000] {logging_mixin.py:137} INFO - [2024-06-26T13:17:02.376+0000] {dag.py:3441} INFO - Setting next_dagrun for tutorial_taskflow_api to None, run_after=None
[2024-06-26T13:17:02.390+0000] {processor.py:175} INFO - Processing /home/airflow/.local/lib/python3.7/site-packages/airflow/example_dags/tutorial_taskflow_api.py took 0.068 seconds
[2024-06-26T13:17:33.267+0000] {processor.py:153} INFO - Started process (PID=2503) to work on /home/airflow/.local/lib/python3.7/site-packages/airflow/example_dags/tutorial_taskflow_api.py
[2024-06-26T13:17:33.268+0000] {processor.py:743} INFO - Processing file /home/airflow/.local/lib/python3.7/site-packages/airflow/example_dags/tutorial_taskflow_api.py for tasks to queue
[2024-06-26T13:17:33.268+0000] {logging_mixin.py:137} INFO - [2024-06-26T13:17:33.268+0000] {dagbag.py:538} INFO - Filling up the DagBag from /home/airflow/.local/lib/python3.7/site-packages/airflow/example_dags/tutorial_taskflow_api.py
[2024-06-26T13:17:33.287+0000] {processor.py:753} INFO - DAG(s) dict_keys(['tutorial_taskflow_api']) retrieved from /home/airflow/.local/lib/python3.7/site-packages/airflow/example_dags/tutorial_taskflow_api.py
[2024-06-26T13:17:33.310+0000] {logging_mixin.py:137} INFO - [2024-06-26T13:17:33.310+0000] {dag.py:2690} INFO - Sync 1 DAGs
[2024-06-26T13:17:33.361+0000] {logging_mixin.py:137} INFO - [2024-06-26T13:17:33.361+0000] {dag.py:3441} INFO - Setting next_dagrun for tutorial_taskflow_api to None, run_after=None
[2024-06-26T13:17:33.384+0000] {processor.py:175} INFO - Processing /home/airflow/.local/lib/python3.7/site-packages/airflow/example_dags/tutorial_taskflow_api.py took 0.118 seconds
[2024-06-26T13:18:04.236+0000] {processor.py:153} INFO - Started process (PID=2593) to work on /home/airflow/.local/lib/python3.7/site-packages/airflow/example_dags/tutorial_taskflow_api.py
[2024-06-26T13:18:04.242+0000] {processor.py:743} INFO - Processing file /home/airflow/.local/lib/python3.7/site-packages/airflow/example_dags/tutorial_taskflow_api.py for tasks to queue
[2024-06-26T13:18:04.242+0000] {logging_mixin.py:137} INFO - [2024-06-26T13:18:04.242+0000] {dagbag.py:538} INFO - Filling up the DagBag from /home/airflow/.local/lib/python3.7/site-packages/airflow/example_dags/tutorial_taskflow_api.py
[2024-06-26T13:18:04.256+0000] {processor.py:753} INFO - DAG(s) dict_keys(['tutorial_taskflow_api']) retrieved from /home/airflow/.local/lib/python3.7/site-packages/airflow/example_dags/tutorial_taskflow_api.py
[2024-06-26T13:18:04.272+0000] {logging_mixin.py:137} INFO - [2024-06-26T13:18:04.272+0000] {dag.py:2690} INFO - Sync 1 DAGs
[2024-06-26T13:18:04.288+0000] {logging_mixin.py:137} INFO - [2024-06-26T13:18:04.288+0000] {dag.py:3441} INFO - Setting next_dagrun for tutorial_taskflow_api to None, run_after=None
[2024-06-26T13:18:04.300+0000] {processor.py:175} INFO - Processing /home/airflow/.local/lib/python3.7/site-packages/airflow/example_dags/tutorial_taskflow_api.py took 0.066 seconds
[2024-06-26T13:18:35.037+0000] {processor.py:153} INFO - Started process (PID=2692) to work on /home/airflow/.local/lib/python3.7/site-packages/airflow/example_dags/tutorial_taskflow_api.py
[2024-06-26T13:18:35.037+0000] {processor.py:743} INFO - Processing file /home/airflow/.local/lib/python3.7/site-packages/airflow/example_dags/tutorial_taskflow_api.py for tasks to queue
[2024-06-26T13:18:35.038+0000] {logging_mixin.py:137} INFO - [2024-06-26T13:18:35.038+0000] {dagbag.py:538} INFO - Filling up the DagBag from /home/airflow/.local/lib/python3.7/site-packages/airflow/example_dags/tutorial_taskflow_api.py
[2024-06-26T13:18:35.051+0000] {processor.py:753} INFO - DAG(s) dict_keys(['tutorial_taskflow_api']) retrieved from /home/airflow/.local/lib/python3.7/site-packages/airflow/example_dags/tutorial_taskflow_api.py
[2024-06-26T13:18:35.066+0000] {logging_mixin.py:137} INFO - [2024-06-26T13:18:35.066+0000] {dag.py:2690} INFO - Sync 1 DAGs
[2024-06-26T13:18:35.083+0000] {logging_mixin.py:137} INFO - [2024-06-26T13:18:35.082+0000] {dag.py:3441} INFO - Setting next_dagrun for tutorial_taskflow_api to None, run_after=None
[2024-06-26T13:18:35.095+0000] {processor.py:175} INFO - Processing /home/airflow/.local/lib/python3.7/site-packages/airflow/example_dags/tutorial_taskflow_api.py took 0.060 seconds
[2024-06-26T13:19:05.892+0000] {processor.py:153} INFO - Started process (PID=2771) to work on /home/airflow/.local/lib/python3.7/site-packages/airflow/example_dags/tutorial_taskflow_api.py
[2024-06-26T13:19:05.898+0000] {processor.py:743} INFO - Processing file /home/airflow/.local/lib/python3.7/site-packages/airflow/example_dags/tutorial_taskflow_api.py for tasks to queue
[2024-06-26T13:19:05.898+0000] {logging_mixin.py:137} INFO - [2024-06-26T13:19:05.898+0000] {dagbag.py:538} INFO - Filling up the DagBag from /home/airflow/.local/lib/python3.7/site-packages/airflow/example_dags/tutorial_taskflow_api.py
[2024-06-26T13:19:05.912+0000] {processor.py:753} INFO - DAG(s) dict_keys(['tutorial_taskflow_api']) retrieved from /home/airflow/.local/lib/python3.7/site-packages/airflow/example_dags/tutorial_taskflow_api.py
[2024-06-26T13:19:05.927+0000] {logging_mixin.py:137} INFO - [2024-06-26T13:19:05.927+0000] {dag.py:2690} INFO - Sync 1 DAGs
[2024-06-26T13:19:05.945+0000] {logging_mixin.py:137} INFO - [2024-06-26T13:19:05.945+0000] {dag.py:3441} INFO - Setting next_dagrun for tutorial_taskflow_api to None, run_after=None
[2024-06-26T13:19:05.957+0000] {processor.py:175} INFO - Processing /home/airflow/.local/lib/python3.7/site-packages/airflow/example_dags/tutorial_taskflow_api.py took 0.067 seconds
[2024-06-26T13:19:36.695+0000] {processor.py:153} INFO - Started process (PID=2870) to work on /home/airflow/.local/lib/python3.7/site-packages/airflow/example_dags/tutorial_taskflow_api.py
[2024-06-26T13:19:36.696+0000] {processor.py:743} INFO - Processing file /home/airflow/.local/lib/python3.7/site-packages/airflow/example_dags/tutorial_taskflow_api.py for tasks to queue
[2024-06-26T13:19:36.696+0000] {logging_mixin.py:137} INFO - [2024-06-26T13:19:36.696+0000] {dagbag.py:538} INFO - Filling up the DagBag from /home/airflow/.local/lib/python3.7/site-packages/airflow/example_dags/tutorial_taskflow_api.py
[2024-06-26T13:19:36.710+0000] {processor.py:753} INFO - DAG(s) dict_keys(['tutorial_taskflow_api']) retrieved from /home/airflow/.local/lib/python3.7/site-packages/airflow/example_dags/tutorial_taskflow_api.py
[2024-06-26T13:19:36.725+0000] {logging_mixin.py:137} INFO - [2024-06-26T13:19:36.725+0000] {dag.py:2690} INFO - Sync 1 DAGs
[2024-06-26T13:19:36.742+0000] {logging_mixin.py:137} INFO - [2024-06-26T13:19:36.742+0000] {dag.py:3441} INFO - Setting next_dagrun for tutorial_taskflow_api to None, run_after=None
[2024-06-26T13:19:36.754+0000] {processor.py:175} INFO - Processing /home/airflow/.local/lib/python3.7/site-packages/airflow/example_dags/tutorial_taskflow_api.py took 0.061 seconds
[2024-06-26T13:20:07.388+0000] {processor.py:153} INFO - Started process (PID=2969) to work on /home/airflow/.local/lib/python3.7/site-packages/airflow/example_dags/tutorial_taskflow_api.py
[2024-06-26T13:20:07.394+0000] {processor.py:743} INFO - Processing file /home/airflow/.local/lib/python3.7/site-packages/airflow/example_dags/tutorial_taskflow_api.py for tasks to queue
[2024-06-26T13:20:07.395+0000] {logging_mixin.py:137} INFO - [2024-06-26T13:20:07.395+0000] {dagbag.py:538} INFO - Filling up the DagBag from /home/airflow/.local/lib/python3.7/site-packages/airflow/example_dags/tutorial_taskflow_api.py
[2024-06-26T13:20:07.441+0000] {processor.py:753} INFO - DAG(s) dict_keys(['tutorial_taskflow_api']) retrieved from /home/airflow/.local/lib/python3.7/site-packages/airflow/example_dags/tutorial_taskflow_api.py
[2024-06-26T13:20:07.461+0000] {logging_mixin.py:137} INFO - [2024-06-26T13:20:07.461+0000] {dag.py:2690} INFO - Sync 1 DAGs
[2024-06-26T13:20:07.478+0000] {logging_mixin.py:137} INFO - [2024-06-26T13:20:07.478+0000] {dag.py:3441} INFO - Setting next_dagrun for tutorial_taskflow_api to None, run_after=None
[2024-06-26T13:20:07.490+0000] {processor.py:175} INFO - Processing /home/airflow/.local/lib/python3.7/site-packages/airflow/example_dags/tutorial_taskflow_api.py took 0.105 seconds
[2024-06-26T13:20:38.338+0000] {processor.py:153} INFO - Started process (PID=3048) to work on /home/airflow/.local/lib/python3.7/site-packages/airflow/example_dags/tutorial_taskflow_api.py
[2024-06-26T13:20:38.344+0000] {processor.py:743} INFO - Processing file /home/airflow/.local/lib/python3.7/site-packages/airflow/example_dags/tutorial_taskflow_api.py for tasks to queue
[2024-06-26T13:20:38.344+0000] {logging_mixin.py:137} INFO - [2024-06-26T13:20:38.344+0000] {dagbag.py:538} INFO - Filling up the DagBag from /home/airflow/.local/lib/python3.7/site-packages/airflow/example_dags/tutorial_taskflow_api.py
[2024-06-26T13:20:38.358+0000] {processor.py:753} INFO - DAG(s) dict_keys(['tutorial_taskflow_api']) retrieved from /home/airflow/.local/lib/python3.7/site-packages/airflow/example_dags/tutorial_taskflow_api.py
[2024-06-26T13:20:38.374+0000] {logging_mixin.py:137} INFO - [2024-06-26T13:20:38.374+0000] {dag.py:2690} INFO - Sync 1 DAGs
[2024-06-26T13:20:38.392+0000] {logging_mixin.py:137} INFO - [2024-06-26T13:20:38.392+0000] {dag.py:3441} INFO - Setting next_dagrun for tutorial_taskflow_api to None, run_after=None
[2024-06-26T13:20:38.404+0000] {processor.py:175} INFO - Processing /home/airflow/.local/lib/python3.7/site-packages/airflow/example_dags/tutorial_taskflow_api.py took 0.068 seconds
[2024-06-26T13:21:09.127+0000] {processor.py:153} INFO - Started process (PID=3147) to work on /home/airflow/.local/lib/python3.7/site-packages/airflow/example_dags/tutorial_taskflow_api.py
[2024-06-26T13:21:09.128+0000] {processor.py:743} INFO - Processing file /home/airflow/.local/lib/python3.7/site-packages/airflow/example_dags/tutorial_taskflow_api.py for tasks to queue
[2024-06-26T13:21:09.128+0000] {logging_mixin.py:137} INFO - [2024-06-26T13:21:09.128+0000] {dagbag.py:538} INFO - Filling up the DagBag from /home/airflow/.local/lib/python3.7/site-packages/airflow/example_dags/tutorial_taskflow_api.py
[2024-06-26T13:21:09.142+0000] {processor.py:753} INFO - DAG(s) dict_keys(['tutorial_taskflow_api']) retrieved from /home/airflow/.local/lib/python3.7/site-packages/airflow/example_dags/tutorial_taskflow_api.py
[2024-06-26T13:21:09.159+0000] {logging_mixin.py:137} INFO - [2024-06-26T13:21:09.159+0000] {dag.py:2690} INFO - Sync 1 DAGs
[2024-06-26T13:21:09.177+0000] {logging_mixin.py:137} INFO - [2024-06-26T13:21:09.177+0000] {dag.py:3441} INFO - Setting next_dagrun for tutorial_taskflow_api to None, run_after=None
[2024-06-26T13:21:09.189+0000] {processor.py:175} INFO - Processing /home/airflow/.local/lib/python3.7/site-packages/airflow/example_dags/tutorial_taskflow_api.py took 0.063 seconds
[2024-06-26T13:21:39.859+0000] {processor.py:153} INFO - Started process (PID=3235) to work on /home/airflow/.local/lib/python3.7/site-packages/airflow/example_dags/tutorial_taskflow_api.py
[2024-06-26T13:21:39.864+0000] {processor.py:743} INFO - Processing file /home/airflow/.local/lib/python3.7/site-packages/airflow/example_dags/tutorial_taskflow_api.py for tasks to queue
[2024-06-26T13:21:39.865+0000] {logging_mixin.py:137} INFO - [2024-06-26T13:21:39.865+0000] {dagbag.py:538} INFO - Filling up the DagBag from /home/airflow/.local/lib/python3.7/site-packages/airflow/example_dags/tutorial_taskflow_api.py
[2024-06-26T13:21:39.880+0000] {processor.py:753} INFO - DAG(s) dict_keys(['tutorial_taskflow_api']) retrieved from /home/airflow/.local/lib/python3.7/site-packages/airflow/example_dags/tutorial_taskflow_api.py
[2024-06-26T13:21:39.898+0000] {logging_mixin.py:137} INFO - [2024-06-26T13:21:39.898+0000] {dag.py:2690} INFO - Sync 1 DAGs
[2024-06-26T13:21:39.917+0000] {logging_mixin.py:137} INFO - [2024-06-26T13:21:39.917+0000] {dag.py:3441} INFO - Setting next_dagrun for tutorial_taskflow_api to None, run_after=None
[2024-06-26T13:21:39.931+0000] {processor.py:175} INFO - Processing /home/airflow/.local/lib/python3.7/site-packages/airflow/example_dags/tutorial_taskflow_api.py took 0.074 seconds
[2024-06-26T13:22:09.999+0000] {processor.py:153} INFO - Started process (PID=3325) to work on /home/airflow/.local/lib/python3.7/site-packages/airflow/example_dags/tutorial_taskflow_api.py
[2024-06-26T13:22:10.000+0000] {processor.py:743} INFO - Processing file /home/airflow/.local/lib/python3.7/site-packages/airflow/example_dags/tutorial_taskflow_api.py for tasks to queue
[2024-06-26T13:22:10.000+0000] {logging_mixin.py:137} INFO - [2024-06-26T13:22:10.000+0000] {dagbag.py:538} INFO - Filling up the DagBag from /home/airflow/.local/lib/python3.7/site-packages/airflow/example_dags/tutorial_taskflow_api.py
[2024-06-26T13:22:10.015+0000] {processor.py:753} INFO - DAG(s) dict_keys(['tutorial_taskflow_api']) retrieved from /home/airflow/.local/lib/python3.7/site-packages/airflow/example_dags/tutorial_taskflow_api.py
[2024-06-26T13:22:10.031+0000] {logging_mixin.py:137} INFO - [2024-06-26T13:22:10.031+0000] {dag.py:2690} INFO - Sync 1 DAGs
[2024-06-26T13:22:10.048+0000] {logging_mixin.py:137} INFO - [2024-06-26T13:22:10.048+0000] {dag.py:3441} INFO - Setting next_dagrun for tutorial_taskflow_api to None, run_after=None
[2024-06-26T13:22:10.061+0000] {processor.py:175} INFO - Processing /home/airflow/.local/lib/python3.7/site-packages/airflow/example_dags/tutorial_taskflow_api.py took 0.064 seconds
[2024-06-26T13:22:40.807+0000] {processor.py:153} INFO - Started process (PID=3424) to work on /home/airflow/.local/lib/python3.7/site-packages/airflow/example_dags/tutorial_taskflow_api.py
[2024-06-26T13:22:40.812+0000] {processor.py:743} INFO - Processing file /home/airflow/.local/lib/python3.7/site-packages/airflow/example_dags/tutorial_taskflow_api.py for tasks to queue
[2024-06-26T13:22:40.813+0000] {logging_mixin.py:137} INFO - [2024-06-26T13:22:40.813+0000] {dagbag.py:538} INFO - Filling up the DagBag from /home/airflow/.local/lib/python3.7/site-packages/airflow/example_dags/tutorial_taskflow_api.py
[2024-06-26T13:22:40.826+0000] {processor.py:753} INFO - DAG(s) dict_keys(['tutorial_taskflow_api']) retrieved from /home/airflow/.local/lib/python3.7/site-packages/airflow/example_dags/tutorial_taskflow_api.py
[2024-06-26T13:22:40.842+0000] {logging_mixin.py:137} INFO - [2024-06-26T13:22:40.842+0000] {dag.py:2690} INFO - Sync 1 DAGs
[2024-06-26T13:22:40.859+0000] {logging_mixin.py:137} INFO - [2024-06-26T13:22:40.859+0000] {dag.py:3441} INFO - Setting next_dagrun for tutorial_taskflow_api to None, run_after=None
[2024-06-26T13:22:40.871+0000] {processor.py:175} INFO - Processing /home/airflow/.local/lib/python3.7/site-packages/airflow/example_dags/tutorial_taskflow_api.py took 0.066 seconds
[2024-06-26T13:23:11.624+0000] {processor.py:153} INFO - Started process (PID=3503) to work on /home/airflow/.local/lib/python3.7/site-packages/airflow/example_dags/tutorial_taskflow_api.py
[2024-06-26T13:23:11.630+0000] {processor.py:743} INFO - Processing file /home/airflow/.local/lib/python3.7/site-packages/airflow/example_dags/tutorial_taskflow_api.py for tasks to queue
[2024-06-26T13:23:11.630+0000] {logging_mixin.py:137} INFO - [2024-06-26T13:23:11.630+0000] {dagbag.py:538} INFO - Filling up the DagBag from /home/airflow/.local/lib/python3.7/site-packages/airflow/example_dags/tutorial_taskflow_api.py
[2024-06-26T13:23:11.644+0000] {processor.py:753} INFO - DAG(s) dict_keys(['tutorial_taskflow_api']) retrieved from /home/airflow/.local/lib/python3.7/site-packages/airflow/example_dags/tutorial_taskflow_api.py
[2024-06-26T13:23:11.660+0000] {logging_mixin.py:137} INFO - [2024-06-26T13:23:11.660+0000] {dag.py:2690} INFO - Sync 1 DAGs
[2024-06-26T13:23:11.676+0000] {logging_mixin.py:137} INFO - [2024-06-26T13:23:11.676+0000] {dag.py:3441} INFO - Setting next_dagrun for tutorial_taskflow_api to None, run_after=None
[2024-06-26T13:23:11.689+0000] {processor.py:175} INFO - Processing /home/airflow/.local/lib/python3.7/site-packages/airflow/example_dags/tutorial_taskflow_api.py took 0.066 seconds
[2024-06-26T13:23:42.489+0000] {processor.py:153} INFO - Started process (PID=3602) to work on /home/airflow/.local/lib/python3.7/site-packages/airflow/example_dags/tutorial_taskflow_api.py
[2024-06-26T13:23:42.494+0000] {processor.py:743} INFO - Processing file /home/airflow/.local/lib/python3.7/site-packages/airflow/example_dags/tutorial_taskflow_api.py for tasks to queue
[2024-06-26T13:23:42.495+0000] {logging_mixin.py:137} INFO - [2024-06-26T13:23:42.494+0000] {dagbag.py:538} INFO - Filling up the DagBag from /home/airflow/.local/lib/python3.7/site-packages/airflow/example_dags/tutorial_taskflow_api.py
[2024-06-26T13:23:42.509+0000] {processor.py:753} INFO - DAG(s) dict_keys(['tutorial_taskflow_api']) retrieved from /home/airflow/.local/lib/python3.7/site-packages/airflow/example_dags/tutorial_taskflow_api.py
[2024-06-26T13:23:42.524+0000] {logging_mixin.py:137} INFO - [2024-06-26T13:23:42.524+0000] {dag.py:2690} INFO - Sync 1 DAGs
[2024-06-26T13:23:42.541+0000] {logging_mixin.py:137} INFO - [2024-06-26T13:23:42.541+0000] {dag.py:3441} INFO - Setting next_dagrun for tutorial_taskflow_api to None, run_after=None
[2024-06-26T13:23:42.553+0000] {processor.py:175} INFO - Processing /home/airflow/.local/lib/python3.7/site-packages/airflow/example_dags/tutorial_taskflow_api.py took 0.067 seconds
[2024-06-26T13:24:13.272+0000] {processor.py:153} INFO - Started process (PID=3690) to work on /home/airflow/.local/lib/python3.7/site-packages/airflow/example_dags/tutorial_taskflow_api.py
[2024-06-26T13:24:13.277+0000] {processor.py:743} INFO - Processing file /home/airflow/.local/lib/python3.7/site-packages/airflow/example_dags/tutorial_taskflow_api.py for tasks to queue
[2024-06-26T13:24:13.278+0000] {logging_mixin.py:137} INFO - [2024-06-26T13:24:13.278+0000] {dagbag.py:538} INFO - Filling up the DagBag from /home/airflow/.local/lib/python3.7/site-packages/airflow/example_dags/tutorial_taskflow_api.py
[2024-06-26T13:24:13.292+0000] {processor.py:753} INFO - DAG(s) dict_keys(['tutorial_taskflow_api']) retrieved from /home/airflow/.local/lib/python3.7/site-packages/airflow/example_dags/tutorial_taskflow_api.py
[2024-06-26T13:24:13.308+0000] {logging_mixin.py:137} INFO - [2024-06-26T13:24:13.308+0000] {dag.py:2690} INFO - Sync 1 DAGs
[2024-06-26T13:24:13.327+0000] {logging_mixin.py:137} INFO - [2024-06-26T13:24:13.327+0000] {dag.py:3441} INFO - Setting next_dagrun for tutorial_taskflow_api to None, run_after=None
[2024-06-26T13:24:13.339+0000] {processor.py:175} INFO - Processing /home/airflow/.local/lib/python3.7/site-packages/airflow/example_dags/tutorial_taskflow_api.py took 0.069 seconds
[2024-06-26T13:24:44.169+0000] {processor.py:153} INFO - Started process (PID=3780) to work on /home/airflow/.local/lib/python3.7/site-packages/airflow/example_dags/tutorial_taskflow_api.py
[2024-06-26T13:24:44.174+0000] {processor.py:743} INFO - Processing file /home/airflow/.local/lib/python3.7/site-packages/airflow/example_dags/tutorial_taskflow_api.py for tasks to queue
[2024-06-26T13:24:44.174+0000] {logging_mixin.py:137} INFO - [2024-06-26T13:24:44.174+0000] {dagbag.py:538} INFO - Filling up the DagBag from /home/airflow/.local/lib/python3.7/site-packages/airflow/example_dags/tutorial_taskflow_api.py
[2024-06-26T13:24:44.188+0000] {processor.py:753} INFO - DAG(s) dict_keys(['tutorial_taskflow_api']) retrieved from /home/airflow/.local/lib/python3.7/site-packages/airflow/example_dags/tutorial_taskflow_api.py
[2024-06-26T13:24:44.204+0000] {logging_mixin.py:137} INFO - [2024-06-26T13:24:44.204+0000] {dag.py:2690} INFO - Sync 1 DAGs
[2024-06-26T13:24:44.231+0000] {logging_mixin.py:137} INFO - [2024-06-26T13:24:44.231+0000] {dag.py:3441} INFO - Setting next_dagrun for tutorial_taskflow_api to None, run_after=None
[2024-06-26T13:24:44.244+0000] {processor.py:175} INFO - Processing /home/airflow/.local/lib/python3.7/site-packages/airflow/example_dags/tutorial_taskflow_api.py took 0.077 seconds
[2024-06-26T13:25:14.947+0000] {processor.py:153} INFO - Started process (PID=3879) to work on /home/airflow/.local/lib/python3.7/site-packages/airflow/example_dags/tutorial_taskflow_api.py
[2024-06-26T13:25:14.953+0000] {processor.py:743} INFO - Processing file /home/airflow/.local/lib/python3.7/site-packages/airflow/example_dags/tutorial_taskflow_api.py for tasks to queue
[2024-06-26T13:25:14.953+0000] {logging_mixin.py:137} INFO - [2024-06-26T13:25:14.953+0000] {dagbag.py:538} INFO - Filling up the DagBag from /home/airflow/.local/lib/python3.7/site-packages/airflow/example_dags/tutorial_taskflow_api.py
[2024-06-26T13:25:14.967+0000] {processor.py:753} INFO - DAG(s) dict_keys(['tutorial_taskflow_api']) retrieved from /home/airflow/.local/lib/python3.7/site-packages/airflow/example_dags/tutorial_taskflow_api.py
[2024-06-26T13:25:14.983+0000] {logging_mixin.py:137} INFO - [2024-06-26T13:25:14.983+0000] {dag.py:2690} INFO - Sync 1 DAGs
[2024-06-26T13:25:14.999+0000] {logging_mixin.py:137} INFO - [2024-06-26T13:25:14.999+0000] {dag.py:3441} INFO - Setting next_dagrun for tutorial_taskflow_api to None, run_after=None
[2024-06-26T13:25:15.011+0000] {processor.py:175} INFO - Processing /home/airflow/.local/lib/python3.7/site-packages/airflow/example_dags/tutorial_taskflow_api.py took 0.065 seconds
[2024-06-26T13:25:45.684+0000] {processor.py:153} INFO - Started process (PID=3958) to work on /home/airflow/.local/lib/python3.7/site-packages/airflow/example_dags/tutorial_taskflow_api.py
[2024-06-26T13:25:45.685+0000] {processor.py:743} INFO - Processing file /home/airflow/.local/lib/python3.7/site-packages/airflow/example_dags/tutorial_taskflow_api.py for tasks to queue
[2024-06-26T13:25:45.685+0000] {logging_mixin.py:137} INFO - [2024-06-26T13:25:45.685+0000] {dagbag.py:538} INFO - Filling up the DagBag from /home/airflow/.local/lib/python3.7/site-packages/airflow/example_dags/tutorial_taskflow_api.py
[2024-06-26T13:25:45.702+0000] {processor.py:753} INFO - DAG(s) dict_keys(['tutorial_taskflow_api']) retrieved from /home/airflow/.local/lib/python3.7/site-packages/airflow/example_dags/tutorial_taskflow_api.py
[2024-06-26T13:25:45.717+0000] {logging_mixin.py:137} INFO - [2024-06-26T13:25:45.717+0000] {dag.py:2690} INFO - Sync 1 DAGs
[2024-06-26T13:25:45.735+0000] {logging_mixin.py:137} INFO - [2024-06-26T13:25:45.735+0000] {dag.py:3441} INFO - Setting next_dagrun for tutorial_taskflow_api to None, run_after=None
[2024-06-26T13:25:45.747+0000] {processor.py:175} INFO - Processing /home/airflow/.local/lib/python3.7/site-packages/airflow/example_dags/tutorial_taskflow_api.py took 0.064 seconds
[2024-06-26T13:26:16.598+0000] {processor.py:153} INFO - Started process (PID=4057) to work on /home/airflow/.local/lib/python3.7/site-packages/airflow/example_dags/tutorial_taskflow_api.py
[2024-06-26T13:26:16.604+0000] {processor.py:743} INFO - Processing file /home/airflow/.local/lib/python3.7/site-packages/airflow/example_dags/tutorial_taskflow_api.py for tasks to queue
[2024-06-26T13:26:16.605+0000] {logging_mixin.py:137} INFO - [2024-06-26T13:26:16.605+0000] {dagbag.py:538} INFO - Filling up the DagBag from /home/airflow/.local/lib/python3.7/site-packages/airflow/example_dags/tutorial_taskflow_api.py
[2024-06-26T13:26:16.629+0000] {processor.py:753} INFO - DAG(s) dict_keys(['tutorial_taskflow_api']) retrieved from /home/airflow/.local/lib/python3.7/site-packages/airflow/example_dags/tutorial_taskflow_api.py
[2024-06-26T13:26:16.647+0000] {logging_mixin.py:137} INFO - [2024-06-26T13:26:16.647+0000] {dag.py:2690} INFO - Sync 1 DAGs
[2024-06-26T13:26:16.668+0000] {logging_mixin.py:137} INFO - [2024-06-26T13:26:16.667+0000] {dag.py:3441} INFO - Setting next_dagrun for tutorial_taskflow_api to None, run_after=None
[2024-06-26T13:26:16.682+0000] {processor.py:175} INFO - Processing /home/airflow/.local/lib/python3.7/site-packages/airflow/example_dags/tutorial_taskflow_api.py took 0.092 seconds
[2024-06-26T13:26:47.523+0000] {processor.py:153} INFO - Started process (PID=4156) to work on /home/airflow/.local/lib/python3.7/site-packages/airflow/example_dags/tutorial_taskflow_api.py
[2024-06-26T13:26:47.529+0000] {processor.py:743} INFO - Processing file /home/airflow/.local/lib/python3.7/site-packages/airflow/example_dags/tutorial_taskflow_api.py for tasks to queue
[2024-06-26T13:26:47.529+0000] {logging_mixin.py:137} INFO - [2024-06-26T13:26:47.529+0000] {dagbag.py:538} INFO - Filling up the DagBag from /home/airflow/.local/lib/python3.7/site-packages/airflow/example_dags/tutorial_taskflow_api.py
[2024-06-26T13:26:47.547+0000] {processor.py:753} INFO - DAG(s) dict_keys(['tutorial_taskflow_api']) retrieved from /home/airflow/.local/lib/python3.7/site-packages/airflow/example_dags/tutorial_taskflow_api.py
[2024-06-26T13:26:47.571+0000] {logging_mixin.py:137} INFO - [2024-06-26T13:26:47.571+0000] {dag.py:2690} INFO - Sync 1 DAGs
[2024-06-26T13:26:47.599+0000] {logging_mixin.py:137} INFO - [2024-06-26T13:26:47.599+0000] {dag.py:3441} INFO - Setting next_dagrun for tutorial_taskflow_api to None, run_after=None
[2024-06-26T13:26:47.615+0000] {processor.py:175} INFO - Processing /home/airflow/.local/lib/python3.7/site-packages/airflow/example_dags/tutorial_taskflow_api.py took 0.094 seconds
[2024-06-26T13:27:18.630+0000] {processor.py:153} INFO - Started process (PID=4235) to work on /home/airflow/.local/lib/python3.7/site-packages/airflow/example_dags/tutorial_taskflow_api.py
[2024-06-26T13:27:18.636+0000] {processor.py:743} INFO - Processing file /home/airflow/.local/lib/python3.7/site-packages/airflow/example_dags/tutorial_taskflow_api.py for tasks to queue
[2024-06-26T13:27:18.637+0000] {logging_mixin.py:137} INFO - [2024-06-26T13:27:18.637+0000] {dagbag.py:538} INFO - Filling up the DagBag from /home/airflow/.local/lib/python3.7/site-packages/airflow/example_dags/tutorial_taskflow_api.py
[2024-06-26T13:27:18.659+0000] {processor.py:753} INFO - DAG(s) dict_keys(['tutorial_taskflow_api']) retrieved from /home/airflow/.local/lib/python3.7/site-packages/airflow/example_dags/tutorial_taskflow_api.py
[2024-06-26T13:27:18.677+0000] {logging_mixin.py:137} INFO - [2024-06-26T13:27:18.676+0000] {dag.py:2690} INFO - Sync 1 DAGs
[2024-06-26T13:27:18.696+0000] {logging_mixin.py:137} INFO - [2024-06-26T13:27:18.696+0000] {dag.py:3441} INFO - Setting next_dagrun for tutorial_taskflow_api to None, run_after=None
[2024-06-26T13:27:18.711+0000] {processor.py:175} INFO - Processing /home/airflow/.local/lib/python3.7/site-packages/airflow/example_dags/tutorial_taskflow_api.py took 0.086 seconds
[2024-06-26T13:27:48.870+0000] {processor.py:153} INFO - Started process (PID=4334) to work on /home/airflow/.local/lib/python3.7/site-packages/airflow/example_dags/tutorial_taskflow_api.py
[2024-06-26T13:27:48.875+0000] {processor.py:743} INFO - Processing file /home/airflow/.local/lib/python3.7/site-packages/airflow/example_dags/tutorial_taskflow_api.py for tasks to queue
[2024-06-26T13:27:48.876+0000] {logging_mixin.py:137} INFO - [2024-06-26T13:27:48.876+0000] {dagbag.py:538} INFO - Filling up the DagBag from /home/airflow/.local/lib/python3.7/site-packages/airflow/example_dags/tutorial_taskflow_api.py
[2024-06-26T13:27:48.891+0000] {processor.py:753} INFO - DAG(s) dict_keys(['tutorial_taskflow_api']) retrieved from /home/airflow/.local/lib/python3.7/site-packages/airflow/example_dags/tutorial_taskflow_api.py
[2024-06-26T13:27:48.909+0000] {logging_mixin.py:137} INFO - [2024-06-26T13:27:48.909+0000] {dag.py:2690} INFO - Sync 1 DAGs
[2024-06-26T13:27:48.930+0000] {logging_mixin.py:137} INFO - [2024-06-26T13:27:48.930+0000] {dag.py:3441} INFO - Setting next_dagrun for tutorial_taskflow_api to None, run_after=None
[2024-06-26T13:27:48.951+0000] {processor.py:175} INFO - Processing /home/airflow/.local/lib/python3.7/site-packages/airflow/example_dags/tutorial_taskflow_api.py took 0.083 seconds
[2024-06-26T13:28:19.013+0000] {processor.py:153} INFO - Started process (PID=4413) to work on /home/airflow/.local/lib/python3.7/site-packages/airflow/example_dags/tutorial_taskflow_api.py
[2024-06-26T13:28:19.019+0000] {processor.py:743} INFO - Processing file /home/airflow/.local/lib/python3.7/site-packages/airflow/example_dags/tutorial_taskflow_api.py for tasks to queue
[2024-06-26T13:28:19.019+0000] {logging_mixin.py:137} INFO - [2024-06-26T13:28:19.019+0000] {dagbag.py:538} INFO - Filling up the DagBag from /home/airflow/.local/lib/python3.7/site-packages/airflow/example_dags/tutorial_taskflow_api.py
[2024-06-26T13:28:19.035+0000] {processor.py:753} INFO - DAG(s) dict_keys(['tutorial_taskflow_api']) retrieved from /home/airflow/.local/lib/python3.7/site-packages/airflow/example_dags/tutorial_taskflow_api.py
[2024-06-26T13:28:19.055+0000] {logging_mixin.py:137} INFO - [2024-06-26T13:28:19.054+0000] {dag.py:2690} INFO - Sync 1 DAGs
[2024-06-26T13:28:19.075+0000] {logging_mixin.py:137} INFO - [2024-06-26T13:28:19.075+0000] {dag.py:3441} INFO - Setting next_dagrun for tutorial_taskflow_api to None, run_after=None
[2024-06-26T13:28:19.088+0000] {processor.py:175} INFO - Processing /home/airflow/.local/lib/python3.7/site-packages/airflow/example_dags/tutorial_taskflow_api.py took 0.077 seconds
[2024-06-26T13:28:49.184+0000] {processor.py:153} INFO - Started process (PID=4512) to work on /home/airflow/.local/lib/python3.7/site-packages/airflow/example_dags/tutorial_taskflow_api.py
[2024-06-26T13:28:49.189+0000] {processor.py:743} INFO - Processing file /home/airflow/.local/lib/python3.7/site-packages/airflow/example_dags/tutorial_taskflow_api.py for tasks to queue
[2024-06-26T13:28:49.189+0000] {logging_mixin.py:137} INFO - [2024-06-26T13:28:49.189+0000] {dagbag.py:538} INFO - Filling up the DagBag from /home/airflow/.local/lib/python3.7/site-packages/airflow/example_dags/tutorial_taskflow_api.py
[2024-06-26T13:28:49.208+0000] {processor.py:753} INFO - DAG(s) dict_keys(['tutorial_taskflow_api']) retrieved from /home/airflow/.local/lib/python3.7/site-packages/airflow/example_dags/tutorial_taskflow_api.py
[2024-06-26T13:28:49.227+0000] {logging_mixin.py:137} INFO - [2024-06-26T13:28:49.227+0000] {dag.py:2690} INFO - Sync 1 DAGs
[2024-06-26T13:28:49.248+0000] {logging_mixin.py:137} INFO - [2024-06-26T13:28:49.248+0000] {dag.py:3441} INFO - Setting next_dagrun for tutorial_taskflow_api to None, run_after=None
[2024-06-26T13:28:49.264+0000] {processor.py:175} INFO - Processing /home/airflow/.local/lib/python3.7/site-packages/airflow/example_dags/tutorial_taskflow_api.py took 0.083 seconds
[2024-06-26T13:29:19.317+0000] {processor.py:153} INFO - Started process (PID=4591) to work on /home/airflow/.local/lib/python3.7/site-packages/airflow/example_dags/tutorial_taskflow_api.py
[2024-06-26T13:29:19.322+0000] {processor.py:743} INFO - Processing file /home/airflow/.local/lib/python3.7/site-packages/airflow/example_dags/tutorial_taskflow_api.py for tasks to queue
[2024-06-26T13:29:19.323+0000] {logging_mixin.py:137} INFO - [2024-06-26T13:29:19.323+0000] {dagbag.py:538} INFO - Filling up the DagBag from /home/airflow/.local/lib/python3.7/site-packages/airflow/example_dags/tutorial_taskflow_api.py
[2024-06-26T13:29:19.338+0000] {processor.py:753} INFO - DAG(s) dict_keys(['tutorial_taskflow_api']) retrieved from /home/airflow/.local/lib/python3.7/site-packages/airflow/example_dags/tutorial_taskflow_api.py
[2024-06-26T13:29:19.357+0000] {logging_mixin.py:137} INFO - [2024-06-26T13:29:19.357+0000] {dag.py:2690} INFO - Sync 1 DAGs
[2024-06-26T13:29:19.378+0000] {logging_mixin.py:137} INFO - [2024-06-26T13:29:19.378+0000] {dag.py:3441} INFO - Setting next_dagrun for tutorial_taskflow_api to None, run_after=None
[2024-06-26T13:29:19.394+0000] {processor.py:175} INFO - Processing /home/airflow/.local/lib/python3.7/site-packages/airflow/example_dags/tutorial_taskflow_api.py took 0.080 seconds
[2024-06-26T13:29:50.353+0000] {processor.py:153} INFO - Started process (PID=4690) to work on /home/airflow/.local/lib/python3.7/site-packages/airflow/example_dags/tutorial_taskflow_api.py
[2024-06-26T13:29:50.359+0000] {processor.py:743} INFO - Processing file /home/airflow/.local/lib/python3.7/site-packages/airflow/example_dags/tutorial_taskflow_api.py for tasks to queue
[2024-06-26T13:29:50.360+0000] {logging_mixin.py:137} INFO - [2024-06-26T13:29:50.360+0000] {dagbag.py:538} INFO - Filling up the DagBag from /home/airflow/.local/lib/python3.7/site-packages/airflow/example_dags/tutorial_taskflow_api.py
[2024-06-26T13:29:50.376+0000] {processor.py:753} INFO - DAG(s) dict_keys(['tutorial_taskflow_api']) retrieved from /home/airflow/.local/lib/python3.7/site-packages/airflow/example_dags/tutorial_taskflow_api.py
[2024-06-26T13:29:50.392+0000] {logging_mixin.py:137} INFO - [2024-06-26T13:29:50.392+0000] {dag.py:2690} INFO - Sync 1 DAGs
[2024-06-26T13:29:50.409+0000] {logging_mixin.py:137} INFO - [2024-06-26T13:29:50.409+0000] {dag.py:3441} INFO - Setting next_dagrun for tutorial_taskflow_api to None, run_after=None
[2024-06-26T13:29:50.422+0000] {processor.py:175} INFO - Processing /home/airflow/.local/lib/python3.7/site-packages/airflow/example_dags/tutorial_taskflow_api.py took 0.071 seconds
[2024-06-26T13:30:21.052+0000] {processor.py:153} INFO - Started process (PID=4769) to work on /home/airflow/.local/lib/python3.7/site-packages/airflow/example_dags/tutorial_taskflow_api.py
[2024-06-26T13:30:21.057+0000] {processor.py:743} INFO - Processing file /home/airflow/.local/lib/python3.7/site-packages/airflow/example_dags/tutorial_taskflow_api.py for tasks to queue
[2024-06-26T13:30:21.059+0000] {logging_mixin.py:137} INFO - [2024-06-26T13:30:21.059+0000] {dagbag.py:538} INFO - Filling up the DagBag from /home/airflow/.local/lib/python3.7/site-packages/airflow/example_dags/tutorial_taskflow_api.py
[2024-06-26T13:30:21.075+0000] {processor.py:753} INFO - DAG(s) dict_keys(['tutorial_taskflow_api']) retrieved from /home/airflow/.local/lib/python3.7/site-packages/airflow/example_dags/tutorial_taskflow_api.py
[2024-06-26T13:30:21.091+0000] {logging_mixin.py:137} INFO - [2024-06-26T13:30:21.091+0000] {dag.py:2690} INFO - Sync 1 DAGs
[2024-06-26T13:30:21.107+0000] {logging_mixin.py:137} INFO - [2024-06-26T13:30:21.107+0000] {dag.py:3441} INFO - Setting next_dagrun for tutorial_taskflow_api to None, run_after=None
[2024-06-26T13:30:21.119+0000] {processor.py:175} INFO - Processing /home/airflow/.local/lib/python3.7/site-packages/airflow/example_dags/tutorial_taskflow_api.py took 0.069 seconds
[2024-06-26T13:30:51.900+0000] {processor.py:153} INFO - Started process (PID=4868) to work on /home/airflow/.local/lib/python3.7/site-packages/airflow/example_dags/tutorial_taskflow_api.py
[2024-06-26T13:30:51.906+0000] {processor.py:743} INFO - Processing file /home/airflow/.local/lib/python3.7/site-packages/airflow/example_dags/tutorial_taskflow_api.py for tasks to queue
[2024-06-26T13:30:51.906+0000] {logging_mixin.py:137} INFO - [2024-06-26T13:30:51.906+0000] {dagbag.py:538} INFO - Filling up the DagBag from /home/airflow/.local/lib/python3.7/site-packages/airflow/example_dags/tutorial_taskflow_api.py
[2024-06-26T13:30:51.920+0000] {processor.py:753} INFO - DAG(s) dict_keys(['tutorial_taskflow_api']) retrieved from /home/airflow/.local/lib/python3.7/site-packages/airflow/example_dags/tutorial_taskflow_api.py
[2024-06-26T13:30:51.936+0000] {logging_mixin.py:137} INFO - [2024-06-26T13:30:51.936+0000] {dag.py:2690} INFO - Sync 1 DAGs
[2024-06-26T13:30:51.954+0000] {logging_mixin.py:137} INFO - [2024-06-26T13:30:51.954+0000] {dag.py:3441} INFO - Setting next_dagrun for tutorial_taskflow_api to None, run_after=None
[2024-06-26T13:30:51.967+0000] {processor.py:175} INFO - Processing /home/airflow/.local/lib/python3.7/site-packages/airflow/example_dags/tutorial_taskflow_api.py took 0.068 seconds
[2024-06-26T13:31:22.766+0000] {processor.py:153} INFO - Started process (PID=4967) to work on /home/airflow/.local/lib/python3.7/site-packages/airflow/example_dags/tutorial_taskflow_api.py
[2024-06-26T13:31:22.766+0000] {processor.py:743} INFO - Processing file /home/airflow/.local/lib/python3.7/site-packages/airflow/example_dags/tutorial_taskflow_api.py for tasks to queue
[2024-06-26T13:31:22.767+0000] {logging_mixin.py:137} INFO - [2024-06-26T13:31:22.767+0000] {dagbag.py:538} INFO - Filling up the DagBag from /home/airflow/.local/lib/python3.7/site-packages/airflow/example_dags/tutorial_taskflow_api.py
[2024-06-26T13:31:22.785+0000] {processor.py:753} INFO - DAG(s) dict_keys(['tutorial_taskflow_api']) retrieved from /home/airflow/.local/lib/python3.7/site-packages/airflow/example_dags/tutorial_taskflow_api.py
[2024-06-26T13:31:22.804+0000] {logging_mixin.py:137} INFO - [2024-06-26T13:31:22.804+0000] {dag.py:2690} INFO - Sync 1 DAGs
[2024-06-26T13:31:22.829+0000] {logging_mixin.py:137} INFO - [2024-06-26T13:31:22.829+0000] {dag.py:3441} INFO - Setting next_dagrun for tutorial_taskflow_api to None, run_after=None
[2024-06-26T13:31:22.846+0000] {processor.py:175} INFO - Processing /home/airflow/.local/lib/python3.7/site-packages/airflow/example_dags/tutorial_taskflow_api.py took 0.083 seconds
[2024-06-26T13:31:52.894+0000] {processor.py:153} INFO - Started process (PID=5046) to work on /home/airflow/.local/lib/python3.7/site-packages/airflow/example_dags/tutorial_taskflow_api.py
[2024-06-26T13:31:52.899+0000] {processor.py:743} INFO - Processing file /home/airflow/.local/lib/python3.7/site-packages/airflow/example_dags/tutorial_taskflow_api.py for tasks to queue
[2024-06-26T13:31:52.900+0000] {logging_mixin.py:137} INFO - [2024-06-26T13:31:52.900+0000] {dagbag.py:538} INFO - Filling up the DagBag from /home/airflow/.local/lib/python3.7/site-packages/airflow/example_dags/tutorial_taskflow_api.py
[2024-06-26T13:31:52.917+0000] {processor.py:753} INFO - DAG(s) dict_keys(['tutorial_taskflow_api']) retrieved from /home/airflow/.local/lib/python3.7/site-packages/airflow/example_dags/tutorial_taskflow_api.py
[2024-06-26T13:31:52.935+0000] {logging_mixin.py:137} INFO - [2024-06-26T13:31:52.935+0000] {dag.py:2690} INFO - Sync 1 DAGs
[2024-06-26T13:31:52.955+0000] {logging_mixin.py:137} INFO - [2024-06-26T13:31:52.955+0000] {dag.py:3441} INFO - Setting next_dagrun for tutorial_taskflow_api to None, run_after=None
[2024-06-26T13:31:52.969+0000] {processor.py:175} INFO - Processing /home/airflow/.local/lib/python3.7/site-packages/airflow/example_dags/tutorial_taskflow_api.py took 0.077 seconds
[2024-06-26T13:32:23.037+0000] {processor.py:153} INFO - Started process (PID=5145) to work on /home/airflow/.local/lib/python3.7/site-packages/airflow/example_dags/tutorial_taskflow_api.py
[2024-06-26T13:32:23.038+0000] {processor.py:743} INFO - Processing file /home/airflow/.local/lib/python3.7/site-packages/airflow/example_dags/tutorial_taskflow_api.py for tasks to queue
[2024-06-26T13:32:23.038+0000] {logging_mixin.py:137} INFO - [2024-06-26T13:32:23.038+0000] {dagbag.py:538} INFO - Filling up the DagBag from /home/airflow/.local/lib/python3.7/site-packages/airflow/example_dags/tutorial_taskflow_api.py
[2024-06-26T13:32:23.053+0000] {processor.py:753} INFO - DAG(s) dict_keys(['tutorial_taskflow_api']) retrieved from /home/airflow/.local/lib/python3.7/site-packages/airflow/example_dags/tutorial_taskflow_api.py
[2024-06-26T13:32:23.071+0000] {logging_mixin.py:137} INFO - [2024-06-26T13:32:23.071+0000] {dag.py:2690} INFO - Sync 1 DAGs
[2024-06-26T13:32:23.091+0000] {logging_mixin.py:137} INFO - [2024-06-26T13:32:23.090+0000] {dag.py:3441} INFO - Setting next_dagrun for tutorial_taskflow_api to None, run_after=None
[2024-06-26T13:32:23.106+0000] {processor.py:175} INFO - Processing /home/airflow/.local/lib/python3.7/site-packages/airflow/example_dags/tutorial_taskflow_api.py took 0.071 seconds
[2024-06-26T13:32:53.239+0000] {processor.py:153} INFO - Started process (PID=5224) to work on /home/airflow/.local/lib/python3.7/site-packages/airflow/example_dags/tutorial_taskflow_api.py
[2024-06-26T13:32:53.241+0000] {processor.py:743} INFO - Processing file /home/airflow/.local/lib/python3.7/site-packages/airflow/example_dags/tutorial_taskflow_api.py for tasks to queue
[2024-06-26T13:32:53.242+0000] {logging_mixin.py:137} INFO - [2024-06-26T13:32:53.242+0000] {dagbag.py:538} INFO - Filling up the DagBag from /home/airflow/.local/lib/python3.7/site-packages/airflow/example_dags/tutorial_taskflow_api.py
[2024-06-26T13:32:53.257+0000] {processor.py:753} INFO - DAG(s) dict_keys(['tutorial_taskflow_api']) retrieved from /home/airflow/.local/lib/python3.7/site-packages/airflow/example_dags/tutorial_taskflow_api.py
[2024-06-26T13:32:53.274+0000] {logging_mixin.py:137} INFO - [2024-06-26T13:32:53.274+0000] {dag.py:2690} INFO - Sync 1 DAGs
[2024-06-26T13:32:53.291+0000] {logging_mixin.py:137} INFO - [2024-06-26T13:32:53.291+0000] {dag.py:3441} INFO - Setting next_dagrun for tutorial_taskflow_api to None, run_after=None
[2024-06-26T13:32:53.303+0000] {processor.py:175} INFO - Processing /home/airflow/.local/lib/python3.7/site-packages/airflow/example_dags/tutorial_taskflow_api.py took 0.067 seconds
[2024-06-26T13:33:24.139+0000] {processor.py:153} INFO - Started process (PID=5323) to work on /home/airflow/.local/lib/python3.7/site-packages/airflow/example_dags/tutorial_taskflow_api.py
[2024-06-26T13:33:24.144+0000] {processor.py:743} INFO - Processing file /home/airflow/.local/lib/python3.7/site-packages/airflow/example_dags/tutorial_taskflow_api.py for tasks to queue
[2024-06-26T13:33:24.145+0000] {logging_mixin.py:137} INFO - [2024-06-26T13:33:24.145+0000] {dagbag.py:538} INFO - Filling up the DagBag from /home/airflow/.local/lib/python3.7/site-packages/airflow/example_dags/tutorial_taskflow_api.py
[2024-06-26T13:33:24.162+0000] {processor.py:753} INFO - DAG(s) dict_keys(['tutorial_taskflow_api']) retrieved from /home/airflow/.local/lib/python3.7/site-packages/airflow/example_dags/tutorial_taskflow_api.py
[2024-06-26T13:33:24.179+0000] {logging_mixin.py:137} INFO - [2024-06-26T13:33:24.179+0000] {dag.py:2690} INFO - Sync 1 DAGs
[2024-06-26T13:33:24.198+0000] {logging_mixin.py:137} INFO - [2024-06-26T13:33:24.198+0000] {dag.py:3441} INFO - Setting next_dagrun for tutorial_taskflow_api to None, run_after=None
[2024-06-26T13:33:24.214+0000] {processor.py:175} INFO - Processing /home/airflow/.local/lib/python3.7/site-packages/airflow/example_dags/tutorial_taskflow_api.py took 0.077 seconds
[2024-06-26T13:33:54.256+0000] {processor.py:153} INFO - Started process (PID=5402) to work on /home/airflow/.local/lib/python3.7/site-packages/airflow/example_dags/tutorial_taskflow_api.py
[2024-06-26T13:33:54.262+0000] {processor.py:743} INFO - Processing file /home/airflow/.local/lib/python3.7/site-packages/airflow/example_dags/tutorial_taskflow_api.py for tasks to queue
[2024-06-26T13:33:54.263+0000] {logging_mixin.py:137} INFO - [2024-06-26T13:33:54.263+0000] {dagbag.py:538} INFO - Filling up the DagBag from /home/airflow/.local/lib/python3.7/site-packages/airflow/example_dags/tutorial_taskflow_api.py
[2024-06-26T13:33:54.281+0000] {processor.py:753} INFO - DAG(s) dict_keys(['tutorial_taskflow_api']) retrieved from /home/airflow/.local/lib/python3.7/site-packages/airflow/example_dags/tutorial_taskflow_api.py
[2024-06-26T13:33:54.300+0000] {logging_mixin.py:137} INFO - [2024-06-26T13:33:54.300+0000] {dag.py:2690} INFO - Sync 1 DAGs
[2024-06-26T13:33:54.323+0000] {logging_mixin.py:137} INFO - [2024-06-26T13:33:54.323+0000] {dag.py:3441} INFO - Setting next_dagrun for tutorial_taskflow_api to None, run_after=None
[2024-06-26T13:33:54.339+0000] {processor.py:175} INFO - Processing /home/airflow/.local/lib/python3.7/site-packages/airflow/example_dags/tutorial_taskflow_api.py took 0.084 seconds
[2024-06-26T13:34:24.650+0000] {processor.py:153} INFO - Started process (PID=5501) to work on /home/airflow/.local/lib/python3.7/site-packages/airflow/example_dags/tutorial_taskflow_api.py
[2024-06-26T13:34:24.655+0000] {processor.py:743} INFO - Processing file /home/airflow/.local/lib/python3.7/site-packages/airflow/example_dags/tutorial_taskflow_api.py for tasks to queue
[2024-06-26T13:34:24.656+0000] {logging_mixin.py:137} INFO - [2024-06-26T13:34:24.656+0000] {dagbag.py:538} INFO - Filling up the DagBag from /home/airflow/.local/lib/python3.7/site-packages/airflow/example_dags/tutorial_taskflow_api.py
[2024-06-26T13:34:24.673+0000] {processor.py:753} INFO - DAG(s) dict_keys(['tutorial_taskflow_api']) retrieved from /home/airflow/.local/lib/python3.7/site-packages/airflow/example_dags/tutorial_taskflow_api.py
[2024-06-26T13:34:24.694+0000] {logging_mixin.py:137} INFO - [2024-06-26T13:34:24.694+0000] {dag.py:2690} INFO - Sync 1 DAGs
[2024-06-26T13:34:24.727+0000] {logging_mixin.py:137} INFO - [2024-06-26T13:34:24.727+0000] {dag.py:3441} INFO - Setting next_dagrun for tutorial_taskflow_api to None, run_after=None
[2024-06-26T13:34:24.745+0000] {processor.py:175} INFO - Processing /home/airflow/.local/lib/python3.7/site-packages/airflow/example_dags/tutorial_taskflow_api.py took 0.097 seconds
[2024-06-26T13:34:54.947+0000] {processor.py:153} INFO - Started process (PID=5580) to work on /home/airflow/.local/lib/python3.7/site-packages/airflow/example_dags/tutorial_taskflow_api.py
[2024-06-26T13:34:54.953+0000] {processor.py:743} INFO - Processing file /home/airflow/.local/lib/python3.7/site-packages/airflow/example_dags/tutorial_taskflow_api.py for tasks to queue
[2024-06-26T13:34:54.954+0000] {logging_mixin.py:137} INFO - [2024-06-26T13:34:54.954+0000] {dagbag.py:538} INFO - Filling up the DagBag from /home/airflow/.local/lib/python3.7/site-packages/airflow/example_dags/tutorial_taskflow_api.py
[2024-06-26T13:34:54.970+0000] {processor.py:753} INFO - DAG(s) dict_keys(['tutorial_taskflow_api']) retrieved from /home/airflow/.local/lib/python3.7/site-packages/airflow/example_dags/tutorial_taskflow_api.py
[2024-06-26T13:34:54.988+0000] {logging_mixin.py:137} INFO - [2024-06-26T13:34:54.988+0000] {dag.py:2690} INFO - Sync 1 DAGs
[2024-06-26T13:34:55.009+0000] {logging_mixin.py:137} INFO - [2024-06-26T13:34:55.008+0000] {dag.py:3441} INFO - Setting next_dagrun for tutorial_taskflow_api to None, run_after=None
[2024-06-26T13:34:55.024+0000] {processor.py:175} INFO - Processing /home/airflow/.local/lib/python3.7/site-packages/airflow/example_dags/tutorial_taskflow_api.py took 0.080 seconds
[2024-06-26T13:35:25.102+0000] {processor.py:153} INFO - Started process (PID=5679) to work on /home/airflow/.local/lib/python3.7/site-packages/airflow/example_dags/tutorial_taskflow_api.py
[2024-06-26T13:35:25.107+0000] {processor.py:743} INFO - Processing file /home/airflow/.local/lib/python3.7/site-packages/airflow/example_dags/tutorial_taskflow_api.py for tasks to queue
[2024-06-26T13:35:25.108+0000] {logging_mixin.py:137} INFO - [2024-06-26T13:35:25.108+0000] {dagbag.py:538} INFO - Filling up the DagBag from /home/airflow/.local/lib/python3.7/site-packages/airflow/example_dags/tutorial_taskflow_api.py
[2024-06-26T13:35:25.122+0000] {processor.py:753} INFO - DAG(s) dict_keys(['tutorial_taskflow_api']) retrieved from /home/airflow/.local/lib/python3.7/site-packages/airflow/example_dags/tutorial_taskflow_api.py
[2024-06-26T13:35:25.138+0000] {logging_mixin.py:137} INFO - [2024-06-26T13:35:25.138+0000] {dag.py:2690} INFO - Sync 1 DAGs
[2024-06-26T13:35:25.156+0000] {logging_mixin.py:137} INFO - [2024-06-26T13:35:25.156+0000] {dag.py:3441} INFO - Setting next_dagrun for tutorial_taskflow_api to None, run_after=None
[2024-06-26T13:35:25.168+0000] {processor.py:175} INFO - Processing /home/airflow/.local/lib/python3.7/site-packages/airflow/example_dags/tutorial_taskflow_api.py took 0.068 seconds
[2024-06-26T13:35:56.030+0000] {processor.py:153} INFO - Started process (PID=5758) to work on /home/airflow/.local/lib/python3.7/site-packages/airflow/example_dags/tutorial_taskflow_api.py
[2024-06-26T13:35:56.036+0000] {processor.py:743} INFO - Processing file /home/airflow/.local/lib/python3.7/site-packages/airflow/example_dags/tutorial_taskflow_api.py for tasks to queue
[2024-06-26T13:35:56.036+0000] {logging_mixin.py:137} INFO - [2024-06-26T13:35:56.036+0000] {dagbag.py:538} INFO - Filling up the DagBag from /home/airflow/.local/lib/python3.7/site-packages/airflow/example_dags/tutorial_taskflow_api.py
[2024-06-26T13:35:56.052+0000] {processor.py:753} INFO - DAG(s) dict_keys(['tutorial_taskflow_api']) retrieved from /home/airflow/.local/lib/python3.7/site-packages/airflow/example_dags/tutorial_taskflow_api.py
[2024-06-26T13:35:56.070+0000] {logging_mixin.py:137} INFO - [2024-06-26T13:35:56.070+0000] {dag.py:2690} INFO - Sync 1 DAGs
[2024-06-26T13:35:56.089+0000] {logging_mixin.py:137} INFO - [2024-06-26T13:35:56.088+0000] {dag.py:3441} INFO - Setting next_dagrun for tutorial_taskflow_api to None, run_after=None
[2024-06-26T13:35:56.102+0000] {processor.py:175} INFO - Processing /home/airflow/.local/lib/python3.7/site-packages/airflow/example_dags/tutorial_taskflow_api.py took 0.074 seconds
[2024-06-26T13:36:27.027+0000] {processor.py:153} INFO - Started process (PID=5857) to work on /home/airflow/.local/lib/python3.7/site-packages/airflow/example_dags/tutorial_taskflow_api.py
[2024-06-26T13:36:27.032+0000] {processor.py:743} INFO - Processing file /home/airflow/.local/lib/python3.7/site-packages/airflow/example_dags/tutorial_taskflow_api.py for tasks to queue
[2024-06-26T13:36:27.033+0000] {logging_mixin.py:137} INFO - [2024-06-26T13:36:27.033+0000] {dagbag.py:538} INFO - Filling up the DagBag from /home/airflow/.local/lib/python3.7/site-packages/airflow/example_dags/tutorial_taskflow_api.py
[2024-06-26T13:36:27.047+0000] {processor.py:753} INFO - DAG(s) dict_keys(['tutorial_taskflow_api']) retrieved from /home/airflow/.local/lib/python3.7/site-packages/airflow/example_dags/tutorial_taskflow_api.py
[2024-06-26T13:36:27.063+0000] {logging_mixin.py:137} INFO - [2024-06-26T13:36:27.062+0000] {dag.py:2690} INFO - Sync 1 DAGs
[2024-06-26T13:36:27.079+0000] {logging_mixin.py:137} INFO - [2024-06-26T13:36:27.079+0000] {dag.py:3441} INFO - Setting next_dagrun for tutorial_taskflow_api to None, run_after=None
[2024-06-26T13:36:27.093+0000] {processor.py:175} INFO - Processing /home/airflow/.local/lib/python3.7/site-packages/airflow/example_dags/tutorial_taskflow_api.py took 0.068 seconds
[2024-06-26T13:36:57.916+0000] {processor.py:153} INFO - Started process (PID=5945) to work on /home/airflow/.local/lib/python3.7/site-packages/airflow/example_dags/tutorial_taskflow_api.py
[2024-06-26T13:36:57.917+0000] {processor.py:743} INFO - Processing file /home/airflow/.local/lib/python3.7/site-packages/airflow/example_dags/tutorial_taskflow_api.py for tasks to queue
[2024-06-26T13:36:57.918+0000] {logging_mixin.py:137} INFO - [2024-06-26T13:36:57.917+0000] {dagbag.py:538} INFO - Filling up the DagBag from /home/airflow/.local/lib/python3.7/site-packages/airflow/example_dags/tutorial_taskflow_api.py
[2024-06-26T13:36:57.934+0000] {processor.py:753} INFO - DAG(s) dict_keys(['tutorial_taskflow_api']) retrieved from /home/airflow/.local/lib/python3.7/site-packages/airflow/example_dags/tutorial_taskflow_api.py
[2024-06-26T13:36:57.955+0000] {logging_mixin.py:137} INFO - [2024-06-26T13:36:57.955+0000] {dag.py:2690} INFO - Sync 1 DAGs
[2024-06-26T13:36:57.980+0000] {logging_mixin.py:137} INFO - [2024-06-26T13:36:57.980+0000] {dag.py:3441} INFO - Setting next_dagrun for tutorial_taskflow_api to None, run_after=None
[2024-06-26T13:36:57.998+0000] {processor.py:175} INFO - Processing /home/airflow/.local/lib/python3.7/site-packages/airflow/example_dags/tutorial_taskflow_api.py took 0.085 seconds
[2024-06-26T13:37:28.283+0000] {processor.py:153} INFO - Started process (PID=6035) to work on /home/airflow/.local/lib/python3.7/site-packages/airflow/example_dags/tutorial_taskflow_api.py
[2024-06-26T13:37:28.284+0000] {processor.py:743} INFO - Processing file /home/airflow/.local/lib/python3.7/site-packages/airflow/example_dags/tutorial_taskflow_api.py for tasks to queue
[2024-06-26T13:37:28.284+0000] {logging_mixin.py:137} INFO - [2024-06-26T13:37:28.284+0000] {dagbag.py:538} INFO - Filling up the DagBag from /home/airflow/.local/lib/python3.7/site-packages/airflow/example_dags/tutorial_taskflow_api.py
[2024-06-26T13:37:28.302+0000] {processor.py:753} INFO - DAG(s) dict_keys(['tutorial_taskflow_api']) retrieved from /home/airflow/.local/lib/python3.7/site-packages/airflow/example_dags/tutorial_taskflow_api.py
[2024-06-26T13:37:28.320+0000] {logging_mixin.py:137} INFO - [2024-06-26T13:37:28.320+0000] {dag.py:2690} INFO - Sync 1 DAGs
[2024-06-26T13:37:28.341+0000] {logging_mixin.py:137} INFO - [2024-06-26T13:37:28.341+0000] {dag.py:3441} INFO - Setting next_dagrun for tutorial_taskflow_api to None, run_after=None
[2024-06-26T13:37:28.357+0000] {processor.py:175} INFO - Processing /home/airflow/.local/lib/python3.7/site-packages/airflow/example_dags/tutorial_taskflow_api.py took 0.076 seconds
[2024-06-26T13:37:59.182+0000] {processor.py:153} INFO - Started process (PID=6134) to work on /home/airflow/.local/lib/python3.7/site-packages/airflow/example_dags/tutorial_taskflow_api.py
[2024-06-26T13:37:59.187+0000] {processor.py:743} INFO - Processing file /home/airflow/.local/lib/python3.7/site-packages/airflow/example_dags/tutorial_taskflow_api.py for tasks to queue
[2024-06-26T13:37:59.188+0000] {logging_mixin.py:137} INFO - [2024-06-26T13:37:59.188+0000] {dagbag.py:538} INFO - Filling up the DagBag from /home/airflow/.local/lib/python3.7/site-packages/airflow/example_dags/tutorial_taskflow_api.py
[2024-06-26T13:37:59.203+0000] {processor.py:753} INFO - DAG(s) dict_keys(['tutorial_taskflow_api']) retrieved from /home/airflow/.local/lib/python3.7/site-packages/airflow/example_dags/tutorial_taskflow_api.py
[2024-06-26T13:37:59.221+0000] {logging_mixin.py:137} INFO - [2024-06-26T13:37:59.220+0000] {dag.py:2690} INFO - Sync 1 DAGs
[2024-06-26T13:37:59.240+0000] {logging_mixin.py:137} INFO - [2024-06-26T13:37:59.240+0000] {dag.py:3441} INFO - Setting next_dagrun for tutorial_taskflow_api to None, run_after=None
[2024-06-26T13:37:59.255+0000] {processor.py:175} INFO - Processing /home/airflow/.local/lib/python3.7/site-packages/airflow/example_dags/tutorial_taskflow_api.py took 0.075 seconds
[2024-06-26T13:38:30.151+0000] {processor.py:153} INFO - Started process (PID=6213) to work on /home/airflow/.local/lib/python3.7/site-packages/airflow/example_dags/tutorial_taskflow_api.py
[2024-06-26T13:38:30.151+0000] {processor.py:743} INFO - Processing file /home/airflow/.local/lib/python3.7/site-packages/airflow/example_dags/tutorial_taskflow_api.py for tasks to queue
[2024-06-26T13:38:30.152+0000] {logging_mixin.py:137} INFO - [2024-06-26T13:38:30.152+0000] {dagbag.py:538} INFO - Filling up the DagBag from /home/airflow/.local/lib/python3.7/site-packages/airflow/example_dags/tutorial_taskflow_api.py
[2024-06-26T13:38:30.166+0000] {processor.py:753} INFO - DAG(s) dict_keys(['tutorial_taskflow_api']) retrieved from /home/airflow/.local/lib/python3.7/site-packages/airflow/example_dags/tutorial_taskflow_api.py
[2024-06-26T13:38:30.181+0000] {logging_mixin.py:137} INFO - [2024-06-26T13:38:30.181+0000] {dag.py:2690} INFO - Sync 1 DAGs
[2024-06-26T13:38:30.198+0000] {logging_mixin.py:137} INFO - [2024-06-26T13:38:30.198+0000] {dag.py:3441} INFO - Setting next_dagrun for tutorial_taskflow_api to None, run_after=None
[2024-06-26T13:38:30.210+0000] {processor.py:175} INFO - Processing /home/airflow/.local/lib/python3.7/site-packages/airflow/example_dags/tutorial_taskflow_api.py took 0.061 seconds
[2024-06-26T13:39:00.834+0000] {processor.py:153} INFO - Started process (PID=6312) to work on /home/airflow/.local/lib/python3.7/site-packages/airflow/example_dags/tutorial_taskflow_api.py
[2024-06-26T13:39:00.839+0000] {processor.py:743} INFO - Processing file /home/airflow/.local/lib/python3.7/site-packages/airflow/example_dags/tutorial_taskflow_api.py for tasks to queue
[2024-06-26T13:39:00.840+0000] {logging_mixin.py:137} INFO - [2024-06-26T13:39:00.839+0000] {dagbag.py:538} INFO - Filling up the DagBag from /home/airflow/.local/lib/python3.7/site-packages/airflow/example_dags/tutorial_taskflow_api.py
[2024-06-26T13:39:00.853+0000] {processor.py:753} INFO - DAG(s) dict_keys(['tutorial_taskflow_api']) retrieved from /home/airflow/.local/lib/python3.7/site-packages/airflow/example_dags/tutorial_taskflow_api.py
[2024-06-26T13:39:00.870+0000] {logging_mixin.py:137} INFO - [2024-06-26T13:39:00.870+0000] {dag.py:2690} INFO - Sync 1 DAGs
[2024-06-26T13:39:00.888+0000] {logging_mixin.py:137} INFO - [2024-06-26T13:39:00.888+0000] {dag.py:3441} INFO - Setting next_dagrun for tutorial_taskflow_api to None, run_after=None
[2024-06-26T13:39:00.900+0000] {processor.py:175} INFO - Processing /home/airflow/.local/lib/python3.7/site-packages/airflow/example_dags/tutorial_taskflow_api.py took 0.069 seconds
[2024-06-26T13:39:31.636+0000] {processor.py:153} INFO - Started process (PID=6391) to work on /home/airflow/.local/lib/python3.7/site-packages/airflow/example_dags/tutorial_taskflow_api.py
[2024-06-26T13:39:31.637+0000] {processor.py:743} INFO - Processing file /home/airflow/.local/lib/python3.7/site-packages/airflow/example_dags/tutorial_taskflow_api.py for tasks to queue
[2024-06-26T13:39:31.637+0000] {logging_mixin.py:137} INFO - [2024-06-26T13:39:31.637+0000] {dagbag.py:538} INFO - Filling up the DagBag from /home/airflow/.local/lib/python3.7/site-packages/airflow/example_dags/tutorial_taskflow_api.py
[2024-06-26T13:39:31.653+0000] {processor.py:753} INFO - DAG(s) dict_keys(['tutorial_taskflow_api']) retrieved from /home/airflow/.local/lib/python3.7/site-packages/airflow/example_dags/tutorial_taskflow_api.py
[2024-06-26T13:39:31.671+0000] {logging_mixin.py:137} INFO - [2024-06-26T13:39:31.670+0000] {dag.py:2690} INFO - Sync 1 DAGs
[2024-06-26T13:39:31.698+0000] {logging_mixin.py:137} INFO - [2024-06-26T13:39:31.698+0000] {dag.py:3441} INFO - Setting next_dagrun for tutorial_taskflow_api to None, run_after=None
[2024-06-26T13:39:31.713+0000] {processor.py:175} INFO - Processing /home/airflow/.local/lib/python3.7/site-packages/airflow/example_dags/tutorial_taskflow_api.py took 0.079 seconds
