[2024-06-26T13:03:44.556+0000] {processor.py:153} INFO - Started process (PID=56) to work on /home/airflow/.local/lib/python3.7/site-packages/airflow/example_dags/tutorial_dag.py
[2024-06-26T13:03:44.556+0000] {processor.py:743} INFO - Processing file /home/airflow/.local/lib/python3.7/site-packages/airflow/example_dags/tutorial_dag.py for tasks to queue
[2024-06-26T13:03:44.557+0000] {logging_mixin.py:137} INFO - [2024-06-26T13:03:44.556+0000] {dagbag.py:538} INFO - Filling up the DagBag from /home/airflow/.local/lib/python3.7/site-packages/airflow/example_dags/tutorial_dag.py
[2024-06-26T13:03:44.567+0000] {processor.py:753} INFO - DAG(s) dict_keys(['tutorial_dag']) retrieved from /home/airflow/.local/lib/python3.7/site-packages/airflow/example_dags/tutorial_dag.py
[2024-06-26T13:03:44.588+0000] {logging_mixin.py:137} INFO - [2024-06-26T13:03:44.588+0000] {dag.py:2690} INFO - Sync 1 DAGs
[2024-06-26T13:03:44.615+0000] {logging_mixin.py:137} INFO - [2024-06-26T13:03:44.615+0000] {dag.py:3441} INFO - Setting next_dagrun for tutorial_dag to None, run_after=None
[2024-06-26T13:03:44.630+0000] {processor.py:175} INFO - Processing /home/airflow/.local/lib/python3.7/site-packages/airflow/example_dags/tutorial_dag.py took 0.076 seconds
[2024-06-26T13:04:15.261+0000] {processor.py:153} INFO - Started process (PID=155) to work on /home/airflow/.local/lib/python3.7/site-packages/airflow/example_dags/tutorial_dag.py
[2024-06-26T13:04:15.261+0000] {processor.py:743} INFO - Processing file /home/airflow/.local/lib/python3.7/site-packages/airflow/example_dags/tutorial_dag.py for tasks to queue
[2024-06-26T13:04:15.262+0000] {logging_mixin.py:137} INFO - [2024-06-26T13:04:15.262+0000] {dagbag.py:538} INFO - Filling up the DagBag from /home/airflow/.local/lib/python3.7/site-packages/airflow/example_dags/tutorial_dag.py
[2024-06-26T13:04:15.270+0000] {processor.py:753} INFO - DAG(s) dict_keys(['tutorial_dag']) retrieved from /home/airflow/.local/lib/python3.7/site-packages/airflow/example_dags/tutorial_dag.py
[2024-06-26T13:04:15.287+0000] {logging_mixin.py:137} INFO - [2024-06-26T13:04:15.286+0000] {dag.py:2690} INFO - Sync 1 DAGs
[2024-06-26T13:04:15.305+0000] {logging_mixin.py:137} INFO - [2024-06-26T13:04:15.304+0000] {dag.py:3441} INFO - Setting next_dagrun for tutorial_dag to None, run_after=None
[2024-06-26T13:04:15.316+0000] {processor.py:175} INFO - Processing /home/airflow/.local/lib/python3.7/site-packages/airflow/example_dags/tutorial_dag.py took 0.057 seconds
[2024-06-26T13:04:45.992+0000] {processor.py:153} INFO - Started process (PID=234) to work on /home/airflow/.local/lib/python3.7/site-packages/airflow/example_dags/tutorial_dag.py
[2024-06-26T13:04:45.993+0000] {processor.py:743} INFO - Processing file /home/airflow/.local/lib/python3.7/site-packages/airflow/example_dags/tutorial_dag.py for tasks to queue
[2024-06-26T13:04:45.993+0000] {logging_mixin.py:137} INFO - [2024-06-26T13:04:45.993+0000] {dagbag.py:538} INFO - Filling up the DagBag from /home/airflow/.local/lib/python3.7/site-packages/airflow/example_dags/tutorial_dag.py
[2024-06-26T13:04:46.002+0000] {processor.py:753} INFO - DAG(s) dict_keys(['tutorial_dag']) retrieved from /home/airflow/.local/lib/python3.7/site-packages/airflow/example_dags/tutorial_dag.py
[2024-06-26T13:04:46.020+0000] {logging_mixin.py:137} INFO - [2024-06-26T13:04:46.020+0000] {dag.py:2690} INFO - Sync 1 DAGs
[2024-06-26T13:04:46.038+0000] {logging_mixin.py:137} INFO - [2024-06-26T13:04:46.038+0000] {dag.py:3441} INFO - Setting next_dagrun for tutorial_dag to None, run_after=None
[2024-06-26T13:04:46.051+0000] {processor.py:175} INFO - Processing /home/airflow/.local/lib/python3.7/site-packages/airflow/example_dags/tutorial_dag.py took 0.061 seconds
[2024-06-26T13:05:16.716+0000] {processor.py:153} INFO - Started process (PID=333) to work on /home/airflow/.local/lib/python3.7/site-packages/airflow/example_dags/tutorial_dag.py
[2024-06-26T13:05:16.716+0000] {processor.py:743} INFO - Processing file /home/airflow/.local/lib/python3.7/site-packages/airflow/example_dags/tutorial_dag.py for tasks to queue
[2024-06-26T13:05:16.717+0000] {logging_mixin.py:137} INFO - [2024-06-26T13:05:16.717+0000] {dagbag.py:538} INFO - Filling up the DagBag from /home/airflow/.local/lib/python3.7/site-packages/airflow/example_dags/tutorial_dag.py
[2024-06-26T13:05:16.725+0000] {processor.py:753} INFO - DAG(s) dict_keys(['tutorial_dag']) retrieved from /home/airflow/.local/lib/python3.7/site-packages/airflow/example_dags/tutorial_dag.py
[2024-06-26T13:05:16.742+0000] {logging_mixin.py:137} INFO - [2024-06-26T13:05:16.742+0000] {dag.py:2690} INFO - Sync 1 DAGs
[2024-06-26T13:05:16.762+0000] {logging_mixin.py:137} INFO - [2024-06-26T13:05:16.761+0000] {dag.py:3441} INFO - Setting next_dagrun for tutorial_dag to None, run_after=None
[2024-06-26T13:05:16.775+0000] {processor.py:175} INFO - Processing /home/airflow/.local/lib/python3.7/site-packages/airflow/example_dags/tutorial_dag.py took 0.061 seconds
[2024-06-26T13:05:47.538+0000] {processor.py:153} INFO - Started process (PID=432) to work on /home/airflow/.local/lib/python3.7/site-packages/airflow/example_dags/tutorial_dag.py
[2024-06-26T13:05:47.538+0000] {processor.py:743} INFO - Processing file /home/airflow/.local/lib/python3.7/site-packages/airflow/example_dags/tutorial_dag.py for tasks to queue
[2024-06-26T13:05:47.538+0000] {logging_mixin.py:137} INFO - [2024-06-26T13:05:47.538+0000] {dagbag.py:538} INFO - Filling up the DagBag from /home/airflow/.local/lib/python3.7/site-packages/airflow/example_dags/tutorial_dag.py
[2024-06-26T13:05:47.547+0000] {processor.py:753} INFO - DAG(s) dict_keys(['tutorial_dag']) retrieved from /home/airflow/.local/lib/python3.7/site-packages/airflow/example_dags/tutorial_dag.py
[2024-06-26T13:05:47.567+0000] {logging_mixin.py:137} INFO - [2024-06-26T13:05:47.566+0000] {dag.py:2690} INFO - Sync 1 DAGs
[2024-06-26T13:05:47.587+0000] {logging_mixin.py:137} INFO - [2024-06-26T13:05:47.587+0000] {dag.py:3441} INFO - Setting next_dagrun for tutorial_dag to None, run_after=None
[2024-06-26T13:05:47.600+0000] {processor.py:175} INFO - Processing /home/airflow/.local/lib/python3.7/site-packages/airflow/example_dags/tutorial_dag.py took 0.064 seconds
[2024-06-26T13:06:18.177+0000] {processor.py:153} INFO - Started process (PID=510) to work on /home/airflow/.local/lib/python3.7/site-packages/airflow/example_dags/tutorial_dag.py
[2024-06-26T13:06:18.177+0000] {processor.py:743} INFO - Processing file /home/airflow/.local/lib/python3.7/site-packages/airflow/example_dags/tutorial_dag.py for tasks to queue
[2024-06-26T13:06:18.177+0000] {logging_mixin.py:137} INFO - [2024-06-26T13:06:18.177+0000] {dagbag.py:538} INFO - Filling up the DagBag from /home/airflow/.local/lib/python3.7/site-packages/airflow/example_dags/tutorial_dag.py
[2024-06-26T13:06:18.186+0000] {processor.py:753} INFO - DAG(s) dict_keys(['tutorial_dag']) retrieved from /home/airflow/.local/lib/python3.7/site-packages/airflow/example_dags/tutorial_dag.py
[2024-06-26T13:06:18.203+0000] {logging_mixin.py:137} INFO - [2024-06-26T13:06:18.203+0000] {dag.py:2690} INFO - Sync 1 DAGs
[2024-06-26T13:06:18.221+0000] {logging_mixin.py:137} INFO - [2024-06-26T13:06:18.221+0000] {dag.py:3441} INFO - Setting next_dagrun for tutorial_dag to None, run_after=None
[2024-06-26T13:06:18.234+0000] {processor.py:175} INFO - Processing /home/airflow/.local/lib/python3.7/site-packages/airflow/example_dags/tutorial_dag.py took 0.059 seconds
[2024-06-26T13:06:49.046+0000] {processor.py:153} INFO - Started process (PID=609) to work on /home/airflow/.local/lib/python3.7/site-packages/airflow/example_dags/tutorial_dag.py
[2024-06-26T13:06:49.046+0000] {processor.py:743} INFO - Processing file /home/airflow/.local/lib/python3.7/site-packages/airflow/example_dags/tutorial_dag.py for tasks to queue
[2024-06-26T13:06:49.047+0000] {logging_mixin.py:137} INFO - [2024-06-26T13:06:49.047+0000] {dagbag.py:538} INFO - Filling up the DagBag from /home/airflow/.local/lib/python3.7/site-packages/airflow/example_dags/tutorial_dag.py
[2024-06-26T13:06:49.056+0000] {processor.py:753} INFO - DAG(s) dict_keys(['tutorial_dag']) retrieved from /home/airflow/.local/lib/python3.7/site-packages/airflow/example_dags/tutorial_dag.py
[2024-06-26T13:06:49.080+0000] {logging_mixin.py:137} INFO - [2024-06-26T13:06:49.080+0000] {dag.py:2690} INFO - Sync 1 DAGs
[2024-06-26T13:06:49.109+0000] {logging_mixin.py:137} INFO - [2024-06-26T13:06:49.109+0000] {dag.py:3441} INFO - Setting next_dagrun for tutorial_dag to None, run_after=None
[2024-06-26T13:06:49.128+0000] {processor.py:175} INFO - Processing /home/airflow/.local/lib/python3.7/site-packages/airflow/example_dags/tutorial_dag.py took 0.084 seconds
[2024-06-26T13:07:19.335+0000] {processor.py:153} INFO - Started process (PID=688) to work on /home/airflow/.local/lib/python3.7/site-packages/airflow/example_dags/tutorial_dag.py
[2024-06-26T13:07:19.336+0000] {processor.py:743} INFO - Processing file /home/airflow/.local/lib/python3.7/site-packages/airflow/example_dags/tutorial_dag.py for tasks to queue
[2024-06-26T13:07:19.336+0000] {logging_mixin.py:137} INFO - [2024-06-26T13:07:19.336+0000] {dagbag.py:538} INFO - Filling up the DagBag from /home/airflow/.local/lib/python3.7/site-packages/airflow/example_dags/tutorial_dag.py
[2024-06-26T13:07:19.344+0000] {processor.py:753} INFO - DAG(s) dict_keys(['tutorial_dag']) retrieved from /home/airflow/.local/lib/python3.7/site-packages/airflow/example_dags/tutorial_dag.py
[2024-06-26T13:07:19.360+0000] {logging_mixin.py:137} INFO - [2024-06-26T13:07:19.360+0000] {dag.py:2690} INFO - Sync 1 DAGs
[2024-06-26T13:07:19.378+0000] {logging_mixin.py:137} INFO - [2024-06-26T13:07:19.378+0000] {dag.py:3441} INFO - Setting next_dagrun for tutorial_dag to None, run_after=None
[2024-06-26T13:07:19.391+0000] {processor.py:175} INFO - Processing /home/airflow/.local/lib/python3.7/site-packages/airflow/example_dags/tutorial_dag.py took 0.058 seconds
[2024-06-26T13:07:49.437+0000] {processor.py:153} INFO - Started process (PID=787) to work on /home/airflow/.local/lib/python3.7/site-packages/airflow/example_dags/tutorial_dag.py
[2024-06-26T13:07:49.438+0000] {processor.py:743} INFO - Processing file /home/airflow/.local/lib/python3.7/site-packages/airflow/example_dags/tutorial_dag.py for tasks to queue
[2024-06-26T13:07:49.438+0000] {logging_mixin.py:137} INFO - [2024-06-26T13:07:49.438+0000] {dagbag.py:538} INFO - Filling up the DagBag from /home/airflow/.local/lib/python3.7/site-packages/airflow/example_dags/tutorial_dag.py
[2024-06-26T13:07:49.446+0000] {processor.py:753} INFO - DAG(s) dict_keys(['tutorial_dag']) retrieved from /home/airflow/.local/lib/python3.7/site-packages/airflow/example_dags/tutorial_dag.py
[2024-06-26T13:07:49.462+0000] {logging_mixin.py:137} INFO - [2024-06-26T13:07:49.462+0000] {dag.py:2690} INFO - Sync 1 DAGs
[2024-06-26T13:07:49.480+0000] {logging_mixin.py:137} INFO - [2024-06-26T13:07:49.480+0000] {dag.py:3441} INFO - Setting next_dagrun for tutorial_dag to None, run_after=None
[2024-06-26T13:07:49.501+0000] {processor.py:175} INFO - Processing /home/airflow/.local/lib/python3.7/site-packages/airflow/example_dags/tutorial_dag.py took 0.066 seconds
[2024-06-26T13:08:19.552+0000] {processor.py:153} INFO - Started process (PID=866) to work on /home/airflow/.local/lib/python3.7/site-packages/airflow/example_dags/tutorial_dag.py
[2024-06-26T13:08:19.553+0000] {processor.py:743} INFO - Processing file /home/airflow/.local/lib/python3.7/site-packages/airflow/example_dags/tutorial_dag.py for tasks to queue
[2024-06-26T13:08:19.553+0000] {logging_mixin.py:137} INFO - [2024-06-26T13:08:19.553+0000] {dagbag.py:538} INFO - Filling up the DagBag from /home/airflow/.local/lib/python3.7/site-packages/airflow/example_dags/tutorial_dag.py
[2024-06-26T13:08:19.562+0000] {processor.py:753} INFO - DAG(s) dict_keys(['tutorial_dag']) retrieved from /home/airflow/.local/lib/python3.7/site-packages/airflow/example_dags/tutorial_dag.py
[2024-06-26T13:08:19.580+0000] {logging_mixin.py:137} INFO - [2024-06-26T13:08:19.580+0000] {dag.py:2690} INFO - Sync 1 DAGs
[2024-06-26T13:08:19.599+0000] {logging_mixin.py:137} INFO - [2024-06-26T13:08:19.599+0000] {dag.py:3441} INFO - Setting next_dagrun for tutorial_dag to None, run_after=None
[2024-06-26T13:08:19.612+0000] {processor.py:175} INFO - Processing /home/airflow/.local/lib/python3.7/site-packages/airflow/example_dags/tutorial_dag.py took 0.062 seconds
[2024-06-26T13:08:49.642+0000] {processor.py:153} INFO - Started process (PID=965) to work on /home/airflow/.local/lib/python3.7/site-packages/airflow/example_dags/tutorial_dag.py
[2024-06-26T13:08:49.642+0000] {processor.py:743} INFO - Processing file /home/airflow/.local/lib/python3.7/site-packages/airflow/example_dags/tutorial_dag.py for tasks to queue
[2024-06-26T13:08:49.643+0000] {logging_mixin.py:137} INFO - [2024-06-26T13:08:49.643+0000] {dagbag.py:538} INFO - Filling up the DagBag from /home/airflow/.local/lib/python3.7/site-packages/airflow/example_dags/tutorial_dag.py
[2024-06-26T13:08:49.651+0000] {processor.py:753} INFO - DAG(s) dict_keys(['tutorial_dag']) retrieved from /home/airflow/.local/lib/python3.7/site-packages/airflow/example_dags/tutorial_dag.py
[2024-06-26T13:08:49.668+0000] {logging_mixin.py:137} INFO - [2024-06-26T13:08:49.668+0000] {dag.py:2690} INFO - Sync 1 DAGs
[2024-06-26T13:08:49.685+0000] {logging_mixin.py:137} INFO - [2024-06-26T13:08:49.685+0000] {dag.py:3441} INFO - Setting next_dagrun for tutorial_dag to None, run_after=None
[2024-06-26T13:08:49.697+0000] {processor.py:175} INFO - Processing /home/airflow/.local/lib/python3.7/site-packages/airflow/example_dags/tutorial_dag.py took 0.057 seconds
[2024-06-26T13:09:20.534+0000] {processor.py:153} INFO - Started process (PID=1064) to work on /home/airflow/.local/lib/python3.7/site-packages/airflow/example_dags/tutorial_dag.py
[2024-06-26T13:09:20.535+0000] {processor.py:743} INFO - Processing file /home/airflow/.local/lib/python3.7/site-packages/airflow/example_dags/tutorial_dag.py for tasks to queue
[2024-06-26T13:09:20.535+0000] {logging_mixin.py:137} INFO - [2024-06-26T13:09:20.535+0000] {dagbag.py:538} INFO - Filling up the DagBag from /home/airflow/.local/lib/python3.7/site-packages/airflow/example_dags/tutorial_dag.py
[2024-06-26T13:09:20.543+0000] {processor.py:753} INFO - DAG(s) dict_keys(['tutorial_dag']) retrieved from /home/airflow/.local/lib/python3.7/site-packages/airflow/example_dags/tutorial_dag.py
[2024-06-26T13:09:20.559+0000] {logging_mixin.py:137} INFO - [2024-06-26T13:09:20.559+0000] {dag.py:2690} INFO - Sync 1 DAGs
[2024-06-26T13:09:20.578+0000] {logging_mixin.py:137} INFO - [2024-06-26T13:09:20.578+0000] {dag.py:3441} INFO - Setting next_dagrun for tutorial_dag to None, run_after=None
[2024-06-26T13:09:20.593+0000] {processor.py:175} INFO - Processing /home/airflow/.local/lib/python3.7/site-packages/airflow/example_dags/tutorial_dag.py took 0.060 seconds
[2024-06-26T13:09:51.285+0000] {processor.py:153} INFO - Started process (PID=1143) to work on /home/airflow/.local/lib/python3.7/site-packages/airflow/example_dags/tutorial_dag.py
[2024-06-26T13:09:51.285+0000] {processor.py:743} INFO - Processing file /home/airflow/.local/lib/python3.7/site-packages/airflow/example_dags/tutorial_dag.py for tasks to queue
[2024-06-26T13:09:51.285+0000] {logging_mixin.py:137} INFO - [2024-06-26T13:09:51.285+0000] {dagbag.py:538} INFO - Filling up the DagBag from /home/airflow/.local/lib/python3.7/site-packages/airflow/example_dags/tutorial_dag.py
[2024-06-26T13:09:51.294+0000] {processor.py:753} INFO - DAG(s) dict_keys(['tutorial_dag']) retrieved from /home/airflow/.local/lib/python3.7/site-packages/airflow/example_dags/tutorial_dag.py
[2024-06-26T13:09:51.310+0000] {logging_mixin.py:137} INFO - [2024-06-26T13:09:51.310+0000] {dag.py:2690} INFO - Sync 1 DAGs
[2024-06-26T13:09:51.327+0000] {logging_mixin.py:137} INFO - [2024-06-26T13:09:51.327+0000] {dag.py:3441} INFO - Setting next_dagrun for tutorial_dag to None, run_after=None
[2024-06-26T13:09:51.340+0000] {processor.py:175} INFO - Processing /home/airflow/.local/lib/python3.7/site-packages/airflow/example_dags/tutorial_dag.py took 0.057 seconds
[2024-06-26T13:10:22.101+0000] {processor.py:153} INFO - Started process (PID=1242) to work on /home/airflow/.local/lib/python3.7/site-packages/airflow/example_dags/tutorial_dag.py
[2024-06-26T13:10:22.101+0000] {processor.py:743} INFO - Processing file /home/airflow/.local/lib/python3.7/site-packages/airflow/example_dags/tutorial_dag.py for tasks to queue
[2024-06-26T13:10:22.102+0000] {logging_mixin.py:137} INFO - [2024-06-26T13:10:22.101+0000] {dagbag.py:538} INFO - Filling up the DagBag from /home/airflow/.local/lib/python3.7/site-packages/airflow/example_dags/tutorial_dag.py
[2024-06-26T13:10:22.111+0000] {processor.py:753} INFO - DAG(s) dict_keys(['tutorial_dag']) retrieved from /home/airflow/.local/lib/python3.7/site-packages/airflow/example_dags/tutorial_dag.py
[2024-06-26T13:10:22.128+0000] {logging_mixin.py:137} INFO - [2024-06-26T13:10:22.128+0000] {dag.py:2690} INFO - Sync 1 DAGs
[2024-06-26T13:10:22.146+0000] {logging_mixin.py:137} INFO - [2024-06-26T13:10:22.146+0000] {dag.py:3441} INFO - Setting next_dagrun for tutorial_dag to None, run_after=None
[2024-06-26T13:10:22.159+0000] {processor.py:175} INFO - Processing /home/airflow/.local/lib/python3.7/site-packages/airflow/example_dags/tutorial_dag.py took 0.060 seconds
[2024-06-26T13:10:52.907+0000] {processor.py:153} INFO - Started process (PID=1321) to work on /home/airflow/.local/lib/python3.7/site-packages/airflow/example_dags/tutorial_dag.py
[2024-06-26T13:10:52.907+0000] {processor.py:743} INFO - Processing file /home/airflow/.local/lib/python3.7/site-packages/airflow/example_dags/tutorial_dag.py for tasks to queue
[2024-06-26T13:10:52.908+0000] {logging_mixin.py:137} INFO - [2024-06-26T13:10:52.908+0000] {dagbag.py:538} INFO - Filling up the DagBag from /home/airflow/.local/lib/python3.7/site-packages/airflow/example_dags/tutorial_dag.py
[2024-06-26T13:10:52.916+0000] {processor.py:753} INFO - DAG(s) dict_keys(['tutorial_dag']) retrieved from /home/airflow/.local/lib/python3.7/site-packages/airflow/example_dags/tutorial_dag.py
[2024-06-26T13:10:52.931+0000] {logging_mixin.py:137} INFO - [2024-06-26T13:10:52.931+0000] {dag.py:2690} INFO - Sync 1 DAGs
[2024-06-26T13:10:52.948+0000] {logging_mixin.py:137} INFO - [2024-06-26T13:10:52.947+0000] {dag.py:3441} INFO - Setting next_dagrun for tutorial_dag to None, run_after=None
[2024-06-26T13:10:52.960+0000] {processor.py:175} INFO - Processing /home/airflow/.local/lib/python3.7/site-packages/airflow/example_dags/tutorial_dag.py took 0.055 seconds
[2024-06-26T13:11:23.876+0000] {processor.py:153} INFO - Started process (PID=1420) to work on /home/airflow/.local/lib/python3.7/site-packages/airflow/example_dags/tutorial_dag.py
[2024-06-26T13:11:23.878+0000] {processor.py:743} INFO - Processing file /home/airflow/.local/lib/python3.7/site-packages/airflow/example_dags/tutorial_dag.py for tasks to queue
[2024-06-26T13:11:23.878+0000] {logging_mixin.py:137} INFO - [2024-06-26T13:11:23.878+0000] {dagbag.py:538} INFO - Filling up the DagBag from /home/airflow/.local/lib/python3.7/site-packages/airflow/example_dags/tutorial_dag.py
[2024-06-26T13:11:23.887+0000] {processor.py:753} INFO - DAG(s) dict_keys(['tutorial_dag']) retrieved from /home/airflow/.local/lib/python3.7/site-packages/airflow/example_dags/tutorial_dag.py
[2024-06-26T13:11:23.903+0000] {logging_mixin.py:137} INFO - [2024-06-26T13:11:23.903+0000] {dag.py:2690} INFO - Sync 1 DAGs
[2024-06-26T13:11:23.921+0000] {logging_mixin.py:137} INFO - [2024-06-26T13:11:23.921+0000] {dag.py:3441} INFO - Setting next_dagrun for tutorial_dag to None, run_after=None
[2024-06-26T13:11:23.934+0000] {processor.py:175} INFO - Processing /home/airflow/.local/lib/python3.7/site-packages/airflow/example_dags/tutorial_dag.py took 0.059 seconds
[2024-06-26T13:11:54.746+0000] {processor.py:153} INFO - Started process (PID=1519) to work on /home/airflow/.local/lib/python3.7/site-packages/airflow/example_dags/tutorial_dag.py
[2024-06-26T13:11:54.747+0000] {processor.py:743} INFO - Processing file /home/airflow/.local/lib/python3.7/site-packages/airflow/example_dags/tutorial_dag.py for tasks to queue
[2024-06-26T13:11:54.747+0000] {logging_mixin.py:137} INFO - [2024-06-26T13:11:54.747+0000] {dagbag.py:538} INFO - Filling up the DagBag from /home/airflow/.local/lib/python3.7/site-packages/airflow/example_dags/tutorial_dag.py
[2024-06-26T13:11:54.755+0000] {processor.py:753} INFO - DAG(s) dict_keys(['tutorial_dag']) retrieved from /home/airflow/.local/lib/python3.7/site-packages/airflow/example_dags/tutorial_dag.py
[2024-06-26T13:11:54.772+0000] {logging_mixin.py:137} INFO - [2024-06-26T13:11:54.772+0000] {dag.py:2690} INFO - Sync 1 DAGs
[2024-06-26T13:11:54.790+0000] {logging_mixin.py:137} INFO - [2024-06-26T13:11:54.790+0000] {dag.py:3441} INFO - Setting next_dagrun for tutorial_dag to None, run_after=None
[2024-06-26T13:11:54.803+0000] {processor.py:175} INFO - Processing /home/airflow/.local/lib/python3.7/site-packages/airflow/example_dags/tutorial_dag.py took 0.059 seconds
[2024-06-26T13:12:25.477+0000] {processor.py:153} INFO - Started process (PID=1598) to work on /home/airflow/.local/lib/python3.7/site-packages/airflow/example_dags/tutorial_dag.py
[2024-06-26T13:12:25.477+0000] {processor.py:743} INFO - Processing file /home/airflow/.local/lib/python3.7/site-packages/airflow/example_dags/tutorial_dag.py for tasks to queue
[2024-06-26T13:12:25.478+0000] {logging_mixin.py:137} INFO - [2024-06-26T13:12:25.478+0000] {dagbag.py:538} INFO - Filling up the DagBag from /home/airflow/.local/lib/python3.7/site-packages/airflow/example_dags/tutorial_dag.py
[2024-06-26T13:12:25.486+0000] {processor.py:753} INFO - DAG(s) dict_keys(['tutorial_dag']) retrieved from /home/airflow/.local/lib/python3.7/site-packages/airflow/example_dags/tutorial_dag.py
[2024-06-26T13:12:25.502+0000] {logging_mixin.py:137} INFO - [2024-06-26T13:12:25.502+0000] {dag.py:2690} INFO - Sync 1 DAGs
[2024-06-26T13:12:25.519+0000] {logging_mixin.py:137} INFO - [2024-06-26T13:12:25.519+0000] {dag.py:3441} INFO - Setting next_dagrun for tutorial_dag to None, run_after=None
[2024-06-26T13:12:25.532+0000] {processor.py:175} INFO - Processing /home/airflow/.local/lib/python3.7/site-packages/airflow/example_dags/tutorial_dag.py took 0.057 seconds
[2024-06-26T13:12:56.319+0000] {processor.py:153} INFO - Started process (PID=1697) to work on /home/airflow/.local/lib/python3.7/site-packages/airflow/example_dags/tutorial_dag.py
[2024-06-26T13:12:56.319+0000] {processor.py:743} INFO - Processing file /home/airflow/.local/lib/python3.7/site-packages/airflow/example_dags/tutorial_dag.py for tasks to queue
[2024-06-26T13:12:56.319+0000] {logging_mixin.py:137} INFO - [2024-06-26T13:12:56.319+0000] {dagbag.py:538} INFO - Filling up the DagBag from /home/airflow/.local/lib/python3.7/site-packages/airflow/example_dags/tutorial_dag.py
[2024-06-26T13:12:56.327+0000] {processor.py:753} INFO - DAG(s) dict_keys(['tutorial_dag']) retrieved from /home/airflow/.local/lib/python3.7/site-packages/airflow/example_dags/tutorial_dag.py
[2024-06-26T13:12:56.342+0000] {logging_mixin.py:137} INFO - [2024-06-26T13:12:56.342+0000] {dag.py:2690} INFO - Sync 1 DAGs
[2024-06-26T13:12:56.358+0000] {logging_mixin.py:137} INFO - [2024-06-26T13:12:56.358+0000] {dag.py:3441} INFO - Setting next_dagrun for tutorial_dag to None, run_after=None
[2024-06-26T13:12:56.371+0000] {processor.py:175} INFO - Processing /home/airflow/.local/lib/python3.7/site-packages/airflow/example_dags/tutorial_dag.py took 0.055 seconds
[2024-06-26T13:13:27.215+0000] {processor.py:153} INFO - Started process (PID=1796) to work on /home/airflow/.local/lib/python3.7/site-packages/airflow/example_dags/tutorial_dag.py
[2024-06-26T13:13:27.216+0000] {processor.py:743} INFO - Processing file /home/airflow/.local/lib/python3.7/site-packages/airflow/example_dags/tutorial_dag.py for tasks to queue
[2024-06-26T13:13:27.216+0000] {logging_mixin.py:137} INFO - [2024-06-26T13:13:27.216+0000] {dagbag.py:538} INFO - Filling up the DagBag from /home/airflow/.local/lib/python3.7/site-packages/airflow/example_dags/tutorial_dag.py
[2024-06-26T13:13:27.225+0000] {processor.py:753} INFO - DAG(s) dict_keys(['tutorial_dag']) retrieved from /home/airflow/.local/lib/python3.7/site-packages/airflow/example_dags/tutorial_dag.py
[2024-06-26T13:13:27.242+0000] {logging_mixin.py:137} INFO - [2024-06-26T13:13:27.242+0000] {dag.py:2690} INFO - Sync 1 DAGs
[2024-06-26T13:13:27.262+0000] {logging_mixin.py:137} INFO - [2024-06-26T13:13:27.261+0000] {dag.py:3441} INFO - Setting next_dagrun for tutorial_dag to None, run_after=None
[2024-06-26T13:13:27.275+0000] {processor.py:175} INFO - Processing /home/airflow/.local/lib/python3.7/site-packages/airflow/example_dags/tutorial_dag.py took 0.062 seconds
[2024-06-26T13:13:57.969+0000] {processor.py:153} INFO - Started process (PID=1875) to work on /home/airflow/.local/lib/python3.7/site-packages/airflow/example_dags/tutorial_dag.py
[2024-06-26T13:13:57.970+0000] {processor.py:743} INFO - Processing file /home/airflow/.local/lib/python3.7/site-packages/airflow/example_dags/tutorial_dag.py for tasks to queue
[2024-06-26T13:13:57.970+0000] {logging_mixin.py:137} INFO - [2024-06-26T13:13:57.970+0000] {dagbag.py:538} INFO - Filling up the DagBag from /home/airflow/.local/lib/python3.7/site-packages/airflow/example_dags/tutorial_dag.py
[2024-06-26T13:13:57.978+0000] {processor.py:753} INFO - DAG(s) dict_keys(['tutorial_dag']) retrieved from /home/airflow/.local/lib/python3.7/site-packages/airflow/example_dags/tutorial_dag.py
[2024-06-26T13:13:57.997+0000] {logging_mixin.py:137} INFO - [2024-06-26T13:13:57.997+0000] {dag.py:2690} INFO - Sync 1 DAGs
[2024-06-26T13:13:58.015+0000] {logging_mixin.py:137} INFO - [2024-06-26T13:13:58.014+0000] {dag.py:3441} INFO - Setting next_dagrun for tutorial_dag to None, run_after=None
[2024-06-26T13:13:58.031+0000] {processor.py:175} INFO - Processing /home/airflow/.local/lib/python3.7/site-packages/airflow/example_dags/tutorial_dag.py took 0.064 seconds
[2024-06-26T13:14:28.714+0000] {processor.py:153} INFO - Started process (PID=1974) to work on /home/airflow/.local/lib/python3.7/site-packages/airflow/example_dags/tutorial_dag.py
[2024-06-26T13:14:28.714+0000] {processor.py:743} INFO - Processing file /home/airflow/.local/lib/python3.7/site-packages/airflow/example_dags/tutorial_dag.py for tasks to queue
[2024-06-26T13:14:28.715+0000] {logging_mixin.py:137} INFO - [2024-06-26T13:14:28.715+0000] {dagbag.py:538} INFO - Filling up the DagBag from /home/airflow/.local/lib/python3.7/site-packages/airflow/example_dags/tutorial_dag.py
[2024-06-26T13:14:28.723+0000] {processor.py:753} INFO - DAG(s) dict_keys(['tutorial_dag']) retrieved from /home/airflow/.local/lib/python3.7/site-packages/airflow/example_dags/tutorial_dag.py
[2024-06-26T13:14:28.739+0000] {logging_mixin.py:137} INFO - [2024-06-26T13:14:28.739+0000] {dag.py:2690} INFO - Sync 1 DAGs
[2024-06-26T13:14:28.757+0000] {logging_mixin.py:137} INFO - [2024-06-26T13:14:28.757+0000] {dag.py:3441} INFO - Setting next_dagrun for tutorial_dag to None, run_after=None
[2024-06-26T13:14:28.769+0000] {processor.py:175} INFO - Processing /home/airflow/.local/lib/python3.7/site-packages/airflow/example_dags/tutorial_dag.py took 0.057 seconds
[2024-06-26T13:14:59.541+0000] {processor.py:153} INFO - Started process (PID=2053) to work on /home/airflow/.local/lib/python3.7/site-packages/airflow/example_dags/tutorial_dag.py
[2024-06-26T13:14:59.541+0000] {processor.py:743} INFO - Processing file /home/airflow/.local/lib/python3.7/site-packages/airflow/example_dags/tutorial_dag.py for tasks to queue
[2024-06-26T13:14:59.542+0000] {logging_mixin.py:137} INFO - [2024-06-26T13:14:59.542+0000] {dagbag.py:538} INFO - Filling up the DagBag from /home/airflow/.local/lib/python3.7/site-packages/airflow/example_dags/tutorial_dag.py
[2024-06-26T13:14:59.550+0000] {processor.py:753} INFO - DAG(s) dict_keys(['tutorial_dag']) retrieved from /home/airflow/.local/lib/python3.7/site-packages/airflow/example_dags/tutorial_dag.py
[2024-06-26T13:14:59.566+0000] {logging_mixin.py:137} INFO - [2024-06-26T13:14:59.566+0000] {dag.py:2690} INFO - Sync 1 DAGs
[2024-06-26T13:14:59.583+0000] {logging_mixin.py:137} INFO - [2024-06-26T13:14:59.583+0000] {dag.py:3441} INFO - Setting next_dagrun for tutorial_dag to None, run_after=None
[2024-06-26T13:14:59.595+0000] {processor.py:175} INFO - Processing /home/airflow/.local/lib/python3.7/site-packages/airflow/example_dags/tutorial_dag.py took 0.056 seconds
[2024-06-26T13:15:30.511+0000] {processor.py:153} INFO - Started process (PID=2152) to work on /home/airflow/.local/lib/python3.7/site-packages/airflow/example_dags/tutorial_dag.py
[2024-06-26T13:15:30.512+0000] {processor.py:743} INFO - Processing file /home/airflow/.local/lib/python3.7/site-packages/airflow/example_dags/tutorial_dag.py for tasks to queue
[2024-06-26T13:15:30.512+0000] {logging_mixin.py:137} INFO - [2024-06-26T13:15:30.512+0000] {dagbag.py:538} INFO - Filling up the DagBag from /home/airflow/.local/lib/python3.7/site-packages/airflow/example_dags/tutorial_dag.py
[2024-06-26T13:15:30.520+0000] {processor.py:753} INFO - DAG(s) dict_keys(['tutorial_dag']) retrieved from /home/airflow/.local/lib/python3.7/site-packages/airflow/example_dags/tutorial_dag.py
[2024-06-26T13:15:30.536+0000] {logging_mixin.py:137} INFO - [2024-06-26T13:15:30.536+0000] {dag.py:2690} INFO - Sync 1 DAGs
[2024-06-26T13:15:30.553+0000] {logging_mixin.py:137} INFO - [2024-06-26T13:15:30.553+0000] {dag.py:3441} INFO - Setting next_dagrun for tutorial_dag to None, run_after=None
[2024-06-26T13:15:30.566+0000] {processor.py:175} INFO - Processing /home/airflow/.local/lib/python3.7/site-packages/airflow/example_dags/tutorial_dag.py took 0.056 seconds
[2024-06-26T13:16:01.279+0000] {processor.py:153} INFO - Started process (PID=2251) to work on /home/airflow/.local/lib/python3.7/site-packages/airflow/example_dags/tutorial_dag.py
[2024-06-26T13:16:01.280+0000] {processor.py:743} INFO - Processing file /home/airflow/.local/lib/python3.7/site-packages/airflow/example_dags/tutorial_dag.py for tasks to queue
[2024-06-26T13:16:01.280+0000] {logging_mixin.py:137} INFO - [2024-06-26T13:16:01.280+0000] {dagbag.py:538} INFO - Filling up the DagBag from /home/airflow/.local/lib/python3.7/site-packages/airflow/example_dags/tutorial_dag.py
[2024-06-26T13:16:01.289+0000] {processor.py:753} INFO - DAG(s) dict_keys(['tutorial_dag']) retrieved from /home/airflow/.local/lib/python3.7/site-packages/airflow/example_dags/tutorial_dag.py
[2024-06-26T13:16:01.308+0000] {logging_mixin.py:137} INFO - [2024-06-26T13:16:01.307+0000] {dag.py:2690} INFO - Sync 1 DAGs
[2024-06-26T13:16:01.325+0000] {logging_mixin.py:137} INFO - [2024-06-26T13:16:01.325+0000] {dag.py:3441} INFO - Setting next_dagrun for tutorial_dag to None, run_after=None
[2024-06-26T13:16:01.339+0000] {processor.py:175} INFO - Processing /home/airflow/.local/lib/python3.7/site-packages/airflow/example_dags/tutorial_dag.py took 0.062 seconds
[2024-06-26T13:16:32.119+0000] {processor.py:153} INFO - Started process (PID=2330) to work on /home/airflow/.local/lib/python3.7/site-packages/airflow/example_dags/tutorial_dag.py
[2024-06-26T13:16:32.120+0000] {processor.py:743} INFO - Processing file /home/airflow/.local/lib/python3.7/site-packages/airflow/example_dags/tutorial_dag.py for tasks to queue
[2024-06-26T13:16:32.120+0000] {logging_mixin.py:137} INFO - [2024-06-26T13:16:32.120+0000] {dagbag.py:538} INFO - Filling up the DagBag from /home/airflow/.local/lib/python3.7/site-packages/airflow/example_dags/tutorial_dag.py
[2024-06-26T13:16:32.128+0000] {processor.py:753} INFO - DAG(s) dict_keys(['tutorial_dag']) retrieved from /home/airflow/.local/lib/python3.7/site-packages/airflow/example_dags/tutorial_dag.py
[2024-06-26T13:16:32.144+0000] {logging_mixin.py:137} INFO - [2024-06-26T13:16:32.144+0000] {dag.py:2690} INFO - Sync 1 DAGs
[2024-06-26T13:16:32.162+0000] {logging_mixin.py:137} INFO - [2024-06-26T13:16:32.161+0000] {dag.py:3441} INFO - Setting next_dagrun for tutorial_dag to None, run_after=None
[2024-06-26T13:16:32.174+0000] {processor.py:175} INFO - Processing /home/airflow/.local/lib/python3.7/site-packages/airflow/example_dags/tutorial_dag.py took 0.057 seconds
[2024-06-26T13:17:02.893+0000] {processor.py:153} INFO - Started process (PID=2429) to work on /home/airflow/.local/lib/python3.7/site-packages/airflow/example_dags/tutorial_dag.py
[2024-06-26T13:17:02.893+0000] {processor.py:743} INFO - Processing file /home/airflow/.local/lib/python3.7/site-packages/airflow/example_dags/tutorial_dag.py for tasks to queue
[2024-06-26T13:17:02.894+0000] {logging_mixin.py:137} INFO - [2024-06-26T13:17:02.894+0000] {dagbag.py:538} INFO - Filling up the DagBag from /home/airflow/.local/lib/python3.7/site-packages/airflow/example_dags/tutorial_dag.py
[2024-06-26T13:17:02.902+0000] {processor.py:753} INFO - DAG(s) dict_keys(['tutorial_dag']) retrieved from /home/airflow/.local/lib/python3.7/site-packages/airflow/example_dags/tutorial_dag.py
[2024-06-26T13:17:02.919+0000] {logging_mixin.py:137} INFO - [2024-06-26T13:17:02.919+0000] {dag.py:2690} INFO - Sync 1 DAGs
[2024-06-26T13:17:02.937+0000] {logging_mixin.py:137} INFO - [2024-06-26T13:17:02.937+0000] {dag.py:3441} INFO - Setting next_dagrun for tutorial_dag to None, run_after=None
[2024-06-26T13:17:02.950+0000] {processor.py:175} INFO - Processing /home/airflow/.local/lib/python3.7/site-packages/airflow/example_dags/tutorial_dag.py took 0.060 seconds
[2024-06-26T13:17:33.978+0000] {processor.py:153} INFO - Started process (PID=2528) to work on /home/airflow/.local/lib/python3.7/site-packages/airflow/example_dags/tutorial_dag.py
[2024-06-26T13:17:33.979+0000] {processor.py:743} INFO - Processing file /home/airflow/.local/lib/python3.7/site-packages/airflow/example_dags/tutorial_dag.py for tasks to queue
[2024-06-26T13:17:33.979+0000] {logging_mixin.py:137} INFO - [2024-06-26T13:17:33.979+0000] {dagbag.py:538} INFO - Filling up the DagBag from /home/airflow/.local/lib/python3.7/site-packages/airflow/example_dags/tutorial_dag.py
[2024-06-26T13:17:33.988+0000] {processor.py:753} INFO - DAG(s) dict_keys(['tutorial_dag']) retrieved from /home/airflow/.local/lib/python3.7/site-packages/airflow/example_dags/tutorial_dag.py
[2024-06-26T13:17:34.005+0000] {logging_mixin.py:137} INFO - [2024-06-26T13:17:34.005+0000] {dag.py:2690} INFO - Sync 1 DAGs
[2024-06-26T13:17:34.024+0000] {logging_mixin.py:137} INFO - [2024-06-26T13:17:34.024+0000] {dag.py:3441} INFO - Setting next_dagrun for tutorial_dag to None, run_after=None
[2024-06-26T13:17:34.038+0000] {processor.py:175} INFO - Processing /home/airflow/.local/lib/python3.7/site-packages/airflow/example_dags/tutorial_dag.py took 0.062 seconds
[2024-06-26T13:18:04.778+0000] {processor.py:153} INFO - Started process (PID=2607) to work on /home/airflow/.local/lib/python3.7/site-packages/airflow/example_dags/tutorial_dag.py
[2024-06-26T13:18:04.778+0000] {processor.py:743} INFO - Processing file /home/airflow/.local/lib/python3.7/site-packages/airflow/example_dags/tutorial_dag.py for tasks to queue
[2024-06-26T13:18:04.779+0000] {logging_mixin.py:137} INFO - [2024-06-26T13:18:04.779+0000] {dagbag.py:538} INFO - Filling up the DagBag from /home/airflow/.local/lib/python3.7/site-packages/airflow/example_dags/tutorial_dag.py
[2024-06-26T13:18:04.787+0000] {processor.py:753} INFO - DAG(s) dict_keys(['tutorial_dag']) retrieved from /home/airflow/.local/lib/python3.7/site-packages/airflow/example_dags/tutorial_dag.py
[2024-06-26T13:18:04.802+0000] {logging_mixin.py:137} INFO - [2024-06-26T13:18:04.802+0000] {dag.py:2690} INFO - Sync 1 DAGs
[2024-06-26T13:18:04.821+0000] {logging_mixin.py:137} INFO - [2024-06-26T13:18:04.821+0000] {dag.py:3441} INFO - Setting next_dagrun for tutorial_dag to None, run_after=None
[2024-06-26T13:18:04.834+0000] {processor.py:175} INFO - Processing /home/airflow/.local/lib/python3.7/site-packages/airflow/example_dags/tutorial_dag.py took 0.058 seconds
[2024-06-26T13:18:35.639+0000] {processor.py:153} INFO - Started process (PID=2706) to work on /home/airflow/.local/lib/python3.7/site-packages/airflow/example_dags/tutorial_dag.py
[2024-06-26T13:18:35.639+0000] {processor.py:743} INFO - Processing file /home/airflow/.local/lib/python3.7/site-packages/airflow/example_dags/tutorial_dag.py for tasks to queue
[2024-06-26T13:18:35.640+0000] {logging_mixin.py:137} INFO - [2024-06-26T13:18:35.640+0000] {dagbag.py:538} INFO - Filling up the DagBag from /home/airflow/.local/lib/python3.7/site-packages/airflow/example_dags/tutorial_dag.py
[2024-06-26T13:18:35.648+0000] {processor.py:753} INFO - DAG(s) dict_keys(['tutorial_dag']) retrieved from /home/airflow/.local/lib/python3.7/site-packages/airflow/example_dags/tutorial_dag.py
[2024-06-26T13:18:35.664+0000] {logging_mixin.py:137} INFO - [2024-06-26T13:18:35.664+0000] {dag.py:2690} INFO - Sync 1 DAGs
[2024-06-26T13:18:35.681+0000] {logging_mixin.py:137} INFO - [2024-06-26T13:18:35.681+0000] {dag.py:3441} INFO - Setting next_dagrun for tutorial_dag to None, run_after=None
[2024-06-26T13:18:35.695+0000] {processor.py:175} INFO - Processing /home/airflow/.local/lib/python3.7/site-packages/airflow/example_dags/tutorial_dag.py took 0.058 seconds
[2024-06-26T13:19:06.438+0000] {processor.py:153} INFO - Started process (PID=2785) to work on /home/airflow/.local/lib/python3.7/site-packages/airflow/example_dags/tutorial_dag.py
[2024-06-26T13:19:06.439+0000] {processor.py:743} INFO - Processing file /home/airflow/.local/lib/python3.7/site-packages/airflow/example_dags/tutorial_dag.py for tasks to queue
[2024-06-26T13:19:06.439+0000] {logging_mixin.py:137} INFO - [2024-06-26T13:19:06.439+0000] {dagbag.py:538} INFO - Filling up the DagBag from /home/airflow/.local/lib/python3.7/site-packages/airflow/example_dags/tutorial_dag.py
[2024-06-26T13:19:06.447+0000] {processor.py:753} INFO - DAG(s) dict_keys(['tutorial_dag']) retrieved from /home/airflow/.local/lib/python3.7/site-packages/airflow/example_dags/tutorial_dag.py
[2024-06-26T13:19:06.463+0000] {logging_mixin.py:137} INFO - [2024-06-26T13:19:06.463+0000] {dag.py:2690} INFO - Sync 1 DAGs
[2024-06-26T13:19:06.481+0000] {logging_mixin.py:137} INFO - [2024-06-26T13:19:06.481+0000] {dag.py:3441} INFO - Setting next_dagrun for tutorial_dag to None, run_after=None
[2024-06-26T13:19:06.496+0000] {processor.py:175} INFO - Processing /home/airflow/.local/lib/python3.7/site-packages/airflow/example_dags/tutorial_dag.py took 0.060 seconds
[2024-06-26T13:19:37.227+0000] {processor.py:153} INFO - Started process (PID=2884) to work on /home/airflow/.local/lib/python3.7/site-packages/airflow/example_dags/tutorial_dag.py
[2024-06-26T13:19:37.228+0000] {processor.py:743} INFO - Processing file /home/airflow/.local/lib/python3.7/site-packages/airflow/example_dags/tutorial_dag.py for tasks to queue
[2024-06-26T13:19:37.228+0000] {logging_mixin.py:137} INFO - [2024-06-26T13:19:37.228+0000] {dagbag.py:538} INFO - Filling up the DagBag from /home/airflow/.local/lib/python3.7/site-packages/airflow/example_dags/tutorial_dag.py
[2024-06-26T13:19:37.236+0000] {processor.py:753} INFO - DAG(s) dict_keys(['tutorial_dag']) retrieved from /home/airflow/.local/lib/python3.7/site-packages/airflow/example_dags/tutorial_dag.py
[2024-06-26T13:19:37.251+0000] {logging_mixin.py:137} INFO - [2024-06-26T13:19:37.251+0000] {dag.py:2690} INFO - Sync 1 DAGs
[2024-06-26T13:19:37.268+0000] {logging_mixin.py:137} INFO - [2024-06-26T13:19:37.268+0000] {dag.py:3441} INFO - Setting next_dagrun for tutorial_dag to None, run_after=None
[2024-06-26T13:19:37.281+0000] {processor.py:175} INFO - Processing /home/airflow/.local/lib/python3.7/site-packages/airflow/example_dags/tutorial_dag.py took 0.056 seconds
[2024-06-26T13:20:08.043+0000] {processor.py:153} INFO - Started process (PID=2983) to work on /home/airflow/.local/lib/python3.7/site-packages/airflow/example_dags/tutorial_dag.py
[2024-06-26T13:20:08.044+0000] {processor.py:743} INFO - Processing file /home/airflow/.local/lib/python3.7/site-packages/airflow/example_dags/tutorial_dag.py for tasks to queue
[2024-06-26T13:20:08.044+0000] {logging_mixin.py:137} INFO - [2024-06-26T13:20:08.044+0000] {dagbag.py:538} INFO - Filling up the DagBag from /home/airflow/.local/lib/python3.7/site-packages/airflow/example_dags/tutorial_dag.py
[2024-06-26T13:20:08.053+0000] {processor.py:753} INFO - DAG(s) dict_keys(['tutorial_dag']) retrieved from /home/airflow/.local/lib/python3.7/site-packages/airflow/example_dags/tutorial_dag.py
[2024-06-26T13:20:08.071+0000] {logging_mixin.py:137} INFO - [2024-06-26T13:20:08.071+0000] {dag.py:2690} INFO - Sync 1 DAGs
[2024-06-26T13:20:08.093+0000] {logging_mixin.py:137} INFO - [2024-06-26T13:20:08.093+0000] {dag.py:3441} INFO - Setting next_dagrun for tutorial_dag to None, run_after=None
[2024-06-26T13:20:08.106+0000] {processor.py:175} INFO - Processing /home/airflow/.local/lib/python3.7/site-packages/airflow/example_dags/tutorial_dag.py took 0.065 seconds
[2024-06-26T13:20:38.957+0000] {processor.py:153} INFO - Started process (PID=3063) to work on /home/airflow/.local/lib/python3.7/site-packages/airflow/example_dags/tutorial_dag.py
[2024-06-26T13:20:38.958+0000] {processor.py:743} INFO - Processing file /home/airflow/.local/lib/python3.7/site-packages/airflow/example_dags/tutorial_dag.py for tasks to queue
[2024-06-26T13:20:38.958+0000] {logging_mixin.py:137} INFO - [2024-06-26T13:20:38.958+0000] {dagbag.py:538} INFO - Filling up the DagBag from /home/airflow/.local/lib/python3.7/site-packages/airflow/example_dags/tutorial_dag.py
[2024-06-26T13:20:38.966+0000] {processor.py:753} INFO - DAG(s) dict_keys(['tutorial_dag']) retrieved from /home/airflow/.local/lib/python3.7/site-packages/airflow/example_dags/tutorial_dag.py
[2024-06-26T13:20:38.982+0000] {logging_mixin.py:137} INFO - [2024-06-26T13:20:38.982+0000] {dag.py:2690} INFO - Sync 1 DAGs
[2024-06-26T13:20:39.001+0000] {logging_mixin.py:137} INFO - [2024-06-26T13:20:39.001+0000] {dag.py:3441} INFO - Setting next_dagrun for tutorial_dag to None, run_after=None
[2024-06-26T13:20:39.014+0000] {processor.py:175} INFO - Processing /home/airflow/.local/lib/python3.7/site-packages/airflow/example_dags/tutorial_dag.py took 0.058 seconds
[2024-06-26T13:21:09.739+0000] {processor.py:153} INFO - Started process (PID=3162) to work on /home/airflow/.local/lib/python3.7/site-packages/airflow/example_dags/tutorial_dag.py
[2024-06-26T13:21:09.739+0000] {processor.py:743} INFO - Processing file /home/airflow/.local/lib/python3.7/site-packages/airflow/example_dags/tutorial_dag.py for tasks to queue
[2024-06-26T13:21:09.740+0000] {logging_mixin.py:137} INFO - [2024-06-26T13:21:09.739+0000] {dagbag.py:538} INFO - Filling up the DagBag from /home/airflow/.local/lib/python3.7/site-packages/airflow/example_dags/tutorial_dag.py
[2024-06-26T13:21:09.748+0000] {processor.py:753} INFO - DAG(s) dict_keys(['tutorial_dag']) retrieved from /home/airflow/.local/lib/python3.7/site-packages/airflow/example_dags/tutorial_dag.py
[2024-06-26T13:21:09.764+0000] {logging_mixin.py:137} INFO - [2024-06-26T13:21:09.764+0000] {dag.py:2690} INFO - Sync 1 DAGs
[2024-06-26T13:21:09.782+0000] {logging_mixin.py:137} INFO - [2024-06-26T13:21:09.782+0000] {dag.py:3441} INFO - Setting next_dagrun for tutorial_dag to None, run_after=None
[2024-06-26T13:21:09.796+0000] {processor.py:175} INFO - Processing /home/airflow/.local/lib/python3.7/site-packages/airflow/example_dags/tutorial_dag.py took 0.060 seconds
[2024-06-26T13:21:40.663+0000] {processor.py:153} INFO - Started process (PID=3261) to work on /home/airflow/.local/lib/python3.7/site-packages/airflow/example_dags/tutorial_dag.py
[2024-06-26T13:21:40.664+0000] {processor.py:743} INFO - Processing file /home/airflow/.local/lib/python3.7/site-packages/airflow/example_dags/tutorial_dag.py for tasks to queue
[2024-06-26T13:21:40.664+0000] {logging_mixin.py:137} INFO - [2024-06-26T13:21:40.664+0000] {dagbag.py:538} INFO - Filling up the DagBag from /home/airflow/.local/lib/python3.7/site-packages/airflow/example_dags/tutorial_dag.py
[2024-06-26T13:21:40.674+0000] {processor.py:753} INFO - DAG(s) dict_keys(['tutorial_dag']) retrieved from /home/airflow/.local/lib/python3.7/site-packages/airflow/example_dags/tutorial_dag.py
[2024-06-26T13:21:40.693+0000] {logging_mixin.py:137} INFO - [2024-06-26T13:21:40.693+0000] {dag.py:2690} INFO - Sync 1 DAGs
[2024-06-26T13:21:40.711+0000] {logging_mixin.py:137} INFO - [2024-06-26T13:21:40.711+0000] {dag.py:3441} INFO - Setting next_dagrun for tutorial_dag to None, run_after=None
[2024-06-26T13:21:40.725+0000] {processor.py:175} INFO - Processing /home/airflow/.local/lib/python3.7/site-packages/airflow/example_dags/tutorial_dag.py took 0.064 seconds
[2024-06-26T13:22:11.622+0000] {processor.py:153} INFO - Started process (PID=3340) to work on /home/airflow/.local/lib/python3.7/site-packages/airflow/example_dags/tutorial_dag.py
[2024-06-26T13:22:11.622+0000] {processor.py:743} INFO - Processing file /home/airflow/.local/lib/python3.7/site-packages/airflow/example_dags/tutorial_dag.py for tasks to queue
[2024-06-26T13:22:11.622+0000] {logging_mixin.py:137} INFO - [2024-06-26T13:22:11.622+0000] {dagbag.py:538} INFO - Filling up the DagBag from /home/airflow/.local/lib/python3.7/site-packages/airflow/example_dags/tutorial_dag.py
[2024-06-26T13:22:11.631+0000] {processor.py:753} INFO - DAG(s) dict_keys(['tutorial_dag']) retrieved from /home/airflow/.local/lib/python3.7/site-packages/airflow/example_dags/tutorial_dag.py
[2024-06-26T13:22:11.647+0000] {logging_mixin.py:137} INFO - [2024-06-26T13:22:11.647+0000] {dag.py:2690} INFO - Sync 1 DAGs
[2024-06-26T13:22:11.666+0000] {logging_mixin.py:137} INFO - [2024-06-26T13:22:11.666+0000] {dag.py:3441} INFO - Setting next_dagrun for tutorial_dag to None, run_after=None
[2024-06-26T13:22:11.678+0000] {processor.py:175} INFO - Processing /home/airflow/.local/lib/python3.7/site-packages/airflow/example_dags/tutorial_dag.py took 0.059 seconds
[2024-06-26T13:22:42.436+0000] {processor.py:153} INFO - Started process (PID=3439) to work on /home/airflow/.local/lib/python3.7/site-packages/airflow/example_dags/tutorial_dag.py
[2024-06-26T13:22:42.436+0000] {processor.py:743} INFO - Processing file /home/airflow/.local/lib/python3.7/site-packages/airflow/example_dags/tutorial_dag.py for tasks to queue
[2024-06-26T13:22:42.437+0000] {logging_mixin.py:137} INFO - [2024-06-26T13:22:42.437+0000] {dagbag.py:538} INFO - Filling up the DagBag from /home/airflow/.local/lib/python3.7/site-packages/airflow/example_dags/tutorial_dag.py
[2024-06-26T13:22:42.445+0000] {processor.py:753} INFO - DAG(s) dict_keys(['tutorial_dag']) retrieved from /home/airflow/.local/lib/python3.7/site-packages/airflow/example_dags/tutorial_dag.py
[2024-06-26T13:22:42.461+0000] {logging_mixin.py:137} INFO - [2024-06-26T13:22:42.461+0000] {dag.py:2690} INFO - Sync 1 DAGs
[2024-06-26T13:22:42.480+0000] {logging_mixin.py:137} INFO - [2024-06-26T13:22:42.480+0000] {dag.py:3441} INFO - Setting next_dagrun for tutorial_dag to None, run_after=None
[2024-06-26T13:22:42.494+0000] {processor.py:175} INFO - Processing /home/airflow/.local/lib/python3.7/site-packages/airflow/example_dags/tutorial_dag.py took 0.060 seconds
[2024-06-26T13:23:13.245+0000] {processor.py:153} INFO - Started process (PID=3518) to work on /home/airflow/.local/lib/python3.7/site-packages/airflow/example_dags/tutorial_dag.py
[2024-06-26T13:23:13.246+0000] {processor.py:743} INFO - Processing file /home/airflow/.local/lib/python3.7/site-packages/airflow/example_dags/tutorial_dag.py for tasks to queue
[2024-06-26T13:23:13.246+0000] {logging_mixin.py:137} INFO - [2024-06-26T13:23:13.246+0000] {dagbag.py:538} INFO - Filling up the DagBag from /home/airflow/.local/lib/python3.7/site-packages/airflow/example_dags/tutorial_dag.py
[2024-06-26T13:23:13.254+0000] {processor.py:753} INFO - DAG(s) dict_keys(['tutorial_dag']) retrieved from /home/airflow/.local/lib/python3.7/site-packages/airflow/example_dags/tutorial_dag.py
[2024-06-26T13:23:13.270+0000] {logging_mixin.py:137} INFO - [2024-06-26T13:23:13.270+0000] {dag.py:2690} INFO - Sync 1 DAGs
[2024-06-26T13:23:13.293+0000] {logging_mixin.py:137} INFO - [2024-06-26T13:23:13.292+0000] {dag.py:3441} INFO - Setting next_dagrun for tutorial_dag to None, run_after=None
[2024-06-26T13:23:13.308+0000] {processor.py:175} INFO - Processing /home/airflow/.local/lib/python3.7/site-packages/airflow/example_dags/tutorial_dag.py took 0.065 seconds
[2024-06-26T13:23:44.110+0000] {processor.py:153} INFO - Started process (PID=3617) to work on /home/airflow/.local/lib/python3.7/site-packages/airflow/example_dags/tutorial_dag.py
[2024-06-26T13:23:44.110+0000] {processor.py:743} INFO - Processing file /home/airflow/.local/lib/python3.7/site-packages/airflow/example_dags/tutorial_dag.py for tasks to queue
[2024-06-26T13:23:44.111+0000] {logging_mixin.py:137} INFO - [2024-06-26T13:23:44.111+0000] {dagbag.py:538} INFO - Filling up the DagBag from /home/airflow/.local/lib/python3.7/site-packages/airflow/example_dags/tutorial_dag.py
[2024-06-26T13:23:44.119+0000] {processor.py:753} INFO - DAG(s) dict_keys(['tutorial_dag']) retrieved from /home/airflow/.local/lib/python3.7/site-packages/airflow/example_dags/tutorial_dag.py
[2024-06-26T13:23:44.136+0000] {logging_mixin.py:137} INFO - [2024-06-26T13:23:44.136+0000] {dag.py:2690} INFO - Sync 1 DAGs
[2024-06-26T13:23:44.154+0000] {logging_mixin.py:137} INFO - [2024-06-26T13:23:44.154+0000] {dag.py:3441} INFO - Setting next_dagrun for tutorial_dag to None, run_after=None
[2024-06-26T13:23:44.166+0000] {processor.py:175} INFO - Processing /home/airflow/.local/lib/python3.7/site-packages/airflow/example_dags/tutorial_dag.py took 0.058 seconds
[2024-06-26T13:24:15.043+0000] {processor.py:153} INFO - Started process (PID=3716) to work on /home/airflow/.local/lib/python3.7/site-packages/airflow/example_dags/tutorial_dag.py
[2024-06-26T13:24:15.044+0000] {processor.py:743} INFO - Processing file /home/airflow/.local/lib/python3.7/site-packages/airflow/example_dags/tutorial_dag.py for tasks to queue
[2024-06-26T13:24:15.044+0000] {logging_mixin.py:137} INFO - [2024-06-26T13:24:15.044+0000] {dagbag.py:538} INFO - Filling up the DagBag from /home/airflow/.local/lib/python3.7/site-packages/airflow/example_dags/tutorial_dag.py
[2024-06-26T13:24:15.052+0000] {processor.py:753} INFO - DAG(s) dict_keys(['tutorial_dag']) retrieved from /home/airflow/.local/lib/python3.7/site-packages/airflow/example_dags/tutorial_dag.py
[2024-06-26T13:24:15.068+0000] {logging_mixin.py:137} INFO - [2024-06-26T13:24:15.068+0000] {dag.py:2690} INFO - Sync 1 DAGs
[2024-06-26T13:24:15.087+0000] {logging_mixin.py:137} INFO - [2024-06-26T13:24:15.087+0000] {dag.py:3441} INFO - Setting next_dagrun for tutorial_dag to None, run_after=None
[2024-06-26T13:24:15.100+0000] {processor.py:175} INFO - Processing /home/airflow/.local/lib/python3.7/site-packages/airflow/example_dags/tutorial_dag.py took 0.059 seconds
[2024-06-26T13:24:45.798+0000] {processor.py:153} INFO - Started process (PID=3795) to work on /home/airflow/.local/lib/python3.7/site-packages/airflow/example_dags/tutorial_dag.py
[2024-06-26T13:24:45.798+0000] {processor.py:743} INFO - Processing file /home/airflow/.local/lib/python3.7/site-packages/airflow/example_dags/tutorial_dag.py for tasks to queue
[2024-06-26T13:24:45.799+0000] {logging_mixin.py:137} INFO - [2024-06-26T13:24:45.799+0000] {dagbag.py:538} INFO - Filling up the DagBag from /home/airflow/.local/lib/python3.7/site-packages/airflow/example_dags/tutorial_dag.py
[2024-06-26T13:24:45.807+0000] {processor.py:753} INFO - DAG(s) dict_keys(['tutorial_dag']) retrieved from /home/airflow/.local/lib/python3.7/site-packages/airflow/example_dags/tutorial_dag.py
[2024-06-26T13:24:45.823+0000] {logging_mixin.py:137} INFO - [2024-06-26T13:24:45.823+0000] {dag.py:2690} INFO - Sync 1 DAGs
[2024-06-26T13:24:45.843+0000] {logging_mixin.py:137} INFO - [2024-06-26T13:24:45.843+0000] {dag.py:3441} INFO - Setting next_dagrun for tutorial_dag to None, run_after=None
[2024-06-26T13:24:45.856+0000] {processor.py:175} INFO - Processing /home/airflow/.local/lib/python3.7/site-packages/airflow/example_dags/tutorial_dag.py took 0.060 seconds
[2024-06-26T13:25:16.577+0000] {processor.py:153} INFO - Started process (PID=3894) to work on /home/airflow/.local/lib/python3.7/site-packages/airflow/example_dags/tutorial_dag.py
[2024-06-26T13:25:16.578+0000] {processor.py:743} INFO - Processing file /home/airflow/.local/lib/python3.7/site-packages/airflow/example_dags/tutorial_dag.py for tasks to queue
[2024-06-26T13:25:16.578+0000] {logging_mixin.py:137} INFO - [2024-06-26T13:25:16.578+0000] {dagbag.py:538} INFO - Filling up the DagBag from /home/airflow/.local/lib/python3.7/site-packages/airflow/example_dags/tutorial_dag.py
[2024-06-26T13:25:16.587+0000] {processor.py:753} INFO - DAG(s) dict_keys(['tutorial_dag']) retrieved from /home/airflow/.local/lib/python3.7/site-packages/airflow/example_dags/tutorial_dag.py
[2024-06-26T13:25:16.603+0000] {logging_mixin.py:137} INFO - [2024-06-26T13:25:16.603+0000] {dag.py:2690} INFO - Sync 1 DAGs
[2024-06-26T13:25:16.621+0000] {logging_mixin.py:137} INFO - [2024-06-26T13:25:16.621+0000] {dag.py:3441} INFO - Setting next_dagrun for tutorial_dag to None, run_after=None
[2024-06-26T13:25:16.634+0000] {processor.py:175} INFO - Processing /home/airflow/.local/lib/python3.7/site-packages/airflow/example_dags/tutorial_dag.py took 0.058 seconds
[2024-06-26T13:25:47.270+0000] {processor.py:153} INFO - Started process (PID=3982) to work on /home/airflow/.local/lib/python3.7/site-packages/airflow/example_dags/tutorial_dag.py
[2024-06-26T13:25:47.270+0000] {processor.py:743} INFO - Processing file /home/airflow/.local/lib/python3.7/site-packages/airflow/example_dags/tutorial_dag.py for tasks to queue
[2024-06-26T13:25:47.271+0000] {logging_mixin.py:137} INFO - [2024-06-26T13:25:47.271+0000] {dagbag.py:538} INFO - Filling up the DagBag from /home/airflow/.local/lib/python3.7/site-packages/airflow/example_dags/tutorial_dag.py
[2024-06-26T13:25:47.279+0000] {processor.py:753} INFO - DAG(s) dict_keys(['tutorial_dag']) retrieved from /home/airflow/.local/lib/python3.7/site-packages/airflow/example_dags/tutorial_dag.py
[2024-06-26T13:25:47.297+0000] {logging_mixin.py:137} INFO - [2024-06-26T13:25:47.297+0000] {dag.py:2690} INFO - Sync 1 DAGs
[2024-06-26T13:25:47.323+0000] {logging_mixin.py:137} INFO - [2024-06-26T13:25:47.323+0000] {dag.py:3441} INFO - Setting next_dagrun for tutorial_dag to None, run_after=None
[2024-06-26T13:25:47.336+0000] {processor.py:175} INFO - Processing /home/airflow/.local/lib/python3.7/site-packages/airflow/example_dags/tutorial_dag.py took 0.068 seconds
[2024-06-26T13:26:18.273+0000] {processor.py:153} INFO - Started process (PID=4072) to work on /home/airflow/.local/lib/python3.7/site-packages/airflow/example_dags/tutorial_dag.py
[2024-06-26T13:26:18.274+0000] {processor.py:743} INFO - Processing file /home/airflow/.local/lib/python3.7/site-packages/airflow/example_dags/tutorial_dag.py for tasks to queue
[2024-06-26T13:26:18.274+0000] {logging_mixin.py:137} INFO - [2024-06-26T13:26:18.274+0000] {dagbag.py:538} INFO - Filling up the DagBag from /home/airflow/.local/lib/python3.7/site-packages/airflow/example_dags/tutorial_dag.py
[2024-06-26T13:26:18.283+0000] {processor.py:753} INFO - DAG(s) dict_keys(['tutorial_dag']) retrieved from /home/airflow/.local/lib/python3.7/site-packages/airflow/example_dags/tutorial_dag.py
[2024-06-26T13:26:18.300+0000] {logging_mixin.py:137} INFO - [2024-06-26T13:26:18.300+0000] {dag.py:2690} INFO - Sync 1 DAGs
[2024-06-26T13:26:18.321+0000] {logging_mixin.py:137} INFO - [2024-06-26T13:26:18.321+0000] {dag.py:3441} INFO - Setting next_dagrun for tutorial_dag to None, run_after=None
[2024-06-26T13:26:18.336+0000] {processor.py:175} INFO - Processing /home/airflow/.local/lib/python3.7/site-packages/airflow/example_dags/tutorial_dag.py took 0.065 seconds
[2024-06-26T13:26:49.320+0000] {processor.py:153} INFO - Started process (PID=4171) to work on /home/airflow/.local/lib/python3.7/site-packages/airflow/example_dags/tutorial_dag.py
[2024-06-26T13:26:49.321+0000] {processor.py:743} INFO - Processing file /home/airflow/.local/lib/python3.7/site-packages/airflow/example_dags/tutorial_dag.py for tasks to queue
[2024-06-26T13:26:49.321+0000] {logging_mixin.py:137} INFO - [2024-06-26T13:26:49.321+0000] {dagbag.py:538} INFO - Filling up the DagBag from /home/airflow/.local/lib/python3.7/site-packages/airflow/example_dags/tutorial_dag.py
[2024-06-26T13:26:49.331+0000] {processor.py:753} INFO - DAG(s) dict_keys(['tutorial_dag']) retrieved from /home/airflow/.local/lib/python3.7/site-packages/airflow/example_dags/tutorial_dag.py
[2024-06-26T13:26:49.349+0000] {logging_mixin.py:137} INFO - [2024-06-26T13:26:49.349+0000] {dag.py:2690} INFO - Sync 1 DAGs
[2024-06-26T13:26:49.370+0000] {logging_mixin.py:137} INFO - [2024-06-26T13:26:49.370+0000] {dag.py:3441} INFO - Setting next_dagrun for tutorial_dag to None, run_after=None
[2024-06-26T13:26:49.387+0000] {processor.py:175} INFO - Processing /home/airflow/.local/lib/python3.7/site-packages/airflow/example_dags/tutorial_dag.py took 0.069 seconds
[2024-06-26T13:27:19.464+0000] {processor.py:153} INFO - Started process (PID=4250) to work on /home/airflow/.local/lib/python3.7/site-packages/airflow/example_dags/tutorial_dag.py
[2024-06-26T13:27:19.464+0000] {processor.py:743} INFO - Processing file /home/airflow/.local/lib/python3.7/site-packages/airflow/example_dags/tutorial_dag.py for tasks to queue
[2024-06-26T13:27:19.464+0000] {logging_mixin.py:137} INFO - [2024-06-26T13:27:19.464+0000] {dagbag.py:538} INFO - Filling up the DagBag from /home/airflow/.local/lib/python3.7/site-packages/airflow/example_dags/tutorial_dag.py
[2024-06-26T13:27:19.474+0000] {processor.py:753} INFO - DAG(s) dict_keys(['tutorial_dag']) retrieved from /home/airflow/.local/lib/python3.7/site-packages/airflow/example_dags/tutorial_dag.py
[2024-06-26T13:27:19.494+0000] {logging_mixin.py:137} INFO - [2024-06-26T13:27:19.494+0000] {dag.py:2690} INFO - Sync 1 DAGs
[2024-06-26T13:27:19.515+0000] {logging_mixin.py:137} INFO - [2024-06-26T13:27:19.514+0000] {dag.py:3441} INFO - Setting next_dagrun for tutorial_dag to None, run_after=None
[2024-06-26T13:27:19.530+0000] {processor.py:175} INFO - Processing /home/airflow/.local/lib/python3.7/site-packages/airflow/example_dags/tutorial_dag.py took 0.069 seconds
[2024-06-26T13:27:49.611+0000] {processor.py:153} INFO - Started process (PID=4349) to work on /home/airflow/.local/lib/python3.7/site-packages/airflow/example_dags/tutorial_dag.py
[2024-06-26T13:27:49.612+0000] {processor.py:743} INFO - Processing file /home/airflow/.local/lib/python3.7/site-packages/airflow/example_dags/tutorial_dag.py for tasks to queue
[2024-06-26T13:27:49.612+0000] {logging_mixin.py:137} INFO - [2024-06-26T13:27:49.612+0000] {dagbag.py:538} INFO - Filling up the DagBag from /home/airflow/.local/lib/python3.7/site-packages/airflow/example_dags/tutorial_dag.py
[2024-06-26T13:27:49.622+0000] {processor.py:753} INFO - DAG(s) dict_keys(['tutorial_dag']) retrieved from /home/airflow/.local/lib/python3.7/site-packages/airflow/example_dags/tutorial_dag.py
[2024-06-26T13:27:49.641+0000] {logging_mixin.py:137} INFO - [2024-06-26T13:27:49.641+0000] {dag.py:2690} INFO - Sync 1 DAGs
[2024-06-26T13:27:49.661+0000] {logging_mixin.py:137} INFO - [2024-06-26T13:27:49.661+0000] {dag.py:3441} INFO - Setting next_dagrun for tutorial_dag to None, run_after=None
[2024-06-26T13:27:49.679+0000] {processor.py:175} INFO - Processing /home/airflow/.local/lib/python3.7/site-packages/airflow/example_dags/tutorial_dag.py took 0.070 seconds
[2024-06-26T13:28:19.768+0000] {processor.py:153} INFO - Started process (PID=4428) to work on /home/airflow/.local/lib/python3.7/site-packages/airflow/example_dags/tutorial_dag.py
[2024-06-26T13:28:19.769+0000] {processor.py:743} INFO - Processing file /home/airflow/.local/lib/python3.7/site-packages/airflow/example_dags/tutorial_dag.py for tasks to queue
[2024-06-26T13:28:19.769+0000] {logging_mixin.py:137} INFO - [2024-06-26T13:28:19.769+0000] {dagbag.py:538} INFO - Filling up the DagBag from /home/airflow/.local/lib/python3.7/site-packages/airflow/example_dags/tutorial_dag.py
[2024-06-26T13:28:19.779+0000] {processor.py:753} INFO - DAG(s) dict_keys(['tutorial_dag']) retrieved from /home/airflow/.local/lib/python3.7/site-packages/airflow/example_dags/tutorial_dag.py
[2024-06-26T13:28:19.798+0000] {logging_mixin.py:137} INFO - [2024-06-26T13:28:19.798+0000] {dag.py:2690} INFO - Sync 1 DAGs
[2024-06-26T13:28:19.819+0000] {logging_mixin.py:137} INFO - [2024-06-26T13:28:19.819+0000] {dag.py:3441} INFO - Setting next_dagrun for tutorial_dag to None, run_after=None
[2024-06-26T13:28:19.834+0000] {processor.py:175} INFO - Processing /home/airflow/.local/lib/python3.7/site-packages/airflow/example_dags/tutorial_dag.py took 0.068 seconds
[2024-06-26T13:28:49.856+0000] {processor.py:153} INFO - Started process (PID=4526) to work on /home/airflow/.local/lib/python3.7/site-packages/airflow/example_dags/tutorial_dag.py
[2024-06-26T13:28:49.857+0000] {processor.py:743} INFO - Processing file /home/airflow/.local/lib/python3.7/site-packages/airflow/example_dags/tutorial_dag.py for tasks to queue
[2024-06-26T13:28:49.857+0000] {logging_mixin.py:137} INFO - [2024-06-26T13:28:49.857+0000] {dagbag.py:538} INFO - Filling up the DagBag from /home/airflow/.local/lib/python3.7/site-packages/airflow/example_dags/tutorial_dag.py
[2024-06-26T13:28:49.867+0000] {processor.py:753} INFO - DAG(s) dict_keys(['tutorial_dag']) retrieved from /home/airflow/.local/lib/python3.7/site-packages/airflow/example_dags/tutorial_dag.py
[2024-06-26T13:28:49.887+0000] {logging_mixin.py:137} INFO - [2024-06-26T13:28:49.886+0000] {dag.py:2690} INFO - Sync 1 DAGs
[2024-06-26T13:28:49.909+0000] {logging_mixin.py:137} INFO - [2024-06-26T13:28:49.909+0000] {dag.py:3441} INFO - Setting next_dagrun for tutorial_dag to None, run_after=None
[2024-06-26T13:28:49.926+0000] {processor.py:175} INFO - Processing /home/airflow/.local/lib/python3.7/site-packages/airflow/example_dags/tutorial_dag.py took 0.074 seconds
[2024-06-26T13:29:19.943+0000] {processor.py:153} INFO - Started process (PID=4604) to work on /home/airflow/.local/lib/python3.7/site-packages/airflow/example_dags/tutorial_dag.py
[2024-06-26T13:29:19.944+0000] {processor.py:743} INFO - Processing file /home/airflow/.local/lib/python3.7/site-packages/airflow/example_dags/tutorial_dag.py for tasks to queue
[2024-06-26T13:29:19.944+0000] {logging_mixin.py:137} INFO - [2024-06-26T13:29:19.944+0000] {dagbag.py:538} INFO - Filling up the DagBag from /home/airflow/.local/lib/python3.7/site-packages/airflow/example_dags/tutorial_dag.py
[2024-06-26T13:29:19.954+0000] {processor.py:753} INFO - DAG(s) dict_keys(['tutorial_dag']) retrieved from /home/airflow/.local/lib/python3.7/site-packages/airflow/example_dags/tutorial_dag.py
[2024-06-26T13:29:19.972+0000] {logging_mixin.py:137} INFO - [2024-06-26T13:29:19.972+0000] {dag.py:2690} INFO - Sync 1 DAGs
[2024-06-26T13:29:19.993+0000] {logging_mixin.py:137} INFO - [2024-06-26T13:29:19.993+0000] {dag.py:3441} INFO - Setting next_dagrun for tutorial_dag to None, run_after=None
[2024-06-26T13:29:20.009+0000] {processor.py:175} INFO - Processing /home/airflow/.local/lib/python3.7/site-packages/airflow/example_dags/tutorial_dag.py took 0.067 seconds
[2024-06-26T13:29:50.972+0000] {processor.py:153} INFO - Started process (PID=4705) to work on /home/airflow/.local/lib/python3.7/site-packages/airflow/example_dags/tutorial_dag.py
[2024-06-26T13:29:50.972+0000] {processor.py:743} INFO - Processing file /home/airflow/.local/lib/python3.7/site-packages/airflow/example_dags/tutorial_dag.py for tasks to queue
[2024-06-26T13:29:50.973+0000] {logging_mixin.py:137} INFO - [2024-06-26T13:29:50.973+0000] {dagbag.py:538} INFO - Filling up the DagBag from /home/airflow/.local/lib/python3.7/site-packages/airflow/example_dags/tutorial_dag.py
[2024-06-26T13:29:50.981+0000] {processor.py:753} INFO - DAG(s) dict_keys(['tutorial_dag']) retrieved from /home/airflow/.local/lib/python3.7/site-packages/airflow/example_dags/tutorial_dag.py
[2024-06-26T13:29:50.997+0000] {logging_mixin.py:137} INFO - [2024-06-26T13:29:50.997+0000] {dag.py:2690} INFO - Sync 1 DAGs
[2024-06-26T13:29:51.015+0000] {logging_mixin.py:137} INFO - [2024-06-26T13:29:51.014+0000] {dag.py:3441} INFO - Setting next_dagrun for tutorial_dag to None, run_after=None
[2024-06-26T13:29:51.028+0000] {processor.py:175} INFO - Processing /home/airflow/.local/lib/python3.7/site-packages/airflow/example_dags/tutorial_dag.py took 0.058 seconds
[2024-06-26T13:30:21.674+0000] {processor.py:153} INFO - Started process (PID=4784) to work on /home/airflow/.local/lib/python3.7/site-packages/airflow/example_dags/tutorial_dag.py
[2024-06-26T13:30:21.674+0000] {processor.py:743} INFO - Processing file /home/airflow/.local/lib/python3.7/site-packages/airflow/example_dags/tutorial_dag.py for tasks to queue
[2024-06-26T13:30:21.675+0000] {logging_mixin.py:137} INFO - [2024-06-26T13:30:21.675+0000] {dagbag.py:538} INFO - Filling up the DagBag from /home/airflow/.local/lib/python3.7/site-packages/airflow/example_dags/tutorial_dag.py
[2024-06-26T13:30:21.683+0000] {processor.py:753} INFO - DAG(s) dict_keys(['tutorial_dag']) retrieved from /home/airflow/.local/lib/python3.7/site-packages/airflow/example_dags/tutorial_dag.py
[2024-06-26T13:30:21.699+0000] {logging_mixin.py:137} INFO - [2024-06-26T13:30:21.699+0000] {dag.py:2690} INFO - Sync 1 DAGs
[2024-06-26T13:30:21.716+0000] {logging_mixin.py:137} INFO - [2024-06-26T13:30:21.716+0000] {dag.py:3441} INFO - Setting next_dagrun for tutorial_dag to None, run_after=None
[2024-06-26T13:30:21.729+0000] {processor.py:175} INFO - Processing /home/airflow/.local/lib/python3.7/site-packages/airflow/example_dags/tutorial_dag.py took 0.057 seconds
[2024-06-26T13:30:52.634+0000] {processor.py:153} INFO - Started process (PID=4883) to work on /home/airflow/.local/lib/python3.7/site-packages/airflow/example_dags/tutorial_dag.py
[2024-06-26T13:30:52.634+0000] {processor.py:743} INFO - Processing file /home/airflow/.local/lib/python3.7/site-packages/airflow/example_dags/tutorial_dag.py for tasks to queue
[2024-06-26T13:30:52.635+0000] {logging_mixin.py:137} INFO - [2024-06-26T13:30:52.634+0000] {dagbag.py:538} INFO - Filling up the DagBag from /home/airflow/.local/lib/python3.7/site-packages/airflow/example_dags/tutorial_dag.py
[2024-06-26T13:30:52.643+0000] {processor.py:753} INFO - DAG(s) dict_keys(['tutorial_dag']) retrieved from /home/airflow/.local/lib/python3.7/site-packages/airflow/example_dags/tutorial_dag.py
[2024-06-26T13:30:52.659+0000] {logging_mixin.py:137} INFO - [2024-06-26T13:30:52.659+0000] {dag.py:2690} INFO - Sync 1 DAGs
[2024-06-26T13:30:52.676+0000] {logging_mixin.py:137} INFO - [2024-06-26T13:30:52.676+0000] {dag.py:3441} INFO - Setting next_dagrun for tutorial_dag to None, run_after=None
[2024-06-26T13:30:52.689+0000] {processor.py:175} INFO - Processing /home/airflow/.local/lib/python3.7/site-packages/airflow/example_dags/tutorial_dag.py took 0.057 seconds
[2024-06-26T13:31:23.520+0000] {processor.py:153} INFO - Started process (PID=4982) to work on /home/airflow/.local/lib/python3.7/site-packages/airflow/example_dags/tutorial_dag.py
[2024-06-26T13:31:23.520+0000] {processor.py:743} INFO - Processing file /home/airflow/.local/lib/python3.7/site-packages/airflow/example_dags/tutorial_dag.py for tasks to queue
[2024-06-26T13:31:23.521+0000] {logging_mixin.py:137} INFO - [2024-06-26T13:31:23.521+0000] {dagbag.py:538} INFO - Filling up the DagBag from /home/airflow/.local/lib/python3.7/site-packages/airflow/example_dags/tutorial_dag.py
[2024-06-26T13:31:23.530+0000] {processor.py:753} INFO - DAG(s) dict_keys(['tutorial_dag']) retrieved from /home/airflow/.local/lib/python3.7/site-packages/airflow/example_dags/tutorial_dag.py
[2024-06-26T13:31:23.549+0000] {logging_mixin.py:137} INFO - [2024-06-26T13:31:23.549+0000] {dag.py:2690} INFO - Sync 1 DAGs
[2024-06-26T13:31:23.570+0000] {logging_mixin.py:137} INFO - [2024-06-26T13:31:23.570+0000] {dag.py:3441} INFO - Setting next_dagrun for tutorial_dag to None, run_after=None
[2024-06-26T13:31:23.589+0000] {processor.py:175} INFO - Processing /home/airflow/.local/lib/python3.7/site-packages/airflow/example_dags/tutorial_dag.py took 0.071 seconds
[2024-06-26T13:31:53.728+0000] {processor.py:153} INFO - Started process (PID=5060) to work on /home/airflow/.local/lib/python3.7/site-packages/airflow/example_dags/tutorial_dag.py
[2024-06-26T13:31:53.728+0000] {processor.py:743} INFO - Processing file /home/airflow/.local/lib/python3.7/site-packages/airflow/example_dags/tutorial_dag.py for tasks to queue
[2024-06-26T13:31:53.729+0000] {logging_mixin.py:137} INFO - [2024-06-26T13:31:53.728+0000] {dagbag.py:538} INFO - Filling up the DagBag from /home/airflow/.local/lib/python3.7/site-packages/airflow/example_dags/tutorial_dag.py
[2024-06-26T13:31:53.738+0000] {processor.py:753} INFO - DAG(s) dict_keys(['tutorial_dag']) retrieved from /home/airflow/.local/lib/python3.7/site-packages/airflow/example_dags/tutorial_dag.py
[2024-06-26T13:31:53.758+0000] {logging_mixin.py:137} INFO - [2024-06-26T13:31:53.757+0000] {dag.py:2690} INFO - Sync 1 DAGs
[2024-06-26T13:31:53.779+0000] {logging_mixin.py:137} INFO - [2024-06-26T13:31:53.779+0000] {dag.py:3441} INFO - Setting next_dagrun for tutorial_dag to None, run_after=None
[2024-06-26T13:31:53.795+0000] {processor.py:175} INFO - Processing /home/airflow/.local/lib/python3.7/site-packages/airflow/example_dags/tutorial_dag.py took 0.070 seconds
[2024-06-26T13:32:23.844+0000] {processor.py:153} INFO - Started process (PID=5159) to work on /home/airflow/.local/lib/python3.7/site-packages/airflow/example_dags/tutorial_dag.py
[2024-06-26T13:32:23.845+0000] {processor.py:743} INFO - Processing file /home/airflow/.local/lib/python3.7/site-packages/airflow/example_dags/tutorial_dag.py for tasks to queue
[2024-06-26T13:32:23.845+0000] {logging_mixin.py:137} INFO - [2024-06-26T13:32:23.845+0000] {dagbag.py:538} INFO - Filling up the DagBag from /home/airflow/.local/lib/python3.7/site-packages/airflow/example_dags/tutorial_dag.py
[2024-06-26T13:32:23.853+0000] {processor.py:753} INFO - DAG(s) dict_keys(['tutorial_dag']) retrieved from /home/airflow/.local/lib/python3.7/site-packages/airflow/example_dags/tutorial_dag.py
[2024-06-26T13:32:23.870+0000] {logging_mixin.py:137} INFO - [2024-06-26T13:32:23.870+0000] {dag.py:2690} INFO - Sync 1 DAGs
[2024-06-26T13:32:23.889+0000] {logging_mixin.py:137} INFO - [2024-06-26T13:32:23.889+0000] {dag.py:3441} INFO - Setting next_dagrun for tutorial_dag to None, run_after=None
[2024-06-26T13:32:23.903+0000] {processor.py:175} INFO - Processing /home/airflow/.local/lib/python3.7/site-packages/airflow/example_dags/tutorial_dag.py took 0.061 seconds
[2024-06-26T13:32:53.989+0000] {processor.py:153} INFO - Started process (PID=5238) to work on /home/airflow/.local/lib/python3.7/site-packages/airflow/example_dags/tutorial_dag.py
[2024-06-26T13:32:53.989+0000] {processor.py:743} INFO - Processing file /home/airflow/.local/lib/python3.7/site-packages/airflow/example_dags/tutorial_dag.py for tasks to queue
[2024-06-26T13:32:53.990+0000] {logging_mixin.py:137} INFO - [2024-06-26T13:32:53.990+0000] {dagbag.py:538} INFO - Filling up the DagBag from /home/airflow/.local/lib/python3.7/site-packages/airflow/example_dags/tutorial_dag.py
[2024-06-26T13:32:53.998+0000] {processor.py:753} INFO - DAG(s) dict_keys(['tutorial_dag']) retrieved from /home/airflow/.local/lib/python3.7/site-packages/airflow/example_dags/tutorial_dag.py
[2024-06-26T13:32:54.014+0000] {logging_mixin.py:137} INFO - [2024-06-26T13:32:54.014+0000] {dag.py:2690} INFO - Sync 1 DAGs
[2024-06-26T13:32:54.032+0000] {logging_mixin.py:137} INFO - [2024-06-26T13:32:54.032+0000] {dag.py:3441} INFO - Setting next_dagrun for tutorial_dag to None, run_after=None
[2024-06-26T13:32:54.044+0000] {processor.py:175} INFO - Processing /home/airflow/.local/lib/python3.7/site-packages/airflow/example_dags/tutorial_dag.py took 0.058 seconds
[2024-06-26T13:33:24.939+0000] {processor.py:153} INFO - Started process (PID=5337) to work on /home/airflow/.local/lib/python3.7/site-packages/airflow/example_dags/tutorial_dag.py
[2024-06-26T13:33:24.940+0000] {processor.py:743} INFO - Processing file /home/airflow/.local/lib/python3.7/site-packages/airflow/example_dags/tutorial_dag.py for tasks to queue
[2024-06-26T13:33:24.940+0000] {logging_mixin.py:137} INFO - [2024-06-26T13:33:24.940+0000] {dagbag.py:538} INFO - Filling up the DagBag from /home/airflow/.local/lib/python3.7/site-packages/airflow/example_dags/tutorial_dag.py
[2024-06-26T13:33:24.949+0000] {processor.py:753} INFO - DAG(s) dict_keys(['tutorial_dag']) retrieved from /home/airflow/.local/lib/python3.7/site-packages/airflow/example_dags/tutorial_dag.py
[2024-06-26T13:33:24.971+0000] {logging_mixin.py:137} INFO - [2024-06-26T13:33:24.971+0000] {dag.py:2690} INFO - Sync 1 DAGs
[2024-06-26T13:33:24.992+0000] {logging_mixin.py:137} INFO - [2024-06-26T13:33:24.992+0000] {dag.py:3441} INFO - Setting next_dagrun for tutorial_dag to None, run_after=None
[2024-06-26T13:33:25.008+0000] {processor.py:175} INFO - Processing /home/airflow/.local/lib/python3.7/site-packages/airflow/example_dags/tutorial_dag.py took 0.070 seconds
[2024-06-26T13:33:55.097+0000] {processor.py:153} INFO - Started process (PID=5416) to work on /home/airflow/.local/lib/python3.7/site-packages/airflow/example_dags/tutorial_dag.py
[2024-06-26T13:33:55.097+0000] {processor.py:743} INFO - Processing file /home/airflow/.local/lib/python3.7/site-packages/airflow/example_dags/tutorial_dag.py for tasks to queue
[2024-06-26T13:33:55.098+0000] {logging_mixin.py:137} INFO - [2024-06-26T13:33:55.097+0000] {dagbag.py:538} INFO - Filling up the DagBag from /home/airflow/.local/lib/python3.7/site-packages/airflow/example_dags/tutorial_dag.py
[2024-06-26T13:33:55.107+0000] {processor.py:753} INFO - DAG(s) dict_keys(['tutorial_dag']) retrieved from /home/airflow/.local/lib/python3.7/site-packages/airflow/example_dags/tutorial_dag.py
[2024-06-26T13:33:55.127+0000] {logging_mixin.py:137} INFO - [2024-06-26T13:33:55.126+0000] {dag.py:2690} INFO - Sync 1 DAGs
[2024-06-26T13:33:55.150+0000] {logging_mixin.py:137} INFO - [2024-06-26T13:33:55.150+0000] {dag.py:3441} INFO - Setting next_dagrun for tutorial_dag to None, run_after=None
[2024-06-26T13:33:55.165+0000] {processor.py:175} INFO - Processing /home/airflow/.local/lib/python3.7/site-packages/airflow/example_dags/tutorial_dag.py took 0.071 seconds
[2024-06-26T13:34:25.443+0000] {processor.py:153} INFO - Started process (PID=5515) to work on /home/airflow/.local/lib/python3.7/site-packages/airflow/example_dags/tutorial_dag.py
[2024-06-26T13:34:25.444+0000] {processor.py:743} INFO - Processing file /home/airflow/.local/lib/python3.7/site-packages/airflow/example_dags/tutorial_dag.py for tasks to queue
[2024-06-26T13:34:25.444+0000] {logging_mixin.py:137} INFO - [2024-06-26T13:34:25.444+0000] {dagbag.py:538} INFO - Filling up the DagBag from /home/airflow/.local/lib/python3.7/site-packages/airflow/example_dags/tutorial_dag.py
[2024-06-26T13:34:25.455+0000] {processor.py:753} INFO - DAG(s) dict_keys(['tutorial_dag']) retrieved from /home/airflow/.local/lib/python3.7/site-packages/airflow/example_dags/tutorial_dag.py
[2024-06-26T13:34:25.476+0000] {logging_mixin.py:137} INFO - [2024-06-26T13:34:25.476+0000] {dag.py:2690} INFO - Sync 1 DAGs
[2024-06-26T13:34:25.501+0000] {logging_mixin.py:137} INFO - [2024-06-26T13:34:25.501+0000] {dag.py:3441} INFO - Setting next_dagrun for tutorial_dag to None, run_after=None
[2024-06-26T13:34:25.520+0000] {processor.py:175} INFO - Processing /home/airflow/.local/lib/python3.7/site-packages/airflow/example_dags/tutorial_dag.py took 0.079 seconds
[2024-06-26T13:34:55.622+0000] {processor.py:153} INFO - Started process (PID=5594) to work on /home/airflow/.local/lib/python3.7/site-packages/airflow/example_dags/tutorial_dag.py
[2024-06-26T13:34:55.623+0000] {processor.py:743} INFO - Processing file /home/airflow/.local/lib/python3.7/site-packages/airflow/example_dags/tutorial_dag.py for tasks to queue
[2024-06-26T13:34:55.623+0000] {logging_mixin.py:137} INFO - [2024-06-26T13:34:55.623+0000] {dagbag.py:538} INFO - Filling up the DagBag from /home/airflow/.local/lib/python3.7/site-packages/airflow/example_dags/tutorial_dag.py
[2024-06-26T13:34:55.633+0000] {processor.py:753} INFO - DAG(s) dict_keys(['tutorial_dag']) retrieved from /home/airflow/.local/lib/python3.7/site-packages/airflow/example_dags/tutorial_dag.py
[2024-06-26T13:34:55.657+0000] {logging_mixin.py:137} INFO - [2024-06-26T13:34:55.657+0000] {dag.py:2690} INFO - Sync 1 DAGs
[2024-06-26T13:34:55.678+0000] {logging_mixin.py:137} INFO - [2024-06-26T13:34:55.678+0000] {dag.py:3441} INFO - Setting next_dagrun for tutorial_dag to None, run_after=None
[2024-06-26T13:34:55.693+0000] {processor.py:175} INFO - Processing /home/airflow/.local/lib/python3.7/site-packages/airflow/example_dags/tutorial_dag.py took 0.074 seconds
[2024-06-26T13:35:26.680+0000] {processor.py:153} INFO - Started process (PID=5693) to work on /home/airflow/.local/lib/python3.7/site-packages/airflow/example_dags/tutorial_dag.py
[2024-06-26T13:35:26.681+0000] {processor.py:743} INFO - Processing file /home/airflow/.local/lib/python3.7/site-packages/airflow/example_dags/tutorial_dag.py for tasks to queue
[2024-06-26T13:35:26.682+0000] {logging_mixin.py:137} INFO - [2024-06-26T13:35:26.682+0000] {dagbag.py:538} INFO - Filling up the DagBag from /home/airflow/.local/lib/python3.7/site-packages/airflow/example_dags/tutorial_dag.py
[2024-06-26T13:35:26.691+0000] {processor.py:753} INFO - DAG(s) dict_keys(['tutorial_dag']) retrieved from /home/airflow/.local/lib/python3.7/site-packages/airflow/example_dags/tutorial_dag.py
[2024-06-26T13:35:26.708+0000] {logging_mixin.py:137} INFO - [2024-06-26T13:35:26.708+0000] {dag.py:2690} INFO - Sync 1 DAGs
[2024-06-26T13:35:26.727+0000] {logging_mixin.py:137} INFO - [2024-06-26T13:35:26.727+0000] {dag.py:3441} INFO - Setting next_dagrun for tutorial_dag to None, run_after=None
[2024-06-26T13:35:26.741+0000] {processor.py:175} INFO - Processing /home/airflow/.local/lib/python3.7/site-packages/airflow/example_dags/tutorial_dag.py took 0.063 seconds
[2024-06-26T13:35:57.707+0000] {processor.py:153} INFO - Started process (PID=5773) to work on /home/airflow/.local/lib/python3.7/site-packages/airflow/example_dags/tutorial_dag.py
[2024-06-26T13:35:57.707+0000] {processor.py:743} INFO - Processing file /home/airflow/.local/lib/python3.7/site-packages/airflow/example_dags/tutorial_dag.py for tasks to queue
[2024-06-26T13:35:57.708+0000] {logging_mixin.py:137} INFO - [2024-06-26T13:35:57.708+0000] {dagbag.py:538} INFO - Filling up the DagBag from /home/airflow/.local/lib/python3.7/site-packages/airflow/example_dags/tutorial_dag.py
[2024-06-26T13:35:57.716+0000] {processor.py:753} INFO - DAG(s) dict_keys(['tutorial_dag']) retrieved from /home/airflow/.local/lib/python3.7/site-packages/airflow/example_dags/tutorial_dag.py
[2024-06-26T13:35:57.740+0000] {logging_mixin.py:137} INFO - [2024-06-26T13:35:57.740+0000] {dag.py:2690} INFO - Sync 1 DAGs
[2024-06-26T13:35:57.766+0000] {logging_mixin.py:137} INFO - [2024-06-26T13:35:57.766+0000] {dag.py:3441} INFO - Setting next_dagrun for tutorial_dag to None, run_after=None
[2024-06-26T13:35:57.782+0000] {processor.py:175} INFO - Processing /home/airflow/.local/lib/python3.7/site-packages/airflow/example_dags/tutorial_dag.py took 0.077 seconds
[2024-06-26T13:36:28.656+0000] {processor.py:153} INFO - Started process (PID=5872) to work on /home/airflow/.local/lib/python3.7/site-packages/airflow/example_dags/tutorial_dag.py
[2024-06-26T13:36:28.656+0000] {processor.py:743} INFO - Processing file /home/airflow/.local/lib/python3.7/site-packages/airflow/example_dags/tutorial_dag.py for tasks to queue
[2024-06-26T13:36:28.656+0000] {logging_mixin.py:137} INFO - [2024-06-26T13:36:28.656+0000] {dagbag.py:538} INFO - Filling up the DagBag from /home/airflow/.local/lib/python3.7/site-packages/airflow/example_dags/tutorial_dag.py
[2024-06-26T13:36:28.665+0000] {processor.py:753} INFO - DAG(s) dict_keys(['tutorial_dag']) retrieved from /home/airflow/.local/lib/python3.7/site-packages/airflow/example_dags/tutorial_dag.py
[2024-06-26T13:36:28.681+0000] {logging_mixin.py:137} INFO - [2024-06-26T13:36:28.681+0000] {dag.py:2690} INFO - Sync 1 DAGs
[2024-06-26T13:36:28.699+0000] {logging_mixin.py:137} INFO - [2024-06-26T13:36:28.699+0000] {dag.py:3441} INFO - Setting next_dagrun for tutorial_dag to None, run_after=None
[2024-06-26T13:36:28.714+0000] {processor.py:175} INFO - Processing /home/airflow/.local/lib/python3.7/site-packages/airflow/example_dags/tutorial_dag.py took 0.060 seconds
[2024-06-26T13:36:58.810+0000] {processor.py:153} INFO - Started process (PID=5971) to work on /home/airflow/.local/lib/python3.7/site-packages/airflow/example_dags/tutorial_dag.py
[2024-06-26T13:36:58.811+0000] {processor.py:743} INFO - Processing file /home/airflow/.local/lib/python3.7/site-packages/airflow/example_dags/tutorial_dag.py for tasks to queue
[2024-06-26T13:36:58.812+0000] {logging_mixin.py:137} INFO - [2024-06-26T13:36:58.812+0000] {dagbag.py:538} INFO - Filling up the DagBag from /home/airflow/.local/lib/python3.7/site-packages/airflow/example_dags/tutorial_dag.py
[2024-06-26T13:36:58.824+0000] {processor.py:753} INFO - DAG(s) dict_keys(['tutorial_dag']) retrieved from /home/airflow/.local/lib/python3.7/site-packages/airflow/example_dags/tutorial_dag.py
[2024-06-26T13:36:58.846+0000] {logging_mixin.py:137} INFO - [2024-06-26T13:36:58.846+0000] {dag.py:2690} INFO - Sync 1 DAGs
[2024-06-26T13:36:58.867+0000] {logging_mixin.py:137} INFO - [2024-06-26T13:36:58.867+0000] {dag.py:3441} INFO - Setting next_dagrun for tutorial_dag to None, run_after=None
[2024-06-26T13:36:58.885+0000] {processor.py:175} INFO - Processing /home/airflow/.local/lib/python3.7/site-packages/airflow/example_dags/tutorial_dag.py took 0.077 seconds
[2024-06-26T13:37:29.023+0000] {processor.py:153} INFO - Started process (PID=6050) to work on /home/airflow/.local/lib/python3.7/site-packages/airflow/example_dags/tutorial_dag.py
[2024-06-26T13:37:29.024+0000] {processor.py:743} INFO - Processing file /home/airflow/.local/lib/python3.7/site-packages/airflow/example_dags/tutorial_dag.py for tasks to queue
[2024-06-26T13:37:29.025+0000] {logging_mixin.py:137} INFO - [2024-06-26T13:37:29.025+0000] {dagbag.py:538} INFO - Filling up the DagBag from /home/airflow/.local/lib/python3.7/site-packages/airflow/example_dags/tutorial_dag.py
[2024-06-26T13:37:29.035+0000] {processor.py:753} INFO - DAG(s) dict_keys(['tutorial_dag']) retrieved from /home/airflow/.local/lib/python3.7/site-packages/airflow/example_dags/tutorial_dag.py
[2024-06-26T13:37:29.054+0000] {logging_mixin.py:137} INFO - [2024-06-26T13:37:29.053+0000] {dag.py:2690} INFO - Sync 1 DAGs
[2024-06-26T13:37:29.075+0000] {logging_mixin.py:137} INFO - [2024-06-26T13:37:29.075+0000] {dag.py:3441} INFO - Setting next_dagrun for tutorial_dag to None, run_after=None
[2024-06-26T13:37:29.090+0000] {processor.py:175} INFO - Processing /home/airflow/.local/lib/python3.7/site-packages/airflow/example_dags/tutorial_dag.py took 0.068 seconds
[2024-06-26T13:37:59.873+0000] {processor.py:153} INFO - Started process (PID=6149) to work on /home/airflow/.local/lib/python3.7/site-packages/airflow/example_dags/tutorial_dag.py
[2024-06-26T13:37:59.873+0000] {processor.py:743} INFO - Processing file /home/airflow/.local/lib/python3.7/site-packages/airflow/example_dags/tutorial_dag.py for tasks to queue
[2024-06-26T13:37:59.873+0000] {logging_mixin.py:137} INFO - [2024-06-26T13:37:59.873+0000] {dagbag.py:538} INFO - Filling up the DagBag from /home/airflow/.local/lib/python3.7/site-packages/airflow/example_dags/tutorial_dag.py
[2024-06-26T13:37:59.883+0000] {processor.py:753} INFO - DAG(s) dict_keys(['tutorial_dag']) retrieved from /home/airflow/.local/lib/python3.7/site-packages/airflow/example_dags/tutorial_dag.py
[2024-06-26T13:37:59.900+0000] {logging_mixin.py:137} INFO - [2024-06-26T13:37:59.900+0000] {dag.py:2690} INFO - Sync 1 DAGs
[2024-06-26T13:37:59.919+0000] {logging_mixin.py:137} INFO - [2024-06-26T13:37:59.919+0000] {dag.py:3441} INFO - Setting next_dagrun for tutorial_dag to None, run_after=None
[2024-06-26T13:37:59.939+0000] {processor.py:175} INFO - Processing /home/airflow/.local/lib/python3.7/site-packages/airflow/example_dags/tutorial_dag.py took 0.069 seconds
[2024-06-26T13:38:30.762+0000] {processor.py:153} INFO - Started process (PID=6228) to work on /home/airflow/.local/lib/python3.7/site-packages/airflow/example_dags/tutorial_dag.py
[2024-06-26T13:38:30.762+0000] {processor.py:743} INFO - Processing file /home/airflow/.local/lib/python3.7/site-packages/airflow/example_dags/tutorial_dag.py for tasks to queue
[2024-06-26T13:38:30.763+0000] {logging_mixin.py:137} INFO - [2024-06-26T13:38:30.762+0000] {dagbag.py:538} INFO - Filling up the DagBag from /home/airflow/.local/lib/python3.7/site-packages/airflow/example_dags/tutorial_dag.py
[2024-06-26T13:38:30.771+0000] {processor.py:753} INFO - DAG(s) dict_keys(['tutorial_dag']) retrieved from /home/airflow/.local/lib/python3.7/site-packages/airflow/example_dags/tutorial_dag.py
[2024-06-26T13:38:30.787+0000] {logging_mixin.py:137} INFO - [2024-06-26T13:38:30.787+0000] {dag.py:2690} INFO - Sync 1 DAGs
[2024-06-26T13:38:30.811+0000] {logging_mixin.py:137} INFO - [2024-06-26T13:38:30.811+0000] {dag.py:3441} INFO - Setting next_dagrun for tutorial_dag to None, run_after=None
[2024-06-26T13:38:30.830+0000] {processor.py:175} INFO - Processing /home/airflow/.local/lib/python3.7/site-packages/airflow/example_dags/tutorial_dag.py took 0.070 seconds
[2024-06-26T13:39:01.485+0000] {processor.py:153} INFO - Started process (PID=6327) to work on /home/airflow/.local/lib/python3.7/site-packages/airflow/example_dags/tutorial_dag.py
[2024-06-26T13:39:01.486+0000] {processor.py:743} INFO - Processing file /home/airflow/.local/lib/python3.7/site-packages/airflow/example_dags/tutorial_dag.py for tasks to queue
[2024-06-26T13:39:01.486+0000] {logging_mixin.py:137} INFO - [2024-06-26T13:39:01.486+0000] {dagbag.py:538} INFO - Filling up the DagBag from /home/airflow/.local/lib/python3.7/site-packages/airflow/example_dags/tutorial_dag.py
[2024-06-26T13:39:01.495+0000] {processor.py:753} INFO - DAG(s) dict_keys(['tutorial_dag']) retrieved from /home/airflow/.local/lib/python3.7/site-packages/airflow/example_dags/tutorial_dag.py
[2024-06-26T13:39:01.512+0000] {logging_mixin.py:137} INFO - [2024-06-26T13:39:01.512+0000] {dag.py:2690} INFO - Sync 1 DAGs
[2024-06-26T13:39:01.530+0000] {logging_mixin.py:137} INFO - [2024-06-26T13:39:01.530+0000] {dag.py:3441} INFO - Setting next_dagrun for tutorial_dag to None, run_after=None
[2024-06-26T13:39:01.544+0000] {processor.py:175} INFO - Processing /home/airflow/.local/lib/python3.7/site-packages/airflow/example_dags/tutorial_dag.py took 0.060 seconds
[2024-06-26T13:39:32.245+0000] {processor.py:153} INFO - Started process (PID=6406) to work on /home/airflow/.local/lib/python3.7/site-packages/airflow/example_dags/tutorial_dag.py
[2024-06-26T13:39:32.246+0000] {processor.py:743} INFO - Processing file /home/airflow/.local/lib/python3.7/site-packages/airflow/example_dags/tutorial_dag.py for tasks to queue
[2024-06-26T13:39:32.246+0000] {logging_mixin.py:137} INFO - [2024-06-26T13:39:32.246+0000] {dagbag.py:538} INFO - Filling up the DagBag from /home/airflow/.local/lib/python3.7/site-packages/airflow/example_dags/tutorial_dag.py
[2024-06-26T13:39:32.254+0000] {processor.py:753} INFO - DAG(s) dict_keys(['tutorial_dag']) retrieved from /home/airflow/.local/lib/python3.7/site-packages/airflow/example_dags/tutorial_dag.py
[2024-06-26T13:39:32.273+0000] {logging_mixin.py:137} INFO - [2024-06-26T13:39:32.273+0000] {dag.py:2690} INFO - Sync 1 DAGs
[2024-06-26T13:39:32.293+0000] {logging_mixin.py:137} INFO - [2024-06-26T13:39:32.293+0000] {dag.py:3441} INFO - Setting next_dagrun for tutorial_dag to None, run_after=None
[2024-06-26T13:39:32.307+0000] {processor.py:175} INFO - Processing /home/airflow/.local/lib/python3.7/site-packages/airflow/example_dags/tutorial_dag.py took 0.064 seconds
